# of cherry-picks = 75
Cherry-pick diff pair 1 is -> 
{ 6bc7e5be9c0ba3bcce6344f85aa456d79148c4d2 -> e687c9b70e6ca3526ff4c66b49fed3edc7fd6508 } is a cherrypick
{ b837119002a22d81424532e1685908635c201704 -> 5ab149a45f53081f0322838cd0fd6aa656928825 }
Cherrypick commits SHA are -> 
e687c9b70e6ca3526ff4c66b49fed3edc7fd6508 - cherrypick - 5ab149a45f53081f0322838cd0fd6aa656928825
---> The cherrypicked commit sha is - e687c9b70e6ca3526ff4c66b49fed3edc7fd6508
Commit message - Introduce Person constructor before it is used
---> The original commit sha is - 5ab149a45f53081f0322838cd0fd6aa656928825
Commit message - Merge pull request #610 from munen/patch-1

Introduce Person constructor before it is used
-----------------------------------------------------------------

Cherry-pick diff pair 2 is -> 
{ e42c8ae42dc9812c235ac1ed2785053d8b00bfe0 -> d3287de63bc57aee4761169d585363967f0b7fa6 } is a cherrypick
{ 039735f308cd4095082533e218fa06b0dcab82ba -> a980f9c0250d18f3c10008fa872b5e6eedddbc10 }
Cherrypick commits SHA are -> 
d3287de63bc57aee4761169d585363967f0b7fa6 - cherrypick - a980f9c0250d18f3c10008fa872b5e6eedddbc10
---> The cherrypicked commit sha is - d3287de63bc57aee4761169d585363967f0b7fa6
Commit message - Update 02-fundamentals.md
---> The original commit sha is - a980f9c0250d18f3c10008fa872b5e6eedddbc10
Commit message - Merge branch 'gh-pages' of https://github.com/addyosmani/backbone-fundamentals into gh-pages
-----------------------------------------------------------------

Cherry-pick diff pair 3 is -> 
{ 11eb74da1de3aaba26247f0147e2d206944ed5df -> df216a5a984e16aa5c429a4cc08a6306a6cf8427 } is a cherrypick
{ 039735f308cd4095082533e218fa06b0dcab82ba -> a980f9c0250d18f3c10008fa872b5e6eedddbc10 }
Cherrypick commits SHA are -> 
df216a5a984e16aa5c429a4cc08a6306a6cf8427 - cherrypick - a980f9c0250d18f3c10008fa872b5e6eedddbc10
---> The cherrypicked commit sha is - df216a5a984e16aa5c429a4cc08a6306a6cf8427
Commit message - Merge pull request #582 from skaterdav85/patch-1

Update 02-fundamentals.md
---> The original commit sha is - a980f9c0250d18f3c10008fa872b5e6eedddbc10
Commit message - Merge branch 'gh-pages' of https://github.com/addyosmani/backbone-fundamentals into gh-pages
-----------------------------------------------------------------

Cherry-pick diff pair 4 is -> 
{ e42c8ae42dc9812c235ac1ed2785053d8b00bfe0 -> d3287de63bc57aee4761169d585363967f0b7fa6 } is a cherrypick
{ 11eb74da1de3aaba26247f0147e2d206944ed5df -> df216a5a984e16aa5c429a4cc08a6306a6cf8427 }
Cherrypick commits SHA are -> 
d3287de63bc57aee4761169d585363967f0b7fa6 - cherrypick - df216a5a984e16aa5c429a4cc08a6306a6cf8427
---> The cherrypicked commit sha is - d3287de63bc57aee4761169d585363967f0b7fa6
Commit message - Update 02-fundamentals.md
---> The original commit sha is - df216a5a984e16aa5c429a4cc08a6306a6cf8427
Commit message - Merge pull request #582 from skaterdav85/patch-1

Update 02-fundamentals.md
-----------------------------------------------------------------

Cherry-pick diff pair 5 is -> 
{ 3e14c3796b03cd9f4bdee69cf99009f4b5ef3d58 -> b217fdbcb21f813ce13e3355323f709192270cd9 } is a cherrypick
{ 2ae71faac75a729ee919c55d8b5856043b423494 -> 7d7607a97a1fbc49c63be3179e1e3f84e028a0d9 }
Cherrypick commits SHA are -> 
b217fdbcb21f813ce13e3355323f709192270cd9 - cherrypick - 7d7607a97a1fbc49c63be3179e1e3f84e028a0d9
---> The cherrypicked commit sha is - b217fdbcb21f813ce13e3355323f709192270cd9
Commit message - inheritence -> inheritance in Building Model and View Hierarchies
---> The original commit sha is - 7d7607a97a1fbc49c63be3179e1e3f84e028a0d9
Commit message - Merge pull request #543 from joeyyang/patch-common-problems

inheritence -> inheritance in Building Model and View Hierarchies
-----------------------------------------------------------------

Cherry-pick diff pair 6 is -> 
{ cc9883e52a556c767e93b97f6f832659b55178b0 -> 8dc60b77d94e684bccf274bb3ba0af7e1d42899b } is a cherrypick
{ 1364c862230a921a32d703159f10d18e4515a509 -> fb5a571dc4a99a8fbfd17a0b5c5d8f10e83dd849 }
Cherrypick commits SHA are -> 
8dc60b77d94e684bccf274bb3ba0af7e1d42899b - cherrypick - fb5a571dc4a99a8fbfd17a0b5c5d8f10e83dd849
---> The cherrypicked commit sha is - 8dc60b77d94e684bccf274bb3ba0af7e1d42899b
Commit message - Use lower case first naming convention for objects

Since `todo` and `todos` are an instantiated model and collection they should be written in lcfirst, not ucfirst. Looked too confusing anyway. ;)
---> The original commit sha is - fb5a571dc4a99a8fbfd17a0b5c5d8f10e83dd849
Commit message - Merge pull request #483 from J-Hannes/patch-1

Use lower case first naming convention for objects
-----------------------------------------------------------------

Cherry-pick diff pair 7 is -> 
{ 0dc66b02536f1a40e7c4afd265c0c6d732089288 -> 43c1e4241723b32691966ccb56efde4d246d891e } is a cherrypick
{ c27aad716d4f378ea5342477ea93ee9a486120dc -> 1364c862230a921a32d703159f10d18e4515a509 }
Cherrypick commits SHA are -> 
43c1e4241723b32691966ccb56efde4d246d891e - cherrypick - 1364c862230a921a32d703159f10d18e4515a509
---> The cherrypicked commit sha is - 43c1e4241723b32691966ccb56efde4d246d891e
Commit message - reordered logs to match code sample
---> The original commit sha is - 1364c862230a921a32d703159f10d18e4515a509
Commit message - Merge pull request #530 from stankud/gh-pages

reordered logs to match code sample
-----------------------------------------------------------------

Cherry-pick diff pair 8 is -> 
{ 1b97b8647fbc75d384fb455e4bd0b5b5c4e76d90 -> 9123dcee5b69c143ae1d88949492a327384197cd } is a cherrypick
{ fe72b41787309529456299a5a7438fa8df7ea62c -> abcdf43d20915358dca52847f4bc0c1ef23a7e93 }
Cherrypick commits SHA are -> 
9123dcee5b69c143ae1d88949492a327384197cd - cherrypick - abcdf43d20915358dca52847f4bc0c1ef23a7e93
---> The cherrypicked commit sha is - 9123dcee5b69c143ae1d88949492a327384197cd
Commit message - Updated code to reflect Derick Bailey's repo

Updated code to match that found at Derick's repo:

https://github.com/derickbailey/todomvc/tree/marionette/labs/architecture-examples/backbone_marionette
---> The original commit sha is - abcdf43d20915358dca52847f4bc0c1ef23a7e93
Commit message - Merge pull request #523 from fluxusfrequency/patch-1

Updated code to reflect Derick Bailey's repo
-----------------------------------------------------------------

Cherry-pick diff pair 9 is -> 
{ 505dcdd12667993e01b3da9ac7e47ac152e742c3 -> aefeac0f5d9bcd23c981fe746fb6a5ef11ee12f8 } is a cherrypick
{ f6487478b9cd09f33a6e19841ceb0badff1b183a -> 1237bc22506aa71d067b3dd86d5de65ff356fee7 }
Cherrypick commits SHA are -> 
aefeac0f5d9bcd23c981fe746fb6a5ef11ee12f8 - cherrypick - 1237bc22506aa71d067b3dd86d5de65ff356fee7
---> The cherrypicked commit sha is - aefeac0f5d9bcd23c981fe746fb6a5ef11ee12f8
Commit message - Changed first view in memory management example to use on rather than listenTo to make it consistent with discussion text.
---> The original commit sha is - 1237bc22506aa71d067b3dd86d5de65ff356fee7
Commit message - Merge pull request #506 from SummitPatel/gh-pages

Function call changed before introduced in example.
-----------------------------------------------------------------

Cherry-pick diff pair 10 is -> 
{ d6e4e637576a55771e0122cdb7f49a394bf5f78b -> 2bcaf13e23d270e887b14afdf1ec265654bb2b84 } is a cherrypick
{ f6487478b9cd09f33a6e19841ceb0badff1b183a -> 1237bc22506aa71d067b3dd86d5de65ff356fee7 }
Cherrypick commits SHA are -> 
2bcaf13e23d270e887b14afdf1ec265654bb2b84 - cherrypick - 1237bc22506aa71d067b3dd86d5de65ff356fee7
---> The cherrypicked commit sha is - 2bcaf13e23d270e887b14afdf1ec265654bb2b84
Commit message - Merge pull request #452 from awgreenblatt/gh-pages

Fix for #447.  Minor typo in Marionette example.
---> The original commit sha is - 1237bc22506aa71d067b3dd86d5de65ff356fee7
Commit message - Merge pull request #506 from SummitPatel/gh-pages

Function call changed before introduced in example.
-----------------------------------------------------------------

Cherry-pick diff pair 11 is -> 
{ 9c8b01588e4f0323ce0fe3d7b6cc040629abc279 -> f762d91010161e5f5d2cc44ce4179dec79e61b39 } is a cherrypick
{ 14c837b24d127831470d3e2fc67094048dfd7263 -> f6487478b9cd09f33a6e19841ceb0badff1b183a }
Cherrypick commits SHA are -> 
f762d91010161e5f5d2cc44ce4179dec79e61b39 - cherrypick - f6487478b9cd09f33a6e19841ceb0badff1b183a
---> The cherrypicked commit sha is - f762d91010161e5f5d2cc44ce4179dec79e61b39
Commit message - Remove usage of DOM.html( view.el ) as it's not recommended usage

The correct usage is to be view.setElement( DOMselector ).  Use case: If
a view has event listeners, upon the first DOM.html, event handlers are
setup correctly. Upon subsequent DOM.html calls, the event handlers are
not mapped, as jQuery's html method calls reset, which removes all event
handlers. Using the setElement ensures event handlers are set correctly.

For a demonstration, see http://jsfiddle.net/XNskF/
---> The original commit sha is - f6487478b9cd09f33a6e19841ceb0badff1b183a
Commit message - Merge pull request #507 from mikesir87/gh-pages

Remove usage of DOM.html( view.el ) as it's not recommended usage
-----------------------------------------------------------------

Cherry-pick diff pair 12 is -> 
{ 7c54946020bf379776c0f816b8d689e161b3cafc -> 3e3a0441e86da9f66276976d98cf4bffdf2e0693 } is a cherrypick
{ dadb626d2395139147dba918b9f5860114ebde3c -> a67dd463b46669df7b22c48635cb270fde759f33 }
Cherrypick commits SHA are -> 
3e3a0441e86da9f66276976d98cf4bffdf2e0693 - cherrypick - a67dd463b46669df7b22c48635cb270fde759f33
---> The cherrypicked commit sha is - 3e3a0441e86da9f66276976d98cf4bffdf2e0693
Commit message - typo in line 160 ("TodoView.render();" should be "todoView.render();"
---> The original commit sha is - a67dd463b46669df7b22c48635cb270fde759f33
Commit message - Merge pull request #490 from kaidez/patch-1

typo in line 160 ("TodoView.render();" should be "todoView.render();"
-----------------------------------------------------------------

Cherry-pick diff pair 13 is -> 
{ 565c37e4a9f99633d261bb96aee9e47fccc2f546 -> 2ea0302c05c507d32ffe528fa7f8e47b6de0e632 } is a cherrypick
{ a5524ff7f4c5bf7bbf60d0b37b9fbf85cd8643a3 -> ef440c065a946516e036522c0b1b512287a5cba7 }
Cherrypick commits SHA are -> 
2ea0302c05c507d32ffe528fa7f8e47b6de0e632 - cherrypick - ef440c065a946516e036522c0b1b512287a5cba7
---> The cherrypicked commit sha is - 2ea0302c05c507d32ffe528fa7f8e47b6de0e632
Commit message - defined Beatle job attribute inside defaults object
---> The original commit sha is - ef440c065a946516e036522c0b1b512287a5cba7
Commit message - Merge pull request #481 from encryptedcommerce/gh-pages

defined Beatle job attribute inside defaults object
-----------------------------------------------------------------

Cherry-pick diff pair 14 is -> 
{ 151206a2ae8d7d7548e2f7ca9ae5a6383dffa577 -> d9aa42bca22b2279514dc9ebc38805cf6a0f6581 } is a cherrypick
{ 2bcaf13e23d270e887b14afdf1ec265654bb2b84 -> edea1845e788dafcfce8a32bd810f4ad1f834edb }
Cherrypick commits SHA are -> 
d9aa42bca22b2279514dc9ebc38805cf6a0f6581 - cherrypick - edea1845e788dafcfce8a32bd810f4ad1f834edb
---> The cherrypicked commit sha is - d9aa42bca22b2279514dc9ebc38805cf6a0f6581
Commit message - typo fix
---> The original commit sha is - edea1845e788dafcfce8a32bd810f4ad1f834edb
Commit message - Merge pull request #449 from benkeen/gh-pages

Typo correction
-----------------------------------------------------------------

Cherry-pick diff pair 15 is -> 
{ 505dcdd12667993e01b3da9ac7e47ac152e742c3 -> aefeac0f5d9bcd23c981fe746fb6a5ef11ee12f8 } is a cherrypick
{ d6e4e637576a55771e0122cdb7f49a394bf5f78b -> 2bcaf13e23d270e887b14afdf1ec265654bb2b84 }
Cherrypick commits SHA are -> 
aefeac0f5d9bcd23c981fe746fb6a5ef11ee12f8 - cherrypick - 2bcaf13e23d270e887b14afdf1ec265654bb2b84
---> The cherrypicked commit sha is - aefeac0f5d9bcd23c981fe746fb6a5ef11ee12f8
Commit message - Changed first view in memory management example to use on rather than listenTo to make it consistent with discussion text.
---> The original commit sha is - 2bcaf13e23d270e887b14afdf1ec265654bb2b84
Commit message - Merge pull request #452 from awgreenblatt/gh-pages

Fix for #447.  Minor typo in Marionette example.
-----------------------------------------------------------------

Cherry-pick diff pair 16 is -> 
{ 7818704c38682edea5f3d2382d8d30a27b6bb845 -> 26d1b91a7f8fede4b55fb12a6a50313aa703ad82 } is a cherrypick
{ 3ce1facc4a10ec44b5e60dec8ae56c3ab0299f3d -> 151206a2ae8d7d7548e2f7ca9ae5a6383dffa577 }
Cherrypick commits SHA are -> 
26d1b91a7f8fede4b55fb12a6a50313aa703ad82 - cherrypick - 151206a2ae8d7d7548e2f7ca9ae5a6383dffa577
---> The cherrypicked commit sha is - 26d1b91a7f8fede4b55fb12a6a50313aa703ad82
Commit message - Added etoolbox installation into README
---> The original commit sha is - 151206a2ae8d7d7548e2f7ca9ae5a6383dffa577
Commit message - Merge pull request #419 from ekalinin/patch-1

[pdf creation fix] Added etoolbox installation into README
-----------------------------------------------------------------

Cherry-pick diff pair 17 is -> 
{ 6af80a0f171f1fa82930b0283cf87c5485377628 -> e9ee29519a78eb9168001efde64e14f9c30a0c79 } is a cherrypick
{ 8617d9d47dd2f1434eacc4521523b5254982e6bc -> d2feddcd1a022f003e6d948597b0be09def507cb }
Cherrypick commits SHA are -> 
e9ee29519a78eb9168001efde64e14f9c30a0c79 - cherrypick - d2feddcd1a022f003e6d948597b0be09def507cb
---> The cherrypicked commit sha is - e9ee29519a78eb9168001efde64e14f9c30a0c79
Commit message - Fixed Marionette's class name. 'Marionette is not defined'.
---> The original commit sha is - d2feddcd1a022f003e6d948597b0be09def507cb
Commit message - Merge pull request #431 from ipalaus/typo-marionette

Fixed Marionette's class name in TodoMVC example
-----------------------------------------------------------------

Cherry-pick diff pair 18 is -> 
{ 1915460f57e5b9568b2a4cce1937f5d91fa1f7f0 -> 7fd51d3278a44ef8f1ffae1adb2380005b741b7f } is a cherrypick
{ 9af9d9b27a4488efc05474ab51e3a8e6e6632865 -> 8617d9d47dd2f1434eacc4521523b5254982e6bc }
Cherrypick commits SHA are -> 
7fd51d3278a44ef8f1ffae1adb2380005b741b7f - cherrypick - 8617d9d47dd2f1434eacc4521523b5254982e6bc
---> The cherrypicked commit sha is - 7fd51d3278a44ef8f1ffae1adb2380005b741b7f
Commit message - Typo in Introduction

Corrected use of "it's" to "its": "its source code".
---> The original commit sha is - 8617d9d47dd2f1434eacc4521523b5254982e6bc
Commit message - Merge pull request #433 from yakubori/gh-pages

Simple typo correction in the Introduction
-----------------------------------------------------------------

Cherry-pick diff pair 19 is -> 
{ 936754b50d2ce774e8419221cf9c8e329fe5516f -> 2ede70982e15e9634a79fc78511653ff66db792c } is a cherrypick
{ ab2bcdb25c5391844bc7e6a34b1c89b5d6a19b74 -> 6af80a0f171f1fa82930b0283cf87c5485377628 }
Cherrypick commits SHA are -> 
2ede70982e15e9634a79fc78511653ff66db792c - cherrypick - 6af80a0f171f1fa82930b0283cf87c5485377628
---> The cherrypicked commit sha is - 2ede70982e15e9634a79fc78511653ff66db792c
Commit message - Merge pull request #429 from himanshusingh/gh-pages

Minor fixes in the code
---> The original commit sha is - 6af80a0f171f1fa82930b0283cf87c5485377628
Commit message - Merge pull request #430 from KevinTCoughlin/gh-pages

Fixed Sample Code: Parenthesis on Ch 14 and "Store" variable name Ch 12 and Ch 14
-----------------------------------------------------------------

Cherry-pick diff pair 20 is -> 
{ 460ef10c010bfeae704fa4713df8fa85e86080c7 -> 5769a29c56c84ccbab25b989b27e015dcdb0dbde } is a cherrypick
{ c7397cd12be069968edbec8f10d9000c54239824 -> afc7c089be483030bbb4fd8df76549fcc8854d38 }
Cherrypick commits SHA are -> 
5769a29c56c84ccbab25b989b27e015dcdb0dbde - cherrypick - afc7c089be483030bbb4fd8df76549fcc8854d38
---> The cherrypicked commit sha is - 5769a29c56c84ccbab25b989b27e015dcdb0dbde
Commit message - Corrected a handful of typographic issues.

Line 5: In this context, "set up" is two words.
Line 30: "our browser of choice" changed to "your browser of choice"
Line 32: "it's" changed to "its"
Line 173: Second period added to "e.g"
Line 211: Corrected comma splice
Line 338: Period added at end of sentence
Line 379: "straightforward" is one word; colon added at end of line.
---> The original commit sha is - afc7c089be483030bbb4fd8df76549fcc8854d38
Commit message - Merge pull request #424 from tedjaniszewski/patch-1

Corrected a handful of typographic issues.
-----------------------------------------------------------------

Cherry-pick diff pair 21 is -> 
{ a8eecce13a946970660a2ad5831dfd3de2c8d276 -> 3a4cb011cb732355af644ef5970c86bac887013b } is a cherrypick
{ 2dcb517e9f03901ad1f9726a68012ccdd44dc386 -> 1e8a7e1f0c31bcbd1e254663458a76112f065a8c }
Cherrypick commits SHA are -> 
3a4cb011cb732355af644ef5970c86bac887013b - cherrypick - 1e8a7e1f0c31bcbd1e254663458a76112f065a8c
---> The cherrypicked commit sha is - 3a4cb011cb732355af644ef5970c86bac887013b
Commit message - Removed jQuery selector from view's el

Similar fix to #191
---> The original commit sha is - 1e8a7e1f0c31bcbd1e254663458a76112f065a8c
Commit message - Merge pull request #400 from oshbec/patch-1

Removed jQuery selector from view's el
-----------------------------------------------------------------

Cherry-pick diff pair 22 is -> 
{ 92cbd3d46e7079dacf03891ae447a1c1af9d41a7 -> 2c0ff2ab053281fd5ae81ceb537bfaeb74d1129c } is a cherrypick
{ 8a25fdda19a4317f3c442061a9cbdd9aa0b2da4f -> be68f2295b06a9500d345aab3aef2adb765d36b3 }
Cherrypick commits SHA are -> 
2c0ff2ab053281fd5ae81ceb537bfaeb74d1129c - cherrypick - be68f2295b06a9500d345aab3aef2adb765d36b3
---> The cherrypicked commit sha is - 2c0ff2ab053281fd5ae81ceb537bfaeb74d1129c
Commit message - Merge pull request #393 from jackfranklin/gh-pages

RequireJS Section Tweaking
---> The original commit sha is - be68f2295b06a9500d345aab3aef2adb765d36b3
Commit message - Merge branch 'gh-pages' of http://github.com/addyosmani/backbone-fundamentals into gh-pages

* 'gh-pages' of http://github.com/addyosmani/backbone-fundamentals:
  Add note about js extensions in R.js build config
-----------------------------------------------------------------

Cherry-pick diff pair 23 is -> 
{ 6a9ca4f491e4e4c9d80242cb3fb3d6c86d3139df -> 9c7912b437802e46b6669656590e7496e0be7171 } is a cherrypick
{ c51cf5bf03723f3af580dbe35a041d3cc832efac -> 8d690d04848d87083e639b11c4150505f743244d }
Cherrypick commits SHA are -> 
9c7912b437802e46b6669656590e7496e0be7171 - cherrypick - 8d690d04848d87083e639b11c4150505f743244d
---> The cherrypicked commit sha is - 9c7912b437802e46b6669656590e7496e0be7171
Commit message - Minor corrections
---> The original commit sha is - 8d690d04848d87083e639b11c4150505f743244d
Commit message - Merge pull request #376 from tkalfigo/firstExample

Minor corrections
-----------------------------------------------------------------

Cherry-pick diff pair 24 is -> 
{ cd045a2c3f7b3291226f0bb9d7b414fb4bd9dd04 -> 110abbf053547cbd2ba3f7c3d7da8943bb936d87 } is a cherrypick
{ 8bf3aa590fdf36b009365e333b1e586413b45b8f -> 9f0f4164032fedcce518810e4646e9916101abb9 }
Cherrypick commits SHA are -> 
110abbf053547cbd2ba3f7c3d7da8943bb936d87 - cherrypick - 9f0f4164032fedcce518810e4646e9916101abb9
---> The cherrypicked commit sha is - 110abbf053547cbd2ba3f7c3d7da8943bb936d87
Commit message - Misc comment fix
---> The original commit sha is - 9f0f4164032fedcce518810e4646e9916101abb9
Commit message - Merge pull request #345 from Florent2/gh-pages

Misc code comment fix
-----------------------------------------------------------------

Cherry-pick diff pair 25 is -> 
{ 5d491944269875036d1dbd71c1e84bee716e6391 -> f0c3c812edf190215311a796bb91caeda9de42c2 } is a cherrypick
{ bb3c9a6619a01566226d005a34a095e0edb42ed4 -> a5baca975d20f8cb13cee6caf7029170e1311444 }
Cherrypick commits SHA are -> 
f0c3c812edf190215311a796bb91caeda9de42c2 - cherrypick - a5baca975d20f8cb13cee6caf7029170e1311444
---> The cherrypicked commit sha is - f0c3c812edf190215311a796bb91caeda9de42c2
Commit message - Minor changes to chapter 4
---> The original commit sha is - a5baca975d20f8cb13cee6caf7029170e1311444
Commit message - Merge pull request #332 from wibblymat/chapter-4-nits

Minor changes to chapter 4
-----------------------------------------------------------------

Cherry-pick diff pair 26 is -> 
{ 93b7d45779a23caab2803be5d78ca1f2c9b54575 -> 6eebadda22a3bebdf4c1b7c4c55e8325c0e1ad0b } is a cherrypick
{ 94849eacbdc9b321332221ede59aa71e21871371 -> 1095aa2bf74c74a3e3dc7f0c10db389889b31a45 }
Cherrypick commits SHA are -> 
6eebadda22a3bebdf4c1b7c4c55e8325c0e1ad0b - cherrypick - 1095aa2bf74c74a3e3dc7f0c10db389889b31a45
---> The cherrypicked commit sha is - 6eebadda22a3bebdf4c1b7c4c55e8325c0e1ad0b
Commit message - Proposed updates to Chapter 3: Internals

Changes:

- Renamed chapter to Backbone Basics. 'Internals' to me conveyed implementation
  details and sounded intimidating. Something along the lines of 'Basics',
  'Essentials', or 'Core Backbone' sounds like I'm going to learn what I
  need to know in order to use Backbone.

- Added comments in some of the examples showing what the console output would be.

- In some examples, changed logging to use JSON.stringify; otherwise, whole
  object was logged

- Added discussion of invalid event to Validation section. Also added how
  validate is automatically called on save and on set when validate option is true.
  Added validate flag setting in validation example.

- Reworded note about the attributes object passed to validate.

- In 'el' discussion, noted ability to set el when creating view. Also added discussion
  on $el and $().

- Added HTML for example view to the render discussion. Changed checkbox element in
  template to conditionally set checked attribute as is done in the Todo Practical.
  Made same change in chapter 2.

- Removed use of localStorage in Collection examples. Removed create() from initial
  Collection examples so examples work without having a backing store (and without
  introducing the concept at this point). Create() is introduced in the new RESTful
  Persistence section noted below.

- Moved the Backbone.sync portion of the discussion under Fetching models from the
  server to the Backbone.sync discussion later in the chapter.

- Expanded Fetching models from the server section into a new RESTful Persistence
  section which also includes Saving models to the server and Deleting models from
  the server. I think Backbone's persistence support and its ease of integration
  with RESTful servers (I'm using it with Java/Spring MVC) is a key differentiator
  between Backbone and other MV* frameworks. Please check for accuracy!

- Expanded the Chainable API discussion. I've used chained APIs in Java, but had
  a hard time understanding what was going on in this example until I looked at
  the Underscore documentation and code. Please check my new explanation for
  accuracy!

- General wordsmithing

Recommendations:

- Move Conflict Management to another section (e.g., common problems or appendix)
- Move Inheritance and Mixins to another section
- Keep Dependencies initial section (perhaps state elsewhere), move subsections
  (DOM Manipulation, Utilities, RESTFul Persistence, Routing) to appendix or other
  section focused on Backbone internals

Other comments:

- Object literal example is unclear; it contains two 'var myApplication' declarations
  and most of its content in a comment. As a result, what is being recommended is unclear.
---> The original commit sha is - 1095aa2bf74c74a3e3dc7f0c10db389889b31a45
Commit message - Merge remote-tracking branch 'upstream/gh-pages' into gh-pages
-----------------------------------------------------------------

Cherry-pick diff pair 27 is -> 
{ e50c0dbf5fea7652efc1c09aecc781405232ff63 -> a02567babe94f44f91e5c6b20cd37fe8ba3de62d } is a cherrypick
{ 94849eacbdc9b321332221ede59aa71e21871371 -> 1095aa2bf74c74a3e3dc7f0c10db389889b31a45 }
Cherrypick commits SHA are -> 
a02567babe94f44f91e5c6b20cd37fe8ba3de62d - cherrypick - 1095aa2bf74c74a3e3dc7f0c10db389889b31a45
---> The cherrypicked commit sha is - a02567babe94f44f91e5c6b20cd37fe8ba3de62d
Commit message - Merge remote-tracking branch 'upstream/gh-pages' into gh-pages
---> The original commit sha is - 1095aa2bf74c74a3e3dc7f0c10db389889b31a45
Commit message - Merge remote-tracking branch 'upstream/gh-pages' into gh-pages
-----------------------------------------------------------------

Cherry-pick diff pair 28 is -> 
{ 93b7d45779a23caab2803be5d78ca1f2c9b54575 -> 6eebadda22a3bebdf4c1b7c4c55e8325c0e1ad0b } is a cherrypick
{ e50c0dbf5fea7652efc1c09aecc781405232ff63 -> a02567babe94f44f91e5c6b20cd37fe8ba3de62d }
Cherrypick commits SHA are -> 
6eebadda22a3bebdf4c1b7c4c55e8325c0e1ad0b - cherrypick - a02567babe94f44f91e5c6b20cd37fe8ba3de62d
---> The cherrypicked commit sha is - 6eebadda22a3bebdf4c1b7c4c55e8325c0e1ad0b
Commit message - Proposed updates to Chapter 3: Internals

Changes:

- Renamed chapter to Backbone Basics. 'Internals' to me conveyed implementation
  details and sounded intimidating. Something along the lines of 'Basics',
  'Essentials', or 'Core Backbone' sounds like I'm going to learn what I
  need to know in order to use Backbone.

- Added comments in some of the examples showing what the console output would be.

- In some examples, changed logging to use JSON.stringify; otherwise, whole
  object was logged

- Added discussion of invalid event to Validation section. Also added how
  validate is automatically called on save and on set when validate option is true.
  Added validate flag setting in validation example.

- Reworded note about the attributes object passed to validate.

- In 'el' discussion, noted ability to set el when creating view. Also added discussion
  on $el and $().

- Added HTML for example view to the render discussion. Changed checkbox element in
  template to conditionally set checked attribute as is done in the Todo Practical.
  Made same change in chapter 2.

- Removed use of localStorage in Collection examples. Removed create() from initial
  Collection examples so examples work without having a backing store (and without
  introducing the concept at this point). Create() is introduced in the new RESTful
  Persistence section noted below.

- Moved the Backbone.sync portion of the discussion under Fetching models from the
  server to the Backbone.sync discussion later in the chapter.

- Expanded Fetching models from the server section into a new RESTful Persistence
  section which also includes Saving models to the server and Deleting models from
  the server. I think Backbone's persistence support and its ease of integration
  with RESTful servers (I'm using it with Java/Spring MVC) is a key differentiator
  between Backbone and other MV* frameworks. Please check for accuracy!

- Expanded the Chainable API discussion. I've used chained APIs in Java, but had
  a hard time understanding what was going on in this example until I looked at
  the Underscore documentation and code. Please check my new explanation for
  accuracy!

- General wordsmithing

Recommendations:

- Move Conflict Management to another section (e.g., common problems or appendix)
- Move Inheritance and Mixins to another section
- Keep Dependencies initial section (perhaps state elsewhere), move subsections
  (DOM Manipulation, Utilities, RESTFul Persistence, Routing) to appendix or other
  section focused on Backbone internals

Other comments:

- Object literal example is unclear; it contains two 'var myApplication' declarations
  and most of its content in a comment. As a result, what is being recommended is unclear.
---> The original commit sha is - a02567babe94f44f91e5c6b20cd37fe8ba3de62d
Commit message - Merge remote-tracking branch 'upstream/gh-pages' into gh-pages
-----------------------------------------------------------------

Cherry-pick diff pair 29 is -> 
{ 0540f863dae3e3e07584836a1d1057763bad5c6c -> 5f02f7135aabc0c4e2243ed8966c27f2e3dd078c } is a cherrypick
{ e86a2e2795ef1a94787db5661ab0e36d91ebaee3 -> 93b7d45779a23caab2803be5d78ca1f2c9b54575 }
Cherrypick commits SHA are -> 
5f02f7135aabc0c4e2243ed8966c27f2e3dd078c - cherrypick - 93b7d45779a23caab2803be5d78ca1f2c9b54575
---> The cherrypicked commit sha is - 5f02f7135aabc0c4e2243ed8966c27f2e3dd078c
Commit message - Update chapters/05-exercise-2.md

Conclusion about how to retrieve posted json enconded parameters in the server-side third party API
---> The original commit sha is - 93b7d45779a23caab2803be5d78ca1f2c9b54575
Commit message - Merge pull request #305 from anibalsanchez/patch-2

Minor edit to add a conclusion about how to get the parameters in the server
-----------------------------------------------------------------

Cherry-pick diff pair 30 is -> 
{ fad032ebcca699b6808a63b6229c82b3d0e33f79 -> 408d6d96e81dd9d29f691d6e6ee933dfdc1a4945 } is a cherrypick
{ 14c78d0c86cfee603ce6ba4838944c9f6f05cbb0 -> 6d61930c4558a6365d002a821dc17a3dbae4956c }
Cherrypick commits SHA are -> 
408d6d96e81dd9d29f691d6e6ee933dfdc1a4945 - cherrypick - 6d61930c4558a6365d002a821dc17a3dbae4956c
---> The cherrypicked commit sha is - 408d6d96e81dd9d29f691d6e6ee933dfdc1a4945
Commit message - Updates/Fixes #279 with revised text
---> The original commit sha is - 6d61930c4558a6365d002a821dc17a3dbae4956c
Commit message - Updates/Fixes #279 with revised text
-----------------------------------------------------------------

Cherry-pick diff pair 31 is -> 
{ 4122d628f6ddaca080351a2aedbe168e00e3985a -> fad032ebcca699b6808a63b6229c82b3d0e33f79 } is a cherrypick
{ e6bc4960331f6196ade95645411b982cc6dd398a -> 14c78d0c86cfee603ce6ba4838944c9f6f05cbb0 }
Cherrypick commits SHA are -> 
fad032ebcca699b6808a63b6229c82b3d0e33f79 - cherrypick - 14c78d0c86cfee603ce6ba4838944c9f6f05cbb0
---> The cherrypicked commit sha is - fad032ebcca699b6808a63b6229c82b3d0e33f79
Commit message - Fixes #281 - updating recommendations for model binder
---> The original commit sha is - 14c78d0c86cfee603ce6ba4838944c9f6f05cbb0
Commit message - Fixes #281 - updating recommendations for model binder
-----------------------------------------------------------------

Cherry-pick diff pair 32 is -> 
{ 8135102317f11527f6780510bb7c678afa9edbde -> 47de93e1d0dcf84cbf5f24fb9d795231f86d9863 } is a cherrypick
{ d4d0d218f6b6b5c5831559715d61b588cfcb2955 -> e6bc4960331f6196ade95645411b982cc6dd398a }
Cherrypick commits SHA are -> 
47de93e1d0dcf84cbf5f24fb9d795231f86d9863 - cherrypick - e6bc4960331f6196ade95645411b982cc6dd398a
---> The cherrypicked commit sha is - 47de93e1d0dcf84cbf5f24fb9d795231f86d9863
Commit message - Use appendTo instead of $.append
---> The original commit sha is - e6bc4960331f6196ade95645411b982cc6dd398a
Commit message - Use appendTo instead of $.append
-----------------------------------------------------------------

Cherry-pick diff pair 33 is -> 
{ 947bb3052a8127c8691648bcd75cc0506b1c2da5 -> f26218605d5ee997841a32057fc30a5d4482aaa6 } is a cherrypick
{ 79be60a5a2b04b4293189475804017b3f4ca4408 -> c01ab5fa3ec33823f3b495782cbaf664aa495174 }
Cherrypick commits SHA are -> 
f26218605d5ee997841a32057fc30a5d4482aaa6 - cherrypick - c01ab5fa3ec33823f3b495782cbaf664aa495174
---> The cherrypicked commit sha is - f26218605d5ee997841a32057fc30a5d4482aaa6
Commit message - Added space in 'withthe' to correct to 'with the'.
---> The original commit sha is - c01ab5fa3ec33823f3b495782cbaf664aa495174
Commit message - Merge pull request #266 from swaff/word-fix

Added space in 'withthe' to correct to 'with the'.
-----------------------------------------------------------------

Cherry-pick diff pair 34 is -> 
{ 358f0fb0d3b5b52dcb387ad65cd4bb98f2b64757 -> 0af37ece171184ef864838447c16b9b4d31bc274 } is a cherrypick
{ f172197bea9cb01bbff67cf04cef6e1a6ed78269 -> 648782fb74908ee705a717b9c65782e2cd7456eb }
Cherrypick commits SHA are -> 
0af37ece171184ef864838447c16b9b4d31bc274 - cherrypick - 648782fb74908ee705a717b9c65782e2cd7456eb
---> The cherrypicked commit sha is - 0af37ece171184ef864838447c16b9b4d31bc274
Commit message - Further tweaks.
---> The original commit sha is - 648782fb74908ee705a717b9c65782e2cd7456eb
Commit message - Further tweaks.
-----------------------------------------------------------------

Cherry-pick diff pair 35 is -> 
{ dcca4aabe9d3f2bbfd9f0771b1e5a94423057cf7 -> 358f0fb0d3b5b52dcb387ad65cd4bb98f2b64757 } is a cherrypick
{ cb82062e40a2def3e7e8f09f44d4698c26025a94 -> f172197bea9cb01bbff67cf04cef6e1a6ed78269 }
Cherrypick commits SHA are -> 
358f0fb0d3b5b52dcb387ad65cd4bb98f2b64757 - cherrypick - f172197bea9cb01bbff67cf04cef6e1a6ed78269
---> The cherrypicked commit sha is - 358f0fb0d3b5b52dcb387ad65cd4bb98f2b64757
Commit message - Adding a revised introduction.
---> The original commit sha is - f172197bea9cb01bbff67cf04cef6e1a6ed78269
Commit message - Adding a revised introduction.
-----------------------------------------------------------------

Cherry-pick diff pair 36 is -> 
{ f3394a2f3d4acc826143ab2d457452af66ad52a1 -> 53063d7a9ef302e7e59b99f00e260fc115c3a0ee } is a cherrypick
{ 4852ede9c02558db46affab1c32bd279254499a8 -> 437087801f7c6ccaa8f466efd12087f32ffc6488 }
Cherrypick commits SHA are -> 
53063d7a9ef302e7e59b99f00e260fc115c3a0ee - cherrypick - 437087801f7c6ccaa8f466efd12087f32ffc6488
---> The cherrypicked commit sha is - 53063d7a9ef302e7e59b99f00e260fc115c3a0ee
Commit message - Merge pull request #254 from ugisozols/plural

Use plural version of word 'thing'.
---> The original commit sha is - 437087801f7c6ccaa8f466efd12087f32ffc6488
Commit message - Use plural version of word 'thing'.
-----------------------------------------------------------------

Cherry-pick diff pair 37 is -> 
{ 53063d7a9ef302e7e59b99f00e260fc115c3a0ee -> f6e85d33d14defbfc8887d12e7e90a21b5f787dc } is a cherrypick
{ 2f3b1773b61d5d385d29bbf0569aa4a4a5824324 -> 4852ede9c02558db46affab1c32bd279254499a8 }
Cherrypick commits SHA are -> 
f6e85d33d14defbfc8887d12e7e90a21b5f787dc - cherrypick - 4852ede9c02558db46affab1c32bd279254499a8
---> The cherrypicked commit sha is - f6e85d33d14defbfc8887d12e7e90a21b5f787dc
Commit message - Merge pull request #253 from ugisozols/remove_language_from_code_block

Remove specified language for the code block because content is just text and not javascript.
---> The original commit sha is - 4852ede9c02558db46affab1c32bd279254499a8
Commit message - Remove specified language for the code block because content is just text and not javascript.
-----------------------------------------------------------------

Cherry-pick diff pair 38 is -> 
{ f6e85d33d14defbfc8887d12e7e90a21b5f787dc -> 44eafa2c9645deaaf38188e7e90e51f9c02c4f94 } is a cherrypick
{ ef9056b11b35fef4ce85abf93ba1a183a0bf6dcf -> 2f3b1773b61d5d385d29bbf0569aa4a4a5824324 }
Cherrypick commits SHA are -> 
44eafa2c9645deaaf38188e7e90e51f9c02c4f94 - cherrypick - 2f3b1773b61d5d385d29bbf0569aa4a4a5824324
---> The cherrypicked commit sha is - 44eafa2c9645deaaf38188e7e90e51f9c02c4f94
Commit message - Merge pull request #252 from ugisozols/include_var_in_code_block

Include 'var' in code block.
---> The original commit sha is - 2f3b1773b61d5d385d29bbf0569aa4a4a5824324
Commit message - Include 'var' in code block.
-----------------------------------------------------------------

Cherry-pick diff pair 39 is -> 
{ 44eafa2c9645deaaf38188e7e90e51f9c02c4f94 -> 5513bff1cdbd820871187e2785dcedfe549399ca } is a cherrypick
{ 512d5e106e17e205f4b745e2ea8e805f80bfb363 -> ef9056b11b35fef4ce85abf93ba1a183a0bf6dcf }
Cherrypick commits SHA are -> 
5513bff1cdbd820871187e2785dcedfe549399ca - cherrypick - ef9056b11b35fef4ce85abf93ba1a183a0bf6dcf
---> The cherrypicked commit sha is - 5513bff1cdbd820871187e2785dcedfe549399ca
Commit message - Merge pull request #251 from ugisozols/fix_code_example

Fix code example.
---> The original commit sha is - ef9056b11b35fef4ce85abf93ba1a183a0bf6dcf
Commit message - Fix code example.
-----------------------------------------------------------------

Cherry-pick diff pair 40 is -> 
{ 28f0fe7cc5842c9a0c7ff0eaceaafa334d8a0cc0 -> 0ee70cb37723a29e6195cab0d55bbe6d18d3c9cb } is a cherrypick
{ 2bd0f7c208e3aca995b7137b96ba1cce84fc04c7 -> 88e0a743d48c51283a6a18ca90dbaee6c58fee42 }
Cherrypick commits SHA are -> 
0ee70cb37723a29e6195cab0d55bbe6d18d3c9cb - cherrypick - 88e0a743d48c51283a6a18ca90dbaee6c58fee42
---> The cherrypicked commit sha is - 0ee70cb37723a29e6195cab0d55bbe6d18d3c9cb
Commit message - fixed grammar 2
---> The original commit sha is - 88e0a743d48c51283a6a18ca90dbaee6c58fee42
Commit message - fixed grammar 2
-----------------------------------------------------------------

Cherry-pick diff pair 41 is -> 
{ e97b968b6998cfdf55fa9ad1650820aebd9c1fb2 -> 28f0fe7cc5842c9a0c7ff0eaceaafa334d8a0cc0 } is a cherrypick
{ eaf4a57ddac43f6cee6bae72bfcba58cdb952ce5 -> 2bd0f7c208e3aca995b7137b96ba1cce84fc04c7 }
Cherrypick commits SHA are -> 
28f0fe7cc5842c9a0c7ff0eaceaafa334d8a0cc0 - cherrypick - 2bd0f7c208e3aca995b7137b96ba1cce84fc04c7
---> The cherrypicked commit sha is - 28f0fe7cc5842c9a0c7ff0eaceaafa334d8a0cc0
Commit message - fixed grammar
---> The original commit sha is - 2bd0f7c208e3aca995b7137b96ba1cce84fc04c7
Commit message - fixed grammar
-----------------------------------------------------------------

Cherry-pick diff pair 42 is -> 
{ 498116798a24bdcfbdef370a6c50f97935ab003a -> e97b968b6998cfdf55fa9ad1650820aebd9c1fb2 } is a cherrypick
{ e8550a2f23fe0a517a4f4f250996d4e4eedf87e5 -> eaf4a57ddac43f6cee6bae72bfcba58cdb952ce5 }
Cherrypick commits SHA are -> 
e97b968b6998cfdf55fa9ad1650820aebd9c1fb2 - cherrypick - eaf4a57ddac43f6cee6bae72bfcba58cdb952ce5
---> The cherrypicked commit sha is - e97b968b6998cfdf55fa9ad1650820aebd9c1fb2
Commit message - fixed grammar and semantics
---> The original commit sha is - eaf4a57ddac43f6cee6bae72bfcba58cdb952ce5
Commit message - fixed grammar and semantics
-----------------------------------------------------------------

Cherry-pick diff pair 43 is -> 
{ e91a241843857eed17ece1d31322d734612f7113 -> 498116798a24bdcfbdef370a6c50f97935ab003a } is a cherrypick
{ 703d2613254cfffeb6cb54657ab3ef46bb0d2c70 -> e8550a2f23fe0a517a4f4f250996d4e4eedf87e5 }
Cherrypick commits SHA are -> 
498116798a24bdcfbdef370a6c50f97935ab003a - cherrypick - e8550a2f23fe0a517a4f4f250996d4e4eedf87e5
---> The cherrypicked commit sha is - 498116798a24bdcfbdef370a6c50f97935ab003a
Commit message - Typo correction.
---> The original commit sha is - e8550a2f23fe0a517a4f4f250996d4e4eedf87e5
Commit message - Typo correction.
-----------------------------------------------------------------

Cherry-pick diff pair 44 is -> 
{ 05009ac05b3be2302b29ddd7f05f9fdef4deb51f -> e91a241843857eed17ece1d31322d734612f7113 } is a cherrypick
{ a12f9e96e45d2d07c6fce7c8bfe25acbadd1d292 -> 703d2613254cfffeb6cb54657ab3ef46bb0d2c70 }
Cherrypick commits SHA are -> 
e91a241843857eed17ece1d31322d734612f7113 - cherrypick - 703d2613254cfffeb6cb54657ab3ef46bb0d2c70
---> The cherrypicked commit sha is - e91a241843857eed17ece1d31322d734612f7113
Commit message - Remove merge conflict comment
---> The original commit sha is - 703d2613254cfffeb6cb54657ab3ef46bb0d2c70
Commit message - Remove merge conflict comment
-----------------------------------------------------------------

Cherry-pick diff pair 45 is -> 
{ 457227dc8bcb96abd6847047194795f7f55eef9a -> 05009ac05b3be2302b29ddd7f05f9fdef4deb51f } is a cherrypick
{ 595e2b237fd44c42a9e458c0c8227ee61d3a2554 -> a12f9e96e45d2d07c6fce7c8bfe25acbadd1d292 }
Cherrypick commits SHA are -> 
05009ac05b3be2302b29ddd7f05f9fdef4deb51f - cherrypick - a12f9e96e45d2d07c6fce7c8bfe25acbadd1d292
---> The cherrypicked commit sha is - 05009ac05b3be2302b29ddd7f05f9fdef4deb51f
Commit message - add lumbar chapter
---> The original commit sha is - a12f9e96e45d2d07c6fce7c8bfe25acbadd1d292
Commit message - add lumbar chapter
-----------------------------------------------------------------

Cherry-pick diff pair 46 is -> 
{ 05748c5b803e5100e3e94793f3c0425ad910ab50 -> 457227dc8bcb96abd6847047194795f7f55eef9a } is a cherrypick
{ 292bc727e7415ef06aff3dc02ef2de1593c9c5fc -> 595e2b237fd44c42a9e458c0c8227ee61d3a2554 }
Cherrypick commits SHA are -> 
457227dc8bcb96abd6847047194795f7f55eef9a - cherrypick - 595e2b237fd44c42a9e458c0c8227ee61d3a2554
---> The cherrypicked commit sha is - 457227dc8bcb96abd6847047194795f7f55eef9a
Commit message - Restructuring and further refining of the MVC intro section and basic MVC implementation
---> The original commit sha is - 595e2b237fd44c42a9e458c0c8227ee61d3a2554
Commit message - Restructuring and further refining of the MVC intro section and basic MVC implementation
-----------------------------------------------------------------

Cherry-pick diff pair 47 is -> 
{ 965ec349ffd7309d9419cd0a0c3b38bb7c9a24de -> 05748c5b803e5100e3e94793f3c0425ad910ab50 } is a cherrypick
{ 8ad6ba5392b37c089c66579d880d319176dbad58 -> 292bc727e7415ef06aff3dc02ef2de1593c9c5fc }
Cherrypick commits SHA are -> 
05748c5b803e5100e3e94793f3c0425ad910ab50 - cherrypick - 292bc727e7415ef06aff3dc02ef2de1593c9c5fc
---> The cherrypicked commit sha is - 05748c5b803e5100e3e94793f3c0425ad910ab50
Commit message - merge and restructuring of the intro section with simple js mvc implementation - partialy done
---> The original commit sha is - 292bc727e7415ef06aff3dc02ef2de1593c9c5fc
Commit message - merge and restructuring of the intro section with simple js mvc implementation - partialy done
-----------------------------------------------------------------

Cherry-pick diff pair 48 is -> 
{ e8a094ae9c9537e1d93b5664442ab9192e94f649 -> 965ec349ffd7309d9419cd0a0c3b38bb7c9a24de } is a cherrypick
{ b115602734203def04f35c7a88c62a58a6340ab8 -> 8ad6ba5392b37c089c66579d880d319176dbad58 }
Cherrypick commits SHA are -> 
965ec349ffd7309d9419cd0a0c3b38bb7c9a24de - cherrypick - 8ad6ba5392b37c089c66579d880d319176dbad58
---> The cherrypicked commit sha is - 965ec349ffd7309d9419cd0a0c3b38bb7c9a24de
Commit message - merge and restructuring of the intro section with simple js mvc implementation - partialy done
---> The original commit sha is - 8ad6ba5392b37c089c66579d880d319176dbad58
Commit message - merge and restructuring of the intro section with simple js mvc implementation - partialy done
-----------------------------------------------------------------

Cherry-pick diff pair 49 is -> 
{ a185b5c35b4052e3e200f9989ac4591c2073a01d -> 52226c3cc075bcbd6f2d0023bd8581d9e25daabb } is a cherrypick
{ 5e59c37bb019e8046ec6a29bbde373404f627708 -> 1b9a86d95c617ad4e812bf7f338334ae8786c615 }
Cherrypick commits SHA are -> 
52226c3cc075bcbd6f2d0023bd8581d9e25daabb - cherrypick - 1b9a86d95c617ad4e812bf7f338334ae8786c615
---> The cherrypicked commit sha is - 52226c3cc075bcbd6f2d0023bd8581d9e25daabb
Commit message - Merge pull request #246 from ugisozols/missing_of_word

Add missing 'of' word.
---> The original commit sha is - 1b9a86d95c617ad4e812bf7f338334ae8786c615
Commit message - Add missing 'of' word.
-----------------------------------------------------------------

Cherry-pick diff pair 50 is -> 
{ 52226c3cc075bcbd6f2d0023bd8581d9e25daabb -> b3cf352726061d57589b9b828fc0f4427336b086 } is a cherrypick
{ fd4e5878b2c4f8fd6815f75f2cfb4217dcaa559a -> 5e59c37bb019e8046ec6a29bbde373404f627708 }
Cherrypick commits SHA are -> 
b3cf352726061d57589b9b828fc0f4427336b086 - cherrypick - 5e59c37bb019e8046ec6a29bbde373404f627708
---> The cherrypicked commit sha is - b3cf352726061d57589b9b828fc0f4427336b086
Commit message - Merge pull request #245 from jhonnycano/patch-1

minor typo in comment line 1616
---> The original commit sha is - 5e59c37bb019e8046ec6a29bbde373404f627708
Commit message - minor type in comment line 1616
-----------------------------------------------------------------

Cherry-pick diff pair 51 is -> 
{ b3cf352726061d57589b9b828fc0f4427336b086 -> 3d152b5066bb45e4364660e88cff856b6b68b4cf } is a cherrypick
{ dd7d5af61a213ca8f180c2fbc913a977bf850ce1 -> fd4e5878b2c4f8fd6815f75f2cfb4217dcaa559a }
Cherrypick commits SHA are -> 
3d152b5066bb45e4364660e88cff856b6b68b4cf - cherrypick - fd4e5878b2c4f8fd6815f75f2cfb4217dcaa559a
---> The cherrypicked commit sha is - 3d152b5066bb45e4364660e88cff856b6b68b4cf
Commit message - Merge pull request #244 from ugisozols/code_block_markup

Fix code block markup.
---> The original commit sha is - fd4e5878b2c4f8fd6815f75f2cfb4217dcaa559a
Commit message - Fix code block markup.
-----------------------------------------------------------------

Cherry-pick diff pair 52 is -> 
{ f5db307a70df6a64cd6c94aa64e77f5d418400ce -> a6f0439e67dbdf4c3e7011cdc6073e60483100c5 } is a cherrypick
{ 991aa8deb302edefcb02992eebd38764cfa1f408 -> d7bdf65af43b987f4c9bcb3c5ad7b1c0bf86a127 }
Cherrypick commits SHA are -> 
a6f0439e67dbdf4c3e7011cdc6073e60483100c5 - cherrypick - d7bdf65af43b987f4c9bcb3c5ad7b1c0bf86a127
---> The cherrypicked commit sha is - a6f0439e67dbdf4c3e7011cdc6073e60483100c5
Commit message - Practical -> Exercise
---> The original commit sha is - d7bdf65af43b987f4c9bcb3c5ad7b1c0bf86a127
Commit message - Merge commit 'a6f0439e67dbdf4c3e7011cdc6073e60483100c5' into gh-pages

* commit 'a6f0439e67dbdf4c3e7011cdc6073e60483100c5':
  Practical -> Exercise
-----------------------------------------------------------------

Cherry-pick diff pair 53 is -> 
{ 057e3e0e41cab907de406550832976c6df25e6af -> f5db307a70df6a64cd6c94aa64e77f5d418400ce } is a cherrypick
{ 966763bb698b306ee76a62899086caf99f754b24 -> 991aa8deb302edefcb02992eebd38764cfa1f408 }
Cherrypick commits SHA are -> 
f5db307a70df6a64cd6c94aa64e77f5d418400ce - cherrypick - 991aa8deb302edefcb02992eebd38764cfa1f408
---> The cherrypicked commit sha is - f5db307a70df6a64cd6c94aa64e77f5d418400ce
Commit message - Fixes #232
---> The original commit sha is - 991aa8deb302edefcb02992eebd38764cfa1f408
Commit message - Merge commit 'f5db307a70df6a64cd6c94aa64e77f5d418400ce' into gh-pages

* commit 'f5db307a70df6a64cd6c94aa64e77f5d418400ce':
  Fixes #232
-----------------------------------------------------------------

Cherry-pick diff pair 54 is -> 
{ 1767eb4b1a594732c37e20a8a0266f3548b7695c -> 057e3e0e41cab907de406550832976c6df25e6af } is a cherrypick
{ e48f2570b8b08c77bc00794b930e68461ab0f69f -> 966763bb698b306ee76a62899086caf99f754b24 }
Cherrypick commits SHA are -> 
057e3e0e41cab907de406550832976c6df25e6af - cherrypick - 966763bb698b306ee76a62899086caf99f754b24
---> The cherrypicked commit sha is - 057e3e0e41cab907de406550832976c6df25e6af
Commit message - Fixes #231
---> The original commit sha is - 966763bb698b306ee76a62899086caf99f754b24
Commit message - Merge commit '057e3e0e41cab907de406550832976c6df25e6af' into gh-pages

* commit '057e3e0e41cab907de406550832976c6df25e6af':
  Fixes #231
-----------------------------------------------------------------

Cherry-pick diff pair 55 is -> 
{ d58c5817790bc937596096707eec6b4089507378 -> d9bd808050fb2e5ce9e2a3c8ba6025fcd520df77 } is a cherrypick
{ 3ecac371e7b078ac4905f71ad49b9ada1097e7e5 -> e90f8bb0b73625f988e6ae846a2fff3d149ec229 }
Cherrypick commits SHA are -> 
d9bd808050fb2e5ce9e2a3c8ba6025fcd520df77 - cherrypick - e90f8bb0b73625f988e6ae846a2fff3d149ec229
---> The cherrypicked commit sha is - d9bd808050fb2e5ce9e2a3c8ba6025fcd520df77
Commit message - Removing existing chapter on REST. We'll replace this later.
---> The original commit sha is - e90f8bb0b73625f988e6ae846a2fff3d149ec229
Commit message - Merge commit 'd9bd808050fb2e5ce9e2a3c8ba6025fcd520df77' into gh-pages

* commit 'd9bd808050fb2e5ce9e2a3c8ba6025fcd520df77':
  Removing existing chapter on REST. We'll replace this later.
-----------------------------------------------------------------

Cherry-pick diff pair 56 is -> 
{ 23e5b1660d22e1a68c14dcc888522e2a786fd13a -> d58c5817790bc937596096707eec6b4089507378 } is a cherrypick
{ 37eb27304332ed7fb43497aa0dc984c5e062b5f2 -> 3ecac371e7b078ac4905f71ad49b9ada1097e7e5 }
Cherrypick commits SHA are -> 
d58c5817790bc937596096707eec6b4089507378 - cherrypick - 3ecac371e7b078ac4905f71ad49b9ada1097e7e5
---> The cherrypicked commit sha is - d58c5817790bc937596096707eec6b4089507378
Commit message - Removing chapter on Sinatra, MongoDB, Haml with Backbone
---> The original commit sha is - 3ecac371e7b078ac4905f71ad49b9ada1097e7e5
Commit message - Merge commit 'd58c5817790bc937596096707eec6b4089507378' into gh-pages

* commit 'd58c5817790bc937596096707eec6b4089507378':
  Removing chapter on Sinatra, MongoDB, Haml with Backbone
-----------------------------------------------------------------

Cherry-pick diff pair 57 is -> 
{ d83a7b741f739dad9b00b9b5d7bab426f3384598 -> 187534dd4ef9d7994139a52e16cc4dcaea1030b1 } is a cherrypick
{ b034603447b471373058a4d6a07258b416d35a75 -> f3c30abb3f3529bdd8304568908256a0502fc997 }
Cherrypick commits SHA are -> 
187534dd4ef9d7994139a52e16cc4dcaea1030b1 - cherrypick - f3c30abb3f3529bdd8304568908256a0502fc997
---> The cherrypicked commit sha is - 187534dd4ef9d7994139a52e16cc4dcaea1030b1
Commit message - Update index.md

Fixed minor spelling issue i encountered while reading through the document.
---> The original commit sha is - f3c30abb3f3529bdd8304568908256a0502fc997
Commit message - Merge pull request #210 from silashaysom/patch-1

Update index.md
-----------------------------------------------------------------

Cherry-pick diff pair 58 is -> 
{ aa85f0513b8cebaeef924633f6c6022b5dfef310 -> 6f695d7e756a252f1280617b0c53842dc1182554 } is a cherrypick
{ e8f9e549d8f372d4406138255b068f465d9e763e -> 6bffe080d71251ae8affe209386ab4cd787efd2f }
Cherrypick commits SHA are -> 
6f695d7e756a252f1280617b0c53842dc1182554 - cherrypick - 6bffe080d71251ae8affe209386ab4cd787efd2f
---> The cherrypicked commit sha is - 6f695d7e756a252f1280617b0c53842dc1182554
Commit message - Quote consistency
---> The original commit sha is - 6bffe080d71251ae8affe209386ab4cd787efd2f
Commit message - Merge pull request #204 from sindresorhus/improvements

Improvements
-----------------------------------------------------------------

Cherry-pick diff pair 59 is -> 
{ c8c4c8cc58ebf336755a5cb2e95c1f79abbb1400 -> 081020d299f33fef86175284666cfb4783aa3c7c } is a cherrypick
{ 98e1960dd02d77b1159ef034dbd2096dfb4f84ea -> 4d194e38be0c5542cc36ff66ee1fa636aebf0929 }
Cherrypick commits SHA are -> 
081020d299f33fef86175284666cfb4783aa3c7c - cherrypick - 4d194e38be0c5542cc36ff66ee1fa636aebf0929
---> The cherrypicked commit sha is - 081020d299f33fef86175284666cfb4783aa3c7c
Commit message - express.createServer() replaced

express.createServer() is depreciated in express v3.x in favor of express()
---> The original commit sha is - 4d194e38be0c5542cc36ff66ee1fa636aebf0929
Commit message - Merge pull request #192 from donnut/gh-pages

removed express.createServer()
-----------------------------------------------------------------

Cherry-pick diff pair 60 is -> 
{ 1593414fe03f46afb5465291599ddcee63fd559e -> d32145883329cc77ff2c81d850087e46bd14b875 } is a cherrypick
{ 311f6dc4f9fbe110537152b4a01ba129f1034bc2 -> c8c4c8cc58ebf336755a5cb2e95c1f79abbb1400 }
Cherrypick commits SHA are -> 
d32145883329cc77ff2c81d850087e46bd14b875 - cherrypick - c8c4c8cc58ebf336755a5cb2e95c1f79abbb1400
---> The cherrypicked commit sha is - d32145883329cc77ff2c81d850087e46bd14b875
Commit message - typo

typo in routers section
---> The original commit sha is - c8c4c8cc58ebf336755a5cb2e95c1f79abbb1400
Commit message - Merge pull request #188 from zugaldia/patch-1

typo
-----------------------------------------------------------------

Cherry-pick diff pair 61 is -> 
{ 8956056f4f7f3bbac3e3a083e80a39db55a22cc6 -> d60b6c7e68d029d84dd3ba1332f57cba4ad3af32 } is a cherrypick
{ 07854c09cebe7f5e93f09355a63821bf32fb2e1e -> 1593414fe03f46afb5465291599ddcee63fd559e }
Cherrypick commits SHA are -> 
d60b6c7e68d029d84dd3ba1332f57cba4ad3af32 - cherrypick - 1593414fe03f46afb5465291599ddcee63fd559e
---> The cherrypicked commit sha is - d60b6c7e68d029d84dd3ba1332f57cba4ad3af32
Commit message - fix typo
---> The original commit sha is - 1593414fe03f46afb5465291599ddcee63fd559e
Commit message - Merge pull request #184 from tdcook/gh-pages

Fix typo in Backbone Boilerplate section
-----------------------------------------------------------------

Cherry-pick diff pair 62 is -> 
{ f4443847342934394849c22da89fe9976b350cfd -> 673ba4af505f92eab1ffa9434a2dea240411e6b5 } is a cherrypick
{ 30cf5fdd64ea54d1b21d0ba42259df225b331338 -> 8956056f4f7f3bbac3e3a083e80a39db55a22cc6 }
Cherrypick commits SHA are -> 
673ba4af505f92eab1ffa9434a2dea240411e6b5 - cherrypick - 8956056f4f7f3bbac3e3a083e80a39db55a22cc6
---> The cherrypicked commit sha is - 673ba4af505f92eab1ffa9434a2dea240411e6b5
Commit message - updated anchor links
---> The original commit sha is - 8956056f4f7f3bbac3e3a083e80a39db55a22cc6
Commit message - Merge pull request #182 from christopherscott/gh-pages

anchor link fixes
-----------------------------------------------------------------

Cherry-pick diff pair 63 is -> 
{ 86f2f7974a76abe3dd93e758da27887ff5e97b9a -> d0ce7eccee9adf6db69454dba6fe2ecde5220695 } is a cherrypick
{ 5f0ac8e306b1d307b83bebe91892766feef42b44 -> fb970bd7cda80295735bd84fb9d92cacbdfcbca3 }
Cherrypick commits SHA are -> 
d0ce7eccee9adf6db69454dba6fe2ecde5220695 - cherrypick - fb970bd7cda80295735bd84fb9d92cacbdfcbca3
---> The cherrypicked commit sha is - d0ce7eccee9adf6db69454dba6fe2ecde5220695
Commit message - FIX: calling the correct callback on 'add' on Todos

The call to this.addAll for the 'add' event on Todos is redundant and incorrect, this fix corrects it.
---> The original commit sha is - fb970bd7cda80295735bd84fb9d92cacbdfcbca3
Commit message - Merge pull request #169 from ricogallo/patch-1

FIX: calling the correct callback on 'add' on Todos
-----------------------------------------------------------------

Cherry-pick diff pair 64 is -> 
{ 87d05feae4c5f44e40ba706298d54cbcdac8e8a3 -> d59a807c492be402b4615b10b4f9d735bf545741 } is a cherrypick
{ 573f0a2a3edea0e0a8b4ee66a7af3062552de53f -> 953512d9562dae9faf66f85bdc021cc0ad9582ce }
Cherrypick commits SHA are -> 
d59a807c492be402b4615b10b4f9d735bf545741 - cherrypick - 953512d9562dae9faf66f85bdc021cc0ad9582ce
---> The cherrypicked commit sha is - d59a807c492be402b4615b10b4f9d735bf545741
Commit message - Updating Jade layouts for Express 3.x compatibility
---> The original commit sha is - 953512d9562dae9faf66f85bdc021cc0ad9582ce
Commit message - Merge pull request #157 from robflaherty/express3.x

Updating Jade layouts for Express 3.x compatibility
-----------------------------------------------------------------

Cherry-pick diff pair 65 is -> 
{ d0a90289f4a5af0b1fd26568a49e57e7cac65bb7 -> 5aca3de0762bd728d8d3a5bf2eb6d224f4f1267d } is a cherrypick
{ 00d339ec247dbc2a8b163fa67f5f43518ab32e67 -> aac90df8fe71c5e293defe167fb593b2533d9ccd }
Cherrypick commits SHA are -> 
5aca3de0762bd728d8d3a5bf2eb6d224f4f1267d - cherrypick - aac90df8fe71c5e293defe167fb593b2533d9ccd
---> The cherrypicked commit sha is - 5aca3de0762bd728d8d3a5bf2eb6d224f4f1267d
Commit message - Missing a parenthesis
---> The original commit sha is - aac90df8fe71c5e293defe167fb593b2533d9ccd
Commit message - Merge pull request #115 from forresst/patch-1

Missing a parenthesis
-----------------------------------------------------------------

Cherry-pick diff pair 66 is -> 
{ 69261000e3fe44e02311a5cc3f9f58e72e0fe0ba -> fe22b6c4a8deaafe13d6f97f20bbab1a504b353a } is a cherrypick
{ e0145bbb8f819e963624fd871ba2b963352a89ce -> 726826c3da41c9660fe052e8698cf5791687759e }
Cherrypick commits SHA are -> 
fe22b6c4a8deaafe13d6f97f20bbab1a504b353a - cherrypick - 726826c3da41c9660fe052e8698cf5791687759e
---> The cherrypicked commit sha is - fe22b6c4a8deaafe13d6f97f20bbab1a504b353a
Commit message - fix bad checkin. comma seperated vars.
---> The original commit sha is - 726826c3da41c9660fe052e8698cf5791687759e
Commit message - Merge pull request #110 from ealize/master

Fix: bad check-in
-----------------------------------------------------------------

Cherry-pick diff pair 67 is -> 
{ 4b8135dc0197c2b5d30d14b54340914a3707cab2 -> 4bdfff92958ca45385bf8ffffb7e16f511de1244 } is a cherrypick
{ 487f67361b51efcca82eb20bb17b814170fc1238 -> 4a1f4ce555c03705bb77bbc6ea4e24e7ed338b91 }
Cherrypick commits SHA are -> 
4bdfff92958ca45385bf8ffffb7e16f511de1244 - cherrypick - 4a1f4ce555c03705bb77bbc6ea4e24e7ed338b91
---> The cherrypicked commit sha is - 4bdfff92958ca45385bf8ffffb7e16f511de1244
Commit message - corrected the Todo view template to:
* match the book's Model defaults ( 'text' instead of 'content' );
* match the tag ( 'label' instead of 'div' ) used in the test and render function
---> The original commit sha is - 4a1f4ce555c03705bb77bbc6ea4e24e7ed338b91
Commit message - Merge pull request #82 from eethann/master

Add metadata file for epub/mobi generation via pandoc
-----------------------------------------------------------------

Cherry-pick diff pair 68 is -> 
{ 12d971fa5f859e7c83bc015ca13d5d7a94e4d9b0 -> 0c03457e48104f823eaaa3920e9ca83206176483 } is a cherrypick
{ 0baf46f2729ac46036e7e21bb3c5c1b336c845ec -> 5f304e10b93394555daaaba7f245d82f3fa90fe7 }
Cherrypick commits SHA are -> 
0c03457e48104f823eaaa3920e9ca83206176483 - cherrypick - 5f304e10b93394555daaaba7f245d82f3fa90fe7
---> The cherrypicked commit sha is - 0c03457e48104f823eaaa3920e9ca83206176483
Commit message - just fixed a couple of typos
---> The original commit sha is - 5f304e10b93394555daaaba7f245d82f3fa90fe7
Commit message - Merge pull request #78 from bhauff/master

Some typo fixes
-----------------------------------------------------------------

Cherry-pick diff pair 69 is -> 
{ 5c1c758cc1e3ddeae585d968a9b2e60caa7f6461 -> a40ccfc57740f3b7479bd58034918d28cfeb0b52 } is a cherrypick
{ 0141d607fc752b37a10b43e5cf2ddfb953998221 -> 1c6204c64028ab5fcc789c88a2dd174dcddd06bf }
Cherrypick commits SHA are -> 
a40ccfc57740f3b7479bd58034918d28cfeb0b52 - cherrypick - 1c6204c64028ab5fcc789c88a2dd174dcddd06bf
---> The cherrypicked commit sha is - a40ccfc57740f3b7479bd58034918d28cfeb0b52
Commit message - using _.bindAll since 0.5.2 is IMHO deprecated.
Documentation suggest adding context as a third parameter to bind. I also noticed that _.bindAll is less clear to newcomers.
---> The original commit sha is - 1c6204c64028ab5fcc789c88a2dd174dcddd06bf
Commit message - Merge pull request #52 from OpenGrid/patch-1

using _.bindAll since 0.5.2 is IMHO deprecated.
-----------------------------------------------------------------

Cherry-pick diff pair 70 is -> 
{ c3f6168d7c8076df95a6a5dd7834e52f758c6b99 -> 18021f5ed986be670a58c0504c889383ac78d6ce } is a cherrypick
{ ed10e2c5283c70b79d22e461fafd1d161e07f679 -> 20488fcc1a93f0f1195cc6f6d6a95b9d04a1fa13 }
Cherrypick commits SHA are -> 
18021f5ed986be670a58c0504c889383ac78d6ce - cherrypick - 20488fcc1a93f0f1195cc6f6d6a95b9d04a1fa13
---> The cherrypicked commit sha is - 18021f5ed986be670a58c0504c889383ac78d6ce
Commit message - aligns equal signs in example for nested namespacing
---> The original commit sha is - 20488fcc1a93f0f1195cc6f6d6a95b9d04a1fa13
Commit message - Merge pull request #34 from caillou/aligning-equal-signs

Aligning equal signs
-----------------------------------------------------------------

Cherry-pick diff pair 71 is -> 
{ f4baeabd79baddd6e425caa45954187054b834e3 -> fb3a1529990739504288d7812785550e5e1994df } is a cherrypick
{ 18021f5ed986be670a58c0504c889383ac78d6ce -> ea7996fc201f2e7035b504fd477a72a6eb3c9c53 }
Cherrypick commits SHA are -> 
fb3a1529990739504288d7812785550e5e1994df - cherrypick - ea7996fc201f2e7035b504fd477a72a6eb3c9c53
---> The cherrypicked commit sha is - fb3a1529990739504288d7812785550e5e1994df
Commit message - removes double listing of namespace pattern
---> The original commit sha is - ea7996fc201f2e7035b504fd477a72a6eb3c9c53
Commit message - removes double listing of namespace pattern
-----------------------------------------------------------------

Cherry-pick diff pair 72 is -> 
{ 82889c37c8a79b618dc727e6d1285a4b0524fe0f -> 9c960e3c395f061960703a05c3cf8142b4fc2884 } is a cherrypick
{ f7ab14014aad8e9c6186f0cc7b443d557de18f7a -> b5848c5db20a6bf70e3cc9cbd5fe2e9c6ed8483b }
Cherrypick commits SHA are -> 
9c960e3c395f061960703a05c3cf8142b4fc2884 - cherrypick - b5848c5db20a6bf70e3cc9cbd5fe2e9c6ed8483b
---> The cherrypicked commit sha is - 9c960e3c395f061960703a05c3cf8142b4fc2884
Commit message - Fixed code block problem
---> The original commit sha is - b5848c5db20a6bf70e3cc9cbd5fe2e9c6ed8483b
Commit message - Merge pull request #21 from kjbekkelund/master

Fixed code block problem
-----------------------------------------------------------------

Cherry-pick diff pair 73 is -> 
{ fb4b530c78372a267ba4fe42349b58dba86f1902 -> b5db4bc6671a804da96d0c55fc4a35b2f8e7c07c } is a cherrypick
{ 905e26990cc07c4d00b8122775c5dfdbaaa45993 -> 4d8a72b0d916034d68f06e2adada4917294d9aa4 }
Cherrypick commits SHA are -> 
b5db4bc6671a804da96d0c55fc4a35b2f8e7c07c - cherrypick - 4d8a72b0d916034d68f06e2adada4917294d9aa4
---> The cherrypicked commit sha is - b5db4bc6671a804da96d0c55fc4a35b2f8e7c07c
Commit message - Merge pull request #6 from meirish/master

Added an example of using require.js's syntactic sugar for use when defining modules.
---> The original commit sha is - 4d8a72b0d916034d68f06e2adada4917294d9aa4
Commit message - Merge pull request #14 from scwoodal/master

fixed some minor typos
-----------------------------------------------------------------

Cherry-pick diff pair 74 is -> 
{ a7ba3991edf811adf0c091b7a052f82fdc2241b5 -> f99fe979f05cfecb58d1887bf69ae496e09087e3 } is a cherrypick
{ 5791d3bdecbd885d4cf343333103e97b15df198f -> 0d4ca1f2ffb40a32f0afdfe66c5781d7f75ce2d0 }
Cherrypick commits SHA are -> 
f99fe979f05cfecb58d1887bf69ae496e09087e3 - cherrypick - 0d4ca1f2ffb40a32f0afdfe66c5781d7f75ce2d0
---> The cherrypicked commit sha is - f99fe979f05cfecb58d1887bf69ae496e09087e3
Commit message - minor formatting update
---> The original commit sha is - 0d4ca1f2ffb40a32f0afdfe66c5781d7f75ce2d0
Commit message - Merge pull request #2 from danshearmur/master

Small typo in a javascript object
-----------------------------------------------------------------

Cherry-pick diff pair 75 is -> 
{ 455bc8b80755d9cfc0df018c0bb38571df513008 -> 9ef388e18d7fb5acbff1756d66ab51759a94abe0 } is a cherrypick
{ ec74c1bc1d617e6fbc088ebad1a11a3e20e73591 -> c3c7c990171b4b77fcb03096b7a36f28e64b8c87 }
Cherrypick commits SHA are -> 
9ef388e18d7fb5acbff1756d66ab51759a94abe0 - cherrypick - c3c7c990171b4b77fcb03096b7a36f28e64b8c87
---> The cherrypicked commit sha is - 9ef388e18d7fb5acbff1756d66ab51759a94abe0
Commit message - Correcting js comment about incorrect class name
---> The original commit sha is - c3c7c990171b4b77fcb03096b7a36f28e64b8c87
Commit message - Merge branch 'master' of github.com:addyosmani/backbone-fundamentals
-----------------------------------------------------------------

