# of reverts = 106
Revert diff pair 1 is -> 
{ 5582edf6e7d9cd8aed835344ec6ccfeb103f03be -> 8507ef83f175bbf3f6532dc68b6051f0d41acd82 } is a revert
{ e2177361b5a72a7bf7efc987af946419b769de03 -> fcffe3961f4594202dbd0816768fe900584ed8e2 }
Revert commits SHA are -> 
8507ef83f175bbf3f6532dc68b6051f0d41acd82 - revert - fcffe3961f4594202dbd0816768fe900584ed8e2
The reverted commit sha is - 8507ef83f175bbf3f6532dc68b6051f0d41acd82
Commit message - add test to prove requesthandler works correct with Angular wonky accept headers
The original commit sha is - fcffe3961f4594202dbd0816768fe900584ed8e2
Commit message - Revert "add test to prove requesthandler works correct with Angular wonky accept headers"

This reverts commit 8507ef83f175bbf3f6532dc68b6051f0d41acd82.

Incorrect header was used for this test, Cake cannot safely determine correct header.
To get CakePHP to respond with json, you can modify the angular common headers.
-----------------------------------------------------------------

Revert diff pair 1 is -> 
{ aa42b80a4d386913a0b83ec1b18f396851f24919 -> f3e1a187400ff577ec5cae9d392b4937ea26fd77 } is a revert
{ f3e1a187400ff577ec5cae9d392b4937ea26fd77 -> 896065d71881a43b0b37aa7e970f22a7b26a7ff2 }
Revert commits SHA are -> 
f3e1a187400ff577ec5cae9d392b4937ea26fd77 - revert - 896065d71881a43b0b37aa7e970f22a7b26a7ff2
The reverted commit sha is - f3e1a187400ff577ec5cae9d392b4937ea26fd77
Commit message - Fix a fatal error occurs in combination with a scaffold error.
The original commit sha is - 896065d71881a43b0b37aa7e970f22a7b26a7ff2
Commit message - Merge pull request #4117 from antograssiot/master

master - `a` / `an` typo fixes for API
-----------------------------------------------------------------

Revert diff pair 1 is -> 
{ 562ed73562636515266aa6fc2dc3eef1dbcdd739 -> c99c68684b9d7489d054a533a8a2c01331de4796 } is a revert
{ 2577ca92a8352cd6241be58b3af956a526fb1610 -> 2c53bc8a1b9a8c56fe2f1e5095029c50588fa6e0 }
Revert commits SHA are -> 
c99c68684b9d7489d054a533a8a2c01331de4796 - revert - 2c53bc8a1b9a8c56fe2f1e5095029c50588fa6e0
The reverted commit sha is - c99c68684b9d7489d054a533a8a2c01331de4796
Commit message - Merge pull request #3646 from nanapi/no-truncate-fixture

Don't truncate test fixtures when the table has been freshly created.
The original commit sha is - 2c53bc8a1b9a8c56fe2f1e5095029c50588fa6e0
Commit message - Merge pull request #3838 from cakephp/revert-3646-no-truncate-fixture

Revert "No truncate when drop table."

Not truncating tables when they are created causes a number of 
issues in ControllerTestCases as indicated by the comments in #3646 post merge.
-----------------------------------------------------------------

Revert diff pair 1 is -> 
{ 562ed73562636515266aa6fc2dc3eef1dbcdd739 -> c99c68684b9d7489d054a533a8a2c01331de4796 } is a revert
{ a966f089d247c9a5fae684f08bab069bea7bdc6c -> 1686edf01624313962aa167a7001245dd4d044ae }
Revert commits SHA are -> 
c99c68684b9d7489d054a533a8a2c01331de4796 - revert - 1686edf01624313962aa167a7001245dd4d044ae
The reverted commit sha is - c99c68684b9d7489d054a533a8a2c01331de4796
Commit message - Merge pull request #3646 from nanapi/no-truncate-fixture

Don't truncate test fixtures when the table has been freshly created.
The original commit sha is - 1686edf01624313962aa167a7001245dd4d044ae
Commit message - Revert "No truncate when drop table."
-----------------------------------------------------------------

Revert diff pair 1 is -> 
{ ab5da2a09fdf481651bc8e43e738b659328b5513 -> 6d2402fbf649e1ff1e37513220f42b80658c711b } is a revert
{ 6d2402fbf649e1ff1e37513220f42b80658c711b -> 74cd3db5e1952c7a8e67609da1016d7311bd278a }
Revert commits SHA are -> 
6d2402fbf649e1ff1e37513220f42b80658c711b - revert - 74cd3db5e1952c7a8e67609da1016d7311bd278a
The reverted commit sha is - 6d2402fbf649e1ff1e37513220f42b80658c711b
Commit message - No truncate when drop table.
The original commit sha is - 74cd3db5e1952c7a8e67609da1016d7311bd278a
Commit message - Merge pull request #3645 from cakephp/api-doc-comment

Api doc comment
-----------------------------------------------------------------

Revert diff pair 1 is -> 
{ 596c1c27cbc4bf51015cc1ac4f16d3aa96a30c84 -> 3d9b2b80cb1eaddaf3b6ecf6507906667411a80a } is a revert
{ 3d9b2b80cb1eaddaf3b6ecf6507906667411a80a -> 21285746cfea0dca12bcb9db447e2d0ddbdd11b3 }
Revert commits SHA are -> 
3d9b2b80cb1eaddaf3b6ecf6507906667411a80a - revert - 21285746cfea0dca12bcb9db447e2d0ddbdd11b3
The reverted commit sha is - 3d9b2b80cb1eaddaf3b6ecf6507906667411a80a
Commit message - More API docblock fixes.
The original commit sha is - 21285746cfea0dca12bcb9db447e2d0ddbdd11b3
Commit message - Merge pull request #3611 from MaziyarMK/patch-1

added HTML for styling tables
-----------------------------------------------------------------

Revert diff pair 1 is -> 
{ 952c7192f4a9746244625362d65d7844f2c86825 -> e6c6e0bf2c541885f890968d6047974d587a422e } is a revert
{ e6c6e0bf2c541885f890968d6047974d587a422e -> f7e98e742705921641f1d1ebb3b741fa823216d4 }
Revert commits SHA are -> 
e6c6e0bf2c541885f890968d6047974d587a422e - revert - f7e98e742705921641f1d1ebb3b741fa823216d4
The reverted commit sha is - e6c6e0bf2c541885f890968d6047974d587a422e
Commit message - Fixes bug described in #3581

Routes with '/**' are now correctly handled by the HtmlHelper->link()
The original commit sha is - f7e98e742705921641f1d1ebb3b741fa823216d4
Commit message - Revert "Fixes bug described in #3581"

This reverts commit e6c6e0bf2c541885f890968d6047974d587a422e.
-----------------------------------------------------------------

Revert diff pair 1 is -> 
{ 9452d5e1b6d0eec733b00e091933d51c10bd460e -> 1977d51a49849105ec08f68d9d4b1637f8c348cd } is a revert
{ 1977d51a49849105ec08f68d9d4b1637f8c348cd -> 1d34793828ad9e7d1d6ef069298bb79f5b626ce2 }
Revert commits SHA are -> 
1977d51a49849105ec08f68d9d4b1637f8c348cd - revert - 1d34793828ad9e7d1d6ef069298bb79f5b626ce2
The reverted commit sha is - 1977d51a49849105ec08f68d9d4b1637f8c348cd
Commit message - Add 'feedback' to uninflected single and plurals
The original commit sha is - 1d34793828ad9e7d1d6ef069298bb79f5b626ce2
Commit message - Merge pull request #3530 from beporter/feature/bin-cake-cdpath-fix

Harden the `cake` script to avoid `CDPATH` breakage.
-----------------------------------------------------------------

Revert diff pair 1 is -> 
{ e10e8fcb15c2fe730b2b5ed9b25fba053b06141d -> 91cb3ddc27a7bf9c31783003cc8b4a9fc4fd348f } is a revert
{ 91cb3ddc27a7bf9c31783003cc8b4a9fc4fd348f -> 590e552d31067772c4bbdc9c9fd2fe18642eda84 }
Revert commits SHA are -> 
91cb3ddc27a7bf9c31783003cc8b4a9fc4fd348f - revert - 590e552d31067772c4bbdc9c9fd2fe18642eda84
The reverted commit sha is - 91cb3ddc27a7bf9c31783003cc8b4a9fc4fd348f
Commit message - Unset $db in DboSource::read().

After calling $db->queryAssociatin(), it is necessary to unset db. 
This reverts commit 52d425737af584d33352ff0540dbf769006d82f5.
The original commit sha is - 590e552d31067772c4bbdc9c9fd2fe18642eda84
Commit message - Merge pull request #3480 from Schlaefer/fix-testDecimalLocaleSet-OSX

fixes failing test case ValidationTest::testDecimalLocaleSet() on OS X
-----------------------------------------------------------------

Revert diff pair 1 is -> 
{ 4927cf690177c6e9099319fb9eb79134254a6a54 -> 0de130711003234923fdd219695decdc838cc7c2 } is a revert
{ 0de130711003234923fdd219695decdc838cc7c2 -> 47900c10ca81cf292dcc9c3870bd55041aef7616 }
Revert commits SHA are -> 
0de130711003234923fdd219695decdc838cc7c2 - revert - 47900c10ca81cf292dcc9c3870bd55041aef7616
The reverted commit sha is - 0de130711003234923fdd219695decdc838cc7c2
Commit message - Changed if statement to force Travis rebuild
The original commit sha is - 47900c10ca81cf292dcc9c3870bd55041aef7616
Commit message - Merge pull request #2995 from tharlinsmith/ticket-2994

#2994, unnecessary calls to Model::__isset(null)
-----------------------------------------------------------------

Revert diff pair 1 is -> 
{ 71fb17e0923b11f5c7f4007c22ac574ffd19e3ca -> 3e48d2e082ae6207e0a64841defb870f5f1dba87 } is a revert
{ 3e48d2e082ae6207e0a64841defb870f5f1dba87 -> 7e084da6e8bdd1fca9577c883166d20c7ce90792 }
Revert commits SHA are -> 
3e48d2e082ae6207e0a64841defb870f5f1dba87 - revert - 7e084da6e8bdd1fca9577c883166d20c7ce90792
The reverted commit sha is - 3e48d2e082ae6207e0a64841defb870f5f1dba87
Commit message - Add return early statements for redirecting in controllers.
The original commit sha is - 7e084da6e8bdd1fca9577c883166d20c7ce90792
Commit message - Merge pull request #2594 from dereuromark/2.5-error-handling

2.5 error handling
-----------------------------------------------------------------

Revert diff pair 1 is -> 
{ 2f02d0c755fd35130924d2f2d460c4f63095e194 -> ed749fdc97788d4f0b7e8b6b457a61d8ef495cae } is a revert
{ ed749fdc97788d4f0b7e8b6b457a61d8ef495cae -> 107f8832230a46c3b40021a4a8907028fee7a5fa }
Revert commits SHA are -> 
ed749fdc97788d4f0b7e8b6b457a61d8ef495cae - revert - 107f8832230a46c3b40021a4a8907028fee7a5fa
The reverted commit sha is - ed749fdc97788d4f0b7e8b6b457a61d8ef495cae
Commit message - Must double quote the schema name in query

Schema names with reserved words such as "create" will fail this query without double quotes. 

Attempted prepared statement with ? placeholder. This failed with the following CakePHP error:

Error: A Database connection using "Postgres" was missing or unable to connect.	
The database server returned this error: SQLSTATE[42601]: Syntax error: 7 ERROR: syntax error at or near "$1" LINE 1: SET search_path TO $1 ^
The original commit sha is - 107f8832230a46c3b40021a4a8907028fee7a5fa
Commit message - Merge pull request #2570 from dereuromark/master-pkpass

Add missing pkpass mimetype
-----------------------------------------------------------------

Revert diff pair 1 is -> 
{ 4e70e442472e51c512d856fcf58df12af2d5923a -> e0c85a18bcb392055699a9b7de863449df61f61b } is a revert
{ e0c85a18bcb392055699a9b7de863449df61f61b -> d3b7fda96101ca57943cbde61027b7c571a5ad8c }
Revert commits SHA are -> 
e0c85a18bcb392055699a9b7de863449df61f61b - revert - d3b7fda96101ca57943cbde61027b7c571a5ad8c
The reverted commit sha is - e0c85a18bcb392055699a9b7de863449df61f61b
Commit message - Trivial continue.
The original commit sha is - d3b7fda96101ca57943cbde61027b7c571a5ad8c
Commit message - Merge pull request #2531 from bar/patch-1

Parenthesis are preferred.
-----------------------------------------------------------------

Revert diff pair 1 is -> 
{ 2366e7c7b5ded27800f8dc21ca62220bc61d4261 -> b7527c6c3b365242e591fc03dbe4e925cca40cf8 } is a revert
{ b7527c6c3b365242e591fc03dbe4e925cca40cf8 -> cf3cf551a696f944d1467797d61781045b0ba72b }
Revert commits SHA are -> 
b7527c6c3b365242e591fc03dbe4e925cca40cf8 - revert - cf3cf551a696f944d1467797d61781045b0ba72b
The reverted commit sha is - b7527c6c3b365242e591fc03dbe4e925cca40cf8
Commit message - Test for a self join only when needed.
The original commit sha is - cf3cf551a696f944d1467797d61781045b0ba72b
Commit message - Merge pull request #2457 from bar/2.5-getconstraint

Make getConstraint() a tiny bit more readable.
-----------------------------------------------------------------

Revert diff pair 1 is -> 
{ 65ad320d6f0adea5151a8c014b04ecfb1772ac69 -> 7c07d37fb32b8b2162804290e33184f66d6a4ae4 } is a revert
{ 8f52add62e4207377fd1636b8e620c9a28b6da8f -> 12f0cc05591597756af625fb39f025a65c6a7896 }
Revert commits SHA are -> 
7c07d37fb32b8b2162804290e33184f66d6a4ae4 - revert - 12f0cc05591597756af625fb39f025a65c6a7896
The reverted commit sha is - 7c07d37fb32b8b2162804290e33184f66d6a4ae4
Commit message - Some DocBlock improvements for Model.php
The original commit sha is - 12f0cc05591597756af625fb39f025a65c6a7896
Commit message - Updated links to CakePHP resources
-----------------------------------------------------------------

Revert diff pair 1 is -> 
{ 0a52061d860bc67fd8f642cf3cc2bd9382093b4f -> 1d0c78572512409857e75ebb1603c94827ce25ff } is a revert
{ 1d0c78572512409857e75ebb1603c94827ce25ff -> e77a75147f89e34f746ed90907c196ba441de67e }
Revert commits SHA are -> 
1d0c78572512409857e75ebb1603c94827ce25ff - revert - e77a75147f89e34f746ed90907c196ba441de67e
The reverted commit sha is - 1d0c78572512409857e75ebb1603c94827ce25ff
Commit message - Fixed setting of order in Paginator options when using model's order. Refs f680c76, #3902
The original commit sha is - e77a75147f89e34f746ed90907c196ba441de67e
Commit message - Merge pull request #1623 from bar/php54-afterFind

Update afterFind() callback signature to be PHP5.4+ compliant.
-----------------------------------------------------------------

Revert diff pair 1 is -> 
{ e0f24d0ade2761adcefce5a85ac8b6013550deb1 -> 7e28636a72b40e557749cd88ce26fa2ede5e58a1 } is a revert
{ 77c453b2a3dbdb8dcc4ae8aa0ed8c1e3a4ed285c -> 29d0e267107ebb827cc59c76fac8e6a56d0047ab }
Revert commits SHA are -> 
7e28636a72b40e557749cd88ce26fa2ede5e58a1 - revert - 29d0e267107ebb827cc59c76fac8e6a56d0047ab
The reverted commit sha is - 7e28636a72b40e557749cd88ce26fa2ede5e58a1
Commit message - Fix log classname in skeleton

Fixes "logger class File does not implement a write method."
It probably tries to use the utility File class instead of the logger
The original commit sha is - 29d0e267107ebb827cc59c76fac8e6a56d0047ab
Commit message - Dropping 'Log' suffix from log configs as per change in cb24dbb084.

Reverts regressive change done in 7e28636a72.
-----------------------------------------------------------------

Revert diff pair 1 is -> 
{ df872dde282d51243ef2f26a748c1aef819dd98b -> b85d03dce2eddec6c193a8e5eb627cdb1d83b91f } is a revert
{ 28dbc5b89bfaca3c57715854e3eacc090d4c7bd1 -> dbbd05d8506896121d13857126ab378fcb221030 }
Revert commits SHA are -> 
b85d03dce2eddec6c193a8e5eb627cdb1d83b91f - revert - dbbd05d8506896121d13857126ab378fcb221030
The reverted commit sha is - b85d03dce2eddec6c193a8e5eb627cdb1d83b91f
Commit message - Showing build status for 2.4 branch.
The original commit sha is - dbbd05d8506896121d13857126ab378fcb221030
Commit message - Updates the Travis button to the master branch.
-----------------------------------------------------------------

Revert diff pair 1 is -> 
{ 1cac1846a3baffaedef29a0c96d2f6c79ec8efd9 -> 3a4f7815e8680344574b943f13c66a5845f77d95 } is a revert
{ 3a4f7815e8680344574b943f13c66a5845f77d95 -> e6452d6b9e3405494fc7c237e01b19c3a05e8265 }
Revert commits SHA are -> 
3a4f7815e8680344574b943f13c66a5845f77d95 - revert - e6452d6b9e3405494fc7c237e01b19c3a05e8265
The reverted commit sha is - 3a4f7815e8680344574b943f13c66a5845f77d95
Commit message - Removed unused setup & teardown methods from MyAppSchema in CakeSchemaTest
The original commit sha is - e6452d6b9e3405494fc7c237e01b19c3a05e8265
Commit message - Merge pull request #1459 from ravage84/teardown

Added missing calls to setUp & teardown in tests
-----------------------------------------------------------------

Revert diff pair 1 is -> 
{ 2df873412c268d45602d119765e073d6487e5e9d -> 22d66258723a06a6bc9f67629f381255d07869eb } is a revert
{ aa18a53d25077a1daee902e3b16c927f879dfac2 -> 6c18f6a2316c9adbb32935b316fd595cde9383c2 }
Revert commits SHA are -> 
22d66258723a06a6bc9f67629f381255d07869eb - revert - 6c18f6a2316c9adbb32935b316fd595cde9383c2
The reverted commit sha is - 22d66258723a06a6bc9f67629f381255d07869eb
Commit message - fix test
The original commit sha is - 6c18f6a2316c9adbb32935b316fd595cde9383c2
Commit message - Add failure messages to test assertions.
-----------------------------------------------------------------

Revert diff pair 1 is -> 
{ f9fdc1e6e0233294694370dac3a96940f22ac39f -> 52be365598e64d3f7178475a3a3f0f46245c70e3 } is a revert
{ 8133f72b53c3391025ef62538e9b6627d9dda70a -> e016f1156ff18b1324c3f8f4108aa6c0b8d3ae8b }
Revert commits SHA are -> 
52be365598e64d3f7178475a3a3f0f46245c70e3 - revert - e016f1156ff18b1324c3f8f4108aa6c0b8d3ae8b
The reverted commit sha is - 52be365598e64d3f7178475a3a3f0f46245c70e3
Commit message - Introduce the `strip` argument to Router.

This allows callers to request that the basepath *not* be stripped off
when normalizing string URL's. This is important in AuthComponent when
handling redirect URL's as the redirect location could point to
a controller that shares a name with the base path.

Refs #3897
Refs #3916
The original commit sha is - e016f1156ff18b1324c3f8f4108aa6c0b8d3ae8b
Commit message - Revert previous changes.

Adding this parameter was a mistake. Remove it.
-----------------------------------------------------------------

Revert diff pair 1 is -> 
{ 3e8a7f5e66022f285705e19401151fb1b236717a -> b172d6e25405b26059ae466b042c81fab48ce576 } is a revert
{ b172d6e25405b26059ae466b042c81fab48ce576 -> 93832361149277a4a3deae681ccbdc0aa935a147 }
Revert commits SHA are -> 
b172d6e25405b26059ae466b042c81fab48ce576 - revert - 93832361149277a4a3deae681ccbdc0aa935a147
The reverted commit sha is - b172d6e25405b26059ae466b042c81fab48ce576
Commit message - Fixed "delete" translation string bug
The original commit sha is - 93832361149277a4a3deae681ccbdc0aa935a147
Commit message - Formatted code

Formatted code to conform to style guide
-----------------------------------------------------------------

Revert diff pair 1 is -> 
{ eb13242680731f8c1cf82786670f5fe40d06f6f3 -> 1b1943954b60233157f5c83c425377ae6417b5cf } is a revert
{ 1b1943954b60233157f5c83c425377ae6417b5cf -> 406b8b8ae19d15d7fbd102c0b4a841fb99d31c25 }
Revert commits SHA are -> 
1b1943954b60233157f5c83c425377ae6417b5cf - revert - 406b8b8ae19d15d7fbd102c0b4a841fb99d31c25
The reverted commit sha is - 1b1943954b60233157f5c83c425377ae6417b5cf
Commit message - CakeSession improvements
The original commit sha is - 406b8b8ae19d15d7fbd102c0b4a841fb99d31c25
Commit message - Merge pull request #1361 from dereuromark/master-form-helper-datetime

assert proper array access for _dateTimeSelected()
-----------------------------------------------------------------

Revert diff pair 1 is -> 
{ 6a750aa17699f432f1871da4a6234ae78692033b -> 5bc14621ca87027d184191ae2f08be0a49238fb2 } is a revert
{ 4671f235ad2962c02b9b498aba5fc8bdfb9bd858 -> fe809cd85d9281018036f4e0a3bb5329d8a51f4d }
Revert commits SHA are -> 
5bc14621ca87027d184191ae2f08be0a49238fb2 - revert - fe809cd85d9281018036f4e0a3bb5329d8a51f4d
The reverted commit sha is - 5bc14621ca87027d184191ae2f08be0a49238fb2
Commit message - Adding fix for #2683, $_SERVER['SCRIPT_FILENAME'] not available in some installations of IIS

git-svn-id: https://svn.cakephp.org/repo/branches/1.2.x.x@5405 3807eeeb-6ff5-0310-8944-8be069107fe0
The original commit sha is - fe809cd85d9281018036f4e0a3bb5329d8a51f4d
Commit message - Remove undocumented magic features for IIS.

Undocumented, untested features break very easily. It is best to not
have them where possible.
-----------------------------------------------------------------

Revert diff pair 1 is -> 
{ e1d6bb2120ca512896bc18ec9ded42afb45117ee -> ea534002c3febe08faeea095185a69c485682968 } is a revert
{ 277ec8d89bbcf50523d31472c2385371d4bf0ed0 -> e695f900c27202affeeea12a9400f0fa0d61d236 }
Revert commits SHA are -> 
ea534002c3febe08faeea095185a69c485682968 - revert - e695f900c27202affeeea12a9400f0fa0d61d236
The reverted commit sha is - ea534002c3febe08faeea095185a69c485682968
Commit message - Add to docblock the reason why the output is chunk_split
The original commit sha is - e695f900c27202affeeea12a9400f0fa0d61d236
Commit message - Merge pull request #1287 from dereuromark/master-translation-strings

code is not translatable and should not be part of translation strings
-----------------------------------------------------------------

Revert diff pair 1 is -> 
{ 82f34c4cb3515e06ca5ab237a9b8e67ad44b601b -> 16be9d499094b1effad9ab61a80c28fa06438587 } is a revert
{ 16be9d499094b1effad9ab61a80c28fa06438587 -> a03cbddf76840cf49d07f0f410b1eac873a322df }
Revert commits SHA are -> 
16be9d499094b1effad9ab61a80c28fa06438587 - revert - a03cbddf76840cf49d07f0f410b1eac873a322df
The reverted commit sha is - 16be9d499094b1effad9ab61a80c28fa06438587
Commit message - remove unused local vars
The original commit sha is - a03cbddf76840cf49d07f0f410b1eac873a322df
Commit message - Merge pull request #1082 from ADmad/bugfix-3560

Don't set "required" attribute for checkboxes (unless explicitly specifi...
-----------------------------------------------------------------

Revert diff pair 1 is -> 
{ 41f2d812bbaf77d6cb4f5402c01f25fc245bf4eb -> 24abed969adb9423c8e77d43bc1d0bd9a1efb28f } is a revert
{ 24abed969adb9423c8e77d43bc1d0bd9a1efb28f -> 5ccba463bc1ed1b0fbf90f82c90f300d03481f81 }
Revert commits SHA are -> 
24abed969adb9423c8e77d43bc1d0bd9a1efb28f - revert - 5ccba463bc1ed1b0fbf90f82c90f300d03481f81
The reverted commit sha is - 24abed969adb9423c8e77d43bc1d0bd9a1efb28f
Commit message - simplify validation code
The original commit sha is - 5ccba463bc1ed1b0fbf90f82c90f300d03481f81
Commit message - Merge pull request #998 from dereuromark/2.3-bake-fixture-fix

Remove double semicolon in generated fixtures.

Fixes #3429
-----------------------------------------------------------------

Revert diff pair 1 is -> 
{ c794e295a08c2fea20287f8f1b5e5f46dfff5422 -> 7715689523bd8ac19aa0d387e1d4087a487f5a6d } is a revert
{ 8538c0e8eafef5104cac95aa88f49b9394203a3f -> 8bca04106681f3fde6828b415e38756a43249855 }
Revert commits SHA are -> 
7715689523bd8ac19aa0d387e1d4087a487f5a6d - revert - 8bca04106681f3fde6828b415e38756a43249855
The reverted commit sha is - 7715689523bd8ac19aa0d387e1d4087a487f5a6d
Commit message - Fixing failing test case in RssHelper
The original commit sha is - 8bca04106681f3fde6828b415e38756a43249855
Commit message - Revert "Fixing failing test case in RssHelper"

This reverts commit 7715689523bd8ac19aa0d387e1d4087a487f5a6d.
-----------------------------------------------------------------

Revert diff pair 1 is -> 
{ 044cf60b69563ce60e73c60cac7f1361a5b346e4 -> 3729ac1f2f83f9c47de3cf08661891add0f0dbac } is a revert
{ 3729ac1f2f83f9c47de3cf08661891add0f0dbac -> 2ac08bf024055dcf0a87ab81c5aee09080e52bf8 }
Revert commits SHA are -> 
3729ac1f2f83f9c47de3cf08661891add0f0dbac - revert - 2ac08bf024055dcf0a87ab81c5aee09080e52bf8
The reverted commit sha is - 3729ac1f2f83f9c47de3cf08661891add0f0dbac
Commit message - Fix issue where the incorrect meridian would be selected.

When combining 12 hour format, interval and afternoon times, the
incorrect meridian would be selected.  Moving the hour math into
FormHelper::hour() makes that method generally more correct and lenient
on its input.

Fixes #3299
The original commit sha is - 2ac08bf024055dcf0a87ab81c5aee09080e52bf8
Commit message - fix whitespace
-----------------------------------------------------------------

Revert diff pair 1 is -> 
{ d0bb8a94b4d0ee85ebb1322b9c3106f38dd50c7e -> 26934236b1a3d71f53b76115ebaeb9de32b577fe } is a revert
{ 26934236b1a3d71f53b76115ebaeb9de32b577fe -> 7f76f70287e1627f3ea48776d719ed558be09969 }
Revert commits SHA are -> 
26934236b1a3d71f53b76115ebaeb9de32b577fe - revert - 7f76f70287e1627f3ea48776d719ed558be09969
The reverted commit sha is - 26934236b1a3d71f53b76115ebaeb9de32b577fe
Commit message - skipping the rijndael test if mcrypt_encrypt() is not available
The original commit sha is - 7f76f70287e1627f3ea48776d719ed558be09969
Commit message - Merge pull request #848 from dogmatic69/removing-alias-function-calls

Removing alias function calls
-----------------------------------------------------------------

Revert diff pair 1 is -> 
{ 6f3e6c10a146ee431bf6deeed33b590a036ee6f2 -> c7faad9f78569e56580a4d0ee9edd3af4d4ce3ac } is a revert
{ c7faad9f78569e56580a4d0ee9edd3af4d4ce3ac -> 98992e021aa8c641e945b83bf24d51d6a60a9e6d }
Revert commits SHA are -> 
c7faad9f78569e56580a4d0ee9edd3af4d4ce3ac - revert - 98992e021aa8c641e945b83bf24d51d6a60a9e6d
The reverted commit sha is - c7faad9f78569e56580a4d0ee9edd3af4d4ce3ac
Commit message - You cant pass func_get_args() in PHP < 5.3
The original commit sha is - 98992e021aa8c641e945b83bf24d51d6a60a9e6d
Commit message - Merge pull request #844 from dogmatic69/form-bug

Adding a check to the object before use
-----------------------------------------------------------------

Revert diff pair 1 is -> 
{ b1db2aeb31a028c32f27d478adcc8aa5fd49aa86 -> cf361040a4d6904488bd4338d66fa8be53161a1d } is a revert
{ cf361040a4d6904488bd4338d66fa8be53161a1d -> c4458a9e72af3bdd5ddbaa7f311e0ad44662fab5 }
Revert commits SHA are -> 
cf361040a4d6904488bd4338d66fa8be53161a1d - revert - c4458a9e72af3bdd5ddbaa7f311e0ad44662fab5
The reverted commit sha is - cf361040a4d6904488bd4338d66fa8be53161a1d
Commit message - adding the timezone as it was not being used
The original commit sha is - c4458a9e72af3bdd5ddbaa7f311e0ad44662fab5
Commit message - Merge pull request #830 from dogmatic69/string-code-format

fixing the missing space on the if
-----------------------------------------------------------------

Revert diff pair 1 is -> 
{ e8c1140fc8f5f54d16302151386bc12e2bbb0c83 -> d26040e3aa2173dfc3562ceb522287eb1083a5db } is a revert
{ d26040e3aa2173dfc3562ceb522287eb1083a5db -> 4f637ed4c4dc1b4c1f280bc0c3f16d2530e88de4 }
Revert commits SHA are -> 
d26040e3aa2173dfc3562ceb522287eb1083a5db - revert - 4f637ed4c4dc1b4c1f280bc0c3f16d2530e88de4
The reverted commit sha is - d26040e3aa2173dfc3562ceb522287eb1083a5db
Commit message - Fix failing tests in PHPUnit 3.7.0-RC2
The original commit sha is - 4f637ed4c4dc1b4c1f280bc0c3f16d2530e88de4
Commit message - Revert "Fix failing tests in PHPUnit 3.7.0-RC2"

This reverts commit d26040e3aa2173dfc3562ceb522287eb1083a5db.
This change causes tests to fail in PHPUnit 3.6, this will have to wait
until 3.7.0 stable.
-----------------------------------------------------------------

Revert diff pair 1 is -> 
{ 571c8bc08c29029d2afcaf20b0535d465a9ebb18 -> 072991d0da9430d0e9632330618c56cae1f0b988 } is a revert
{ 072991d0da9430d0e9632330618c56cae1f0b988 -> 21a51a374a9ef8e1cd8bf7f890e1e25b279016bb }
Revert commits SHA are -> 
072991d0da9430d0e9632330618c56cae1f0b988 - revert - 21a51a374a9ef8e1cd8bf7f890e1e25b279016bb
The reverted commit sha is - 072991d0da9430d0e9632330618c56cae1f0b988
Commit message - Make test a bit more solid.
The original commit sha is - 21a51a374a9ef8e1cd8bf7f890e1e25b279016bb
Commit message - Revert "Make test a bit more solid."

This reverts commit 072991d0da9430d0e9632330618c56cae1f0b988.
-----------------------------------------------------------------

Revert diff pair 1 is -> 
{ 027c464e2dc4508de8ce9e9dacb1a75b772fb804 -> ee9a545c7de32f3359db3927989542462cef1803 } is a revert
{ ee9a545c7de32f3359db3927989542462cef1803 -> 876d5ee168bcfe18f2cd591cdc4c7f7a85342ab5 }
Revert commits SHA are -> 
ee9a545c7de32f3359db3927989542462cef1803 - revert - 876d5ee168bcfe18f2cd591cdc4c7f7a85342ab5
The reverted commit sha is - ee9a545c7de32f3359db3927989542462cef1803
Commit message - Correct docblock see tags to ViewBlock

Fixes http://cakephp.lighthouseapp.com/projects/43067/tickets/97-about-api-description-of-viewassign
The original commit sha is - 876d5ee168bcfe18f2cd591cdc4c7f7a85342ab5
Commit message - Merge pull request #804 from Ivoz/master

Update readme
-----------------------------------------------------------------

Revert diff pair 1 is -> 
{ 88604ac757198dbb2db55bd69e91060904c7b442 -> fb0053753e2629b3553fbaa1ba04b0eb78585467 } is a revert
{ fa5aa6278f8a6df688462581fd8e0373ac4cbd54 -> c5ebbc991c6609adfa824fca630826885328e8b1 }
Revert commits SHA are -> 
fb0053753e2629b3553fbaa1ba04b0eb78585467 - revert - c5ebbc991c6609adfa824fca630826885328e8b1
The reverted commit sha is - fb0053753e2629b3553fbaa1ba04b0eb78585467
Commit message - avoid duplication in returned results for habtm
The original commit sha is - c5ebbc991c6609adfa824fca630826885328e8b1
Commit message - Revert "Merge pull request #784 from ceeram/habtmmerge"

This reverts commit fa5aa6278f8a6df688462581fd8e0373ac4cbd54, reversing
changes made to 88604ac757198dbb2db55bd69e91060904c7b442.
-----------------------------------------------------------------

Revert diff pair 1 is -> 
{ dd524c96e19c6f7df7aafcb8132ae93cc5990d8b -> 46f8de72a2be00ab10ebbf6536a50b4982f34701 } is a revert
{ 46f8de72a2be00ab10ebbf6536a50b4982f34701 -> 32d5f113d31e2d8acc4056c1093bfdc91585ff60 }
Revert commits SHA are -> 
46f8de72a2be00ab10ebbf6536a50b4982f34701 - revert - 32d5f113d31e2d8acc4056c1093bfdc91585ff60
The reverted commit sha is - 46f8de72a2be00ab10ebbf6536a50b4982f34701
Commit message - Fix web runner showing fails as passes when show_passes is on.

Fixes #3035
The original commit sha is - 32d5f113d31e2d8acc4056c1093bfdc91585ff60
Commit message - fixed phpcs errors.
-----------------------------------------------------------------

Revert diff pair 1 is -> 
{ efe836480bff948897edb77616a0f063bfb0b4c6 -> 7416c530a205cce38f070d89a12f1434eab90cbf } is a revert
{ fa0d1c7997d41a2615e6c25123473491d8c866c6 -> 9ce216b09d117deef1b046cfc1f14b583b4e776f }
Revert commits SHA are -> 
7416c530a205cce38f070d89a12f1434eab90cbf - revert - 9ce216b09d117deef1b046cfc1f14b583b4e776f
The reverted commit sha is - 7416c530a205cce38f070d89a12f1434eab90cbf
Commit message - Fix missing view variables.

When rendering a exception caught when rendering
an exception, some view variables were missing causing fatal
errors.

Fixes #2843
The original commit sha is - 9ce216b09d117deef1b046cfc1f14b583b4e776f
Commit message - Revert "Fix missing view variables."

Commit 7416c53 shows error message from last exception instead of first one
and also displays framework specific error messages instead of generic ones with debug off.
We don't want either.

This reverts commit 7416c530a205cce38f070d89a12f1434eab90cbf.
-----------------------------------------------------------------

Revert diff pair 1 is -> 
{ 72a36a0929285359b2057b2eca9a92fe264990cf -> e88a2bcdbb2ce77f151d57938eca9f869231d864 } is a revert
{ e88a2bcdbb2ce77f151d57938eca9f869231d864 -> 43b37cd6088249e016fff0b71f1877fe0423d64a }
Revert commits SHA are -> 
e88a2bcdbb2ce77f151d57938eca9f869231d864 - revert - 43b37cd6088249e016fff0b71f1877fe0423d64a
The reverted commit sha is - e88a2bcdbb2ce77f151d57938eca9f869231d864
Commit message - actually, just ensure the path is slash terminated

that way we're all good
The original commit sha is - 43b37cd6088249e016fff0b71f1877fe0423d64a
Commit message - Revert "actually, just ensure the path is slash terminated"

This reverts commit e88a2bcdbb2ce77f151d57938eca9f869231d864.
-----------------------------------------------------------------

Revert diff pair 1 is -> 
{ 364c293e16c0f5286eee45b286e58d2e9ffa5396 -> e3a6e9e169644d93fd02877e545a99ca1963b59e } is a revert
{ fea4ae65231a144f28b1d9a4f19ca302c5c3ac79 -> 115b2c14958df8c9b7a7552fcd5c2c85b45f4ef9 }
Revert commits SHA are -> 
e3a6e9e169644d93fd02877e545a99ca1963b59e - revert - 115b2c14958df8c9b7a7552fcd5c2c85b45f4ef9
The reverted commit sha is - e3a6e9e169644d93fd02877e545a99ca1963b59e
Commit message - Adding uploadError() and mimeType() to the Validation class
The original commit sha is - 115b2c14958df8c9b7a7552fcd5c2c85b45f4ef9
Commit message - Rename joined to _joined to hopefully prevent issues.
-----------------------------------------------------------------

Revert diff pair 1 is -> 
{ b4a42e4a03a1c5a7321769636283ca163656b47f -> e8fce37a6562904083f40b4cb3f1649bf23ceeff } is a revert
{ 2cea66875520cc3c8b4f1c95d073e36c168bcf1c -> e4c88d8cf9c506cf33091a4a02c4261017bcb707 }
Revert commits SHA are -> 
e8fce37a6562904083f40b4cb3f1649bf23ceeff - revert - e4c88d8cf9c506cf33091a4a02c4261017bcb707
The reverted commit sha is - e8fce37a6562904083f40b4cb3f1649bf23ceeff
Commit message - Fixing saveMany
The original commit sha is - e4c88d8cf9c506cf33091a4a02c4261017bcb707
Commit message - Revert "Merge pull request #644 from nodesagency/hotfix/beforeValidate-copy-data"

This reverts commit 0f54758e5a5e2ac369234e506827925bd781d9ea, reversing
changes made to b4a42e4a03a1c5a7321769636283ca163656b47f.
-----------------------------------------------------------------

Revert diff pair 1 is -> 
{ fbd21323009678a50c036bf36bfc4510a2e44b10 -> ad4e46150a57814cba8f7d09615084798d9d1393 } is a revert
{ 2cea66875520cc3c8b4f1c95d073e36c168bcf1c -> e4c88d8cf9c506cf33091a4a02c4261017bcb707 }
Revert commits SHA are -> 
ad4e46150a57814cba8f7d09615084798d9d1393 - revert - e4c88d8cf9c506cf33091a4a02c4261017bcb707
The reverted commit sha is - ad4e46150a57814cba8f7d09615084798d9d1393
Commit message - Fixing saveMany
The original commit sha is - e4c88d8cf9c506cf33091a4a02c4261017bcb707
Commit message - Revert "Merge pull request #644 from nodesagency/hotfix/beforeValidate-copy-data"

This reverts commit 0f54758e5a5e2ac369234e506827925bd781d9ea, reversing
changes made to b4a42e4a03a1c5a7321769636283ca163656b47f.
-----------------------------------------------------------------

Revert diff pair 1 is -> 
{ 7592eb94ac6153c53bc6fe9ba0e3e8d637726aed -> 7a1275a1b1166a800dad177ebf2c37f4ce67b0b5 } is a revert
{ ad4e46150a57814cba8f7d09615084798d9d1393 -> 2cea66875520cc3c8b4f1c95d073e36c168bcf1c }
Revert commits SHA are -> 
7a1275a1b1166a800dad177ebf2c37f4ce67b0b5 - revert - 2cea66875520cc3c8b4f1c95d073e36c168bcf1c
The reverted commit sha is - 7a1275a1b1166a800dad177ebf2c37f4ce67b0b5
Commit message - Copy changes made to $this->data in beforeValidate callbacks back to saveAssociated data variable

This allow changes in beforeValidate to be saved
The original commit sha is - 2cea66875520cc3c8b4f1c95d073e36c168bcf1c
Commit message - Revert "Merge pull request #643 from nodesagency/hotfix/beforeValidate-copy-data"

This reverts commit b4a42e4a03a1c5a7321769636283ca163656b47f, reversing
changes made to 6bd7da36e7e74fb0f83f619a552a852b8abe63a8.
-----------------------------------------------------------------

Revert diff pair 1 is -> 
{ 484c3ec688899e452c1372ae1b4990bd750e66e4 -> fbd21323009678a50c036bf36bfc4510a2e44b10 } is a revert
{ ad4e46150a57814cba8f7d09615084798d9d1393 -> 2cea66875520cc3c8b4f1c95d073e36c168bcf1c }
Revert commits SHA are -> 
fbd21323009678a50c036bf36bfc4510a2e44b10 - revert - 2cea66875520cc3c8b4f1c95d073e36c168bcf1c
The reverted commit sha is - fbd21323009678a50c036bf36bfc4510a2e44b10
Commit message - Another fix for Pull request 642
The original commit sha is - 2cea66875520cc3c8b4f1c95d073e36c168bcf1c
Commit message - Revert "Merge pull request #643 from nodesagency/hotfix/beforeValidate-copy-data"

This reverts commit b4a42e4a03a1c5a7321769636283ca163656b47f, reversing
changes made to 6bd7da36e7e74fb0f83f619a552a852b8abe63a8.
-----------------------------------------------------------------

Revert diff pair 1 is -> 
{ 07bf73e88f8105f7424a3ddcc37a2a40c15e3608 -> 12ae03b87655059eb94ede1a58579b64fdf33ed0 } is a revert
{ fbd21323009678a50c036bf36bfc4510a2e44b10 -> ad4e46150a57814cba8f7d09615084798d9d1393 }
Revert commits SHA are -> 
12ae03b87655059eb94ede1a58579b64fdf33ed0 - revert - ad4e46150a57814cba8f7d09615084798d9d1393
The reverted commit sha is - 12ae03b87655059eb94ede1a58579b64fdf33ed0
Commit message - Revert "Merge pull request #644 from nodesagency/hotfix/beforeValidate-copy-data"

This reverts commit 0f54758e5a5e2ac369234e506827925bd781d9ea, reversing
changes made to b4a42e4a03a1c5a7321769636283ca163656b47f.
The original commit sha is - ad4e46150a57814cba8f7d09615084798d9d1393
Commit message - Fixing saveMany
-----------------------------------------------------------------

Revert diff pair 1 is -> 
{ 0f54758e5a5e2ac369234e506827925bd781d9ea -> 07bf73e88f8105f7424a3ddcc37a2a40c15e3608 } is a revert
{ 484c3ec688899e452c1372ae1b4990bd750e66e4 -> fbd21323009678a50c036bf36bfc4510a2e44b10 }
Revert commits SHA are -> 
07bf73e88f8105f7424a3ddcc37a2a40c15e3608 - revert - fbd21323009678a50c036bf36bfc4510a2e44b10
The reverted commit sha is - 07bf73e88f8105f7424a3ddcc37a2a40c15e3608
Commit message - Revert "Merge pull request #643 from nodesagency/hotfix/beforeValidate-copy-data"

This reverts commit b4a42e4a03a1c5a7321769636283ca163656b47f, reversing
changes made to 6bd7da36e7e74fb0f83f619a552a852b8abe63a8.
The original commit sha is - fbd21323009678a50c036bf36bfc4510a2e44b10
Commit message - Another fix for Pull request 642
-----------------------------------------------------------------

Revert diff pair 1 is -> 
{ 0f54758e5a5e2ac369234e506827925bd781d9ea -> 07bf73e88f8105f7424a3ddcc37a2a40c15e3608 } is a revert
{ 7592eb94ac6153c53bc6fe9ba0e3e8d637726aed -> 7a1275a1b1166a800dad177ebf2c37f4ce67b0b5 }
Revert commits SHA are -> 
07bf73e88f8105f7424a3ddcc37a2a40c15e3608 - revert - 7a1275a1b1166a800dad177ebf2c37f4ce67b0b5
The reverted commit sha is - 07bf73e88f8105f7424a3ddcc37a2a40c15e3608
Commit message - Revert "Merge pull request #643 from nodesagency/hotfix/beforeValidate-copy-data"

This reverts commit b4a42e4a03a1c5a7321769636283ca163656b47f, reversing
changes made to 6bd7da36e7e74fb0f83f619a552a852b8abe63a8.
The original commit sha is - 7a1275a1b1166a800dad177ebf2c37f4ce67b0b5
Commit message - Copy changes made to $this->data in beforeValidate callbacks back to saveAssociated data variable

This allow changes in beforeValidate to be saved
-----------------------------------------------------------------

Revert diff pair 1 is -> 
{ b4a42e4a03a1c5a7321769636283ca163656b47f -> e8fce37a6562904083f40b4cb3f1649bf23ceeff } is a revert
{ 07bf73e88f8105f7424a3ddcc37a2a40c15e3608 -> 12ae03b87655059eb94ede1a58579b64fdf33ed0 }
Revert commits SHA are -> 
e8fce37a6562904083f40b4cb3f1649bf23ceeff - revert - 12ae03b87655059eb94ede1a58579b64fdf33ed0
The reverted commit sha is - e8fce37a6562904083f40b4cb3f1649bf23ceeff
Commit message - Fixing saveMany
The original commit sha is - 12ae03b87655059eb94ede1a58579b64fdf33ed0
Commit message - Revert "Merge pull request #644 from nodesagency/hotfix/beforeValidate-copy-data"

This reverts commit 0f54758e5a5e2ac369234e506827925bd781d9ea, reversing
changes made to b4a42e4a03a1c5a7321769636283ca163656b47f.
-----------------------------------------------------------------

Revert diff pair 1 is -> 
{ 8bbe250becdefdc2cc08a7fae32f0f5bf6236a46 -> 6cf73c763cbcdd44ee4275f8bbbbb950afaf9165 } is a revert
{ 6cf73c763cbcdd44ee4275f8bbbbb950afaf9165 -> fec704ca8cc893ce52625f6baae49766376035ff }
Revert commits SHA are -> 
6cf73c763cbcdd44ee4275f8bbbbb950afaf9165 - revert - fec704ca8cc893ce52625f6baae49766376035ff
The reverted commit sha is - 6cf73c763cbcdd44ee4275f8bbbbb950afaf9165
Commit message - Tests for a generic custom datasource

Default startQuote and endQuote to avoid error with non-database datasources
The original commit sha is - fec704ca8cc893ce52625f6baae49766376035ff
Commit message - Merge pull request #604 from shama/patch-test-misc

Correct method descriptions and remove unused property
-----------------------------------------------------------------

Revert diff pair 1 is -> 
{ fda065101ba3414fcc82eecc521295fa9ac41e6a -> b346ac961c2520d8ea9e7ed882666aefdf1b78e1 } is a revert
{ b346ac961c2520d8ea9e7ed882666aefdf1b78e1 -> 68e4e0e7ae99dc0913e0aa9de1c8c95a270dcc57 }
Revert commits SHA are -> 
b346ac961c2520d8ea9e7ed882666aefdf1b78e1 - revert - 68e4e0e7ae99dc0913e0aa9de1c8c95a270dcc57
The reverted commit sha is - b346ac961c2520d8ea9e7ed882666aefdf1b78e1
Commit message - Added TestCakeSession::clear() to CakeSessionTest teardown.
The original commit sha is - 68e4e0e7ae99dc0913e0aa9de1c8c95a270dcc57
Commit message - Revert "Added TestCakeSession::clear() to CakeSessionTest teardown."

This reverts commit b346ac961c2520d8ea9e7ed882666aefdf1b78e1.
-----------------------------------------------------------------

Revert diff pair 1 is -> 
{ a4da64cacb39ba36608e6d946bd458513e02f33d -> 7a93276ecf0c8812e64abb21c1917ad81c601208 } is a revert
{ 150c9fc6a3be0a86791202e76b5f0f2578c310fd -> 2c55c7c193c00297c24431c464a6b2b918f6bb5c }
Revert commits SHA are -> 
7a93276ecf0c8812e64abb21c1917ad81c601208 - revert - 2c55c7c193c00297c24431c464a6b2b918f6bb5c
The reverted commit sha is - 7a93276ecf0c8812e64abb21c1917ad81c601208
Commit message - Move inclusion of application bootstrap behind ErrorHandler initialization in Configure::bootstrap().
The original commit sha is - 2c55c7c193c00297c24431c464a6b2b918f6bb5c
Commit message - Merge branch '2.1' of https://github.com/cakephp/cakephp into 2.1-error-handler-bootstrap
-----------------------------------------------------------------

Revert diff pair 1 is -> 
{ 393bc7f1e5899ad6c937eda7fac11b6941344df6 -> da5d4bb8165b6ffdb00ef47387917f2d7840bfe7 } is a revert
{ 1bc4562f3a52c8241c0921c9af3cedb530c159ec -> 1ffde95239294add5168342ea78542696145467a }
Revert commits SHA are -> 
da5d4bb8165b6ffdb00ef47387917f2d7840bfe7 - revert - 1ffde95239294add5168342ea78542696145467a
The reverted commit sha is - da5d4bb8165b6ffdb00ef47387917f2d7840bfe7
Commit message - Revert version number change.

Add trim to fix cli display.
The original commit sha is - 1ffde95239294add5168342ea78542696145467a
Commit message - Update version number to 2.1.0-alpha
-----------------------------------------------------------------

Revert diff pair 1 is -> 
{ 41bbc02603d656e5106e0b85b38a1db947e20d25 -> 6361500124d81d9a8d9e13ebe30a6ed6466c7913 } is a revert
{ 393bc7f1e5899ad6c937eda7fac11b6941344df6 -> da5d4bb8165b6ffdb00ef47387917f2d7840bfe7 }
Revert commits SHA are -> 
6361500124d81d9a8d9e13ebe30a6ed6466c7913 - revert - da5d4bb8165b6ffdb00ef47387917f2d7840bfe7
The reverted commit sha is - 6361500124d81d9a8d9e13ebe30a6ed6466c7913
Commit message - Update version number to 2.1.0-alpha
The original commit sha is - da5d4bb8165b6ffdb00ef47387917f2d7840bfe7
Commit message - Revert version number change.

Add trim to fix cli display.
-----------------------------------------------------------------

Revert diff pair 1 is -> 
{ 3974ea87d8c79335d63130451a68c714d32aa3fe -> dfced8b222d07dc507520559f51ba61d4bca2c73 } is a revert
{ dfced8b222d07dc507520559f51ba61d4bca2c73 -> 9b4d830bc3f9fb574d02e3604e865866fc2a6280 }
Revert commits SHA are -> 
dfced8b222d07dc507520559f51ba61d4bca2c73 - revert - 9b4d830bc3f9fb574d02e3604e865866fc2a6280
The reverted commit sha is - dfced8b222d07dc507520559f51ba61d4bca2c73
Commit message - Merge pull request #360 from shama/patch-code-formatting

Code consistency formatting tweaks
The original commit sha is - 9b4d830bc3f9fb574d02e3604e865866fc2a6280
Commit message - Merge pull request #361 from shama/patch-route-docblocks

Move Route docblocks to make text available in the API
-----------------------------------------------------------------

Revert diff pair 1 is -> 
{ 3e54ffd8c12b6e501a0754b0e651d22087f4da0d -> ba6f3c17fa36f27a36e87fe9dbba84ce9337e516 } is a revert
{ cfe38985cfa2d2352fb86e649b7094fc0cd145bb -> 3fa0bdb60fe791b9fc766af5bff8838b3cd1eaf1 }
Revert commits SHA are -> 
ba6f3c17fa36f27a36e87fe9dbba84ce9337e516 - revert - 3fa0bdb60fe791b9fc766af5bff8838b3cd1eaf1
The reverted commit sha is - ba6f3c17fa36f27a36e87fe9dbba84ce9337e516
Commit message - Fix missing objects in App::objects()

App::objects() should include core objects when asking
for application objects.
The original commit sha is - 3fa0bdb60fe791b9fc766af5bff8838b3cd1eaf1
Commit message - Revert "Fix missing objects in App::objects()"

This change caused non controller objects to show in the
controller list.  Reverting until a better implementation
can be done.

This reverts commit ba6f3c17fa36f27a36e87fe9dbba84ce9337e516.
-----------------------------------------------------------------

Revert diff pair 1 is -> 
{ 95168cee6e4a75f85ed414e7be48c93eb9d49929 -> 123873b4d817aacc9b7e7764fa04c73122ef486e } is a revert
{ 1e1671ab7fc28532cec14808fcbd19b321ff21b8 -> da6a5fa301cb1d30c12bf9d3fb1d76f5e9288336 }
Revert commits SHA are -> 
123873b4d817aacc9b7e7764fa04c73122ef486e - revert - da6a5fa301cb1d30c12bf9d3fb1d76f5e9288336
The reverted commit sha is - 123873b4d817aacc9b7e7764fa04c73122ef486e
Commit message - Updating DboSource test to account for formatting of floats done in mysql/postgresql.
The original commit sha is - da6a5fa301cb1d30c12bf9d3fb1d76f5e9288336
Commit message - Fixing failing tests for float formatting.
-----------------------------------------------------------------

Revert diff pair 1 is -> 
{ d7090146fec2e95937d8a3fa91f49297cd5b9dc0 -> 785c80ba888939fcf074296c05f13f12a6d7ad45 } is a revert
{ 785c80ba888939fcf074296c05f13f12a6d7ad45 -> 84622da419cacf575fa9bdc6701cb13b6ab61e3d }
Revert commits SHA are -> 
785c80ba888939fcf074296c05f13f12a6d7ad45 - revert - 84622da419cacf575fa9bdc6701cb13b6ab61e3d
The reverted commit sha is - 785c80ba888939fcf074296c05f13f12a6d7ad45
Commit message - Added missing string concatenator to lib/Cake/Views/pages/home.ctp.
The original commit sha is - 84622da419cacf575fa9bdc6701cb13b6ab61e3d
Commit message - Merge pull request #75 from tPl0ch/2.0-gitignore

Added renamed 'app/Config' to .gitignore.
-----------------------------------------------------------------

Revert diff pair 1 is -> 
{ 75998ca91819528b4498ff0a5a6d131bda957050 -> 5e9323a71f200208bd656f171e214fc023bc90bb } is a revert
{ 5e9323a71f200208bd656f171e214fc023bc90bb -> b0eaf278108d96f0874326649c85a60262244445 }
Revert commits SHA are -> 
5e9323a71f200208bd656f171e214fc023bc90bb - revert - b0eaf278108d96f0874326649c85a60262244445
The reverted commit sha is - 5e9323a71f200208bd656f171e214fc023bc90bb
Commit message - make the mssql test at least runnable
The original commit sha is - b0eaf278108d96f0874326649c85a60262244445
Commit message - also check for "binary"
-----------------------------------------------------------------

Revert diff pair 1 is -> 
{ 37d26f29234978c59efcd11189aa6e1c1462e502 -> f11b153d80c284853d18df6b1946e600f91f29dc } is a revert
{ b91f6eb991758957a66750b753dc467b4defd15d -> 24bf56b44e056cc525585ead4b920d4adb7a8902 }
Revert commits SHA are -> 
f11b153d80c284853d18df6b1946e600f91f29dc - revert - 24bf56b44e056cc525585ead4b920d4adb7a8902
The reverted commit sha is - f11b153d80c284853d18df6b1946e600f91f29dc
Commit message - Removed the value method from MSSQL. It is provided by DboDatasource now.
The original commit sha is - 24bf56b44e056cc525585ead4b920d4adb7a8902
Commit message - Revert "Removed the value method from MSSQL. It is provided by DboDatasource now."

This reverts commit bf0fb8302385d384239939df2ea6bc6f1a8dbaa0.
-----------------------------------------------------------------

Revert diff pair 1 is -> 
{ fd248acadd0472607ef9f2ea661606b44956726c -> 00016c515d8fd09b8e97e56121491f881ae827c9 } is a revert
{ ff5365d6abc82c4683c5554e2e777dd986df4a83 -> 3b896a82efa5d44528a6c1a2cd3c464380eb28d0 }
Revert commits SHA are -> 
00016c515d8fd09b8e97e56121491f881ae827c9 - revert - 3b896a82efa5d44528a6c1a2cd3c464380eb28d0
The reverted commit sha is - 00016c515d8fd09b8e97e56121491f881ae827c9
Commit message - Removing the methods from Email component. Tests commentds until adjust the code to BC.
The original commit sha is - 3b896a82efa5d44528a6c1a2cd3c464380eb28d0
Commit message - Revert "Removing the methods from Email component. Tests commentds until adjust the code to BC."

This reverts commit 00016c515d8fd09b8e97e56121491f881ae827c9.
-----------------------------------------------------------------

Revert diff pair 1 is -> 
{ 0492a188ed0d2a37e8ed22ca1bf55b177b358eec -> 7f70c8a95d1318b49d57e09fc3f63998cfa11b63 } is a revert
{ a5dd06b54cf4d0a1d792bf7da63de225c0cc8cbd -> 68e176b515fbdf4c3212ff696d4f902f01e1984b }
Revert commits SHA are -> 
7f70c8a95d1318b49d57e09fc3f63998cfa11b63 - revert - 68e176b515fbdf4c3212ff696d4f902f01e1984b
The reverted commit sha is - 7f70c8a95d1318b49d57e09fc3f63998cfa11b63
Commit message - Removing a test that doesn't need to be implemented.
The original commit sha is - 68e176b515fbdf4c3212ff696d4f902f01e1984b
Commit message - Adding tests for plain output.
-----------------------------------------------------------------

Revert diff pair 1 is -> 
{ 913d54caa010b239a58f1934406bd388f4d6941f -> 6f2cee65b670d0df1115face2a476b607c7321d8 } is a revert
{ 6f2cee65b670d0df1115face2a476b607c7321d8 -> b054e122f1edead4351a3b2bfe34ebe3a117c36f }
Revert commits SHA are -> 
6f2cee65b670d0df1115face2a476b607c7321d8 - revert - b054e122f1edead4351a3b2bfe34ebe3a117c36f
The reverted commit sha is - 6f2cee65b670d0df1115face2a476b607c7321d8
Commit message - Fix removed valid() test.
The original commit sha is - b054e122f1edead4351a3b2bfe34ebe3a117c36f
Commit message - Comment out testValid() for SessionHelper
-----------------------------------------------------------------

Revert diff pair 1 is -> 
{ d3b257fffb1cb082630a89146a92d2a6a8d13d04 -> 5dce79e42488c8cc3e1c987bafba059b6d232748 } is a revert
{ 5dce79e42488c8cc3e1c987bafba059b6d232748 -> a6f60c1abb4842c1d66a022fb76c05c9d28cd08f }
Revert commits SHA are -> 
5dce79e42488c8cc3e1c987bafba059b6d232748 - revert - a6f60c1abb4842c1d66a022fb76c05c9d28cd08f
The reverted commit sha is - 5dce79e42488c8cc3e1c987bafba059b6d232748
Commit message - First steps into removing internal usage of File and Folder class in favor of SPL equivalents
The original commit sha is - a6f60c1abb4842c1d66a022fb76c05c9d28cd08f
Commit message - Implementing cache lockig in FileEngine using SplFileObject
-----------------------------------------------------------------

Revert diff pair 1 is -> 
{ 977f897a856a8803a8a4e8343fbae01d18b4f58b -> d3b257fffb1cb082630a89146a92d2a6a8d13d04 } is a revert
{ d3b257fffb1cb082630a89146a92d2a6a8d13d04 -> 5dce79e42488c8cc3e1c987bafba059b6d232748 }
Revert commits SHA are -> 
d3b257fffb1cb082630a89146a92d2a6a8d13d04 - revert - 5dce79e42488c8cc3e1c987bafba059b6d232748
The reverted commit sha is - d3b257fffb1cb082630a89146a92d2a6a8d13d04
Commit message - Implementing cache lockig in FileEngine using SplFileObject
The original commit sha is - 5dce79e42488c8cc3e1c987bafba059b6d232748
Commit message - First steps into removing internal usage of File and Folder class in favor of SPL equivalents
-----------------------------------------------------------------

Revert diff pair 1 is -> 
{ f65e481ebfac7d22bcf5f144c8f3009d177c41d7 -> e896901595486cadb5349ef1c7d4a3cbec938812 } is a revert
{ 9ddbd6f68689e43668264443a55ff28b1df6da9f -> e0b4e3dd96447391bed3d52bf6ce56550e61d9a6 }
Revert commits SHA are -> 
e896901595486cadb5349ef1c7d4a3cbec938812 - revert - e0b4e3dd96447391bed3d52bf6ce56550e61d9a6
The reverted commit sha is - e896901595486cadb5349ef1c7d4a3cbec938812
Commit message - Merge branch '2.0' of git://github.com/predominant/cakephp1x into 2.0
The original commit sha is - e0b4e3dd96447391bed3d52bf6ce56550e61d9a6
Commit message - Merge branch '2.0' of git://github.com/predominant/cakephp1x into 2.0
-----------------------------------------------------------------

Revert diff pair 1 is -> 
{ 557a6343f9af17338cba809b18dce665507de537 -> 4e539160217f5520a1dcd1efe00290868e9850e2 } is a revert
{ 4e539160217f5520a1dcd1efe00290868e9850e2 -> da3103379ee564b9382fda660bc0be09226c58fd }
Revert commits SHA are -> 
4e539160217f5520a1dcd1efe00290868e9850e2 - revert - da3103379ee564b9382fda660bc0be09226c58fd
The reverted commit sha is - 4e539160217f5520a1dcd1efe00290868e9850e2
Commit message - Change URL Validation to use filter_var
The original commit sha is - da3103379ee564b9382fda660bc0be09226c58fd
Commit message - Revert "Change URL Validation to use filter_var"

This reverts commit 4e539160217f5520a1dcd1efe00290868e9850e2.
-----------------------------------------------------------------

Revert diff pair 1 is -> 
{ 9f601ea334e6bd7b1b2b426f1c0b0a6a5340d2a1 -> 05af213d59c465f484cf8ce0228de1f8e1238163 } is a revert
{ c38249ac286d3b04b602df564ce874acdde17eb5 -> 30e6c57a96701329e4b4801dc379a44ab79c1bff }
Revert commits SHA are -> 
05af213d59c465f484cf8ce0228de1f8e1238163 - revert - 30e6c57a96701329e4b4801dc379a44ab79c1bff
The reverted commit sha is - 05af213d59c465f484cf8ce0228de1f8e1238163
Commit message - Merge branch '1.3' of git@github.com:cakephp/cakephp1x into 1.3
The original commit sha is - 30e6c57a96701329e4b4801dc379a44ab79c1bff
Commit message - Merge branch '1.3' of github.com:cakephp/cakephp1x into 1.3
-----------------------------------------------------------------

Revert diff pair 1 is -> 
{ f10d7dde75ff50b3f6c251590e6c73524d3d7284 -> 1f6bc5613def555aceaeb951f3af6dfc7a71726a } is a revert
{ ab666f8ea74a2592ce80cbe45d64e95a92fec4ae -> 668a791171886c55d169625cac4bf8c93ff0c4c2 }
Revert commits SHA are -> 
1f6bc5613def555aceaeb951f3af6dfc7a71726a - revert - 668a791171886c55d169625cac4bf8c93ff0c4c2
The reverted commit sha is - 1f6bc5613def555aceaeb951f3af6dfc7a71726a
Commit message - Merge branch '1.3' of github.com:cakephp/cakephp1x into 1.3
The original commit sha is - 668a791171886c55d169625cac4bf8c93ff0c4c2
Commit message - Merge branch '1.3' of github.com:cakephp/cakephp1x into 1.3
-----------------------------------------------------------------

Revert diff pair 1 is -> 
{ 0e09fee3b1988aacb176beea461e7aaab526e7f0 -> 92ff9ccae0e5f009d4f82dce6dcf4dcdb4205300 } is a revert
{ 1f6bc5613def555aceaeb951f3af6dfc7a71726a -> ab666f8ea74a2592ce80cbe45d64e95a92fec4ae }
Revert commits SHA are -> 
92ff9ccae0e5f009d4f82dce6dcf4dcdb4205300 - revert - ab666f8ea74a2592ce80cbe45d64e95a92fec4ae
The reverted commit sha is - 92ff9ccae0e5f009d4f82dce6dcf4dcdb4205300
Commit message - Merge branch '1.3' of github.com:cakephp/cakephp1x into 1.3
The original commit sha is - ab666f8ea74a2592ce80cbe45d64e95a92fec4ae
Commit message - Revert "Adjusting EmailComponent Boundary creation to occur for all generated email. Fixes #14."

This reverts commit b50b5922fd4fff06f5e1a93bdb4a181890d6bff0.
-----------------------------------------------------------------

Revert diff pair 1 is -> 
{ 5203397a6a2631fd14077f8eb8b151950284be4a -> f10d7dde75ff50b3f6c251590e6c73524d3d7284 } is a revert
{ f10d7dde75ff50b3f6c251590e6c73524d3d7284 -> 1f6bc5613def555aceaeb951f3af6dfc7a71726a }
Revert commits SHA are -> 
f10d7dde75ff50b3f6c251590e6c73524d3d7284 - revert - 1f6bc5613def555aceaeb951f3af6dfc7a71726a
The reverted commit sha is - f10d7dde75ff50b3f6c251590e6c73524d3d7284
Commit message - Updating version numbers. to 1.3.0-beta
The original commit sha is - 1f6bc5613def555aceaeb951f3af6dfc7a71726a
Commit message - Merge branch '1.3' of github.com:cakephp/cakephp1x into 1.3
-----------------------------------------------------------------

Revert diff pair 1 is -> 
{ 4f6e9d48732bfd310f0786dcd55235de0b45d63e -> 0221a81b331cd7ade153b319e54b85cde7698cb3 } is a revert
{ 0221a81b331cd7ade153b319e54b85cde7698cb3 -> 1613b849d154a9ba823de5ba7af0e1ffa8b65e00 }
Revert commits SHA are -> 
0221a81b331cd7ade153b319e54b85cde7698cb3 - revert - 1613b849d154a9ba823de5ba7af0e1ffa8b65e00
The reverted commit sha is - 0221a81b331cd7ade153b319e54b85cde7698cb3
Commit message - Fixing missed string.
The original commit sha is - 1613b849d154a9ba823de5ba7af0e1ffa8b65e00
Commit message - Correcting typos.
-----------------------------------------------------------------

Revert diff pair 1 is -> 
{ 94c01ac7b443869c4f2e4a0507f36485e71f5615 -> be7ade3a4c80f1170d6a679ba7abc11c95ff14bb } is a revert
{ 5f87f74b0958718d4071079cd2e0a8dc508c7f66 -> b6d067047f853d3e97afb533e734ebebe3c881d5 }
Revert commits SHA are -> 
be7ade3a4c80f1170d6a679ba7abc11c95ff14bb - revert - b6d067047f853d3e97afb533e734ebebe3c881d5
The reverted commit sha is - be7ade3a4c80f1170d6a679ba7abc11c95ff14bb
Commit message - Support for non-valid cookie values, fixes #6327

git-svn-id: https://svn.cakephp.org/repo/branches/1.2.x.x@8164 3807eeeb-6ff5-0310-8944-8be069107fe0
The original commit sha is - b6d067047f853d3e97afb533e734ebebe3c881d5
Commit message - Merge branch 'local/svn/1.2.x.x' into 1.2
-----------------------------------------------------------------

Revert diff pair 1 is -> 
{ 94c01ac7b443869c4f2e4a0507f36485e71f5615 -> be7ade3a4c80f1170d6a679ba7abc11c95ff14bb } is a revert
{ d41a28c975a4bad5f52dddef3f67796084e3b2b5 -> 92fd7cf6f3adec73146c0fd4a5cb530be5e25870 }
Revert commits SHA are -> 
be7ade3a4c80f1170d6a679ba7abc11c95ff14bb - revert - 92fd7cf6f3adec73146c0fd4a5cb530be5e25870
The reverted commit sha is - be7ade3a4c80f1170d6a679ba7abc11c95ff14bb
Commit message - Support for non-valid cookie values, fixes #6327

git-svn-id: https://svn.cakephp.org/repo/branches/1.2.x.x@8164 3807eeeb-6ff5-0310-8944-8be069107fe0
The original commit sha is - 92fd7cf6f3adec73146c0fd4a5cb530be5e25870
Commit message - Merge branch 'local/svn/1.2.x.x' into 1.2
-----------------------------------------------------------------

Revert diff pair 1 is -> 
{ 94c01ac7b443869c4f2e4a0507f36485e71f5615 -> be7ade3a4c80f1170d6a679ba7abc11c95ff14bb } is a revert
{ 9d7b5608178f2a0e690a74223e6b3f4ca0674305 -> b2c3000a360b085cd9df3123fe5295ea5eed447f }
Revert commits SHA are -> 
be7ade3a4c80f1170d6a679ba7abc11c95ff14bb - revert - b2c3000a360b085cd9df3123fe5295ea5eed447f
The reverted commit sha is - be7ade3a4c80f1170d6a679ba7abc11c95ff14bb
Commit message - Support for non-valid cookie values, fixes #6327

git-svn-id: https://svn.cakephp.org/repo/branches/1.2.x.x@8164 3807eeeb-6ff5-0310-8944-8be069107fe0
The original commit sha is - b2c3000a360b085cd9df3123fe5295ea5eed447f
Commit message - Merge branch 'local/svn/1.2.x.x' into 1.2
-----------------------------------------------------------------

Revert diff pair 1 is -> 
{ 94c01ac7b443869c4f2e4a0507f36485e71f5615 -> be7ade3a4c80f1170d6a679ba7abc11c95ff14bb } is a revert
{ f2b7a26be8d125fc46fb4f816ae3b0fd5e6e53bf -> ea6a80d4199a3acc1f916e6dbf0e0b2c2c01c9b1 }
Revert commits SHA are -> 
be7ade3a4c80f1170d6a679ba7abc11c95ff14bb - revert - ea6a80d4199a3acc1f916e6dbf0e0b2c2c01c9b1
The reverted commit sha is - be7ade3a4c80f1170d6a679ba7abc11c95ff14bb
Commit message - Support for non-valid cookie values, fixes #6327

git-svn-id: https://svn.cakephp.org/repo/branches/1.2.x.x@8164 3807eeeb-6ff5-0310-8944-8be069107fe0
The original commit sha is - ea6a80d4199a3acc1f916e6dbf0e0b2c2c01c9b1
Commit message - Merge branch 'local/svn/1.2.x.x' into 1.2
-----------------------------------------------------------------

Revert diff pair 1 is -> 
{ 94c01ac7b443869c4f2e4a0507f36485e71f5615 -> be7ade3a4c80f1170d6a679ba7abc11c95ff14bb } is a revert
{ f983340d217d604f42ef07c1bb2f3502468c653e -> bbb5642bd09001b2cf54ea3289ebd706e6231021 }
Revert commits SHA are -> 
be7ade3a4c80f1170d6a679ba7abc11c95ff14bb - revert - bbb5642bd09001b2cf54ea3289ebd706e6231021
The reverted commit sha is - be7ade3a4c80f1170d6a679ba7abc11c95ff14bb
Commit message - Support for non-valid cookie values, fixes #6327

git-svn-id: https://svn.cakephp.org/repo/branches/1.2.x.x@8164 3807eeeb-6ff5-0310-8944-8be069107fe0
The original commit sha is - bbb5642bd09001b2cf54ea3289ebd706e6231021
Commit message - Merge branch 'local/svn/1.2.x.x' into 1.2
-----------------------------------------------------------------

Revert diff pair 1 is -> 
{ 94c01ac7b443869c4f2e4a0507f36485e71f5615 -> be7ade3a4c80f1170d6a679ba7abc11c95ff14bb } is a revert
{ d2b4995e439430caab2613b13fe006ba36cf25c9 -> 57498933261f515ce6c8a80659be9cd7a046d781 }
Revert commits SHA are -> 
be7ade3a4c80f1170d6a679ba7abc11c95ff14bb - revert - 57498933261f515ce6c8a80659be9cd7a046d781
The reverted commit sha is - be7ade3a4c80f1170d6a679ba7abc11c95ff14bb
Commit message - Support for non-valid cookie values, fixes #6327

git-svn-id: https://svn.cakephp.org/repo/branches/1.2.x.x@8164 3807eeeb-6ff5-0310-8944-8be069107fe0
The original commit sha is - 57498933261f515ce6c8a80659be9cd7a046d781
Commit message - Merge branch 'local/svn/1.2.x.x' into 1.2
-----------------------------------------------------------------

Revert diff pair 1 is -> 
{ 94c01ac7b443869c4f2e4a0507f36485e71f5615 -> be7ade3a4c80f1170d6a679ba7abc11c95ff14bb } is a revert
{ c4878cf95d39593061f7ee368dd95d945a7fc9b0 -> 6535e6225c5961781699f6afedba8b438045e083 }
Revert commits SHA are -> 
be7ade3a4c80f1170d6a679ba7abc11c95ff14bb - revert - 6535e6225c5961781699f6afedba8b438045e083
The reverted commit sha is - be7ade3a4c80f1170d6a679ba7abc11c95ff14bb
Commit message - Support for non-valid cookie values, fixes #6327

git-svn-id: https://svn.cakephp.org/repo/branches/1.2.x.x@8164 3807eeeb-6ff5-0310-8944-8be069107fe0
The original commit sha is - 6535e6225c5961781699f6afedba8b438045e083
Commit message - merging 1.2
-----------------------------------------------------------------

Revert diff pair 1 is -> 
{ 9f7e3a30608c88909c9fb41bbd0b307b1eed8f08 -> aed9872ce20acf9700add9f05bceb5ee002221b9 } is a revert
{ 1a6a0d1788b7f9bd9a29e58461bca8fa79e5b119 -> d5b21b68a514017c5ea18d39ca527c0e799b1086 }
Revert commits SHA are -> 
aed9872ce20acf9700add9f05bceb5ee002221b9 - revert - d5b21b68a514017c5ea18d39ca527c0e799b1086
The reverted commit sha is - aed9872ce20acf9700add9f05bceb5ee002221b9
Commit message - removing startQuote/endQuote from Model::getColumnType() closes #5719

git-svn-id: https://svn.cakephp.org/repo/branches/1.2.x.x@7857 3807eeeb-6ff5-0310-8944-8be069107fe0
The original commit sha is - d5b21b68a514017c5ea18d39ca527c0e799b1086
Commit message - reverting changes to model from [7857], start/endQuote added to datasource

git-svn-id: https://svn.cakephp.org/repo/branches/1.2.x.x@7860 3807eeeb-6ff5-0310-8944-8be069107fe0
-----------------------------------------------------------------

Revert diff pair 1 is -> 
{ 1fa99399652f9b79638ff3c75fe8f429fbd5d45a -> 34b4ecb9c233b46079d6cfeac4f7817a19c3ed09 } is a revert
{ 34b4ecb9c233b46079d6cfeac4f7817a19c3ed09 -> abfaf859554bb5e5a34b3e4a27dcbe45bba4e096 }
Revert commits SHA are -> 
34b4ecb9c233b46079d6cfeac4f7817a19c3ed09 - revert - abfaf859554bb5e5a34b3e4a27dcbe45bba4e096
The reverted commit sha is - 34b4ecb9c233b46079d6cfeac4f7817a19c3ed09
Commit message - correcting usage of feof in CakeSocket::read()

git-svn-id: https://svn.cakephp.org/repo/branches/1.2.x.x@7456 3807eeeb-6ff5-0310-8944-8be069107fe0
The original commit sha is - abfaf859554bb5e5a34b3e4a27dcbe45bba4e096
Commit message - reverting change to CakeSocket::read()

git-svn-id: https://svn.cakephp.org/repo/branches/1.2.x.x@7457 3807eeeb-6ff5-0310-8944-8be069107fe0
-----------------------------------------------------------------

Revert diff pair 1 is -> 
{ c3d266e27dfb4b2eef8105cfde5210ae66189aee -> c269f5c3836004319e0a77507dbf9d483f0c2668 } is a revert
{ 2a0f5dd041da69ee981c71d9b637aee597ae4139 -> 4eedbd536c2604dc0be635d779afd4889236f519 }
Revert commits SHA are -> 
c269f5c3836004319e0a77507dbf9d483f0c2668 - revert - 4eedbd536c2604dc0be635d779afd4889236f519
The reverted commit sha is - c269f5c3836004319e0a77507dbf9d483f0c2668
Commit message - Applied patch by 'adj', closes #4637


git-svn-id: https://svn.cakephp.org/repo/branches/1.2.x.x@6957 3807eeeb-6ff5-0310-8944-8be069107fe0
The original commit sha is - 4eedbd536c2604dc0be635d779afd4889236f519
Commit message - Rolling back table-drop fixture change until it can be made compatible with all databases


git-svn-id: https://svn.cakephp.org/repo/branches/1.2.x.x@6985 3807eeeb-6ff5-0310-8944-8be069107fe0
-----------------------------------------------------------------

Revert diff pair 1 is -> 
{ 9aa1d645ab7466769ad3fac39c00a890a8f23ce6 -> df24fff1a2623089ea299d0e846c8a13859a68f5 } is a revert
{ df24fff1a2623089ea299d0e846c8a13859a68f5 -> 751a1b7cf73ff6a343796f2334e752f541427545 }
Revert commits SHA are -> 
df24fff1a2623089ea299d0e846c8a13859a68f5 - revert - 751a1b7cf73ff6a343796f2334e752f541427545
The reverted commit sha is - df24fff1a2623089ea299d0e846c8a13859a68f5
Commit message - Paginator Helper prev and next methods are now wrapped in span tags instead of div tags. Tests also modified to support this. Closes #3991

git-svn-id: https://svn.cakephp.org/repo/branches/1.2.x.x@6795 3807eeeb-6ff5-0310-8944-8be069107fe0
The original commit sha is - 751a1b7cf73ff6a343796f2334e752f541427545
Commit message - Reverting [6795] as it changes existing behavior

git-svn-id: https://svn.cakephp.org/repo/branches/1.2.x.x@6796 3807eeeb-6ff5-0310-8944-8be069107fe0
-----------------------------------------------------------------

Revert diff pair 1 is -> 
{ c74b83ca7f8b3c9a0905ed82decc9810dba17887 -> 25033f1599df3d5a9616a2c31fb3391a3676e057 } is a revert
{ 85cd5adaf18e990ae39e5506886788f58eb0bce5 -> 5cb193db6e97d368e278ec33efb40ace61c66cc9 }
Revert commits SHA are -> 
25033f1599df3d5a9616a2c31fb3391a3676e057 - revert - 5cb193db6e97d368e278ec33efb40ace61c66cc9
The reverted commit sha is - 25033f1599df3d5a9616a2c31fb3391a3676e057
Commit message - removing two Router::url() relevant test cases for cli test reporting

git-svn-id: https://svn.cakephp.org/repo/branches/1.2.x.x@6757 3807eeeb-6ff5-0310-8944-8be069107fe0
The original commit sha is - 5cb193db6e97d368e278ec33efb40ace61c66cc9
Commit message - putting RouterTest::testFullBaseURL() back into place for CLI test reporting

git-svn-id: https://svn.cakephp.org/repo/branches/1.2.x.x@6762 3807eeeb-6ff5-0310-8944-8be069107fe0
-----------------------------------------------------------------

Revert diff pair 1 is -> 
{ fb4244bb892f8445c9fb6e41f1fa02d0c84135c1 -> 3120d055f9746b311f8507b7ed8b89a8f7c88035 } is a revert
{ 9d5435266e76932189bd76fe990906e732385ba6 -> 61882940a4eeef8ac35fc605d32d9703cd3aa255 }
Revert commits SHA are -> 
3120d055f9746b311f8507b7ed8b89a8f7c88035 - revert - 61882940a4eeef8ac35fc605d32d9703cd3aa255
The reverted commit sha is - 3120d055f9746b311f8507b7ed8b89a8f7c88035
Commit message - Got HttpSocket tests to pass again

git-svn-id: https://svn.cakephp.org/repo/branches/1.2.x.x@6465 3807eeeb-6ff5-0310-8944-8be069107fe0
The original commit sha is - 61882940a4eeef8ac35fc605d32d9703cd3aa255
Commit message - Reverted test case change

git-svn-id: https://svn.cakephp.org/repo/branches/1.2.x.x@6467 3807eeeb-6ff5-0310-8944-8be069107fe0
-----------------------------------------------------------------

Revert diff pair 1 is -> 
{ b96a3a2e6f9158a49ade1fe0a22ede32be96baf5 -> 9c6f44006ffd7287386902119e8d7a349abed232 } is a revert
{ 3b2e24d6ef39fe107ab3292996b5b3d70d528d32 -> 04934fdb2fa8b4079a85ccd4792b9f9bfc7fd4ff }
Revert commits SHA are -> 
9c6f44006ffd7287386902119e8d7a349abed232 - revert - 04934fdb2fa8b4079a85ccd4792b9f9bfc7fd4ff
The reverted commit sha is - 9c6f44006ffd7287386902119e8d7a349abed232
Commit message - "Closes #3012"

git-svn-id: https://svn.cakephp.org/repo/branches/1.2.x.x@6249 3807eeeb-6ff5-0310-8944-8be069107fe0
The original commit sha is - 04934fdb2fa8b4079a85ccd4792b9f9bfc7fd4ff
Commit message - Reverting [6249] and [6250] this commit broke the working implementation.
Closes #3810

git-svn-id: https://svn.cakephp.org/repo/branches/1.2.x.x@6344 3807eeeb-6ff5-0310-8944-8be069107fe0
-----------------------------------------------------------------

Revert diff pair 1 is -> 
{ c0bd6b4104242c02ff365467a971c110086d21e8 -> acc94e2fec0df4b1c12deaa81dfe5c2faeb0b1d6 } is a revert
{ acc94e2fec0df4b1c12deaa81dfe5c2faeb0b1d6 -> 22334ac248ab3c39381ad30c1d54f6da466b65f3 }
Revert commits SHA are -> 
acc94e2fec0df4b1c12deaa81dfe5c2faeb0b1d6 - revert - 22334ac248ab3c39381ad30c1d54f6da466b65f3
The reverted commit sha is - acc94e2fec0df4b1c12deaa81dfe5c2faeb0b1d6
Commit message - "Closes #3029, Model::updateAll not quoting strings"

git-svn-id: https://svn.cakephp.org/repo/branches/1.2.x.x@6224 3807eeeb-6ff5-0310-8944-8be069107fe0
The original commit sha is - 22334ac248ab3c39381ad30c1d54f6da466b65f3
Commit message - Reverting [6224]

git-svn-id: https://svn.cakephp.org/repo/branches/1.2.x.x@6225 3807eeeb-6ff5-0310-8944-8be069107fe0
-----------------------------------------------------------------

Revert diff pair 1 is -> 
{ 7e17c42e358cf9eb50749b2daf1f6624b6322e6d -> 9b117fc4d68b99da406cdd17f9513d67aa82b676 } is a revert
{ d58b906f5cd05d0f53c945d11fb1daf8375b440e -> d7b0a5865bbd7f12b7dee8d7055b54d48539d651 }
Revert commits SHA are -> 
9b117fc4d68b99da406cdd17f9513d67aa82b676 - revert - d7b0a5865bbd7f12b7dee8d7055b54d48539d651
The reverted commit sha is - 9b117fc4d68b99da406cdd17f9513d67aa82b676
Commit message - "Fixes #3625, LOG_ERROR undefined"

git-svn-id: https://svn.cakephp.org/repo/branches/1.2.x.x@6216 3807eeeb-6ff5-0310-8944-8be069107fe0
The original commit sha is - d7b0a5865bbd7f12b7dee8d7055b54d48539d651
Commit message - "Reverting [6216]"

git-svn-id: https://svn.cakephp.org/repo/branches/1.2.x.x@6219 3807eeeb-6ff5-0310-8944-8be069107fe0
-----------------------------------------------------------------

Revert diff pair 1 is -> 
{ c8dca3c66682c60e600e224b33584d492de49ba1 -> 2e342b7eb32b1cb0b0ed29190fa643d0db7826e6 } is a revert
{ 2e342b7eb32b1cb0b0ed29190fa643d0db7826e6 -> 17f1d90eba0437b66b8dbc330cde5e3e315c0272 }
Revert commits SHA are -> 
2e342b7eb32b1cb0b0ed29190fa643d0db7826e6 - revert - 17f1d90eba0437b66b8dbc330cde5e3e315c0272
The reverted commit sha is - 2e342b7eb32b1cb0b0ed29190fa643d0db7826e6
Commit message - Adding doc comments and refactoring component

git-svn-id: https://svn.cakephp.org/repo/branches/1.2.x.x@5457 3807eeeb-6ff5-0310-8944-8be069107fe0
The original commit sha is - 17f1d90eba0437b66b8dbc330cde5e3e315c0272
Commit message - Reverting last commit to EmailComponent

git-svn-id: https://svn.cakephp.org/repo/branches/1.2.x.x@5458 3807eeeb-6ff5-0310-8944-8be069107fe0
-----------------------------------------------------------------

Revert diff pair 1 is -> 
{ 20baea33dcbba6273fb14eec847a64b4ee5987ea -> d6e6249f050f8bf08243b7945722a18096ab1027 } is a revert
{ d6e6249f050f8bf08243b7945722a18096ab1027 -> 8a3914f8dfccf2b490827d3e91f31e3518570495 }
Revert commits SHA are -> 
d6e6249f050f8bf08243b7945722a18096ab1027 - revert - 8a3914f8dfccf2b490827d3e91f31e3518570495
The reverted commit sha is - d6e6249f050f8bf08243b7945722a18096ab1027
Commit message - Renaming file to see if executable bit will remain

git-svn-id: https://svn.cakephp.org/repo/branches/1.2.x.x@5025 3807eeeb-6ff5-0310-8944-8be069107fe0
The original commit sha is - 8a3914f8dfccf2b490827d3e91f31e3518570495
Commit message - Reverting last commit

git-svn-id: https://svn.cakephp.org/repo/branches/1.2.x.x@5026 3807eeeb-6ff5-0310-8944-8be069107fe0
-----------------------------------------------------------------

Revert diff pair 1 is -> 
{ 23f559a4b079911bdf65ec922368ce81ec1461cc -> 43db90d1b9cdcac0606b038332246eb463d2b839 } is a revert
{ 476d62130996319285385b06e42e0dba3cc911d2 -> d4bd5e5dbc07f2212ec194c41f79c927478d92ad }
Revert commits SHA are -> 
43db90d1b9cdcac0606b038332246eb463d2b839 - revert - d4bd5e5dbc07f2212ec194c41f79c927478d92ad
The reverted commit sha is - 43db90d1b9cdcac0606b038332246eb463d2b839
Commit message - Adding fix for secure cookie not being destroyed 

git-svn-id: https://svn.cakephp.org/repo/branches/1.2.x.x@4541 3807eeeb-6ff5-0310-8944-8be069107fe0
The original commit sha is - d4bd5e5dbc07f2212ec194c41f79c927478d92ad
Commit message - Removing wrong delete call

git-svn-id: https://svn.cakephp.org/repo/branches/1.2.x.x@5018 3807eeeb-6ff5-0310-8944-8be069107fe0
-----------------------------------------------------------------

Revert diff pair 1 is -> 
{ 9c0d0216bc370620baa919a0d02b317a800fa958 -> 154e3ccbb1fe0f8909d9616b1a9bf16b8ee63c25 } is a revert
{ 154e3ccbb1fe0f8909d9616b1a9bf16b8ee63c25 -> 7982208113854afdfde6f1d90a719fe52b7784f1 }
Revert commits SHA are -> 
154e3ccbb1fe0f8909d9616b1a9bf16b8ee63c25 - revert - 7982208113854afdfde6f1d90a719fe52b7784f1
The reverted commit sha is - 154e3ccbb1fe0f8909d9616b1a9bf16b8ee63c25
Commit message - Refactoring FormHelper token generation


git-svn-id: https://svn.cakephp.org/repo/branches/1.2.x.x@4974 3807eeeb-6ff5-0310-8944-8be069107fe0
The original commit sha is - 7982208113854afdfde6f1d90a719fe52b7784f1
Commit message - Reverting changes in last commit

git-svn-id: https://svn.cakephp.org/repo/branches/1.2.x.x@4975 3807eeeb-6ff5-0310-8944-8be069107fe0
-----------------------------------------------------------------

Revert diff pair 1 is -> 
{ 8e92df3bbb0077f64495e0e763d602f068e149ce -> 2c906bc4c8f594585e9b74b653036b490018f271 } is a revert
{ 282bfbf4fcb4a115b39777bd488ff4058d302baa -> 804e21e869a8b46b16bf65d9b806387246e8e2a0 }
Revert commits SHA are -> 
2c906bc4c8f594585e9b74b653036b490018f271 - revert - 804e21e869a8b46b16bf65d9b806387246e8e2a0
The reverted commit sha is - 2c906bc4c8f594585e9b74b653036b490018f271
Commit message - Fixing query order in Controller::paginate() (Ticket #2201)


git-svn-id: https://svn.cakephp.org/repo/branches/1.2.x.x@4681 3807eeeb-6ff5-0310-8944-8be069107fe0
The original commit sha is - 804e21e869a8b46b16bf65d9b806387246e8e2a0
Commit message - Reverting changes made in last revision

git-svn-id: https://svn.cakephp.org/repo/branches/1.2.x.x@4685 3807eeeb-6ff5-0310-8944-8be069107fe0
-----------------------------------------------------------------

Revert diff pair 1 is -> 
{ d967e98ee1c52e9cf7fbb8c6578b2378921f4f01 -> 8eccba69ce98e9721cd91fa7807df959e65d9309 } is a revert
{ 8eccba69ce98e9721cd91fa7807df959e65d9309 -> 55e9a1eda69ef5ecba09a3bae6e7578104527304 }
Revert commits SHA are -> 
8eccba69ce98e9721cd91fa7807df959e65d9309 - revert - 55e9a1eda69ef5ecba09a3bae6e7578104527304
The reverted commit sha is - 8eccba69ce98e9721cd91fa7807df959e65d9309
Commit message - adding a return false to cache and configure

git-svn-id: https://svn.cakephp.org/repo/branches/1.2.x.x@4285 3807eeeb-6ff5-0310-8944-8be069107fe0
The original commit sha is - 55e9a1eda69ef5ecba09a3bae6e7578104527304
Commit message - Reverting changes from [4285]

git-svn-id: https://svn.cakephp.org/repo/branches/1.2.x.x@4286 3807eeeb-6ff5-0310-8944-8be069107fe0
-----------------------------------------------------------------

Revert diff pair 1 is -> 
{ b64e19073b783da6195718d53bd214c27257f413 -> e6e50dc936ce7ac3f1a62378d20b3932d9739973 } is a revert
{ e6e50dc936ce7ac3f1a62378d20b3932d9739973 -> 37329bb3851a28a5174afbb0bdd3ed7b289e6c54 }
Revert commits SHA are -> 
e6e50dc936ce7ac3f1a62378d20b3932d9739973 - revert - 37329bb3851a28a5174afbb0bdd3ed7b289e6c54
The reverted commit sha is - e6e50dc936ce7ac3f1a62378d20b3932d9739973
Commit message - Warning: Invalid argument supplied for foreach() in /project/cake/libs/controller/controller.php on line 724

Error would occur when the associated table did not contain any records

git-svn-id: https://svn.cakephp.org/repo/branches/1.2.x.x@3706 3807eeeb-6ff5-0310-8944-8be069107fe0
The original commit sha is - 37329bb3851a28a5174afbb0bdd3ed7b289e6c54
Commit message - Reverting changes in [3706]

git-svn-id: https://svn.cakephp.org/repo/branches/1.2.x.x@3707 3807eeeb-6ff5-0310-8944-8be069107fe0
-----------------------------------------------------------------

Revert diff pair 1 is -> 
{ af7856e5055fecc95dead970256e1223cac52f6d -> ebbb773c5794f8632ecf8ecb27e37e58cc3cfd50 } is a revert
{ 91f6adcfab7b9f4f4c65525ec33dd1d65af78618 -> e2ffad5a655ec9638c1c30a1fa781b45c843e762 }
Revert commits SHA are -> 
ebbb773c5794f8632ecf8ecb27e37e58cc3cfd50 - revert - e2ffad5a655ec9638c1c30a1fa781b45c843e762
The reverted commit sha is - ebbb773c5794f8632ecf8ecb27e37e58cc3cfd50
Commit message - Moving session_start to CakeSession::__begin()
Fixes #1442 

git-svn-id: https://svn.cakephp.org/repo/branches/1.2.x.x@3622 3807eeeb-6ff5-0310-8944-8be069107fe0
The original commit sha is - e2ffad5a655ec9638c1c30a1fa781b45c843e762
Commit message - Reverting changes made in [3622] and reopening ticket #1442

git-svn-id: https://svn.cakephp.org/repo/branches/1.2.x.x@3630 3807eeeb-6ff5-0310-8944-8be069107fe0
-----------------------------------------------------------------

Revert diff pair 1 is -> 
{ 1842759ed4dc0decf4a0551426013326b40f5a5a -> 0544a063f6cda87e172bda80faf356146c7b60b9 } is a revert
{ 0544a063f6cda87e172bda80faf356146c7b60b9 -> d88f2bae9a2b6a44a92866432b5a9de4bcb68de0 }
Revert commits SHA are -> 
0544a063f6cda87e172bda80faf356146c7b60b9 - revert - d88f2bae9a2b6a44a92866432b5a9de4bcb68de0
The reverted commit sha is - 0544a063f6cda87e172bda80faf356146c7b60b9
Commit message - Adding 1.2 fix for Ticket #1442


git-svn-id: https://svn.cakephp.org/repo/branches/1.2.x.x@3616 3807eeeb-6ff5-0310-8944-8be069107fe0
The original commit sha is - d88f2bae9a2b6a44a92866432b5a9de4bcb68de0
Commit message - Reverting changes made to the Session class related to #1442

git-svn-id: https://svn.cakephp.org/repo/branches/1.2.x.x@3617 3807eeeb-6ff5-0310-8944-8be069107fe0
-----------------------------------------------------------------

Revert diff pair 1 is -> 
{ 08948afbd82e7acab92c29304b06614efb2d2cb3 -> 79ad31c514e73b24380a5760b020b3a45dca0fa2 } is a revert
{ 79ad31c514e73b24380a5760b020b3a45dca0fa2 -> 6cc9c12839bf62ddabfdb07d84cc543573f64ca2 }
Revert commits SHA are -> 
79ad31c514e73b24380a5760b020b3a45dca0fa2 - revert - 6cc9c12839bf62ddabfdb07d84cc543573f64ca2
The reverted commit sha is - 79ad31c514e73b24380a5760b020b3a45dca0fa2
Commit message - Adding fix for #833.
Fixes recursive >=1 when using Model::findCount();
Removed all fields being added to the query.

git-svn-id: https://svn.cakephp.org/repo/branches/1.2.x.x@3519 3807eeeb-6ff5-0310-8944-8be069107fe0
The original commit sha is - 6cc9c12839bf62ddabfdb07d84cc543573f64ca2
Commit message - reverting changes made in [3519]

git-svn-id: https://svn.cakephp.org/repo/branches/1.2.x.x@3520 3807eeeb-6ff5-0310-8944-8be069107fe0
-----------------------------------------------------------------

Revert diff pair 1 is -> 
{ 8a77108c4485935286f8d669ecb00455f21647f5 -> c56670c1e399d4a00354ff03248667c9c73fd36d } is a revert
{ c56670c1e399d4a00354ff03248667c9c73fd36d -> 6d17d0d6084e807cbc4c3e4f2aa816eefc7a1a64 }
Revert commits SHA are -> 
c56670c1e399d4a00354ff03248667c9c73fd36d - revert - 6d17d0d6084e807cbc4c3e4f2aa816eefc7a1a64
The reverted commit sha is - c56670c1e399d4a00354ff03248667c9c73fd36d
Commit message - Adding a bootstrap file to remove need to edit index.php anymore

git-svn-id: https://svn.cakephp.org/repo/trunk/cake@1811 3807eeeb-6ff5-0310-8944-8be069107fe0
The original commit sha is - 6d17d0d6084e807cbc4c3e4f2aa816eefc7a1a64
Commit message - Committed to wrong location

git-svn-id: https://svn.cakephp.org/repo/trunk/cake@1812 3807eeeb-6ff5-0310-8944-8be069107fe0
-----------------------------------------------------------------

Revert diff pair 1 is -> 
{ d44a364285f1797b165564449102cf525692c754 -> 111e8076c3e6653938451edd2a4321991fdbf9c2 } is a revert
{ 111e8076c3e6653938451edd2a4321991fdbf9c2 -> 2c99d184f2d32e14340d4208fd45823ca9b56608 }
Revert commits SHA are -> 
111e8076c3e6653938451edd2a4321991fdbf9c2 - revert - 2c99d184f2d32e14340d4208fd45823ca9b56608
The reverted commit sha is - 111e8076c3e6653938451edd2a4321991fdbf9c2
Commit message - This change fixes the problem me and gwoo experienced. I didn't remove all the debug-comments, as they may still prove usefull soon. Please test if this works at your place.



git-svn-id: https://svn.cakephp.org/repo/trunk/cake@1058 3807eeeb-6ff5-0310-8944-8be069107fe0
The original commit sha is - 2c99d184f2d32e14340d4208fd45823ca9b56608
Commit message - reverting changes 

git-svn-id: https://svn.cakephp.org/repo/trunk/cake@1059 3807eeeb-6ff5-0310-8944-8be069107fe0
-----------------------------------------------------------------

Revert diff pair 1 is -> 
{ b59672754b445beb9ac9b5811972f79aecf862f5 -> a00a927cca4aecc05feadfa8234d7d785cde3aa0 } is a revert
{ a00a927cca4aecc05feadfa8234d7d785cde3aa0 -> a316884f373448d91debb3d72522d1a7cc2eef80 }
Revert commits SHA are -> 
a00a927cca4aecc05feadfa8234d7d785cde3aa0 - revert - a316884f373448d91debb3d72522d1a7cc2eef80
The reverted commit sha is - a00a927cca4aecc05feadfa8234d7d785cde3aa0
Commit message - Code formatting.



git-svn-id: https://svn.cakephp.org/repo/trunk/cake@1010 3807eeeb-6ff5-0310-8944-8be069107fe0
The original commit sha is - a316884f373448d91debb3d72522d1a7cc2eef80
Commit message - removing changes made in trunk after directory changes made on next release

git-svn-id: https://svn.cakephp.org/repo/trunk/cake@1055 3807eeeb-6ff5-0310-8944-8be069107fe0
-----------------------------------------------------------------

Revert diff pair 1 is -> 
{ 63f20284dc3bc22a55a5668b2b97c3cc9c8c1793 -> 8f4ac9bfd95553d678912f1aa96424e4947c3ee7 } is a revert
{ cbe816dc1096a0b2dd843360211ec7d320d25781 -> 4089572c5f0afc466dc36eb93c26b9c6315c1181 }
Revert commits SHA are -> 
8f4ac9bfd95553d678912f1aa96424e4947c3ee7 - revert - 4089572c5f0afc466dc36eb93c26b9c6315c1181
The reverted commit sha is - 8f4ac9bfd95553d678912f1aa96424e4947c3ee7
Commit message - testing new server and maillist

git-svn-id: https://svn.cakephp.org/repo/trunk/cake@296 3807eeeb-6ff5-0310-8944-8be069107fe0
The original commit sha is - 4089572c5f0afc466dc36eb93c26b9c6315c1181
Commit message - testing new server and maillist 4th

git-svn-id: https://svn.cakephp.org/repo/trunk/cake@299 3807eeeb-6ff5-0310-8944-8be069107fe0
-----------------------------------------------------------------

Revert diff pair 1 is -> 
{ 108db1fbcd2dfd0ee11a6108b3589b9fae0ea339 -> cbe816dc1096a0b2dd843360211ec7d320d25781 } is a revert
{ cbe816dc1096a0b2dd843360211ec7d320d25781 -> 4089572c5f0afc466dc36eb93c26b9c6315c1181 }
Revert commits SHA are -> 
cbe816dc1096a0b2dd843360211ec7d320d25781 - revert - 4089572c5f0afc466dc36eb93c26b9c6315c1181
The reverted commit sha is - cbe816dc1096a0b2dd843360211ec7d320d25781
Commit message - testing new server and maillist 3

git-svn-id: https://svn.cakephp.org/repo/trunk/cake@298 3807eeeb-6ff5-0310-8944-8be069107fe0
The original commit sha is - 4089572c5f0afc466dc36eb93c26b9c6315c1181
Commit message - testing new server and maillist 4th

git-svn-id: https://svn.cakephp.org/repo/trunk/cake@299 3807eeeb-6ff5-0310-8944-8be069107fe0
-----------------------------------------------------------------

Revert diff pair 1 is -> 
{ fe6c343771e35e952ec16dc253a5cf373b3d1e76 -> 63f20284dc3bc22a55a5668b2b97c3cc9c8c1793 } is a revert
{ 108db1fbcd2dfd0ee11a6108b3589b9fae0ea339 -> cbe816dc1096a0b2dd843360211ec7d320d25781 }
Revert commits SHA are -> 
63f20284dc3bc22a55a5668b2b97c3cc9c8c1793 - revert - cbe816dc1096a0b2dd843360211ec7d320d25781
The reverted commit sha is - 63f20284dc3bc22a55a5668b2b97c3cc9c8c1793
Commit message - testing new server

git-svn-id: https://svn.cakephp.org/repo/trunk/cake@295 3807eeeb-6ff5-0310-8944-8be069107fe0
The original commit sha is - cbe816dc1096a0b2dd843360211ec7d320d25781
Commit message - testing new server and maillist 3

git-svn-id: https://svn.cakephp.org/repo/trunk/cake@298 3807eeeb-6ff5-0310-8944-8be069107fe0
-----------------------------------------------------------------

Revert diff pair 1 is -> 
{ 8f4ac9bfd95553d678912f1aa96424e4947c3ee7 -> 108db1fbcd2dfd0ee11a6108b3589b9fae0ea339 } is a revert
{ 108db1fbcd2dfd0ee11a6108b3589b9fae0ea339 -> cbe816dc1096a0b2dd843360211ec7d320d25781 }
Revert commits SHA are -> 
108db1fbcd2dfd0ee11a6108b3589b9fae0ea339 - revert - cbe816dc1096a0b2dd843360211ec7d320d25781
The reverted commit sha is - 108db1fbcd2dfd0ee11a6108b3589b9fae0ea339
Commit message - testing new server and maillist

git-svn-id: https://svn.cakephp.org/repo/trunk/cake@297 3807eeeb-6ff5-0310-8944-8be069107fe0
The original commit sha is - cbe816dc1096a0b2dd843360211ec7d320d25781
Commit message - testing new server and maillist 3

git-svn-id: https://svn.cakephp.org/repo/trunk/cake@298 3807eeeb-6ff5-0310-8944-8be069107fe0
-----------------------------------------------------------------

Revert diff pair 1 is -> 
{ 63f20284dc3bc22a55a5668b2b97c3cc9c8c1793 -> 8f4ac9bfd95553d678912f1aa96424e4947c3ee7 } is a revert
{ 8f4ac9bfd95553d678912f1aa96424e4947c3ee7 -> 108db1fbcd2dfd0ee11a6108b3589b9fae0ea339 }
Revert commits SHA are -> 
8f4ac9bfd95553d678912f1aa96424e4947c3ee7 - revert - 108db1fbcd2dfd0ee11a6108b3589b9fae0ea339
The reverted commit sha is - 8f4ac9bfd95553d678912f1aa96424e4947c3ee7
Commit message - testing new server and maillist

git-svn-id: https://svn.cakephp.org/repo/trunk/cake@296 3807eeeb-6ff5-0310-8944-8be069107fe0
The original commit sha is - 108db1fbcd2dfd0ee11a6108b3589b9fae0ea339
Commit message - testing new server and maillist

git-svn-id: https://svn.cakephp.org/repo/trunk/cake@297 3807eeeb-6ff5-0310-8944-8be069107fe0
-----------------------------------------------------------------

Revert diff pair 1 is -> 
{ fe6c343771e35e952ec16dc253a5cf373b3d1e76 -> 63f20284dc3bc22a55a5668b2b97c3cc9c8c1793 } is a revert
{ 63f20284dc3bc22a55a5668b2b97c3cc9c8c1793 -> 8f4ac9bfd95553d678912f1aa96424e4947c3ee7 }
Revert commits SHA are -> 
63f20284dc3bc22a55a5668b2b97c3cc9c8c1793 - revert - 8f4ac9bfd95553d678912f1aa96424e4947c3ee7
The reverted commit sha is - 63f20284dc3bc22a55a5668b2b97c3cc9c8c1793
Commit message - testing new server

git-svn-id: https://svn.cakephp.org/repo/trunk/cake@295 3807eeeb-6ff5-0310-8944-8be069107fe0
The original commit sha is - 8f4ac9bfd95553d678912f1aa96424e4947c3ee7
Commit message - testing new server and maillist

git-svn-id: https://svn.cakephp.org/repo/trunk/cake@296 3807eeeb-6ff5-0310-8944-8be069107fe0
-----------------------------------------------------------------

