# of partial cherrypicks = 38
Partial Cherry-pick diff pair 1 is -> 
{ 1d7eadb92c20a2e7a1c4c45ad65fffac5e199fcf -> 9c111b0a29ca593858cd6be320a5842d8edd52d6 } is a cherrypick
{ 260050d93957beda6a9fd4b2724024b6e78d5617 -> 9e5620b5ad6c1a6b5d70ae8f2eaaaeea9ea417bd }
Partial Cherry-pick commits SHA are -> 
9c111b0a29ca593858cd6be320a5842d8edd52d6 - cherrypick - 9e5620b5ad6c1a6b5d70ae8f2eaaaeea9ea417bd
---> The cherrypicked commit sha is - 9c111b0a29ca593858cd6be320a5842d8edd52d6
Commit message - Bump to 0.8.1
---> The original commit sha is - 9e5620b5ad6c1a6b5d70ae8f2eaaaeea9ea417bd
Commit message - Remove login page, move auth on root path
---> The files with partial_cherrypicks are:-
editor/resources/stylesheets/ui/auth.less
-----------------------------------------------------------------

Partial Cherry-pick diff pair 2 is -> 
{ ce7889668aac755ecf1bba9a303dff490239be82 -> 8f9523f5bcf55e6f118e0bb77115a66e83e4d569 } is a cherrypick
{ 89769cd0b78bdaa749e0e98fc9c1e63a159e549a -> 4cd5fa83351854e89d82b3f8b0a73714b4531507 }
Partial Cherry-pick commits SHA are -> 
8f9523f5bcf55e6f118e0bb77115a66e83e4d569 - cherrypick - 4cd5fa83351854e89d82b3f8b0a73714b4531507
---> The cherrypicked commit sha is - 8f9523f5bcf55e6f118e0bb77115a66e83e4d569
Commit message - Merge pull request #366 from invokr/feature--preview

Added preview view for HTML files
---> The original commit sha is - 4cd5fa83351854e89d82b3f8b0a73714b4531507
Commit message - Merge pull request #367 from invokr/feature/stripspaces

Added option to strip trailing spaces on save
---> The files with partial_cherrypicks are:-
addons/cb.files.preview/client.js
addons/cb.files.preview/package.json
addons/cb.files.preview/settings.js
addons/cb.files.preview/stylesheets/preview.less
addons/cb.files.preview/templates/preview_html.html
addons/cb.files.preview/templates/preview_markdown.html
addons/cb.files.preview/views/preview_html.js
-----------------------------------------------------------------

Partial Cherry-pick diff pair 3 is -> 
{ df716743da50b61cc4ac8871124026fc4b1779d6 -> ce7889668aac755ecf1bba9a303dff490239be82 } is a cherrypick
{ 530b00a71b5d68d119992ce122fd5e193a443fe0 -> 89769cd0b78bdaa749e0e98fc9c1e63a159e549a }
Partial Cherry-pick commits SHA are -> 
ce7889668aac755ecf1bba9a303dff490239be82 - cherrypick - 89769cd0b78bdaa749e0e98fc9c1e63a159e549a
---> The cherrypicked commit sha is - ce7889668aac755ecf1bba9a303dff490239be82
Commit message - Added option to strip trailing spaces on save
---> The original commit sha is - 89769cd0b78bdaa749e0e98fc9c1e63a159e549a
Commit message - Added stripspaces function and corresponding menu entry
---> The files with partial_cherrypicks are:-
addons/cb.files.editor/editor/settings.js
addons/cb.files.preview/client.js
addons/cb.files.preview/package.json
addons/cb.files.preview/settings.js
addons/cb.files.preview/stylesheets/preview.less
addons/cb.files.preview/templates/preview_html.html
addons/cb.files.preview/templates/preview_markdown.html
addons/cb.files.preview/views/preview_html.js
-----------------------------------------------------------------

Partial Cherry-pick diff pair 4 is -> 
{ 29c2950c718e1a7a90e48138c4c2abcd278a9d46 -> 89a48e50aa4b87493ed6c4b573215767f217c1b0 } is a cherrypick
{ def5d47a25634be89ba561c07225ebcbcaf7cdf5 -> 7bf90abff4475bf4b8177b0058e481c8c314477a }
Partial Cherry-pick commits SHA are -> 
89a48e50aa4b87493ed6c4b573215767f217c1b0 - cherrypick - 7bf90abff4475bf4b8177b0058e481c8c314477a
---> The cherrypicked commit sha is - 89a48e50aa4b87493ed6c4b573215767f217c1b0
Commit message - Update ace build to fix autocomplete bugs, fixes #209
---> The original commit sha is - 7bf90abff4475bf4b8177b0058e481c8c314477a
Commit message - Retablish mousetrap as original 1.4.6 version
---> The files with partial_cherrypicks are:-
client/vendors/mousetrap.js
-----------------------------------------------------------------

Partial Cherry-pick diff pair 5 is -> 
{ 673d089e7b292402a2f4f13a703ebf9af005b363 -> 2c710a3c4ac2fe2c6542e4d5f6e0e1009ced0c61 } is a cherrypick
{ def5d47a25634be89ba561c07225ebcbcaf7cdf5 -> 7bf90abff4475bf4b8177b0058e481c8c314477a }
Partial Cherry-pick commits SHA are -> 
2c710a3c4ac2fe2c6542e4d5f6e0e1009ced0c61 - cherrypick - 7bf90abff4475bf4b8177b0058e481c8c314477a
---> The cherrypicked commit sha is - 2c710a3c4ac2fe2c6542e4d5f6e0e1009ced0c61
Commit message - Update ace build to disable autocomplete on empty prefix
---> The original commit sha is - 7bf90abff4475bf4b8177b0058e481c8c314477a
Commit message - Retablish mousetrap as original 1.4.6 version
---> The files with partial_cherrypicks are:-
client/vendors/mousetrap.js
-----------------------------------------------------------------

Partial Cherry-pick diff pair 6 is -> 
{ f42238f4ec978671aebfd7a993887cd70ed31e31 -> 11fc07ae8ab7feca3f8b73f602debba2272943c8 } is a cherrypick
{ e5f08ae4faae92a51af00191b94e8f31f784ba83 -> 717dc128aed7c90a458e13c24eb363c835f361ee }
Partial Cherry-pick commits SHA are -> 
11fc07ae8ab7feca3f8b73f602debba2272943c8 - cherrypick - 717dc128aed7c90a458e13c24eb363c835f361ee
---> The cherrypicked commit sha is - 11fc07ae8ab7feca3f8b73f602debba2272943c8
Commit message - support reverse proxy through a base URL with subdirectories
---> The original commit sha is - 717dc128aed7c90a458e13c24eb363c835f361ee
Commit message - Merge pull request #319 from machee/feature/subdirs

support reverse proxy through a base URL with subdirectories
---> The files with partial_cherrypicks are:-
client/core/localfs.js
client/index.html
client/models/addon.js
client/models/box.js
client/models/file.js
client/resources/stylesheets/variables.less
client/resources/templates/main.html
core/cb.offline/main.js
-----------------------------------------------------------------

Partial Cherry-pick diff pair 7 is -> 
{ 35743bdc44792b450787eb80d2f5ac37b56fc870 -> 59821c189a5b15b1b15d673df72ea367111f991d } is a cherrypick
{ 142bd20cac45d28538a8ae5504ee3f8a316230cb -> 8e7c7caadaa26a31e9596d12b0cfaf0608cf7396 }
Partial Cherry-pick commits SHA are -> 
59821c189a5b15b1b15d673df72ea367111f991d - cherrypick - 8e7c7caadaa26a31e9596d12b0cfaf0608cf7396
---> The cherrypicked commit sha is - 59821c189a5b15b1b15d673df72ea367111f991d
Commit message - Fix desktop building, set desktop's version when building
---> The original commit sha is - 8e7c7caadaa26a31e9596d12b0cfaf0608cf7396
Commit message - Merge branch 'master' of github.com:FriendCode/codebox
---> The files with partial_cherrypicks are:-
Gruntfile.js
-----------------------------------------------------------------

Partial Cherry-pick diff pair 8 is -> 
{ a7ea8518243c823017191d7a03d538b2266572af -> 35743bdc44792b450787eb80d2f5ac37b56fc870 } is a cherrypick
{ 59821c189a5b15b1b15d673df72ea367111f991d -> b842e27f048c66df4a1927f1828905a2cb6203d4 }
Partial Cherry-pick commits SHA are -> 
35743bdc44792b450787eb80d2f5ac37b56fc870 - cherrypick - b842e27f048c66df4a1927f1828905a2cb6203d4
---> The cherrypicked commit sha is - 35743bdc44792b450787eb80d2f5ac37b56fc870
Commit message - Fix readme links
---> The original commit sha is - b842e27f048c66df4a1927f1828905a2cb6203d4
Commit message - Merge branch 'master' of https://github.com/FriendCode/codebox
---> The files with partial_cherrypicks are:-
README.md
-----------------------------------------------------------------

Partial Cherry-pick diff pair 9 is -> 
{ aff1d8414700368d185d811f7a332f947bf9c04c -> 47d1a8993b45fe30d3a0a583903a351050bebc1c } is a cherrypick
{ d1a014dc8f304b9683c286614d60ba27a74fade9 -> a7ea8518243c823017191d7a03d538b2266572af }
Partial Cherry-pick commits SHA are -> 
47d1a8993b45fe30d3a0a583903a351050bebc1c - cherrypick - a7ea8518243c823017191d7a03d538b2266572af
---> The cherrypicked commit sha is - 47d1a8993b45fe30d3a0a583903a351050bebc1c
Commit message - Add django detector and runner, fixes #301
---> The original commit sha is - a7ea8518243c823017191d7a03d538b2266572af
Commit message - Merge pull request #293 from FriendCode/feature/gridview

Feature/gridview
---> The files with partial_cherrypicks are:-
core/cb.project/django/detector.sh
core/cb.project/django/index.js
core/cb.project/django/run.sh
core/cb.project/php/_waitfile.sh
core/cb.project/php/run.sh
core/cb.project/php/run_apache.sh
-----------------------------------------------------------------

Partial Cherry-pick diff pair 10 is -> 
{ 55922ab48f292ab48a23ad340feb45d421822ae1 -> ba2b7ef02f6276f8b7eefabc54be72150109ab84 } is a cherrypick
{ 0d59b423ea48ea38130320b3f2e1c00f4cb47644 -> 783b791a035b65b81443b22e55e1981e18d53f8c }
Partial Cherry-pick commits SHA are -> 
ba2b7ef02f6276f8b7eefabc54be72150109ab84 - cherrypick - 783b791a035b65b81443b22e55e1981e18d53f8c
---> The cherrypicked commit sha is - ba2b7ef02f6276f8b7eefabc54be72150109ab84
Commit message - Use r.js programmatically
---> The original commit sha is - 783b791a035b65b81443b22e55e1981e18d53f8c
Commit message - Merge pull request #298 from FriendCode/fix/rjs_linux

Fix/rjs linux
---> The files with partial_cherrypicks are:-
package.json
-----------------------------------------------------------------

Partial Cherry-pick diff pair 11 is -> 
{ 2262cf962cf466098a3de21b800a1499ba503a38 -> 1bb3cfe280013f560b469bcb5ccb13022a95c357 } is a cherrypick
{ 1f31190fad4482372ac4954e2e5e1f5842496b4a -> 337dd72adb3b7fd6fe7585eb293a0edd268e95e4 }
Partial Cherry-pick commits SHA are -> 
1bb3cfe280013f560b469bcb5ccb13022a95c357 - cherrypick - 337dd72adb3b7fd6fe7585eb293a0edd268e95e4
---> The cherrypicked commit sha is - 1bb3cfe280013f560b469bcb5ccb13022a95c357
Commit message - Fix ftp upload script
---> The original commit sha is - 337dd72adb3b7fd6fe7585eb293a0edd268e95e4
Commit message - Merge pull request #273 from FriendCode/improve/terminals

Improve/terminals
---> The files with partial_cherrypicks are:-
core/cb.deploy.ftp/upload.sh
desktop/js/main.js
-----------------------------------------------------------------

Partial Cherry-pick diff pair 12 is -> 
{ db54cb8e6f2dbea3e368831622e219ad20847129 -> 68b0301d801368fb7484e7cdcc74f5e97a631015 } is a cherrypick
{ d0ccbc13c0e6ed77be810cd80081a2c184a41c55 -> 6eafe43c37e9090cb4ab75f5baa8aaed51d172e0 }
Partial Cherry-pick commits SHA are -> 
68b0301d801368fb7484e7cdcc74f5e97a631015 - cherrypick - 6eafe43c37e9090cb4ab75f5baa8aaed51d172e0
---> The cherrypicked commit sha is - 68b0301d801368fb7484e7cdcc74f5e97a631015
Commit message - Wrap login form in a <form> tag.

Allows the return key to submit the form.
---> The original commit sha is - 6eafe43c37e9090cb4ab75f5baa8aaed51d172e0
Commit message - Merge pull request #264 from peterjosling/fix/login_form_submit

Wrap login form in a <form> tag.
---> The files with partial_cherrypicks are:-
client/resources/templates/main.html
-----------------------------------------------------------------

Partial Cherry-pick diff pair 13 is -> 
{ 5489a00a84c372c9251c36009cdfbaee2c37ff31 -> dc32d3c0e4e5a3f361809b8d5723214846501e71 } is a cherrypick
{ dac4471a068e0607ff0f060724648ae22eed6e32 -> 551d156831e4f09c2ab295f8b339f1af542f0993 }
Partial Cherry-pick commits SHA are -> 
dc32d3c0e4e5a3f361809b8d5723214846501e71 - cherrypick - 551d156831e4f09c2ab295f8b339f1af542f0993
---> The cherrypicked commit sha is - dc32d3c0e4e5a3f361809b8d5723214846501e71
Commit message - Add base project detection and deployment for parse
---> The original commit sha is - 551d156831e4f09c2ab295f8b339f1af542f0993
Commit message - Merge pull request #254 from FriendCode/feature/deploy_parse

Parse (parse.com): run and deployment
---> The files with partial_cherrypicks are:-
core/cb.deploy.parse/main.js
core/cb.deploy.parse/package.json
core/cb.project/main.js
core/cb.project/parse/detector.sh
core/cb.project/parse/index.js
core/cb.project/parse/sample/cloud/main.js
core/cb.project/parse/sample/config/global.json
core/cb.project/parse/sample/public/index.html
core/codebox.js
-----------------------------------------------------------------

Partial Cherry-pick diff pair 14 is -> 
{ 221a0a39c7fe4db69671ecf0880069a2a1623d3e -> 9a3225a44f89ec0c4e6c4f80cc0067235a5267cc } is a cherrypick
{ dac4471a068e0607ff0f060724648ae22eed6e32 -> 551d156831e4f09c2ab295f8b339f1af542f0993 }
Partial Cherry-pick commits SHA are -> 
9a3225a44f89ec0c4e6c4f80cc0067235a5267cc - cherrypick - 551d156831e4f09c2ab295f8b339f1af542f0993
---> The cherrypicked commit sha is - 9a3225a44f89ec0c4e6c4f80cc0067235a5267cc
Commit message - Fix runner for parse
---> The original commit sha is - 551d156831e4f09c2ab295f8b339f1af542f0993
Commit message - Merge pull request #254 from FriendCode/feature/deploy_parse

Parse (parse.com): run and deployment
---> The files with partial_cherrypicks are:-
core/cb.deploy.parse/main.js
core/cb.deploy.parse/package.json
core/cb.project/main.js
core/cb.project/parse/detector.sh
core/cb.project/parse/index.js
core/cb.project/parse/run.sh
core/cb.project/parse/sample/cloud/main.js
core/cb.project/parse/sample/config/global.json
core/cb.project/parse/sample/public/index.html
core/codebox.js
-----------------------------------------------------------------

Partial Cherry-pick diff pair 15 is -> 
{ dc32d3c0e4e5a3f361809b8d5723214846501e71 -> 1515bad560f2ccb10abe06c0aa219de8df5b1889 } is a cherrypick
{ d209a5aa59c969009227b4068517b26a64dd3d86 -> 509c6ec875081cd3c1c4ace164d36dd87a7b6dd1 }
Partial Cherry-pick commits SHA are -> 
1515bad560f2ccb10abe06c0aa219de8df5b1889 - cherrypick - 509c6ec875081cd3c1c4ace164d36dd87a7b6dd1
---> The cherrypicked commit sha is - 1515bad560f2ccb10abe06c0aa219de8df5b1889
Commit message - Build git with soft links instead of hardlinks

Because when copied, hard links make the resulting directory hundreds
of times bigger
---> The original commit sha is - 509c6ec875081cd3c1c4ace164d36dd87a7b6dd1
Commit message - Build extras correctly for desktop app

Copy with our own bash shell script due to the bug in Grunt
---> The files with partial_cherrypicks are:-
.gitignore
core/cb.deploy.parse/main.js
core/cb.deploy.parse/package.json
core/cb.project/main.js
core/cb.project/parse/detector.sh
core/cb.project/parse/index.js
core/cb.project/parse/sample/cloud/main.js
core/cb.project/parse/sample/config/global.json
core/cb.project/parse/sample/public/index.html
core/codebox.js
desktop/ide.html
desktop/js/dirname.js
desktop/js/main.js
nwbuild.sh
scripts/build_extras.sh
scripts/build_git.sh
scripts/nwbuild.sh
-----------------------------------------------------------------

Partial Cherry-pick diff pair 16 is -> 
{ 5489a00a84c372c9251c36009cdfbaee2c37ff31 -> dc32d3c0e4e5a3f361809b8d5723214846501e71 } is a cherrypick
{ 221a0a39c7fe4db69671ecf0880069a2a1623d3e -> 9a3225a44f89ec0c4e6c4f80cc0067235a5267cc }
Partial Cherry-pick commits SHA are -> 
dc32d3c0e4e5a3f361809b8d5723214846501e71 - cherrypick - 9a3225a44f89ec0c4e6c4f80cc0067235a5267cc
---> The cherrypicked commit sha is - dc32d3c0e4e5a3f361809b8d5723214846501e71
Commit message - Add base project detection and deployment for parse
---> The original commit sha is - 9a3225a44f89ec0c4e6c4f80cc0067235a5267cc
Commit message - Fix runner for parse
---> The files with partial_cherrypicks are:-
.gitignore
core/cb.deploy.parse/main.js
core/cb.deploy.parse/package.json
core/cb.project/main.js
core/cb.project/parse/detector.sh
core/cb.project/parse/index.js
core/cb.project/parse/sample/cloud/main.js
core/cb.project/parse/sample/config/global.json
core/cb.project/parse/sample/public/index.html
core/codebox.js
desktop/ide.html
desktop/js/dirname.js
desktop/js/main.js
nwbuild.sh
scripts/build_extras.sh
scripts/nwbuild.sh
-----------------------------------------------------------------

Partial Cherry-pick diff pair 17 is -> 
{ ab92b3114faad831b868c0e3e30768b4a545f717 -> ac75efed60177bf84018e9b304be3e230cea0c4f } is a cherrypick
{ d26ba1c41a4a9c9ee2f43fc2330648c08419e5f0 -> 8989d03a76dfdcb5c82fce3208e6346f6aca014b }
Partial Cherry-pick commits SHA are -> 
ac75efed60177bf84018e9b304be3e230cea0c4f - cherrypick - 8989d03a76dfdcb5c82fce3208e6346f6aca014b
---> The cherrypicked commit sha is - ac75efed60177bf84018e9b304be3e230cea0c4f
Commit message - Add action clone and init
---> The original commit sha is - 8989d03a76dfdcb5c82fce3208e6346f6aca014b
Commit message - Merge pull request #252 from FriendCode/feature/desktop_extras

Feature desktop extras
---> The files with partial_cherrypicks are:-
addons/cb.git/client.js
addons/cb.git/node/main.js
addons/cb.git/node/service.js
addons/cb.git/stylesheets/git.less
addons/cb.git/templates/dialog.html
addons/cb.git/views/dialog.js
client/views/commands/menu.js
-----------------------------------------------------------------

Partial Cherry-pick diff pair 18 is -> 
{ fabb088b822dbcd8ed4d94f845866fb401f259b2 -> 469d57cd9015d91c90aa995a2092113e6075b309 } is a cherrypick
{ f63bd89c8d932958eb480f6c858d95bb6a3944c4 -> 840c4f5f3920b64edd03f7f0602c6b5e8cbeb265 }
Partial Cherry-pick commits SHA are -> 
469d57cd9015d91c90aa995a2092113e6075b309 - cherrypick - 840c4f5f3920b64edd03f7f0602c6b5e8cbeb265
---> The cherrypicked commit sha is - 469d57cd9015d91c90aa995a2092113e6075b309
Commit message - Update to new ace build ec3677e978de275bbe1ff8f21f4a157bdb9b8f9e

This fixes issues with the autocomplete dialog and an error with html
tag attribute auto-completion
---> The original commit sha is - 840c4f5f3920b64edd03f7f0602c6b5e8cbeb265
Commit message - Merge pull request #230 from FriendCode/support/meteor

Add Meteor project support detect/run #225
---> The files with partial_cherrypicks are:-
addons/cb.files.editor/addon-built.js
addons/cb.files.editor/download_ace.sh
-----------------------------------------------------------------

Partial Cherry-pick diff pair 19 is -> 
{ 8e3d2f9be4d8180a68a527007c80d158d293cd58 -> 77dd2a2a51416caad74811591d8760d70d729a35 } is a cherrypick
{ 36d4865e4bc94870d79654f1f82da8f71972854f -> 186136e4d9674da8f4d125fef52d41a0e4842738 }
Partial Cherry-pick commits SHA are -> 
77dd2a2a51416caad74811591d8760d70d729a35 - cherrypick - 186136e4d9674da8f4d125fef52d41a0e4842738
---> The cherrypicked commit sha is - 77dd2a2a51416caad74811591d8760d70d729a35
Commit message - Add codecomplete backend support in code editor
---> The original commit sha is - 186136e4d9674da8f4d125fef52d41a0e4842738
Commit message - Merge pull request #201 from FriendCode/feature/codecomplete

Feature/codecomplete
---> The files with partial_cherrypicks are:-
addons/cb.files.editor/addon-built.js
addons/cb.files.editor/client.js
addons/cb.files.editor/codecomplete.js
core/cb.codecomplete.ctags/main.js
core/cb.codecomplete.ctags/package.json
core/cb.codecomplete.ctags/tags.js
core/cb.codecomplete/main.js
core/cb.codecomplete/package.json
core/cb.rpc.codecomplete/main.js
core/cb.rpc.codecomplete/package.json
core/cb.rpc.codecomplete/service.js
core/codebox.js
package.json
-----------------------------------------------------------------

Partial Cherry-pick diff pair 20 is -> 
{ 6212672a38b62a134c4257717c696579fad25325 -> c1be861722a006c82334952bd85e52c1e9e91623 } is a cherrypick
{ 71c551ddead2739fdff91dacc8a29b61d8a064bc -> 748bc69d311b6badab6ad6d6b1b0990a18ca387c }
Partial Cherry-pick commits SHA are -> 
c1be861722a006c82334952bd85e52c1e9e91623 - cherrypick - 748bc69d311b6badab6ad6d6b1b0990a18ca387c
---> The cherrypicked commit sha is - c1be861722a006c82334952bd85e52c1e9e91623
Commit message - Merge pull request #192 from FriendCode/feature/settings_dialog

Feature/settings dialog
---> The original commit sha is - 748bc69d311b6badab6ad6d6b1b0990a18ca387c
Commit message - Merge pull request #193 from FriendCode/feature/terminals_list

Add base list for terminals
---> The files with partial_cherrypicks are:-
addons/cb.settings/addon-built.js
addons/cb.settings/stylesheets/dialog.less
addons/cb.settings/templates/dialog.html
addons/cb.settings/views/dialog.js
-----------------------------------------------------------------

Partial Cherry-pick diff pair 21 is -> 
{ 126645ab07e4434a0caf7a696a20ac604951b1b9 -> 73bd2f7d48511e032d40b5942c00ef11e07959cd } is a cherrypick
{ 85a8a431fb7a6b0fe1d984ba9814ae6ff8d7dbe9 -> 3799adb15df1b511320e6eec550073b6a4f6b18c }
Partial Cherry-pick commits SHA are -> 
73bd2f7d48511e032d40b5942c00ef11e07959cd - cherrypick - 3799adb15df1b511320e6eec550073b6a4f6b18c
---> The cherrypicked commit sha is - 73bd2f7d48511e032d40b5942c00ef11e07959cd
Commit message - Add base new dialog for settings
---> The original commit sha is - 3799adb15df1b511320e6eec550073b6a4f6b18c
Commit message - Merge pull request #191 from FriendCode/feature/copypaste_window_terminal

Feature/copy and paste in windows terminal
---> The files with partial_cherrypicks are:-
addons/cb.files.editor/addon-built.js
addons/cb.files.editor/client.js
addons/cb.panel.files/addon-built.js
addons/cb.panel.files/settings.js
addons/cb.panel.files/stylesheets/files.less
addons/cb.panel.files/stylesheets/panel.less
addons/cb.panel.files/templates/panel.html
addons/cb.panel.files/views/list.js
addons/cb.panel.files/views/panel.js
addons/cb.panel.files/views/tree.js
client/core/files.js
client/models/file.js
core/cb.main/main.js
core/cb.shells.stream/shell.js
core/cb.shells/main.js
core/utils.js
package.json
-----------------------------------------------------------------

Partial Cherry-pick diff pair 22 is -> 
{ b7fdcf5045bc1f54875dd9790d1db22b45303a4a -> 6bdd4769c0fba1af7ac1ce3f455295fb97b5fd8c } is a cherrypick
{ 2fae986b5e10525043d878163abc4b537687bd4a -> b7da85a5eff027d68e830538d3fd6c55e7eb6eac }
Partial Cherry-pick commits SHA are -> 
6bdd4769c0fba1af7ac1ce3f455295fb97b5fd8c - cherrypick - b7da85a5eff027d68e830538d3fd6c55e7eb6eac
---> The cherrypicked commit sha is - 6bdd4769c0fba1af7ac1ce3f455295fb97b5fd8c
Commit message - Initialize cb.main using promises, fixes #186
---> The original commit sha is - b7da85a5eff027d68e830538d3fd6c55e7eb6eac
Commit message - Merge pull request #190 from FriendCode/feature/active_files

Feature/open files list
---> The files with partial_cherrypicks are:-
core/cb.main/main.js
-----------------------------------------------------------------

Partial Cherry-pick diff pair 23 is -> 
{ 0171c093bba7cca961b8f68b9eed53b44c5efc79 -> ae1294fb0ef10604d55ba946d5f16c9fde0ed367 } is a cherrypick
{ ffcf4510bf3760eceaf6e267b6c28b301a8d267b -> 6ca0c5ca4fcddf85201d305500cd800f274e1a84 }
Partial Cherry-pick commits SHA are -> 
ae1294fb0ef10604d55ba946d5f16c9fde0ed367 - cherrypick - 6ca0c5ca4fcddf85201d305500cd800f274e1a84
---> The cherrypicked commit sha is - ae1294fb0ef10604d55ba946d5f16c9fde0ed367
Commit message - Fix Procfile detection on linux
---> The original commit sha is - 6ca0c5ca4fcddf85201d305500cd800f274e1a84
Commit message - Merge pull request #165 from FriendCode/fix/desktop_build

Fix/desktop build
---> The files with partial_cherrypicks are:-
addons/cb.files.editor/addon-built.js
addons/cb.files.editor/views/file.js
client/resources/stylesheets/ui/lateralbar.less
client/resources/stylesheets/ui/login.less
client/resources/stylesheets/variables.less
client/views/commands/toolbar.js
core/cb.project.detect/detectors/procfile.sh
core/cb.run.file/main.js
core/cb.run.project/project.js
-----------------------------------------------------------------

Partial Cherry-pick diff pair 24 is -> 
{ 7586790f70377495bcab7b4fb851cad70fb0f1d2 -> eaf6464224047c81ffeb9d8c8da84d1f3bb6b8c4 } is a cherrypick
{ 3e7c2a79ac28d25179ea0b0806355046b2d083c2 -> 0171c093bba7cca961b8f68b9eed53b44c5efc79 }
Partial Cherry-pick commits SHA are -> 
eaf6464224047c81ffeb9d8c8da84d1f3bb6b8c4 - cherrypick - 0171c093bba7cca961b8f68b9eed53b44c5efc79
---> The cherrypicked commit sha is - eaf6464224047c81ffeb9d8c8da84d1f3bb6b8c4
Commit message - Fix node-webkit options indentation
---> The original commit sha is - 0171c093bba7cca961b8f68b9eed53b44c5efc79
Commit message - Add grunt-contrib-copy@0.5.0
---> The files with partial_cherrypicks are:-
CHANGES
Gruntfile.js
addons/cb.files.editor/addon-built.js
addons/cb.files.editor/views/file.js
client/resources/stylesheets/ui/login.less
client/resources/stylesheets/variables.less
client/views/commands/toolbar.js
core/cb.run.file/main.js
core/cb.run.project/project.js
-----------------------------------------------------------------

Partial Cherry-pick diff pair 25 is -> 
{ a6c15dd9bd1e4f88beea73950e77e871ece059e1 -> bca2d25637764c0a607d5d682e19f9fe7d32d151 } is a cherrypick
{ a6dc0121596776f28de2f9900cc61c9398320237 -> 98d056807f657f35591fb176cffe66a1936742db }
Partial Cherry-pick commits SHA are -> 
bca2d25637764c0a607d5d682e19f9fe7d32d151 - cherrypick - 98d056807f657f35591fb176cffe66a1936742db
---> The cherrypicked commit sha is - bca2d25637764c0a607d5d682e19f9fe7d32d151
Commit message - Add parameters to improve Terminal rendering for 'ncurses' applications
---> The original commit sha is - 98d056807f657f35591fb176cffe66a1936742db
Commit message - Merge pull request #155 from cmorisse/master

Add parameters to improve Terminal rendering for 'ncurses' applications
---> The files with partial_cherrypicks are:-
addons/cb.terminal/client.js
addons/cb.terminal/views/tab.js
-----------------------------------------------------------------

Partial Cherry-pick diff pair 26 is -> 
{ 6c0391ffdecb3411edaf00a4d21e929de8f26223 -> 09263ccd9511fd1d08eb3f35967b057d27ebe7f3 } is a cherrypick
{ a6dc0121596776f28de2f9900cc61c9398320237 -> 98d056807f657f35591fb176cffe66a1936742db }
Partial Cherry-pick commits SHA are -> 
09263ccd9511fd1d08eb3f35967b057d27ebe7f3 - cherrypick - 98d056807f657f35591fb176cffe66a1936742db
---> The cherrypicked commit sha is - 09263ccd9511fd1d08eb3f35967b057d27ebe7f3
Commit message - Add parameters to improve Terminal rendering for 'ncurses' applications...
---> The original commit sha is - 98d056807f657f35591fb176cffe66a1936742db
Commit message - Merge pull request #155 from cmorisse/master

Add parameters to improve Terminal rendering for 'ncurses' applications
---> The files with partial_cherrypicks are:-
addons/cb.terminal/client.js
addons/cb.terminal/views/tab.js
-----------------------------------------------------------------

Partial Cherry-pick diff pair 27 is -> 
{ bca2d25637764c0a607d5d682e19f9fe7d32d151 -> 6c0391ffdecb3411edaf00a4d21e929de8f26223 } is a cherrypick
{ 09263ccd9511fd1d08eb3f35967b057d27ebe7f3 -> a0b58ae78b0c80a9783031b6a89b3853a20ae7f1 }
Partial Cherry-pick commits SHA are -> 
6c0391ffdecb3411edaf00a4d21e929de8f26223 - cherrypick - a0b58ae78b0c80a9783031b6a89b3853a20ae7f1
---> The cherrypicked commit sha is - 6c0391ffdecb3411edaf00a4d21e929de8f26223
Commit message - Update vfs-local to fork with fix for symlinks #124
---> The original commit sha is - a0b58ae78b0c80a9783031b6a89b3853a20ae7f1
Commit message - Merge pull request #154 from FriendCode/dev

New version 0.4.9
---> The files with partial_cherrypicks are:-
addons/cb.files.editor/addon-built.js
addons/cb.files.editor/views/file.js
addons/cb.terminal/client.js
addons/cb.terminal/views/tab.js
client/core/localfs.js
client/models/file.js
package.json
-----------------------------------------------------------------

Partial Cherry-pick diff pair 28 is -> 
{ a6c15dd9bd1e4f88beea73950e77e871ece059e1 -> bca2d25637764c0a607d5d682e19f9fe7d32d151 } is a cherrypick
{ 6c0391ffdecb3411edaf00a4d21e929de8f26223 -> 09263ccd9511fd1d08eb3f35967b057d27ebe7f3 }
Partial Cherry-pick commits SHA are -> 
bca2d25637764c0a607d5d682e19f9fe7d32d151 - cherrypick - 09263ccd9511fd1d08eb3f35967b057d27ebe7f3
---> The cherrypicked commit sha is - bca2d25637764c0a607d5d682e19f9fe7d32d151
Commit message - Add parameters to improve Terminal rendering for 'ncurses' applications
---> The original commit sha is - 09263ccd9511fd1d08eb3f35967b057d27ebe7f3
Commit message - Add parameters to improve Terminal rendering for 'ncurses' applications...
---> The files with partial_cherrypicks are:-
addons/cb.files.editor/addon-built.js
addons/cb.files.editor/views/file.js
addons/cb.terminal/client.js
addons/cb.terminal/views/tab.js
client/core/localfs.js
client/models/file.js
core/cb.project.detect/detectors/d.sh
-----------------------------------------------------------------

Partial Cherry-pick diff pair 29 is -> 
{ e1f768ad998d40da8127427ce406d4ae4a10785d -> f532bf629a1c7fed12ce43439734028e7058c95b } is a cherrypick
{ b3cbc47e6b79ed68a83b9c34e8d5c0f007116b22 -> 181287e4f939d4cc64b4d198ed20fb5588ae3897 }
Partial Cherry-pick commits SHA are -> 
f532bf629a1c7fed12ce43439734028e7058c95b - cherrypick - 181287e4f939d4cc64b4d198ed20fb5588ae3897
---> The cherrypicked commit sha is - f532bf629a1c7fed12ce43439734028e7058c95b
Commit message - Add clojure and scala for file autorun
---> The original commit sha is - 181287e4f939d4cc64b4d198ed20fb5588ae3897
Commit message - Merge pull request #138 from FriendCode/feature/tab-menu

New version
---> The files with partial_cherrypicks are:-
core/cb.run.file/commands.json
-----------------------------------------------------------------

Partial Cherry-pick diff pair 30 is -> 
{ 30d14424a13d5b4cb751bc10168c0b6a9b2c2cb1 -> b6ce9ab1dfa2bfd8344fa15687438e886763f297 } is a cherrypick
{ e1f768ad998d40da8127427ce406d4ae4a10785d -> f532bf629a1c7fed12ce43439734028e7058c95b }
Partial Cherry-pick commits SHA are -> 
b6ce9ab1dfa2bfd8344fa15687438e886763f297 - cherrypick - f532bf629a1c7fed12ce43439734028e7058c95b
---> The cherrypicked commit sha is - b6ce9ab1dfa2bfd8344fa15687438e886763f297
Commit message - Remove tree level src/
---> The original commit sha is - f532bf629a1c7fed12ce43439734028e7058c95b
Commit message - Add clojure and scala for file autorun
---> The files with partial_cherrypicks are:-
addons/cb.files.editor/ace/mode/c9search.js
addons/cb.files.editor/ace/mode/c9search_highlight_rules.js
addons/cb.files.editor/ace/snippets/c9search.js
-----------------------------------------------------------------

Partial Cherry-pick diff pair 31 is -> 
{ 5201337aa76091b7750ee95820aca2e363d5a091 -> cabd9477f580e55a738a58e54713f1f2676a8b1d } is a cherrypick
{ d0df6737b497f9bea8aeccfc3297b642932f2058 -> 1fe39ff20c2bd8c466d436d758c01048e86e95e5 }
Partial Cherry-pick commits SHA are -> 
cabd9477f580e55a738a58e54713f1f2676a8b1d - cherrypick - 1fe39ff20c2bd8c466d436d758c01048e86e95e5
---> The cherrypicked commit sha is - cabd9477f580e55a738a58e54713f1f2676a8b1d
Commit message - fix typo: connexion -> connection
---> The original commit sha is - 1fe39ff20c2bd8c466d436d758c01048e86e95e5
Commit message - Merge pull request #129 from jancborchardt/fix-connection-typo

fix typo: connexion -> connection
---> The files with partial_cherrypicks are:-
addons/cb.offline/addon-built.js
addons/cb.offline/menus.js
client/core/backends/vfs.js
client/core/session.js
client/models/box.js
client/resources/templates/main.html
client/utils/filesync.js
-----------------------------------------------------------------

Partial Cherry-pick diff pair 32 is -> 
{ c8a7bc0a6d1a1a66e4cc3ff40006ec130776b36c -> 6ba23bc437003f997ef04a224046f3a2f30c849e } is a cherrypick
{ 36f04327f81f88c32c398d2bbb22e236c5be2e3b -> 56f7db2f8b1940c41fbd5daa5fad26e500a6fa03 }
Partial Cherry-pick commits SHA are -> 
6ba23bc437003f997ef04a224046f3a2f30c849e - cherrypick - 56f7db2f8b1940c41fbd5daa5fad26e500a6fa03
---> The cherrypicked commit sha is - 6ba23bc437003f997ef04a224046f3a2f30c849e
Commit message - Merge pull request #94 from FriendCode/feature/terminal-pastekeys

Mac: paste with Cmd+V and special keys
---> The original commit sha is - 56f7db2f8b1940c41fbd5daa5fad26e500a6fa03
Commit message - Enable syntax highlighting for D files (#119)
---> The files with partial_cherrypicks are:-
client/utils/languages.js
-----------------------------------------------------------------

Partial Cherry-pick diff pair 33 is -> 
{ d6e39e51eb4153eb99ba196e8c30a738cb741b8d -> d76d375a4eb2978cd08a5751fdeee8199fe638a7 } is a cherrypick
{ 01c787aaa65d23f73ed8fb924e67a6c5ebe9dc6b -> b5151b1b03ab830c4d27fc5bdea3d3877d1ca89f }
Partial Cherry-pick commits SHA are -> 
d76d375a4eb2978cd08a5751fdeee8199fe638a7 - cherrypick - b5151b1b03ab830c4d27fc5bdea3d3877d1ca89f
---> The cherrypicked commit sha is - d76d375a4eb2978cd08a5751fdeee8199fe638a7
Commit message - Reduce vertical height of workspace manager
---> The original commit sha is - b5151b1b03ab830c4d27fc5bdea3d3877d1ca89f
Commit message - Merge pull request #100 from FriendCode/feature/desktopapp

Desktop Applications
---> The files with partial_cherrypicks are:-
.gitignore
Gruntfile.js
bin/codebox.js
bin/dashboard/credits.html
bin/dashboard/ide.html
bin/dashboard/index.html
bin/dashboard/jquery.js
bin/dashboard/main.js
bin/dashboard/style.css
core/cb.addons/addon.js
core/cb.addons/main.js
core/cb.core/workspace.js
core/cb.hooks/main.js
core/cb.hooks/package.json
core/cb.offline/main.js
core/cb.settings/main.js
core/cb.settings/package.json
core/codebox.js
core/utils.js
nwbuild.sh
package.json
-----------------------------------------------------------------

Partial Cherry-pick diff pair 34 is -> 
{ d76d375a4eb2978cd08a5751fdeee8199fe638a7 -> 676afdaebb5527c3e5243c34715263a03c2204d5 } is a cherrypick
{ aa79e232f926568b0a29f2a5b21c1e4fe01322ef -> be3d658e8c86a133ea807445ade3436a0798f1b0 }
Partial Cherry-pick commits SHA are -> 
676afdaebb5527c3e5243c34715263a03c2204d5 - cherrypick - be3d658e8c86a133ea807445ade3436a0798f1b0
---> The cherrypicked commit sha is - 676afdaebb5527c3e5243c34715263a03c2204d5
Commit message - Fix typo in README
---> The original commit sha is - be3d658e8c86a133ea807445ade3436a0798f1b0
Commit message - Merge pull request #112 from FriendCode/feature/offline_settings

Feature/offline_settings
---> The files with partial_cherrypicks are:-
README.md
-----------------------------------------------------------------

Partial Cherry-pick diff pair 35 is -> 
{ 2309c6a38898e1c9d1b3d3c59fa3145e5b061b25 -> d6e39e51eb4153eb99ba196e8c30a738cb741b8d } is a cherrypick
{ d76d375a4eb2978cd08a5751fdeee8199fe638a7 -> 676afdaebb5527c3e5243c34715263a03c2204d5 }
Partial Cherry-pick commits SHA are -> 
d6e39e51eb4153eb99ba196e8c30a738cb741b8d - cherrypick - 676afdaebb5527c3e5243c34715263a03c2204d5
---> The cherrypicked commit sha is - d6e39e51eb4153eb99ba196e8c30a738cb741b8d
Commit message - Update README.md, add ubuntu install, fixes #91
---> The original commit sha is - 676afdaebb5527c3e5243c34715263a03c2204d5
Commit message - Fix typo in README
---> The files with partial_cherrypicks are:-
.gitignore
Gruntfile.js
bin/codebox.js
bin/dashboard/credits.html
bin/dashboard/ide.html
bin/dashboard/index.html
bin/dashboard/jquery.js
bin/dashboard/main.js
bin/dashboard/style.css
core/cb.addons/addon.js
core/cb.addons/main.js
core/cb.core/workspace.js
core/cb.hooks/main.js
core/cb.hooks/package.json
core/cb.offline/main.js
core/cb.server/main.js
core/cb.settings/main.js
core/cb.settings/package.json
core/codebox.js
core/utils.js
nwbuild.sh
package.json
-----------------------------------------------------------------

Partial Cherry-pick diff pair 36 is -> 
{ b6673a38c3ef82d0482861b35b3f493d577d33b6 -> 0e58604a36269e3fa19de3c52cc7442484a46af4 } is a cherrypick
{ e202003a99563599d925824c3077676325959917 -> 7fc0a93e49139369bfaaa70eb1b7e9ea35be2644 }
Partial Cherry-pick commits SHA are -> 
0e58604a36269e3fa19de3c52cc7442484a46af4 - cherrypick - 7fc0a93e49139369bfaaa70eb1b7e9ea35be2644
---> The cherrypicked commit sha is - 0e58604a36269e3fa19de3c52cc7442484a46af4
Commit message - Remove token from codefire user.key(), fixes FriendCode/codefire#1
---> The original commit sha is - 7fc0a93e49139369bfaaa70eb1b7e9ea35be2644
Commit message - Merge pull request #69 from FriendCode/offline

Offline Mode
---> The files with partial_cherrypicks are:-
src/core/cb.files.sync/models/user.js
stacks/base/Dockerfile
-----------------------------------------------------------------

Partial Cherry-pick diff pair 37 is -> 
{ 9c5a5525e38be37fc1dab3d83b2f5b609d17e2d3 -> 6ef6638c2dba81f98ecbfc3a78e35bd31c5bb451 } is a cherrypick
{ 7c83489c7b86c1217e264c598baf8c29ee73e1af -> d0edc384114ae80cd625e4f5a96427764951e76c }
Partial Cherry-pick commits SHA are -> 
6ef6638c2dba81f98ecbfc3a78e35bd31c5bb451 - cherrypick - d0edc384114ae80cd625e4f5a96427764951e76c
---> The cherrypicked commit sha is - 6ef6638c2dba81f98ecbfc3a78e35bd31c5bb451
Commit message - Base with client side using HappyRhino
---> The original commit sha is - d0edc384114ae80cd625e4f5a96427764951e76c
Commit message - In Dockerfile, change user from "friendcode" to "codebox" fixes FriendCode/dynobox#8
---> The files with partial_cherrypicks are:-
Dockerfile
-----------------------------------------------------------------

Partial Cherry-pick diff pair 38 is -> 
{ e329e105bbad67c4f9797a10b7a3d38a076de868 -> e11bc144365f423bcfc0c6515a514a5664069b04 } is a cherrypick
{ 96a3d367d56264b622669a125b2650f5309aff02 -> 9a247ba2d7ebc61d09789680a4f54e72e57c38be }
Partial Cherry-pick commits SHA are -> 
e11bc144365f423bcfc0c6515a514a5664069b04 - cherrypick - 9a247ba2d7ebc61d09789680a4f54e72e57c38be
---> The cherrypicked commit sha is - e11bc144365f423bcfc0c6515a514a5664069b04
Commit message - Add shell.resize action over socket.io
---> The original commit sha is - 9a247ba2d7ebc61d09789680a4f54e72e57c38be
Commit message - Accept shellId in arguments for destroying a shell
---> The files with partial_cherrypicks are:-
lib/cb.shells.rpc/service.js
-----------------------------------------------------------------

