# of reverts = 6
Revert diff pair 1 is -> 
{ df716743da50b61cc4ac8871124026fc4b1779d6 -> ce7889668aac755ecf1bba9a303dff490239be82 } is a revert
{ ce7889668aac755ecf1bba9a303dff490239be82 -> 8f9523f5bcf55e6f118e0bb77115a66e83e4d569 }
Revert commits SHA are -> 
ce7889668aac755ecf1bba9a303dff490239be82 - revert - 8f9523f5bcf55e6f118e0bb77115a66e83e4d569
The reverted commit sha is - ce7889668aac755ecf1bba9a303dff490239be82
Commit message - Added option to strip trailing spaces on save
The original commit sha is - 8f9523f5bcf55e6f118e0bb77115a66e83e4d569
Commit message - Merge pull request #366 from invokr/feature--preview

Added preview view for HTML files
-----------------------------------------------------------------

Revert diff pair 2 is -> 
{ db54cb8e6f2dbea3e368831622e219ad20847129 -> 68b0301d801368fb7484e7cdcc74f5e97a631015 } is a revert
{ 68b0301d801368fb7484e7cdcc74f5e97a631015 -> d0ccbc13c0e6ed77be810cd80081a2c184a41c55 }
Revert commits SHA are -> 
68b0301d801368fb7484e7cdcc74f5e97a631015 - revert - d0ccbc13c0e6ed77be810cd80081a2c184a41c55
The reverted commit sha is - 68b0301d801368fb7484e7cdcc74f5e97a631015
Commit message - Wrap login form in a <form> tag.

Allows the return key to submit the form.
The original commit sha is - d0ccbc13c0e6ed77be810cd80081a2c184a41c55
Commit message - Merge pull request #263 from peterjosling/fix/ftp_deploy_typo

Fix typo in FTP deployment description.
-----------------------------------------------------------------

Revert diff pair 3 is -> 
{ 30d34f29957433f47067c26ea12157f976655f60 -> 46bfd4d768db2cccfb6bc16cf70d9a5c102ebb6b } is a revert
{ 4dd17b5000b205445f8f04762f7bc64ab2aa3b76 -> b92444b63f457e887663e77f1d35623a715823b4 }
Revert commits SHA are -> 
46bfd4d768db2cccfb6bc16cf70d9a5c102ebb6b - revert - b92444b63f457e887663e77f1d35623a715823b4
The reverted commit sha is - 46bfd4d768db2cccfb6bc16cf70d9a5c102ebb6b
Commit message - Focus on manager on startup
The original commit sha is - b92444b63f457e887663e77f1d35623a715823b4
Commit message - Set desktop show to false
-----------------------------------------------------------------

Revert diff pair 4 is -> 
{ bca2d25637764c0a607d5d682e19f9fe7d32d151 -> 6c0391ffdecb3411edaf00a4d21e929de8f26223 } is a revert
{ 6c0391ffdecb3411edaf00a4d21e929de8f26223 -> 09263ccd9511fd1d08eb3f35967b057d27ebe7f3 }
Revert commits SHA are -> 
6c0391ffdecb3411edaf00a4d21e929de8f26223 - revert - 09263ccd9511fd1d08eb3f35967b057d27ebe7f3
The reverted commit sha is - 6c0391ffdecb3411edaf00a4d21e929de8f26223
Commit message - Update vfs-local to fork with fix for symlinks #124
The original commit sha is - 09263ccd9511fd1d08eb3f35967b057d27ebe7f3
Commit message - Add parameters to improve Terminal rendering for 'ncurses' applications...
-----------------------------------------------------------------

Revert diff pair 5 is -> 
{ 1be1f3aa3f0d2dfbddb9888be83502f459d690ed -> e37d60304a392c0f2310432d12fb34962b1cd1d1 } is a revert
{ 8414c65fb56debee3f7a40eaf237a5cda911eb04 -> 1fd728f610e102f461c07eb9b0b0fbd78cf93315 }
Revert commits SHA are -> 
e37d60304a392c0f2310432d12fb34962b1cd1d1 - revert - 1fd728f610e102f461c07eb9b0b0fbd78cf93315
The reverted commit sha is - e37d60304a392c0f2310432d12fb34962b1cd1d1
Commit message - Revert "Fix: VFS mkfile recursive mkdir issue, upgrade vfs-local to 0.3.13"

This reverts commit 6541db089a04b502e08658413acb24ae46042a41.
The original commit sha is - 1fd728f610e102f461c07eb9b0b0fbd78cf93315
Commit message - Fix bug: Folder upload, by updating vfs-local to 0.3.13
-----------------------------------------------------------------

Revert diff pair 6 is -> 
{ 6b642631e99a7df384610fd40d5f2ee23c35dfbf -> 6541db089a04b502e08658413acb24ae46042a41 } is a revert
{ 1be1f3aa3f0d2dfbddb9888be83502f459d690ed -> e37d60304a392c0f2310432d12fb34962b1cd1d1 }
Revert commits SHA are -> 
6541db089a04b502e08658413acb24ae46042a41 - revert - e37d60304a392c0f2310432d12fb34962b1cd1d1
The reverted commit sha is - 6541db089a04b502e08658413acb24ae46042a41
Commit message - Fix: VFS mkfile recursive mkdir issue, upgrade vfs-local to 0.3.13
The original commit sha is - e37d60304a392c0f2310432d12fb34962b1cd1d1
Commit message - Revert "Fix: VFS mkfile recursive mkdir issue, upgrade vfs-local to 0.3.13"

This reverts commit 6541db089a04b502e08658413acb24ae46042a41.
-----------------------------------------------------------------

