# of merges = 245
Merge commit 1 is -> 
{ fa273cbe4e38602800be10fa4dbfe98daa85ea2b is a merge commit
---> Commit message - Merge branch 'master' of https://github.com/mbulman/jshint into mbulman-master
-----------------------------------------------------------------

Merge commit 2 is -> 
{ 5d6adfb6e397395f3509adbb662a9845815de2e0 is a merge commit
---> Commit message - Merge branch 'sky_array' of https://github.com/schuyler1d/jshint into schuyler1d-sky_array
-----------------------------------------------------------------

Merge commit 3 is -> 
{ 8cc13e659e2079ea0556b0e687fcf3c6d4340aad is a merge commit
---> Commit message - Merge branch 'loopfunc' of https://github.com/sconover/jshint into sconover-loopfunc
-----------------------------------------------------------------

Merge commit 4 is -> 
{ deb73da1fab52ceb65a9917b84c3e59b1b83a8fd is a merge commit
---> Commit message - Merge branch 'fix-rhino-args' of https://github.com/founddrama/jshint into founddrama-fix-rhino-args
-----------------------------------------------------------------

Merge commit 5 is -> 
{ ff2d1a1d26f5812f4b0e68a74f7a8d6ea7238c9c is a merge commit
---> Commit message - Merge branch 'master' of https://github.com/timendum/jshint into timendum-master
-----------------------------------------------------------------

Merge commit 6 is -> 
{ 94e186d66b842e28599cc320abb411a9f21d4cfb is a merge commit
---> Commit message - Merged pull request #126 from benblank/master.

Add WSH support to JSHint
-----------------------------------------------------------------

Merge commit 7 is -> 
{ e39c1843824f126244631e5177f2378a9b705d32 is a merge commit
---> Commit message - Merge pull request #151 from rixth/master

Separate trailing whitespace detection in to its own option
-----------------------------------------------------------------

Merge commit 8 is -> 
{ 2aea9c45c29fb7a75a41be016e6b7a35babd8703 is a merge commit
---> Commit message - Merge pull request #147 from fgnass/patch-1

globalstrict should not assume strict
-----------------------------------------------------------------

Merge commit 9 is -> 
{ a25fe52ec5af6b4446d6aaf14c8f4e9c4efafa54 is a merge commit
---> Commit message - Merge pull request #150 from psionides/master

'lastsemic' option to allow skipping semicolons in one-line blocks
-----------------------------------------------------------------

Merge commit 10 is -> 
{ 2dfcf268af7985e11ca2f3c06a372beab615d503 is a merge commit
---> Commit message - Merge pull request #167 from founddrama/JavaScriptCore-wrapper

wrapper for Apple's JavaScriptCore 
-----------------------------------------------------------------

Merge commit 11 is -> 
{ bf8f97669458ff1f5bb8c919945d71d471c0a1d4 is a merge commit
---> Commit message - Merge pull request #173 from scarpenter/script-url

Added "scripturl" option to allow ignoring things that look like javascript URLs.
-----------------------------------------------------------------

Merge commit 12 is -> 
{ 1f8eab058e0e5a88d25a876fbc3384d4ad57de09 is a merge commit
---> Commit message - Merge pull request #188 from mattfysh/master

Support the predef option for the rhino adaptor
-----------------------------------------------------------------

Merge commit 13 is -> 
{ 500a3c477015991300aef24fd35814ee94c42b6e is a merge commit
---> Commit message - Merge branch 'master' of github.com:jshint/jshint
-----------------------------------------------------------------

Merge commit 14 is -> 
{ 73552fc01ac39e56464b0e711a048e13c94a31a7 is a merge commit
---> Commit message - Merge pull request #230 from facerip/master

Bash wrapper did not allow spaces in paths
-----------------------------------------------------------------

Merge commit 15 is -> 
{ 5dfca02d52ba6289e547c038eda013cd6aac1f41 is a merge commit
---> Commit message - Merge pull request #238 from kamibu/master

Added browser-defined tag object types
-----------------------------------------------------------------

Merge commit 16 is -> 
{ 05693970fdf491fda0bc832d117af34c7b24d1a8 is a merge commit
---> Commit message - Merge pull request #266 from dylansmith/patch-1

The usage notes for specifying globals via a command line switch is incor
-----------------------------------------------------------------

Merge commit 17 is -> 
{ 091bcb72cb8b3ac51df2f60d5a82d11bb871fdea is a merge commit
---> Commit message - Merge pull request #264 from yhwh/wsh

Add XDomainRequest variable to Windows Script Host Option
-----------------------------------------------------------------

Merge commit 18 is -> 
{ d73dd03e9a69ca4e2c33b9df679638bd2d801115 is a merge commit
---> Commit message - Merge branch 'master' into detect-mixed-spaces-tabs

Conflicts:
	tests/options.js
-----------------------------------------------------------------

Merge commit 19 is -> 
{ 6ec02c73f63d470d75245bbe5e613146349224af is a merge commit
---> Commit message - Merge pull request #268 from WolfgangKluge/detect-mixed-spaces-tabs

Detect mixed spaces/tabs
-----------------------------------------------------------------

Merge commit 20 is -> 
{ 7d7ffce63a8cefbfeaedc10c9ffad8fea7de6cfe is a merge commit
---> Commit message - Merge pull request #277 from WolfgangKluge/regexp-in-case-statement

Regexp in case expression
-----------------------------------------------------------------

Merge commit 21 is -> 
{ 7923cf0c8dab1f8c9036b1a1757b1fdc7d8292d4 is a merge commit
---> Commit message - Merge pull request #299 from WolfgangKluge/test-helper-fix

Fix filter function that detect "unthrown errors"
-----------------------------------------------------------------

Merge commit 22 is -> 
{ 0bd0107aa16911cd93676f85118370422fcbefd0 is a merge commit
---> Commit message - Merge pull request #298 from WolfgangKluge/parse-return

Ignore newline on parsing return statement
-----------------------------------------------------------------

Merge commit 23 is -> 
{ 54b231808d6add24b2923a869ff8ee994455d181 is a merge commit
---> Commit message - Merge pull request #304 from WolfgangKluge/self-test

Output filename on error and use stricter self-tests
-----------------------------------------------------------------

Merge commit 24 is -> 
{ 533e4b4c086a6b927049d4be17398288a534e6e7 is a merge commit
---> Commit message - Merge fix
-----------------------------------------------------------------

Merge commit 25 is -> 
{ 4278a6c0b537f879ecbfa25486041a5cbbdd5d4f is a merge commit
---> Commit message - Merge pull request #310 from WolfgangKluge/281-lastsemic-white

White option and single line blocks
-----------------------------------------------------------------

Merge commit 26 is -> 
{ 3c37587bda31d97f5ab48a2c872956cf2df316ca is a merge commit
---> Commit message - Merge pull request #313 from nzakas/master

Allow multiple filenames to be passed to Rhino CLI
-----------------------------------------------------------------

Merge commit 27 is -> 
{ 0aa31067e9e7b07fc473cdea2ea923670dec4ec0 is a merge commit
---> Commit message - Merge pull request #318 from goatslacker/GHUB-317

Changes syntax so JSHINT tests pass successfully
-----------------------------------------------------------------

Merge commit 28 is -> 
{ a05c4dd31e5192c058c45da2ba2a6a84880ccabd is a merge commit
---> Commit message - Merge branch 'master' into goatslacker-const
-----------------------------------------------------------------

Merge commit 29 is -> 
{ 31abe888fffb514c929a0af3721d8aefb01b56ce is a merge commit
---> Commit message - Merge branch 'master' into GH-369
-----------------------------------------------------------------

Merge commit 30 is -> 
{ 96ea5c5d910e012ec6071c209135a851ceebec54 is a merge commit
---> Commit message - Merge pull request #371 from goatslacker/GH-369

Fixes a typo in tests and refactors code per valid JSHint report (fixes GH-369)
-----------------------------------------------------------------

Merge commit 31 is -> 
{ 508e18aadfa5b165c1259aa9da7b92ab4e540997 is a merge commit
---> Commit message - Merge pull request #378 from dominicbarnes/master

Adding "provides" as a global member of the CouchDB environment
-----------------------------------------------------------------

Merge commit 32 is -> 
{ c7a2dfa7c16e020358222989da083cf03f0d706d is a merge commit
---> Commit message - Merge branch 'master' of github.com:jshint/jshint
-----------------------------------------------------------------

Merge commit 33 is -> 
{ 014e26a5f748e7de3e3014613d9035c480dde9ae is a merge commit
---> Commit message - Merge pull request #375 from rondevera/fix-comma-in-members-list

Add missing comma in members list
-----------------------------------------------------------------

Merge commit 34 is -> 
{ 5aa015ea8c68e904df674fc49ccb1a9dacf0c5ef is a merge commit
---> Commit message - Merge pull request #385 from WolfgangKluge/383-regexdash

Fix for #383 (option regexdash)
-----------------------------------------------------------------

Merge commit 35 is -> 
{ 63382c7fcc17d5bfe86441f0ec5d8ef651138eff is a merge commit
---> Commit message - Merge pull request #382 from fmate14/getset

Do not allow to duplicate a setter.
-----------------------------------------------------------------

Merge commit 36 is -> 
{ ecb97710c4f9ebb6db15fcd87b9d934df3a297bd is a merge commit
---> Commit message - Merge branch 'master' into es5-duplicate-accessors
-----------------------------------------------------------------

Merge commit 37 is -> 
{ 0ab2389fd4ae1e522679552b0e695da2d8ded3b9 is a merge commit
---> Commit message - Merge branch 'es5-duplicate-accessors' of https://github.com/WolfgangKluge/jshint into WolfgangKluge-es5-duplicate-accessors
-----------------------------------------------------------------

Merge commit 38 is -> 
{ e07459f2be404142e505d72a4036d0c24a0890cd is a merge commit
---> Commit message - Merge remote-tracking branch 'wolfgang/coverage' into coveraje
-----------------------------------------------------------------

Merge commit 39 is -> 
{ f9aba2f9b7e502dc26d1f8e815b694d397696b43 is a merge commit
---> Commit message - Merge branch 'master' into GH-226
-----------------------------------------------------------------

Merge commit 40 is -> 
{ a06c81bfa5d57134dfdd852919713649d8947cea is a merge commit
---> Commit message - Merge branch 'master' into GH-161
-----------------------------------------------------------------

Merge commit 41 is -> 
{ 8c315d90c4906a02c344500f08f55be60213c2b1 is a merge commit
---> Commit message - Fixes conflict
-----------------------------------------------------------------

Merge commit 42 is -> 
{ 67749e195d7a99304afbe07c3d0a2f5088416d69 is a merge commit
---> Commit message - Fixes conflicts & Adds laxcomma fixtures
-----------------------------------------------------------------

Merge commit 43 is -> 
{ d17ce8d983a6f002757dd6367584d9022108673f is a merge commit
---> Commit message - Merge branch 'GH-161' of https://github.com/goatslacker/jshint into 161
-----------------------------------------------------------------

Merge commit 44 is -> 
{ eada15307cb4751ab5c3be309dac51ebe3f71fae is a merge commit
---> Commit message - Merge branch 'GH-226' of https://github.com/goatslacker/jshint into 414

Conflicts:
	tests/unit/core.js
-----------------------------------------------------------------

Merge commit 45 is -> 
{ 861230843e430bef39c0356fce454354633bd207 is a merge commit
---> Commit message - Merges master/Fixes conflicts
-----------------------------------------------------------------

Merge commit 46 is -> 
{ 00f01501368d21ad72f5ccb6b88f450705a87768 is a merge commit
---> Commit message - Merge branch 'master' into gh-340
-----------------------------------------------------------------

Merge commit 47 is -> 
{ 936f6fa5f8004912e0f032328730cac309c23d36 is a merge commit
---> Commit message - Merge pull request #418 from goatslacker/gh-340

Adds a warning when laxcomma is not set
-----------------------------------------------------------------

Merge commit 48 is -> 
{ 020a1fbc2088c2e2b519c7ea4d987b6be2ea5b05 is a merge commit
---> Commit message - Merge pull request #434 from shama/master

Fixes typo in README
-----------------------------------------------------------------

Merge commit 49 is -> 
{ efbb3af4f905138df9796ed1b8719bb695d1f93e is a merge commit
---> Commit message - Merge pull request #436 from goatslacker/GH-435

Fixes GH-435. Call/Apply outside parens now invokes correct warning
-----------------------------------------------------------------

Merge commit 50 is -> 
{ 91de55930a634409e1f0abad42867474931d76c3 is a merge commit
---> Commit message - Merge branch 'coffee-script' of https://github.com/goatslacker/jshint into goatslacker-coffee-script
-----------------------------------------------------------------

Merge commit 51 is -> 
{ 45962b9f1662e98dc2e4afa746227f08a4f0e03c is a merge commit
---> Commit message - Merge pull request #448 from domenic/message-channel

Adds `Message(Channel|Event|Port)` to browser globals.
-----------------------------------------------------------------

Merge commit 52 is -> 
{ 36950e8b69821cfe472e27bfa1eb2236e8b4fb47 is a merge commit
---> Commit message - Merge pull request #449 from Shutnik/master

Adds XMLSerializer, DOMParser, atob, and btoa as browser globals
-----------------------------------------------------------------

Merge commit 53 is -> 
{ d9e6d7f5b4fbba641447817923392e1f44eb3aa0 is a merge commit
---> Commit message - Merge branch 'goatslacker-coffee-script'
-----------------------------------------------------------------

Merge commit 54 is -> 
{ b4e0bda906602896311d6b5e1e7edf8c1a4fdc5d is a merge commit
---> Commit message - Merge pull request #469 from WolfgangKluge/reset-values

Reset value `comma.first` on every run.
-----------------------------------------------------------------

Merge commit 55 is -> 
{ 57b2afc386538499dce75272a9cef78ea002e018 is a merge commit
---> Commit message - Merge pull request #473 from jshint/gh377

Assume globalstrict in the node environment.
-----------------------------------------------------------------

Merge commit 56 is -> 
{ 46143c1ceaa6b99b54642fae5b22448c3caf1619 is a merge commit
---> Commit message - Merge branch 'master' of github.com:jshint/jshint
-----------------------------------------------------------------

Merge commit 57 is -> 
{ 6c6fe9437983679e4dff2673938b3f7f38b6eed5 is a merge commit
---> Commit message - Merge pull request #479 from fabiomcosta/patch-1

Adds column to Trailing Whitespace warning.
-----------------------------------------------------------------

Merge commit 58 is -> 
{ 4a6bd8527d25ee2accb050ba561c5489e5f3983d is a merge commit
---> Commit message - Merge pull request #476 from wagenet/object-function

Allows Object() to be called as a function
-----------------------------------------------------------------

Merge commit 59 is -> 
{ 553dd40aabfc289dc212e15a8f97e6949e055ac3 is a merge commit
---> Commit message - Merge pull request #472 from jshint/gh395

Warn about invalid (often typoed) options.
-----------------------------------------------------------------

Merge commit 60 is -> 
{ 42f9139a285794c98ad8d108978b8de9302920c4 is a merge commit
---> Commit message - Merge pull request #497 from brentlintner/copy.option.object

Internally mutating the option argument causes unexpected behaviour.
-----------------------------------------------------------------

Merge commit 61 is -> 
{ b2884e06ef1709206dfa17b92208ef92560c49d0 is a merge commit
---> Commit message - Merge GH-509

As a convenience to users, it would be nice if `jshint-rhino.js` were directly runnable rather than requiring the user to invoke rhino and pass the script as an argument for every use of JSHint.  To that end, these commits add a shebang line and mark `jshint-rhino.js` executable during build.

+ Fixes GH-509

* patch-509:
  Make jshint-rhino.js runnable
-----------------------------------------------------------------

Merge commit 62 is -> 
{ 6eedf7f26cb79d424cf0ede12d207891b97cfb74 is a merge commit
---> Commit message - Merge GH-508

Although JSHint currently recognizes the `/*jslint` option comment syntax,
several of the options have either changed names or inverted meanings
between JSLint and JSHint.  This creates many needless errors when running
JSHint against a project using the JSLint option comments.
To increase compatibility and ease transitions from JSLint to JSHint,
these patches translate JSLint options into JSHint options where possible
and unambiguous.

+ Fixes GH-508

* patch-508:
  Add test for compatibility with renamed JSLint options
  Support compatibility with renamed JSLint options
  Add test for compatibility with inverted JSLint options
  Support compatibility with inverted JSLint options
-----------------------------------------------------------------

Merge commit 63 is -> 
{ 5e574951c050c4fe9d806342fd68c8b0798a6b17 is a merge commit
---> Commit message - Patch from J-Griffin

Added recursive directory support to WSH wrapper.

The WSH env now has support for passing in a directory name.

The only functional change that was made for single files is that the
passed script name is spit out in the output just like when running
against a directory. Let me know if that is a problem and I can make a
change.

+ Fixes GH-471

* (merged manually)
-----------------------------------------------------------------

Merge commit 64 is -> 
{ 42f4b4a094fe5a2da39cc9fa8848cad2cbfdc201 is a merge commit
---> Commit message - Merge pull request #531 from rwldrn/334

Do not assume advance "end" if next token is ".". Fixes #334
-----------------------------------------------------------------

Merge commit 65 is -> 
{ 729cee4d02b4874a308dde6443a19e0249e293d3 is a merge commit
---> Commit message - Merge pull request #522 from pracj3am/Allow_space_before_block_comment

Allow space afters tabs and before a block comment [closes #503].
-----------------------------------------------------------------

Merge commit 66 is -> 
{ 4496d28bf7a05f8ce45e91d0f80efbf6229fe900 is a merge commit
---> Commit message - Merge pull request #524 from pracj3am/Option_camelcase

Adds option camelcase
-----------------------------------------------------------------

Merge commit 67 is -> 
{ 2750b3ba002f16b889245ecf821c5dc7e59d50fb is a merge commit
---> Commit message - Merge pull request #523 from pracj3am/Single_double_quotes_consistency

Adds option quotmark [closes #306]
-----------------------------------------------------------------

Merge commit 68 is -> 
{ de218d82e659b3994ea0e62b9be6625e699c08fc is a merge commit
---> Commit message - Merge pull request #530 from JasonMore/master

Dom Level 2 items are failing: Node and NodeFilter
-----------------------------------------------------------------

Merge commit 69 is -> 
{ 4453555b3cd8b72ecc6076246a784c0356cb26ff is a merge commit
---> Commit message - Merge pull request #560 from joelrbrandt/fix-unit-tests

add Node and NodeFilter members to options to fix unit tests
-----------------------------------------------------------------

Merge commit 70 is -> 
{ 75691d44c4c0d72e6729ab2599464309e1a5c360 is a merge commit
---> Commit message - Merge pull request #558 from joelrbrandt/master

Add reporting of starting/ending character for functions
-----------------------------------------------------------------

Merge commit 71 is -> 
{ 861d5124e42dc2eb591dfcf00acd484fec127fae is a merge commit
---> Commit message - Merge pull request #580 from zpao/mutation-observer

Add MutationObserver support
-----------------------------------------------------------------

Merge commit 72 is -> 
{ abda02c2bfd41e0a966d4ad4ccc6754378a74519 is a merge commit
---> Commit message - Merge pull request #577 from akshar100/patch-1

Added braces to the if conditions at line 4555
-----------------------------------------------------------------

Merge commit 73 is -> 
{ 47accba56e1f4bc0e1cf30d7094ba7d5d7c3d8c5 is a merge commit
---> Commit message - Merge branch 'master' of github.com:jshint/jshint
-----------------------------------------------------------------

Merge commit 74 is -> 
{ 1100b59340682925cb523883b26cd5313246ffa5 is a merge commit
---> Commit message - Merge pull request #598 from goatslacker/gh-xxx-2

Bug fix, give proper character count for supernew and return identifier
-----------------------------------------------------------------

Merge commit 75 is -> 
{ 51475f49741cad9d320a966938257457c5517bed is a merge commit
---> Commit message - Merge pull request #609 from amire80/master

It makes sense to have our license in the README as well as in the main file.
-----------------------------------------------------------------

Merge commit 76 is -> 
{ a1d7a7d8c617d76b1d83a655da680e349736778a is a merge commit
---> Commit message - Merge pull request #608 from goatslacker/char

Fix character positions.

This patch fixes character positions reported by JSHint
in its warnings. Useful for fixmyjs and other programs
that rely on such data.
-----------------------------------------------------------------

Merge commit 77 is -> 
{ 2e4c516ca25623bef48c581fcbf632d48114188d is a merge commit
---> Commit message - Merge pull request #627 from rwldrn/626

Adds Map, Set, WeakMap: standard, members and envs tests. Fixes GH-626

Note: These globals are from ES6, not ES5.
-----------------------------------------------------------------

Merge commit 78 is -> 
{ cbe1314b5d2c341ad10e419bf9c0a5154961c012 is a merge commit
---> Commit message - Merge branch 'master' of git://github.com/shybyte/jshint into shybyte-master

Resolved conflicts, fixed a typo in the complexity warning, removed
word 'cyclomatic' from functions and variables (I thought it was
redundant) and made some minor styling changes.

Conflicts:
	jshint.js
	tests/unit/options.js
-----------------------------------------------------------------

Merge commit 79 is -> 
{ 13f22a4e8802f658c2029c743b767adf9bc16ebc is a merge commit
---> Commit message - Merge branch 'master' of git://github.com/TheJosh/jshint into internal

Merging this patch with one change (aside from conflict resolution): no
more formal parameter to define a scope. The scope is now defined with
a value option 'scope'. This option is undocumented and will possibly go
away in Next. Still better than another formal parameter that we can't
easily take away.

Conflicts:
	jshint.js
-----------------------------------------------------------------

Merge commit 80 is -> 
{ 4a0d7c65fc27cee72753c7a14c2809cf4db33346 is a merge commit
---> Commit message - Merge pull request #641 from davglass/yui

Adding predefined YUI vars
-----------------------------------------------------------------

Merge commit 81 is -> 
{ ac45bf0f9a59c49c87e007be0e155a568be7857a is a merge commit
---> Commit message - Merge pull request #643 from medikoo/params-error

Fix functionparams result
-----------------------------------------------------------------

Merge commit 82 is -> 
{ 6c80b1c59cd59ad688e9175f273ae02336c2f033 is a merge commit
---> Commit message - Merge pull request #652 from bmharris/547_block_commented_code

Fix for issue # 547 - // block comments on indented code
-----------------------------------------------------------------

Merge commit 83 is -> 
{ 3148362196109078edec5d31e6c6677760d5b105 is a merge commit
---> Commit message - Merge pull request #723 from ericpromislow/master

This patch simply changes a warning message to a more correct one.

Fixes GH-719.
-----------------------------------------------------------------

Merge commit 84 is -> 
{ 4ad295fc849018b17e9f85752eb80a0c37ce3e8f is a merge commit
---> Commit message - Merge pull request #724 from bkw/npmFix2

This patch makes it possible to require JSHint as an NPM module.
-----------------------------------------------------------------

Merge commit 85 is -> 
{ 3b08de05909af8486ef511427c603e84111de0d2 is a merge commit
---> Commit message - Merge pull request #720 from bkw/lintMakeJS

Lint make.js with all other files.
-----------------------------------------------------------------

Merge commit 86 is -> 
{ 4ee711ce09e55764da1d7fb9e2646c689dc198c7 is a merge commit
---> Commit message - Merge branch 'code'
-----------------------------------------------------------------

Merge commit 87 is -> 
{ c8f0ccfd40f6fa52a8860b36bfcf1621341fd385 is a merge commit
---> Commit message - Merge pull request #752 from jamesallardice/leading-dot-expression

Don't stop parsing the expression when it contains a number with a leadi...
-----------------------------------------------------------------

Merge commit 88 is -> 
{ 69989d65ba0efd23a85d634f44e30b6bbc469345 is a merge commit
---> Commit message - Merge pull request #746 from Pennine-View-Harrogate/wsh-unused-bug

Respect the unused option when outputting.
-----------------------------------------------------------------

Merge commit 89 is -> 
{ 2a2e2adc9329207d75acb4545f4e1e0273d6f53f is a merge commit
---> Commit message - Merge branch 'es5-disallow-reserved-words' of git://github.com/jamesallardice/jshint into jamesallardice-es5-disallow-reserved-words
-----------------------------------------------------------------

Merge commit 90 is -> 
{ 9c4639cb8e308dd9be29cdb25d72c4e359df0803 is a merge commit
---> Commit message - Merge branch 'master' of github.com:jshint/jshint
-----------------------------------------------------------------

Merge commit 91 is -> 
{ d50e13285ab3ccab58945ba80c39d33fbd1589cb is a merge commit
---> Commit message - Merge pull request #766 from solmsted/master

Added Uint8ClampedArray to predefined browser globals.
-----------------------------------------------------------------

Merge commit 92 is -> 
{ 2082bce24a7bc707fd46e5315385bedca2c4c19e is a merge commit
---> Commit message - Merge pull request #777 from eleith/master

use resolved paths when minimatch test is run in isIgnored
-----------------------------------------------------------------

Merge commit 93 is -> 
{ ca7316e1faaa77a2ba077c58a3d7b48ea4453c90 is a merge commit
---> Commit message - Merge pull request #791 from samuelcole/mkdir_dist

make.js: mkdir 'dist' if it doesn't exist. Fixes GH-788.
-----------------------------------------------------------------

Merge commit 94 is -> 
{ f5da0cf3797e9890d5599a85cbe69784a008c8db is a merge commit
---> Commit message - Merge pull request #787 from samuelcole/patch-1

Add JSHint binary to package.json
-----------------------------------------------------------------

Merge commit 95 is -> 
{ 73df5ae329edcbf93765a675feaeb9738b0a6b98 is a merge commit
---> Commit message - Merge pull request #796 from nschonni/patch-1

Fix README formatting
-----------------------------------------------------------------

Merge commit 96 is -> 
{ 815dae1f1ee8bc57d0400e98d0e2f08e63e5ad9c is a merge commit
---> Commit message - Merge pull request #749 from Bonuspunkt/master

Problems with piping on windows
-----------------------------------------------------------------

Merge commit 97 is -> 
{ b7171e6596bb4252d652a9611d9f51cfe8103a18 is a merge commit
---> Commit message - Merge pull request #801 from dougwilson/fix/es5-reserved-properties

Allow reserved words as property names under ES5. Closes GH-768.
-----------------------------------------------------------------

Merge commit 98 is -> 
{ 8da2a5517a21001d92eea1260143f7c7386deb31 is a merge commit
---> Commit message - Merge pull request #799 from tricknotes/modify-filetype

Modify filetype for README.md
-----------------------------------------------------------------

Merge commit 99 is -> 
{ 318c40f5283ef8979dc63e5b5ceeb2a40c5c6d95 is a merge commit
---> Commit message - Merge branch 'master' of github.com:jshint/jshint
-----------------------------------------------------------------

Merge commit 100 is -> 
{ 59c566ef5020839ed19f92e9bcfc3bd34e4c3da6 is a merge commit
---> Commit message - Merge pull request #814 from DealerDotCom/feature/phantomjs-support

adds PhantomJS support to JSHint
-----------------------------------------------------------------

Merge commit 101 is -> 
{ 2df672e75353e6777c4f6c4bec07ada61b8a7dff is a merge commit
---> Commit message - Merge pull request #855 from mcheely/jshint-tweaks

Don't skip directories when searching for .jshintrc.
-----------------------------------------------------------------

Merge commit 102 is -> 
{ 71dcf8db53e76364467410f9aacf2805195a2516 is a merge commit
---> Commit message - Merge pull request #882 from dominicbarnes/complete-config

Complete Sample .jshintrc
-----------------------------------------------------------------

Merge commit 103 is -> 
{ ea235eec09ebee8289a7139b88e10bcd52aead53 is a merge commit
---> Commit message - Merge branch 'master' of github.com:jshint/jshint
-----------------------------------------------------------------

Merge commit 104 is -> 
{ 12a23fc11a162c339a09ad561efdef10047e8192 is a merge commit
---> Commit message - Merge pull request #888 from nschonni/patch-1

Add Travis build status image
-----------------------------------------------------------------

Merge commit 105 is -> 
{ ce16eccbe12f3964ff23e0c2933eb115d3ce63d2 is a merge commit
---> Commit message - Merge branch 'destructured_assign' of github.com:guyzmo/jshint into destructured_assign
-----------------------------------------------------------------

Merge commit 106 is -> 
{ c06a515a3c71dba8334a7bbb4132713e6f35e9d3 is a merge commit
---> Commit message - Merge branch 'master' of github.com:jshint/jshint
-----------------------------------------------------------------

Merge commit 107 is -> 
{ bb4e2a54d183296d8b306c8b7ad68787babfa750 is a merge commit
---> Commit message - Merge branch 'master' of git://github.com/mbulman/jshint into mbulman-master
-----------------------------------------------------------------

Merge commit 108 is -> 
{ 8f8096c9680c869860c02078cdf48c501b089490 is a merge commit
---> Commit message - Merge branch 'let_stmt' of github.com:guyzmo/jshint into let_stmt
-----------------------------------------------------------------

Merge commit 109 is -> 
{ ffe4a9c2d4a68633d88872826a46701211ccd84f is a merge commit
---> Commit message - Merge branch 'destructured_assign' into let_stmt
-----------------------------------------------------------------

Merge commit 110 is -> 
{ 30326260bc79ef769f16cc2f832c1f2391b4d901 is a merge commit
---> Commit message - Merge pull request #897 from Buritica/fix-es5-reserved

Allow reserved words as property names in objects followed by commas
-----------------------------------------------------------------

Merge commit 111 is -> 
{ 3005b64451da363f15476b7d94f8183ecdb3ac39 is a merge commit
---> Commit message - Merge pull request #896 from mattflaschen/badOrUnnecessary

Add 'unnecessary' to escaping message to make it clearer.
-----------------------------------------------------------------

Merge commit 112 is -> 
{ 03ded6a83adc932463c93476024372410b06af3b is a merge commit
---> Commit message - Merge branch 'destructured_assign' into foreach_support
-----------------------------------------------------------------

Merge commit 113 is -> 
{ 899ac9a941875c62e546d4e3c609ba382bf9ceef is a merge commit
---> Commit message - Merge branch 'destructured_assign' into let_stmt_m
-----------------------------------------------------------------

Merge commit 114 is -> 
{ 29c6eeb15a0c4b862d88ae89efbffe7374a90085 is a merge commit
---> Commit message - Merged destructured assign
-----------------------------------------------------------------

Merge commit 115 is -> 
{ 27a955a3f988065487612b83e1604b19d38fda64 is a merge commit
---> Commit message - Merge branch 'foreach_support'
-----------------------------------------------------------------

Merge commit 116 is -> 
{ 84aae8847bceda84f802a02a4c8948cd14638d28 is a merge commit
---> Commit message - Merge branch 'yield_support'
-----------------------------------------------------------------

Merge commit 117 is -> 
{ 021e348121b270bd39a47843d58e34f03dcaef14 is a merge commit
---> Commit message - Merge branch 'let_stmt'
-----------------------------------------------------------------

Merge commit 118 is -> 
{ f5582ad990111d8b88fd99aa1a44120a473fdbdb is a merge commit
---> Commit message - Merge remote branch 'origin/master'
-----------------------------------------------------------------

Merge commit 119 is -> 
{ 07c1046e949ecf5fb8100c2ccae7a7daa5a1f0c3 is a merge commit
---> Commit message - Merge branch 'let_stmt'
-----------------------------------------------------------------

Merge commit 120 is -> 
{ 9890e794e5c8032643a8e509017b7d1f4440ff48 is a merge commit
---> Commit message - Merge branch 'let_stmt' into list_comp_support
-----------------------------------------------------------------

Merge commit 121 is -> 
{ b0f10065592f265207ef439cf40e01aa10cf8e38 is a merge commit
---> Commit message - Merge branch 'list_comp_support'
-----------------------------------------------------------------

Merge commit 122 is -> 
{ 3ec24bcffb0d96a67ba85dcffee9e22946d1514f is a merge commit
---> Commit message - Merge branch 'list_comp_support'
-----------------------------------------------------------------

Merge commit 123 is -> 
{ f8952b8ae2b543c64c84168e13e944cf7fa09f56 is a merge commit
---> Commit message - Merge branch 'list_comp_support'
-----------------------------------------------------------------

Merge commit 124 is -> 
{ 8b1567d1ee32070c828ba32bcffee712b34c2b41 is a merge commit
---> Commit message - Merge branch 'foreach_support'
-----------------------------------------------------------------

Merge commit 125 is -> 
{ c10702aa7d17f997be8123bf4d946e4131afabc4 is a merge commit
---> Commit message - Merge branch 'let_stmt'
-----------------------------------------------------------------

Merge commit 126 is -> 
{ 4c61b9d63e04124cc499cb39a521ee3e77abfa3f is a merge commit
---> Commit message - Merged let_stmt
-----------------------------------------------------------------

Merge commit 127 is -> 
{ 269f24e78331ede6f2e28eb67f2e6da8e755a98b is a merge commit
---> Commit message - merged list_comp_support
-----------------------------------------------------------------

Merge commit 128 is -> 
{ e6124344385bb7fec594c688c8d730a565ff2f7c is a merge commit
---> Commit message - merged list_comp_support
-----------------------------------------------------------------

Merge commit 129 is -> 
{ 08ecce5f8875d41e0275b5298f2ac662cc115c04 is a merge commit
---> Commit message - Merge branch 'list_comp_support'
-----------------------------------------------------------------

Merge commit 130 is -> 
{ 7ef13b3d819f9972eb3e9803712aa3d23caaa36b is a merge commit
---> Commit message - Merge branch 'let_stmt'
-----------------------------------------------------------------

Merge commit 131 is -> 
{ 04eb2a27ee64c20c9cc29c8bee2ccb9fb4c150bc is a merge commit
---> Commit message - Merge branch 'master' of git://github.com/guyzmo/jshint into guyzmo-master

Conflicts:
	tests/stable/unit/parser.js
-----------------------------------------------------------------

Merge commit 132 is -> 
{ 3544524e619afcb00c57218d1bd638e1f0d5320a is a merge commit
---> Commit message - Merge pull request #939 from rwldrn/938

Fixes #938. Remove "esnext: true" flags from tests that should be "moz: true"
-----------------------------------------------------------------

Merge commit 133 is -> 
{ f1685250440d942d9811d4f4635c79daccbc28d2 is a merge commit
---> Commit message - Merge branch 'function_generator_support'
-----------------------------------------------------------------

Merge commit 134 is -> 
{ 59d59dd6bb4c29fa720f891d3db8066568234da7 is a merge commit
---> Commit message - Merge pull request #944 from hmalphettes/master

Test to verify that jshint survives parsing some html
-----------------------------------------------------------------

Merge commit 135 is -> 
{ 3dc9982d97d555c55f5c57a2b46e327f8b3e1943 is a merge commit
---> Commit message - Merge branch 'master' of git://github.com/smozely/jshint into smozely-master
-----------------------------------------------------------------

Merge commit 136 is -> 
{ d9335580036ec0422fcd700255da528ab23c806d is a merge commit
---> Commit message - Merge branch 'nolet_in_ifstmt' of git://github.com/guyzmo/jshint into guyzmo-nolet_in_ifstmt
-----------------------------------------------------------------

Merge commit 137 is -> 
{ 227fb0a4ac037a0931eaa53728eeb7b39a3b0a92 is a merge commit
---> Commit message - Merge pull request #956 from jefft666/patch-1

Update cli.js
-----------------------------------------------------------------

Merge commit 138 is -> 
{ 53b772154bff25d1d2acaf8ad991c516f49496de is a merge commit
---> Commit message - Merge pull request #925 from spudly/patch-1

Make the s optional on the falls through comment
-----------------------------------------------------------------

Merge commit 139 is -> 
{ 575810804e10a3115e1c1669dad7357fcdf9c848 is a merge commit
---> Commit message - Merge pull request #874 from ypresto/fix_missing_undefined_check_on_immed

Fix for trivial, referencing undefined object error
-----------------------------------------------------------------

Merge commit 140 is -> 
{ 0f7b0b3a9db1b087a0e28cbdd82c5d34cd10825f is a merge commit
---> Commit message - Merge branch 'feature/cli-extensibility' of git://github.com/xzyfer/jshint into xzyfer-feature/cli-extensibility
-----------------------------------------------------------------

Merge commit 141 is -> 
{ 522ad4bdf3433b2068cc95c3c954b080f626c5d5 is a merge commit
---> Commit message - Merge branch 'relative-rc' of git://github.com/mcheely/jshint into mcheely-relative-rc

Conflicts:
	src/cli/cli.js
-----------------------------------------------------------------

Merge commit 142 is -> 
{ 0e78d97dc005641c7d9ae1d0b747795b710e18bd is a merge commit
---> Commit message - Merge branch 'patch-1' of git://github.com/Yuffster/jshint into Yuffster-patch-1
-----------------------------------------------------------------

Merge commit 143 is -> 
{ f87d46548c33a21417067f7ed25687fbdb084e20 is a merge commit
---> Commit message - Merge pull request #968 from theoreticaLee/master

Add JSHint license to package.json
-----------------------------------------------------------------

Merge commit 144 is -> 
{ b216fd7b357bff3b8dc74867271d0b7fb9dfa37f is a merge commit
---> Commit message - Merge pull request #973 from stevenbenner/fix-tests

Fix tests for windows systems
-----------------------------------------------------------------

Merge commit 145 is -> 
{ af28e2e96925f4db9be708d08109d379c072e345 is a merge commit
---> Commit message - Merge pull request #993 from sindresorhus/patch-1

npmignore unneeded files
-----------------------------------------------------------------

Merge commit 146 is -> 
{ 650fb72d9171d2c433dfdbdbd9a67bd125305e7d is a merge commit
---> Commit message - Merge branch '952' of git://github.com/guyzmo/jshint into guyzmo-952

Conflicts:
	tests/stable/unit/parser.js
-----------------------------------------------------------------

Merge commit 147 is -> 
{ e32ae7e3ca3bda6794482deb48cf3dff166a1cfe is a merge commit
---> Commit message - Merge branch 'master' into guyzmo-952
-----------------------------------------------------------------

Merge commit 148 is -> 
{ af803d4ea0f99008606786a3861636defdaed794 is a merge commit
---> Commit message - Merge pull request #1003 from Stuk/unignore-warnings

Unignore warnings with +W...
-----------------------------------------------------------------

Merge commit 149 is -> 
{ 6b6a6931b8119b4fbe622c1020e692d6c3049953 is a merge commit
---> Commit message - Merge pull request #997 from ljharb/add_npm_build

Add `npm run-script build`
-----------------------------------------------------------------

Merge commit 150 is -> 
{ b44f24f68d34febf0bc5d73cb40e7162799a286f is a merge commit
---> Commit message - Merge pull request #1015 from guyzmo/1010

Fixed issue #1010 that allows statements with commas.
-----------------------------------------------------------------

Merge commit 151 is -> 
{ a2fc845247f232b18930aac854516fa4eaadcb51 is a merge commit
---> Commit message - Merge pull request #1014 from jamesallardice/remove-w029

Removed W029. See #1013
-----------------------------------------------------------------

Merge commit 152 is -> 
{ 20f4146483ca91c9417868c1b07c42de99e535d9 is a merge commit
---> Commit message - Merge pull request #1007 from stevenbenner/svg-interfaces

Add SVG interfaces to browser globals
-----------------------------------------------------------------

Merge commit 153 is -> 
{ 3a67c902d4fd03e6c42ba34005fa3e9ab7a321dc is a merge commit
---> Commit message - Merge pull request #1009 from kevinoid/ignore-unrecognized-jslint-options

Ignore unrecognized JSLint options
-----------------------------------------------------------------

Merge commit 154 is -> 
{ af189ec468091ace6294d8f802d92a5fbc200a2b is a merge commit
---> Commit message - Merge pull request #1025 from croensch/master

Include error codes in jslint_xml report
-----------------------------------------------------------------

Merge commit 155 is -> 
{ db5e65ad07df3563290d6caeb7cea8b73e52059f is a merge commit
---> Commit message - Merge branch 'override-indent' of git://github.com/jamesallardice/jshint into jamesallardice-override-indent

Conflicts:
	tests/stable/unit/parser.js
-----------------------------------------------------------------

Merge commit 156 is -> 
{ 51b4c4f3e7772d933563b6313d8dc45fe569e133 is a merge commit
---> Commit message - Merge branch 'master' into class

Conflicts:
	tests/stable/unit/parser.js

Fixed by keeping both tests.
-----------------------------------------------------------------

Merge commit 157 is -> 
{ 614dd067122b60e049064b08762139b68695f44b is a merge commit
---> Commit message - Merge pull request #1048 from usrbincc/class

Support for ES6 class syntax.
-----------------------------------------------------------------

Merge commit 158 is -> 
{ 534810d41b8e50209162e7de6acbe44c86eb5397 is a merge commit
---> Commit message - Merge pull request #1052 from usrbincc/use-strict-of-undefined

Fix "TypeError: Cannot read property 'use strict' of undefined".
-----------------------------------------------------------------

Merge commit 159 is -> 
{ d276fbb137fc2b26a562249e226387aa88ef9dd8 is a merge commit
---> Commit message - Merge pull request #1053 from usrbincc/unused-global-let

Warn for unused global 'let'.
-----------------------------------------------------------------

Merge commit 160 is -> 
{ b63d3e414b2732bde8bfa97e466dd3e22cb5e1aa is a merge commit
---> Commit message - Merge pull request #1086 from nschonni/additional-travis-node-versions

Add CI testing for newer Node versions
-----------------------------------------------------------------

Merge commit 161 is -> 
{ 50483b9bcb3a9c0ac8339e4d8d8373af01193691 is a merge commit
---> Commit message - Merge pull request #1062 from jamesallardice/non-curly-do

Add support for `do` statement bodies that are not block statements
-----------------------------------------------------------------

Merge commit 162 is -> 
{ b6dd05b0db83518e466f8c2cd9092c485a0284e6 is a merge commit
---> Commit message - Merge pull request #1065 from irae/patch-1

Fix problem finding .jshintrc in windows and node 0.10
-----------------------------------------------------------------

Merge commit 163 is -> 
{ f6020e73aa0a3e8793ba6ab305f3d995b6b77cbe is a merge commit
---> Commit message - Merge branch 'assignment-in-switch-condition' of git://github.com/usrbincc/jshint into usrbincc-assignment-in-switch-condition

Conflicts:
	tests/stable/unit/parser.js
-----------------------------------------------------------------

Merge commit 164 is -> 
{ b9d1ea4cd8eb27e98740d5ab3cea3b8ebc1b5927 is a merge commit
---> Commit message - Merge pull request #1070 from jamesallardice/w080-fix-message

The message for W080 no longer includes the relevant identifier
-----------------------------------------------------------------

Merge commit 165 is -> 
{ 56d10bf0bb2365347a0a183922cea5d8c0def977 is a merge commit
---> Commit message - Merge branch 'comma-operator-infix' of git://github.com/usrbincc/jshint into usrbincc-comma-operator-infix

Conflicts:
	src/stable/jshint.js
	tests/stable/unit/parser.js
-----------------------------------------------------------------

Merge commit 166 is -> 
{ 050cf19f1f6b8b7f9247ecf2905306603c30370c is a merge commit
---> Commit message - Merge pull request #1088 from jklein/master

Updating Checkstyle reporter to provide error codes
-----------------------------------------------------------------

Merge commit 167 is -> 
{ a3fa99c9f6eec9c46c4c8c2d4b60e57627e01e29 is a merge commit
---> Commit message - Merge branch 'master' of github.com:jshint/jshint
-----------------------------------------------------------------

Merge commit 168 is -> 
{ ddec61255e914bd9ce58ec49aa6dbe502d5c3a59 is a merge commit
---> Commit message - Merge remote-tracking branch 'upstream/master'
-----------------------------------------------------------------

Merge commit 169 is -> 
{ 5edd4565bc5211b492bdb68ae626e4bf03b940f4 is a merge commit
---> Commit message - Merge pull request #1091 from jklein/master

Small tweak to my last change - prefixing source with 'jshint.'
-----------------------------------------------------------------

Merge commit 170 is -> 
{ 7d679be889b60a0ea2b69df9f73f9df6eb3241f6 is a merge commit
---> Commit message - Merge pull request #1094 from usrbincc/function-closure-expressions-comma

Don't try to parse expression closure bodies as comma expressions.
-----------------------------------------------------------------

Merge commit 171 is -> 
{ d459a40914a26c566ba82bb145e97573ff123879 is a merge commit
---> Commit message - Merge pull request #1096 from nschonni/bump-dev-jshint-dep

Bump JSHint dev dependency to latest release
-----------------------------------------------------------------

Merge commit 172 is -> 
{ ab7b203a2bdb89f1faed668bf39ff1c080df1218 is a merge commit
---> Commit message - Merge pull request #1097 from nschonni/bump-nodeunit

Bump nodeunit and sinon devDependencies
-----------------------------------------------------------------

Merge commit 173 is -> 
{ 4a2f1b868adc3f2e99a0b1aeaa89dc3ff44b4c35 is a merge commit
---> Commit message - Merge pull request #1098 from nschonni/add-repository-package.json

Add repository and bug information for npm
-----------------------------------------------------------------

Merge commit 174 is -> 
{ 94078c674cba64a91079890e805ac3bcafbc8b95 is a merge commit
---> Commit message - Merge pull request #1102 from othiym23/master

Node.js 0.9.x+ adds setImmediate & clearImmediate.
-----------------------------------------------------------------

Merge commit 175 is -> 
{ 70e2abbc66fbf3b58b03d9e0011791914fc8c363 is a merge commit
---> Commit message - Merge pull request #1147 from XhmikosR/master

chmod
-----------------------------------------------------------------

Merge commit 176 is -> 
{ 164d0effbe1db69e3e8cce5f87bfb35c80045e37 is a merge commit
---> Commit message - Merge pull request #1571 from caitp/issue-1219-2.x

Add basic support for ES6 TemplateLiterals
-----------------------------------------------------------------

Merge commit 177 is -> 
{ 14284c001afd0cee6ac006ee30f0dcf78006ff58 is a merge commit
---> Commit message - Merge pull request #1567 from sindresorhus/strip-json-comments

Strip comments in JSON by parsing instead of regex
-----------------------------------------------------------------

Merge commit 178 is -> 
{ 6d11704128ffe7c58badaf2a2d81f44b924705ba is a merge commit
---> Commit message - Merge pull request #1557 from bahmutov/2.x

Reporting correct column for JavaScript extracted from HTML files
-----------------------------------------------------------------

Merge commit 179 is -> 
{ e3aa71840be46fa4b2ed4505dd097d042b4c9957 is a merge commit
---> Commit message - Merge pull request #1543 from hiddentao/yield_catch

Don't throw an error when yield statement used within a catch block inside a generator function
-----------------------------------------------------------------

Merge commit 180 is -> 
{ 83935fd560fe49cbbe3db1a82b3b092760600349 is a merge commit
---> Commit message - Merge pull request #1553 from christopherliu/patch-1

Glob documentation for example .jshintignore
-----------------------------------------------------------------

Merge commit 181 is -> 
{ 83a7f434be362ca9c4542008d1eb79384ce2f91c is a merge commit
---> Commit message - Merge pull request #1548 from Famlam/issue1318

Switch statement within loop doesn't recognize 'continue' if case is wrapped in {}
-----------------------------------------------------------------

Merge commit 182 is -> 
{ 7f55920955361dc0bb296259c13562eb2f353760 is a merge commit
---> Commit message - Merge pull request #1503 from Raynos/file-name

support a --filename flag
-----------------------------------------------------------------

Merge commit 183 is -> 
{ a4644aa10290fc09097cbbe71a1e0fce7c9dd6a5 is a merge commit
---> Commit message - Merge pull request #1586 from jonahkagan/expression-with-comma-in-case

Allow expressions with a comma in switch case condition
-----------------------------------------------------------------

Merge commit 184 is -> 
{ 13352442689766dc23cc2fdd8a1e4b7de251fb8c is a merge commit
---> Commit message - Merge pull request #1428 from Wizek/2.x

Extended `asi` option to be safer
-----------------------------------------------------------------

Merge commit 185 is -> 
{ 10ea5f74f8fe156dcfa42cf9a0140b4487af1e6a is a merge commit
---> Commit message - Merge pull request #1597 from dalsgaard/2.x

Added support for the Mocha test framework
-----------------------------------------------------------------

Merge commit 186 is -> 
{ bdede831e3282dc835e5d49a478846a3a8d467f8 is a merge commit
---> Commit message - Merge pull request #1607 from cburgmer/2.x

Support Jasmine environment
-----------------------------------------------------------------

Merge commit 187 is -> 
{ e5a8484c0ba27a65d5d91248c5bc582e47d5c826 is a merge commit
---> Commit message - Merge pull request #1608 from thomasboyt/improve-module-parsing

Support ModuleImport expressions
-----------------------------------------------------------------

Merge commit 188 is -> 
{ d3aa252f8f7f1a1ae5d83e0f519910003d819f5b is a merge commit
---> Commit message - Merge pull request #1614 from XhmikosR/gitignore

Update .gitignore.
-----------------------------------------------------------------

Merge commit 189 is -> 
{ 20e2bee28242fa627e3a98087dda8713850941a9 is a merge commit
---> Commit message - Merge pull request #1617 from XhmikosR/readme-svg-badges

README.md: switch to SVG badges.
-----------------------------------------------------------------

Merge commit 190 is -> 
{ 8efbb54ca8882ef82fa62003bce1e7750acd8f65 is a merge commit
---> Commit message - Merge pull request #1624 from XhmikosR/generate-identifier-data

Make generate-identifier-data.js use 2 spaces like the rest of the files.
-----------------------------------------------------------------

Merge commit 191 is -> 
{ c92907726cbf36f6a1011b6a92f9fbe3123a6fe2 is a merge commit
---> Commit message - Merge pull request #1615 from XhmikosR/deps

Update dependencies.
-----------------------------------------------------------------

Merge commit 192 is -> 
{ 34e81f08171f8295ffc13efe052e3f8788213fd9 is a merge commit
---> Commit message - Merge pull request #1618 from XhmikosR/patch-1

Update bin/build
-----------------------------------------------------------------

Merge commit 193 is -> 
{ 81df14b814446f0df1aa8b4d03555aa77f3fa3a6 is a merge commit
---> Commit message - Merge pull request #1616 from XhmikosR/qunit

Add QUnit predefined globals.
-----------------------------------------------------------------

Merge commit 194 is -> 
{ 441855aee003d3a6b009ce16741dd7a5cfc38f78 is a merge commit
---> Commit message - Merge pull request #1623 from arikon/feature/minimatch

Use minimatch library to match patterns in overrides config property
-----------------------------------------------------------------

Merge commit 195 is -> 
{ 833f6fefa64eb5237d0f26d0d6189421cea6ed2d is a merge commit
---> Commit message - Merge pull request #1669 from XhmikosR/2.x

Update dependencies.
-----------------------------------------------------------------

Merge commit 196 is -> 
{ c108b3176f7e51c2bee1ef653eda524501c6eb4e is a merge commit
---> Commit message - Merge pull request #1629 from bollwyvl/patch-1

Adding `dist` to `files` in package.json
-----------------------------------------------------------------

Merge commit 197 is -> 
{ 9d29cea4e624ab802808c9af9ce173a8a427e367 is a merge commit
---> Commit message - Merge pull request #1642 from am11/2.x

Config: Discoverability from other drives (#1574)
-----------------------------------------------------------------

Merge commit 198 is -> 
{ 1eab4d82864bbc5122658f295715d7886e3a1822 is a merge commit
---> Commit message - Merge pull request #1652 from DimitarChristoff/mootools-exports

fixed casing issue on mootools global vars for Iframe
-----------------------------------------------------------------

Merge commit 199 is -> 
{ 9871e809a6611b3cbc0034477b7d5b761b360c50 is a merge commit
---> Commit message - Merge pull request #1662 from robrich/2.x

Resolve #1402 false negative `scripturl` fail on `mocha:`
-----------------------------------------------------------------

Merge commit 200 is -> 
{ 29741278a62194c86bfb368dc833eb30829307f4 is a merge commit
---> Commit message - Merge pull request #1663 from thomas658/2.x

gh-1333: JSHint can be run using Rhino in interpreter mode only
-----------------------------------------------------------------

Merge commit 201 is -> 
{ 54371e6c1bf532db10073cf4ad30bd94ea2f9d76 is a merge commit
---> Commit message - Merge pull request #1675 from jugglinmike/extend-globals

Extend "globals" configuration deeply
-----------------------------------------------------------------

Merge commit 202 is -> 
{ cb05ca52cbe7fe1e5892006c9b92b0b36aec1e27 is a merge commit
---> Commit message - Merge pull request #1684 from JonathanGawrych/hasOwnProperty

Handle "hasOwnProperty" as a global variable
-----------------------------------------------------------------

Merge commit 203 is -> 
{ cee41b316ad9b674060d1c0fd1c2a44395fd8d57 is a merge commit
---> Commit message - Merge pull request #1695 from mzgol/rAF

Add requestAnimationFrame & cancelAnimationFrame to browser globals
-----------------------------------------------------------------

Merge commit 204 is -> 
{ b8764ef10ee2d7c3c73698568cc5d014e8279e9e is a merge commit
---> Commit message - Merge pull request #1703 from paul-wade/issue1701

Point to the beginning of the woken when warning about unused variables. Fixes #1701.
-----------------------------------------------------------------

Merge commit 205 is -> 
{ baa06551d564a8ede15d049254011c95331c1b5a is a merge commit
---> Commit message - Merge pull request #1713 from RReverser/patch-1

Add FileReaderSync to Worker globals
-----------------------------------------------------------------

Merge commit 206 is -> 
{ 31c9bd57cd39258f7f7df4e46d5305bc8003e64a is a merge commit
---> Commit message - Merge pull request #1688 from artnez/fix-incorrect-json-detection

Do not assume JSON block when mapping array
-----------------------------------------------------------------

Merge commit 207 is -> 
{ 0e601efd82de30f9fbaa3494a2738591c6d7925e is a merge commit
---> Commit message - Merge pull request #1718 from caitp/issue-1717

Support ES6 `export * from ...` syntax
-----------------------------------------------------------------

Merge commit 208 is -> 
{ 99d65afa501c4e1e08294b8cb7ffd4429e4a2684 is a merge commit
---> Commit message - Merge pull request #1694 from victor-homyakov/master

Special comment should have space after initial word (fixes #1632)
-----------------------------------------------------------------

Merge commit 209 is -> 
{ 6a9f721f85021a66db29ad39f70ef09c1fd63450 is a merge commit
---> Commit message - Merge pull request #1696 from paul-wade/master

#1348 - implementing defaulthard option to turn on all enforce options
-----------------------------------------------------------------

Merge commit 210 is -> 
{ 5d59c63cbc71972b1352f215c7ec8d51cef8678f is a merge commit
---> Commit message - Merge pull request #1750 from charmander/master

forin option shouldnt warn about forof loops
-----------------------------------------------------------------

Merge commit 211 is -> 
{ 681b406918e96044be3375e389ddbe931740a804 is a merge commit
---> Commit message - Merge branch 'issue-1705' of https://github.com/caitp/jshint into issue-1705

* 'issue-1705' of https://github.com/caitp/jshint:
  Lint expressions within ES6 Template Literals
-----------------------------------------------------------------

Merge commit 212 is -> 
{ f83670dc8cd4d5418d15d6a3ea09ebe5eb1f0d01 is a merge commit
---> Commit message - Merge pull request #1767 from pluma/browserify-flag

Fixes #1729. Added browserify flag to subset browser-safe node globals
-----------------------------------------------------------------

Merge commit 213 is -> 
{ c14094a7a46ad459d7b771be5a3f9697e2d0ba18 is a merge commit
---> Commit message - Merge pull request #1759 from ChuntaoLu/patch-1

Remove unmatched quotation mark
-----------------------------------------------------------------

Merge commit 214 is -> 
{ 57de262574d64eb88846736f79f5879ec6ad66c2 is a merge commit
---> Commit message - Merge pull request #1731 from yungsters/master

Support Object Short Notation
-----------------------------------------------------------------

Merge commit 215 is -> 
{ 338f74ce096e95c5cca43dfd87fcc2b04bfd979b is a merge commit
---> Commit message - Merge pull request #1722 from victor-homyakov/patch-2

Fixes #1569 - recognition of expressions like `a/=b/2`
-----------------------------------------------------------------

Merge commit 216 is -> 
{ 6d32f9b51097f4f4a2f9d49833c3b3a4cb6a40da is a merge commit
---> Commit message - Merge pull request #1760 from paul-wade/master

fixes #1348 - five options were incorrectly set as relaxing.
-----------------------------------------------------------------

Merge commit 217 is -> 
{ 7b1e1aa15bf9f6b61eeae634970ed8aebaf9e3a4 is a merge commit
---> Commit message - Merge pull request #1771 from am11/master

API: Ability to set cwd for .jshintignore lookup
-----------------------------------------------------------------

Merge commit 218 is -> 
{ e99e69c504e22a34840c916ce8dd45f9391a50e7 is a merge commit
---> Commit message - Merge pull request #1772 from am11/home-dir

Config: Prioritize userprofile for HOME search
-----------------------------------------------------------------

Merge commit 219 is -> 
{ ba9bf99d5fcdda7bbd53645039e3d08f9f1ea81b is a merge commit
---> Commit message - Merge pull request #1765 from ysbaddaden/bug-overrides-option-and-relative-paths

Overrides doesn't match relative paths
-----------------------------------------------------------------

Merge commit 220 is -> 
{ b4589abfe907157eda5706a66f7aad8793fb16c3 is a merge commit
---> Commit message - Merge pull request #1817 from jshint/2.5.4-build

Compiled version of 2.5.4
-----------------------------------------------------------------

Merge commit 221 is -> 
{ 18bcbf6efa7bca34e3b8d250957401dbd6166f97 is a merge commit
---> Commit message - Merge pull request #1823 from ljharb/update_minimatch

Updating minimatch to v1.0.0
-----------------------------------------------------------------

Merge commit 222 is -> 
{ 07316f717847d81cba8a44e83db868f745b7bf2f is a merge commit
---> Commit message - Merge pull request #1824 from XhmikosR/master

Update dependencies.
-----------------------------------------------------------------

Merge commit 223 is -> 
{ f2249b8521dc8fa78f0f00e002603251252e6849 is a merge commit
---> Commit message - Merge branch 'master' of https://github.com/TPei/jshint
-----------------------------------------------------------------

Merge commit 224 is -> 
{ 00f14e2ba6bac4c171e2c545f6f6fc6fb0ca218e is a merge commit
---> Commit message - Merge pull request #1815 from TPei/master

changed static "error" severity to actual severity level (info, warning, error)
-----------------------------------------------------------------

Merge commit 225 is -> 
{ 3a514ade96dac479ede19e0321d8a25ae3bafa39 is a merge commit
---> Commit message - Merge pull request #1835 from m90/master

Add XDomainRequest to browser env too
-----------------------------------------------------------------

Merge commit 226 is -> 
{ cfbc819e407d6624440f6886c01847091d04ea6a is a merge commit
---> Commit message - Merge pull request #1833 from baer/add-missing-defaults-to-jshintrc-example

Add missing config options
-----------------------------------------------------------------

Merge commit 227 is -> 
{ 53b06a65334ef045cd8f52aed67a3cbf6f05b564 is a merge commit
---> Commit message - Merge pull request #1841 from kangax/master

Add ignoreDelimiters option
-----------------------------------------------------------------

Merge commit 228 is -> 
{ 7ff958b64e77df6ee53ceb831e2c065cfa891bd5 is a merge commit
---> Commit message - Merge pull request #1844 from Torsph/correct_jshint_example

Added missing comma in .jshintrc
-----------------------------------------------------------------

Merge commit 229 is -> 
{ 69c1dfba470fcf93ab80c8291b36734824b65b7e is a merge commit
---> Commit message - Merge pull request #1843 from jugglinmike/1737-immed-expr

Allow paren-wrapped function literals with `immed`
-----------------------------------------------------------------

Merge commit 230 is -> 
{ 6e0b45d3ab19c9597e75c4f269c261f2dc21ae25 is a merge commit
---> Commit message - Merge pull request #1887 from jshint/valueof-better-funcloop

Don't raise W083 if a function never touches the outer scope
-----------------------------------------------------------------

Merge commit 231 is -> 
{ cf0f2702f9eec54b42c2814dec738b319bf23d1a is a merge commit
---> Commit message - Merge branch 'dry-undef' of https://github.com/jugglinmike/jshint into dry-undef

* 'dry-undef' of https://github.com/jugglinmike/jshint:
  Consolidate branches
  Fix bug for vars declared via list comprehensions
  Remove tautological condition
-----------------------------------------------------------------

Merge commit 232 is -> 
{ befb880c0563d09a35e44ffbe99758b10bdcf328 is a merge commit
---> Commit message - Merge pull request #1899 from Rob--W/variable-CSS

Add CSS variable to browser
-----------------------------------------------------------------

Merge commit 233 is -> 
{ cd73e2299cc56388f0d6e75e2117fd9f4d6cf10d is a merge commit
---> Commit message - Merge pull request #1901 from realityking/patch-1

Add Encoding API to browser env. Specification: https://encoding.spec.whatwg.org/
-----------------------------------------------------------------

Merge commit 234 is -> 
{ 63b2b67bb974d37f35ad3590d324dcd7708bd656 is a merge commit
---> Commit message - Merge pull request #1898 from jugglinmike/allow-immed-with-brackets

Relax restriction on parens around function exprs
-----------------------------------------------------------------

Merge commit 235 is -> 
{ ef87c661d79bf33493a55359a7a4799b2bb0bbc9 is a merge commit
---> Commit message - Merge pull request #1903 from jugglinmike/get-set-paths

Merge similar code paths
-----------------------------------------------------------------

Merge commit 236 is -> 
{ a7df1e32633408b01d5afcf44f4112fd32771187 is a merge commit
---> Commit message - Merge pull request #1907 from jugglinmike/refactor-unnamed-fn-test

Refactor W025 Generation
-----------------------------------------------------------------

Merge commit 237 is -> 
{ 7a468ef68c69915959c123b8aad9d6874a4c1a30 is a merge commit
---> Commit message - Merge pull request #1912 from caitp/issue-1906

Fix ASI rules for directives. Fixes gh-1906
-----------------------------------------------------------------

Merge commit 238 is -> 
{ 36f7ddcfc122bf105e8b5d0b4fe66d9279c747ba is a merge commit
---> Commit message - Merge pull request #1927 from jshint/1926

Only treat props named "[" as computed prop when punctuator. Fixes gh-1926
-----------------------------------------------------------------

Merge commit 239 is -> 
{ 084c508d3a0d72d17ea98117909f5c1735b300ce is a merge commit
---> Commit message - Merge pull request #1930 from XhmikosR/deps

Update dependecies. Alphabetize package.json lists.
-----------------------------------------------------------------

Merge commit 240 is -> 
{ 754b2b80403ef7a56fdb2bdf44c71a4c4199e8e9 is a merge commit
---> Commit message - Merge pull request #1948 from rwaldron/1544

Updates to yield delegation linting. Fixes gh-1544
-----------------------------------------------------------------

Merge commit 241 is -> 
{ 445d657d0221ec150632a7edaa97a2c29cf94e60 is a merge commit
---> Commit message - Merge pull request #1945 from caitp/issue-1936

Parse/lint NameSpaceImport module declaration.
-----------------------------------------------------------------

Merge commit 242 is -> 
{ a71e04c97a1f5edf27ffdde9d2262d22165970d0 is a merge commit
---> Commit message - Merge branch 'gh-1691-fix-ignore' of https://github.com/jugglinmike/jshint

* 'gh-1691-fix-ignore' of https://github.com/jugglinmike/jshint:
  Fix bug in "ignore" option behavior
-----------------------------------------------------------------

Merge commit 243 is -> 
{ 8747c2a5062bde3859252bdd8da0db827eb9e756 is a merge commit
---> Commit message - Merge branch 'patch-1' of https://github.com/turadg/jshint into turadg-patch-1

* 'patch-1' of https://github.com/turadg/jshint:
  Intl global in ECMAScript Internationalization API 1.0 (ECMA-402)
-----------------------------------------------------------------

Merge commit 244 is -> 
{ 493d03d47ce810b8f7464fdb6f1cfd12a0e7f5cb is a merge commit
---> Commit message - Merge pull request #1965 from michaelhogg/webgl-globals

Add WebGL browser globals
-----------------------------------------------------------------

Merge commit 245 is -> 
{ a643f3fec0632249dcd78d0cf5f200d9166b587d is a merge commit
---> Commit message - Merge pull request #1876 from denis-sokolov/nocomma

Add nocomma option to forbid use of a comma operator
-----------------------------------------------------------------

