# of reverts = 7
Revert diff pair 1 is -> 
{ 86d9d2070d9cff618461a22548349240736e4e94 -> 7838beebe315345aa4712de14efc7d32655bebd2 } is a revert
{ 7838beebe315345aa4712de14efc7d32655bebd2 -> 85c99f1134ccff1a4d3634ef6e8d5fbdf1db9dff }
Revert commits SHA are -> 
7838beebe315345aa4712de14efc7d32655bebd2 - revert - 85c99f1134ccff1a4d3634ef6e8d5fbdf1db9dff
The reverted commit sha is - 7838beebe315345aa4712de14efc7d32655bebd2
Commit message - First try to use Buffer.addObserver().
The original commit sha is - 85c99f1134ccff1a4d3634ef6e8d5fbdf1db9dff
Commit message - Revert "First try to use Buffer.addObserver()."

This reverts commit 7838beebe315345aa4712de14efc7d32655bebd2.
-----------------------------------------------------------------

Revert diff pair 2 is -> 
{ 1a846e92019ceb77d1bbbb75e78c36b043be9fe9 -> c570fe01d042211b87ddfaa3643cc71280fae50e } is a revert
{ c47a11951bcf2ce0996707fc485c79201d042438 -> 8ff50de3003baa5e2f97ef92a0d1aa1b184caf67 }
Revert commits SHA are -> 
c570fe01d042211b87ddfaa3643cc71280fae50e - revert - 8ff50de3003baa5e2f97ef92a0d1aa1b184caf67
The reverted commit sha is - c570fe01d042211b87ddfaa3643cc71280fae50e
Commit message - Try xsel over xclip for clipboard support on Linux.
The original commit sha is - 8ff50de3003baa5e2f97ef92a0d1aa1b184caf67
Commit message - Go back to xclip.
-----------------------------------------------------------------

Revert diff pair 3 is -> 
{ a73554cf8871cf7948ecaf5bb6231cb80454c7dc -> ee7b0ff807ba8d51827083954de98f5d3a843b72 } is a revert
{ ee7b0ff807ba8d51827083954de98f5d3a843b72 -> 8ed463f35352686ef7a92f5a90e1e6b6dd040242 }
Revert commits SHA are -> 
ee7b0ff807ba8d51827083954de98f5d3a843b72 - revert - 8ed463f35352686ef7a92f5a90e1e6b6dd040242
The reverted commit sha is - ee7b0ff807ba8d51827083954de98f5d3a843b72
Commit message - Drop the test for identical regions.
The original commit sha is - 8ed463f35352686ef7a92f5a90e1e6b6dd040242
Commit message - Test the sorting of Recipe.Transcribe.
-----------------------------------------------------------------

Revert diff pair 4 is -> 
{ 0be05cb69d6dbfac1922c25ab985a9302a835c65 -> 858ae43719ae6592f3ef8f17aeeef01efe78290e } is a revert
{ 5fdc0e25676a5904f48c95100a599d0a5d3f6c60 -> 9c2d6bdae20dfc27b8258b74042c6bb8677f548e }
Revert commits SHA are -> 
858ae43719ae6592f3ef8f17aeeef01efe78290e - revert - 9c2d6bdae20dfc27b8258b74042c6bb8677f548e
The reverted commit sha is - 858ae43719ae6592f3ef8f17aeeef01efe78290e
Commit message - deleted 2 comments
The original commit sha is - 9c2d6bdae20dfc27b8258b74042c6bb8677f548e
Commit message - merge master
-----------------------------------------------------------------

Revert diff pair 5 is -> 
{ 48f37e4cffd6b68656b0975017ae405519dec8d4 -> 9ea0673b1e6c4e87a2e272b99409430a5e941444 } is a revert
{ 9ea0673b1e6c4e87a2e272b99409430a5e941444 -> 15ddc6dce570c8aae4c5e6c94ffe039c30d45da8 }
Revert commits SHA are -> 
9ea0673b1e6c4e87a2e272b99409430a5e941444 - revert - 15ddc6dce570c8aae4c5e6c94ffe039c30d45da8
The reverted commit sha is - 9ea0673b1e6c4e87a2e272b99409430a5e941444
Commit message - Extend tab-fix for inverse cursor
The original commit sha is - 15ddc6dce570c8aae4c5e6c94ffe039c30d45da8
Commit message - I shall commit harakiri for my sins
-----------------------------------------------------------------

Revert diff pair 6 is -> 
{ 34f4b181f473f2e5470ce98009d9f5efc9c46899 -> a96d1487e2de840ea7eeb16e142c88198dfc1bad } is a revert
{ a96d1487e2de840ea7eeb16e142c88198dfc1bad -> 736dfa16c1802495323737972681dcd5bd05b04c }
Revert commits SHA are -> 
a96d1487e2de840ea7eeb16e142c88198dfc1bad - revert - 736dfa16c1802495323737972681dcd5bd05b04c
The reverted commit sha is - a96d1487e2de840ea7eeb16e142c88198dfc1bad
Commit message - Separated non atomic and atomic save
The original commit sha is - 736dfa16c1802495323737972681dcd5bd05b04c
Commit message - fixed merging
-----------------------------------------------------------------

Revert diff pair 7 is -> 
{ 76bee16ebb73cfcd558532b4d08fce8b91b09b14 -> 3329de4ac7ca6c7c66eabd7919c22dceedc6a4e1 } is a revert
{ 3329de4ac7ca6c7c66eabd7919c22dceedc6a4e1 -> 3cce642d87ffd56f976bc0c0417db37656382890 }
Revert commits SHA are -> 
3329de4ac7ca6c7c66eabd7919c22dceedc6a4e1 - revert - 3cce642d87ffd56f976bc0c0417db37656382890
The reverted commit sha is - 3329de4ac7ca6c7c66eabd7919c22dceedc6a4e1
Commit message - Add "New" and "Open" function to the qml frontend
The original commit sha is - 3cce642d87ffd56f976bc0c0417db37656382890
Commit message - Merge pull request #249 from irachex/indent

Implement indent command and add tests
-----------------------------------------------------------------

