# of merges = 41
Merge commit 1 is -> 
{ b4a4b115ca9cfd8d612a0b98d14083cd8a269107 is a merge commit
---> Commit message - Merge pull request #4 from tquellenberg/master

Fixed deserialization of UUIDs
-----------------------------------------------------------------

Merge commit 2 is -> 
{ 56c0d80983f82b45ba4152d8ad12c74c925ae4f3 is a merge commit
---> Commit message - Merge remote-tracking branch 'origin/master'
-----------------------------------------------------------------

Merge commit 3 is -> 
{ 46f8d84f3b30052d2d0f41147ac21139443a4a35 is a merge commit
---> Commit message - Merge pull request #10 from gkorland/master

some code cleanup
-----------------------------------------------------------------

Merge commit 4 is -> 
{ 7b86b1db9e2c0658b7e82e9cf558ac6c11114e05 is a merge commit
---> Commit message - Merge pull request #14 from rtreffer/master

Fix dead links in Readme.md
-----------------------------------------------------------------

Merge commit 5 is -> 
{ 435c832ffba93ae6b399a57daa222d3a9123487a is a merge commit
---> Commit message - Merge branch 'master' of github.com:jankotek/MapDB
-----------------------------------------------------------------

Merge commit 6 is -> 
{ 9007bfb2667ee787e5452480c558b1aefb3b5888 is a merge commit
---> Commit message - Merge pull request #48 from lpellegr/master

Fix for issue #47
-----------------------------------------------------------------

Merge commit 7 is -> 
{ adf4c68c48afb223599bf3ad81aa11a4b9f0a2ef is a merge commit
---> Commit message - Merge remote-tracking branch 'origin/master'
-----------------------------------------------------------------

Merge commit 8 is -> 
{ 9b1bd3c61bf0fd097ce3777f240afdeeb427e7d4 is a merge commit
---> Commit message - Merge pull request #49 from csm/master

Locking fixes (I think)
-----------------------------------------------------------------

Merge commit 9 is -> 
{ c29fd46db04bd25174a7f25fada596194004b114 is a merge commit
---> Commit message - Merge branch 'master' of github.com:jankotek/MapDB
-----------------------------------------------------------------

Merge commit 10 is -> 
{ 7c24a33cf167b6a04245ffc8a80aa4aac55bb808 is a merge commit
---> Commit message - Merge pull request #52 from pdroalves/master

New example
-----------------------------------------------------------------

Merge commit 11 is -> 
{ dd754cb7a711e6e97ddfaa857a84e2ddd8e01b2d is a merge commit
---> Commit message - Merge pull request #55 from lpellegr/master

Minor improvement to README
-----------------------------------------------------------------

Merge commit 12 is -> 
{ b35b875e3c5b9e9b108ca2c6bfa5aa50ce4f9e47 is a merge commit
---> Commit message - Merge branch 'master' of github.com:jankotek/MapDB
-----------------------------------------------------------------

Merge commit 13 is -> 
{ f4888989517d34aadf97779c432f6bc776feb9f2 is a merge commit
---> Commit message - Merge pull request #67 from konrade/master

Fix for issue #66
-----------------------------------------------------------------

Merge commit 14 is -> 
{ 3dec9075402358ed3ad0d56017db4a3914bf627a is a merge commit
---> Commit message - Merge pull request #70 from kzadorozhny/master

Issue #69 Test
-----------------------------------------------------------------

Merge commit 15 is -> 
{ 6b9c664f00b37475729decb4f166b41b2978bd6b is a merge commit
---> Commit message - Merge remote-tracking branch 'origin/master'
-----------------------------------------------------------------

Merge commit 16 is -> 
{ 19c868833ef8bb12a04da8d3b5694d4161d5d626 is a merge commit
---> Commit message - Merge pull request #78 from bonifaido/master

AsyncWriteEngine.commit() hangs when writerThread dies
-----------------------------------------------------------------

Merge commit 17 is -> 
{ 0fd8dadcfb186fc4d3bf8037c8fcd578a59da67b is a merge commit
---> Commit message - Merge pull request #83 from bonifaido/master

Fixing Queue.clear() method
-----------------------------------------------------------------

Merge commit 18 is -> 
{ 000590cdfdd16f4ca85ce588091e993c72c95cc2 is a merge commit
---> Commit message - Merge remote-tracking branch 'origin/master'
-----------------------------------------------------------------

Merge commit 19 is -> 
{ 7ebe4c3aff71f6a859ae340d5ccc22600ece6ffc is a merge commit
---> Commit message - Merge branch 'master' of github.com:jankotek/MapDB
-----------------------------------------------------------------

Merge commit 20 is -> 
{ 75a354f0d9a096a395f63818bcd67a305deb7049 is a merge commit
---> Commit message - Merge branch 'master' of github.com:jankotek/MapDB
-----------------------------------------------------------------

Merge commit 21 is -> 
{ 40ad5ae6dcb0d558be3c3e4a1f4bacdec16080ed is a merge commit
---> Commit message - Merge branch 'master' of github.com:jankotek/MapDB
-----------------------------------------------------------------

Merge commit 22 is -> 
{ a4c78abf91a515c10b020862762f5cabe2d75081 is a merge commit
---> Commit message - Merge pull request #179 from mfriedenhagen/maven-310

Update maven-site-plugin to 3.3 so it is compatible with maven-3.1.0.
-----------------------------------------------------------------

Merge commit 23 is -> 
{ 90a6a044bdcf8c083dd54a7c57b613303c9b520e is a merge commit
---> Commit message - Merge branch 'master' of github.com:jankotek/MapDB
-----------------------------------------------------------------

Merge commit 24 is -> 
{ 51710dd197cfc69bc734af62e6450ccf8781c2b7 is a merge commit
---> Commit message - Merge pull request #256 from harishreedharan/master

Don't sync files to disk if deleteFilesAfterClose is true.
-----------------------------------------------------------------

Merge commit 25 is -> 
{ 68f6ba7e90eeb5f7683f06cfd0fecabe9f28f837 is a merge commit
---> Commit message - Merge pull request #285 from Toilal/checksum-fix

Checksum fix
-----------------------------------------------------------------

Merge commit 26 is -> 
{ 48de52ac35aba8572843b54cc69a25fdddc0788a is a merge commit
---> Commit message - Merge branch 'master' of https://github.com/jankotek/MapDB
-----------------------------------------------------------------

Merge commit 27 is -> 
{ ddf547e3b38e9b69f5a15b9f4a4a27fc758221c4 is a merge commit
---> Commit message - Merge pull request #286 from Stekot/master

Site theme changed to bootswatch-spruce.
-----------------------------------------------------------------

Merge commit 28 is -> 
{ 780c1e590dbcf0a564112a308a682e93bb6c7b98 is a merge commit
---> Commit message - Merge pull request #289 from ajermakovics/master

Issue 284 - skip value deserialization during containsKey when values stored outside nodes
-----------------------------------------------------------------

Merge commit 29 is -> 
{ a45ddb9b9021dbc54adc52b95f8ca5b59e3aa0e4 is a merge commit
---> Commit message - Merge remote-tracking branch 'jankotek/master'
-----------------------------------------------------------------

Merge commit 30 is -> 
{ 765bdde357bc35d97d471e8fd1f04bf9c0104227 is a merge commit
---> Commit message - Merge pull request #290 from Stekot/master

Benchmark page added.
-----------------------------------------------------------------

Merge commit 31 is -> 
{ 000563ca3c77aeb61b8c51182ef3563977f88943 is a merge commit
---> Commit message - Merge pull request #291 from Stekot/master

Benchmark graph data changed to js file.
-----------------------------------------------------------------

Merge commit 32 is -> 
{ a05c4baae5a831390d3a67a3ea6ad3b7972efde6 is a merge commit
---> Commit message - Merge pull request #293 from RodionGork/master

Fix for NPE while getting parent in Volume.checkFolder - see issue #292 ...
-----------------------------------------------------------------

Merge commit 33 is -> 
{ 35a1cb6f6cbf7963d99306369f63322b1c7bf2de is a merge commit
---> Commit message - Merge pull request #325 from linkerlin/patch-1

Create .travis.yml
-----------------------------------------------------------------

Merge commit 34 is -> 
{ 07fd286351ccded68292420a8c15543000f98e53 is a merge commit
---> Commit message - Merge branch 'master' of https://www.github.com/jankotek/MapDB
-----------------------------------------------------------------

Merge commit 35 is -> 
{ a59f2a4a44c529ebc2e57a196e5eddd200208418 is a merge commit
---> Commit message - Merge branch 'master' of https://www.github.com/jankotek/MapDB
-----------------------------------------------------------------

Merge commit 36 is -> 
{ 4036a163c0a6ef50ad5bceef3ea269cde05ba21d is a merge commit
---> Commit message - Merge branch 'fasterdude7-master'
-----------------------------------------------------------------

Merge commit 37 is -> 
{ 998fa551f1c775e480ba194bf4b019dbcaf93761 is a merge commit
---> Commit message - Merge pull request #327 from Toilal/windows_filechannel

Volume: Workaround for Windows and FileChannel truncate. Fix #326.
-----------------------------------------------------------------

Merge commit 38 is -> 
{ 47761cbaaa178570250f687efff3efc5a945c3b1 is a merge commit
---> Commit message - Merge branch 'master' of https://www.github.com/jankotek/MapDB
-----------------------------------------------------------------

Merge commit 39 is -> 
{ 73385f1a80c0b7d6687efb86ace160a5c2d1b925 is a merge commit
---> Commit message - Merge remote-tracking branch 'origin/master'
-----------------------------------------------------------------

Merge commit 40 is -> 
{ 6a3d796a052f5c95c75310451ecf6328b2f0c423 is a merge commit
---> Commit message - Merge pull request #358 from cloud-fan/small-fix

set correct hasher when open exist hash tree map
-----------------------------------------------------------------

Merge commit 41 is -> 
{ b9db2021fe2e0075261121a32a983a4fec0d9290 is a merge commit
---> Commit message - Merge branch 'master' of https://www.github.com/jankotek/MapDB
-----------------------------------------------------------------

