# of cherry-picks = 17
Cherry-pick diff pair 1 is -> 
{ 8178c5d6fc07dab8b34c6cff4e08a69d340b819e -> 9fa06174984fcc33c5a0869176dbc2a41c064198 } is a cherrypick
{ 93a39d05d70b337e97fbd58aa08b84339d3ef2fd -> b9db2021fe2e0075261121a32a983a4fec0d9290 }
Cherrypick commits SHA are -> 
9fa06174984fcc33c5a0869176dbc2a41c064198 - cherrypick - b9db2021fe2e0075261121a32a983a4fec0d9290
---> The cherrypicked commit sha is - 9fa06174984fcc33c5a0869176dbc2a41c064198
Commit message - set correct hasher when open exist hash tree map
---> The original commit sha is - b9db2021fe2e0075261121a32a983a4fec0d9290
Commit message - Merge branch 'master' of https://www.github.com/jankotek/MapDB
-----------------------------------------------------------------

Cherry-pick diff pair 2 is -> 
{ 998fa551f1c775e480ba194bf4b019dbcaf93761 -> 8a132991336ca18cb7e736ba0be728ca2bba7947 } is a cherrypick
{ a49dd42b9c116c20fff3b6f945786b27c3b84b07 -> 47761cbaaa178570250f687efff3efc5a945c3b1 }
Cherrypick commits SHA are -> 
8a132991336ca18cb7e736ba0be728ca2bba7947 - cherrypick - 47761cbaaa178570250f687efff3efc5a945c3b1
---> The cherrypicked commit sha is - 8a132991336ca18cb7e736ba0be728ca2bba7947
Commit message - site: update DB and DBMaker doc
---> The original commit sha is - 47761cbaaa178570250f687efff3efc5a945c3b1
Commit message - Merge branch 'master' of https://www.github.com/jankotek/MapDB
-----------------------------------------------------------------

Cherry-pick diff pair 3 is -> 
{ d06752f20e04c7c570d165de2ccce5ce9f93e708 -> fb3406f4d6aa61102c82c66649a5d4fcb47934b8 } is a cherrypick
{ 86e5ed25c9768341321734edcfe1099d499162f6 -> a59f2a4a44c529ebc2e57a196e5eddd200208418 }
Cherrypick commits SHA are -> 
fb3406f4d6aa61102c82c66649a5d4fcb47934b8 - cherrypick - a59f2a4a44c529ebc2e57a196e5eddd200208418
---> The cherrypicked commit sha is - fb3406f4d6aa61102c82c66649a5d4fcb47934b8
Commit message - Update .travis.yml
---> The original commit sha is - a59f2a4a44c529ebc2e57a196e5eddd200208418
Commit message - Merge branch 'master' of https://www.github.com/jankotek/MapDB
-----------------------------------------------------------------

Cherry-pick diff pair 4 is -> 
{ 8e90f4236125760182751ee77a73f633d4f215c1 -> 13b4eed2848ed0989c4d588e2eb5782796eb9656 } is a cherrypick
{ a085578ea43fb6143e2e6a5f07f2b09d33fd6ea4 -> 07fd286351ccded68292420a8c15543000f98e53 }
Cherrypick commits SHA are -> 
13b4eed2848ed0989c4d588e2eb5782796eb9656 - cherrypick - 07fd286351ccded68292420a8c15543000f98e53
---> The cherrypicked commit sha is - 13b4eed2848ed0989c4d588e2eb5782796eb9656
Commit message - Create .travis.yml

Added Travis-CI support.
---> The original commit sha is - 07fd286351ccded68292420a8c15543000f98e53
Commit message - Merge branch 'master' of https://www.github.com/jankotek/MapDB
-----------------------------------------------------------------

Cherry-pick diff pair 5 is -> 
{ 61e216a1b5740f285be7d914b63b78557eb4ac62 -> cacba5482011c236eac3b804367198fc364ecdba } is a cherrypick
{ 68f6ba7e90eeb5f7683f06cfd0fecabe9f28f837 -> 48de52ac35aba8572843b54cc69a25fdddc0788a }
Cherrypick commits SHA are -> 
cacba5482011c236eac3b804367198fc364ecdba - cherrypick - 48de52ac35aba8572843b54cc69a25fdddc0788a
---> The cherrypicked commit sha is - cacba5482011c236eac3b804367198fc364ecdba
Commit message - Javadoc: fix typo
---> The original commit sha is - 48de52ac35aba8572843b54cc69a25fdddc0788a
Commit message - Merge branch 'master' of https://github.com/jankotek/MapDB
-----------------------------------------------------------------

Cherry-pick diff pair 6 is -> 
{ b0c63a641aee51961adec12874e30e1664996e04 -> 70be94def92a137401716ea1611a6f11604b8c25 } is a cherrypick
{ dc454750b95faf21725a4f966d69e6a2c1990ab3 -> 51710dd197cfc69bc734af62e6450ccf8781c2b7 }
Cherrypick commits SHA are -> 
70be94def92a137401716ea1611a6f11604b8c25 - cherrypick - 51710dd197cfc69bc734af62e6450ccf8781c2b7
---> The cherrypicked commit sha is - 70be94def92a137401716ea1611a6f11604b8c25
Commit message - Don't sync files to disk if deleteFilesAfterClose is true.
---> The original commit sha is - 51710dd197cfc69bc734af62e6450ccf8781c2b7
Commit message - Merge pull request #256 from harishreedharan/master

Don't sync files to disk if deleteFilesAfterClose is true.
-----------------------------------------------------------------

Cherry-pick diff pair 7 is -> 
{ 1f919d90fbc28ff4c453773d5867ae3887c6df41 -> 2b3ac98aaa2661aa39da6565c29ce01e3bfd291f } is a cherrypick
{ 180b22b598da2176d60e8a5f8928968d86fc9991 -> 90a6a044bdcf8c083dd54a7c57b613303c9b520e }
Cherrypick commits SHA are -> 
2b3ac98aaa2661aa39da6565c29ce01e3bfd291f - cherrypick - 90a6a044bdcf8c083dd54a7c57b613303c9b520e
---> The cherrypicked commit sha is - 2b3ac98aaa2661aa39da6565c29ce01e3bfd291f
Commit message - Update 50-secondary-collections.md
---> The original commit sha is - 90a6a044bdcf8c083dd54a7c57b613303c9b520e
Commit message - Merge branch 'master' of github.com:jankotek/MapDB
-----------------------------------------------------------------

Cherry-pick diff pair 8 is -> 
{ e694f14dee38b527aeee242fc5c5286b3dfcdcfd -> 52aa9dbf03b2b8f6ba4dc4d5a8c33c1f9832adfb } is a cherrypick
{ 547e34571d59314f5ec680d46ac76091cf8f53c9 -> 40ad5ae6dcb0d558be3c3e4a1f4bacdec16080ed }
Cherrypick commits SHA are -> 
52aa9dbf03b2b8f6ba4dc4d5a8c33c1f9832adfb - cherrypick - 40ad5ae6dcb0d558be3c3e4a1f4bacdec16080ed
---> The cherrypicked commit sha is - 52aa9dbf03b2b8f6ba4dc4d5a8c33c1f9832adfb
Commit message - Update README.md
---> The original commit sha is - 40ad5ae6dcb0d558be3c3e4a1f4bacdec16080ed
Commit message - Merge branch 'master' of github.com:jankotek/MapDB
-----------------------------------------------------------------

Cherry-pick diff pair 9 is -> 
{ 692d3d077dadae6d36d40f885fc6c1c1fd47fa7b -> acd06fb7a4dbbe3426e4bb5f9c52d1b23082dee9 } is a cherrypick
{ 1efb6e56df1a527cd20e5de338443d83d4b52cc6 -> ac0498bd31c20cc8b5e981ee5da7ffc8551d4c0b }
Cherrypick commits SHA are -> 
acd06fb7a4dbbe3426e4bb5f9c52d1b23082dee9 - cherrypick - ac0498bd31c20cc8b5e981ee5da7ffc8551d4c0b
---> The cherrypicked commit sha is - acd06fb7a4dbbe3426e4bb5f9c52d1b23082dee9
Commit message - Exclude protected stuff in JavaDoc
---> The original commit sha is - ac0498bd31c20cc8b5e981ee5da7ffc8551d4c0b
Commit message - Add UTF-8 into POM
-----------------------------------------------------------------

Cherry-pick diff pair 10 is -> 
{ 55bdf11f99fbbbd95e42de44d4d3bbcc0b748017 -> 1aede69f4247b206356fab5e4eef2a5c131fa85d } is a cherrypick
{ ad164f10fcb5c758a11f0d808d642760a8256ac7 -> 000590cdfdd16f4ca85ce588091e993c72c95cc2 }
Cherrypick commits SHA are -> 
1aede69f4247b206356fab5e4eef2a5c131fa85d - cherrypick - 000590cdfdd16f4ca85ce588091e993c72c95cc2
---> The cherrypicked commit sha is - 1aede69f4247b206356fab5e4eef2a5c131fa85d
Commit message - Update README.md
---> The original commit sha is - 000590cdfdd16f4ca85ce588091e993c72c95cc2
Commit message - Merge remote-tracking branch 'origin/master'
-----------------------------------------------------------------

Cherry-pick diff pair 11 is -> 
{ a2bfa1a216a73eb3682336b8fd202cc7326a0dde -> 6b5241e03fcd77173ef6f5289bea32d2fd2e2b54 } is a cherrypick
{ c4e706a73c4a3775f9dadae7dcdd757052529797 -> 6b9c664f00b37475729decb4f166b41b2978bd6b }
Cherrypick commits SHA are -> 
6b5241e03fcd77173ef6f5289bea32d2fd2e2b54 - cherrypick - 6b9c664f00b37475729decb4f166b41b2978bd6b
---> The cherrypicked commit sha is - 6b5241e03fcd77173ef6f5289bea32d2fd2e2b54
Commit message - Issue #69 test.
---> The original commit sha is - 6b9c664f00b37475729decb4f166b41b2978bd6b
Commit message - Merge remote-tracking branch 'origin/master'
-----------------------------------------------------------------

Cherry-pick diff pair 12 is -> 
{ 166324881d7b88cca09649a74abf59a3d09d54f2 -> dd754cb7a711e6e97ddfaa857a84e2ddd8e01b2d } is a cherrypick
{ 389afa31e207b55fe84255b493f4caa79af8c746 -> b35b875e3c5b9e9b108ca2c6bfa5aa50ce4f9e47 }
Cherrypick commits SHA are -> 
dd754cb7a711e6e97ddfaa857a84e2ddd8e01b2d - cherrypick - b35b875e3c5b9e9b108ca2c6bfa5aa50ce4f9e47
---> The cherrypicked commit sha is - dd754cb7a711e6e97ddfaa857a84e2ddd8e01b2d
Commit message - Merge pull request #55 from lpellegr/master

Minor improvement to README
---> The original commit sha is - b35b875e3c5b9e9b108ca2c6bfa5aa50ce4f9e47
Commit message - Merge branch 'master' of github.com:jankotek/MapDB
-----------------------------------------------------------------

Cherry-pick diff pair 13 is -> 
{ d442f36f85e5ac6bc5d4f25b8504eb7e1f0c16a7 -> 0895feb052559a3c3dabea09fed222a660c8e71a } is a cherrypick
{ c81e49cbc5e27c176b52f2571dbdfb090be29ed2 -> 9b1bd3c61bf0fd097ce3777f240afdeeb427e7d4 }
Cherrypick commits SHA are -> 
0895feb052559a3c3dabea09fed222a660c8e71a - cherrypick - 9b1bd3c61bf0fd097ce3777f240afdeeb427e7d4
---> The cherrypicked commit sha is - 0895feb052559a3c3dabea09fed222a660c8e71a
Commit message - Fix locks (I think).

I was getting into a condition (Java 7 on OS X) where the writeLock vs readLock were conflicting. The holder of the writeLock was semi-busy-looping, waiting for the `writeCache` to empty, but never released the lock (or awaited a condition) before entering that loop.
---> The original commit sha is - 9b1bd3c61bf0fd097ce3777f240afdeeb427e7d4
Commit message - Merge pull request #49 from csm/master

Locking fixes (I think)
-----------------------------------------------------------------

Cherry-pick diff pair 14 is -> 
{ 88fdf08da278c3a21757ef9572a9f6017ee3629c -> a5c8970bbdf6d97b33405881618db708f52c1ff0 } is a cherrypick
{ e4114e82c1b3186c5195d809dde410df9ec8ede9 -> adf4c68c48afb223599bf3ad81aa11a4b9f0a2ef }
Cherrypick commits SHA are -> 
a5c8970bbdf6d97b33405881618db708f52c1ff0 - cherrypick - adf4c68c48afb223599bf3ad81aa11a4b9f0a2ef
---> The cherrypicked commit sha is - a5c8970bbdf6d97b33405881618db708f52c1ff0
Commit message - Fixed issue #47
---> The original commit sha is - adf4c68c48afb223599bf3ad81aa11a4b9f0a2ef
Commit message - Merge remote-tracking branch 'origin/master'
-----------------------------------------------------------------

Cherry-pick diff pair 15 is -> 
{ 0a513ebf228782e050830564735e06fc87707d2c -> 7b86b1db9e2c0658b7e82e9cf558ac6c11114e05 } is a cherrypick
{ 394d406e2b940e89c350290bf90d99e49b544496 -> 435c832ffba93ae6b399a57daa222d3a9123487a }
Cherrypick commits SHA are -> 
7b86b1db9e2c0658b7e82e9cf558ac6c11114e05 - cherrypick - 435c832ffba93ae6b399a57daa222d3a9123487a
---> The cherrypicked commit sha is - 7b86b1db9e2c0658b7e82e9cf558ac6c11114e05
Commit message - Merge pull request #14 from rtreffer/master

Fix dead links in Readme.md
---> The original commit sha is - 435c832ffba93ae6b399a57daa222d3a9123487a
Commit message - Merge branch 'master' of github.com:jankotek/MapDB
-----------------------------------------------------------------

Cherry-pick diff pair 16 is -> 
{ 6c38a6d1f70e50f826171b74c8293e1f7e547d2b -> 14dab9f3f8cbc459170c6d75d47f71a1f8f4add7 } is a cherrypick
{ 0e0ff703589c4833ddb4b04df9f816287d400850 -> 56c0d80983f82b45ba4152d8ad12c74c925ae4f3 }
Cherrypick commits SHA are -> 
14dab9f3f8cbc459170c6d75d47f71a1f8f4add7 - cherrypick - 56c0d80983f82b45ba4152d8ad12c74c925ae4f3
---> The cherrypicked commit sha is - 14dab9f3f8cbc459170c6d75d47f71a1f8f4add7
Commit message - Update README.md
---> The original commit sha is - 56c0d80983f82b45ba4152d8ad12c74c925ae4f3
Commit message - Merge remote-tracking branch 'origin/master'
-----------------------------------------------------------------

Cherry-pick diff pair 17 is -> 
{ c999f02de5c675bffd344ad3b279973ba4d2c9f0 -> 92ea69daf441e1084b42bc889b7b6920a2468a92 } is a cherrypick
{ 479e90607e84b887ff5e03c6dcedb2f70456409e -> ff4700f73f1db8ec222830a6276a38d1aee2005a }
Cherrypick commits SHA are -> 
92ea69daf441e1084b42bc889b7b6920a2468a92 - cherrypick - ff4700f73f1db8ec222830a6276a38d1aee2005a
---> The cherrypicked commit sha is - 92ea69daf441e1084b42bc889b7b6920a2468a92
Commit message - Update POM
---> The original commit sha is - ff4700f73f1db8ec222830a6276a38d1aee2005a
Commit message - [maven-release-plugin] prepare for next development iteration
-----------------------------------------------------------------

