# of partial reverts = 34
Partial Revert diff pair 1 is -> 
{ c067b9aa8106909231ff92e84c7ea5cf669ac856 -> 29964bf9111391ff6c8b89516da1387219a484dd } is a revert
{ 452feddbb4d6641b52aabacce1b9dcdae6febd52 -> e1318544925c2049acf6d456d7fa75a176b1ba56 }
Partial Revert commits SHA are -> 
29964bf9111391ff6c8b89516da1387219a484dd - revert - e1318544925c2049acf6d456d7fa75a176b1ba56
The reverted commit sha is - 29964bf9111391ff6c8b89516da1387219a484dd
Commit message - Add logging messages
The original commit sha is - e1318544925c2049acf6d456d7fa75a176b1ba56
Commit message - StoreWAL: log message if log is corrupted and reverted
The files with partial_reverts are:-
src/main/java/org/mapdb/Store.java
-----------------------------------------------------------------

Partial Revert diff pair 2 is -> 
{ 47761cbaaa178570250f687efff3efc5a945c3b1 -> 18edb2bfdb4dfae3ec7084de9d7caf3124e2f651 } is a revert
{ 18edb2bfdb4dfae3ec7084de9d7caf3124e2f651 -> 73385f1a80c0b7d6687efb86ace160a5c2d1b925 }
Partial Revert commits SHA are -> 
18edb2bfdb4dfae3ec7084de9d7caf3124e2f651 - revert - 73385f1a80c0b7d6687efb86ace160a5c2d1b925
The reverted commit sha is - 18edb2bfdb4dfae3ec7084de9d7caf3124e2f651
Commit message - site: update doc
The original commit sha is - 73385f1a80c0b7d6687efb86ace160a5c2d1b925
Commit message - Merge remote-tracking branch 'origin/master'
The files with partial_reverts are:-
src/main/java/org/mapdb/Fun.java
-----------------------------------------------------------------

Partial Revert diff pair 3 is -> 
{ 8a132991336ca18cb7e736ba0be728ca2bba7947 -> a49dd42b9c116c20fff3b6f945786b27c3b84b07 } is a revert
{ a49dd42b9c116c20fff3b6f945786b27c3b84b07 -> 47761cbaaa178570250f687efff3efc5a945c3b1 }
Partial Revert commits SHA are -> 
a49dd42b9c116c20fff3b6f945786b27c3b84b07 - revert - 47761cbaaa178570250f687efff3efc5a945c3b1
The reverted commit sha is - a49dd42b9c116c20fff3b6f945786b27c3b84b07
Commit message - Fun: add todo
The original commit sha is - 47761cbaaa178570250f687efff3efc5a945c3b1
Commit message - Merge branch 'master' of https://www.github.com/jankotek/MapDB
The files with partial_reverts are:-
src/site/markdown/10-db-and-dbmaker.md
-----------------------------------------------------------------

Partial Revert diff pair 4 is -> 
{ 1a6820289d564413cfb19c3a032ac27475c7e05b -> 35a1cb6f6cbf7963d99306369f63322b1c7bf2de } is a revert
{ 4036a163c0a6ef50ad5bceef3ea269cde05ba21d -> 998fa551f1c775e480ba194bf4b019dbcaf93761 }
Partial Revert commits SHA are -> 
35a1cb6f6cbf7963d99306369f63322b1c7bf2de - revert - 998fa551f1c775e480ba194bf4b019dbcaf93761
The reverted commit sha is - 35a1cb6f6cbf7963d99306369f63322b1c7bf2de
Commit message - Merge pull request #325 from linkerlin/patch-1

Create .travis.yml
The original commit sha is - 998fa551f1c775e480ba194bf4b019dbcaf93761
Commit message - Merge pull request #327 from Toilal/windows_filechannel

Volume: Workaround for Windows and FileChannel truncate. Fix #326.
The files with partial_reverts are:-
src/main/java/org/mapdb/StoreWAL.java
src/main/java/org/mapdb/Volume.java
-----------------------------------------------------------------

Partial Revert diff pair 5 is -> 
{ 13b4eed2848ed0989c4d588e2eb5782796eb9656 -> c849d6a4def438ac132dda688a570d9e864b7c03 } is a revert
{ a085578ea43fb6143e2e6a5f07f2b09d33fd6ea4 -> 07fd286351ccded68292420a8c15543000f98e53 }
Partial Revert commits SHA are -> 
c849d6a4def438ac132dda688a570d9e864b7c03 - revert - 07fd286351ccded68292420a8c15543000f98e53
The reverted commit sha is - c849d6a4def438ac132dda688a570d9e864b7c03
Commit message - Site: add news "roadmap and future plans"
The original commit sha is - 07fd286351ccded68292420a8c15543000f98e53
Commit message - Merge branch 'master' of https://www.github.com/jankotek/MapDB
The files with partial_reverts are:-
.travis.yml
-----------------------------------------------------------------

Partial Revert diff pair 6 is -> 
{ 35a1cb6f6cbf7963d99306369f63322b1c7bf2de -> a085578ea43fb6143e2e6a5f07f2b09d33fd6ea4 } is a revert
{ a085578ea43fb6143e2e6a5f07f2b09d33fd6ea4 -> 07fd286351ccded68292420a8c15543000f98e53 }
Partial Revert commits SHA are -> 
a085578ea43fb6143e2e6a5f07f2b09d33fd6ea4 - revert - 07fd286351ccded68292420a8c15543000f98e53
The reverted commit sha is - a085578ea43fb6143e2e6a5f07f2b09d33fd6ea4
Commit message - Caches: improve performance in soft/weak ref cache. Thanks to 'jendam' for suggesting it. See #317
The original commit sha is - 07fd286351ccded68292420a8c15543000f98e53
Commit message - Merge branch 'master' of https://www.github.com/jankotek/MapDB
The files with partial_reverts are:-
.travis.yml
-----------------------------------------------------------------

Partial Revert diff pair 7 is -> 
{ afc3d798841f0acfb7c48ce4179f1aa062c606d8 -> 0d173bb10cd2c704af754ac4a978ce2bb702fc1c } is a revert
{ 620dd6655cf7f63d4e9242fd7532af8cd9986f77 -> 3ace7a206aaf788eafe7080bece1996184dfe80b }
Partial Revert commits SHA are -> 
0d173bb10cd2c704af754ac4a978ce2bb702fc1c - revert - 3ace7a206aaf788eafe7080bece1996184dfe80b
The reverted commit sha is - 0d173bb10cd2c704af754ac4a978ce2bb702fc1c
Commit message - Revert 3303504. `Engine.getDefaultSerializer()` was moved to DB, but that introduced deadlock for async writer. Will have to fix this before adding it into db.
The original commit sha is - 3ace7a206aaf788eafe7080bece1996184dfe80b
Commit message - Engine: rename some public methods, deprecate SerializerPojo
The files with partial_reverts are:-
src/main/java/org/mapdb/HTreeMap.java
-----------------------------------------------------------------

Partial Revert diff pair 8 is -> 
{ b17bad9160259410a7c74f97beddf790f2a8731c -> 03b4800fc519cc2bd1c1d5a585cf094d5e10d96a } is a revert
{ 03b4800fc519cc2bd1c1d5a585cf094d5e10d96a -> 780c1e590dbcf0a564112a308a682e93bb6c7b98 }
Partial Revert commits SHA are -> 
03b4800fc519cc2bd1c1d5a585cf094d5e10d96a - revert - 780c1e590dbcf0a564112a308a682e93bb6c7b98
The reverted commit sha is - 03b4800fc519cc2bd1c1d5a585cf094d5e10d96a
Commit message - Volume: check parent folder before opening db. See #280
The original commit sha is - 780c1e590dbcf0a564112a308a682e93bb6c7b98
Commit message - Merge pull request #289 from ajermakovics/master

Issue 284 - skip value deserialization during containsKey when values stored outside nodes
The files with partial_reverts are:-
src/main/java/org/mapdb/BTreeMap.java
src/test/java/org/mapdb/BTreeMapContainsKeyTest.java
-----------------------------------------------------------------

Partial Revert diff pair 9 is -> 
{ cacba5482011c236eac3b804367198fc364ecdba -> e506c198f621a8ec7c0c1ea9c13aafcc9e5ccad2 } is a revert
{ 68f6ba7e90eeb5f7683f06cfd0fecabe9f28f837 -> 48de52ac35aba8572843b54cc69a25fdddc0788a }
Partial Revert commits SHA are -> 
e506c198f621a8ec7c0c1ea9c13aafcc9e5ccad2 - revert - 48de52ac35aba8572843b54cc69a25fdddc0788a
The reverted commit sha is - e506c198f621a8ec7c0c1ea9c13aafcc9e5ccad2
Commit message - Store: Fix invalid checksum computation with compress enabled
The original commit sha is - 48de52ac35aba8572843b54cc69a25fdddc0788a
Commit message - Merge branch 'master' of https://github.com/jankotek/MapDB
The files with partial_reverts are:-
src/main/java/org/mapdb/DBMaker.java
-----------------------------------------------------------------

Partial Revert diff pair 10 is -> 
{ 70be94def92a137401716ea1611a6f11604b8c25 -> dc454750b95faf21725a4f966d69e6a2c1990ab3 } is a revert
{ dc454750b95faf21725a4f966d69e6a2c1990ab3 -> 51710dd197cfc69bc734af62e6450ccf8781c2b7 }
Partial Revert commits SHA are -> 
dc454750b95faf21725a4f966d69e6a2c1990ab3 - revert - 51710dd197cfc69bc734af62e6450ccf8781c2b7
The reverted commit sha is - dc454750b95faf21725a4f966d69e6a2c1990ab3
Commit message - Maven: Package mapdb as osgi-bundle. Fix #257
The original commit sha is - 51710dd197cfc69bc734af62e6450ccf8781c2b7
Commit message - Merge pull request #256 from harishreedharan/master

Don't sync files to disk if deleteFilesAfterClose is true.
The files with partial_reverts are:-
src/main/java/org/mapdb/StoreDirect.java
-----------------------------------------------------------------

Partial Revert diff pair 11 is -> 
{ 2b3ac98aaa2661aa39da6565c29ce01e3bfd291f -> 180b22b598da2176d60e8a5f8928968d86fc9991 } is a revert
{ 180b22b598da2176d60e8a5f8928968d86fc9991 -> 90a6a044bdcf8c083dd54a7c57b613303c9b520e }
Partial Revert commits SHA are -> 
180b22b598da2176d60e8a5f8928968d86fc9991 - revert - 90a6a044bdcf8c083dd54a7c57b613303c9b520e
The reverted commit sha is - 180b22b598da2176d60e8a5f8928968d86fc9991
Commit message - VolumeTest: Fix OOEM in some cases
The original commit sha is - 90a6a044bdcf8c083dd54a7c57b613303c9b520e
Commit message - Merge branch 'master' of github.com:jankotek/MapDB
The files with partial_reverts are:-
src/site/markdown/doc/50-secondary-collections.md
-----------------------------------------------------------------

Partial Revert diff pair 12 is -> 
{ aa92afce9a894d2ce2b8177bcf25ee1db7e42e31 -> f06e9d366d79c07ff0814c52ca74d054fe8d415c } is a revert
{ 2b29f66592c1fe5c47ee692456d6e63f348ba3ed -> ece54f9481d159dec90a6c509de510d66a984cc2 }
Partial Revert commits SHA are -> 
f06e9d366d79c07ff0814c52ca74d054fe8d415c - revert - ece54f9481d159dec90a6c509de510d66a984cc2
The reverted commit sha is - f06e9d366d79c07ff0814c52ca74d054fe8d415c
Commit message - Add some TODOs
Thanks to Stanimir Simeonoff for reviewing code and suggesting it.
The original commit sha is - ece54f9481d159dec90a6c509de510d66a984cc2
Commit message - Engine: remove async todo
The files with partial_reverts are:-
src/main/java/org/mapdb/Engine.java
-----------------------------------------------------------------

Partial Revert diff pair 13 is -> 
{ 494d734cd51da4b87f42cce8e96947500c7f77cc -> d059aab5d18d327214072d27d5a66c5db14631c8 } is a revert
{ 0f4a30d29f6d968d3b827057282f586ccebcb1ce -> 7caf6a6bfa441dbd753b8d5b53d0ac670ac64ec5 }
Partial Revert commits SHA are -> 
d059aab5d18d327214072d27d5a66c5db14631c8 - revert - 7caf6a6bfa441dbd753b8d5b53d0ac670ac64ec5
The reverted commit sha is - d059aab5d18d327214072d27d5a66c5db14631c8
Commit message - Update documentation
The original commit sha is - 7caf6a6bfa441dbd753b8d5b53d0ac670ac64ec5
Commit message - Delete outdated doc
The files with partial_reverts are:-
src/site/markdown/store-format.md
-----------------------------------------------------------------

Partial Revert diff pair 14 is -> 
{ 52aa9dbf03b2b8f6ba4dc4d5a8c33c1f9832adfb -> 547e34571d59314f5ec680d46ac76091cf8f53c9 } is a revert
{ 547e34571d59314f5ec680d46ac76091cf8f53c9 -> 40ad5ae6dcb0d558be3c3e4a1f4bacdec16080ed }
Partial Revert commits SHA are -> 
547e34571d59314f5ec680d46ac76091cf8f53c9 - revert - 40ad5ae6dcb0d558be3c3e4a1f4bacdec16080ed
The reverted commit sha is - 547e34571d59314f5ec680d46ac76091cf8f53c9
Commit message - Introduce new StoreAppend with incompatible format. This should solve previous issues with StoreAppend
The original commit sha is - 40ad5ae6dcb0d558be3c3e4a1f4bacdec16080ed
Commit message - Merge branch 'master' of github.com:jankotek/MapDB
The files with partial_reverts are:-
README.md
-----------------------------------------------------------------

Partial Revert diff pair 15 is -> 
{ 7ae5cbdb7baaf09226bb90156194fc7147c67b8c -> c4c12adfa9056f6e5795eea965a63c883bffb68b } is a revert
{ c44c3ada54d8b2c6a421a214bd181b6edcc91065 -> 86bbcc73a81ac3f5de52f26d795fafa05146ff38 }
Partial Revert commits SHA are -> 
c4c12adfa9056f6e5795eea965a63c883bffb68b - revert - 86bbcc73a81ac3f5de52f26d795fafa05146ff38
The reverted commit sha is - c4c12adfa9056f6e5795eea965a63c883bffb68b
Commit message - Checkin stuff for Issue #37
The original commit sha is - 86bbcc73a81ac3f5de52f26d795fafa05146ff38
Commit message - Remove redundant testcase from Issue #37
The files with partial_reverts are:-
src/test/resources/Issue37Data.txt
-----------------------------------------------------------------

Partial Revert diff pair 16 is -> 
{ 19fe388a6aa69097ad91d90f3c4589079066bf8d -> d6301952433777ef0213f5cf4bb12c5f65a9eb6f } is a revert
{ d6301952433777ef0213f5cf4bb12c5f65a9eb6f -> 75a354f0d9a096a395f63818bcd67a305deb7049 }
Partial Revert commits SHA are -> 
d6301952433777ef0213f5cf4bb12c5f65a9eb6f - revert - 75a354f0d9a096a395f63818bcd67a305deb7049
The reverted commit sha is - d6301952433777ef0213f5cf4bb12c5f65a9eb6f
Commit message - String smaller than 10 characters now occupy one byte less.
Size was merged with SerializationHeader byte
The original commit sha is - 75a354f0d9a096a395f63818bcd67a305deb7049
Commit message - Merge branch 'master' of github.com:jankotek/MapDB
The files with partial_reverts are:-
README.md
-----------------------------------------------------------------

Partial Revert diff pair 17 is -> 
{ 87ad1b532f73e0035b36c510ae13e4ba296960fb -> 027105eb3013e524f57f053e60a03c270a78d174 } is a revert
{ 027105eb3013e524f57f053e60a03c270a78d174 -> 7ebe4c3aff71f6a859ae340d5ccc22600ece6ffc }
Partial Revert commits SHA are -> 
027105eb3013e524f57f053e60a03c270a78d174 - revert - 7ebe4c3aff71f6a859ae340d5ccc22600ece6ffc
The reverted commit sha is - 027105eb3013e524f57f053e60a03c270a78d174
Commit message - Add news to mapdb.org
The original commit sha is - 7ebe4c3aff71f6a859ae340d5ccc22600ece6ffc
Commit message - Merge branch 'master' of github.com:jankotek/MapDB
The files with partial_reverts are:-
README.md
release_notes.md
-----------------------------------------------------------------

Partial Revert diff pair 18 is -> 
{ 1aede69f4247b206356fab5e4eef2a5c131fa85d -> ad164f10fcb5c758a11f0d808d642760a8256ac7 } is a revert
{ ad164f10fcb5c758a11f0d808d642760a8256ac7 -> 000590cdfdd16f4ca85ce588091e993c72c95cc2 }
Partial Revert commits SHA are -> 
ad164f10fcb5c758a11f0d808d642760a8256ac7 - revert - 000590cdfdd16f4ca85ce588091e993c72c95cc2
The reverted commit sha is - ad164f10fcb5c758a11f0d808d642760a8256ac7
Commit message - Rewrite Store to support parallel writes.
The original commit sha is - 000590cdfdd16f4ca85ce588091e993c72c95cc2
Commit message - Merge remote-tracking branch 'origin/master'
The files with partial_reverts are:-
README.md
-----------------------------------------------------------------

Partial Revert diff pair 19 is -> 
{ 6dc52240bac515440e7557631ab1def495a6cae3 -> 6fbf75d036b56b2daabd83d4df0b270605efbfe1 } is a revert
{ 614bc22569e2ef92eff668833ae00de2375efffc -> 6cbecf06fff6e5b31923b81637b43d7f3e471864 }
Partial Revert commits SHA are -> 
6fbf75d036b56b2daabd83d4df0b270605efbfe1 - revert - 6cbecf06fff6e5b31923b81637b43d7f3e471864
The reverted commit sha is - 6fbf75d036b56b2daabd83d4df0b270605efbfe1
Commit message - Fix async writer
The original commit sha is - 6cbecf06fff6e5b31923b81637b43d7f3e471864
Commit message - Rename StorageWriteAheadLog back t oStorageJournaled
The files with partial_reverts are:-
src/main/java/org/mapdb/StorageWriteAhead.java
src/test/java/org/mapdb/StorageTransTest2.java
src/test/java/org/mapdb/StorageWriteAheadTest.java
-----------------------------------------------------------------

Partial Revert diff pair 20 is -> 
{ 3dec9075402358ed3ad0d56017db4a3914bf627a -> c4e706a73c4a3775f9dadae7dcdd757052529797 } is a revert
{ c4e706a73c4a3775f9dadae7dcdd757052529797 -> 6b9c664f00b37475729decb4f166b41b2978bd6b }
Partial Revert commits SHA are -> 
c4e706a73c4a3775f9dadae7dcdd757052529797 - revert - 6b9c664f00b37475729decb4f166b41b2978bd6b
The reverted commit sha is - c4e706a73c4a3775f9dadae7dcdd757052529797
Commit message - Various fixes
 - circular queue
 - compact
 - async performance
The original commit sha is - 6b9c664f00b37475729decb4f166b41b2978bd6b
Commit message - Merge remote-tracking branch 'origin/master'
The files with partial_reverts are:-
src/test/java/org/mapdb/Issue69Test.java
-----------------------------------------------------------------

Partial Revert diff pair 21 is -> 
{ 6dc52240bac515440e7557631ab1def495a6cae3 -> 6fbf75d036b56b2daabd83d4df0b270605efbfe1 } is a revert
{ 08385203e85093e4613c0e7d07e98eea0e2f0bb5 -> f4888989517d34aadf97779c432f6bc776feb9f2 }
Partial Revert commits SHA are -> 
6fbf75d036b56b2daabd83d4df0b270605efbfe1 - revert - f4888989517d34aadf97779c432f6bc776feb9f2
The reverted commit sha is - 6fbf75d036b56b2daabd83d4df0b270605efbfe1
Commit message - Fix async writer
The original commit sha is - f4888989517d34aadf97779c432f6bc776feb9f2
Commit message - Merge pull request #67 from konrade/master

Fix for issue #66
The files with partial_reverts are:-
src/test/java/org/mapdb/MapInterfaceTest.java
-----------------------------------------------------------------

Partial Revert diff pair 22 is -> 
{ bcb77ded1acbec0bec98c8d1dbd3325a7065f277 -> 512510ba25c6a60dd31c622f5c333f52f6098f70 } is a revert
{ 389afa31e207b55fe84255b493f4caa79af8c746 -> b35b875e3c5b9e9b108ca2c6bfa5aa50ce4f9e47 }
Partial Revert commits SHA are -> 
512510ba25c6a60dd31c622f5c333f52f6098f70 - revert - b35b875e3c5b9e9b108ca2c6bfa5aa50ce4f9e47
The reverted commit sha is - 512510ba25c6a60dd31c622f5c333f52f6098f70
Commit message - Soma additions to Custom_Value example
The original commit sha is - b35b875e3c5b9e9b108ca2c6bfa5aa50ce4f9e47
Commit message - Merge branch 'master' of github.com:jankotek/MapDB
The files with partial_reverts are:-
README.md
-----------------------------------------------------------------

Partial Revert diff pair 23 is -> 
{ dd754cb7a711e6e97ddfaa857a84e2ddd8e01b2d -> 389afa31e207b55fe84255b493f4caa79af8c746 } is a revert
{ 389afa31e207b55fe84255b493f4caa79af8c746 -> b35b875e3c5b9e9b108ca2c6bfa5aa50ce4f9e47 }
Partial Revert commits SHA are -> 
389afa31e207b55fe84255b493f4caa79af8c746 - revert - b35b875e3c5b9e9b108ca2c6bfa5aa50ce4f9e47
The reverted commit sha is - 389afa31e207b55fe84255b493f4caa79af8c746
Commit message - Add Append Only storage.
The original commit sha is - b35b875e3c5b9e9b108ca2c6bfa5aa50ce4f9e47
Commit message - Merge branch 'master' of github.com:jankotek/MapDB
The files with partial_reverts are:-
README.md
-----------------------------------------------------------------

Partial Revert diff pair 24 is -> 
{ bcb77ded1acbec0bec98c8d1dbd3325a7065f277 -> 512510ba25c6a60dd31c622f5c333f52f6098f70 } is a revert
{ 166324881d7b88cca09649a74abf59a3d09d54f2 -> dd754cb7a711e6e97ddfaa857a84e2ddd8e01b2d }
Partial Revert commits SHA are -> 
512510ba25c6a60dd31c622f5c333f52f6098f70 - revert - dd754cb7a711e6e97ddfaa857a84e2ddd8e01b2d
The reverted commit sha is - 512510ba25c6a60dd31c622f5c333f52f6098f70
Commit message - Soma additions to Custom_Value example
The original commit sha is - dd754cb7a711e6e97ddfaa857a84e2ddd8e01b2d
Commit message - Merge pull request #55 from lpellegr/master

Minor improvement to README
The files with partial_reverts are:-
README.md
-----------------------------------------------------------------

Partial Revert diff pair 25 is -> 
{ 7c24a33cf167b6a04245ffc8a80aa4aac55bb808 -> 56a34b3678a60df2a035f2c77d20a41b97d59d6c } is a revert
{ bcb77ded1acbec0bec98c8d1dbd3325a7065f277 -> 512510ba25c6a60dd31c622f5c333f52f6098f70 }
Partial Revert commits SHA are -> 
56a34b3678a60df2a035f2c77d20a41b97d59d6c - revert - 512510ba25c6a60dd31c622f5c333f52f6098f70
The reverted commit sha is - 56a34b3678a60df2a035f2c77d20a41b97d59d6c
Commit message - Minor improvement to README
The original commit sha is - 512510ba25c6a60dd31c622f5c333f52f6098f70
Commit message - Soma additions to Custom_Value example
The files with partial_reverts are:-
README.md
-----------------------------------------------------------------

Partial Revert diff pair 26 is -> 
{ 760c812e3f5b8686b936167b11fda4b1c983daaa -> 47c4f06186a05fdc9c66523857e7c54a87719ff5 } is a revert
{ 151f856bdfd4d74e464459994ceb84e1daa61aba -> c29fd46db04bd25174a7f25fada596194004b114 }
Partial Revert commits SHA are -> 
47c4f06186a05fdc9c66523857e7c54a87719ff5 - revert - c29fd46db04bd25174a7f25fada596194004b114
The reverted commit sha is - 47c4f06186a05fdc9c66523857e7c54a87719ff5
Commit message - Fixed Issue #36, disk leak in StorageJournaled
The original commit sha is - c29fd46db04bd25174a7f25fada596194004b114
Commit message - Merge branch 'master' of github.com:jankotek/MapDB
The files with partial_reverts are:-
src/test/java/examples/Custom_Value.java
-----------------------------------------------------------------

Partial Revert diff pair 27 is -> 
{ 0895feb052559a3c3dabea09fed222a660c8e71a -> 815538cd62c752787e3cf661b5be5206a171af82 } is a revert
{ c81e49cbc5e27c176b52f2571dbdfb090be29ed2 -> 9b1bd3c61bf0fd097ce3777f240afdeeb427e7d4 }
Partial Revert commits SHA are -> 
815538cd62c752787e3cf661b5be5206a171af82 - revert - 9b1bd3c61bf0fd097ce3777f240afdeeb427e7d4
The reverted commit sha is - 815538cd62c752787e3cf661b5be5206a171af82
Commit message - Update example
The original commit sha is - 9b1bd3c61bf0fd097ce3777f240afdeeb427e7d4
Commit message - Merge pull request #49 from csm/master

Locking fixes (I think)
The files with partial_reverts are:-
src/main/java/org/mapdb/AsyncWriteEngine.java
-----------------------------------------------------------------

Partial Revert diff pair 28 is -> 
{ 9007bfb2667ee787e5452480c558b1aefb3b5888 -> 6e9f9c1fd6756ede48b5bf3c2c87929733a33faa } is a revert
{ e4114e82c1b3186c5195d809dde410df9ec8ede9 -> adf4c68c48afb223599bf3ad81aa11a4b9f0a2ef }
Partial Revert commits SHA are -> 
6e9f9c1fd6756ede48b5bf3c2c87929733a33faa - revert - adf4c68c48afb223599bf3ad81aa11a4b9f0a2ef
The reverted commit sha is - 6e9f9c1fd6756ede48b5bf3c2c87929733a33faa
Commit message - Remove future ideas
The original commit sha is - adf4c68c48afb223599bf3ad81aa11a4b9f0a2ef
Commit message - Merge remote-tracking branch 'origin/master'
The files with partial_reverts are:-
src/main/java/org/mapdb/CacheWeakSoftRef.java
-----------------------------------------------------------------

Partial Revert diff pair 29 is -> 
{ ec93d1a572e35937bd688384ae093d06175b9ad5 -> 4ca39f948d23ef60320ac524667f86244822af98 } is a revert
{ 394d406e2b940e89c350290bf90d99e49b544496 -> 435c832ffba93ae6b399a57daa222d3a9123487a }
Partial Revert commits SHA are -> 
4ca39f948d23ef60320ac524667f86244822af98 - revert - 435c832ffba93ae6b399a57daa222d3a9123487a
The reverted commit sha is - 4ca39f948d23ef60320ac524667f86244822af98
Commit message - Add Kotlin language support for Unit Testing
The original commit sha is - 435c832ffba93ae6b399a57daa222d3a9123487a
Commit message - Merge branch 'master' of github.com:jankotek/MapDB
The files with partial_reverts are:-
README.md
-----------------------------------------------------------------

Partial Revert diff pair 30 is -> 
{ 7b86b1db9e2c0658b7e82e9cf558ac6c11114e05 -> 24bd04de6eb40404a12e481d9bfaf55369d749ca } is a revert
{ 394d406e2b940e89c350290bf90d99e49b544496 -> 435c832ffba93ae6b399a57daa222d3a9123487a }
Partial Revert commits SHA are -> 
24bd04de6eb40404a12e481d9bfaf55369d749ca - revert - 435c832ffba93ae6b399a57daa222d3a9123487a
The reverted commit sha is - 24bd04de6eb40404a12e481d9bfaf55369d749ca
Commit message - Small memory consumption improvement in Cache
The original commit sha is - 435c832ffba93ae6b399a57daa222d3a9123487a
Commit message - Merge branch 'master' of github.com:jankotek/MapDB
The files with partial_reverts are:-
README.md
-----------------------------------------------------------------

Partial Revert diff pair 31 is -> 
{ ec93d1a572e35937bd688384ae093d06175b9ad5 -> 4ca39f948d23ef60320ac524667f86244822af98 } is a revert
{ 0a513ebf228782e050830564735e06fc87707d2c -> 7b86b1db9e2c0658b7e82e9cf558ac6c11114e05 }
Partial Revert commits SHA are -> 
4ca39f948d23ef60320ac524667f86244822af98 - revert - 7b86b1db9e2c0658b7e82e9cf558ac6c11114e05
The reverted commit sha is - 4ca39f948d23ef60320ac524667f86244822af98
Commit message - Add Kotlin language support for Unit Testing
The original commit sha is - 7b86b1db9e2c0658b7e82e9cf558ac6c11114e05
Commit message - Merge pull request #14 from rtreffer/master

Fix dead links in Readme.md
The files with partial_reverts are:-
README.md
-----------------------------------------------------------------

Partial Revert diff pair 32 is -> 
{ 14dab9f3f8cbc459170c6d75d47f71a1f8f4add7 -> 0e0ff703589c4833ddb4b04df9f816287d400850 } is a revert
{ 0e0ff703589c4833ddb4b04df9f816287d400850 -> 56c0d80983f82b45ba4152d8ad12c74c925ae4f3 }
Partial Revert commits SHA are -> 
0e0ff703589c4833ddb4b04df9f816287d400850 - revert - 56c0d80983f82b45ba4152d8ad12c74c925ae4f3
The reverted commit sha is - 0e0ff703589c4833ddb4b04df9f816287d400850
Commit message - Add Tuples and BTreeMap Multi Key example
The original commit sha is - 56c0d80983f82b45ba4152d8ad12c74c925ae4f3
Commit message - Merge remote-tracking branch 'origin/master'
The files with partial_reverts are:-
README.md
-----------------------------------------------------------------

Partial Revert diff pair 33 is -> 
{ 10648bfca3efd5dc523bd08826ca7cffec969cf1 -> 65abce804919906a141d4d5980613370a3443111 } is a revert
{ c9830c08864ec7e14fdf0957b78e265c03e1abfc -> 4f4ebcfd925a578e50bb60f8cb51080190026e25 }
Partial Revert commits SHA are -> 
65abce804919906a141d4d5980613370a3443111 - revert - 4f4ebcfd925a578e50bb60f8cb51080190026e25
The reverted commit sha is - 65abce804919906a141d4d5980613370a3443111
Commit message - IMPORTANT:  JDBM4 project renamed to MapDB.

Thanks a lot Justin, at least I sing better.
The original commit sha is - 4f4ebcfd925a578e50bb60f8cb51080190026e25
Commit message - Merge MemoryLowWarningSystem into CacheHardRef
The files with partial_reverts are:-
src/main/java/org/mapdb/MemoryLowWarningSystem.java
-----------------------------------------------------------------

Partial Revert diff pair 34 is -> 
{ 2291c869e1db8bd6d715cdbd23b7253f9440bb35 -> b7021ea2c52435b8b6160e481140715a805543ed } is a revert
{ 4a5d4c3b06b26e946badf52887bb6b3c807d81ef -> f854ba1c69c1a2e22b13e7c1e8ca39a625e82f64 }
Partial Revert commits SHA are -> 
b7021ea2c52435b8b6160e481140715a805543ed - revert - f854ba1c69c1a2e22b13e7c1e8ca39a625e82f64
The reverted commit sha is - b7021ea2c52435b8b6160e481140715a805543ed
Commit message - Update BTreeMap
The original commit sha is - f854ba1c69c1a2e22b13e7c1e8ca39a625e82f64
Commit message - Change maven target to 1.6 so maven compiles
The files with partial_reverts are:-
pom.xml
-----------------------------------------------------------------

