# of partial reverts = 3
Partial Revert diff pair 1 is -> 
{ b62b5d5ef3e74e5673b49fcec7e78bd3acea2f4e -> ec6515c025b73a65212edb23f759c942eba3dce8 } is a revert
{ 1abacbb19952a08ee0495404cbc59f422af132af -> d7bddbb7a6dd87c937b75590a04f35c01339a96f }
Partial Revert commits SHA are -> 
ec6515c025b73a65212edb23f759c942eba3dce8 - revert - d7bddbb7a6dd87c937b75590a04f35c01339a96f
The reverted commit sha is - ec6515c025b73a65212edb23f759c942eba3dce8
Commit message - API change:  (NSArray *)weights is now (NSData *)weights
The original commit sha is - d7bddbb7a6dd87c937b75590a04f35c01339a96f
Commit message - Merge branch 'master' of github.com:nikolaypavlov/MLPNeuralNet
The files with partial_reverts are:-
README.md
-----------------------------------------------------------------

Partial Revert diff pair 2 is -> 
{ eefcc5234b490945f7e55a54b9efb2d817e5f155 -> d70f26f8b638c39287995021571492bde417ff8d } is a revert
{ d70f26f8b638c39287995021571492bde417ff8d -> 40137906f607205ac90caa72cc74d432af8c4142 }
Partial Revert commits SHA are -> 
d70f26f8b638c39287995021571492bde417ff8d - revert - 40137906f607205ac90caa72cc74d432af8c4142
The reverted commit sha is - d70f26f8b638c39287995021571492bde417ff8d
Commit message - NSMutableData changed to NSData
The original commit sha is - 40137906f607205ac90caa72cc74d432af8c4142
Commit message - Merge branch 'master' of github.com:nikolaypavlov/neural-net-for-iOS
The files with partial_reverts are:-
README.md
-----------------------------------------------------------------

Partial Revert diff pair 3 is -> 
{ b5986330a220b0540e63a6575d4779e4266449d8 -> 2d5eb4e9ba197a4e4ba106af95e1f1571533f765 } is a revert
{ 2d5eb4e9ba197a4e4ba106af95e1f1571533f765 -> e153007fc0d52c14b5c6a94bbfe8604d86886a51 }
Partial Revert commits SHA are -> 
2d5eb4e9ba197a4e4ba106af95e1f1571533f765 - revert - e153007fc0d52c14b5c6a94bbfe8604d86886a51
The reverted commit sha is - 2d5eb4e9ba197a4e4ba106af95e1f1571533f765
Commit message - Share MLPNeuralnet scheme
The original commit sha is - e153007fc0d52c14b5c6a94bbfe8604d86886a51
Commit message - Merge branch 'master' of github.com:nikolaypavlov/neural-net-for-iOS
The files with partial_reverts are:-
README.md
-----------------------------------------------------------------

