# of reverts = 14
Revert diff pair 1 is -> 
{ ce2f40c13817f407efed5632d1e926a2bbb2d7a5 -> 926843ad939713dbbc3ed974e0cb350a6c249adf } is a revert
{ a6eab3ac0eedb59dc969ae48047cedbadc35a638 -> b5e0bd635ddbf296eec782f51b29fd4fd00afae3 }
Revert commits SHA are -> 
926843ad939713dbbc3ed974e0cb350a6c249adf - revert - b5e0bd635ddbf296eec782f51b29fd4fd00afae3
The reverted commit sha is - 926843ad939713dbbc3ed974e0cb350a6c249adf
Commit message - Added compilation step to make sure
archetypes work.
The original commit sha is - b5e0bd635ddbf296eec782f51b29fd4fd00afae3
Commit message - Removed compilation of archetypes.
Does not work with new releases. Maybe
we should move archetypes to separate project.
-----------------------------------------------------------------

Revert diff pair 2 is -> 
{ 84b726a5cdf8743d008be2f463c25d838822df48 -> b2df75dce6eb634589079c55614163274df6736c } is a revert
{ b2df75dce6eb634589079c55614163274df6736c -> ee8feb68f6f7629bb636cccd75b71fd4279f751c }
Revert commits SHA are -> 
b2df75dce6eb634589079c55614163274df6736c - revert - ee8feb68f6f7629bb636cccd75b71fd4279f751c
The reverted commit sha is - b2df75dce6eb634589079c55614163274df6736c
Commit message - wii writing tests
The original commit sha is - ee8feb68f6f7629bb636cccd75b71fd4279f751c
Commit message - Revert "wii writing tests"

This reverts commit b2df75dce6eb634589079c55614163274df6736c.
-----------------------------------------------------------------

Revert diff pair 3 is -> 
{ 98cd201654a5fddea299bc2c005f10ab5e51ab20 -> 53dc36058b7a1509c490a0c73a2c8b87b8f0aa95 } is a revert
{ 96d129cc36cee0e52131c3f313db958d64deee58 -> 8dd3408788d199a3edb140f997fcd49296e36928 }
Revert commits SHA are -> 
53dc36058b7a1509c490a0c73a2c8b87b8f0aa95 - revert - 8dd3408788d199a3edb140f997fcd49296e36928
The reverted commit sha is - 53dc36058b7a1509c490a0c73a2c8b87b8f0aa95
Commit message - [maven-release-plugin] rollback the release of ninja-0.4
The original commit sha is - 8dd3408788d199a3edb140f997fcd49296e36928
Commit message - [maven-release-plugin] prepare release ninja-0.4
-----------------------------------------------------------------

Revert diff pair 4 is -> 
{ 2a343df32a0c632e045d40d8a3f039852c0d51ce -> f65f7629c1cc5f5a7f8a5ca2f652254edfc1454d } is a revert
{ 96d129cc36cee0e52131c3f313db958d64deee58 -> 8dd3408788d199a3edb140f997fcd49296e36928 }
Revert commits SHA are -> 
f65f7629c1cc5f5a7f8a5ca2f652254edfc1454d - revert - 8dd3408788d199a3edb140f997fcd49296e36928
The reverted commit sha is - f65f7629c1cc5f5a7f8a5ca2f652254edfc1454d
Commit message - [maven-release-plugin] rollback the release of ninja-0.4
The original commit sha is - 8dd3408788d199a3edb140f997fcd49296e36928
Commit message - [maven-release-plugin] prepare release ninja-0.4
-----------------------------------------------------------------

Revert diff pair 5 is -> 
{ 23536d8c3c32e83e82e7b8772605b519721e39b2 -> 0a965fab532f9e850c9a01f3f150a712e33ade6c } is a revert
{ 96d129cc36cee0e52131c3f313db958d64deee58 -> 8dd3408788d199a3edb140f997fcd49296e36928 }
Revert commits SHA are -> 
0a965fab532f9e850c9a01f3f150a712e33ade6c - revert - 8dd3408788d199a3edb140f997fcd49296e36928
The reverted commit sha is - 0a965fab532f9e850c9a01f3f150a712e33ade6c
Commit message - [maven-release-plugin] rollback the release of ninja-0.4
The original commit sha is - 8dd3408788d199a3edb140f997fcd49296e36928
Commit message - [maven-release-plugin] prepare release ninja-0.4
-----------------------------------------------------------------

Revert diff pair 6 is -> 
{ 7b6b741981d61a9e3dccf4671d10b56336159559 -> 0fc9a29625edd708987b63c3668ced71f8887c91 } is a revert
{ 23536d8c3c32e83e82e7b8772605b519721e39b2 -> 0a965fab532f9e850c9a01f3f150a712e33ade6c }
Revert commits SHA are -> 
0fc9a29625edd708987b63c3668ced71f8887c91 - revert - 0a965fab532f9e850c9a01f3f150a712e33ade6c
The reverted commit sha is - 0fc9a29625edd708987b63c3668ced71f8887c91
Commit message - [maven-release-plugin] prepare release ninja-0.4
The original commit sha is - 0a965fab532f9e850c9a01f3f150a712e33ade6c
Commit message - [maven-release-plugin] rollback the release of ninja-0.4
-----------------------------------------------------------------

Revert diff pair 7 is -> 
{ 2ceda8e990e8899804bb2bb2c68b7568b3df4eac -> 2a343df32a0c632e045d40d8a3f039852c0d51ce } is a revert
{ 23536d8c3c32e83e82e7b8772605b519721e39b2 -> 0a965fab532f9e850c9a01f3f150a712e33ade6c }
Revert commits SHA are -> 
2a343df32a0c632e045d40d8a3f039852c0d51ce - revert - 0a965fab532f9e850c9a01f3f150a712e33ade6c
The reverted commit sha is - 2a343df32a0c632e045d40d8a3f039852c0d51ce
Commit message - [maven-release-plugin] prepare release ninja-0.4
The original commit sha is - 0a965fab532f9e850c9a01f3f150a712e33ade6c
Commit message - [maven-release-plugin] rollback the release of ninja-0.4
-----------------------------------------------------------------

Revert diff pair 8 is -> 
{ f65f7629c1cc5f5a7f8a5ca2f652254edfc1454d -> b3b2fa9e80ff4c042b7c0a67834145fbc93ea5e2 } is a revert
{ 23536d8c3c32e83e82e7b8772605b519721e39b2 -> 0a965fab532f9e850c9a01f3f150a712e33ade6c }
Revert commits SHA are -> 
b3b2fa9e80ff4c042b7c0a67834145fbc93ea5e2 - revert - 0a965fab532f9e850c9a01f3f150a712e33ade6c
The reverted commit sha is - b3b2fa9e80ff4c042b7c0a67834145fbc93ea5e2
Commit message - [maven-release-plugin] prepare release ninja-0.4
The original commit sha is - 0a965fab532f9e850c9a01f3f150a712e33ade6c
Commit message - [maven-release-plugin] rollback the release of ninja-0.4
-----------------------------------------------------------------

Revert diff pair 9 is -> 
{ 98cd201654a5fddea299bc2c005f10ab5e51ab20 -> 53dc36058b7a1509c490a0c73a2c8b87b8f0aa95 } is a revert
{ f65f7629c1cc5f5a7f8a5ca2f652254edfc1454d -> b3b2fa9e80ff4c042b7c0a67834145fbc93ea5e2 }
Revert commits SHA are -> 
53dc36058b7a1509c490a0c73a2c8b87b8f0aa95 - revert - b3b2fa9e80ff4c042b7c0a67834145fbc93ea5e2
The reverted commit sha is - 53dc36058b7a1509c490a0c73a2c8b87b8f0aa95
Commit message - [maven-release-plugin] rollback the release of ninja-0.4
The original commit sha is - b3b2fa9e80ff4c042b7c0a67834145fbc93ea5e2
Commit message - [maven-release-plugin] prepare release ninja-0.4
-----------------------------------------------------------------

Revert diff pair 10 is -> 
{ 2a343df32a0c632e045d40d8a3f039852c0d51ce -> f65f7629c1cc5f5a7f8a5ca2f652254edfc1454d } is a revert
{ f65f7629c1cc5f5a7f8a5ca2f652254edfc1454d -> b3b2fa9e80ff4c042b7c0a67834145fbc93ea5e2 }
Revert commits SHA are -> 
f65f7629c1cc5f5a7f8a5ca2f652254edfc1454d - revert - b3b2fa9e80ff4c042b7c0a67834145fbc93ea5e2
The reverted commit sha is - f65f7629c1cc5f5a7f8a5ca2f652254edfc1454d
Commit message - [maven-release-plugin] rollback the release of ninja-0.4
The original commit sha is - b3b2fa9e80ff4c042b7c0a67834145fbc93ea5e2
Commit message - [maven-release-plugin] prepare release ninja-0.4
-----------------------------------------------------------------

Revert diff pair 11 is -> 
{ 7b6b741981d61a9e3dccf4671d10b56336159559 -> 0fc9a29625edd708987b63c3668ced71f8887c91 } is a revert
{ 2a343df32a0c632e045d40d8a3f039852c0d51ce -> f65f7629c1cc5f5a7f8a5ca2f652254edfc1454d }
Revert commits SHA are -> 
0fc9a29625edd708987b63c3668ced71f8887c91 - revert - f65f7629c1cc5f5a7f8a5ca2f652254edfc1454d
The reverted commit sha is - 0fc9a29625edd708987b63c3668ced71f8887c91
Commit message - [maven-release-plugin] prepare release ninja-0.4
The original commit sha is - f65f7629c1cc5f5a7f8a5ca2f652254edfc1454d
Commit message - [maven-release-plugin] rollback the release of ninja-0.4
-----------------------------------------------------------------

Revert diff pair 12 is -> 
{ 2ceda8e990e8899804bb2bb2c68b7568b3df4eac -> 2a343df32a0c632e045d40d8a3f039852c0d51ce } is a revert
{ 2a343df32a0c632e045d40d8a3f039852c0d51ce -> f65f7629c1cc5f5a7f8a5ca2f652254edfc1454d }
Revert commits SHA are -> 
2a343df32a0c632e045d40d8a3f039852c0d51ce - revert - f65f7629c1cc5f5a7f8a5ca2f652254edfc1454d
The reverted commit sha is - 2a343df32a0c632e045d40d8a3f039852c0d51ce
Commit message - [maven-release-plugin] prepare release ninja-0.4
The original commit sha is - f65f7629c1cc5f5a7f8a5ca2f652254edfc1454d
Commit message - [maven-release-plugin] rollback the release of ninja-0.4
-----------------------------------------------------------------

Revert diff pair 13 is -> 
{ 98cd201654a5fddea299bc2c005f10ab5e51ab20 -> 53dc36058b7a1509c490a0c73a2c8b87b8f0aa95 } is a revert
{ 2ceda8e990e8899804bb2bb2c68b7568b3df4eac -> 2a343df32a0c632e045d40d8a3f039852c0d51ce }
Revert commits SHA are -> 
53dc36058b7a1509c490a0c73a2c8b87b8f0aa95 - revert - 2a343df32a0c632e045d40d8a3f039852c0d51ce
The reverted commit sha is - 53dc36058b7a1509c490a0c73a2c8b87b8f0aa95
Commit message - [maven-release-plugin] rollback the release of ninja-0.4
The original commit sha is - 2a343df32a0c632e045d40d8a3f039852c0d51ce
Commit message - [maven-release-plugin] prepare release ninja-0.4
-----------------------------------------------------------------

Revert diff pair 14 is -> 
{ 7b6b741981d61a9e3dccf4671d10b56336159559 -> 0fc9a29625edd708987b63c3668ced71f8887c91 } is a revert
{ 98cd201654a5fddea299bc2c005f10ab5e51ab20 -> 53dc36058b7a1509c490a0c73a2c8b87b8f0aa95 }
Revert commits SHA are -> 
0fc9a29625edd708987b63c3668ced71f8887c91 - revert - 53dc36058b7a1509c490a0c73a2c8b87b8f0aa95
The reverted commit sha is - 0fc9a29625edd708987b63c3668ced71f8887c91
Commit message - [maven-release-plugin] prepare release ninja-0.4
The original commit sha is - 53dc36058b7a1509c490a0c73a2c8b87b8f0aa95
Commit message - [maven-release-plugin] rollback the release of ninja-0.4
-----------------------------------------------------------------

