# of merges = 227
Merge commit 1 is -> 
{ 682892d53947944cd33294170b6bf08e29fb6a38 is a merge commit
---> Commit message - Merge branch 'develop' of https://github.com/reyez/ninja into develop
-----------------------------------------------------------------

Merge commit 2 is -> 
{ 17c4e6f02369f8075a7d6e0b5eb93daa3c58c881 is a merge commit
---> Commit message - Merge pull request #8 from jroper/lifecycle

Lifecycle management using annotations
-----------------------------------------------------------------

Merge commit 3 is -> 
{ 278c5af24e0fd6a4914a9fda5b27e1c9a0e8111c is a merge commit
---> Commit message - Merge branch 'lifecycle' into servlet3
-----------------------------------------------------------------

Merge commit 4 is -> 
{ 65ceff1360b40ae9d26dd78e41ee609588353fbb is a merge commit
---> Commit message - Merge branch 'develop' into servlet3

Conflicts:
	ninja-core/src/main/java/ninja/Context.java
	ninja-core/src/main/java/ninja/ContextImpl.java
-----------------------------------------------------------------

Merge commit 5 is -> 
{ c3056c16a9c9416e97f68604c35d6ce1d856369e is a merge commit
---> Commit message - Merge pull request #10 from jroper/context-improvements

Improvements to context
-----------------------------------------------------------------

Merge commit 6 is -> 
{ 721820ed5a4dc9441a925b510318bc8c8daa56a9 is a merge commit
---> Commit message - merge with jroper servlet3
-----------------------------------------------------------------

Merge commit 7 is -> 
{ fe520efeb00cd820ce448db2ec08e81694643d27 is a merge commit
---> Commit message - Merge pull request #11 from jroper/class-filters

Class filters
-----------------------------------------------------------------

Merge commit 8 is -> 
{ d318406d88aedf344562eb22c4e341d622b9236e is a merge commit
---> Commit message - Merge branch 'develop' of github.com:reyez/ninja into develop
-----------------------------------------------------------------

Merge commit 9 is -> 
{ cd3d0d8b56760edf71bddc2c6b1b4f00aa3a3b30 is a merge commit
---> Commit message - Merge branch 'develop' of github.com:reyez/ninja into develop
-----------------------------------------------------------------

Merge commit 10 is -> 
{ 851c45513b188851e66868f1fdd0d80a1ed7344c is a merge commit
---> Commit message - Merge branch 'develop' of github.com:reyez/ninja into develop
-----------------------------------------------------------------

Merge commit 11 is -> 
{ e22dfb7c11da8d3ea1dff96f6534a7119292d868 is a merge commit
---> Commit message - Merge branch 'develop' of github.com:reyez/ninja into develop
-----------------------------------------------------------------

Merge commit 12 is -> 
{ b32af9f3a77f2eba022a788e4bfb0ded86fa8610 is a merge commit
---> Commit message - Merge branch 'develop' of github.com:reyez/ninja into develop

Conflicts:
	README.md
-----------------------------------------------------------------

Merge commit 13 is -> 
{ ee95a98ffcc789db98fd31feb06978d1888a146c is a merge commit
---> Commit message - Merge branch 'develop' of github.com:reyez/ninja into develop
-----------------------------------------------------------------

Merge commit 14 is -> 
{ f4d6ff026232dba136e3f1041ee178504bd65215 is a merge commit
---> Commit message - Merge branch 'develop' of github.com:reyez/ninja into develop
-----------------------------------------------------------------

Merge commit 15 is -> 
{ 0faff1c1f4e10d9300ab1402a261e3eafec10a90 is a merge commit
---> Commit message - Merge branch 'develop' of github.com:reyez/ninja into develop
-----------------------------------------------------------------

Merge commit 16 is -> 
{ 94b2365be30bfa5b88f2d6c2f0097ad438426198 is a merge commit
---> Commit message - Merge branch 'develop' of github.com:reyez/ninja into develop
-----------------------------------------------------------------

Merge commit 17 is -> 
{ 1c589a60c98190d31fb51c642240fa0e1b32e3f3 is a merge commit
---> Commit message - Merge branch 'develop' of github.com:reyez/ninja into develop
-----------------------------------------------------------------

Merge commit 18 is -> 
{ 838d66ca56d1d4362a2c8a2bd9868e067aa30b12 is a merge commit
---> Commit message - :Merge branch 'develop' of github.com:reyez/ninja into develop
-----------------------------------------------------------------

Merge commit 19 is -> 
{ 663883c228f80fdd5cc1a92874ee63e127f348c5 is a merge commit
---> Commit message - Merge branch 'develop' of github.com:reyez/ninja into develop
-----------------------------------------------------------------

Merge commit 20 is -> 
{ fa15d74235181658a90e1615cd4160442a0fa0e5 is a merge commit
---> Commit message - merge
-----------------------------------------------------------------

Merge commit 21 is -> 
{ ea616a7accd6e2fc5f51c70fd023b3e166e2a433 is a merge commit
---> Commit message - Merge branch 'develop' of github.com:reyez/ninja into develop
-----------------------------------------------------------------

Merge commit 22 is -> 
{ 20f472cf541e3113c0f9cc72ac46a4477a5019c5 is a merge commit
---> Commit message - erge branch 'develop' of github.com:reyez/ninja into develop
-----------------------------------------------------------------

Merge commit 23 is -> 
{ 22b2cdda7fad2c57662a1ead8f96c11718b6dd71 is a merge commit
---> Commit message - Merge branch 'develop' of github.com:reyez/ninja into develop
-----------------------------------------------------------------

Merge commit 24 is -> 
{ 025909025b312e6b959d905517926e04732eafef is a merge commit
---> Commit message - Merge branch 'develop' of github.com:reyez/ninja into develop
-----------------------------------------------------------------

Merge commit 25 is -> 
{ e27ef7d0de2ec32e17a01ae88e26963072bcb547 is a merge commit
---> Commit message - Merge branch 'develop' of github.com:reyez/ninja into develop
-----------------------------------------------------------------

Merge commit 26 is -> 
{ 2ca1ef61c0e35073862f013463fcb91bac1f36a2 is a merge commit
---> Commit message - Merge branch 'develop' of github.com:reyez/ninja into develop
-----------------------------------------------------------------

Merge commit 27 is -> 
{ 45199acb31f461c827354133438dfec4c7543ec8 is a merge commit
---> Commit message - Merge branch 'develop' of github.com:reyez/ninja into develop
-----------------------------------------------------------------

Merge commit 28 is -> 
{ 9ff808e7dfb4262128dda50e5990b1226b0c3f1e is a merge commit
---> Commit message - erge
-----------------------------------------------------------------

Merge commit 29 is -> 
{ 752174076d62f857a6d23f2e47fe0111cabc64d2 is a merge commit
---> Commit message - Merge branch 'develop' of github.com:reyez/ninja into develop
-----------------------------------------------------------------

Merge commit 30 is -> 
{ 7c7b822c5c20955434608753ea5441d3f63aa254 is a merge commit
---> Commit message - Merge branch 'develop' of github.com:reyez/ninja into develop

Conflicts:
	ninja-core/src/main/java/ninja/Results.java
-----------------------------------------------------------------

Merge commit 31 is -> 
{ c6d4c569f0bb6d9cfe1c6c25f3daeab980d1e017 is a merge commit
---> Commit message - Merge branch 'develop' of github.com:reyez/ninja into develop
-----------------------------------------------------------------

Merge commit 32 is -> 
{ 5ef22f35591982200d3fca097513f045b2c9891e is a merge commit
---> Commit message - Merge branch 'develop' of github.com:reyez/ninja into develop
-----------------------------------------------------------------

Merge commit 33 is -> 
{ bc8b195bd8f314550e3a62c58b2d05abb6a14dc7 is a merge commit
---> Commit message - Merge branch 'develop' of github.com:reyez/ninja into develop
-----------------------------------------------------------------

Merge commit 34 is -> 
{ 21d22a05bbf413a22df265428e36dfbca1a8a429 is a merge commit
---> Commit message - Support for fileuploads / Injection of parameters in controller methods
-----------------------------------------------------------------

Merge commit 35 is -> 
{ 45bb542cb46d2913c3acff883d15690be0a867bb is a merge commit
---> Commit message - merge
-----------------------------------------------------------------

Merge commit 36 is -> 
{ 8fa18b0432a3deffbb798b29f76658e3470c4c04 is a merge commit
---> Commit message - Merge branch 'develop' of github.com:reyez/ninja into develop
-----------------------------------------------------------------

Merge commit 37 is -> 
{ c69916d936f5725e605a86a4b81f5e74d05621b7 is a merge commit
---> Commit message - Merge branch 'develop' of github.com:reyez/ninja into develop
-----------------------------------------------------------------

Merge commit 38 is -> 
{ fe74774d1c06c616c04c0360520e358f098eeb0f is a merge commit
---> Commit message - Merge branch 'develop' of github.com:reyez/ninja into develop
-----------------------------------------------------------------

Merge commit 39 is -> 
{ ce3218c552175f88e54ea25862b915494ac50524 is a merge commit
---> Commit message - Merge branch 'develop' of github.com:reyez/ninja into develop

Conflicts:
	ninja-core/pom.xml
-----------------------------------------------------------------

Merge commit 40 is -> 
{ 7a640603026c22b55a3c945b465b9f8c1630c3be is a merge commit
---> Commit message - Merge branch 'develop' of github.com:reyez/ninja into develop
-----------------------------------------------------------------

Merge commit 41 is -> 
{ bf850700eaa8eaa1b36df780390b03e3a3931806 is a merge commit
---> Commit message - Merge branch 'develop' of github.com:reyez/ninja into develop

Conflicts:
	ninja-core/src/site/resources/CNAME
-----------------------------------------------------------------

Merge commit 42 is -> 
{ bf441bd55be20445f0bba75439f6e256d2c69308 is a merge commit
---> Commit message - Merge branch 'develop' of github.com:reyez/ninja into develop
-----------------------------------------------------------------

Merge commit 43 is -> 
{ a05ea2c80ae993247d7715a3ebfd493c3bb113fc is a merge commit
---> Commit message - Merge branch 'develop' of github.com:reyez/ninja into develop
-----------------------------------------------------------------

Merge commit 44 is -> 
{ fb946801613c9a9bb59e0d89d15664604dcac270 is a merge commit
---> Commit message - Merge branch 'develop' of github.com:reyez/ninja into develop

Conflicts:
	ninja-core/pom.xml
-----------------------------------------------------------------

Merge commit 45 is -> 
{ a0e2d0f33c226803ee8ce87c43f98647798dadc6 is a merge commit
---> Commit message - Merge branch 'develop' into feature-better-i18n
-----------------------------------------------------------------

Merge commit 46 is -> 
{ f14e9cf7bd3c6e6a1dd1ff1ca25169252a34f77a is a merge commit
---> Commit message - Merge branch 'feature-better-i18n' into develop
-----------------------------------------------------------------

Merge commit 47 is -> 
{ 71f80db9f2b1af337bcfb4a54be7f8c0689cb820 is a merge commit
---> Commit message - Merge branch 'develop' of github.com:reyez/ninja into develop
-----------------------------------------------------------------

Merge commit 48 is -> 
{ 3705c159c738eda1c8c1f7e0924709f4e972c1a4 is a merge commit
---> Commit message - Merge branch 'develop' of github.com:reyez/ninja into develop
-----------------------------------------------------------------

Merge commit 49 is -> 
{ 49dfc2dee49bf05b738fd84eb35f8456156df787 is a merge commit
---> Commit message - Merge pull request #20 from roughy/issue-18/content_negotiation_when_result_has_no_content_type_set

Content negotiation broken when Result has no content type set.
-----------------------------------------------------------------

Merge commit 50 is -> 
{ d1157a501cd328c8ee939c2660be70a5e662e3be is a merge commit
---> Commit message - Merge pull request #19 from reyez/feature-parameter-validation-via-JSR

Feature parameter validation via jsr
-----------------------------------------------------------------

Merge commit 51 is -> 
{ 0863cd2e06826e97674c42474a25bff89e365b48 is a merge commit
---> Commit message - Merge branch 'develop' into feature-pluginconcept

Conflicts:
	ninja-core-test/src/main/java/ninja/NinjaApiTestHelper.java
-----------------------------------------------------------------

Merge commit 52 is -> 
{ f92090bdbdc584d24ddb2aed52b9d99d30727af8 is a merge commit
---> Commit message - Merge branch 'develop' into feature-pluginconcept
-----------------------------------------------------------------

Merge commit 53 is -> 
{ 3a527c64cf35657f300d4df248565ec97bccbe68 is a merge commit
---> Commit message - Merge branch 'feature-pluginconcept' into develop
-----------------------------------------------------------------

Merge commit 54 is -> 
{ 8bba95d6d16f476a4c5942a6856de204e9d5678e is a merge commit
---> Commit message - Merge branch 'develop'
-----------------------------------------------------------------

Merge commit 55 is -> 
{ 54a493b742eff987eaefe6cfa292dfde38b5f70a is a merge commit
---> Commit message - Merge branch 'develop'
-----------------------------------------------------------------

Merge commit 56 is -> 
{ 3d6b31d0b245c630080edba2d8519963811318d3 is a merge commit
---> Commit message - Merge branch 'master' into develop
-----------------------------------------------------------------

Merge commit 57 is -> 
{ a16d50053257fd4478f3e50a335068465ed46dec is a merge commit
---> Commit message - Merge pull request #57 from reyez/fixes-in-validation

Very cool fix :) Thanks!
-----------------------------------------------------------------

Merge commit 58 is -> 
{ cb95a2c82af7ed1a7e2ace11ae3b4c8f443cd17f is a merge commit
---> Commit message - Merge pull request #58 from reyez/feature/ErrorObjectsInValidation

Feature/error objects in validation
-----------------------------------------------------------------

Merge commit 59 is -> 
{ 36ce32d52bca34648eca0f3ec7f30bfc7fdb930b is a merge commit
---> Commit message - Merge pull request #60 from jbarop/m2e-warnings

ignore maven-enforcer-plugin in eclipse because its not supported by m2e
-----------------------------------------------------------------

Merge commit 60 is -> 
{ 291a16a60e0dc69c246c1d04eee3d6b718346098 is a merge commit
---> Commit message - Merge pull request #62 from jbarop/forbidden-template-not-found

fixed broken 403 page
-----------------------------------------------------------------

Merge commit 61 is -> 
{ 7c3e34ed54595c5fe9376fad89ae238f52f6d06e is a merge commit
---> Commit message - Merge pull request #65 from roughy/feature/parse_contenttype_application_xml

added BodyParserEngineXml
-----------------------------------------------------------------

Merge commit 62 is -> 
{ 37c25c8e48d7e3cfb2f4fba5568bb269acd2713c is a merge commit
---> Commit message - Merge pull request #67 from qubic/develop

extract multiple languages from Accept-Language headerl
-----------------------------------------------------------------

Merge commit 63 is -> 
{ e82a7d28ec5a2e55c26020e00988531488ef9506 is a merge commit
---> Commit message - Merge branch 'develop' of https://github.com/zoza/ninja.git into develop
-----------------------------------------------------------------

Merge commit 64 is -> 
{ 73487362b3f8283035c8f2bc13ab2269aa2ed12e is a merge commit
---> Commit message - Merge branch 'develop' of https://github.com/zoza/ninja into develop
-----------------------------------------------------------------

Merge commit 65 is -> 
{ ab655004eee6bfa95b950c43ebc3a0388e67cfe5 is a merge commit
---> Commit message - Merge pull request #72 from reyez/dont-touch-contenttype-if-set

Don't touch content type when returning String as result and no templating engine has been found...
-----------------------------------------------------------------

Merge commit 66 is -> 
{ e9079856d67d36f6399bdf2be30762fdeef651c2 is a merge commit
---> Commit message - Merge pull request #74 from roughy/feature/session_cookie_http_only

Feature/session cookie http only
-----------------------------------------------------------------

Merge commit 67 is -> 
{ a09d11dd6179d523803c823d537f5eac64039343 is a merge commit
---> Commit message - merge and integration test for post parameter parsing
-----------------------------------------------------------------

Merge commit 68 is -> 
{ f86e5d5f1a5ff89947d2b036b36f995bd9b45888 is a merge commit
---> Commit message - merged changes
-----------------------------------------------------------------

Merge commit 69 is -> 
{ 4522256681ea896f64026f7bd3c7cb04306f11cd is a merge commit
---> Commit message - Merge branch 'feature-zoza-post' into develop
-----------------------------------------------------------------

Merge commit 70 is -> 
{ f0c6b06ba5d0f9c4dca908eb9fa7cb04a0eedaa4 is a merge commit
---> Commit message - added support to render objects directly via html templating
-----------------------------------------------------------------

Merge commit 71 is -> 
{ 192b290fa6d2385425a035337e9f29d5c9a2adec is a merge commit
---> Commit message - Merge branch 'feature-fluffy-post-form-parsing' into develop
-----------------------------------------------------------------

Merge commit 72 is -> 
{ af40e991cd5cd92bc9ac808639404f943bf5c28d is a merge commit
---> Commit message - merge with develop
-----------------------------------------------------------------

Merge commit 73 is -> 
{ ba1ea87d2d97247031aa2c28e5fb8c402bc05d3d is a merge commit
---> Commit message - Merge branch 'develop' of github.com:reyez/ninja into feature/ErrorObjectsInValidation
-----------------------------------------------------------------

Merge commit 74 is -> 
{ 84f1b274f25bc943397ca2c65a94263070278c58 is a merge commit
---> Commit message - Merge pull request #80 from reyez/zoza-servlet-integration-sketch

Zoza servlet integration sketch
-----------------------------------------------------------------

Merge commit 75 is -> 
{ ff6f11d5a86b30366e62739111f79898e67590e4 is a merge commit
---> Commit message - Merge branch 'develop' of github.com:reyez/ninja into develop
-----------------------------------------------------------------

Merge commit 76 is -> 
{ f38c8324cdd25b680866ada685a6c1dfc2ffe281 is a merge commit
---> Commit message - Merge pull request #79 from reyez/feature/ErrorObjectsInValidation

Feature/error objects in validation
-----------------------------------------------------------------

Merge commit 77 is -> 
{ 0bf8904f3c869f1bec6e2db590927cc88342009a is a merge commit
---> Commit message - Merge branch 'develop' of github.com:reyez/ninja into develop
-----------------------------------------------------------------

Merge commit 78 is -> 
{ 4bbabcbc03c02b8b20481b1f47ad180f54f5d4f6 is a merge commit
---> Commit message - Merge remote-tracking branch 'upstream/develop' into develop

Conflicts:
	ninja-core-demo/src/main/java/conf/Module.java
	ninja-core-test/src/main/java/ninja/utils/NinjaTestServer.java
	ninja-core/src/main/java/ninja/NinjaServletDispatcher.java
-----------------------------------------------------------------

Merge commit 79 is -> 
{ 85dc408f3cbfa4c94427c2d5af3f11c8cb27646a is a merge commit
---> Commit message - Merge branch 'develop' of https://github.com/zoza/ninja.git into develop
-----------------------------------------------------------------

Merge commit 80 is -> 
{ 8c3938f5852a01ff8ca32655f59d54bc7ff4ca0b is a merge commit
---> Commit message - Merge pull request #81 from zoza/develop

Filter to Servlet changed
-----------------------------------------------------------------

Merge commit 81 is -> 
{ 8cd3d67b4c017e31a6f717b747af1e1b3ef50b90 is a merge commit
---> Commit message - Merge branch 'develop' of github.com:reyez/ninja into develop
-----------------------------------------------------------------

Merge commit 82 is -> 
{ c2ea90bea72255762af888f36d50321baee6389c is a merge commit
---> Commit message - Merge pull request #82 from zoza/develop

fixed egg-chicken problem
-----------------------------------------------------------------

Merge commit 83 is -> 
{ ceeeafa9dccc25c6ed061217352e5750db2dd9e8 is a merge commit
---> Commit message - Merge branch 'feature-etag-caching-static-assets' into develop
-----------------------------------------------------------------

Merge commit 84 is -> 
{ 0597858c0e209a20bd828178f89c7710c34423a1 is a merge commit
---> Commit message - Merge pull request #84 from qubic/develop

Set content type when it is not explicitly set
-----------------------------------------------------------------

Merge commit 85 is -> 
{ a647fe64e1941c891b40e0a8b8485fa4deed6a98 is a merge commit
---> Commit message - Merge branch 'develop' of github.com:reyez/ninja into develop
-----------------------------------------------------------------

Merge commit 86 is -> 
{ d730a1f4119873300ed92910bc571ce88fbad53b is a merge commit
---> Commit message - Merge pull request #85 from tbroyer/remove-servlet-dependency

Remove dependency of the core on javax.servlet
-----------------------------------------------------------------

Merge commit 87 is -> 
{ 67295e6ec13f27ec10d8304779edb6a5bd24e54f is a merge commit
---> Commit message - Merge pull request #86 from tbroyer/context-attributes

Context attributes and multivalued headers
-----------------------------------------------------------------

Merge commit 88 is -> 
{ 333495a1f55347e2e2db94afc622cf14b7863e70 is a merge commit
---> Commit message - Merge branch 'develop' of github.com:reyez/ninja into develop
-----------------------------------------------------------------

Merge commit 89 is -> 
{ efde8984335dfe3ee6e36d9dec05d5299b36ddc0 is a merge commit
---> Commit message - merge
-----------------------------------------------------------------

Merge commit 90 is -> 
{ 64589e0b1b1542a0bb82503288d9af0d2fb544e2 is a merge commit
---> Commit message - Merge pull request #90 from reyez/feature-new-libraries-optional-support

Bump to latest libraries. Optional (guava) support
-----------------------------------------------------------------

Merge commit 91 is -> 
{ 27c183a146df350ccf66035bd3b9cc533b73fc3e is a merge commit
---> Commit message - Merge pull request #91 from seratch/patch-1

ninja-core-demo-archetype should use fixed ninja version in pom.xml
-----------------------------------------------------------------

Merge commit 92 is -> 
{ 061f0248c1acd201d8d52cc36bb57cd1630c7d95 is a merge commit
---> Commit message - Merge pull request #93 from pthum/feature-cookie-in-templates

access the session-cookie easily in templates
-----------------------------------------------------------------

Merge commit 93 is -> 
{ 378b06bfc37c306c0408989b0d0c8ce234c97db4 is a merge commit
---> Commit message - merge with develop
-----------------------------------------------------------------

Merge commit 94 is -> 
{ edf228f5dccc08fddcbea9ebdd9524e704a156b8 is a merge commit
---> Commit message - Merge remote-tracking branch 'refs/remotes/reyez/develop' into develop
-----------------------------------------------------------------

Merge commit 95 is -> 
{ 4346b4787f7b98e02d1acd7affec97ee8bfde760 is a merge commit
---> Commit message - Merge pull request #94 from pthum/feature-contextpath-support

Feature contextpath support
-----------------------------------------------------------------

Merge commit 96 is -> 
{ adb24c6760d9ae94dbe414f78a7edebb289aaf49 is a merge commit
---> Commit message - Merge branch 'develop' into bigfix-messages-parsing
-----------------------------------------------------------------

Merge commit 97 is -> 
{ 53f72299cff820d01ff2e96a3cabc86774ff3a77 is a merge commit
---> Commit message - Merge branch 'feature-reverse-routing' into develop
-----------------------------------------------------------------

Merge commit 98 is -> 
{ 9699f7c8b819692c55428dcb48ae2de1fe2065c3 is a merge commit
---> Commit message - merge with develop
-----------------------------------------------------------------

Merge commit 99 is -> 
{ 123078b6d859682743077ab6b304761c5c66f1d0 is a merge commit
---> Commit message - Merge pull request #96 from ninjaframework/bigfix-messages-parsing

Bigfix messages parsing
-----------------------------------------------------------------

Merge commit 100 is -> 
{ 23685a2cc55eca91dc94747811555e1b0ac765bb is a merge commit
---> Commit message - Merge branch 'develop' into bigfix-messages-parsing
-----------------------------------------------------------------

Merge commit 101 is -> 
{ 85ce8c46d72c9a175782d16fcdbf22587f8655d1 is a merge commit
---> Commit message - Merge pull request #98 from ninjaframework/bigfix-messages-parsing

Merge branch 'develop' into bigfix-messages-parsing
-----------------------------------------------------------------

Merge commit 102 is -> 
{ 2797b9cb6cfe64bffe86768e85664afd11670167 is a merge commit
---> Commit message - merge
-----------------------------------------------------------------

Merge commit 103 is -> 
{ 58f92f101a4d3ad87feca99a5eca4c8b1cd5f459 is a merge commit
---> Commit message - Merge pull request #99 from ninjaframework/feature-render-multiple-objects

Feature render multiple objects
-----------------------------------------------------------------

Merge commit 104 is -> 
{ 6ebbf4c6d0e0af9756fd7e6122bf4617b16607ef is a merge commit
---> Commit message - Merge pull request #1 from ninjaframework/makotan/autoreloadftl

Some tiny updates for makotan's changes.
-----------------------------------------------------------------

Merge commit 105 is -> 
{ 87c9b81715441ab7b1eb863a13f47349c79dedcd is a merge commit
---> Commit message - Merge pull request #100 from makotan/autoreloadftl

Dev mode only ftl auto reload
-----------------------------------------------------------------

Merge commit 106 is -> 
{ 4563cf97027e408d3a6d9ea253b6069bd2e313ad is a merge commit
---> Commit message - merge
-----------------------------------------------------------------

Merge commit 107 is -> 
{ 9e0f02c7e8f0fcb1af3040dc6266cde586952486 is a merge commit
---> Commit message - Merge pull request #102 from ninjaframework/feature-cache-layer

Feature cache layer
-----------------------------------------------------------------

Merge commit 108 is -> 
{ f8b0385c3d98c980e7244b1308eafd255b511c27 is a merge commit
---> Commit message - Merge branch 'develop' of github.com:ninjaframework/ninja into develop
-----------------------------------------------------------------

Merge commit 109 is -> 
{ d22eec69c4a7859381c278a5438803b99dc77bd8 is a merge commit
---> Commit message - merge with develop
-----------------------------------------------------------------

Merge commit 110 is -> 
{ 205f7152f353273f11c878a2297066b550c6814a is a merge commit
---> Commit message - Merge pull request #105 from ninjaframework/feature-no-http-body-render-capabiity

Support for skipping rendering of HttpBody via NoHttpBody class
-----------------------------------------------------------------

Merge commit 111 is -> 
{ e26e5b062a5193b63c12455cc8ad6c2e6ad06639 is a merge commit
---> Commit message - Merge branch 'feature-jpa' into develop
-----------------------------------------------------------------

Merge commit 112 is -> 
{ 69155bcbb29c3eec869862d3a999661f78dcf77c is a merge commit
---> Commit message - Merge branch 'feature-faster-json-xml' into develop
-----------------------------------------------------------------

Merge commit 113 is -> 
{ 6701671f6d3b2a405ef5449f1a7db99753c7986d is a merge commit
---> Commit message - Merge pull request #108 from ninjaframework/feature-improved-results

Added facility to render simple strings to the outputstream without invo...
-----------------------------------------------------------------

Merge commit 114 is -> 
{ 0677a08992dc18938e089d99754da976531c5493 is a merge commit
---> Commit message - Merge pull request #110 from ninjaframework/bugfix-109-static-assets-should-not-handle-flash-scope

Bugfix - static assets should not handle any flash or session scopes
-----------------------------------------------------------------

Merge commit 115 is -> 
{ ac932714af27534ff5a910e680710d00b3ea8764 is a merge commit
---> Commit message - merge
-----------------------------------------------------------------

Merge commit 116 is -> 
{ 8e2d2f2128827ae76b7597181167ba906633c9c9 is a merge commit
---> Commit message - merge
-----------------------------------------------------------------

Merge commit 117 is -> 
{ bbdbb5d16aba0c4f49073905e9b982a163bd7979 is a merge commit
---> Commit message - Merge pull request #111 from ninjaframework/feature-meta-inf-support

Feature meta inf support
-----------------------------------------------------------------

Merge commit 118 is -> 
{ 874b7600c922a3fb6876c971d500fb24d62f6d7d is a merge commit
---> Commit message - Merge branch 'branch-2.0.0' into develop
-----------------------------------------------------------------

Merge commit 119 is -> 
{ 095791420987371287027295d970b6d9274edc7b is a merge commit
---> Commit message - Merge pull request #113 from nobullet/master

Context path standalone mode Thanks for the pull request!
-----------------------------------------------------------------

Merge commit 120 is -> 
{ 1e1c596152cec6cc9a61c8160d2c3246c5ff4f61 is a merge commit
---> Commit message - Merge remote-tracking branch 'upstream/develop' into develop
-----------------------------------------------------------------

Merge commit 121 is -> 
{ 371438f59da53d1c1f720ae928849e70cd08da55 is a merge commit
---> Commit message - Merge pull request #114 from nobullet/develop

Adding JsonP support
-----------------------------------------------------------------

Merge commit 122 is -> 
{ 60f7810068a7802bafc4eb8c6e0b764fb582403b is a merge commit
---> Commit message - Merge branch 'develop' into feature-maven-plugin
-----------------------------------------------------------------

Merge commit 123 is -> 
{ 691053f2d9aece0955ebcfee07fa3d80ad00aa5a is a merge commit
---> Commit message - Merge pull request #116 from nobullet/develop

Adding consistent method for beans validation.
-----------------------------------------------------------------

Merge commit 124 is -> 
{ 9059a5b2578f10f4780548d92327557bf9c7c8a4 is a merge commit
---> Commit message - Merge pull request #119 from nobullet/develop

Added bean validations tests to ControllerMethodInvokerTest (from my previous pull request).
-----------------------------------------------------------------

Merge commit 125 is -> 
{ 6ba15ad9cffd55deb0971de8975fcfcbbb6196b6 is a merge commit
---> Commit message - merging
-----------------------------------------------------------------

Merge commit 126 is -> 
{ 4a6703d81ef55c88c97a9dc3ff34e7f7f034a82c is a merge commit
---> Commit message - Merge pull request #121 from emiguelt/develop

Ninja DAO abstract class helper
-----------------------------------------------------------------

Merge commit 127 is -> 
{ 49561c1239ee7771fbd99e5d03e6f0e18f4ff242 is a merge commit
---> Commit message - Merge pull request #122 from paweld2/develop

Access to application injector from NinjaTest
-----------------------------------------------------------------

Merge commit 128 is -> 
{ 0caa0db7f5deb125ed7348323c67d806e53891c4 is a merge commit
---> Commit message - Merge pull request #124 from kpacha/develop

Update modules.md
-----------------------------------------------------------------

Merge commit 129 is -> 
{ 14c91fb7c02a8debe2ead7cf67018aa5f15ab3c8 is a merge commit
---> Commit message - merge
-----------------------------------------------------------------

Merge commit 130 is -> 
{ f3aec3d628127545bf6ba823d42e5d5a56ebb27f is a merge commit
---> Commit message - Merge pull request #125 from ninjaframework/FEATURE-org-doctester-integratio

Feature org doctester integratio
-----------------------------------------------------------------

Merge commit 131 is -> 
{ 56f1acb5515ca8f14f28dc24f0ab13943bbcc270 is a merge commit
---> Commit message - Merge branch 'develop' into feature-maven-plugin
-----------------------------------------------------------------

Merge commit 132 is -> 
{ e6c6bffbdfba5866cb9d9e1d6af1e196e5bbf5d4 is a merge commit
---> Commit message - Merge pull request #127 from ninjaframework/feature-maven-plugin

Feature maven plugin
-----------------------------------------------------------------

Merge commit 133 is -> 
{ 9a1c31c022bb030a5a711ec1c8935f5dee8988e3 is a merge commit
---> Commit message - Merge pull request #129 from ninjaframework/128-potential-bug-in-formatting-of-messages

128 potential bug in formatting of messages
-----------------------------------------------------------------

Merge commit 134 is -> 
{ cf52dd783fa5809a0b44723edd31bd0132191d1d is a merge commit
---> Commit message - Merge pull request #132 from linx56/develop

#130 Enables session/cookie sharing between subdomains
-----------------------------------------------------------------

Merge commit 135 is -> 
{ 5ee27aca86eeaefa7eff13b2b6185ace836754ae is a merge commit
---> Commit message - Merge branch 'develop' of github.com:ninjaframework/ninja into develop

Conflicts:
	ninja-core/src/main/java/ninja/template/TemplateEngineFreemarker.java
-----------------------------------------------------------------

Merge commit 136 is -> 
{ 813f1a416103898ca4df12bcfc2b0792faaaedad is a merge commit
---> Commit message - Merge pull request #136 from emiguelt/develop

Adding Jade4Ninja link to Modules
-----------------------------------------------------------------

Merge commit 137 is -> 
{ 75f9508e318e12c7d3c481b25f2aa7d000ccd5f1 is a merge commit
---> Commit message - Merge branch 'feature-better-assets' into develop
-----------------------------------------------------------------

Merge commit 138 is -> 
{ 0ea37ae9bde478d6014be8c58703dd6dc09ae63c is a merge commit
---> Commit message - merge
-----------------------------------------------------------------

Merge commit 139 is -> 
{ 52251779f93ee2f18b24b83b81d71bc078ab874e is a merge commit
---> Commit message - merge
-----------------------------------------------------------------

Merge commit 140 is -> 
{ a61a1748c299a3e2f2cfed2c590b60f147ccae4e is a merge commit
---> Commit message - Merge branch 'feature_documentation' into develop
-----------------------------------------------------------------

Merge commit 141 is -> 
{ f44ffbc7ee65a0d57b44f044751f7553a1da752d is a merge commit
---> Commit message - fixed conflict in changelog
-----------------------------------------------------------------

Merge commit 142 is -> 
{ 8b47cb12b5d04e7153b4b4862f0c060837644870 is a merge commit
---> Commit message - Merge pull request #142 from nobullet/develop

Adding support of ninja.context for SuperDevMode
-----------------------------------------------------------------

Merge commit 143 is -> 
{ 0f3d0fe95d7f2ddb8adcbd5a38a2cc91520a2972 is a merge commit
---> Commit message - Merge branch 'develop' of https://github.com/sojin/ninja into develop
-----------------------------------------------------------------

Merge commit 144 is -> 
{ 0f28e024199abe59769434c46c312adeef2fe326 is a merge commit
---> Commit message - merge
-----------------------------------------------------------------

Merge commit 145 is -> 
{ e10c27059466c90f6cbd265f084b73d2194d0ac6 is a merge commit
---> Commit message - Merge pull request #146 from mallowlabs/fix-wrong-encoding-in-tomcat

Fixed wrong encoding of post parameters with tomcat
-----------------------------------------------------------------

Merge commit 146 is -> 
{ 117a9ba1601d4d1d1fe608dab48c2037fa3fba15 is a merge commit
---> Commit message - Merge pull request #147 from ninjaframework/145-shutdown-hooks-not-executed

145 shutdown hooks not executed
-----------------------------------------------------------------

Merge commit 147 is -> 
{ 565fd7ceb1c7b97832229a231ab22649d983be57 is a merge commit
---> Commit message - Merge pull request #153 from zoranzaric/respect-context-path

Make RouterImpl.getReverseRoute() respect the context path
-----------------------------------------------------------------

Merge commit 148 is -> 
{ 7c5a472208abba320ba682ec41d97271c211f4d6 is a merge commit
---> Commit message - Merge pull request #150 from smallufo/develop

NinjaRunner
-----------------------------------------------------------------

Merge commit 149 is -> 
{ d2270cfaa236b5247b95f33f743ea842d3359235 is a merge commit
---> Commit message - Merge pull request #156 from smallufo/develop

Modify NinjaRunner to make use of injector's built-in injectMembers(obj)
-----------------------------------------------------------------

Merge commit 150 is -> 
{ a7337c158acce2227d7572da7d66ef641a454a88 is a merge commit
---> Commit message - Merge pull request #158 from ninjaframework/bugfix-157-unitOfWork-does-not-work-sometimes

Bugfix 157 unit of work does not work sometimes
-----------------------------------------------------------------

Merge commit 151 is -> 
{ d140f095a126302458b02f32914632e709e464fa is a merge commit
---> Commit message - Merge pull request #159 from cwildfoerster/develop

Fix changelog dates
-----------------------------------------------------------------

Merge commit 152 is -> 
{ c1592d91854fab05338236400e21e47be37862d8 is a merge commit
---> Commit message - Merge pull request #163 from svenkubiak/develop

updated documentation for sending mails
-----------------------------------------------------------------

Merge commit 153 is -> 
{ 5bb1647f546e604c59babceec151fae110877e5f is a merge commit
---> Commit message - Merge pull request #170 from svenkubiak/develop

changed Result.NO_HTTP_CONTENT to Result.NO_HTTP_BODY in changelog.md
-----------------------------------------------------------------

Merge commit 154 is -> 
{ 747a7e59514c06d8f1b47c4f46d7440cc50e735a is a merge commit
---> Commit message - Merge pull request #169 from avarabyeu/develop

add possibility to define custom package for application module and routes
-----------------------------------------------------------------

Merge commit 155 is -> 
{ 6efdc80f99cc87019af645a36d7a318beea80771 is a merge commit
---> Commit message - Merge pull request #174 from mattjonesorg/develop

Added a getHostname() method to the context.  
-----------------------------------------------------------------

Merge commit 156 is -> 
{ 634c4b572b74cc56053dfa0c4f938cd485f32b96 is a merge commit
---> Commit message - Merge pull request #175 from svenkubiak/develop

fixed flash documentation
-----------------------------------------------------------------

Merge commit 157 is -> 
{ 908a780f011d7a08a245675b296164817b35efbf is a merge commit
---> Commit message - Merge branch 'develop' of github.com:ninjaframework/ninja into develop
-----------------------------------------------------------------

Merge commit 158 is -> 
{ 04cd1099bb957bef71a476f05dab4d180a289499 is a merge commit
---> Commit message - Merge pull request #176 from svenkubiak/develop

added http status 401, organized imports
-----------------------------------------------------------------

Merge commit 159 is -> 
{ a3b998bc416da00fdc9bae2de12142bc361e8810 is a merge commit
---> Commit message - Merge branch 'develop' of github.com:svenkubiak/ninja into develop
-----------------------------------------------------------------

Merge commit 160 is -> 
{ a828f9895c70599fbf2313a0ae521777442bbd51 is a merge commit
---> Commit message - Merge pull request #178 from svenkubiak/develop

Added Ninja Morphia Module
-----------------------------------------------------------------

Merge commit 161 is -> 
{ 6ef209887f1d16bbc4977913ef30beacf4f80ab6 is a merge commit
---> Commit message - Merge pull request #177 from Buffer0verflow/develop

Added port selection to superDevMode
-----------------------------------------------------------------

Merge commit 162 is -> 
{ bb74979235b8940038796c019fec046891f753d5 is a merge commit
---> Commit message - Merge pull request #179 from svenkubiak/develop

added quartz scheduler module
-----------------------------------------------------------------

Merge commit 163 is -> 
{ 3ad822bcd262d9905ec37bb968fd913f9d1bbf86 is a merge commit
---> Commit message - Merge pull request #180 from metacity/develop

Added HTTP 201 (Created), convenience methods for codes 201 and 401, and made HTTP status code variables final
-----------------------------------------------------------------

Merge commit 164 is -> 
{ 5f0d50a8d458ed2aea8eb8bf588a580cd7288769 is a merge commit
---> Commit message - Merge pull request #182 from nobullet/develop

Allowing more path entries in Javascript function path for JSONP.
-----------------------------------------------------------------

Merge commit 165 is -> 
{ 6a5377a595380b9781e7fa4a120ec4e4fd281b4e is a merge commit
---> Commit message - Merge pull request #186 from metacity/patch-1

Fixed a wrong variable when logging
-----------------------------------------------------------------

Merge commit 166 is -> 
{ b5a99439d586cf3e15f847bff1d7ae631633bf5c is a merge commit
---> Commit message - Merge pull request #189 from metacity/develop

Use SecureRandom instead of Random to generate the app secret
-----------------------------------------------------------------

Merge commit 167 is -> 
{ ef4f8d52975c846488eceb3da32582a1a271f125 is a merge commit
---> Commit message - Fixed conflicts from pull request.
-----------------------------------------------------------------

Merge commit 168 is -> 
{ 4585dfeeb6865a8e6020dfde2b66b5908939700a is a merge commit
---> Commit message - Merge branch 'PrimosK-develop' into develop
-----------------------------------------------------------------

Merge commit 169 is -> 
{ cd4edbe549e20ca7d6430c25c2fd3ed1d36c7951 is a merge commit
---> Commit message - Merge pull request #191 from anhtuank7c/patch-1

Catch Exception when not found any user
-----------------------------------------------------------------

Merge commit 170 is -> 
{ 1b3f810b0e0910e7c2b3469e4b0740f8138ad268 is a merge commit
---> Commit message - Merge branch 'develop' of github.com:ninjaframework/ninja into develop
-----------------------------------------------------------------

Merge commit 171 is -> 
{ 7ca56b0a4c503702ed124187ce239f69d5c444e0 is a merge commit
---> Commit message - Merge branch 'develop' into ninja4
-----------------------------------------------------------------

Merge commit 172 is -> 
{ fe926c751ce58ffe1359166836a0425b5271963c is a merge commit
---> Commit message - merge with develop
-----------------------------------------------------------------

Merge commit 173 is -> 
{ 607e45d79acf1e21f1f5a365ff95af1f9a61535e is a merge commit
---> Commit message - Merge branch 'develop' of github.com:ninjaframework/ninja into ninja4
-----------------------------------------------------------------

Merge commit 174 is -> 
{ 1d076e69385b8fb165b47c54b4859fefb7afaf91 is a merge commit
---> Commit message - Merge pull request #194 from alexcaas/patch-1

Update modules.md
-----------------------------------------------------------------

Merge commit 175 is -> 
{ a371549828257b0339767816f79fd25f3699b3fc is a merge commit
---> Commit message - Merge pull request #197 from svenkubiak/develop

Bumped version in archetype simple
-----------------------------------------------------------------

Merge commit 176 is -> 
{ a2fec14c313f7fd8987c01054861397be871c58d is a merge commit
---> Commit message - Merge pull request #200 from gitblit/routesaccessor

Add Router.getRoutes() accessor
-----------------------------------------------------------------

Merge commit 177 is -> 
{ 4c7f47d3f4f1338cdd7c6069db0b226a481cb16f is a merge commit
---> Commit message - Merged with fixroutebilder branch of gitblit.
-----------------------------------------------------------------

Merge commit 178 is -> 
{ d0097ad4595db6df0b2b168bec1dc8a4e84aae14 is a merge commit
---> Commit message - Merge branch 'gitblit-fixroutebuilder' into develop
-----------------------------------------------------------------

Merge commit 179 is -> 
{ e1a8d7953b61a38bb2f8dd08dd665377b772aefe is a merge commit
---> Commit message - merge with ninja4
-----------------------------------------------------------------

Merge commit 180 is -> 
{ 3a8ff2748706b60180305969f860cc7eb5bb7d45 is a merge commit
---> Commit message - Merge pull request #205 from gitblit/basicauth

Add Http Basic Authentication filter and proper 401 unauthorized support
-----------------------------------------------------------------

Merge commit 181 is -> 
{ 7aa846caba9600a68697d4e8eb9e79d9b83e8fad is a merge commit
---> Commit message - Merge branch 'gitblit-types' into develop
-----------------------------------------------------------------

Merge commit 182 is -> 
{ 96f52b4af4bd1f52d02411dc3ccf580aa42be505 is a merge commit
---> Commit message - Merge pull request #207 from svenkubiak/develop

updated modules site
-----------------------------------------------------------------

Merge commit 183 is -> 
{ 05be1654fd29dd8be0c7291c8a0b30f7969bc01f is a merge commit
---> Commit message - Merge pull request #209 from nobullet/develop

Adding corrections to JPA documentation: @Transactional, @UnitOfWork and...
-----------------------------------------------------------------

Merge commit 184 is -> 
{ 0f44dc8a4d3b619ac6eb49d5cf2db8c3bd0414c3 is a merge commit
---> Commit message - Merge branch 'develop' of github.com:ninjaframework/ninja into bugfix/185-unitofwork-bug
-----------------------------------------------------------------

Merge commit 185 is -> 
{ 828c4e90373423830fcdf8cd2006d8d97f3f77cd is a merge commit
---> Commit message - Merge pull request #208 from ninjaframework/bugfix/185-unitofwork-bug

Revert "BugFix #157. 
-----------------------------------------------------------------

Merge commit 186 is -> 
{ 3b5da0e28ecd4c763060599f9a0f361433467bb5 is a merge commit
---> Commit message - Merge pull request #212 from sappo/patch-1

Debugging description for Netbeans
-----------------------------------------------------------------

Merge commit 187 is -> 
{ 10764f7c8bbb095bc74dd7026370fdacab190db9 is a merge commit
---> Commit message - Merge pull request #214 from mattjonesorg/develop

Fixing spelling of a ninja bootstrap variable.
-----------------------------------------------------------------

Merge commit 188 is -> 
{ 27273596488662475c36387f4ecda5d60a8eceb0 is a merge commit
---> Commit message - Merge remote-tracking branch 'upstream/develop' into develop
-----------------------------------------------------------------

Merge commit 189 is -> 
{ c13c5d5446343a0d8a1e88db7d7f5f812a94f427 is a merge commit
---> Commit message - Merge pull request #217 from DazHudson/AsyncContext

Async ContextImpl
-----------------------------------------------------------------

Merge commit 190 is -> 
{ f764215ecea23fe35fee8a6112d159ae6f98150c is a merge commit
---> Commit message - Merge pull request #219 from eiryu/work

Fix Documentation
-----------------------------------------------------------------

Merge commit 191 is -> 
{ 6ef2a01439ab7b3d5b31fe3ea352ff6e2e78eeb8 is a merge commit
---> Commit message - Merge branch 'develop' into tech/add-support-for-provided-content-types
-----------------------------------------------------------------

Merge commit 192 is -> 
{ 204d7fadc37b706bcbc8988e302d674744e6c5bd is a merge commit
---> Commit message - Merge pull request #223 from ninjaframework/tech/add-support-for-provided-content-types

Tech/add support for provided content types
-----------------------------------------------------------------

Merge commit 193 is -> 
{ 494bc7397af82c89b14d21957ef4f5dd1232e968 is a merge commit
---> Commit message - Merge branch 'feature/date-parsing-form-post' of github.com:pedro-stanaka/ninja into pedro-stanaka-feature/date-parsing-form-post

Conflicts:
	ninja-core/src/site/markdown/developer/changelog.md
-----------------------------------------------------------------

Merge commit 194 is -> 
{ ca79c0a462b9d41b43002b0f5221f54db0bedd7f is a merge commit
---> Commit message - Merge branch 'pedro-stanaka-feature/date-parsing-form-post' into develop
-----------------------------------------------------------------

Merge commit 195 is -> 
{ 388eb99c06dd0da9fe3f1b4e456bfdf338c61674 is a merge commit
---> Commit message - Merge pull request #201 from gitblit/logroutes

Log the resolved routes on Ninja startup
-----------------------------------------------------------------

Merge commit 196 is -> 
{ 9057af99bb316c3b143663337f8715717000625a is a merge commit
---> Commit message - Merge branch 'gitblit-servletcontext' into develop
-----------------------------------------------------------------

Merge commit 197 is -> 
{ 711383e5669168fca27f9c8554d40cd237fb6d6a is a merge commit
---> Commit message - Merge branch 'develop' of github.com:ninjaframework/ninja into develop

Conflicts:
	ninja-core/src/site/markdown/developer/changelog.md
-----------------------------------------------------------------

Merge commit 198 is -> 
{ 31737c1a105967cc5fa2570accad072b6d7b6565 is a merge commit
---> Commit message - Merge pull request #225 from ninjaframework/feature/xforwardedfor-enabled-in-conf

#224 Made it possible to enable and disable
-----------------------------------------------------------------

Merge commit 199 is -> 
{ 6cdbe081933c4fca002801621228e6d61a2a6dc4 is a merge commit
---> Commit message - Merge branch 'gitblit-logengines' into develop
-----------------------------------------------------------------

Merge commit 200 is -> 
{ dc18c943a1306c4b456771d4f71c1bf7f14884d8 is a merge commit
---> Commit message - Merge pull request #231 from gitblit/plaintext

Add explicit text/plain template engine
-----------------------------------------------------------------

Merge commit 201 is -> 
{ 1598d4b6572d1e6dc468a765e0389e57fdfc73e9 is a merge commit
---> Commit message - Merge pull request #232 from zephiransas/develop

Add Copyright
-----------------------------------------------------------------

Merge commit 202 is -> 
{ e48553043fc099e2713c69dee6daf3e2b6745397 is a merge commit
---> Commit message - Merge pull request #233 from gitblit/prettytime

Add FreeMarker support for PrettyTime localized relative date formatting
-----------------------------------------------------------------

Merge commit 203 is -> 
{ b470ffaca0465b1a0910a1cd025c4ae5d944d1dd is a merge commit
---> Commit message - Merge pull request #234 from pedro-stanaka/fix/doc-jpa-consistency

Fixed name of persistence unit. (closes issue #215)
-----------------------------------------------------------------

Merge commit 204 is -> 
{ ba294c95d69c5d61949f9af1fb3b003593d28863 is a merge commit
---> Commit message - Merge remote-tracking branch 'upstream/develop' into develop
-----------------------------------------------------------------

Merge commit 205 is -> 
{ bd249fe6cd1d3f54cc4021ef83c6f4a2e12cb5c9 is a merge commit
---> Commit message - Merge pull request #237 from gitblit/branding

Add new Ninja logo and improve typography & styling of documentation
-----------------------------------------------------------------

Merge commit 206 is -> 
{ 9a5f964ae00b6f47b7e4150be9818154a741ea4f is a merge commit
---> Commit message - Merge pull request #235 from gitblit/hotreloads

Add support for hot reloading of configuration files
-----------------------------------------------------------------

Merge commit 207 is -> 
{ fb8837e92b7c761f15e2ff6bd156f779605df006 is a merge commit
---> Commit message - Merge branch 'develop' into multiple-regex-route
-----------------------------------------------------------------

Merge commit 208 is -> 
{ ec49a57cb1907da02d28bc428fabb2ad85a9971a is a merge commit
---> Commit message - Merge pull request #238 from gitblit/hotreload2

Revise the boolean setting controlling external configuration hot-reloading
-----------------------------------------------------------------

Merge commit 209 is -> 
{ fcf9118dde48db7e447bc4dd6cc4a0fd7e4f0917 is a merge commit
---> Commit message - Merge branch 'develop' of github.com:ninjaframework/ninja into develop
-----------------------------------------------------------------

Merge commit 210 is -> 
{ 4a108e01106679e681755ba659a1523a037d460f is a merge commit
---> Commit message - Merge branch 'develop' into bazi-multiple-regex-route

Conflicts:
	ninja-core/src/site/markdown/developer/changelog.md
-----------------------------------------------------------------

Merge commit 211 is -> 
{ 716ae6ba5d1fa97bf1050c308743457821e50189 is a merge commit
---> Commit message - Merge branch 'bazi-multiple-regex-route' into develop
-----------------------------------------------------------------

Merge commit 212 is -> 
{ 0394eaca4bee0a3ddf48263d34bf6a1b0ad4fd47 is a merge commit
---> Commit message - Merge pull request #240 from bazi/docs/pr-236

Update routing docs to reflect changes in PR #236
-----------------------------------------------------------------

Merge commit 213 is -> 
{ 8a36e071691f3bcd5bc3c9cb1c2b412bda8e47f1 is a merge commit
---> Commit message - Merge pull request #196 from gitblit/metrics

Add integrated Metrics support
-----------------------------------------------------------------

Merge commit 214 is -> 
{ 82c7a9c59d9c8879a8d5b7f9bb6d34a1130c90da is a merge commit
---> Commit message - Merge branch 'develop' of github.com:ninjaframework/ninja into develop

Conflicts:
	ninja-core/src/site/markdown/developer/changelog.md
-----------------------------------------------------------------

Merge commit 215 is -> 
{ f0353fbb45ea5e724de762d5e787f54c309fe95a is a merge commit
---> Commit message - Merge pull request #243 from gitblit/updatedeps

Update Jetty, Jackson, Guava, Guice, H2, ehcache, spymemcached, commons-...
-----------------------------------------------------------------

Merge commit 216 is -> 
{ 5ca64b762f8873bcfe96a249b3bd445c7ddb0c9c is a merge commit
---> Commit message - Merge branch 'jaxrs' of github.com:gitblit/ninja into gitblit-jaxrs

Conflicts:
	ninja-core/src/site/markdown/developer/changelog.md
-----------------------------------------------------------------

Merge commit 217 is -> 
{ 89905cb186d04fbfc64a67a4e7f8d1102ffc473a is a merge commit
---> Commit message - Merge branch 'gitblit-jaxrs' into develop
-----------------------------------------------------------------

Merge commit 218 is -> 
{ 55c049f3e4826954b736308f6660dfe0a01448f8 is a merge commit
---> Commit message - Merge pull request #246 from svenkubiak/develop

Organized imports in ninja-core
-----------------------------------------------------------------

Merge commit 219 is -> 
{ 3617df99fd73f613282b7dd47a80f307c079dbfd is a merge commit
---> Commit message - Merge pull request #249 from svenkubiak/develop

organized imports in all projects
-----------------------------------------------------------------

Merge commit 220 is -> 
{ 60572c1ab6ab990fef1400308c8d596bbc21c5a9 is a merge commit
---> Commit message - Merge pull request #250 from svenkubiak/develop

updated changelog.md
-----------------------------------------------------------------

Merge commit 221 is -> 
{ 625d4090f2dacb0dd73a3484badcee3d32eca698 is a merge commit
---> Commit message - Merge remote-tracking branch 'upstream/develop' into develop
-----------------------------------------------------------------

Merge commit 222 is -> 
{ 4226a781a68883fdbd826bfb84d7e580f44ab83c is a merge commit
---> Commit message - Merge branch 'develop' of github.com:ninjaframework/ninja into issue-188

Conflicts:
	ninja-core/src/site/markdown/developer/changelog.md
-----------------------------------------------------------------

Merge commit 223 is -> 
{ 19df1fe6a4fa624688ed4e432ae6a8b2437b6ad3 is a merge commit
---> Commit message - Merge pull request #247 from bazi/issue-188

Fixed issue #188
-----------------------------------------------------------------

Merge commit 224 is -> 
{ 4822313be53cbf470ed6cb29b5b049b2078a9e67 is a merge commit
---> Commit message - Merge remote-tracking branch 'upstream/develop' into develop

Conflicts:
	ninja-core/src/site/markdown/developer/changelog.md
-----------------------------------------------------------------

Merge commit 225 is -> 
{ 38d291dec8327f3e546395e867fcef7b367eb341 is a merge commit
---> Commit message - Merge branch 'lukaseichler-develop' into develop

Conflicts:
	ninja-core/src/site/markdown/developer/changelog.md
-----------------------------------------------------------------

Merge commit 226 is -> 
{ be5fb4132fe13d9334e2387cd1adcba621c1051e is a merge commit
---> Commit message - Merge pull request #251 from svenkubiak/develop

Bumped version in archetypes
-----------------------------------------------------------------

Merge commit 227 is -> 
{ 4eef7d34f99ac90558ba01a54391f9b5af576672 is a merge commit
---> Commit message - Merge pull request #252 from lukaseichler/develop

updated constant name in documentation
-----------------------------------------------------------------

