# of reverts = 59
Revert diff pair 1 is -> 
{ 454691ecfb5011262c88f9fd92ececa39db92bc7 -> 39161c19605ca009de9824e86089ed386aef53ae } is a revert
{ 39161c19605ca009de9824e86089ed386aef53ae -> eeba4edf2436f54ea8d93c444d075c90e58d1712 }
Revert commits SHA are -> 
39161c19605ca009de9824e86089ed386aef53ae - revert - eeba4edf2436f54ea8d93c444d075c90e58d1712
The reverted commit sha is - 39161c19605ca009de9824e86089ed386aef53ae
Commit message - Switched to 2.0-SNAPSHOT again
The original commit sha is - eeba4edf2436f54ea8d93c444d075c90e58d1712
Commit message - Revert "Switched to 2.0-SNAPSHOT again"

This reverts commit 39161c19605ca009de9824e86089ed386aef53ae.
-----------------------------------------------------------------

Revert diff pair 2 is -> 
{ d54501488c9b2a429238b32433fe9df58e0f2a68 -> 5f9f65023fefc4ad34ee49bf2e813e80a83dbaaf } is a revert
{ 6b0520297f2cc0631dbc48f7055d3ca4c5b82637 -> 7b2faa805215db5ad9f28ff44f4d6c67753653ca }
Revert commits SHA are -> 
5f9f65023fefc4ad34ee49bf2e813e80a83dbaaf - revert - 7b2faa805215db5ad9f28ff44f4d6c67753653ca
The reverted commit sha is - 5f9f65023fefc4ad34ee49bf2e813e80a83dbaaf
Commit message - fixed bug on metadata reload
The original commit sha is - 7b2faa805215db5ad9f28ff44f4d6c67753653ca
Commit message - Merge branch 'develop' of github.com:orientechnologies/orientdb into develop
-----------------------------------------------------------------

Revert diff pair 3 is -> 
{ 4c0d7eab2f2783b0e88f44e1e1cc6a675e42f609 -> 0ccb6d13fcd9cc2ae829be80fd7cf09b65567062 } is a revert
{ 8ee3324cc796348d11afc0ea3574ab24786ffec0 -> 753b0521618ccc6caab3f689fbee092b429a5e0c }
Revert commits SHA are -> 
0ccb6d13fcd9cc2ae829be80fd7cf09b65567062 - revert - 753b0521618ccc6caab3f689fbee092b429a5e0c
The reverted commit sha is - 0ccb6d13fcd9cc2ae829be80fd7cf09b65567062
Commit message - create map value conversion test. issue #2995
The original commit sha is - 753b0521618ccc6caab3f689fbee092b429a5e0c
Commit message - Revert "create map value conversion test. issue #2995, wrong comment with wrong code."

This reverts commit 0ccb6d13fcd9cc2ae829be80fd7cf09b65567062.
-----------------------------------------------------------------

Revert diff pair 4 is -> 
{ 729a5d8c9df862f7ca5a0e99708252a2c20d5fef -> 5d236155b723964361929a7387e0a39bd931d9da } is a revert
{ 21e91b5ea9eb7d2297ea8b4c65935b090981ac8b -> abbaa62fb5658a7702cdefacb2e92d8cb2da78c7 }
Revert commits SHA are -> 
5d236155b723964361929a7387e0a39bd931d9da - revert - abbaa62fb5658a7702cdefacb2e92d8cb2da78c7
The reverted commit sha is - 5d236155b723964361929a7387e0a39bd931d9da
Commit message - Merge pull request #2817 from PhantomYdn/fix-findbugs-issues

Fixing of bugs according to FindBug report
The original commit sha is - abbaa62fb5658a7702cdefacb2e92d8cb2da78c7
Commit message - Merge branch 'develop' of github.com:orientechnologies/orientdb into develop
-----------------------------------------------------------------

Revert diff pair 5 is -> 
{ e28c09343f1a9f9ae025a4a8542d8378a2275f0b -> f519aec853378a09960a38307e67ad4cfbda80b7 } is a revert
{ e2ee58d89c5fbfebd710de72f2f63709b8907f40 -> 283db3c5c9f795ced5e7b118b1ef553a6aa3556a }
Revert commits SHA are -> 
f519aec853378a09960a38307e67ad4cfbda80b7 - revert - 283db3c5c9f795ced5e7b118b1ef553a6aa3556a
The reverted commit sha is - f519aec853378a09960a38307e67ad4cfbda80b7
Commit message - New NoCache intent to disable cache
The original commit sha is - 283db3c5c9f795ced5e7b118b1ef553a6aa3556a
Commit message - added studio-2.0
-----------------------------------------------------------------

Revert diff pair 6 is -> 
{ 28f0214af7bbf959601cdab7f440d84eb34f3ef1 -> 00cc3ba08780a96c7601c797b1951a097eee3432 } is a revert
{ 58fdab24b5e8442b0989231d1cf4a570fc89e4d2 -> 0d8ab2ec10a51c2f1b487943d3871a9ab4954c61 }
Revert commits SHA are -> 
00cc3ba08780a96c7601c797b1951a097eee3432 - revert - 0d8ab2ec10a51c2f1b487943d3871a9ab4954c61
The reverted commit sha is - 00cc3ba08780a96c7601c797b1951a097eee3432
Commit message - Changed contract to OCollection and RidBag remove() to return boolean
The original commit sha is - 0d8ab2ec10a51c2f1b487943d3871a9ab4954c61
Commit message - Revert "Changed contract to OCollection and RidBag remove() to return boolean"

This reverts commit dc858b9f79c5a4306e86bd6c707eb27ee8b0be57.
-----------------------------------------------------------------

Revert diff pair 7 is -> 
{ ec4839e3d1bc6da373a2bd6f854f3387420b495c -> 853caabb79e8e49ccdc3b8228d5af0432913a23e } is a revert
{ 853caabb79e8e49ccdc3b8228d5af0432913a23e -> ec504e51a748c009ed96220e723dbd3a9f98ea1b }
Revert commits SHA are -> 
853caabb79e8e49ccdc3b8228d5af0432913a23e - revert - ec504e51a748c009ed96220e723dbd3a9f98ea1b
The reverted commit sha is - 853caabb79e8e49ccdc3b8228d5af0432913a23e
Commit message - fixed bug on serialization of vertex as value of property, issue #2761
The original commit sha is - ec504e51a748c009ed96220e723dbd3a9f98ea1b
Commit message - added test case for issue #1760, minor cleanup
-----------------------------------------------------------------

Revert diff pair 8 is -> 
{ ccdfde29214417d532bef0d4f357f1fbbc96114e -> 7f378a7fedfb5351befce989c949f789f55c0b58 } is a revert
{ 6ea4b23d17afa6555d05a901247ad91c3db23d96 -> 067c0db1115c31bd4127d91d4b06eab56bf77aa6 }
Revert commits SHA are -> 
7f378a7fedfb5351befce989c949f789f55c0b58 - revert - 067c0db1115c31bd4127d91d4b06eab56bf77aa6
The reverted commit sha is - 7f378a7fedfb5351befce989c949f789f55c0b58
Commit message - Removed unnecessary check
The original commit sha is - 067c0db1115c31bd4127d91d4b06eab56bf77aa6
Commit message - Restored save of record in embeddedridbag
-----------------------------------------------------------------

Revert diff pair 9 is -> 
{ f5f5c4afa3c1e535603ed03fc0ba57cf05399724 -> f216228ec73a8d289a95229158a0f55dfc38488d } is a revert
{ 471c6964f7675f88042f0c81353d1988015208e5 -> 787bb6d3b5c9764204caf13600a4a33a31679219 }
Revert commits SHA are -> 
f216228ec73a8d289a95229158a0f55dfc38488d - revert - 787bb6d3b5c9764204caf13600a4a33a31679219
The reverted commit sha is - f216228ec73a8d289a95229158a0f55dfc38488d
Commit message - Merge remote-tracking branch 'origin/develop' into develop
The original commit sha is - 787bb6d3b5c9764204caf13600a4a33a31679219
Commit message - Merge branch 'develop' of github.com:orientechnologies/orientdb into develop
-----------------------------------------------------------------

Revert diff pair 10 is -> 
{ e1bcaa930b98398cd4a6982a3c979aff4f0e9aaa -> 3a1082d72003dfda2c6ee56b7ca6580795b5dd67 } is a revert
{ a000d66d72575c9b21548fdad9d7ae2e04072cce -> ae455c2138707c4f5da3598f81c01a0d91cd7e19 }
Revert commits SHA are -> 
3a1082d72003dfda2c6ee56b7ca6580795b5dd67 - revert - ae455c2138707c4f5da3598f81c01a0d91cd7e19
The reverted commit sha is - 3a1082d72003dfda2c6ee56b7ca6580795b5dd67
Commit message - Revert "Fixed issue #2388"

This reverts commit c2a8d96573e0eaad5a1c22be4f7baccae27916be.
The original commit sha is - ae455c2138707c4f5da3598f81c01a0d91cd7e19
Commit message - Revert "Revert "Fixed issue #2388""

This reverts commit 3a1082d72003dfda2c6ee56b7ca6580795b5dd67.
-----------------------------------------------------------------

Revert diff pair 11 is -> 
{ 7558ece542ad4c3dc8cb651b5f705d3bdac76e24 -> e1bcaa930b98398cd4a6982a3c979aff4f0e9aaa } is a revert
{ d2260cb63e8618886ffcb5c9d1774c788caded15 -> a000d66d72575c9b21548fdad9d7ae2e04072cce }
Revert commits SHA are -> 
e1bcaa930b98398cd4a6982a3c979aff4f0e9aaa - revert - a000d66d72575c9b21548fdad9d7ae2e04072cce
The reverted commit sha is - e1bcaa930b98398cd4a6982a3c979aff4f0e9aaa
Commit message - Revert "Fixed issue #2342"

This reverts commit b0cdb77949bc328522a722ad76654aed87e8296e.
The original commit sha is - a000d66d72575c9b21548fdad9d7ae2e04072cce
Commit message - Revert "Revert "Fixed issue #2342""

This reverts commit e1bcaa930b98398cd4a6982a3c979aff4f0e9aaa.
-----------------------------------------------------------------

Revert diff pair 12 is -> 
{ b0cdb77949bc328522a722ad76654aed87e8296e -> c2a8d96573e0eaad5a1c22be4f7baccae27916be } is a revert
{ e1bcaa930b98398cd4a6982a3c979aff4f0e9aaa -> 3a1082d72003dfda2c6ee56b7ca6580795b5dd67 }
Revert commits SHA are -> 
c2a8d96573e0eaad5a1c22be4f7baccae27916be - revert - 3a1082d72003dfda2c6ee56b7ca6580795b5dd67
The reverted commit sha is - c2a8d96573e0eaad5a1c22be4f7baccae27916be
Commit message - Fixed issue #2388
The original commit sha is - 3a1082d72003dfda2c6ee56b7ca6580795b5dd67
Commit message - Revert "Fixed issue #2388"

This reverts commit c2a8d96573e0eaad5a1c22be4f7baccae27916be.
-----------------------------------------------------------------

Revert diff pair 13 is -> 
{ 6fa84e2c61c5b8c6e5de7a8db97f56ddb72acb4e -> f4f8c03a4e5d3b98d6d75a24f3632b318f45cab9 } is a revert
{ f4f8c03a4e5d3b98d6d75a24f3632b318f45cab9 -> bbf812c4ecf97f1c4b871f3109e884a086bdf6e4 }
Revert commits SHA are -> 
f4f8c03a4e5d3b98d6d75a24f3632b318f45cab9 - revert - bbf812c4ecf97f1c4b871f3109e884a086bdf6e4
The reverted commit sha is - f4f8c03a4e5d3b98d6d75a24f3632b318f45cab9
Commit message - #2319 UPDATE RETURN <expression> syntax
The original commit sha is - bbf812c4ecf97f1c4b871f3109e884a086bdf6e4
Commit message - Merge pull request #2324 from lloydchang/develop

concurrency: Remove acquireExclusiveLock
-----------------------------------------------------------------

Revert diff pair 14 is -> 
{ 5179ddf0afe0cdcfc0db7878c5e74d51984d9c9a -> ca90cf4679f74278927caa635b06f1f589c5743e } is a revert
{ bfb6ecde65035b17a879542432975851a20051ef -> fa715714cb99520f9b0d89ed168212526be002ce }
Revert commits SHA are -> 
ca90cf4679f74278927caa635b06f1f589c5743e - revert - fa715714cb99520f9b0d89ed168212526be002ce
The reverted commit sha is - ca90cf4679f74278927caa635b06f1f589c5743e
Commit message - Revert "Improved creation of class from remote"

This reverts commit 434e00d769a3ae05fc5899690a0089d941d809c4.
The original commit sha is - fa715714cb99520f9b0d89ed168212526be002ce
Commit message - Revert "Revert "Improved creation of class from remote""

This reverts commit ca90cf4679f74278927caa635b06f1f589c5743e.
-----------------------------------------------------------------

Revert diff pair 15 is -> 
{ ca90cf4679f74278927caa635b06f1f589c5743e -> 7ff19dbfc41d7bccca40ea050b96938947f1e858 } is a revert
{ 7ff19dbfc41d7bccca40ea050b96938947f1e858 -> bfb6ecde65035b17a879542432975851a20051ef }
Revert commits SHA are -> 
7ff19dbfc41d7bccca40ea050b96938947f1e858 - revert - bfb6ecde65035b17a879542432975851a20051ef
The reverted commit sha is - 7ff19dbfc41d7bccca40ea050b96938947f1e858
Commit message - Revert "Added OClass.addCluster() + Fixed distributed schema management"

This reverts commit af18d41e352332e32702f9458e620930f6342a24.
The original commit sha is - bfb6ecde65035b17a879542432975851a20051ef
Commit message - Revert "Revert "Added OClass.addCluster() + Fixed distributed schema management""

This reverts commit 7ff19dbfc41d7bccca40ea050b96938947f1e858.
-----------------------------------------------------------------

Revert diff pair 16 is -> 
{ a8780cb6011db15dc84c3c604474a44319c0c1e7 -> af18d41e352332e32702f9458e620930f6342a24 } is a revert
{ ca90cf4679f74278927caa635b06f1f589c5743e -> 7ff19dbfc41d7bccca40ea050b96938947f1e858 }
Revert commits SHA are -> 
af18d41e352332e32702f9458e620930f6342a24 - revert - 7ff19dbfc41d7bccca40ea050b96938947f1e858
The reverted commit sha is - af18d41e352332e32702f9458e620930f6342a24
Commit message - Added OClass.addCluster() + Fixed distributed schema management
The original commit sha is - 7ff19dbfc41d7bccca40ea050b96938947f1e858
Commit message - Revert "Added OClass.addCluster() + Fixed distributed schema management"

This reverts commit af18d41e352332e32702f9458e620930f6342a24.
-----------------------------------------------------------------

Revert diff pair 17 is -> 
{ 9868f26c33824f7e7bf806a41878f47ec68d7553 -> 434e00d769a3ae05fc5899690a0089d941d809c4 } is a revert
{ 5179ddf0afe0cdcfc0db7878c5e74d51984d9c9a -> ca90cf4679f74278927caa635b06f1f589c5743e }
Revert commits SHA are -> 
434e00d769a3ae05fc5899690a0089d941d809c4 - revert - ca90cf4679f74278927caa635b06f1f589c5743e
The reverted commit sha is - 434e00d769a3ae05fc5899690a0089d941d809c4
Commit message - Improved creation of class from remote

class+cluster are created at the server side with just 1 call
The original commit sha is - ca90cf4679f74278927caa635b06f1f589c5743e
Commit message - Revert "Improved creation of class from remote"

This reverts commit 434e00d769a3ae05fc5899690a0089d941d809c4.
-----------------------------------------------------------------

Revert diff pair 18 is -> 
{ 8cd5d53750aa8c4f6bd67e1cb521c60f36539cc6 -> a390bb7ffe5471d1ee4a2b1991c0ea0c156050e6 } is a revert
{ 73a88646238d2fb18d2a5b6a5b8f570ea8667216 -> 52b829d702aa1f313691f9407af2e6d6325ba81d }
Revert commits SHA are -> 
a390bb7ffe5471d1ee4a2b1991c0ea0c156050e6 - revert - 52b829d702aa1f313691f9407af2e6d6325ba81d
The reverted commit sha is - a390bb7ffe5471d1ee4a2b1991c0ea0c156050e6
Commit message - Restored missed file in 1.6.2
The original commit sha is - 52b829d702aa1f313691f9407af2e6d6325ba81d
Commit message - Merge branch 'hotfix-1.6.3' into develop
-----------------------------------------------------------------

Revert diff pair 19 is -> 
{ 87616ec8333a32643f1284ea3263513715035b74 -> 6eb54d5577fef60be144d0b856834619d5721b15 } is a revert
{ 484edfdbe2c74ce06cd844923f298cca5cc82d9b -> a435f381e0e5a705ebfe02889864a44dfdc708d8 }
Revert commits SHA are -> 
6eb54d5577fef60be144d0b856834619d5721b15 - revert - a435f381e0e5a705ebfe02889864a44dfdc708d8
The reverted commit sha is - 6eb54d5577fef60be144d0b856834619d5721b15
Commit message - Fixed recent mistake on refactoring of wal classes
The original commit sha is - a435f381e0e5a705ebfe02889864a44dfdc708d8
Commit message - Fixed bug on managind DATE types: before to truncate HH, MM, SS and SSS the database's calendar is got
-----------------------------------------------------------------

Revert diff pair 20 is -> 
{ b47b377b06f2cf302c8f821a2f9949ca4dac7f2c -> 9974e7eb57ec16166b155e20ec2dd7bde73416e3 } is a revert
{ b2a6d88331ab8a7bf2cb3a0ee98764f70d4ca1a4 -> 87616ec8333a32643f1284ea3263513715035b74 }
Revert commits SHA are -> 
9974e7eb57ec16166b155e20ec2dd7bde73416e3 - revert - 87616ec8333a32643f1284ea3263513715035b74
The reverted commit sha is - 9974e7eb57ec16166b155e20ec2dd7bde73416e3
Commit message - Removed duplication of code on WAL records (class smaller and no duplication of lsn), small reduction of code on writing to binary serializer
The original commit sha is - 87616ec8333a32643f1284ea3263513715035b74
Commit message - Fixed problem on Hazelcast shutdown reported on https://github.com/orientechnologies/orientdb/commit/119425159d1a92d43da1a26816dababde18e8558#commitcomment-4842814
-----------------------------------------------------------------

Revert diff pair 21 is -> 
{ 971cc57d03a4ce469e045a4ee3f13db002d40ac7 -> 860a251c41c869861d307ff549fe871cdf196991 } is a revert
{ 860a251c41c869861d307ff549fe871cdf196991 -> 44874215302301f949d9c622e99a7274c7d6dd27 }
Revert commits SHA are -> 
860a251c41c869861d307ff549fe871cdf196991 - revert - 44874215302301f949d9c622e99a7274c7d6dd27
The reverted commit sha is - 860a251c41c869861d307ff549fe871cdf196991
Commit message - Remove this.db = database
The original commit sha is - 44874215302301f949d9c622e99a7274c7d6dd27
Commit message - put back line this.db = database;

Because OScheduler is running is separate threads. Pass the database object from the main thread which database initially created.

Each OScheduler thread holds a separate schedule job. The database will be set to its own thread in run function :
ODatabaseRecordThreadLocal.INSTANCE.set(db);
-----------------------------------------------------------------

Revert diff pair 22 is -> 
{ 0a8b5395b02484e5099f9978a21770a8cf1dcefe -> fa2f6a2ddbac783500e17533cf2a62e129928a12 } is a revert
{ fa2f6a2ddbac783500e17533cf2a62e129928a12 -> fedd42e8ccfd5f7853d81d905a64d5b8d436eba0 }
Revert commits SHA are -> 
fa2f6a2ddbac783500e17533cf2a62e129928a12 - revert - fedd42e8ccfd5f7853d81d905a64d5b8d436eba0
The reverted commit sha is - fa2f6a2ddbac783500e17533cf2a62e129928a12
Commit message - Merge remote-tracking branch 'nuvolabase/develop' into develop
The original commit sha is - fedd42e8ccfd5f7853d81d905a64d5b8d436eba0
Commit message - Merge branch 'bugfixing-02-09-13' into develop
-----------------------------------------------------------------

Revert diff pair 23 is -> 
{ 7e31bc085329727a6c1dbe1416d77101815f12a4 -> 57a515f4e74c0b069bf25b7068889ffe888ecef3 } is a revert
{ 0060b1e4666809ee59fabf03245afbdc4742a9ba -> 5341ddeb28a0cd818a8cd1c6d5cee3d212d073c2 }
Revert commits SHA are -> 
57a515f4e74c0b069bf25b7068889ffe888ecef3 - revert - 5341ddeb28a0cd818a8cd1c6d5cee3d212d073c2
The reverted commit sha is - 57a515f4e74c0b069bf25b7068889ffe888ecef3
Commit message - Merge branch 'issue1591' into hotfix-1.5.1
The original commit sha is - 5341ddeb28a0cd818a8cd1c6d5cee3d212d073c2
Commit message - Restored version 1.6.0-SNAPSHOT on develop branch
-----------------------------------------------------------------

Revert diff pair 24 is -> 
{ 94a8b86b40aa774f7e4eb43c9447d4686020144e -> 3cfb7aad93ad4dba56e5493e0c27513e0ec46b89 } is a revert
{ 7e31bc085329727a6c1dbe1416d77101815f12a4 -> 57a515f4e74c0b069bf25b7068889ffe888ecef3 }
Revert commits SHA are -> 
3cfb7aad93ad4dba56e5493e0c27513e0ec46b89 - revert - 57a515f4e74c0b069bf25b7068889ffe888ecef3
The reverted commit sha is - 3cfb7aad93ad4dba56e5493e0c27513e0ec46b89
Commit message - Transactions now cache reads too. This prevent to have multiple instances inside the same tx of read records
The original commit sha is - 57a515f4e74c0b069bf25b7068889ffe888ecef3
Commit message - Merge branch 'issue1591' into hotfix-1.5.1
-----------------------------------------------------------------

Revert diff pair 25 is -> 
{ 0816ff8198e865e4311f01f2ad05bbc59126cfa6 -> cf94572abdc37d5036dbd862b9604ac58842f183 } is a revert
{ 7e31bc085329727a6c1dbe1416d77101815f12a4 -> 57a515f4e74c0b069bf25b7068889ffe888ecef3 }
Revert commits SHA are -> 
cf94572abdc37d5036dbd862b9604ac58842f183 - revert - 57a515f4e74c0b069bf25b7068889ffe888ecef3
The reverted commit sha is - cf94572abdc37d5036dbd862b9604ac58842f183
Commit message - Updated Hazelcast to the official 3.0
The original commit sha is - 57a515f4e74c0b069bf25b7068889ffe888ecef3
Commit message - Merge branch 'issue1591' into hotfix-1.5.1
-----------------------------------------------------------------

Revert diff pair 26 is -> 
{ 04fc345710e113cfd3ca8f7cd58f2e0e5cbda23a -> 6837897b5dcf517ac213f88b345584560124429a } is a revert
{ 92d2db873a75a41773f58c106cebeb67f908650b -> 98dc361b1a7a29b25f73f60b535822ad90833463 }
Revert commits SHA are -> 
6837897b5dcf517ac213f88b345584560124429a - revert - 98dc361b1a7a29b25f73f60b535822ad90833463
The reverted commit sha is - 6837897b5dcf517ac213f88b345584560124429a
Commit message - changed configuration for support sonatype relase
The original commit sha is - 98dc361b1a7a29b25f73f60b535822ad90833463
Commit message - Revert "Merge pull request #1527 from tglman/hotfix-1.4.1"

This reverts commit 92d2db873a75a41773f58c106cebeb67f908650b, reversing
changes made to 04fc345710e113cfd3ca8f7cd58f2e0e5cbda23a.
-----------------------------------------------------------------

Revert diff pair 27 is -> 
{ d6630a77770789396658fce7dc1e9700e9ef2ccc -> 278fe9eaa8a78f999cc62c860edae83cdbcd96fc } is a revert
{ 2400ef4f5003fb51696e6a8bf570549280a042a0 -> e3001d89d59d3158252a50df4b526b225458bb82 }
Revert commits SHA are -> 
278fe9eaa8a78f999cc62c860edae83cdbcd96fc - revert - e3001d89d59d3158252a50df4b526b225458bb82
The reverted commit sha is - 278fe9eaa8a78f999cc62c860edae83cdbcd96fc
Commit message - Merge pull request #1435 from scenari/master

 Fix issue #1431 (Tx and NoTx used concurrently)
The original commit sha is - e3001d89d59d3158252a50df4b526b225458bb82
Commit message - Revert "Fix issue #1431 (Tx and NoTx used concurrently)"

This reverts commit f1c28586d4b714ecb9fbc6ac04908252aa54ccfc.
-----------------------------------------------------------------

Revert diff pair 28 is -> 
{ 608b53e8e31eee6493860d27766dee69866ce370 -> 61e1c5111f477081338f38b6e69a7e8c40ba1e7f } is a revert
{ 61e1c5111f477081338f38b6e69a7e8c40ba1e7f -> 0b5541801432c5efb8e7e03a3b0996cd25ec50e3 }
Revert commits SHA are -> 
61e1c5111f477081338f38b6e69a7e8c40ba1e7f - revert - 0b5541801432c5efb8e7e03a3b0996cd25ec50e3
The reverted commit sha is - 61e1c5111f477081338f38b6e69a7e8c40ba1e7f
Commit message - Fix wrong imports
The original commit sha is - 0b5541801432c5efb8e7e03a3b0996cd25ec50e3
Commit message - Merge pull request #1426 from logart/master

Fix for concurrent cache test
-----------------------------------------------------------------

Revert diff pair 29 is -> 
{ 958bb4e1061550c3d3a98be3aaa7bb2286b306c4 -> 28548db57d472da31fc575ed1f63be034a2b031f } is a revert
{ 28548db57d472da31fc575ed1f63be034a2b031f -> d18e2bbe00834efd4f6ba9856dec94322e27413f }
Revert commits SHA are -> 
28548db57d472da31fc575ed1f63be034a2b031f - revert - d18e2bbe00834efd4f6ba9856dec94322e27413f
The reverted commit sha is - 28548db57d472da31fc575ed1f63be034a2b031f
Commit message - OPLA: improved performance with variable management (avoiding copy for most of the cases)
The original commit sha is - d18e2bbe00834efd4f6ba9856dec94322e27413f
Commit message - Revert "OPLA: improved performance with variable management (avoiding copy for most of the cases)"

This reverts commit 28548db57d472da31fc575ed1f63be034a2b031f.
-----------------------------------------------------------------

Revert diff pair 30 is -> 
{ 3a2919dd03f0b62832d3d00b22491a5b4f19b7cb -> e1b2b818d1c70cc2b0a806e71a008d59272346a2 } is a revert
{ e1b2b818d1c70cc2b0a806e71a008d59272346a2 -> 408896fdb22163fe6ad4f5f55176f3ea07da41f1 }
Revert commits SHA are -> 
e1b2b818d1c70cc2b0a806e71a008d59272346a2 - revert - 408896fdb22163fe6ad4f5f55176f3ea07da41f1
The reverted commit sha is - e1b2b818d1c70cc2b0a806e71a008d59272346a2
Commit message - Update server/src/site/js/orientdb-api.js

Explictly set basic Auth headers as these are sometimes not set automatically
The original commit sha is - 408896fdb22163fe6ad4f5f55176f3ea07da41f1
Commit message - return RESULT instead of boolean
-----------------------------------------------------------------

Revert diff pair 31 is -> 
{ 570c167ae19a41be039276639b247e5c827ca461 -> 0c806057e39e942fab0e4c170cf4a8151668686e } is a revert
{ 0c806057e39e942fab0e4c170cf4a8151668686e -> 2cbbfd76c80df534a6eb468786c146330c94678a }
Revert commits SHA are -> 
0c806057e39e942fab0e4c170cf4a8151668686e - revert - 2cbbfd76c80df534a6eb468786c146330c94678a
The reverted commit sha is - 0c806057e39e942fab0e4c170cf4a8151668686e
Commit message - Revert "Revert "Improved flatten and usage of memory in SELECT by using iterators rather than collections""

This reverts commit fe77b5d5ba92f046f955b7627f9b50f4218a5858.
The original commit sha is - 2cbbfd76c80df534a6eb468786c146330c94678a
Commit message - Merge branch 'master' of https://github.com/nuvolabase/orientdb
-----------------------------------------------------------------

Revert diff pair 32 is -> 
{ db0bba5e54601f3acfdfd560c4445ddda4cc1b1d -> f7b0a93cf6788e821445a65cacd3e4560eff38d8 } is a revert
{ 555750d8e585ac3e2e76f7340f2e4f5a7f8e744c -> 8a674e5d5cc2a1a503ff77eee0c88b936b246e4d }
Revert commits SHA are -> 
f7b0a93cf6788e821445a65cacd3e4560eff38d8 - revert - 8a674e5d5cc2a1a503ff77eee0c88b936b246e4d
The reverted commit sha is - f7b0a93cf6788e821445a65cacd3e4560eff38d8
Commit message - Improved flatten and usage of memory in SELECT by using iterators rather than collections
The original commit sha is - 8a674e5d5cc2a1a503ff77eee0c88b936b246e4d
Commit message - Revert "Revert "Revert "Revert "Revert "Revert "Revert "Improved flatten and usage of memory in SELECT by using iterators rather than collections"""""""

This reverts commit ed5aa8d53111ccd26f99c75a148698587d074c15.
-----------------------------------------------------------------

Revert diff pair 33 is -> 
{ fe77b5d5ba92f046f955b7627f9b50f4218a5858 -> dfd06ef4ec4fa955fdfe1e122eae39ea670fad89 } is a revert
{ 555750d8e585ac3e2e76f7340f2e4f5a7f8e744c -> 8a674e5d5cc2a1a503ff77eee0c88b936b246e4d }
Revert commits SHA are -> 
dfd06ef4ec4fa955fdfe1e122eae39ea670fad89 - revert - 8a674e5d5cc2a1a503ff77eee0c88b936b246e4d
The reverted commit sha is - dfd06ef4ec4fa955fdfe1e122eae39ea670fad89
Commit message - Revert "Revert "Improved flatten and usage of memory in SELECT by using iterators rather than collections""

This reverts commit fe77b5d5ba92f046f955b7627f9b50f4218a5858.
The original commit sha is - 8a674e5d5cc2a1a503ff77eee0c88b936b246e4d
Commit message - Revert "Revert "Revert "Revert "Revert "Revert "Revert "Improved flatten and usage of memory in SELECT by using iterators rather than collections"""""""

This reverts commit ed5aa8d53111ccd26f99c75a148698587d074c15.
-----------------------------------------------------------------

Revert diff pair 34 is -> 
{ 62dd1b36b94edd66f76b0c4d2d33947607e7f80f -> 20fee58f9e23e0baa98313e1702a5f76e92b443f } is a revert
{ 555750d8e585ac3e2e76f7340f2e4f5a7f8e744c -> 8a674e5d5cc2a1a503ff77eee0c88b936b246e4d }
Revert commits SHA are -> 
20fee58f9e23e0baa98313e1702a5f76e92b443f - revert - 8a674e5d5cc2a1a503ff77eee0c88b936b246e4d
The reverted commit sha is - 20fee58f9e23e0baa98313e1702a5f76e92b443f
Commit message - Revert "Revert "Revert "Revert "Improved flatten and usage of memory in SELECT by using iterators rather than collections""""

This reverts commit 62dd1b36b94edd66f76b0c4d2d33947607e7f80f.
The original commit sha is - 8a674e5d5cc2a1a503ff77eee0c88b936b246e4d
Commit message - Revert "Revert "Revert "Revert "Revert "Revert "Revert "Improved flatten and usage of memory in SELECT by using iterators rather than collections"""""""

This reverts commit ed5aa8d53111ccd26f99c75a148698587d074c15.
-----------------------------------------------------------------

Revert diff pair 35 is -> 
{ 4fb5c44d6f72cc7563431a45ffc06c6a8daf1c16 -> ed5aa8d53111ccd26f99c75a148698587d074c15 } is a revert
{ 555750d8e585ac3e2e76f7340f2e4f5a7f8e744c -> 8a674e5d5cc2a1a503ff77eee0c88b936b246e4d }
Revert commits SHA are -> 
ed5aa8d53111ccd26f99c75a148698587d074c15 - revert - 8a674e5d5cc2a1a503ff77eee0c88b936b246e4d
The reverted commit sha is - ed5aa8d53111ccd26f99c75a148698587d074c15
Commit message - Revert "Revert "Revert "Revert "Revert "Revert "Improved flatten and usage of memory in SELECT by using iterators rather than collections""""""

This reverts commit 4fb5c44d6f72cc7563431a45ffc06c6a8daf1c16.
The original commit sha is - 8a674e5d5cc2a1a503ff77eee0c88b936b246e4d
Commit message - Revert "Revert "Revert "Revert "Revert "Revert "Revert "Improved flatten and usage of memory in SELECT by using iterators rather than collections"""""""

This reverts commit ed5aa8d53111ccd26f99c75a148698587d074c15.
-----------------------------------------------------------------

Revert diff pair 36 is -> 
{ f7b0a93cf6788e821445a65cacd3e4560eff38d8 -> fe77b5d5ba92f046f955b7627f9b50f4218a5858 } is a revert
{ 4fb5c44d6f72cc7563431a45ffc06c6a8daf1c16 -> ed5aa8d53111ccd26f99c75a148698587d074c15 }
Revert commits SHA are -> 
fe77b5d5ba92f046f955b7627f9b50f4218a5858 - revert - ed5aa8d53111ccd26f99c75a148698587d074c15
The reverted commit sha is - fe77b5d5ba92f046f955b7627f9b50f4218a5858
Commit message - Revert "Improved flatten and usage of memory in SELECT by using iterators rather than collections"

This reverts commit f7b0a93cf6788e821445a65cacd3e4560eff38d8.
The original commit sha is - ed5aa8d53111ccd26f99c75a148698587d074c15
Commit message - Revert "Revert "Revert "Revert "Revert "Revert "Improved flatten and usage of memory in SELECT by using iterators rather than collections""""""

This reverts commit 4fb5c44d6f72cc7563431a45ffc06c6a8daf1c16.
-----------------------------------------------------------------

Revert diff pair 37 is -> 
{ dfd06ef4ec4fa955fdfe1e122eae39ea670fad89 -> 62dd1b36b94edd66f76b0c4d2d33947607e7f80f } is a revert
{ 4fb5c44d6f72cc7563431a45ffc06c6a8daf1c16 -> ed5aa8d53111ccd26f99c75a148698587d074c15 }
Revert commits SHA are -> 
62dd1b36b94edd66f76b0c4d2d33947607e7f80f - revert - ed5aa8d53111ccd26f99c75a148698587d074c15
The reverted commit sha is - 62dd1b36b94edd66f76b0c4d2d33947607e7f80f
Commit message - Revert "Revert "Revert "Improved flatten and usage of memory in SELECT by using iterators rather than collections"""

This reverts commit dfd06ef4ec4fa955fdfe1e122eae39ea670fad89.
The original commit sha is - ed5aa8d53111ccd26f99c75a148698587d074c15
Commit message - Revert "Revert "Revert "Revert "Revert "Revert "Improved flatten and usage of memory in SELECT by using iterators rather than collections""""""

This reverts commit 4fb5c44d6f72cc7563431a45ffc06c6a8daf1c16.
-----------------------------------------------------------------

Revert diff pair 38 is -> 
{ 20fee58f9e23e0baa98313e1702a5f76e92b443f -> 4fb5c44d6f72cc7563431a45ffc06c6a8daf1c16 } is a revert
{ 4fb5c44d6f72cc7563431a45ffc06c6a8daf1c16 -> ed5aa8d53111ccd26f99c75a148698587d074c15 }
Revert commits SHA are -> 
4fb5c44d6f72cc7563431a45ffc06c6a8daf1c16 - revert - ed5aa8d53111ccd26f99c75a148698587d074c15
The reverted commit sha is - 4fb5c44d6f72cc7563431a45ffc06c6a8daf1c16
Commit message - Revert "Revert "Revert "Revert "Revert "Improved flatten and usage of memory in SELECT by using iterators rather than collections"""""

This reverts commit 20fee58f9e23e0baa98313e1702a5f76e92b443f.
The original commit sha is - ed5aa8d53111ccd26f99c75a148698587d074c15
Commit message - Revert "Revert "Revert "Revert "Revert "Revert "Improved flatten and usage of memory in SELECT by using iterators rather than collections""""""

This reverts commit 4fb5c44d6f72cc7563431a45ffc06c6a8daf1c16.
-----------------------------------------------------------------

Revert diff pair 39 is -> 
{ db0bba5e54601f3acfdfd560c4445ddda4cc1b1d -> f7b0a93cf6788e821445a65cacd3e4560eff38d8 } is a revert
{ 20fee58f9e23e0baa98313e1702a5f76e92b443f -> 4fb5c44d6f72cc7563431a45ffc06c6a8daf1c16 }
Revert commits SHA are -> 
f7b0a93cf6788e821445a65cacd3e4560eff38d8 - revert - 4fb5c44d6f72cc7563431a45ffc06c6a8daf1c16
The reverted commit sha is - f7b0a93cf6788e821445a65cacd3e4560eff38d8
Commit message - Improved flatten and usage of memory in SELECT by using iterators rather than collections
The original commit sha is - 4fb5c44d6f72cc7563431a45ffc06c6a8daf1c16
Commit message - Revert "Revert "Revert "Revert "Revert "Improved flatten and usage of memory in SELECT by using iterators rather than collections"""""

This reverts commit 20fee58f9e23e0baa98313e1702a5f76e92b443f.
-----------------------------------------------------------------

Revert diff pair 40 is -> 
{ fe77b5d5ba92f046f955b7627f9b50f4218a5858 -> dfd06ef4ec4fa955fdfe1e122eae39ea670fad89 } is a revert
{ 20fee58f9e23e0baa98313e1702a5f76e92b443f -> 4fb5c44d6f72cc7563431a45ffc06c6a8daf1c16 }
Revert commits SHA are -> 
dfd06ef4ec4fa955fdfe1e122eae39ea670fad89 - revert - 4fb5c44d6f72cc7563431a45ffc06c6a8daf1c16
The reverted commit sha is - dfd06ef4ec4fa955fdfe1e122eae39ea670fad89
Commit message - Revert "Revert "Improved flatten and usage of memory in SELECT by using iterators rather than collections""

This reverts commit fe77b5d5ba92f046f955b7627f9b50f4218a5858.
The original commit sha is - 4fb5c44d6f72cc7563431a45ffc06c6a8daf1c16
Commit message - Revert "Revert "Revert "Revert "Revert "Improved flatten and usage of memory in SELECT by using iterators rather than collections"""""

This reverts commit 20fee58f9e23e0baa98313e1702a5f76e92b443f.
-----------------------------------------------------------------

Revert diff pair 41 is -> 
{ 62dd1b36b94edd66f76b0c4d2d33947607e7f80f -> 20fee58f9e23e0baa98313e1702a5f76e92b443f } is a revert
{ 20fee58f9e23e0baa98313e1702a5f76e92b443f -> 4fb5c44d6f72cc7563431a45ffc06c6a8daf1c16 }
Revert commits SHA are -> 
20fee58f9e23e0baa98313e1702a5f76e92b443f - revert - 4fb5c44d6f72cc7563431a45ffc06c6a8daf1c16
The reverted commit sha is - 20fee58f9e23e0baa98313e1702a5f76e92b443f
Commit message - Revert "Revert "Revert "Revert "Improved flatten and usage of memory in SELECT by using iterators rather than collections""""

This reverts commit 62dd1b36b94edd66f76b0c4d2d33947607e7f80f.
The original commit sha is - 4fb5c44d6f72cc7563431a45ffc06c6a8daf1c16
Commit message - Revert "Revert "Revert "Revert "Revert "Improved flatten and usage of memory in SELECT by using iterators rather than collections"""""

This reverts commit 20fee58f9e23e0baa98313e1702a5f76e92b443f.
-----------------------------------------------------------------

Revert diff pair 42 is -> 
{ f7b0a93cf6788e821445a65cacd3e4560eff38d8 -> fe77b5d5ba92f046f955b7627f9b50f4218a5858 } is a revert
{ 62dd1b36b94edd66f76b0c4d2d33947607e7f80f -> 20fee58f9e23e0baa98313e1702a5f76e92b443f }
Revert commits SHA are -> 
fe77b5d5ba92f046f955b7627f9b50f4218a5858 - revert - 20fee58f9e23e0baa98313e1702a5f76e92b443f
The reverted commit sha is - fe77b5d5ba92f046f955b7627f9b50f4218a5858
Commit message - Revert "Improved flatten and usage of memory in SELECT by using iterators rather than collections"

This reverts commit f7b0a93cf6788e821445a65cacd3e4560eff38d8.
The original commit sha is - 20fee58f9e23e0baa98313e1702a5f76e92b443f
Commit message - Revert "Revert "Revert "Revert "Improved flatten and usage of memory in SELECT by using iterators rather than collections""""

This reverts commit 62dd1b36b94edd66f76b0c4d2d33947607e7f80f.
-----------------------------------------------------------------

Revert diff pair 43 is -> 
{ dfd06ef4ec4fa955fdfe1e122eae39ea670fad89 -> 62dd1b36b94edd66f76b0c4d2d33947607e7f80f } is a revert
{ 62dd1b36b94edd66f76b0c4d2d33947607e7f80f -> 20fee58f9e23e0baa98313e1702a5f76e92b443f }
Revert commits SHA are -> 
62dd1b36b94edd66f76b0c4d2d33947607e7f80f - revert - 20fee58f9e23e0baa98313e1702a5f76e92b443f
The reverted commit sha is - 62dd1b36b94edd66f76b0c4d2d33947607e7f80f
Commit message - Revert "Revert "Revert "Improved flatten and usage of memory in SELECT by using iterators rather than collections"""

This reverts commit dfd06ef4ec4fa955fdfe1e122eae39ea670fad89.
The original commit sha is - 20fee58f9e23e0baa98313e1702a5f76e92b443f
Commit message - Revert "Revert "Revert "Revert "Improved flatten and usage of memory in SELECT by using iterators rather than collections""""

This reverts commit 62dd1b36b94edd66f76b0c4d2d33947607e7f80f.
-----------------------------------------------------------------

Revert diff pair 44 is -> 
{ db0bba5e54601f3acfdfd560c4445ddda4cc1b1d -> f7b0a93cf6788e821445a65cacd3e4560eff38d8 } is a revert
{ dfd06ef4ec4fa955fdfe1e122eae39ea670fad89 -> 62dd1b36b94edd66f76b0c4d2d33947607e7f80f }
Revert commits SHA are -> 
f7b0a93cf6788e821445a65cacd3e4560eff38d8 - revert - 62dd1b36b94edd66f76b0c4d2d33947607e7f80f
The reverted commit sha is - f7b0a93cf6788e821445a65cacd3e4560eff38d8
Commit message - Improved flatten and usage of memory in SELECT by using iterators rather than collections
The original commit sha is - 62dd1b36b94edd66f76b0c4d2d33947607e7f80f
Commit message - Revert "Revert "Revert "Improved flatten and usage of memory in SELECT by using iterators rather than collections"""

This reverts commit dfd06ef4ec4fa955fdfe1e122eae39ea670fad89.
-----------------------------------------------------------------

Revert diff pair 45 is -> 
{ fe77b5d5ba92f046f955b7627f9b50f4218a5858 -> dfd06ef4ec4fa955fdfe1e122eae39ea670fad89 } is a revert
{ dfd06ef4ec4fa955fdfe1e122eae39ea670fad89 -> 62dd1b36b94edd66f76b0c4d2d33947607e7f80f }
Revert commits SHA are -> 
dfd06ef4ec4fa955fdfe1e122eae39ea670fad89 - revert - 62dd1b36b94edd66f76b0c4d2d33947607e7f80f
The reverted commit sha is - dfd06ef4ec4fa955fdfe1e122eae39ea670fad89
Commit message - Revert "Revert "Improved flatten and usage of memory in SELECT by using iterators rather than collections""

This reverts commit fe77b5d5ba92f046f955b7627f9b50f4218a5858.
The original commit sha is - 62dd1b36b94edd66f76b0c4d2d33947607e7f80f
Commit message - Revert "Revert "Revert "Improved flatten and usage of memory in SELECT by using iterators rather than collections"""

This reverts commit dfd06ef4ec4fa955fdfe1e122eae39ea670fad89.
-----------------------------------------------------------------

Revert diff pair 46 is -> 
{ f7b0a93cf6788e821445a65cacd3e4560eff38d8 -> fe77b5d5ba92f046f955b7627f9b50f4218a5858 } is a revert
{ fe77b5d5ba92f046f955b7627f9b50f4218a5858 -> dfd06ef4ec4fa955fdfe1e122eae39ea670fad89 }
Revert commits SHA are -> 
fe77b5d5ba92f046f955b7627f9b50f4218a5858 - revert - dfd06ef4ec4fa955fdfe1e122eae39ea670fad89
The reverted commit sha is - fe77b5d5ba92f046f955b7627f9b50f4218a5858
Commit message - Revert "Improved flatten and usage of memory in SELECT by using iterators rather than collections"

This reverts commit f7b0a93cf6788e821445a65cacd3e4560eff38d8.
The original commit sha is - dfd06ef4ec4fa955fdfe1e122eae39ea670fad89
Commit message - Revert "Revert "Improved flatten and usage of memory in SELECT by using iterators rather than collections""

This reverts commit fe77b5d5ba92f046f955b7627f9b50f4218a5858.
-----------------------------------------------------------------

Revert diff pair 47 is -> 
{ db0bba5e54601f3acfdfd560c4445ddda4cc1b1d -> f7b0a93cf6788e821445a65cacd3e4560eff38d8 } is a revert
{ f7b0a93cf6788e821445a65cacd3e4560eff38d8 -> fe77b5d5ba92f046f955b7627f9b50f4218a5858 }
Revert commits SHA are -> 
f7b0a93cf6788e821445a65cacd3e4560eff38d8 - revert - fe77b5d5ba92f046f955b7627f9b50f4218a5858
The reverted commit sha is - f7b0a93cf6788e821445a65cacd3e4560eff38d8
Commit message - Improved flatten and usage of memory in SELECT by using iterators rather than collections
The original commit sha is - fe77b5d5ba92f046f955b7627f9b50f4218a5858
Commit message - Revert "Improved flatten and usage of memory in SELECT by using iterators rather than collections"

This reverts commit f7b0a93cf6788e821445a65cacd3e4560eff38d8.
-----------------------------------------------------------------

Revert diff pair 48 is -> 
{ b7e7e323e8f5cdb4f7267ddeb288b95f212a554b -> af482758183f620ba36191691dd959dd04eece65 } is a revert
{ c2057f0083be8fa34d0fb5a6345bbfcbf4d44839 -> b14093433d3083ffb3df7b0b10782e0af442916a }
Revert commits SHA are -> 
af482758183f620ba36191691dd959dd04eece65 - revert - b14093433d3083ffb3df7b0b10782e0af442916a
The reverted commit sha is - af482758183f620ba36191691dd959dd04eece65
Commit message - Revert "Json: fixed map management"

This reverts commit 18bc2a730e9e57adc2febacc6606ba5c364868a7.
The original commit sha is - b14093433d3083ffb3df7b0b10782e0af442916a
Commit message - Json: fixed map management
-----------------------------------------------------------------

Revert diff pair 49 is -> 
{ d8b5411a45d1e6d698ee2255fd22fdd41a1995e3 -> b7e7e323e8f5cdb4f7267ddeb288b95f212a554b } is a revert
{ 9c87b64c910f7ff06557a3ed46aaa38c5eace1ab -> c2057f0083be8fa34d0fb5a6345bbfcbf4d44839 }
Revert commits SHA are -> 
b7e7e323e8f5cdb4f7267ddeb288b95f212a554b - revert - c2057f0083be8fa34d0fb5a6345bbfcbf4d44839
The reverted commit sha is - b7e7e323e8f5cdb4f7267ddeb288b95f212a554b
Commit message - Revert "Calculation of end position of cluster was fixed."

This reverts commit 48cce235809fbfab9eb0f1f2fbe7141c0095388d.
The original commit sha is - c2057f0083be8fa34d0fb5a6345bbfcbf4d44839
Commit message - Calculation of end position of cluster was fixed.
-----------------------------------------------------------------

Revert diff pair 50 is -> 
{ 8300103efe9ee256feb1822daf656b1e4f9c7723 -> 48cce235809fbfab9eb0f1f2fbe7141c0095388d } is a revert
{ d8b5411a45d1e6d698ee2255fd22fdd41a1995e3 -> b7e7e323e8f5cdb4f7267ddeb288b95f212a554b }
Revert commits SHA are -> 
48cce235809fbfab9eb0f1f2fbe7141c0095388d - revert - b7e7e323e8f5cdb4f7267ddeb288b95f212a554b
The reverted commit sha is - 48cce235809fbfab9eb0f1f2fbe7141c0095388d
Commit message - Calculation of end position of cluster was fixed.
The original commit sha is - b7e7e323e8f5cdb4f7267ddeb288b95f212a554b
Commit message - Revert "Calculation of end position of cluster was fixed."

This reverts commit 48cce235809fbfab9eb0f1f2fbe7141c0095388d.
-----------------------------------------------------------------

Revert diff pair 51 is -> 
{ f5fb0ff82f5db2635e5a36d487b15ec546561269 -> 9f1d35a4331614c0064d65b851c5704dca0a4ad2 } is a revert
{ 2afdd3b652afd92fcca8331cbd65feb949ae9085 -> 9fbfaaf5e7a9e2c540cf31d0048d1a8dd0a426e9 }
Revert commits SHA are -> 
9f1d35a4331614c0064d65b851c5704dca0a4ad2 - revert - 9fbfaaf5e7a9e2c540cf31d0048d1a8dd0a426e9
The reverted commit sha is - 9f1d35a4331614c0064d65b851c5704dca0a4ad2
Commit message - fix conflict
The original commit sha is - 9fbfaaf5e7a9e2c540cf31d0048d1a8dd0a426e9
Commit message - add OPhysicalPosition.java which accidently removed
-----------------------------------------------------------------

Revert diff pair 52 is -> 
{ 791ec7b463acc8e47aad218e12050d3b9c3ac5e0 -> fe2598edd66747106a8555c4f8102df0aea4b01e } is a revert
{ 596c63aaa033caeaf9451a32523c1b30e430c0cd -> 398b7b20619bc94d2b33ec424d23630aef91596a }
Revert commits SHA are -> 
fe2598edd66747106a8555c4f8102df0aea4b01e - revert - 398b7b20619bc94d2b33ec424d23630aef91596a
The reverted commit sha is - fe2598edd66747106a8555c4f8102df0aea4b01e
Commit message - flush before (re)loading OIndexManager to avoid losing uncommited data
The original commit sha is - 398b7b20619bc94d2b33ec424d23630aef91596a
Commit message - Reverted patch fe2598edd66747106a8555c4f8102df0aea4b01e by Maciek because caused a OOM during test cases
-----------------------------------------------------------------

Revert diff pair 53 is -> 
{ e40ccd057697511e886e312097685cfe4eeba65c -> fa89933af26e71a4c13fff52bc4f61a6b7092d96 } is a revert
{ fa89933af26e71a4c13fff52bc4f61a6b7092d96 -> 00a90ec6443246ba03904c89edfd96b3544e4013 }
Revert commits SHA are -> 
fa89933af26e71a4c13fff52bc4f61a6b7092d96 - revert - 00a90ec6443246ba03904c89edfd96b3544e4013
The reverted commit sha is - fa89933af26e71a4c13fff52bc4f61a6b7092d96
Commit message - Update core/src/main/java/com/orientechnologies/orient/core/sql/OCommandExecutorSQLSelect.java
The original commit sha is - 00a90ec6443246ba03904c89edfd96b3544e4013
Commit message - Merge pull request #1209 from logart/master

fixing memory linear hashing related problems and violations
-----------------------------------------------------------------

Revert diff pair 54 is -> 
{ 3a439ca36c094661d78f782dbe55b1313ebcd09c -> 9f9429bceeeee2ada78de32dda82c71b8d3b0da1 } is a revert
{ 9f9429bceeeee2ada78de32dda82c71b8d3b0da1 -> e55f0c688ada4b91fdcaab8b12f048710b2629a0 }
Revert commits SHA are -> 
9f9429bceeeee2ada78de32dda82c71b8d3b0da1 - revert - e55f0c688ada4b91fdcaab8b12f048710b2629a0
The reverted commit sha is - 9f9429bceeeee2ada78de32dda82c71b8d3b0da1
Commit message - Async channel lock was changed to be the fair lock.
The original commit sha is - e55f0c688ada4b91fdcaab8b12f048710b2629a0
Commit message - Async channel lock change to be the fair lock is reverted.
-----------------------------------------------------------------

Revert diff pair 55 is -> 
{ dc2e343b1ae3e9781b65da81879ab7fe4e0e8f2b -> a7cf00a8388c2ec591ac6be0e8ad03c66f3b7b3a } is a revert
{ 486aeb804b319cac9f8cb28881e0041b36c1e3ed -> 89d690a328bf34a4e8f09dc5e3e56f6824c16a2d }
Revert commits SHA are -> 
a7cf00a8388c2ec591ac6be0e8ad03c66f3b7b3a - revert - 89d690a328bf34a4e8f09dc5e3e56f6824c16a2d
The reverted commit sha is - a7cf00a8388c2ec591ac6be0e8ad03c66f3b7b3a
Commit message - [maven-release-plugin] prepare release 1.0rc9
The original commit sha is - 89d690a328bf34a4e8f09dc5e3e56f6824c16a2d
Commit message - [maven-release-plugin] prepare for next development iteration
-----------------------------------------------------------------

Revert diff pair 56 is -> 
{ dc2e343b1ae3e9781b65da81879ab7fe4e0e8f2b -> a7cf00a8388c2ec591ac6be0e8ad03c66f3b7b3a } is a revert
{ a7cf00a8388c2ec591ac6be0e8ad03c66f3b7b3a -> 1fb12fc3432b455ace165af2eb4c8b5d9a7f7b7c }
Revert commits SHA are -> 
a7cf00a8388c2ec591ac6be0e8ad03c66f3b7b3a - revert - 1fb12fc3432b455ace165af2eb4c8b5d9a7f7b7c
The reverted commit sha is - a7cf00a8388c2ec591ac6be0e8ad03c66f3b7b3a
Commit message - [maven-release-plugin] prepare release 1.0rc9
The original commit sha is - 1fb12fc3432b455ace165af2eb4c8b5d9a7f7b7c
Commit message - [maven-release-plugin] prepare for next development iteration
-----------------------------------------------------------------

Revert diff pair 57 is -> 
{ 85b4765401db7c59c389f954869c9ef1f62d07b2 -> 501f9b6939bc1680019048c5ea3e200ba3536660 } is a revert
{ dc2e343b1ae3e9781b65da81879ab7fe4e0e8f2b -> a7cf00a8388c2ec591ac6be0e8ad03c66f3b7b3a }
Revert commits SHA are -> 
501f9b6939bc1680019048c5ea3e200ba3536660 - revert - a7cf00a8388c2ec591ac6be0e8ad03c66f3b7b3a
The reverted commit sha is - 501f9b6939bc1680019048c5ea3e200ba3536660
Commit message - [maven-release-plugin] prepare for next development iteration
The original commit sha is - a7cf00a8388c2ec591ac6be0e8ad03c66f3b7b3a
Commit message - [maven-release-plugin] prepare release 1.0rc9
-----------------------------------------------------------------

Revert diff pair 58 is -> 
{ 00bdca32d6aa3728a293a81e3f6dfb93390d51c7 -> 212e287dab1523b85aacb2b661e5904ea3c7a966 } is a revert
{ 33f2a404dbca86c987d2e9c0b0171f653eb3f9ff -> 93c833fedfc6eece36785d5ccf9ecd4dcdb2d620 }
Revert commits SHA are -> 
212e287dab1523b85aacb2b661e5904ea3c7a966 - revert - 93c833fedfc6eece36785d5ccf9ecd4dcdb2d620
The reverted commit sha is - 212e287dab1523b85aacb2b661e5904ea3c7a966
Commit message - Disabled Level1 cache on server because some tests are broken
The original commit sha is - 93c833fedfc6eece36785d5ccf9ecd4dcdb2d620
Commit message - Enabled level1 cache on server to speedup Gremlin and Traverse operations
-----------------------------------------------------------------

Revert diff pair 59 is -> 
{ f733dc4f03e7e8564d1019c6bdf3cd35a9ae25ae -> 2626e17103f35a1e791b8f4e719b6074a614e2d6 } is a revert
{ 2626e17103f35a1e791b8f4e719b6074a614e2d6 -> 77f2a85acbbe1f4d2f38f9dcc6cc8b86c608db9a }
Revert commits SHA are -> 
2626e17103f35a1e791b8f4e719b6074a614e2d6 - revert - 77f2a85acbbe1f4d2f38f9dcc6cc8b86c608db9a
The reverted commit sha is - 2626e17103f35a1e791b8f4e719b6074a614e2d6
Commit message - Fix by Luca Molino to close issue 632
The original commit sha is - 77f2a85acbbe1f4d2f38f9dcc6cc8b86c608db9a
Commit message - Reverted last patch by Luca Molino since breaks test cases
-----------------------------------------------------------------

