# of cherry-picks = 23
Cherry-pick diff pair 1 is -> 
{ a1a24f3629985a72fa4979c8106b66043323613d -> 33a9029a89d5c7724f8d1b006b99508053af9e37 } is a cherrypick
{ c803877dd1e7a191fae3f2f5530fe0c269fd209f -> 67238951a8e3b03bac6d239be024777497817393 }
Cherrypick commits SHA are -> 
33a9029a89d5c7724f8d1b006b99508053af9e37 - cherrypick - 67238951a8e3b03bac6d239be024777497817393
---> The cherrypicked commit sha is - 33a9029a89d5c7724f8d1b006b99508053af9e37
Commit message - (#3010) - Disable ie while saucelabs is faily
---> The original commit sha is - 67238951a8e3b03bac6d239be024777497817393
Commit message - (#3010) - Disable ie again ...

This reverts commit 31a4840addb95cd079591a42a36ac17547bdba82.
-----------------------------------------------------------------

Cherry-pick diff pair 2 is -> 
{ 50cb1e8cfd5f69fb7086cbd936b877e4417332b1 -> 976c606c12b0da7217e0cad4fae431cef0d7129d } is a cherrypick
{ 179ae256d5aeb7cf7f5cba4bfdfd43c82e2b8335 -> a6e1ef10c80162fc3171c4137646af8fafcce378 }
Cherrypick commits SHA are -> 
976c606c12b0da7217e0cad4fae431cef0d7129d - cherrypick - a6e1ef10c80162fc3171c4137646af8fafcce378
---> The cherrypicked commit sha is - 976c606c12b0da7217e0cad4fae431cef0d7129d
Commit message - (#2798) - add some attachment tests
---> The original commit sha is - a6e1ef10c80162fc3171c4137646af8fafcce378
Commit message - (#2798) - Add some attachment tests
-----------------------------------------------------------------

Cherry-pick diff pair 3 is -> 
{ 8c2782fc14845bdca23a3fb502436982f9ff4872 -> 9e5d826e65b361c907a6650e7eed9bc4dd6f049e } is a cherrypick
{ 458ccdcce3c1f2477815dbc73a1f56639133f485 -> 575146ce03483b2d278400646b564385bd4c2ce3 }
Cherrypick commits SHA are -> 
9e5d826e65b361c907a6650e7eed9bc4dd6f049e - cherrypick - 575146ce03483b2d278400646b564385bd4c2ce3
---> The cherrypicked commit sha is - 9e5d826e65b361c907a6650e7eed9bc4dd6f049e
Commit message - (#2577) - add some attachments tests
---> The original commit sha is - 575146ce03483b2d278400646b564385bd4c2ce3
Commit message - Revert "Revert "(#2577) - add some attachments tests""

This reverts commit 458ccdcce3c1f2477815dbc73a1f56639133f485.
-----------------------------------------------------------------

Cherry-pick diff pair 4 is -> 
{ 508b21c6522a902fa8a5f08c9c57ff8febfe8c81 -> 28bd8e9fb9b96135ecb9235c08c6a3a46223bf7e } is a cherrypick
{ fb7acf6b9fbd5d061dff973dbe4a3060b3e2e530 -> be80260784bd50a96ffa0967e0ed5fe0ce84cb8c }
Cherrypick commits SHA are -> 
28bd8e9fb9b96135ecb9235c08c6a3a46223bf7e - cherrypick - be80260784bd50a96ffa0967e0ed5fe0ce84cb8c
---> The cherrypicked commit sha is - 28bd8e9fb9b96135ecb9235c08c6a3a46223bf7e
Commit message - (#1404) - Report errors writing checkpoints during replication
---> The original commit sha is - be80260784bd50a96ffa0967e0ed5fe0ce84cb8c
Commit message - Merge pull request #1584 from daleharvey/1404

(#1404) - Report errors writing checkpoints during replication
-----------------------------------------------------------------

Cherry-pick diff pair 5 is -> 
{ 9af20da772dc7a1da064a8339e3f6c2144d385d6 -> a4b785d9f36ddbc1f8acf262e6428696ae3e7766 } is a cherrypick
{ 49d6f627ac161344d83cf405df53b0c63feb16d9 -> 8c30516b2c23c58409f5003c4b4ac73d6cc1d8be }
Cherrypick commits SHA are -> 
a4b785d9f36ddbc1f8acf262e6428696ae3e7766 - cherrypick - 8c30516b2c23c58409f5003c4b4ac73d6cc1d8be
---> The cherrypicked commit sha is - a4b785d9f36ddbc1f8acf262e6428696ae3e7766
Commit message - Fixed two documentation links.
---> The original commit sha is - 8c30516b2c23c58409f5003c4b4ac73d6cc1d8be
Commit message - Merge pull request #904 from commandoline/documentation-typos

Fixed two documentation links.
-----------------------------------------------------------------

Cherry-pick diff pair 6 is -> 
{ 22b5ac14a9b7ef64dfc91c97ff44a04504710e10 -> 861bd19c4c888ad1490310b85bafc886fa2487ba } is a cherrypick
{ 163e954576bef439012e2342a46ca49b03c4f7c7 -> 5e53db2c114e3e5e5624c0cfdc9093258a5920af }
Cherrypick commits SHA are -> 
861bd19c4c888ad1490310b85bafc886fa2487ba - cherrypick - 5e53db2c114e3e5e5624c0cfdc9093258a5920af
---> The cherrypicked commit sha is - 861bd19c4c888ad1490310b85bafc886fa2487ba
Commit message - (456) - Cleanup during test runs
---> The original commit sha is - 5e53db2c114e3e5e5624c0cfdc9093258a5920af
Commit message - Merge pull request #651 from benrudolph/query-params

query_params functionality (#525)
-----------------------------------------------------------------

Cherry-pick diff pair 7 is -> 
{ 0b149bcb8b2f4b09a09f100c163060a99719fe78 -> 2703b41b2542cfc05e8d970fc7cf19c6d4130741 } is a cherrypick
{ 610c615567de6751bc1ec01b42dedf49c6c18aba -> 282d433c75f3652706f3465924903e8effd6ee7a }
Cherrypick commits SHA are -> 
2703b41b2542cfc05e8d970fc7cf19c6d4130741 - cherrypick - 282d433c75f3652706f3465924903e8effd6ee7a
---> The cherrypicked commit sha is - 2703b41b2542cfc05e8d970fc7cf19c6d4130741
Commit message - (#583) - add compaction documentation
---> The original commit sha is - 282d433c75f3652706f3465924903e8effd6ee7a
Commit message - (#583) - add compaction documentation
-----------------------------------------------------------------

Cherry-pick diff pair 8 is -> 
{ 9113aca3feefa843cbc91626b5d81f4f14d32e3d -> b3f90457022d72d92f867cd22e188ea428dc16c8 } is a cherrypick
{ ae054071b1141ac362df9142ab2122c8c761feda -> bda36e32a25e5efd80f808e3ad7dc5a346b174ca }
Cherrypick commits SHA are -> 
b3f90457022d72d92f867cd22e188ea428dc16c8 - cherrypick - bda36e32a25e5efd80f808e3ad7dc5a346b174ca
---> The cherrypicked commit sha is - b3f90457022d72d92f867cd22e188ea428dc16c8
Commit message - (#583) - compact callback after compaction's done

Now http adapter behaves like others. The code manually pings
database to check if it's done compaction.
---> The original commit sha is - bda36e32a25e5efd80f808e3ad7dc5a346b174ca
Commit message - (#583) - compact callback after compaction's done

Now http adapter behaves like others. The code manually pings
database to check if it's done compaction.
-----------------------------------------------------------------

Cherry-pick diff pair 9 is -> 
{ bcf600949d7d80054ed1c6fd4a29e39eed674f9c -> dab14d0acf31a53dd7174cd85ba75c27b1743823 } is a cherrypick
{ 64857d2357d9e5b44da65a9b7c2e41380a0b4e24 -> 141d078a747d1f2976af195d40fc2ad1c529d95e }
Cherrypick commits SHA are -> 
dab14d0acf31a53dd7174cd85ba75c27b1743823 - cherrypick - 141d078a747d1f2976af195d40fc2ad1c529d95e
---> The cherrypicked commit sha is - dab14d0acf31a53dd7174cd85ba75c27b1743823
Commit message - added jekyll _site to .gitignore
---> The original commit sha is - 141d078a747d1f2976af195d40fc2ad1c529d95e
Commit message - added docs/_site to gitignore
-----------------------------------------------------------------

Cherry-pick diff pair 10 is -> 
{ e6daee8b8427091ce6dc733b05bdb6d522240f30 -> 6c171c7c45784b9f4ba7e263830beea775706c8a } is a cherrypick
{ 12dd26bd6c008bf9fc4032b5f0f8999c21a74cb0 -> b7eeaef2231a239f9309cbbe958857c8c5c0c6a9 }
Cherrypick commits SHA are -> 
6c171c7c45784b9f4ba7e263830beea775706c8a - cherrypick - b7eeaef2231a239f9309cbbe958857c8c5c0c6a9
---> The cherrypicked commit sha is - 6c171c7c45784b9f4ba7e263830beea775706c8a
Commit message - Small nit fixes
---> The original commit sha is - b7eeaef2231a239f9309cbbe958857c8c5c0c6a9
Commit message - Small nit fixes
-----------------------------------------------------------------

Cherry-pick diff pair 11 is -> 
{ d9ecb47bb4b248b62d0e874cbc3b0412d82d6360 -> 8de007fc6757dcde3e961b24abc2f63ee8dddfd6 } is a cherrypick
{ 43caaa28e3275407111b22599267c31f16b39aea -> cb4d91a623e34cc0e24cd82ab2a3e2d15800455f }
Cherrypick commits SHA are -> 
8de007fc6757dcde3e961b24abc2f63ee8dddfd6 - cherrypick - cb4d91a623e34cc0e24cd82ab2a3e2d15800455f
---> The cherrypicked commit sha is - 8de007fc6757dcde3e961b24abc2f63ee8dddfd6
Commit message - Define openTestAsyncDB
---> The original commit sha is - cb4d91a623e34cc0e24cd82ab2a3e2d15800455f
Commit message - Define openTestAsyncDB
-----------------------------------------------------------------

Cherry-pick diff pair 12 is -> 
{ e1b60b620c60f072880002b3f2f8acf7bd8fe1a6 -> 086d8b5f4d2d67e93c1bfec87cd4130e439d5df8 } is a cherrypick
{ 876872d7d073e6868d544e29d0508156c2d498fe -> 0cf3e14cc0b90b93d0c711f3f4cfe223b23709c9 }
Cherrypick commits SHA are -> 
086d8b5f4d2d67e93c1bfec87cd4130e439d5df8 - cherrypick - 0cf3e14cc0b90b93d0c711f3f4cfe223b23709c9
---> The cherrypicked commit sha is - 086d8b5f4d2d67e93c1bfec87cd4130e439d5df8
Commit message - Merge pull request #518 from neojski/visualize-rev-tree

Visualize rev tree
---> The original commit sha is - 0cf3e14cc0b90b93d0c711f3f4cfe223b23709c9
Commit message - Merge pull request #526 from neojski/visualize-rev-tree

Fix positioning problem
-----------------------------------------------------------------

Cherry-pick diff pair 13 is -> 
{ f28c1995f72eda23a3874859515f7c07c99f2c4f -> fbdb49121eb8f5879b751e0c4e05c95bf7318ce4 } is a cherrypick
{ d57bf3d871f9138b2c442ae6bc7a49da7af0d8d9 -> e051a9abf2334f4c3b67faa4655001fddf30fcce }
Cherrypick commits SHA are -> 
fbdb49121eb8f5879b751e0c4e05c95bf7318ce4 - cherrypick - e051a9abf2334f4c3b67faa4655001fddf30fcce
---> The cherrypicked commit sha is - fbdb49121eb8f5879b751e0c4e05c95bf7318ce4
Commit message - (#100) - Blobs: fix typo
---> The original commit sha is - e051a9abf2334f4c3b67faa4655001fddf30fcce
Commit message - Merge pull request #502 from daleharvey/100-use-blobs-for-attachments

100 use blobs for attachments
-----------------------------------------------------------------

Cherry-pick diff pair 14 is -> 
{ a75269b66fbaea75d58c8c161f0f67573d0ff9cf -> 04b68f0eb4cfd1eccfe969b497602965c1bab9bf } is a cherrypick
{ add87dc39647631a6a19fedd2be4b36fff070ece -> 05835666322a98c15ebb95a331484273ede0a9ad }
Cherrypick commits SHA are -> 
04b68f0eb4cfd1eccfe969b497602965c1bab9bf - cherrypick - 05835666322a98c15ebb95a331484273ede0a9ad
---> The cherrypicked commit sha is - 04b68f0eb4cfd1eccfe969b497602965c1bab9bf
Commit message - server got renamed to connect
---> The original commit sha is - 05835666322a98c15ebb95a331484273ede0a9ad
Commit message - Merge pull request #501 from neojski/grunt-upgrade-server-missing

server got renamed to connect
-----------------------------------------------------------------

Cherry-pick diff pair 15 is -> 
{ 557a7b99fa92ec8b74fac260d8e03e8c3f269030 -> 8a2885883b7d8e299e2e6cb761c8a3bccb2b9fd2 } is a cherrypick
{ 6d2c4fe922bb7fcc5b9d0dbbe146cd60cc92ab94 -> ed3b581c185972c1fda26b32dde6a5a4436eb10f }
Cherrypick commits SHA are -> 
8a2885883b7d8e299e2e6cb761c8a3bccb2b9fd2 - cherrypick - ed3b581c185972c1fda26b32dde6a5a4436eb10f
---> The cherrypicked commit sha is - 8a2885883b7d8e299e2e6cb761c8a3bccb2b9fd2
Commit message - Make visualizeRevTree standalone plugin
---> The original commit sha is - ed3b581c185972c1fda26b32dde6a5a4436eb10f
Commit message - Fix basic lint problems
-----------------------------------------------------------------

Cherry-pick diff pair 16 is -> 
{ 76afde2a1f96f32363f3eabf6ddcf1e3bbc0587f -> 0dd9aa0548a65b13dea1e880d3fd631eebf8c09b } is a cherrypick
{ 78ad1a296da67db70d264e7acfb5c6b39b8797e1 -> 312c0590de597ffe032e1b4fe877fcde44ce112a }
Cherrypick commits SHA are -> 
0dd9aa0548a65b13dea1e880d3fd631eebf8c09b - cherrypick - 312c0590de597ffe032e1b4fe877fcde44ce112a
---> The cherrypicked commit sha is - 0dd9aa0548a65b13dea1e880d3fd631eebf8c09b
Commit message - Update docs/api.md

Fix typo
---> The original commit sha is - 312c0590de597ffe032e1b4fe877fcde44ce112a
Commit message - Merge branch '410-allDocs-keys-option' of github.com:neojski/pouchdb into 410-allDocs-keys-option
-----------------------------------------------------------------

Cherry-pick diff pair 17 is -> 
{ a66bb73fb67c3147ddbe9972e4b1dc95b7da2711 -> 9d4b747e13b525c91b95c931c6c9cf781b26a39d } is a cherrypick
{ 660b89159f6961438252d5a9a44884ae9f5b32cc -> ccd6022f8f9d01882a4ef4c2215d2bda027042bc }
Cherrypick commits SHA are -> 
9d4b747e13b525c91b95c931c6c9cf781b26a39d - cherrypick - ccd6022f8f9d01882a4ef4c2215d2bda027042bc
---> The cherrypicked commit sha is - 9d4b747e13b525c91b95c931c6c9cf781b26a39d
Commit message - Create database before deleting it
---> The original commit sha is - ccd6022f8f9d01882a4ef4c2215d2bda027042bc
Commit message - Merge pull request #299 from daleharvey/extract-viewquery

Extract viewQuery into new plugin system
-----------------------------------------------------------------

Cherry-pick diff pair 18 is -> 
{ 76db13d3be8febd7dc94d56f24bd0b2d7c4e43f4 -> e642a6449dc41a44e0db9a5981ea5de658af63e1 } is a cherrypick
{ 837b77339c665926924e958308fbc209e58ac682 -> 68b268c936a8252c614b596d7a895e861f6a8cd9 }
Cherrypick commits SHA are -> 
e642a6449dc41a44e0db9a5981ea5de658af63e1 - cherrypick - 68b268c936a8252c614b596d7a895e861f6a8cd9
---> The cherrypicked commit sha is - e642a6449dc41a44e0db9a5981ea5de658af63e1
Commit message - Remove chrome polyfill for older browsers
---> The original commit sha is - 68b268c936a8252c614b596d7a895e861f6a8cd9
Commit message - Merge pull request #272 from daleharvey/271-fix-uud

Fix uuid code to generate correct urls
-----------------------------------------------------------------

Cherry-pick diff pair 19 is -> 
{ f180c16309454f623e830e3e045aaa2749cdf2ac -> 7e6c765141e2a5d1f0855a5b30600c694f0a1fe5 } is a cherrypick
{ e0273e821e0055229eaea48281c1c54fcdf77c9d -> a7d3cd695086da1dc3ce133315fe07f59c24a49a }
Cherrypick commits SHA are -> 
7e6c765141e2a5d1f0855a5b30600c694f0a1fe5 - cherrypick - a7d3cd695086da1dc3ce133315fe07f59c24a49a
---> The cherrypicked commit sha is - 7e6c765141e2a5d1f0855a5b30600c694f0a1fe5
Commit message - #257 Dont report tests results if not told where to report to
---> The original commit sha is - a7d3cd695086da1dc3ce133315fe07f59c24a49a
Commit message - Merge pull request #258 from daleharvey/257-fix-local-tests

#257 Dont report tests results if not told where to report to
-----------------------------------------------------------------

Cherry-pick diff pair 20 is -> 
{ f730a3c430ed519de2eb70a7c871dfb096f434d0 -> 03e70c7130c1ebc28433648a1687b81df4153d0f } is a cherrypick
{ 636df71c9a772ecbec340d5bcdfe82c6ac290436 -> 17270d9c543fbd370a7f0ab4131a92724fc41d4e }
Cherrypick commits SHA are -> 
03e70c7130c1ebc28433648a1687b81df4153d0f - cherrypick - 17270d9c543fbd370a7f0ab4131a92724fc41d4e
---> The cherrypicked commit sha is - 03e70c7130c1ebc28433648a1687b81df4153d0f
Commit message - .gitignore node_modules
---> The original commit sha is - 17270d9c543fbd370a7f0ab4131a92724fc41d4e
Commit message - Merge pull request #216 from daleharvey/viewtests-leveldb

Run replication + view test in leveldb
-----------------------------------------------------------------

Cherry-pick diff pair 21 is -> 
{ 4f46dc125c337e71c01a8d321b4b396747f8e0a1 -> 2b91e4eec4547486dab5872724994ed808acb5ec } is a cherrypick
{ 7429eac86fc473916b01995a74a6ab5c60263b59 -> 61549a95bfb9769c7587e56658f551d297e5285f }
Cherrypick commits SHA are -> 
2b91e4eec4547486dab5872724994ed808acb5ec - cherrypick - 61549a95bfb9769c7587e56658f551d297e5285f
---> The cherrypicked commit sha is - 2b91e4eec4547486dab5872724994ed808acb5ec
Commit message - test for multiple replications with deleted remote documents
---> The original commit sha is - 61549a95bfb9769c7587e56658f551d297e5285f
Commit message - Merge branch 'test_replication_with_deleted_docs' of git://github.com/jamesmayes/pouchdb into jamesmayes-test_replication_with_deleted_docs
-----------------------------------------------------------------

Cherry-pick diff pair 22 is -> 
{ d6f0bf52c82a33ac7b03cf944eccff6012a2b359 -> 7fc06c8a15a99d266bce87c3dda9bdf34949669c } is a cherrypick
{ 561cf75e53d3e54e7c4b84d519fd7b4a9a095d47 -> 5dee088b0191df7870f3c03c9b379dc4acbb306b }
Cherrypick commits SHA are -> 
7fc06c8a15a99d266bce87c3dda9bdf34949669c - cherrypick - 5dee088b0191df7870f3c03c9b379dc4acbb306b
---> The cherrypicked commit sha is - 7fc06c8a15a99d266bce87c3dda9bdf34949669c
Commit message - disallow adding docs with leading underscore in id
---> The original commit sha is - 5dee088b0191df7870f3c03c9b379dc4acbb306b
Commit message - Merge pull request #203 from chesles/master

Disallow adding docs with leading underscore in id
-----------------------------------------------------------------

Cherry-pick diff pair 23 is -> 
{ 101d468f4f8d1242cddc32ed6550e5e0b32b21ec -> 15406324b278154ab06b6bfa57d686eb19f60af7 } is a cherrypick
{ 6e7b4ba827a3a48cbd959fcfb0189a855e76c0c3 -> 06f38caf6f52ea6c6c123f20423760edd5e60f53 }
Cherrypick commits SHA are -> 
15406324b278154ab06b6bfa57d686eb19f60af7 - cherrypick - 06f38caf6f52ea6c6c123f20423760edd5e60f53
---> The cherrypicked commit sha is - 15406324b278154ab06b6bfa57d686eb19f60af7
Commit message - update gitignore to alpha versions
---> The original commit sha is - 06f38caf6f52ea6c6c123f20423760edd5e60f53
Commit message - Merge branch 'master' of github.com:daleharvey/pouchdb
-----------------------------------------------------------------

