# of merges = 336
Merge commit 1 is -> 
{ 2a200c784da1c7d33f72e3b92425f029214f70a1 is a merge commit
---> Commit message - Merge git://github.com/lucsky/redis
-----------------------------------------------------------------

Merge commit 2 is -> 
{ 0c9ca0e11ca290392e2747596b89d18db175af7e is a merge commit
---> Commit message - git mess :)
-----------------------------------------------------------------

Merge commit 3 is -> 
{ 575acbf1f72b783bba13aee3ddf3bb1110f114fc is a merge commit
---> Commit message - Merge git://github.com/ludoo/redis
-----------------------------------------------------------------

Merge commit 4 is -> 
{ 6d4371d46939ef6b10b9205af6af56e1146cdf91 is a merge commit
---> Commit message - Merge git://github.com/tmm1/redis
-----------------------------------------------------------------

Merge commit 5 is -> 
{ c4cd5f393ced23cb298c52eaa5ed67569d3f8d0d is a merge commit
---> Commit message - Merge git://github.com/dierbro/redis
-----------------------------------------------------------------

Merge commit 6 is -> 
{ 51e01d9b39127eb278957f0c7f122e43a8f830e0 is a merge commit
---> Commit message - Merge git://github.com/ianxm/redis
-----------------------------------------------------------------

Merge commit 7 is -> 
{ 791445b7459183d839e20672e20d246dea895213 is a merge commit
---> Commit message - Merge branch 'kqueue' of git://github.com/mallipeddi/redis
-----------------------------------------------------------------

Merge commit 8 is -> 
{ 52d23ddbea757a8a544b2e9042e008025e54c93b is a merge commit
---> Commit message - Merge remote branch 'djanowski/interactive'
-----------------------------------------------------------------

Merge commit 9 is -> 
{ a50ea45c841e980f7692a9cd97130f0f37e5917b is a merge commit
---> Commit message - merged memory reduction patch
-----------------------------------------------------------------

Merge commit 10 is -> 
{ 947efa8d6e37f38bdd8485b64f7c139d1e310e70 is a merge commit
---> Commit message - Merge branch 'zsl-get-rank' of git://github.com/pietern/redis
-----------------------------------------------------------------

Merge commit 11 is -> 
{ e3f46030fcfd0ffd916d473b16d0ed07e138fefb is a merge commit
---> Commit message - Merged ZREVRANK from Pietern
-----------------------------------------------------------------

Merge commit 12 is -> 
{ ee5cfe385305071ed0ab293be3ad18b13f2f9c86 is a merge commit
---> Commit message - Merged ZREMBYRANK from Pietern
-----------------------------------------------------------------

Merge commit 13 is -> 
{ c1d57a106345a811c91a0bf1b6fff42ccbae61a3 is a merge commit
---> Commit message - Merged zsetops branch from Pietern
-----------------------------------------------------------------

Merge commit 14 is -> 
{ 17d68f9c99cd629591527d4c385ed0b1244726c5 is a merge commit
---> Commit message - Merge branch 'aggregates' of git://github.com/pietern/redis
-----------------------------------------------------------------

Merge commit 15 is -> 
{ 4583c4f0ea0ef3cdb3cd1b0ede77e5b95be18327 is a merge commit
---> Commit message - Merged Pietern patch for VM key args helper function. Fixed an obvious bug in the redis-cli passwd auth stuff
-----------------------------------------------------------------

Merge commit 16 is -> 
{ 5e2022bb484791b1b3099b7ce304f02b1f4a3212 is a merge commit
---> Commit message - Merge branch 'issue_191' of git://github.com/gnrfan/redis
-----------------------------------------------------------------

Merge commit 17 is -> 
{ 7bf90179a32eeb7754c1a3244f6612ce780e7de4 is a merge commit
---> Commit message - Merge branch 'issue_193' of git://github.com/gnrfan/redis
-----------------------------------------------------------------

Merge commit 18 is -> 
{ 44efe66ef2ff2d6ae7df7363fb1e62df3b16f4ab is a merge commit
---> Commit message - Merged gnrfan patches fixing issues 191, 193, 194
-----------------------------------------------------------------

Merge commit 19 is -> 
{ 570e43c8285a4e5e3f31edd8198b8e03ce63f46c is a merge commit
---> Commit message - Merge branch 'hincrby' of git://github.com/pietern/redis
-----------------------------------------------------------------

Merge commit 20 is -> 
{ 14ae26d89d32a25f66e96ca62b49dff1ef1b95ad is a merge commit
---> Commit message - Merge branch 'zipmap' of git://github.com/pietern/redis
-----------------------------------------------------------------

Merge commit 21 is -> 
{ 5727b9aa940cd3ae4884ca3fbede57d96b183b1f is a merge commit
---> Commit message - Merge branch 'issue_218' of git://github.com/pietern/redis
-----------------------------------------------------------------

Merge commit 22 is -> 
{ b60bace9f945d30029596a6bd91412d2e1053c69 is a merge commit
---> Commit message - Merge branch 'hmget' of git://github.com/pietern/redis
-----------------------------------------------------------------

Merge commit 23 is -> 
{ b4eb9ccdcbc126e9b828f7fc8d0bcd40bd1891a0 is a merge commit
---> Commit message - Merge branch 'hash-refactor' of git://github.com/pietern/redis
-----------------------------------------------------------------

Merge commit 24 is -> 
{ 4e8dbaf463cefe1710283bfefbccc3db37af5c5a is a merge commit
---> Commit message - Merge branch 'hash' of git://github.com/pietern/redis
-----------------------------------------------------------------

Merge commit 25 is -> 
{ 0040fa253fdfeca20d540609aa17a796856744eb is a merge commit
---> Commit message - Merge branch 'master' of github.com:antirez/redis
-----------------------------------------------------------------

Merge commit 26 is -> 
{ 48d729a7d92399b6b4f2078d385d5aa83b63b979 is a merge commit
---> Commit message - Merge branch 'master' of git@github.com:antirez/redis
-----------------------------------------------------------------

Merge commit 27 is -> 
{ 98d2e23be23f9af02653672081896747baf985f7 is a merge commit
---> Commit message - Merge branch 'master' into check-aof
-----------------------------------------------------------------

Merge commit 28 is -> 
{ f424d5f398dde0679ae2afd5063c80d845641a00 is a merge commit
---> Commit message - Merge branch 'master' into aof-speedup
-----------------------------------------------------------------

Merge commit 29 is -> 
{ 45ae650129bf7b665ade56e0dc6bd880f1e4ad07 is a merge commit
---> Commit message - Merge branch 'check-aof' of git://github.com/pietern/redis
-----------------------------------------------------------------

Merge commit 30 is -> 
{ abce5627d7ce3bc1f5d2a15f65af11874bec169a is a merge commit
---> Commit message - Merge branch 'vm-speedup'
-----------------------------------------------------------------

Merge commit 31 is -> 
{ 9682a58fca1c53cecbf1b7a65bcf343f1f53c098 is a merge commit
---> Commit message - conflicts resolved
-----------------------------------------------------------------

Merge commit 32 is -> 
{ b78fd80f1e6c445b8b7d0a3058e4fe4a8cc25062 is a merge commit
---> Commit message - Merge branch 'integration' of git://github.com/pietern/redis
-----------------------------------------------------------------

Merge commit 33 is -> 
{ 0f3010ab0d076d01b31019d902bfc94ca1e310d3 is a merge commit
---> Commit message - Merge branch 'redis-cli-fix' of http://github.com/tizoc/redis
-----------------------------------------------------------------

Merge commit 34 is -> 
{ 46b614edf7522e2bf8d3512fab347a9c9d4a1d70 is a merge commit
---> Commit message - Merge branch 'master' into integration
-----------------------------------------------------------------

Merge commit 35 is -> 
{ c14753cea16cc963363b0d3002dc94b33c1f2075 is a merge commit
---> Commit message - Merge http://github.com/ngmoco/redis
-----------------------------------------------------------------

Merge commit 36 is -> 
{ 6185fd3532704ef28012194d18ceda40096e332b is a merge commit
---> Commit message - Merge branch 'test_vm' of git://github.com/pietern/redis
-----------------------------------------------------------------

Merge commit 37 is -> 
{ 834c72fa57cb980d0858eb5cf81438ebb8a259f6 is a merge commit
---> Commit message - Merge branch 'master' of github.com:antirez/redis
-----------------------------------------------------------------

Merge commit 38 is -> 
{ dcb518fd161ff326f576d4012ee82fa08d1e91df is a merge commit
---> Commit message - Merge branch 'master' of git@github.com:antirez/redis
-----------------------------------------------------------------

Merge commit 39 is -> 
{ 329cdba00afd2f97ca828134cb5c24316d516fce is a merge commit
---> Commit message - Merge branch 'solaris' of git://github.com/pietern/redis
-----------------------------------------------------------------

Merge commit 40 is -> 
{ 90fdc82697823a4e8228ae7e5c5ada0f56d160d7 is a merge commit
---> Commit message - Merge branch 'master' into nested-multi
-----------------------------------------------------------------

Merge commit 41 is -> 
{ 3caf15e6da15b6b3f9af57803eb57a37c6f753cf is a merge commit
---> Commit message - Merge branch 'cli-stdin' of git://github.com/pietern/redis
-----------------------------------------------------------------

Merge commit 42 is -> 
{ 752203d86d9667c07a69a11043df411703c32640 is a merge commit
---> Commit message - Merge branch 'no-appendfsync-on-rewrite'
-----------------------------------------------------------------

Merge commit 43 is -> 
{ 4e538759c4125a2379fd625e5a92c72347017b7f is a merge commit
---> Commit message - Merge branch 'smallkeys' of github.com:antirez/redis into smallkeys
-----------------------------------------------------------------

Merge commit 44 is -> 
{ 1edbae86782835359dc0ce7250df627b41d147eb is a merge commit
---> Commit message - Merge branch 'master' into smallkeys
-----------------------------------------------------------------

Merge commit 45 is -> 
{ a7159fe817b163d17ff64fae0d459bbe786280ef is a merge commit
---> Commit message - Merge branch 'testsuite' of git://github.com/pietern/redis into smallkeys
-----------------------------------------------------------------

Merge commit 46 is -> 
{ 9fcfd6b6512dd975ba3eadf476b7d5670c9dbb79 is a merge commit
---> Commit message - Merge branch 'testsuite' of git://github.com/pietern/redis
-----------------------------------------------------------------

Merge commit 47 is -> 
{ 846d8b3ea558fadd8aa4eb5ad5f8d3bf4717b731 is a merge commit
---> Commit message - merge antirez/smallkeys
-----------------------------------------------------------------

Merge commit 48 is -> 
{ 4dc1218c585e5c81674382c8091cb2b9e9807891 is a merge commit
---> Commit message - Merge branch 'smallkeys'
-----------------------------------------------------------------

Merge commit 49 is -> 
{ 422cf21f15a13f52a6e87d83076857d5483c6f49 is a merge commit
---> Commit message - Merge branch 'lists' of git://github.com/pietern/redis
-----------------------------------------------------------------

Merge commit 50 is -> 
{ 65cc7665817dc3b8c66ade331e50f5966da598a4 is a merge commit
---> Commit message - Merge branch 'lists' of git://github.com/pietern/redis
-----------------------------------------------------------------

Merge commit 51 is -> 
{ ac9b8cfe577d1a27dd0f377e3b9578a7505cf00f is a merge commit
---> Commit message - Merge branch 'lists' of git://github.com/pietern/redis
-----------------------------------------------------------------

Merge commit 52 is -> 
{ f6475c725032038fc4d72fd89da3e539d127bc7e is a merge commit
---> Commit message - Merge branch 'expire' of git://github.com/pietern/redis
-----------------------------------------------------------------

Merge commit 53 is -> 
{ d52e5888694cb65918f2b0d00691c198deb5643f is a merge commit
---> Commit message - Merge branch 'ltrim-tests' of git://github.com/pietern/redis
-----------------------------------------------------------------

Merge commit 54 is -> 
{ b8b8501d70770465adc67d4effb4dbae2899f3a8 is a merge commit
---> Commit message - Merge remote branch 'pietern/zfixes'
-----------------------------------------------------------------

Merge commit 55 is -> 
{ af4e866dbb1455a50d51b3d5f46832f1a36e2080 is a merge commit
---> Commit message - Merged with split
-----------------------------------------------------------------

Merge commit 56 is -> 
{ 96ffb2fe97c3e77879e7a4f6f7457397a18bf233 is a merge commit
---> Commit message - merged intset code into the split files
-----------------------------------------------------------------

Merge commit 57 is -> 
{ 0c7a9dec651aa15857da30b95cca7079490725ab is a merge commit
---> Commit message - Merge remote branch 'pietern/list-test'
-----------------------------------------------------------------

Merge commit 58 is -> 
{ 23d7298b1594cf673f04f2f8561d4f85b8457c6f is a merge commit
---> Commit message - Merge remote branch 'pietern/test-encoding-fix' into writeonexpire
-----------------------------------------------------------------

Merge commit 59 is -> 
{ aaada3f962a9f87fb239e55e3d26c1e794d411d5 is a merge commit
---> Commit message - Merge branch 'master' into intset-split

Conflicts:
	src/Makefile
	src/t_set.c
-----------------------------------------------------------------

Merge commit 60 is -> 
{ 4b93e5e2676e1dc45de1c118c03042de1ce9f024 is a merge commit
---> Commit message - Merge master and move argument splitting patch to sds.c
-----------------------------------------------------------------

Merge commit 61 is -> 
{ acc75bfd4f1607625876d74d6447efaaf505db59 is a merge commit
---> Commit message - Merge remote branch 'pietern/intset-split'
-----------------------------------------------------------------

Merge commit 62 is -> 
{ 4e0d34089ac874db92430820b9fe5ce8426c2ae5 is a merge commit
---> Commit message - Merge remote branch 'pietern/redis-cli-fix'
-----------------------------------------------------------------

Merge commit 63 is -> 
{ fc09b9f44918bec49f5bbded81f5dc9172a6e396 is a merge commit
---> Commit message - Merge remote branch 'pietern/issue-300'
-----------------------------------------------------------------

Merge commit 64 is -> 
{ f7f12a606c39fcb09a203faaaa12c49882409d8f is a merge commit
---> Commit message - resolved conflict merging pietern/bpop-timeout
-----------------------------------------------------------------

Merge commit 65 is -> 
{ ec96ef47a630f608ae6a3103dd9a44e7eea598d9 is a merge commit
---> Commit message - Merge remote branch 'pietern/issue-300'
-----------------------------------------------------------------

Merge commit 66 is -> 
{ 9e83ac06ef1c978c65fefc1fbf5af1e95f31fe15 is a merge commit
---> Commit message - Merge branch 'master' into networking-perf

Resolved conflict in src/db.c and changed adding an error to the reply
in blockingPopGenericCommand to use the new API.
-----------------------------------------------------------------

Merge commit 67 is -> 
{ 89f9f83769a2ad0b4aeb8907b82b453ace6ebe9d is a merge commit
---> Commit message - Merge remote branch 'pietern/networking-perf'
-----------------------------------------------------------------

Merge commit 68 is -> 
{ 83f39c7ab26e7f7cfa5fb59ca51b768e9ac0facb is a merge commit
---> Commit message - Merge remote branch 'pietern/networking-perf'
-----------------------------------------------------------------

Merge commit 69 is -> 
{ 192fc3376a0712e69e638b087c82c7e34f698f4d is a merge commit
---> Commit message - Merge branch 'zset-mem' into zrevrangebyscore
-----------------------------------------------------------------

Merge commit 70 is -> 
{ 5171777bf112a6a930c4750949037ce741f3bf28 is a merge commit
---> Commit message - Merge remote branch 'pietern/ziplist-eff'
-----------------------------------------------------------------

Merge commit 71 is -> 
{ b882056c93f3e3afe5fde9d62fb569ce30a76a76 is a merge commit
---> Commit message - Merge remote branch 'pietern/zset-mem'
-----------------------------------------------------------------

Merge commit 72 is -> 
{ e43505d6e9434bdc03f4521fa8b3b3d2b41be8c7 is a merge commit
---> Commit message - Merge remote branch 'pietern/ziplist-fix'
-----------------------------------------------------------------

Merge commit 73 is -> 
{ b04ce2a35ce084a043ef8749ca4fa0e62b92bd03 is a merge commit
---> Commit message - Merge master with resolved conflict in src/redis-cli.c
-----------------------------------------------------------------

Merge commit 74 is -> 
{ 26f3388d27d1be9312d0244890db564c1b22ba0c is a merge commit
---> Commit message - Merge branch 'master' into zrevrangebyscore
-----------------------------------------------------------------

Merge commit 75 is -> 
{ b33ef40105391502d9e44443fd4e337c06396468 is a merge commit
---> Commit message - Merge remote branch 'pietern/ziplist-regression'
-----------------------------------------------------------------

Merge commit 76 is -> 
{ 73abd0a9d2a956af34351c59e15eba603ab29c6e is a merge commit
---> Commit message - Merge remote branch 'remotes/pietern/zrevrangebyscore'
-----------------------------------------------------------------

Merge commit 77 is -> 
{ 21dbc6499a538af07f52a41742cf1683f3fc9c23 is a merge commit
---> Commit message - merge conflict resolved
-----------------------------------------------------------------

Merge commit 78 is -> 
{ 0a546fc01758f9a9f8b2113764c2cf963df6ef20 is a merge commit
---> Commit message - Merge remote branch 'pietern/unixsocket'
-----------------------------------------------------------------

Merge commit 79 is -> 
{ 56fce7ce7d598def0ea15313635eb8a74d781bdd is a merge commit
---> Commit message - Merge remote branch 'pietern/benchmark'
-----------------------------------------------------------------

Merge commit 80 is -> 
{ 3b5e72d402345507856b00bb67a91942f4f1a49d is a merge commit
---> Commit message - Merge branch 'aaslave'
-----------------------------------------------------------------

Merge commit 81 is -> 
{ 2612e0521fde55db2c720092d4ad02a8f015f46e is a merge commit
---> Commit message - Merge remote branch 'visionmedia/cli-help' into cli-help
-----------------------------------------------------------------

Merge commit 82 is -> 
{ ce260f736e483d40967d3e551f04534154c12aba is a merge commit
---> Commit message - minor merge conflicts merging cli-help branch fixed
-----------------------------------------------------------------

Merge commit 83 is -> 
{ bc8ffafeb9bb5b272e118400df55157db41ad897 is a merge commit
---> Commit message - Merge branch 'master' into brpoplpush
-----------------------------------------------------------------

Merge commit 84 is -> 
{ d6107fd6f194f568bd0fec3230cae83973de929d is a merge commit
---> Commit message - Merge remote branch 'pietern/testverbosity'
-----------------------------------------------------------------

Merge commit 85 is -> 
{ f858c11d7d9ca79010dd46a9c8c625e63a9a3ec0 is a merge commit
---> Commit message - Merge remote branch 'pietern/brpoplpush'
-----------------------------------------------------------------

Merge commit 86 is -> 
{ 57997664eaba82ad263c61b9cdbe7dd26ec8d08d is a merge commit
---> Commit message - Merge remote branch 'pietern/strrange'
-----------------------------------------------------------------

Merge commit 87 is -> 
{ 603e616bf4e09cdbbfeaf77a5e2a02876c229c35 is a merge commit
---> Commit message - Merge branch 'master' of github.com:antirez/redis
-----------------------------------------------------------------

Merge commit 88 is -> 
{ 8e33831b2b93d6d0a324ca01c6934197887276d8 is a merge commit
---> Commit message - Merge remote branch 'pietern/cli-monitor'
-----------------------------------------------------------------

Merge commit 89 is -> 
{ cc7c4158bc9c584b91560e9bf3dff51a9316c9b3 is a merge commit
---> Commit message - Merge remote branch 'jonahharris/syslog'
-----------------------------------------------------------------

Merge commit 90 is -> 
{ 53f0efe28c4fe2f8d15286c02ccd2d83a5195fc9 is a merge commit
---> Commit message - Merge remote branch 'pietern/string-patches'
-----------------------------------------------------------------

Merge commit 91 is -> 
{ beb1aab3fddc2bd2ed241d13e8597562b2cddea9 is a merge commit
---> Commit message - Merge remote branch 'pietern/cli'
-----------------------------------------------------------------

Merge commit 92 is -> 
{ d841dedb5fc4b33eff47ee05f517bca9cabd7533 is a merge commit
---> Commit message - Merge branch 'master' of github.com:antirez/redis
-----------------------------------------------------------------

Merge commit 93 is -> 
{ 04a2ade90dd15db2a1e685e2e045b8c0181b9eea is a merge commit
---> Commit message - Merge remote branch 'pietern/bench-fix'
-----------------------------------------------------------------

Merge commit 94 is -> 
{ 6eaad66373982aa9c1c0ff6b584c542670548d0e is a merge commit
---> Commit message - Merge branch 'master' into unstable
-----------------------------------------------------------------

Merge commit 95 is -> 
{ 51335102acb364be4c0652ff4e91c9a080b1e7e0 is a merge commit
---> Commit message - Merge remote branch 'pietern/writev-unstable' into unstable
-----------------------------------------------------------------

Merge commit 96 is -> 
{ cb9b35c8cafc703ea5f2754b2961c9a3268c35d5 is a merge commit
---> Commit message - Merge branch 'unstable' of github.com:antirez/redis-private into unstable
-----------------------------------------------------------------

Merge commit 97 is -> 
{ f25d5b5c9c536bb4bb9febe6fa4fd57d7c7de581 is a merge commit
---> Commit message - Merge branch 'unstable' of github.com:antirez/redis into unstable
-----------------------------------------------------------------

Merge commit 98 is -> 
{ a8cc969cd45dade10526349d8ea64b4852269e36 is a merge commit
---> Commit message - Merge remote branch 'pietern/unstable-brpoplpush' into unstable
-----------------------------------------------------------------

Merge commit 99 is -> 
{ c2f816b4233355b6b8426572bd6e2c024fa24193 is a merge commit
---> Commit message - Merge remote branch 'pietern/unstable-sigs' into unstable
-----------------------------------------------------------------

Merge commit 100 is -> 
{ 7226cbd1d978b15d4379e7f643595de35b5b3779 is a merge commit
---> Commit message - Merge branch 'unstable'
-----------------------------------------------------------------

Merge commit 101 is -> 
{ b8513c9398c3ab169ca77999cd8212134f29dc9b is a merge commit
---> Commit message - Merge branch 'unstable'
-----------------------------------------------------------------

Merge commit 102 is -> 
{ cc1cb7e5408291919922ded1aa3921f6b55c6307 is a merge commit
---> Commit message - Merge remote branch 'origin/getkeys' into unstable
-----------------------------------------------------------------

Merge commit 103 is -> 
{ f304f22b22b2d3a09b9ab533f4cdcf4632858861 is a merge commit
---> Commit message - Merge branch 'unstable' of github.com:antirez/redis into unstable
-----------------------------------------------------------------

Merge commit 104 is -> 
{ 7d8c555e92954b02d40c15702476fd48e55c4f94 is a merge commit
---> Commit message - Merge branch 'unstable' into unstable-zset

Conflicts:
	src/object.c
-----------------------------------------------------------------

Merge commit 105 is -> 
{ d415f9ff41ed5b87de9baa7a9521431ed7d78d3c is a merge commit
---> Commit message - Merge branch 'unstable' of github.com:antirez/redis into unstable
-----------------------------------------------------------------

Merge commit 106 is -> 
{ a54d9805ee1c46d574aab8e349fd778d3a4bc67b is a merge commit
---> Commit message - Merge branch 'unstable' of github.com:antirez/redis into unstable
-----------------------------------------------------------------

Merge commit 107 is -> 
{ 7c0e1b53c4c4f646c788fcd09666e1c321c1d134 is a merge commit
---> Commit message - Merge remote branch 'pietern/unstable-zset' into unstable
-----------------------------------------------------------------

Merge commit 108 is -> 
{ 74a640492fe2547ff6737d598b32896840c2bd1d is a merge commit
---> Commit message - Merge branch 'unstable' of github.com:antirez/redis into unstable
-----------------------------------------------------------------

Merge commit 109 is -> 
{ bfe85f7ca97259256e8089349e1a462b6c7dbd00 is a merge commit
---> Commit message - Merge branch 'unstable'
-----------------------------------------------------------------

Merge commit 110 is -> 
{ 06d22a8a8ac309be1c553e307afbf46d22020410 is a merge commit
---> Commit message - Merge branch 'unstable' of github.com:antirez/redis into unstable
-----------------------------------------------------------------

Merge commit 111 is -> 
{ 19e84589304256f0581b056133c9cae6ea1e011b is a merge commit
---> Commit message - Merge branch 'unstable'
-----------------------------------------------------------------

Merge commit 112 is -> 
{ 6326c3ce73e1d35cb585c0551bba9ac07cfbc7c1 is a merge commit
---> Commit message - Merge branch 'unstable' of github.com:antirez/redis into unstable
-----------------------------------------------------------------

Merge commit 113 is -> 
{ e4f6b8c327eb8e1444b51ced96e59dc5e7294cf8 is a merge commit
---> Commit message - Merge branch 'unstable'
-----------------------------------------------------------------

Merge commit 114 is -> 
{ 43222f253a60b8949d761bd3ef36cb061a3a4a3e is a merge commit
---> Commit message - Merge remote branch 'pietern/unstable-replnonblock' into unstable
-----------------------------------------------------------------

Merge commit 115 is -> 
{ cf1eefa4206b23327e38a144d8d20543307fdbe4 is a merge commit
---> Commit message - Merge remote branch 'origin/unstable' into unstable
-----------------------------------------------------------------

Merge commit 116 is -> 
{ fc879abe4adb6c59ba6c280fa4e08ae291dd11eb is a merge commit
---> Commit message - Merge branch 'unstable'
-----------------------------------------------------------------

Merge commit 117 is -> 
{ 00ba9b641c06725505079723e7e8e62b16514466 is a merge commit
---> Commit message - Merge pull request #57 from melo/patch-1

Small fix in the installation instructions
-----------------------------------------------------------------

Merge commit 118 is -> 
{ e087b6d7a145a6aabbb215405dddcf178e71aaa5 is a merge commit
---> Commit message - Merge remote branch 'origin/unstable' into unstable
-----------------------------------------------------------------

Merge commit 119 is -> 
{ 50528f0eea113508962b66e80d7cec7e9c5d92e9 is a merge commit
---> Commit message - Merge remote branch 'pietern/unstable-bench' into unstable
-----------------------------------------------------------------

Merge commit 120 is -> 
{ 4abd096f5188448a2c0e75511a049b3a3fd8e9b1 is a merge commit
---> Commit message - Merge pull request #58 from hampus/fix-autorewrite

Fix automatic rewrite starting too early
-----------------------------------------------------------------

Merge commit 121 is -> 
{ 0d1650f8a9ee2df13a11685ff0eb739305b4fe1b is a merge commit
---> Commit message - Updated to unstable
-----------------------------------------------------------------

Merge commit 122 is -> 
{ a004de0f1509c0ff499e6fc28da2f7e308e14e40 is a merge commit
---> Commit message - Merge pull request #63 from djanowski/tcl

Add warning when `tcl` is not available to run tests
-----------------------------------------------------------------

Merge commit 123 is -> 
{ d5b36c5114659e979fc2e102954ded1e30aacacf is a merge commit
---> Commit message - Merge remote branch 'origin/unstable' into unstable
-----------------------------------------------------------------

Merge commit 124 is -> 
{ 994ed2bc552f4114b1f0c8dd3fd8aefaec6beeae is a merge commit
---> Commit message - unstable merge conflicts resolved
-----------------------------------------------------------------

Merge commit 125 is -> 
{ 4bab6312239f4d77b7cc25ab7eec80fc3ba19506 is a merge commit
---> Commit message - Merge branch 'unstable' of github.com:antirez/redis into unstable
-----------------------------------------------------------------

Merge commit 126 is -> 
{ 0681c5ad844cefefbe62f30df6587c0cbec3272e is a merge commit
---> Commit message - master branch merged into scripting.
-----------------------------------------------------------------

Merge commit 127 is -> 
{ 706b6e58bab051bfa62e95216cb74b2892f23bc3 is a merge commit
---> Commit message - Merge pull request #69 from AquaGeek/patch-1

Minor spelling fixes
-----------------------------------------------------------------

Merge commit 128 is -> 
{ 5cb4850708d7ad9c035e7ee9534b05bb1b0e9d94 is a merge commit
---> Commit message - Merge branch 'unstable' of github.com:antirez/redis into unstable
-----------------------------------------------------------------

Merge commit 129 is -> 
{ 3d9704d33574a8f4598ef129dc2b42872b30d1eb is a merge commit
---> Commit message - Merge remote branch 'origin/unstable' into unstable
-----------------------------------------------------------------

Merge commit 130 is -> 
{ f65c8f654fafb6cc86804d8f4ca9cdd1b6d978db is a merge commit
---> Commit message - Merge remote-tracking branch 'origin/unstable' into unstable
-----------------------------------------------------------------

Merge commit 131 is -> 
{ b56567017dfc44b8e5071423423a48601cc4657e is a merge commit
---> Commit message - Merge remote-tracking branch 'origin/unstable' into unstable
-----------------------------------------------------------------

Merge commit 132 is -> 
{ e0ba14557e2b24d21e92be01afd2307f1cc57aac is a merge commit
---> Commit message - Merge pull request #77 from Poincare/patch-1

Added note about Tcl
-----------------------------------------------------------------

Merge commit 133 is -> 
{ af4707a80c8ff5bbca34e271d3b33fd23135c203 is a merge commit
---> Commit message - Merge remote-tracking branch 'origin/unstable' into bg-aof-2
-----------------------------------------------------------------

Merge commit 134 is -> 
{ 37183f14e4034c77283b5246d274cc54a6a90cda is a merge commit
---> Commit message - Merge remote-tracking branch 'origin/unstable' into bg-aof-2
-----------------------------------------------------------------

Merge commit 135 is -> 
{ 18be93e0a48455587812d700d5bf16505a592516 is a merge commit
---> Commit message - Merge pull request #74 from kmerenkov/issue_620

[issue 620] don't segfault if number of arguments is less than 1
-----------------------------------------------------------------

Merge commit 136 is -> 
{ 5bae401107b73b7cfa9cf5e4f1dc518f3687da7d is a merge commit
---> Commit message - Merge pull request #79 from annulen/mac_ppc

Fixed compilation on Mac/PPC
-----------------------------------------------------------------

Merge commit 137 is -> 
{ ac1f6fd07a15ac7a14f27b8a5f4b5fb3dc6cf8ac is a merge commit
---> Commit message - Merge pull request #78 from vambo/patch-1

Corrected typo in documentation for R_Zero, R_PosInf, R_NegInf, R_Nan;
-----------------------------------------------------------------

Merge commit 138 is -> 
{ 0ace6ce463695df1ff4c7ba848554f4c9b822f36 is a merge commit
---> Commit message - Merge pull request #72 from datafueled/spelling

Spelling fixes.
-----------------------------------------------------------------

Merge commit 139 is -> 
{ 7c748c061ecb630f52d0041c5d2497783aac5c06 is a merge commit
---> Commit message - Merge pull request #97 from jvain/redis-cli

redis-cli segfaults with single numeric argument greater than zero
-----------------------------------------------------------------

Merge commit 140 is -> 
{ f9c6f39b2b0039cf29df6597d41c124048c825cd is a merge commit
---> Commit message - merge conflicts resolved
-----------------------------------------------------------------

Merge commit 141 is -> 
{ cd73df62af0efeceeede6b71f14ceb31199f461c is a merge commit
---> Commit message - Merge pull request #114 from pietern/unstable-zcount

Use rank information to compute ZCOUNT
-----------------------------------------------------------------

Merge commit 142 is -> 
{ 093433c16ddf432e5005a6b45825febf448fc6a9 is a merge commit
---> Commit message - Merge pull request #118 from dvirsky/unstable

fixes to install scripts
-----------------------------------------------------------------

Merge commit 143 is -> 
{ dbf6bca4315db7cf03ae0d33a25c515b0b0849c8 is a merge commit
---> Commit message - Merge remote-tracking branch 'origin/unstable' into unstable
-----------------------------------------------------------------

Merge commit 144 is -> 
{ 70cb03e172a892e75542d895932b320ee7bf5167 is a merge commit
---> Commit message - Merge pull request #126 from florean/unstable

Unlink Unix socket file on shutdown
-----------------------------------------------------------------

Merge commit 145 is -> 
{ d0dc3d82042402816f640576a1e203cb7da86206 is a merge commit
---> Commit message - Merge pull request #146 from smly/fixed-redis-check-dump

Memory leak in redis-check-dump
-----------------------------------------------------------------

Merge commit 146 is -> 
{ 8f2af26c2c8ddcb78a801f04ac1a29a7411b5bb4 is a merge commit
---> Commit message - Merge remote-tracking branch 'origin/unstable' into unstable
-----------------------------------------------------------------

Merge commit 147 is -> 
{ 3a02bd96e757f2bb5659adfda1d57ea542ec49cf is a merge commit
---> Commit message - Merge pull request #147 from janoberst/unstable

Cleaned up redis root directory a tiny bit and changed links to github issues
-----------------------------------------------------------------

Merge commit 148 is -> 
{ 2f5abbfeb7fa928399d86889c14ebf8064706869 is a merge commit
---> Commit message - Merge branch 'unstable' of github.com:/antirez/redis into unstable
-----------------------------------------------------------------

Merge commit 149 is -> 
{ 404cd6450d8b7cd8fe905df831cd2755030f7aec is a merge commit
---> Commit message - Merge pull request #170 from bnoordhuis/fix-sunos-build

build: fix sunos build, compile lua with __C99FEATURES__=1
-----------------------------------------------------------------

Merge commit 150 is -> 
{ 66d8818cb751ab23e70e82fc5ab1017399f49109 is a merge commit
---> Commit message - Merge branch 'unstable' into ttlres
-----------------------------------------------------------------

Merge commit 151 is -> 
{ d4a3cfed9c95e0ca5f8bcc771f8844ad17895c69 is a merge commit
---> Commit message - Merge branch 'unstable' into incrbyfloat
-----------------------------------------------------------------

Merge commit 152 is -> 
{ 7b81e5a16ca577b7aa10dd0398cce4ba9cdf0842 is a merge commit
---> Commit message - Merge pull request #181 from redsquirrel/unstable

Fixing inject: it was failing when there was 1 or >2 sources
-----------------------------------------------------------------

Merge commit 153 is -> 
{ 32adb531560004cfb3597cbe87234f80eacf0e25 is a merge commit
---> Commit message - Merge pull request #192 from pietern/makefile

Add separate clean/distclean targets to Makefile
-----------------------------------------------------------------

Merge commit 154 is -> 
{ 5c85257b9615c050924f54b65b44ed54f49ac21d is a merge commit
---> Commit message - Merge pull request #193 from lamby/sparc-crash

Fix crash on SPARC due to improper alignment of allocated memory
-----------------------------------------------------------------

Merge commit 155 is -> 
{ 794e6ce14ff85f00b0d3e86365e9cc45a90d3bcf is a merge commit
---> Commit message - Merge pull request #173 from jasondavies/typo

Fix some minor typos.
-----------------------------------------------------------------

Merge commit 156 is -> 
{ 40f3ff21b7366defa4ae84ba93f4833a468669a1 is a merge commit
---> Commit message - Merge remote-tracking branch 'origin/unstable' into unstable
-----------------------------------------------------------------

Merge commit 157 is -> 
{ 4e5f63a60c36f58bdecedc43262e7f89e28656d7 is a merge commit
---> Commit message - Merge pull request #199 from jerem/patch-1

Fixed a typo in comments.
-----------------------------------------------------------------

Merge commit 158 is -> 
{ 1b2962c61fd47730924489b689a39ffda6b88a80 is a merge commit
---> Commit message - Merge remote-tracking branch 'origin/unstable' into unstable
-----------------------------------------------------------------

Merge commit 159 is -> 
{ 07ac2daaaa6c844cc3171c8f01ad5ad7e786e2ea is a merge commit
---> Commit message - Merge pull request #209 from woowenjie/unstable

clean REDIS_DIRTY_CAS when discard Command runs. otherwise the next MULT...
-----------------------------------------------------------------

Merge commit 160 is -> 
{ 2753acf1d642628d01de0d2a477c5d905fb761bc is a merge commit
---> Commit message - Merge pull request #208 from jbergstroem/jemalloc-2.2.5

Update to jemalloc 2.2.5
-----------------------------------------------------------------

Merge commit 161 is -> 
{ da33edbc58282eed2d48ccb62babf39d0cb748e7 is a merge commit
---> Commit message - Merge remote-tracking branch 'origin/unstable' into unstable
-----------------------------------------------------------------

Merge commit 162 is -> 
{ 24accab2aa62f6ed1b87c6178f2003e37f0adbfd is a merge commit
---> Commit message - Merge remote-tracking branch 'origin/unstable' into unstable
-----------------------------------------------------------------

Merge commit 163 is -> 
{ 7d5209d7d36cf1f3978f3ca09a831f0c1a9f26e2 is a merge commit
---> Commit message - Merge pull request #258 from miaout17/bugfix-247

Fix issue #247 and add a test case
-----------------------------------------------------------------

Merge commit 164 is -> 
{ fc96409f9193a7fda1dd509d16769272453f36c0 is a merge commit
---> Commit message - Merge remote-tracking branch 'origin/unstable' into aof-fixes
-----------------------------------------------------------------

Merge commit 165 is -> 
{ d334281c802bc94e99475557ed341d356af0ab54 is a merge commit
---> Commit message - Merge remote-tracking branch 'origin/unstable' into unstable
-----------------------------------------------------------------

Merge commit 166 is -> 
{ d9b952211c4f4ae46bcd4afda83966fdd5b4c1cd is a merge commit
---> Commit message - Merge pull request #268 from diegok/unstable

Fixed a config docs typo.
-----------------------------------------------------------------

Merge commit 167 is -> 
{ 2ebd2720b37dcca3b6e0c18377bd69e9eaf541fc is a merge commit
---> Commit message - Merge remote-tracking branch 'origin/unstable' into unstable
-----------------------------------------------------------------

Merge commit 168 is -> 
{ a11c87477754322863a51c22cb6a7614ba8ebaf0 is a merge commit
---> Commit message - Merge pull request #279 from kashif/patch-1

Fixed some typos in redis.conf.
-----------------------------------------------------------------

Merge commit 169 is -> 
{ f7ccc4830bfd9345452027020c12c100d01090ef is a merge commit
---> Commit message - Merge remote-tracking branch 'origin/unstable' into unstable
-----------------------------------------------------------------

Merge commit 170 is -> 
{ 890da62eea16bbf67be0c92cf16eba191f8e828e is a merge commit
---> Commit message - Merge branch 'unstable' into limits
-----------------------------------------------------------------

Merge commit 171 is -> 
{ c69ad1f24e379e9708c562cc8cda12691a000595 is a merge commit
---> Commit message - Merge branch 'unstable' into limits
-----------------------------------------------------------------

Merge commit 172 is -> 
{ 9b810f1cde23485ca435bd90754d9a5c1ecfafe7 is a merge commit
---> Commit message - Merge branch 'unstable' into limits
-----------------------------------------------------------------

Merge commit 173 is -> 
{ a30a8ae7ba55cd7912dbfb78eef1d3963215ff6c is a merge commit
---> Commit message - Merge branch 'unstable' into limits
-----------------------------------------------------------------

Merge commit 174 is -> 
{ 824ea0177f19218d925feefbfe836718c46351d5 is a merge commit
---> Commit message - Merge pull request #321 from mkwiatkowski/ticket227

SORT with STORE removes key if result is empty. This fixes issue #227.
-----------------------------------------------------------------

Merge commit 175 is -> 
{ eb7d19ed69c438b102ef7cb35195281c13a850ee is a merge commit
---> Commit message - Merge pull request #319 from fawek/lua-error-location

Lua reports line numbers off by one in error messages
-----------------------------------------------------------------

Merge commit 176 is -> 
{ d1c4c94ebf918b908691ab7f58f872b04d93f3f9 is a merge commit
---> Commit message - Merge remote-tracking branch 'origin/unstable' into unstable
-----------------------------------------------------------------

Merge commit 177 is -> 
{ 5e985e795dda8a77a87094bd9160c9c48fbf85fd is a merge commit
---> Commit message - Merge pull request #334 from lsbardel/quantredis

added lua struct c extension
-----------------------------------------------------------------

Merge commit 178 is -> 
{ 18aa2b87b6db7fa79b0596590aa385adcbc64e53 is a merge commit
---> Commit message - Merge remote-tracking branch 'origin/unstable' into unstable
-----------------------------------------------------------------

Merge commit 179 is -> 
{ 48a32944e6b5e30754701109ff23d85a418d3d4d is a merge commit
---> Commit message - Merge branch 'issue327' into unstable
-----------------------------------------------------------------

Merge commit 180 is -> 
{ 30c06ae6b43a5909d842011cc6dd1443d056c684 is a merge commit
---> Commit message - Merge pull request #347 from pietern/unstable-segv

Force SIGSEGV without HAVE_BACKTRACE (unstable)
-----------------------------------------------------------------

Merge commit 181 is -> 
{ 467d703eadd1578f93544bb5a7b6e40685a3b8ac is a merge commit
---> Commit message - Merge remote-tracking branch 'origin/unstable' into unstable
-----------------------------------------------------------------

Merge commit 182 is -> 
{ dbb27a0a90ca3800f5be1d8170e404b9e7b9bc44 is a merge commit
---> Commit message - Merge pull request #304 from bradvoth/unstable

Simple install script changes
-----------------------------------------------------------------

Merge commit 183 is -> 
{ 64ef44d56835d068592e10eb588a8daad2168a08 is a merge commit
---> Commit message - Merge pull request #362 from fawek/mac-build-fix

Fix the build on Mac OS X, where features.h is non-existent
-----------------------------------------------------------------

Merge commit 184 is -> 
{ 8562798308391d489016b3995d438b6187b5980a is a merge commit
---> Commit message - Merge conflicts resolved.
-----------------------------------------------------------------

Merge commit 185 is -> 
{ 79642420b0bc343f29738340d2da5444e5d2d241 is a merge commit
---> Commit message - Merge pull request #378 from quiver/unstable

fix typo of redis.conf
-----------------------------------------------------------------

Merge commit 186 is -> 
{ 0f9997845af236097c8802771cca3cff84c4e77b is a merge commit
---> Commit message - Merge remote-tracking branch 'origin/unstable' into unstable
-----------------------------------------------------------------

Merge commit 187 is -> 
{ 44f26aea0cf05635b3402b82e6d0b8ffd4fe1340 is a merge commit
---> Commit message - Merge pull request #407 from anydot/fixes

Fixes around time usage
-----------------------------------------------------------------

Merge commit 188 is -> 
{ e4669c045d5bc0f7420814cb66f13f03ac29e29a is a merge commit
---> Commit message - Merge pull request #389 from huangz1990/patch-1

fix typo
-----------------------------------------------------------------

Merge commit 189 is -> 
{ 1043c8064bce1ffaaa89c9358889bf0ea0b33f51 is a merge commit
---> Commit message - Merge branch 'watchdog' into unstable
-----------------------------------------------------------------

Merge commit 190 is -> 
{ a7138a4cf8301c1eab82d5881aa831ed38d4028c is a merge commit
---> Commit message - Merge pull request #425 from ThePicard/unstable

chkconfig in install_server.sh doesn't work because of a typo
-----------------------------------------------------------------

Merge commit 191 is -> 
{ 2281f90c9b9d9274119493ca7b72daec8a509b95 is a merge commit
---> Commit message - Merge remote-tracking branch 'origin/unstable' into unstable
-----------------------------------------------------------------

Merge commit 192 is -> 
{ 0d5f4ba7cde2efa859a5ea04d59079b5909d537a is a merge commit
---> Commit message - Merge pull request #431 from anydot/f-signal

allocate alternate signal stack, change of sigaction flags for sigterm
-----------------------------------------------------------------

Merge commit 193 is -> 
{ d84f776e873ea93f22dc230e2b10ee70a8a6cd2e is a merge commit
---> Commit message - Merge pull request #426 from anydot/fix-rm-vm-comments

remove mentions of VM in comments
-----------------------------------------------------------------

Merge commit 194 is -> 
{ 0934a4df93e6e62e65094142cd01294d9de3087e is a merge commit
---> Commit message - Merge pull request #430 from anydot/f-testsuite

Two changes of testsuite (killing redis and new option)
-----------------------------------------------------------------

Merge commit 195 is -> 
{ 0d83011a11b42fe1b0d1bebb7b9a3318fd44f0e5 is a merge commit
---> Commit message - Merge pull request #449 from ErikDubbelboer/unstable

added explanation for the magic 511 backlog number
-----------------------------------------------------------------

Merge commit 196 is -> 
{ 93a74949d7bb5d0c4115d1bf45f856c368badf31 is a merge commit
---> Commit message - Merge branch 'strict.lua' into unstable
-----------------------------------------------------------------

Merge commit 197 is -> 
{ d162f9eb64f9f9dbb121929f5f88cdde4b76e816 is a merge commit
---> Commit message - Merge pull request #456 from pietern/unstable-mkopts

Persist Makefile flags (unstable)
-----------------------------------------------------------------

Merge commit 198 is -> 
{ 28d1ee2cda01bccdd2424f8fdbb4a924de37eaa3 is a merge commit
---> Commit message - Merge pull request #414 from chobits/unstable

fix typos in tests/assets/default.conf
-----------------------------------------------------------------

Merge commit 199 is -> 
{ 7d3ee4172f52bf94185960799c1d12c16ed96ff7 is a merge commit
---> Commit message - Merge pull request #440 from ErikDubbelboer/spelling

Fixed some spelling errors in comments
-----------------------------------------------------------------

Merge commit 200 is -> 
{ 92cc20ecfe195e3f08832200b1efc8911fe586f8 is a merge commit
---> Commit message - Merge remote-tracking branch 'origin/unstable' into unstable
-----------------------------------------------------------------

Merge commit 201 is -> 
{ c22e0eecd5624d498ec6ee10f6b449ec5ff28c8e is a merge commit
---> Commit message - Merge pull request #461 from schlenk/unstable

Replace some unnecessary calls to echo and cat in tests
-----------------------------------------------------------------

Merge commit 202 is -> 
{ d344228734dccb1dc67a1fe7e80825c5e49a8199 is a merge commit
---> Commit message - Merge pull request #421 from ErikDubbelboer/sds-const

Added consts keyword where possible
-----------------------------------------------------------------

Merge commit 203 is -> 
{ d445988c68bd795b1f9b79057513d46b062f4596 is a merge commit
---> Commit message - Merge pull request #481 from dtran320/unstable

Spelling: s/synchrnonization/synchronization
-----------------------------------------------------------------

Merge commit 204 is -> 
{ 57356b80cddd203086e932a09a8916a925cb8cf6 is a merge commit
---> Commit message - Merge remote-tracking branch 'origin/unstable' into unstable
-----------------------------------------------------------------

Merge commit 205 is -> 
{ abf54ee73c9dcfa26a1caefcb51cd0b0ee9b3afd is a merge commit
---> Commit message - Merge pull request #494 from quiver/init-fixes

fix several bugs of init.d scripts
-----------------------------------------------------------------

Merge commit 206 is -> 
{ 96b8ff3760b18d2962410322a56308d8410917c8 is a merge commit
---> Commit message - Merge pull request #552 from tnm/unstable

Standardize punctuation in redis-cli help.
-----------------------------------------------------------------

Merge commit 207 is -> 
{ a2db8e4801968c5a5a163390aec17027810bae38 is a merge commit
---> Commit message - Merge pull request #569 from jokea/unstable

mark fd as writable when EPOLLERR or EPOLLHUP is returned by epoll_wait.
-----------------------------------------------------------------

Merge commit 208 is -> 
{ cddf5946fcdf5f9860d0e2a1b90135d8c25b5841 is a merge commit
---> Commit message - Merge pull request #593 from steevel/unstable

Check that we have connection before enabling pipe mode
-----------------------------------------------------------------

Merge commit 209 is -> 
{ 03f412ddef44726ac32fa2f33a40037adb1b1b13 is a merge commit
---> Commit message - Merge remote-tracking branch 'origin/unstable' into unstable
-----------------------------------------------------------------

Merge commit 210 is -> 
{ 7c15dd15965e659f822d1620b006caba06d5e298 is a merge commit
---> Commit message - Merge pull request #602 from mrb/sentinel_docs

Some cleanup in sentinel.conf
-----------------------------------------------------------------

Merge commit 211 is -> 
{ 42c571864e38016d5711e4cd55fb87dd411a064e is a merge commit
---> Commit message - Merge pull request #603 from mrb/fix_sentinel_config_warning

Fix warning in redis.c for sentinel config load
-----------------------------------------------------------------

Merge commit 212 is -> 
{ a3593ee4d09b28142850694a2a0d977eac4819c1 is a merge commit
---> Commit message - Merge pull request #604 from jzawodn/patch-1

comment fix
-----------------------------------------------------------------

Merge commit 213 is -> 
{ 04950a9e4dfb74a132e523ccbb7932a2394b832a is a merge commit
---> Commit message - Merge pull request #586 from saj/aof_last_bgrewrite_status

New in INFO: aof_last_bgrewrite_status
-----------------------------------------------------------------

Merge commit 214 is -> 
{ ed7b308c1c369d7a004b6f7a72e01ad1eddb5ac3 is a merge commit
---> Commit message - Merge pull request #587 from saj/truncate-short-write-from-aof

Truncate short write from the AOF
-----------------------------------------------------------------

Merge commit 215 is -> 
{ f3a61431999ce99b1823de8ba7d8566a22d7566e is a merge commit
---> Commit message - Merge pull request #606 from badboy/patch-1

Include sys/wait.h to avoid compiler warning
-----------------------------------------------------------------

Merge commit 216 is -> 
{ 7f5bdba4343cf32c8ae7d38a3f6d0d163677c14c is a merge commit
---> Commit message - Merge remote-tracking branch 'origin/unstable' into unstable
-----------------------------------------------------------------

Merge commit 217 is -> 
{ 2990c366e8286a057fb016b078b00af2476c6be1 is a merge commit
---> Commit message - Merge pull request #613 from tobstarr/patch-1

Fix version numbers
-----------------------------------------------------------------

Merge commit 218 is -> 
{ 724371d748b86da4459e42c8d855d07aef20bdb3 is a merge commit
---> Commit message - Merge pull request #628 from pietern/unstable-zip

Fix ziplist edge case
-----------------------------------------------------------------

Merge commit 219 is -> 
{ 24bc807b5c781ba0f8d0582d47bde237d6748a5d is a merge commit
---> Commit message - Merge pull request #576 from saj/fix-slave-ping-period

Bug fix: slaves being pinged every second
-----------------------------------------------------------------

Merge commit 220 is -> 
{ d10a01bb6d8645f66b66e1fb3d1c52a0dd7bd8fe is a merge commit
---> Commit message - Merge pull request #707 from NanXiao/patch-1

Update src/redis-benchmark.c
-----------------------------------------------------------------

Merge commit 221 is -> 
{ ecd82f59fe5296de2733154bfcf1a4b95d4547aa is a merge commit
---> Commit message - Merge pull request #693 from ghurrell/dict-h-typos

Fix (cosmetic) typos in dict.h
-----------------------------------------------------------------

Merge commit 222 is -> 
{ 021d16b6430b39f7709a70466007df1ca16867e5 is a merge commit
---> Commit message - Merge pull request #726 from yamt/typo

fix a typo in a comment
-----------------------------------------------------------------

Merge commit 223 is -> 
{ 06851a93de54c4d9bb0a6c52234ef5bb3db07d96 is a merge commit
---> Commit message - Merge pull request #741 from Run/typo

fix a typo in redis.h line 595 comment
-----------------------------------------------------------------

Merge commit 224 is -> 
{ a779b7e901e9f863dc195d3590b554a917a0b3e2 is a merge commit
---> Commit message - Merge branch 'migrate-cache' into unstable
-----------------------------------------------------------------

Merge commit 225 is -> 
{ 23d517d2c4345abb896d58cb6ce6e5accd88d3d5 is a merge commit
---> Commit message - Merge pull request #787 from charsyam/remove-warning-bio

remove compile warning bioKillThreads
-----------------------------------------------------------------

Merge commit 226 is -> 
{ c87a40897c82c4936563dee24bac481d970dc510 is a merge commit
---> Commit message - Merge remote-tracking branch 'origin/unstable' into unstable
-----------------------------------------------------------------

Merge commit 227 is -> 
{ bf0852e5ed56dfbe32e19d926f8d5cc76f750cc8 is a merge commit
---> Commit message - Merge pull request #807 from bmcmanus/issue-804

Resolution for Issue #804 Add Default-Start and Default-Stop LSB tags for RedHat startup...
-----------------------------------------------------------------

Merge commit 228 is -> 
{ a4d68dc5419121660bd8f992d58e1e46075a371a is a merge commit
---> Commit message - Merge pull request #824 from ptjm/unstable

Define _XOPEN_SOURCE appropriately on NetBSD.
-----------------------------------------------------------------

Merge commit 229 is -> 
{ 21b3ff9ba0f182f1f25e419b5c84f0833d746255 is a merge commit
---> Commit message - Merge pull request #893 from nparry/fix-redis-cli-rdb

redis-cli --rdb fails if server sends a ping
-----------------------------------------------------------------

Merge commit 230 is -> 
{ 947f1689d3071ff9e7a91f50347ec226fd20366e is a merge commit
---> Commit message - Merge pull request #896 from bitterb/fix-client-command-error-message

Fix an error reply for CLIENT command
-----------------------------------------------------------------

Merge commit 231 is -> 
{ 74f137308e67684091fb099e10b3434a676d6f85 is a merge commit
---> Commit message - Merge pull request #895 from badboy/catch_con_error

redis-cli: always exit if connection fails.
-----------------------------------------------------------------

Merge commit 232 is -> 
{ 61dfc2e5217361b21258ae0cc408e9b719c8565e is a merge commit
---> Commit message - Merge pull request #887 from charsyam/redis-cli-prompt

redis-cli prompt bug fix
-----------------------------------------------------------------

Merge commit 233 is -> 
{ 4698f6756bc9cdb78dc2841ec33871ecf6b20372 is a merge commit
---> Commit message - Merge pull request #884 from kaerast/patch-1

Typo in sentinel.conf
-----------------------------------------------------------------

Merge commit 234 is -> 
{ 6db93e6740936f6ee6f8bf90d04a30f77dbf265d is a merge commit
---> Commit message - Merge pull request #883 from deepsolo9/fix-typos-deepsolo9

fixed some typos in Redis.c
-----------------------------------------------------------------

Merge commit 235 is -> 
{ 442235fe40162632f3ac27b575b3fd11fc59a560 is a merge commit
---> Commit message - Merge pull request #869 from bilalhusain/patch-2

s/adiacent/adjacent/
-----------------------------------------------------------------

Merge commit 236 is -> 
{ aca005c246bdf6ba294c743d115d1c5b8bfbcc98 is a merge commit
---> Commit message - Merge pull request #914 from catwell/unstable

fix comments forgotten in #285 (zipmap -> ziplist)
-----------------------------------------------------------------

Merge commit 237 is -> 
{ 74f4f29880b4a41e01554c7d5119c5ad50aa3f5b is a merge commit
---> Commit message - Merge pull request #929 from ltnwgl/unstable

Fix a bug in srandmemberWithCountCommand()
-----------------------------------------------------------------

Merge commit 238 is -> 
{ f95b393603acb9a19ceb1814bded19c417e07c9d is a merge commit
---> Commit message - Merge pull request #928 from davidcelis/unstable

Fix a few typos and improve grammar of redis.conf
-----------------------------------------------------------------

Merge commit 239 is -> 
{ 58463e05051ef30afdb20eac28b3344b3132ba94 is a merge commit
---> Commit message - Merge pull request #933 from RockLi/unstable

retval doesn't initalized
-----------------------------------------------------------------

Merge commit 240 is -> 
{ bb7aa1772c69ed128f8f33a9dce457736a67031f is a merge commit
---> Commit message - Merge pull request #906 from jbergstroem/tclsh-agnostic

Make redis test suite tcl version agnostic, v2
-----------------------------------------------------------------

Merge commit 241 is -> 
{ 3043f890a5581d0847cb03f12d3e85039a15cd95 is a merge commit
---> Commit message - Merge pull request #941 from svnpenn/patch-1

Format to fit 80 columns
-----------------------------------------------------------------

Merge commit 242 is -> 
{ 7f9bc42f1717ba2b6f8cabf2d196b0d906859dca is a merge commit
---> Commit message - Merge remote-tracking branch 'origin/unstable' into unstable
-----------------------------------------------------------------

Merge commit 243 is -> 
{ 522c3255db7642d97ed823ec1b3bab66771f5167 is a merge commit
---> Commit message - Merge branch 'unstable' of github.com:antirez/redis into unstable
-----------------------------------------------------------------

Merge commit 244 is -> 
{ b26bb768bcb83627e5cbc035d6355f1c0f6c818f is a merge commit
---> Commit message - Merge pull request #969 from serphen/unstable

Fix error "repl-backlog-size must be 1 or greater"
-----------------------------------------------------------------

Merge commit 245 is -> 
{ 174e51cb75323f2d81e71af16f961a3679d1a0ad is a merge commit
---> Commit message - Merge pull request #967 from 0x20h/fix-git-diff

suppress external diff program when using git diff.
-----------------------------------------------------------------

Merge commit 246 is -> 
{ 9925c7c670067684db883876fd6cb0b3dc78ba61 is a merge commit
---> Commit message - Merge pull request #1001 from djanowski/fatal-errors-rdb-load

Abort when opening the RDB file results in an error other than ENOENT.
-----------------------------------------------------------------

Merge commit 247 is -> 
{ afce0106391213721775d6c0888dba26db7793fa is a merge commit
---> Commit message - Merge pull request #1003 from NanXiao/patch-3

Update config.c
-----------------------------------------------------------------

Merge commit 248 is -> 
{ 63457d1a5d366b89405e057960d4d8d985cbdbba is a merge commit
---> Commit message - Merge pull request #1017 from jbergstroem/build-improvements

Build improvements
-----------------------------------------------------------------

Merge commit 249 is -> 
{ c1ae7d2377d716bec7d064fff71ea37a66293f48 is a merge commit
---> Commit message - Merge pull request #1093 from july2993/unstable

in 32bit machine, popcount don't work with a input string length up to 5...
-----------------------------------------------------------------

Merge commit 250 is -> 
{ 92f18d04a04918651825e34caa7372c6790aff7e is a merge commit
---> Commit message - Merge branch 'config-rewrite' into unstable
-----------------------------------------------------------------

Merge commit 251 is -> 
{ 82d782d3b56b19f4969b045b3195ea6853290d1e is a merge commit
---> Commit message - Merge pull request #819 from Keruspe/unstable

test-server: only listen to 127.0.0.1
-----------------------------------------------------------------

Merge commit 252 is -> 
{ b96ba52cfabc97496cf9485394ab5cec5d2162c0 is a merge commit
---> Commit message - Merge pull request #1124 from ioddly/fix-issue-1121

Try to report source of bad Lua API calls
-----------------------------------------------------------------

Merge commit 253 is -> 
{ b0c2cdd6a788e736ef7b24d2a7e96e174f76365b is a merge commit
---> Commit message - Merge pull request #1167 from badboy/patch-1

Initialize char* to NULL to remove compiler warning
-----------------------------------------------------------------

Merge commit 254 is -> 
{ bae60ede1d60687f1240258c9298d3515b24b091 is a merge commit
---> Commit message - Merge pull request #1111 from yamt/netbsd3

netbsd support
-----------------------------------------------------------------

Merge commit 255 is -> 
{ 7d626d49753672147792070bf290d8ff470b14cf is a merge commit
---> Commit message - Merge pull request #776 from charsyam/ziplist-bug

fix randstring bug in ziplist.c
-----------------------------------------------------------------

Merge commit 256 is -> 
{ 2ed64e1f7a1724ee57e92a1a502f32134ac4d99a is a merge commit
---> Commit message - Merge pull request #1192 from badboy/ipv6-rediscli

Wrap IPv6 in brackets in the prompt.
-----------------------------------------------------------------

Merge commit 257 is -> 
{ 34e20658307ae47bba4b4e14198534b361f4a642 is a merge commit
---> Commit message - Merge pull request #1193 from tnm/patch-1

Make sure the log standardizes on 'timeout'
-----------------------------------------------------------------

Merge commit 258 is -> 
{ de698798bc20dee17840ed2ba75fb609d42c8eb1 is a merge commit
---> Commit message - Merge pull request #1234 from badboy/patch-2

Little typo
-----------------------------------------------------------------

Merge commit 259 is -> 
{ 038e356dbc9b33a52bc1e4eb432665d2274f7a27 is a merge commit
---> Commit message - Merge pull request #1214 from kaoshijuan/unstable

fixed initServer fail problem
-----------------------------------------------------------------

Merge commit 260 is -> 
{ 6fa9b1a420769e8cce2e337628b4f9ce730c2909 is a merge commit
---> Commit message - Merge branch 'bettercluster' into unstable
-----------------------------------------------------------------

Merge commit 261 is -> 
{ b5ec3ede7a9714e32f08ef9b9c13dbcf3612c738 is a merge commit
---> Commit message - Merge pull request #1365 from yaauie/deprecate-redis-copy-script

Deprecate utils/redis-copy.rb in favor of redis-copy gem
-----------------------------------------------------------------

Merge commit 262 is -> 
{ e1a1d904dec30ccec2ee17d634d97b72f1b23fb0 is a merge commit
---> Commit message - Merge branch 'unstable' of github.com:/antirez/redis into unstable
-----------------------------------------------------------------

Merge commit 263 is -> 
{ 1ca56ea7962e9c0b25a9d77745ddcf046fd07804 is a merge commit
---> Commit message - Merge branch 'newsentinel' into unstable
-----------------------------------------------------------------

Merge commit 264 is -> 
{ c7136269c6fee1fa5a704f7f157f73ba74380965 is a merge commit
---> Commit message - Merge pull request #1401 from huangz1990/fix_sentinel_bug

fix a bug in sentinel.c about pub/sub link
-----------------------------------------------------------------

Merge commit 265 is -> 
{ cbaad0b26f959b71e8585c34daf6ed9f12747462 is a merge commit
---> Commit message - Merge pull request #1437 from AnuragRamdasan/patch-1

Fixed grammar: 'usually' to 'usual'
-----------------------------------------------------------------

Merge commit 266 is -> 
{ 026e561446453b928244c380639266a3e7c795b3 is a merge commit
---> Commit message - Merge pull request #1438 from AnuragRamdasan/patch-2

fixed typo
-----------------------------------------------------------------

Merge commit 267 is -> 
{ 2ef57f8d47b43bb80baf6b3fd7e148a06d64f008 is a merge commit
---> Commit message - Merge pull request #1439 from AnuragRamdasan/patch-3

Grammar fix.
-----------------------------------------------------------------

Merge commit 268 is -> 
{ 0a89d9a0b1abcbd91e7c8a83d6fa9e3aaefbb556 is a merge commit
---> Commit message - Merge pull request #1451 from yossigo/unbalanced-quotes-fix

Return proper error on requests with an unbalanced number of quotes.
-----------------------------------------------------------------

Merge commit 269 is -> 
{ a99c751d6c136f3ada83c1c8fd2b0d3c2c6cf297 is a merge commit
---> Commit message - Merge pull request #1460 from codeeply/simplify2

comment mistake fixed
-----------------------------------------------------------------

Merge commit 270 is -> 
{ 62e4956936717aaf192e2ca8b42d6eed464edba5 is a merge commit
---> Commit message - Merge pull request #1415 from Dieken/fix-typo

fix typo in redis.conf and sentinel.conf
-----------------------------------------------------------------

Merge commit 271 is -> 
{ b0335287ac1ff54c302a2eb1bcfc0df99f1360af is a merge commit
---> Commit message - Merge pull request #1534 from gdi2290/patch-1

update copyright year
-----------------------------------------------------------------

Merge commit 272 is -> 
{ 1d7d1d9b1fb27b23321c7a9e8adac7d6c1122d2a is a merge commit
---> Commit message - Merge pull request #1559 from mattsta/more-detailed-process-title

Add cluster or sentinel to proc title
-----------------------------------------------------------------

Merge commit 273 is -> 
{ e16333285813c8dc5d1af3a55aeb7e81e91f01cb is a merge commit
---> Commit message - Merge pull request #1545 from mattsta/fix-redis-cli-sync

Deny SYNC and PSYNC in redis-cli
-----------------------------------------------------------------

Merge commit 274 is -> 
{ 55e36e1132e0d13e788629f72ccb5d92e6fc6ae2 is a merge commit
---> Commit message - Merge branch 'bigkeys_scan' of git://github.com/michael-grunder/redis into unstable
-----------------------------------------------------------------

Merge commit 275 is -> 
{ 5edc7f76edb8d4e6786be2a2ad44af6564c303cd is a merge commit
---> Commit message - Merge pull request #1565 from mattsta/fix-cluster-ipv6-addr

Fix IP representation in clusterMsgDataGossip
-----------------------------------------------------------------

Merge commit 276 is -> 
{ addd4de9c1886f683b9f5220b5ada15ea3312d3b is a merge commit
---> Commit message - Merge branch 'unstable' of github.com:/antirez/redis into unstable
-----------------------------------------------------------------

Merge commit 277 is -> 
{ 68d6d1597f3c346d8a011314c1e255cc296d1c90 is a merge commit
---> Commit message - Merge pull request #1572 from mattsta/consistent-max-memory-info

Force INFO used_memory_peak to match peak memory
-----------------------------------------------------------------

Merge commit 278 is -> 
{ 0c1bb1313c4ae33cb3cb8f4f16f8ad415ed85a75 is a merge commit
---> Commit message - Merge branch 'unstable' of github.com:/antirez/redis into unstable
-----------------------------------------------------------------

Merge commit 279 is -> 
{ e41a3edfab107acf9241cfc1db5ddece8e9fc9ff is a merge commit
---> Commit message - Merge branch 'cli_improved_bigkeys' of git://github.com/michael-grunder/redis into unstable
-----------------------------------------------------------------

Merge commit 280 is -> 
{ 54e99fb2266f12070b905ad1e8f9638625126056 is a merge commit
---> Commit message - Merge pull request #1578 from badboy/patch-5

Small typo fixed
-----------------------------------------------------------------

Merge commit 281 is -> 
{ b74c899da39dc52ce38801a447ef15459ae02466 is a merge commit
---> Commit message - Merge branch 'unstable' of github.com:/antirez/redis into unstable
-----------------------------------------------------------------

Merge commit 282 is -> 
{ bbf39b7a3a6d1860abb59aae1af3f91eb13962c3 is a merge commit
---> Commit message - Merge pull request #1576 from Hailei/fix-lruidletime-comment

Fix REDIS_LRU_CLOCK_MAX's value
-----------------------------------------------------------------

Merge commit 283 is -> 
{ 3b0edb80ecf0f8702b484fed9cb3aaccc63f60ed is a merge commit
---> Commit message - Merge pull request #1567 from mattsta/fix-cluster-join

Bind source address for cluster communication
-----------------------------------------------------------------

Merge commit 284 is -> 
{ 442b06db54b98189a472e2ebacf31090c61571e6 is a merge commit
---> Commit message - Merge pull request #1555 from mattsta/cluster-port-error-out

Cluster port error out
-----------------------------------------------------------------

Merge commit 285 is -> 
{ aca6cb529bf27b29e7bec4050371a852fb3e8222 is a merge commit
---> Commit message - Merge pull request #1586 from mattsta/fix-zunioninterstorekeys

Fix key extraction for z{union,inter}store
-----------------------------------------------------------------

Merge commit 286 is -> 
{ c65b75e740ae6f3321b90627fad9c86a8cb3b9ac is a merge commit
---> Commit message - Merge pull request #1608 from mattsta/fix-sentinel-current-epoch-segfault

Fix segfault from accessing array out of bounds
-----------------------------------------------------------------

Merge commit 287 is -> 
{ 68a3af5f9c17217287d9abcb3552d87b68ac0b2f is a merge commit
---> Commit message - Merge pull request #1609 from badboy/install_server-fix

Finally fix the `install_server.sh` script.
-----------------------------------------------------------------

Merge commit 288 is -> 
{ 896e15f3e3632fb368af8fc8657e2e553844d390 is a merge commit
---> Commit message - Merge pull request #1627 from badboy/lru-fix

Fixed a few typos.
-----------------------------------------------------------------

Merge commit 289 is -> 
{ a006fcb8a77127e38bc45c7a622281b622623bf8 is a merge commit
---> Commit message - Merge pull request #1628 from mattsta/fix-trib-create

Cluster: Fix trib create when masters==replicas
-----------------------------------------------------------------

Merge commit 290 is -> 
{ 8e6625e6ae8a77d6c0869d8e5d5409bc6068cfd1 is a merge commit
---> Commit message - Merge pull request #1629 from mattsta/fix-trib-master-assignment

Cluster: Restore proper trib master iteration
-----------------------------------------------------------------

Merge commit 291 is -> 
{ 906c4d77c0e4d365da4ce7169e84700df9ab8429 is a merge commit
---> Commit message - Merge pull request #1617 from mattsta/remove-unused-warning

Cluster: remove variable causing warning
-----------------------------------------------------------------

Merge commit 292 is -> 
{ 7f1c3607ec17542fe59427591f0bbf8528d48a7b is a merge commit
---> Commit message - Merge pull request #1606 from mattsta/fix-disk-full-dataloss

Fix data loss when save AOF/RDB with no free space
-----------------------------------------------------------------

Merge commit 293 is -> 
{ fc0fb0bad35d31c422395d9f71eaf829bb2d240d is a merge commit
---> Commit message - Merge pull request #1635 from mattsta/lruclock-instead-of-getlruclock

Use LRU_CLOCK() instead of function getLRUClock()
-----------------------------------------------------------------

Merge commit 294 is -> 
{ 72c5ebcba44d34efcb3f7a0afe9e21ec65a42b31 is a merge commit
---> Commit message - Merge pull request #1630 from mattsta/fix-infinite-loop-ulimit

Fix infinite loop ulimit
-----------------------------------------------------------------

Merge commit 295 is -> 
{ cef505d7390c5f5c7268fc0589cad90beb39f16f is a merge commit
---> Commit message - Merge pull request #1646 from raydog/unstable

Change HLL* to PF* in a few spots
-----------------------------------------------------------------

Merge commit 296 is -> 
{ fdaab0234787d1bb835680825ea919d7cba3723e is a merge commit
---> Commit message - Merge remote-tracking branch 'upstream/unstable' into unstable
-----------------------------------------------------------------

Merge commit 297 is -> 
{ e0918a332dd2fd03c39df4b86007a423160dc6b2 is a merge commit
---> Commit message - Merge pull request #1701 from kingsumos/node_description

fix cluster node description showing wrong slot allocation
-----------------------------------------------------------------

Merge commit 298 is -> 
{ 32c917964efb7c617597a409e02deef9952763f8 is a merge commit
---> Commit message - Merge pull request #1677 from mattsta/expire-before-delete

Check key expiration before deleting
-----------------------------------------------------------------

Merge commit 299 is -> 
{ 04d901aed5e93c91f6642797f400bdc7f010086a is a merge commit
---> Commit message - Merge pull request #1762 from trink/unstable

Correct the HyperLogLog stale cache flag to prevent unnecessary computat...
-----------------------------------------------------------------

Merge commit 300 is -> 
{ ce7c47265bfd133e0205152820f89a04b16333ef is a merge commit
---> Commit message - Merge pull request #1764 from michael-grunder/lua_cache_segfault

Fix LUA_OBJCACHE segfault.
-----------------------------------------------------------------

Merge commit 301 is -> 
{ ce2b2f22d9858eeb31ed7159d9e33b620da10c24 is a merge commit
---> Commit message - Merge branch 'unstable' of github.com:/antirez/redis into unstable
-----------------------------------------------------------------

Merge commit 302 is -> 
{ 3e0aef1e2e7e9cf9ef3bc3a0d63c57499295cf14 is a merge commit
---> Commit message - Merge pull request #1775 from mattsta/fix-test-against-new-PID-format

Fix test framework to detect proper server PID
-----------------------------------------------------------------

Merge commit 303 is -> 
{ 1e221d101cd834c8f13fe570ce4ee2c69bffa109 is a merge commit
---> Commit message - Merge pull request #1788 from zionwu/unstable

fix issue 1787
-----------------------------------------------------------------

Merge commit 304 is -> 
{ e8ebd7d0e05b72d3ab749093493ee3c1cf7023d0 is a merge commit
---> Commit message - Merge pull request #1789 from yoav-steinberg/fix_eval_in_tests

Fix eval usage in tests to conform with eval semantics
-----------------------------------------------------------------

Merge commit 305 is -> 
{ 113be48221ad07706a15f253657cc805acb8047a is a merge commit
---> Commit message - Merge pull request #1780 from badboy/patch-8

Small typo fixed
-----------------------------------------------------------------

Merge commit 306 is -> 
{ a2403227c7b164e546e53bf329c70caaadef2c14 is a merge commit
---> Commit message - Merge pull request #1772 from andygrunwald/typo-avarege-average

Fixed typo in word avarege in result message of --intrinsic-latency analyzer
-----------------------------------------------------------------

Merge commit 307 is -> 
{ c7f93143f6678ac1b0d6e008ab9f4ecf3f1dedef is a merge commit
---> Commit message - Merge pull request #1669 from mattsta/blpop-internally-added-keys

Fix blocking operations from missing new lists
-----------------------------------------------------------------

Merge commit 308 is -> 
{ 08c7363647f9096cd40bedf8427f2de05cfa1276 is a merge commit
---> Commit message - Merge pull request #1743 from mattsta/cygwin-compile-fix

Cygwin compile fix
-----------------------------------------------------------------

Merge commit 309 is -> 
{ 3ac1dad77a1c06c063de06946bc0cff2dc9b8934 is a merge commit
---> Commit message - Merge pull request #1804 from mattsta/lua-regression-1118

Scripting: Fix regression from #1118
-----------------------------------------------------------------

Merge commit 310 is -> 
{ 3a482689c510bf8f2c8daca3ddd15af14ab036ac is a merge commit
---> Commit message - Merge pull request #1658 from mattsta/redis-cli-latency-clean-interrupt

Add SIGINT handler to cli --intrinsic-latency
-----------------------------------------------------------------

Merge commit 311 is -> 
{ 3f8865bcdc26c52a80b97e32c6f3dc4e37c91d45 is a merge commit
---> Commit message - Merge pull request #1822 from vito/patch-1

add missing signal.h include
-----------------------------------------------------------------

Merge commit 312 is -> 
{ 36bbfeef7bbc34b807b7ae3f89b4b2fce5104f06 is a merge commit
---> Commit message - Merge pull request #1824 from mattsta/fix-test-error-signal

Add correct exit value to failed tests
-----------------------------------------------------------------

Merge commit 313 is -> 
{ af7647b20d42f0544944ca83492d5353617bb2b8 is a merge commit
---> Commit message - Merge pull request #1829 from mattsta/stop-aof-dataloss

Cancel SHUTDOWN if initial AOF is being written
-----------------------------------------------------------------

Merge commit 314 is -> 
{ 54c46bafa36fc997d55695439b01f7abe906cd0d is a merge commit
---> Commit message - Merge branch 'unstable' of github.com:/antirez/redis into unstable
-----------------------------------------------------------------

Merge commit 315 is -> 
{ f86798ba6b3a0fb34109c55141c18997b55266b6 is a merge commit
---> Commit message - Merge pull request #1838 from mattsta/powerpc-fixes

PowerPC compile-time improvements
-----------------------------------------------------------------

Merge commit 316 is -> 
{ 9e7e0cd613d9045a74a6050cb2935613f4a38533 is a merge commit
---> Commit message - Merge pull request #1870 from michael-grunder/object_arity

Fix OBJECT arity
-----------------------------------------------------------------

Merge commit 317 is -> 
{ d76c663dfe68f73489d145fd0d64b2e0e2dedff6 is a merge commit
---> Commit message - Merge pull request #1895 from mattrobenolt/patch-1

Fix spelling of "stand alone" in ascii art
-----------------------------------------------------------------

Merge commit 318 is -> 
{ f231edc672830143324bfffa70b176883e43fe2d is a merge commit
---> Commit message - Merge branch 'unstable' of github.com:/antirez/redis into unstable
-----------------------------------------------------------------

Merge commit 319 is -> 
{ 78a012d81a0f487b92b2b79a91de1f28697100e8 is a merge commit
---> Commit message - Merge pull request #1896 from yossigo/bgsave-signal-fix

Fail SYNC if background save child aborted due to a signal.
-----------------------------------------------------------------

Merge commit 320 is -> 
{ 209f266cc534471daa03501b2802f08e4fca4fe6 is a merge commit
---> Commit message - Merge branch '1906-merge' into unstable
-----------------------------------------------------------------

Merge commit 321 is -> 
{ 26744da0d1afb8d5a1c840e1a0764af14737acea is a merge commit
---> Commit message - Merge pull request #1964 from mariano-perez-rodriguez/patch-2

Missing assert removal from sdsIncrLen()
-----------------------------------------------------------------

Merge commit 322 is -> 
{ 0019479f8650ac7f0708ffe04e2571e31c3b7189 is a merge commit
---> Commit message - Merge pull request #1982 from mattsta/fix-getrange-32bit

Increase size of range request in getrange
-----------------------------------------------------------------

Merge commit 323 is -> 
{ d9f0094154055803631f4f2727d9bde857feea07 is a merge commit
---> Commit message - Merge branch 'unstable' of github.com:/antirez/redis into unstable
-----------------------------------------------------------------

Merge commit 324 is -> 
{ 99871803c8d79406d939dbb43ae0b980d29dc7dc is a merge commit
---> Commit message - Merge pull request #1993 from xiaost/limit-scan-iter-count

Limit the *SCAN command `dictScan` iterations
-----------------------------------------------------------------

Merge commit 325 is -> 
{ 6d699ea4016f3567ade84a0a260701e22e865aa9 is a merge commit
---> Commit message - Merge pull request #2010 from yossigo/unixdomain-info-string

Unix domain sockets incorrectly listed as IPv6.
-----------------------------------------------------------------

Merge commit 326 is -> 
{ 8fe3ecff09ae64f2f4648479ac8bb405989577e1 is a merge commit
---> Commit message - Merge pull request #2014 from mattsta/fix-hiredis-leak

Fix hiredis getaddrinfo leak
-----------------------------------------------------------------

Merge commit 327 is -> 
{ 3c6f9ac37c849c82aebf5b45e895faa6cc80e7be is a merge commit
---> Commit message - Merge pull request #1902 from mattsta/comment-fixes

ALL comment fixes
-----------------------------------------------------------------

Merge commit 328 is -> 
{ 5ba47b50ae6ea5e0ed56598d0ef33dc43c6a7abf is a merge commit
---> Commit message - Merge branch 'unstable' of github.com:/antirez/redis into unstable
-----------------------------------------------------------------

Merge commit 329 is -> 
{ 6fbaeddf3f547217df9f808da80a716661bfa591 is a merge commit
---> Commit message - Merge branch 'memsync' into unstable
-----------------------------------------------------------------

Merge commit 330 is -> 
{ 2c42b645bcb412e447746619480d58b7cdc058e6 is a merge commit
---> Commit message - Merge pull request #2078 from mattsta/hiredis-sigpipe

Fix redis-cli from exiting after idle connection breaks
-----------------------------------------------------------------

Merge commit 331 is -> 
{ a07674307925c9af0226a71c11daffabea3ad764 is a merge commit
---> Commit message - Merge pull request #2110 from mattsta/more-outbound-bind-fixes

Networking: add more outbound IP binding fixes
-----------------------------------------------------------------

Merge commit 332 is -> 
{ 5a526c22cc39c4b455f7e2f69eb9d48112d5eb33 is a merge commit
---> Commit message - Merge pull request #2096 from mattsta/cluster-ipv6

Enable Cluster IPv6 Support
-----------------------------------------------------------------

Merge commit 333 is -> 
{ a2f929ab1095bae3812712a7ac63c8fa69ea15d5 is a merge commit
---> Commit message - Merge pull request #1662 from mattsta/lua-add-bitops

Lua: Add bitop
-----------------------------------------------------------------

Merge commit 334 is -> 
{ 8a75ec0fca824f789f578bffdfc897c4df1b5d2b is a merge commit
---> Commit message - Merge remote-tracking branch 'origin/unstable' into unstable
-----------------------------------------------------------------

Merge commit 335 is -> 
{ 02cdb353dd7394db581cb257b0ab6417ce790064 is a merge commit
---> Commit message - Merge pull request #2162 from mattsta/fix/lua/cmsgpack/64-bit-integers-on-32-bit-platforms

Fix lua-cmsgpack 64 bit integer on 32 bit platform
-----------------------------------------------------------------

Merge commit 336 is -> 
{ 231c8c2ecf9e1a28238251abf3af9d2ec72cdaa8 is a merge commit
---> Commit message - Merge remote-tracking branch 'origin/unstable' into unstable
-----------------------------------------------------------------

