# of partial cherrypicks = 4
Partial Cherry-pick diff pair 1 is -> 
{ 6e150b1edc8b1cdb2ffee1f1536cfaff49e21aed -> a440b5435a296dcd7c3b98f1bb0892979f11c18d } is a cherrypick
{ 4184d4374a8df75e6965292f731a782c14d2616b -> 9f9423c5ed7f8cc47c5ea069ac7bb751963a5603 }
Partial Cherry-pick commits SHA are -> 
a440b5435a296dcd7c3b98f1bb0892979f11c18d - cherrypick - 9f9423c5ed7f8cc47c5ea069ac7bb751963a5603
---> The cherrypicked commit sha is - a440b5435a296dcd7c3b98f1bb0892979f11c18d
Commit message - Add in filestore
---> The original commit sha is - 9f9423c5ed7f8cc47c5ea069ac7bb751963a5603
Commit message - Include spelling
---> The files with partial_cherrypicks are:-
Gruntfile.coffee
-----------------------------------------------------------------

Partial Cherry-pick diff pair 2 is -> 
{ 6e150b1edc8b1cdb2ffee1f1536cfaff49e21aed -> a440b5435a296dcd7c3b98f1bb0892979f11c18d } is a cherrypick
{ 64a673ec6d1981e14c9aebff0bbac275527cc074 -> f73b8e3937ae9c8cbcbc3860d0a2d66593b65648 }
Partial Cherry-pick commits SHA are -> 
a440b5435a296dcd7c3b98f1bb0892979f11c18d - cherrypick - f73b8e3937ae9c8cbcbc3860d0a2d66593b65648
---> The cherrypicked commit sha is - a440b5435a296dcd7c3b98f1bb0892979f11c18d
Commit message - Add in filestore
---> The original commit sha is - f73b8e3937ae9c8cbcbc3860d0a2d66593b65648
Commit message - Add in docstore
---> The files with partial_cherrypicks are:-
Gruntfile.coffee
-----------------------------------------------------------------

Partial Cherry-pick diff pair 3 is -> 
{ 61bb54a2be9ce0f11315ed0ce602a1779797a98f -> fbb33bda0f64350678b038e7461b1af9abbc3915 } is a cherrypick
{ f204c5d44066b36c1efab8d55e2f49dd113a785e -> 7713de24dc1af5f1c5f1eb8698c5c0fcaa0ab602 }
Partial Cherry-pick commits SHA are -> 
fbb33bda0f64350678b038e7461b1af9abbc3915 - cherrypick - 7713de24dc1af5f1c5f1eb8698c5c0fcaa0ab602
---> The cherrypicked commit sha is - fbb33bda0f64350678b038e7461b1af9abbc3915
Commit message - Add .nvmrc
---> The original commit sha is - 7713de24dc1af5f1c5f1eb8698c5c0fcaa0ab602
Commit message - Merge pull request #52 from cirosantilli/add-nvmrc

Add .nvmrc
---> The files with partial_cherrypicks are:-
.nvmrc
-----------------------------------------------------------------

Partial Cherry-pick diff pair 4 is -> 
{ 20866189abcb0f314e5d72a4322304630255c92f -> 6280a5a002a5fdcf457a2026d1829473e09bd756 } is a cherrypick
{ 072a45d8539db1b92f4a057b02d6ce329b7c6493 -> 119ed217ad8b199c80b38098b392552a43054f73 }
Partial Cherry-pick commits SHA are -> 
6280a5a002a5fdcf457a2026d1829473e09bd756 - cherrypick - 119ed217ad8b199c80b38098b392552a43054f73
---> The cherrypicked commit sha is - 6280a5a002a5fdcf457a2026d1829473e09bd756
Commit message - Update wiki link
---> The original commit sha is - 119ed217ad8b199c80b38098b392552a43054f73
Commit message - Revert "Update settings.development.coffee.example"

This reverts commit 20866189abcb0f314e5d72a4322304630255c92f.
---> The files with partial_cherrypicks are:-
config/settings.development.coffee.example
-----------------------------------------------------------------

