# of merges = 15
Merge commit 1 is -> 
{ 34796ac0401d5653f3b416172954188a2f9453c0 is a merge commit
---> Commit message - Merge branch 'master' of github.com:sharelatex/sharelatex
-----------------------------------------------------------------

Merge commit 2 is -> 
{ 7c86c6e243d864d8b282d4ce7b1583decc09e214 is a merge commit
---> Commit message - Merge pull request #23 from fayimora/patch-1

Fix minor typos in readme
-----------------------------------------------------------------

Merge commit 3 is -> 
{ 1b51f9a6af81c4be75ef5ba98d93c293a2154d80 is a merge commit
---> Commit message - Merge pull request #24 from goodbest/patch-1

change git clone manner from ssh to https
-----------------------------------------------------------------

Merge commit 4 is -> 
{ 3e9c3bfcce57d46d0be665ea1a1a37483f9bd016 is a merge commit
---> Commit message - Merge pull request #32 from swapagarwal/master

Fix Minor Typo in README.md
-----------------------------------------------------------------

Merge commit 5 is -> 
{ a577a17116662704789b8b58f4cf808703845e6a is a merge commit
---> Commit message - Merge pull request #38 from wokkaflokka/master

update README instructions to use 'https' scheme for installation instru...
-----------------------------------------------------------------

Merge commit 6 is -> 
{ dec7347f0821bbca01c849f8a25d58f241cefede is a merge commit
---> Commit message - Merge pull request #46 from kbasten/patch-1

Update settings.development.coffee.example
-----------------------------------------------------------------

Merge commit 7 is -> 
{ 94aae3702513ef083e57e20a91ab81384aa02d0e is a merge commit
---> Commit message - Merge pull request #56 from cirosantilli/remove-dollars

Remove dollars from readme bash code.
-----------------------------------------------------------------

Merge commit 8 is -> 
{ 61bb54a2be9ce0f11315ed0ce602a1779797a98f is a merge commit
---> Commit message - Merge pull request #53 from cirosantilli/add-dummy-version

Add dummy version to package.json to fix install.
-----------------------------------------------------------------

Merge commit 9 is -> 
{ f204c5d44066b36c1efab8d55e2f49dd113a785e is a merge commit
---> Commit message - Merge pull request #57 from cirosantilli/rm-latexmk-install

Remove latexmk intall instructions from README.
-----------------------------------------------------------------

Merge commit 10 is -> 
{ 7713de24dc1af5f1c5f1eb8698c5c0fcaa0ab602 is a merge commit
---> Commit message - Merge pull request #52 from cirosantilli/add-nvmrc

Add .nvmrc
-----------------------------------------------------------------

Merge commit 11 is -> 
{ 36e31fda5d82567fd45aead154a282731ca9374b is a merge commit
---> Commit message - Merge pull request #69 from cwoac/refactor_config

refactor config settings.
-----------------------------------------------------------------

Merge commit 12 is -> 
{ 593f48419b32ad515337c39c2d77dfde16c1ac47 is a merge commit
---> Commit message - Merge pull request #73 from cwoac/nodemailer

config changes for nodemailer
-----------------------------------------------------------------

Merge commit 13 is -> 
{ 64a673ec6d1981e14c9aebff0bbac275527cc074 is a merge commit
---> Commit message - Merge pull request #117 from davidediger/master

Adding fairy configuration
-----------------------------------------------------------------

Merge commit 14 is -> 
{ 759c84a962e8099c241e240e9da8370fc60299c6 is a merge commit
---> Commit message - Merge pull request #224 from watercrossing/chdirFix

Changed chdir to cd for changing directories
-----------------------------------------------------------------

Merge commit 15 is -> 
{ a4e5a5b713185b8d14122b6c1054cedeae0be33c is a merge commit
---> Commit message - Merge pull request #229 from sharelatex/force-npm-rebuild

force an npm rebuild to work around issue #129, missing bcrypt bindings
-----------------------------------------------------------------

