# of cherry-picks = 3
Cherry-pick diff pair 1 is -> 
{ aca7b3f961ab203b062cfb22f1a31152c5f90d64 -> 217e5f74ca098fedfbaa72a4c22dbf6ae28d5842 } is a cherrypick
{ 94aae3702513ef083e57e20a91ab81384aa02d0e -> 61bb54a2be9ce0f11315ed0ce602a1779797a98f }
Cherrypick commits SHA are -> 
217e5f74ca098fedfbaa72a4c22dbf6ae28d5842 - cherrypick - 61bb54a2be9ce0f11315ed0ce602a1779797a98f
---> The cherrypicked commit sha is - 217e5f74ca098fedfbaa72a4c22dbf6ae28d5842
Commit message - Add dummy version to package.json to fix install.
---> The original commit sha is - 61bb54a2be9ce0f11315ed0ce602a1779797a98f
Commit message - Merge pull request #53 from cirosantilli/add-dummy-version

Add dummy version to package.json to fix install.
-----------------------------------------------------------------

Cherry-pick diff pair 2 is -> 
{ 90fdbf568164317a6a856d205ac9823345119284 -> 20866189abcb0f314e5d72a4322304630255c92f } is a cherrypick
{ b1eaa975301eb8b9a753332a63a5e93921c812c1 -> dec7347f0821bbca01c849f8a25d58f241cefede }
Cherrypick commits SHA are -> 
20866189abcb0f314e5d72a4322304630255c92f - cherrypick - dec7347f0821bbca01c849f8a25d58f241cefede
---> The cherrypicked commit sha is - 20866189abcb0f314e5d72a4322304630255c92f
Commit message - Update settings.development.coffee.example
---> The original commit sha is - dec7347f0821bbca01c849f8a25d58f241cefede
Commit message - Merge pull request #46 from kbasten/patch-1

Update settings.development.coffee.example
-----------------------------------------------------------------

Cherry-pick diff pair 3 is -> 
{ 1d8e019e336952079620032edbf80f65c680f88a -> 78408be110a98b0fb83a8aa8accf73fce0658f58 } is a cherrypick
{ 9b6377f4dc8f15a889c20d8e195b133eba136943 -> 3e9c3bfcce57d46d0be665ea1a1a37483f9bd016 }
Cherrypick commits SHA are -> 
78408be110a98b0fb83a8aa8accf73fce0658f58 - cherrypick - 3e9c3bfcce57d46d0be665ea1a1a37483f9bd016
---> The cherrypicked commit sha is - 78408be110a98b0fb83a8aa8accf73fce0658f58
Commit message - Update latexmk install instructions
---> The original commit sha is - 3e9c3bfcce57d46d0be665ea1a1a37483f9bd016
Commit message - Merge pull request #32 from swapagarwal/master

Fix Minor Typo in README.md
-----------------------------------------------------------------

