# of partial reverts = 22
Partial Revert diff pair 1 is -> 
{ c0d6a233c8025698cd6da96fe8a8aa1d3f181ca6 -> b8d54d4b7742718e0f025d479cc4975b0c71a3cc } is a revert
{ b8d54d4b7742718e0f025d479cc4975b0c71a3cc -> 1ebaf1e761a4a4b30414fc4911f5a68a779acddb }
Partial Revert commits SHA are -> 
b8d54d4b7742718e0f025d479cc4975b0c71a3cc - revert - 1ebaf1e761a4a4b30414fc4911f5a68a779acddb
---> The reverted commit sha is - b8d54d4b7742718e0f025d479cc4975b0c71a3cc
Commit message - build
---> The original commit sha is - 1ebaf1e761a4a4b30414fc4911f5a68a779acddb
Commit message - Merge branch 'master' of github.com:coolwanglu/vim.js
---> The files with partial_reverts are:-
web/streamlinejs/lib/callbacks/build.sh
web/streamlinejs/lib/callbacks/builtins.js
web/streamlinejs/lib/callbacks/require-stub.js
web/streamlinejs/lib/callbacks/runtime.js
web/streamlinejs/lib/callbacks/streamline.js
-----------------------------------------------------------------

Partial Revert diff pair 2 is -> 
{ fe910545f01ed79c10e687304f0efeec00116d8f -> c0d6a233c8025698cd6da96fe8a8aa1d3f181ca6 } is a revert
{ c0d6a233c8025698cd6da96fe8a8aa1d3f181ca6 -> b8d54d4b7742718e0f025d479cc4975b0c71a3cc }
Partial Revert commits SHA are -> 
c0d6a233c8025698cd6da96fe8a8aa1d3f181ca6 - revert - b8d54d4b7742718e0f025d479cc4975b0c71a3cc
---> The reverted commit sha is - c0d6a233c8025698cd6da96fe8a8aa1d3f181ca6
Commit message - tailor streamlinjs
---> The original commit sha is - b8d54d4b7742718e0f025d479cc4975b0c71a3cc
Commit message - build
---> The files with partial_reverts are:-
web/streamlinejs/lib/callbacks/build.sh
web/streamlinejs/lib/callbacks/builtins.js
web/streamlinejs/lib/callbacks/require-stub.js
web/streamlinejs/lib/callbacks/runtime.js
web/streamlinejs/lib/callbacks/streamline.js
-----------------------------------------------------------------

Partial Revert diff pair 3 is -> 
{ 35e0d530b6aec7c76b6db01daa59c5b4e91bb050 -> 9115bde0e29121af0541502f068f8b81a5dbfabb } is a revert
{ 9115bde0e29121af0541502f068f8b81a5dbfabb -> 50209743f5aa54ed028b952f4e440bdc4f51615b }
Partial Revert commits SHA are -> 
9115bde0e29121af0541502f068f8b81a5dbfabb - revert - 50209743f5aa54ed028b952f4e440bdc4f51615b
---> The reverted commit sha is - 9115bde0e29121af0541502f068f8b81a5dbfabb
Commit message - fancy stuffs
---> The original commit sha is - 50209743f5aa54ed028b952f4e440bdc4f51615b
Commit message - Merge branch 'master' of github.com:coolwanglu/vim.js
---> The files with partial_reverts are:-
build.sh
-----------------------------------------------------------------

Partial Revert diff pair 4 is -> 
{ 847cd633e807477d4759d2c91f6adb1b66bc4bd9 -> 9139997778b78052f2812a9ffa2ea36ce3aaab73 } is a revert
{ 35e0d530b6aec7c76b6db01daa59c5b4e91bb050 -> 9115bde0e29121af0541502f068f8b81a5dbfabb }
Partial Revert commits SHA are -> 
9139997778b78052f2812a9ffa2ea36ce3aaab73 - revert - 9115bde0e29121af0541502f068f8b81a5dbfabb
---> The reverted commit sha is - 9139997778b78052f2812a9ffa2ea36ce3aaab73
Commit message - ..
---> The original commit sha is - 9115bde0e29121af0541502f068f8b81a5dbfabb
Commit message - fancy stuffs
---> The files with partial_reverts are:-
web/vim.css
-----------------------------------------------------------------

Partial Revert diff pair 5 is -> 
{ 7963659107c9cee13ca441d8d0d01bf5d29f0be8 -> f3bad7440782f4e4a2aff37e3f2be47d13be197c } is a revert
{ f3bad7440782f4e4a2aff37e3f2be47d13be197c -> 1940573ebd9b513e8ac3bb68e1b56da421e9285f }
Partial Revert commits SHA are -> 
f3bad7440782f4e4a2aff37e3f2be47d13be197c - revert - 1940573ebd9b513e8ac3bb68e1b56da421e9285f
---> The reverted commit sha is - f3bad7440782f4e4a2aff37e3f2be47d13be197c
Commit message - build
---> The original commit sha is - 1940573ebd9b513e8ac3bb68e1b56da421e9285f
Commit message - Merge branch 'master' of github.com:coolwanglu/vim.js
---> The files with partial_reverts are:-
web/vim.css
-----------------------------------------------------------------

Partial Revert diff pair 6 is -> 
{ 847cd633e807477d4759d2c91f6adb1b66bc4bd9 -> 9139997778b78052f2812a9ffa2ea36ce3aaab73 } is a revert
{ b4b27e2dacb8bc9502c0fac0a01dcadf771fdf21 -> 531ef78a54c0ccc82323afb01e195ee4d7fc757c }
Partial Revert commits SHA are -> 
9139997778b78052f2812a9ffa2ea36ce3aaab73 - revert - 531ef78a54c0ccc82323afb01e195ee4d7fc757c
---> The reverted commit sha is - 9139997778b78052f2812a9ffa2ea36ce3aaab73
Commit message - ..
---> The original commit sha is - 531ef78a54c0ccc82323afb01e195ee4d7fc757c
Commit message - ..
---> The files with partial_reverts are:-
src/proto/ex_cmds2.pro
src/vim.h
-----------------------------------------------------------------

Partial Revert diff pair 7 is -> 
{ a9efe7fc2f617a32df6d05649f71dcf236b03bf7 -> 4fe45fb063cb77b2e9511534f627370b4a570585 } is a revert
{ 4fe45fb063cb77b2e9511534f627370b4a570585 -> b4b27e2dacb8bc9502c0fac0a01dcadf771fdf21 }
Partial Revert commits SHA are -> 
4fe45fb063cb77b2e9511534f627370b4a570585 - revert - b4b27e2dacb8bc9502c0fac0a01dcadf771fdf21
---> The reverted commit sha is - 4fe45fb063cb77b2e9511534f627370b4a570585
Commit message - ..
---> The original commit sha is - b4b27e2dacb8bc9502c0fac0a01dcadf771fdf21
Commit message - Merge branch 'master' of github.com:coolwanglu/vim.js
---> The files with partial_reverts are:-
src/vim.h
-----------------------------------------------------------------

Partial Revert diff pair 8 is -> 
{ 94f68d17c00838b509e98a91d1cb677dd1aebe54 -> 9de6d845eb1dd780c5bc50b7967c30e8a69acd96 } is a revert
{ 9de6d845eb1dd780c5bc50b7967c30e8a69acd96 -> 9c1b2331c583622e5f25e3ea7efcd405a3ce410c }
Partial Revert commits SHA are -> 
9de6d845eb1dd780c5bc50b7967c30e8a69acd96 - revert - 9c1b2331c583622e5f25e3ea7efcd405a3ce410c
---> The reverted commit sha is - 9de6d845eb1dd780c5bc50b7967c30e8a69acd96
Commit message - ..
---> The original commit sha is - 9c1b2331c583622e5f25e3ea7efcd405a3ce410c
Commit message - Merge branch 'master' of github.com:coolwanglu/vim.js
---> The files with partial_reverts are:-
README.md
-----------------------------------------------------------------

Partial Revert diff pair 9 is -> 
{ a4c9e0e4b93cc51418482420d76bbdade33774a5 -> 1825961ed9462e0f4e78e3194064b25c4eb1c9de } is a revert
{ 1825961ed9462e0f4e78e3194064b25c4eb1c9de -> bd2d5e1625676e971db8ab67e1fb4c3f7cf8c861 }
Partial Revert commits SHA are -> 
1825961ed9462e0f4e78e3194064b25c4eb1c9de - revert - bd2d5e1625676e971db8ab67e1fb4c3f7cf8c861
---> The reverted commit sha is - 1825961ed9462e0f4e78e3194064b25c4eb1c9de
Commit message - ..
---> The original commit sha is - bd2d5e1625676e971db8ab67e1fb4c3f7cf8c861
Commit message - ..
---> The files with partial_reverts are:-
web/vim_lib.js
-----------------------------------------------------------------

Partial Revert diff pair 10 is -> 
{ d963391aeaa681ab3b1797d611360ecdd07925da -> beb0e4ff1fb425fea69ec73769858938223ed7f9 } is a revert
{ beb0e4ff1fb425fea69ec73769858938223ed7f9 -> 748bd78c3b3d24b918a65cbc6d728cec2965f59d }
Partial Revert commits SHA are -> 
beb0e4ff1fb425fea69ec73769858938223ed7f9 - revert - 748bd78c3b3d24b918a65cbc6d728cec2965f59d
---> The reverted commit sha is - beb0e4ff1fb425fea69ec73769858938223ed7f9
Commit message - use canvas
---> The original commit sha is - 748bd78c3b3d24b918a65cbc6d728cec2965f59d
Commit message - Merge branch 'master' of github.com:coolwanglu/vim.js
---> The files with partial_reverts are:-
TODO
-----------------------------------------------------------------

Partial Revert diff pair 11 is -> 
{ 76f9f5a4d0b85af1dd78e4f64de3b95e586441d4 -> 6313c75dd29c1468cb2768ae9ea3d54ded7c2e3b } is a revert
{ 6313c75dd29c1468cb2768ae9ea3d54ded7c2e3b -> e7245fa718e0a6c1ba4ac11ad6af60f21f1adfbf }
Partial Revert commits SHA are -> 
6313c75dd29c1468cb2768ae9ea3d54ded7c2e3b - revert - e7245fa718e0a6c1ba4ac11ad6af60f21f1adfbf
---> The reverted commit sha is - 6313c75dd29c1468cb2768ae9ea3d54ded7c2e3b
Commit message - wip
---> The original commit sha is - e7245fa718e0a6c1ba4ac11ad6af60f21f1adfbf
Commit message - ..
---> The files with partial_reverts are:-
src/gui.c
-----------------------------------------------------------------

Partial Revert diff pair 12 is -> 
{ d1f907a2323cd048bceda2684848b58dd9f2b310 -> 07356a24ebbc0bc03b0f95b5aa7968d93697fc3f } is a revert
{ 07356a24ebbc0bc03b0f95b5aa7968d93697fc3f -> c6e046e998f7d7e078f0bb4d9dbe77cc6e114a33 }
Partial Revert commits SHA are -> 
07356a24ebbc0bc03b0f95b5aa7968d93697fc3f - revert - c6e046e998f7d7e078f0bb4d9dbe77cc6e114a33
---> The reverted commit sha is - 07356a24ebbc0bc03b0f95b5aa7968d93697fc3f
Commit message - ..
---> The original commit sha is - c6e046e998f7d7e078f0bb4d9dbe77cc6e114a33
Commit message - Merge branch 'master' of github.com:coolwanglu/vim.js
---> The files with partial_reverts are:-
README.md
build.sh
src/os_browser.c
src/os_unix.c
src/proto/ex_cmds2.pro
src/proto/option.pro
src/proto/regexp.pro
src/proto/search.pro
web/.vimrc
web/externs.js
web/root/.vim/colors/Darkside.vim
web/root/.vimrc
web/usr/local/share/vim/colors/Darkside.vim
web/usr/local/share/vim/vimrc
web/vim.html
web/vim_post.js
-----------------------------------------------------------------

Partial Revert diff pair 13 is -> 
{ 678772cb00ba5b3fa56b685d5bb2509baa72354f -> ce39908266bd3be5f06085cdecd5ebf1de37b47f } is a revert
{ ce39908266bd3be5f06085cdecd5ebf1de37b47f -> f62c9ba0fb2d99f77bca56504023b8d279c94952 }
Partial Revert commits SHA are -> 
ce39908266bd3be5f06085cdecd5ebf1de37b47f - revert - f62c9ba0fb2d99f77bca56504023b8d279c94952
---> The reverted commit sha is - ce39908266bd3be5f06085cdecd5ebf1de37b47f
Commit message - ..
---> The original commit sha is - f62c9ba0fb2d99f77bca56504023b8d279c94952
Commit message - Merge branch 'master' of github.com:coolwanglu/vim.js
---> The files with partial_reverts are:-
AUTHORS
README.md
TODO
src/os_browser.c
src/proto/ex_cmds2.pro
src/proto/option.pro
src/proto/regexp.pro
src/proto/screen.pro
src/proto/search.pro
src/vim.h
src/vimjs.h
-----------------------------------------------------------------

Partial Revert diff pair 14 is -> 
{ 7d809b828a08f98de1c6619c44e8a2cc5bb951ff -> 071663ef9585805fa736c2b5851f1e16ae35723c } is a revert
{ 5f9428b28a35f531e6a0446b27b2021d0ef08f35 -> 7d083a4db61a9eeb6686406a2abcd9cff2af7858 }
Partial Revert commits SHA are -> 
071663ef9585805fa736c2b5851f1e16ae35723c - revert - 7d083a4db61a9eeb6686406a2abcd9cff2af7858
---> The reverted commit sha is - 071663ef9585805fa736c2b5851f1e16ae35723c
Commit message - ctrl seems to work on ff
---> The original commit sha is - 7d083a4db61a9eeb6686406a2abcd9cff2af7858
Commit message - ..
---> The files with partial_reverts are:-
TODO
src/Makefile
-----------------------------------------------------------------

Partial Revert diff pair 15 is -> 
{ 7d809b828a08f98de1c6619c44e8a2cc5bb951ff -> 071663ef9585805fa736c2b5851f1e16ae35723c } is a revert
{ 071663ef9585805fa736c2b5851f1e16ae35723c -> 5f9428b28a35f531e6a0446b27b2021d0ef08f35 }
Partial Revert commits SHA are -> 
071663ef9585805fa736c2b5851f1e16ae35723c - revert - 5f9428b28a35f531e6a0446b27b2021d0ef08f35
---> The reverted commit sha is - 071663ef9585805fa736c2b5851f1e16ae35723c
Commit message - ctrl seems to work on ff
---> The original commit sha is - 5f9428b28a35f531e6a0446b27b2021d0ef08f35
Commit message - fix delete_lines
---> The files with partial_reverts are:-
src/gui_browser.c
web/vim_lib.js
-----------------------------------------------------------------

Partial Revert diff pair 16 is -> 
{ 93a0a3ec6479e3dfb69030f7d95d75bf76459a9f -> 7d809b828a08f98de1c6619c44e8a2cc5bb951ff } is a revert
{ 7d809b828a08f98de1c6619c44e8a2cc5bb951ff -> 071663ef9585805fa736c2b5851f1e16ae35723c }
Partial Revert commits SHA are -> 
7d809b828a08f98de1c6619c44e8a2cc5bb951ff - revert - 071663ef9585805fa736c2b5851f1e16ae35723c
---> The reverted commit sha is - 7d809b828a08f98de1c6619c44e8a2cc5bb951ff
Commit message - ..
---> The original commit sha is - 071663ef9585805fa736c2b5851f1e16ae35723c
Commit message - ctrl seems to work on ff
---> The files with partial_reverts are:-
AUTHORS
src/Makefile
web/hotfix/update_timestamp.py
web/vim.html
-----------------------------------------------------------------

Partial Revert diff pair 17 is -> 
{ fd929b9508ca9f62bd4d8ce4fd9fcde2c16d1d7d -> c3210f76e5428019f7609ce2489eb3cd8754bda9 } is a revert
{ 9e7bd745bf42432ae1f3a9ae97c31e58e7e03eca -> 7390e4e4759e7494310eb9175fcd8aba3f84987d }
Partial Revert commits SHA are -> 
c3210f76e5428019f7609ce2489eb3cd8754bda9 - revert - 7390e4e4759e7494310eb9175fcd8aba3f84987d
---> The reverted commit sha is - c3210f76e5428019f7609ce2489eb3cd8754bda9
Commit message - ..
---> The original commit sha is - 7390e4e4759e7494310eb9175fcd8aba3f84987d
Commit message - ..
---> The files with partial_reverts are:-
src/proto/ex_docmd.pro
src/proto/mark.pro
src/proto/screen.pro
-----------------------------------------------------------------

Partial Revert diff pair 18 is -> 
{ fd929b9508ca9f62bd4d8ce4fd9fcde2c16d1d7d -> c3210f76e5428019f7609ce2489eb3cd8754bda9 } is a revert
{ 3a4a08722cc9c587ed71b26aa54656627ea49394 -> 238dba74bf50520fd09a2d0d65f4b7e74faab2c3 }
Partial Revert commits SHA are -> 
c3210f76e5428019f7609ce2489eb3cd8754bda9 - revert - 238dba74bf50520fd09a2d0d65f4b7e74faab2c3
---> The reverted commit sha is - c3210f76e5428019f7609ce2489eb3cd8754bda9
Commit message - ..
---> The original commit sha is - 238dba74bf50520fd09a2d0d65f4b7e74faab2c3
Commit message - ..
---> The files with partial_reverts are:-
AUTHORS
src/os_browser.c
src/version.c
-----------------------------------------------------------------

Partial Revert diff pair 19 is -> 
{ fd929b9508ca9f62bd4d8ce4fd9fcde2c16d1d7d -> c3210f76e5428019f7609ce2489eb3cd8754bda9 } is a revert
{ ee7d7a632dc901476ef34dbb2b1f81def7b50f8e -> 3a4a08722cc9c587ed71b26aa54656627ea49394 }
Partial Revert commits SHA are -> 
c3210f76e5428019f7609ce2489eb3cd8754bda9 - revert - 3a4a08722cc9c587ed71b26aa54656627ea49394
---> The reverted commit sha is - c3210f76e5428019f7609ce2489eb3cd8754bda9
Commit message - ..
---> The original commit sha is - 3a4a08722cc9c587ed71b26aa54656627ea49394
Commit message - license stuff; beep
---> The files with partial_reverts are:-
LICENSE.gplv2
-----------------------------------------------------------------

Partial Revert diff pair 20 is -> 
{ fd929b9508ca9f62bd4d8ce4fd9fcde2c16d1d7d -> c3210f76e5428019f7609ce2489eb3cd8754bda9 } is a revert
{ 3e27ef89d03292243e97b6dd958cd6ab28258426 -> f00f43237c6edfaace92d1f4bf24a4bd71d9936a }
Partial Revert commits SHA are -> 
c3210f76e5428019f7609ce2489eb3cd8754bda9 - revert - f00f43237c6edfaace92d1f4bf24a4bd71d9936a
---> The reverted commit sha is - c3210f76e5428019f7609ce2489eb3cd8754bda9
Commit message - ..
---> The original commit sha is - f00f43237c6edfaace92d1f4bf24a4bd71d9936a
Commit message - ..
---> The files with partial_reverts are:-
web/externs.js
-----------------------------------------------------------------

Partial Revert diff pair 21 is -> 
{ fd929b9508ca9f62bd4d8ce4fd9fcde2c16d1d7d -> c3210f76e5428019f7609ce2489eb3cd8754bda9 } is a revert
{ 8601000335a06e905b2d5a64cd49a831d5b32b10 -> 15d3177ef5d7c00f7606be29b0abe145a71bb3b3 }
Partial Revert commits SHA are -> 
c3210f76e5428019f7609ce2489eb3cd8754bda9 - revert - 15d3177ef5d7c00f7606be29b0abe145a71bb3b3
---> The reverted commit sha is - c3210f76e5428019f7609ce2489eb3cd8754bda9
Commit message - ..
---> The original commit sha is - 15d3177ef5d7c00f7606be29b0abe145a71bb3b3
Commit message - ..
---> The files with partial_reverts are:-
src/proto/gui_browser.pro
src/proto/os_browser.pro
-----------------------------------------------------------------

Partial Revert diff pair 22 is -> 
{ d12862ccd580244525b6106e12cf6c52fbe79081 -> ba6d40103fb756411495a6961979c0acd902a466 } is a revert
{ ba6d40103fb756411495a6961979c0acd902a466 -> 07190871d5931ddace9b9daf47c1ad4590052cfa }
Partial Revert commits SHA are -> 
ba6d40103fb756411495a6961979c0acd902a466 - revert - 07190871d5931ddace9b9daf47c1ad4590052cfa
---> The reverted commit sha is - ba6d40103fb756411495a6961979c0acd902a466
Commit message - working
---> The original commit sha is - 07190871d5931ddace9b9daf47c1ad4590052cfa
Commit message - WIP
---> The files with partial_reverts are:-
src/term.c
src/termlib.c
-----------------------------------------------------------------

