# of reverts = 55
Revert diff pair 1 is -> 
{ fb55f3824fffe64d768679f42435a61a37e4905c -> 51d076c9bef6bda543e01fcec5533c38b4f994cc } is a revert
{ 51d076c9bef6bda543e01fcec5533c38b4f994cc -> b4df22e298b75eeed14010a5c5a31d69fe78e1d4 }
Revert commits SHA are -> 
51d076c9bef6bda543e01fcec5533c38b4f994cc - revert - b4df22e298b75eeed14010a5c5a31d69fe78e1d4
---> The reverted commit sha is - 51d076c9bef6bda543e01fcec5533c38b4f994cc
Commit message - listen for invalid, not error
---> The original commit sha is - b4df22e298b75eeed14010a5c5a31d69fe78e1d4
Commit message - Merge pull request #3374 from romamatusevich/master

Make backbone-min.js available for bower
-----------------------------------------------------------------

Revert diff pair 2 is -> 
{ 7180d5ce0ae68fa538ea0d1f278a2636bd403bc4 -> b44ee9900e1a1f54f793ec0b6fb89745765f15b7 } is a revert
{ e0b84c4878222f902d396a927830a46443f8cef1 -> 1d6eb7ade83c61a87e4bf3bb4169e74090cd337d }
Revert commits SHA are -> 
b44ee9900e1a1f54f793ec0b6fb89745765f15b7 - revert - 1d6eb7ade83c61a87e4bf3bb4169e74090cd337d
---> The reverted commit sha is - b44ee9900e1a1f54f793ec0b6fb89745765f15b7
Commit message - broken link for tilemill example
---> The original commit sha is - 1d6eb7ade83c61a87e4bf3bb4169e74090cd337d
Commit message - Merge pull request #20 from braddunbar/view-hooks

Add #_setAttributes and clean up #setElement.
-----------------------------------------------------------------

Revert diff pair 3 is -> 
{ d9f6c64719089062afb1bebbc68af49cefcad755 -> 6b0314e0e4785e6eed1d659a643d715b4bb18d04 } is a revert
{ c0a5f9d16b392ab602b144e324586de5ee6635e5 -> 58c9a2abc6a5a5d1189ed0e645c08ab883a9e37c }
Revert commits SHA are -> 
6b0314e0e4785e6eed1d659a643d715b4bb18d04 - revert - 58c9a2abc6a5a5d1189ed0e645c08ab883a9e37c
---> The reverted commit sha is - 6b0314e0e4785e6eed1d659a643d715b4bb18d04
Commit message - remove un-used local variables
---> The original commit sha is - 58c9a2abc6a5a5d1189ed0e645c08ab883a9e37c
Commit message - remove undelegateEvents call from remove
-----------------------------------------------------------------

Revert diff pair 4 is -> 
{ be45a320e5ccb348c05ccd75824c8b3b3d06632a -> fee896725e9486460ba8c27bc8b0ec5def046aeb } is a revert
{ 6ebb6e1752e6dac63042b4f060d1660f4a203b96 -> 18d17db5545b01f9210204d7b4ce9253f304a42e }
Revert commits SHA are -> 
fee896725e9486460ba8c27bc8b0ec5def046aeb - revert - 18d17db5545b01f9210204d7b4ce9253f304a42e
---> The reverted commit sha is - fee896725e9486460ba8c27bc8b0ec5def046aeb
Commit message - Return "this" reference

Return "this" is a good convention that allow to use chains.
---> The original commit sha is - 18d17db5545b01f9210204d7b4ce9253f304a42e
Commit message - Disallow chaining in hook calls
-----------------------------------------------------------------

Revert diff pair 5 is -> 
{ b1bcf0a9c06e8df538b9b6ce7e77508404bcb015 -> 07f60793c6cc0e3edb1c8c7554eeaa40aff3b879 } is a revert
{ 07f60793c6cc0e3edb1c8c7554eeaa40aff3b879 -> a91f6ac900e366496ade7c4fa0ef0abd43699e5a }
Revert commits SHA are -> 
07f60793c6cc0e3edb1c8c7554eeaa40aff3b879 - revert - a91f6ac900e366496ade7c4fa0ef0abd43699e5a
---> The reverted commit sha is - 07f60793c6cc0e3edb1c8c7554eeaa40aff3b879
Commit message - Merge pull request #3010 from braddunbar/newline

Handle newlines in route params.
---> The original commit sha is - a91f6ac900e366496ade7c4fa0ef0abd43699e5a
Commit message - Merge pull request #6 from braddunbar/history

Remove `onpopstate` check.
-----------------------------------------------------------------

Revert diff pair 6 is -> 
{ 5b49aae75f79c08be057ac0d961cfe00da660219 -> b1bcf0a9c06e8df538b9b6ce7e77508404bcb015 } is a revert
{ b1bcf0a9c06e8df538b9b6ce7e77508404bcb015 -> 07f60793c6cc0e3edb1c8c7554eeaa40aff3b879 }
Revert commits SHA are -> 
b1bcf0a9c06e8df538b9b6ce7e77508404bcb015 - revert - 07f60793c6cc0e3edb1c8c7554eeaa40aff3b879
---> The reverted commit sha is - b1bcf0a9c06e8df538b9b6ce7e77508404bcb015
Commit message - Remove `onpopstate` check.
---> The original commit sha is - 07f60793c6cc0e3edb1c8c7554eeaa40aff3b879
Commit message - Merge pull request #3010 from braddunbar/newline

Handle newlines in route params.
-----------------------------------------------------------------

Revert diff pair 7 is -> 
{ be45a320e5ccb348c05ccd75824c8b3b3d06632a -> fee896725e9486460ba8c27bc8b0ec5def046aeb } is a revert
{ 09d376237be4036ae59a054030a2cd4bf926cea3 -> f872032b52afbba6e183922286ed3fed126367c3 }
Revert commits SHA are -> 
fee896725e9486460ba8c27bc8b0ec5def046aeb - revert - f872032b52afbba6e183922286ed3fed126367c3
---> The reverted commit sha is - fee896725e9486460ba8c27bc8b0ec5def046aeb
Commit message - Return "this" reference

Return "this" is a good convention that allow to use chains.
---> The original commit sha is - f872032b52afbba6e183922286ed3fed126367c3
Commit message - Disallow chaining in hook calls
-----------------------------------------------------------------

Revert diff pair 8 is -> 
{ d9faafd838277e3c80e958e229af4dfbcb6e1e23 -> 5cafd2a6d726457e9ab16d1e18cc7df6e94278a3 } is a revert
{ 5cafd2a6d726457e9ab16d1e18cc7df6e94278a3 -> b513887d5b825e9a6138daf590821e2c69f325ac }
Revert commits SHA are -> 
5cafd2a6d726457e9ab16d1e18cc7df6e94278a3 - revert - b513887d5b825e9a6138daf590821e2c69f325ac
---> The reverted commit sha is - 5cafd2a6d726457e9ab16d1e18cc7df6e94278a3
Commit message - Add jQuery as a commonjs import
---> The original commit sha is - b513887d5b825e9a6138daf590821e2c69f325ac
Commit message - Merge pull request #2860 from akre54/fix-amd-tests

Fix AMD tests
-----------------------------------------------------------------

Revert diff pair 9 is -> 
{ d651f833e81f5c93fa7b128dfa7b08a6eb8c7170 -> 0ec1c7e2f174e5b64bc3c2738f269d7f8e084cea } is a revert
{ 0ec1c7e2f174e5b64bc3c2738f269d7f8e084cea -> dd92f4d88727ce1150bd44d0fa0c0879e6092ebc }
Revert commits SHA are -> 
0ec1c7e2f174e5b64bc3c2738f269d7f8e084cea - revert - dd92f4d88727ce1150bd44d0fa0c0879e6092ebc
---> The reverted commit sha is - 0ec1c7e2f174e5b64bc3c2738f269d7f8e084cea
Commit message - Revert "Fixed typo: missing s in "asynchronous""

This reverts commit d651f833e81f5c93fa7b128dfa7b08a6eb8c7170.
---> The original commit sha is - dd92f4d88727ce1150bd44d0fa0c0879e6092ebc
Commit message - Fixed typo: missing s in "asynchronous"
-----------------------------------------------------------------

Revert diff pair 10 is -> 
{ f9e34da0da41bf2d04e03dc4172425ae16f2ddd9 -> d651f833e81f5c93fa7b128dfa7b08a6eb8c7170 } is a revert
{ d651f833e81f5c93fa7b128dfa7b08a6eb8c7170 -> 0ec1c7e2f174e5b64bc3c2738f269d7f8e084cea }
Revert commits SHA are -> 
d651f833e81f5c93fa7b128dfa7b08a6eb8c7170 - revert - 0ec1c7e2f174e5b64bc3c2738f269d7f8e084cea
---> The reverted commit sha is - d651f833e81f5c93fa7b128dfa7b08a6eb8c7170
Commit message - Fixed typo: missing s in "asynchronous"
---> The original commit sha is - 0ec1c7e2f174e5b64bc3c2738f269d7f8e084cea
Commit message - Revert "Fixed typo: missing s in "asynchronous""

This reverts commit d651f833e81f5c93fa7b128dfa7b08a6eb8c7170.
-----------------------------------------------------------------

Revert diff pair 11 is -> 
{ b3caaba99d953b0755fa8e97711d9a77408535f7 -> c12237568224ff2d711d35deb4bea4d61bae66a1 } is a revert
{ c12237568224ff2d711d35deb4bea4d61bae66a1 -> f44defcbf82e61f4c1d411d2162581d674387197 }
Revert commits SHA are -> 
c12237568224ff2d711d35deb4bea4d61bae66a1 - revert - f44defcbf82e61f4c1d411d2162581d674387197
---> The reverted commit sha is - c12237568224ff2d711d35deb4bea4d61bae66a1
Commit message - Consolidating references to silenced changes.
---> The original commit sha is - f44defcbf82e61f4c1d411d2162581d674387197
Commit message - Merge pull request #2399 from wyuenho/error-callback-doc-fix

Error callback doc fix
-----------------------------------------------------------------

Revert diff pair 12 is -> 
{ 81f6a16c2908917ba33cdc014586cb2793cb3cb8 -> 43544ca59e0c4d9868f8ee5ee52dff0508092938 } is a revert
{ 79f7f2500f0856c53519872151ed92d49db9d7e8 -> 3648aa48e794578b6367d0b45f4af99805683712 }
Revert commits SHA are -> 
43544ca59e0c4d9868f8ee5ee52dff0508092938 - revert - 3648aa48e794578b6367d0b45f4af99805683712
---> The reverted commit sha is - 43544ca59e0c4d9868f8ee5ee52dff0508092938
Commit message - Really fix #2269, remove circular reference.

...

...

...

...
---> The original commit sha is - 3648aa48e794578b6367d0b45f4af99805683712
Commit message - Revert "Really fix #2269, remove circular reference."

This reverts commit 43544ca59e0c4d9868f8ee5ee52dff0508092938.
-----------------------------------------------------------------

Revert diff pair 13 is -> 
{ 43544ca59e0c4d9868f8ee5ee52dff0508092938 -> 772a5cd0119672969cd0bb5a7a534bac11b07442 } is a revert
{ 772a5cd0119672969cd0bb5a7a534bac11b07442 -> 79f7f2500f0856c53519872151ed92d49db9d7e8 }
Revert commits SHA are -> 
772a5cd0119672969cd0bb5a7a534bac11b07442 - revert - 79f7f2500f0856c53519872151ed92d49db9d7e8
---> The reverted commit sha is - 772a5cd0119672969cd0bb5a7a534bac11b07442
Commit message - Account for another leak case
---> The original commit sha is - 79f7f2500f0856c53519872151ed92d49db9d7e8
Commit message - Revert "Account for another leak case"

This reverts commit 772a5cd0119672969cd0bb5a7a534bac11b07442.
-----------------------------------------------------------------

Revert diff pair 14 is -> 
{ 1422be90f92a62d94e67514eae8e3f739e0e12c6 -> 9b3fa12fad755626501e8f363f07a0f976d90f3d } is a revert
{ d17b8cf46db2e001cb2993cbb6a008f45e30b5d8 -> 333a924e5f700f9e424cb50010450c33b73b4fe2 }
Revert commits SHA are -> 
9b3fa12fad755626501e8f363f07a0f976d90f3d - revert - 333a924e5f700f9e424cb50010450c33b73b4fe2
---> The reverted commit sha is - 9b3fa12fad755626501e8f363f07a0f976d90f3d
Commit message - Reverting #2106 -- satisfying lint.
---> The original commit sha is - 333a924e5f700f9e424cb50010450c33b73b4fe2
Commit message - Documentation Fix: as -> are
-----------------------------------------------------------------

Revert diff pair 15 is -> 
{ bd6cc4b307dd3c377f9a4f9ffd1338ebed5c7fc7 -> d33a5a1bbca4e9987c2aac76fe66954ab661e25f } is a revert
{ d33a5a1bbca4e9987c2aac76fe66954ab661e25f -> d17b8cf46db2e001cb2993cbb6a008f45e30b5d8 }
Revert commits SHA are -> 
d33a5a1bbca4e9987c2aac76fe66954ab661e25f - revert - d17b8cf46db2e001cb2993cbb6a008f45e30b5d8
---> The reverted commit sha is - d33a5a1bbca4e9987c2aac76fe66954ab661e25f
Commit message - add reset collection memory tests
---> The original commit sha is - d17b8cf46db2e001cb2993cbb6a008f45e30b5d8
Commit message - Merge pull request #2142 from JasonPunyon/patch-1

Documentation Fix: as -> are
-----------------------------------------------------------------

Revert diff pair 16 is -> 
{ 56d363c886469eedec237e040e02bb33feb7c2e6 -> b890e3e2f2e3b31987a7822724b1123f0e03bd17 } is a revert
{ 289d76d352798d0b8125816e349289a7dc635e23 -> 902c3e23426789056859adcde2be726963c59193 }
Revert commits SHA are -> 
b890e3e2f2e3b31987a7822724b1123f0e03bd17 - revert - 902c3e23426789056859adcde2be726963c59193
---> The reverted commit sha is - b890e3e2f2e3b31987a7822724b1123f0e03bd17
Commit message - Issue number in comments.
---> The original commit sha is - 902c3e23426789056859adcde2be726963c59193
Commit message - Revert "Issue number in comments."

This reverts commit b890e3e2f2e3b31987a7822724b1123f0e03bd17.
-----------------------------------------------------------------

Revert diff pair 17 is -> 
{ 9901e69bf5722645891c0d51b255520e64b4dc56 -> 289d76d352798d0b8125816e349289a7dc635e23 } is a revert
{ 289d76d352798d0b8125816e349289a7dc635e23 -> 902c3e23426789056859adcde2be726963c59193 }
Revert commits SHA are -> 
289d76d352798d0b8125816e349289a7dc635e23 - revert - 902c3e23426789056859adcde2be726963c59193
---> The reverted commit sha is - 289d76d352798d0b8125816e349289a7dc635e23
Commit message - Merge pull request #2112 from braddunbar/issue-comments

Issue number in comments.
---> The original commit sha is - 902c3e23426789056859adcde2be726963c59193
Commit message - Revert "Issue number in comments."

This reverts commit b890e3e2f2e3b31987a7822724b1123f0e03bd17.
-----------------------------------------------------------------

Revert diff pair 18 is -> 
{ 9a2633c1e7d3a9bcb5b4dc2c3aaffbf3cb08ac76 -> baac55096fc3fd7552a622651bbb0741c22c080b } is a revert
{ baac55096fc3fd7552a622651bbb0741c22c080b -> 4be23231b63254e08f8a7246f6c0381f5853cc87 }
Revert commits SHA are -> 
baac55096fc3fd7552a622651bbb0741c22c080b - revert - 4be23231b63254e08f8a7246f6c0381f5853cc87
---> The reverted commit sha is - baac55096fc3fd7552a622651bbb0741c22c080b
Commit message - Add listenTo yourself and cleaning with stopListening test
---> The original commit sha is - 4be23231b63254e08f8a7246f6c0381f5853cc87
Commit message - Merge pull request #2047 from adriaanlabusc/patch3

removed reference to model.change from docs
-----------------------------------------------------------------

Revert diff pair 19 is -> 
{ 6f0e4cc8ae76ea3226d381c78ed760039e1e0706 -> b6566ef2d971396568beea9ccb42473b98d263e5 } is a revert
{ 678bdd0c85f3ebe2d8e0c14b21760243643908f2 -> d63fe9e61fa7602ffe5033ad4bd4cbdfdcb0744c }
Revert commits SHA are -> 
b6566ef2d971396568beea9ccb42473b98d263e5 - revert - d63fe9e61fa7602ffe5033ad4bd4cbdfdcb0744c
---> The reverted commit sha is - b6566ef2d971396568beea9ccb42473b98d263e5
Commit message - Merge pull request #1954 from derickbailey/listenTo_stopListening_context

add context as 4th parameter to listenTo and stopListening methods on Backbone.Events
---> The original commit sha is - d63fe9e61fa7602ffe5033ad4bd4cbdfdcb0744c
Commit message - Merge pull request #2019 from tgriesser/nocontext

Removing context from listenTo/stoplistening
-----------------------------------------------------------------

Revert diff pair 20 is -> 
{ 828f121c6e73f8ffc24aa381093c5dd22c81f913 -> 7237ff9be22c02f4ec56f05e12f65279504d88f9 } is a revert
{ 678bdd0c85f3ebe2d8e0c14b21760243643908f2 -> d63fe9e61fa7602ffe5033ad4bd4cbdfdcb0744c }
Revert commits SHA are -> 
7237ff9be22c02f4ec56f05e12f65279504d88f9 - revert - d63fe9e61fa7602ffe5033ad4bd4cbdfdcb0744c
---> The reverted commit sha is - 7237ff9be22c02f4ec56f05e12f65279504d88f9
Commit message - Merge branch 'master' of github.com:documentcloud/backbone
---> The original commit sha is - d63fe9e61fa7602ffe5033ad4bd4cbdfdcb0744c
Commit message - Merge pull request #2019 from tgriesser/nocontext

Removing context from listenTo/stoplistening
-----------------------------------------------------------------

Revert diff pair 21 is -> 
{ 6f0e4cc8ae76ea3226d381c78ed760039e1e0706 -> b6566ef2d971396568beea9ccb42473b98d263e5 } is a revert
{ a24544bdc4fed7510e2ae0312164f9a8a89b9ee6 -> 4b2ce42180d73206ff77775b8dd80c7f189f3559 }
Revert commits SHA are -> 
b6566ef2d971396568beea9ccb42473b98d263e5 - revert - 4b2ce42180d73206ff77775b8dd80c7f189f3559
---> The reverted commit sha is - b6566ef2d971396568beea9ccb42473b98d263e5
Commit message - Merge pull request #1954 from derickbailey/listenTo_stopListening_context

add context as 4th parameter to listenTo and stopListening methods on Backbone.Events
---> The original commit sha is - 4b2ce42180d73206ff77775b8dd80c7f189f3559
Commit message - removing context from listenTo/stoplistening
-----------------------------------------------------------------

Revert diff pair 22 is -> 
{ 828f121c6e73f8ffc24aa381093c5dd22c81f913 -> 7237ff9be22c02f4ec56f05e12f65279504d88f9 } is a revert
{ a24544bdc4fed7510e2ae0312164f9a8a89b9ee6 -> 4b2ce42180d73206ff77775b8dd80c7f189f3559 }
Revert commits SHA are -> 
7237ff9be22c02f4ec56f05e12f65279504d88f9 - revert - 4b2ce42180d73206ff77775b8dd80c7f189f3559
---> The reverted commit sha is - 7237ff9be22c02f4ec56f05e12f65279504d88f9
Commit message - Merge branch 'master' of github.com:documentcloud/backbone
---> The original commit sha is - 4b2ce42180d73206ff77775b8dd80c7f189f3559
Commit message - removing context from listenTo/stoplistening
-----------------------------------------------------------------

Revert diff pair 23 is -> 
{ 1357ecd413ad923cce63086612c79c1eb00df092 -> b6ca71c594956ffa625e10eaeab547cb520dc3fc } is a revert
{ 0aff3f2b6264b06045cdf17e5a1cb858af817124 -> 320347d94a10c61b03d791dcebdc8e18c9a37541 }
Revert commits SHA are -> 
b6ca71c594956ffa625e10eaeab547cb520dc3fc - revert - 320347d94a10c61b03d791dcebdc8e18c9a37541
---> The reverted commit sha is - b6ca71c594956ffa625e10eaeab547cb520dc3fc
Commit message - Simplify argument juggling for set/save
---> The original commit sha is - 320347d94a10c61b03d791dcebdc8e18c9a37541
Commit message - Merge pull request #2005 from braddunbar/success-args

Fix #2003 - success callback arguments.
-----------------------------------------------------------------

Revert diff pair 24 is -> 
{ 1357ecd413ad923cce63086612c79c1eb00df092 -> b6ca71c594956ffa625e10eaeab547cb520dc3fc } is a revert
{ b6ca71c594956ffa625e10eaeab547cb520dc3fc -> ef0db237ca92d050ee71ad8d9fd35e3b2b898967 }
Revert commits SHA are -> 
b6ca71c594956ffa625e10eaeab547cb520dc3fc - revert - ef0db237ca92d050ee71ad8d9fd35e3b2b898967
---> The reverted commit sha is - b6ca71c594956ffa625e10eaeab547cb520dc3fc
Commit message - Simplify argument juggling for set/save
---> The original commit sha is - ef0db237ca92d050ee71ad8d9fd35e3b2b898967
Commit message - Revert set/save argument juggling
-----------------------------------------------------------------

Revert diff pair 25 is -> 
{ 4ec055f752c47a523a3462a42ef6d51e41d2bcc9 -> 172d111c72665d9f52ddc77807ead4df73fb3b5f } is a revert
{ 172d111c72665d9f52ddc77807ead4df73fb3b5f -> 7f29c8c032fd4f4b065d4e93e6d7ca17e1e5b9ac }
Revert commits SHA are -> 
172d111c72665d9f52ddc77807ead4df73fb3b5f - revert - 7f29c8c032fd4f4b065d4e93e6d7ca17e1e5b9ac
---> The reverted commit sha is - 172d111c72665d9f52ddc77807ead4df73fb3b5f
Commit message - Fix #1987 - Mention the removal of `options.index` in the changelog

Conflicts:
	index.html
---> The original commit sha is - 7f29c8c032fd4f4b065d4e93e6d7ca17e1e5b9ac
Commit message - Remove accidental global.
-----------------------------------------------------------------

Revert diff pair 26 is -> 
{ 252919f841349d6a472e7fb5acc80011a2ab1661 -> f417ddd1ab078e5d615229296b9b53a188f24d53 } is a revert
{ 25505d67008aa35a516d566a17ae205df73bf30e -> c13005a84aa298863610c22737f6d955a236383d }
Revert commits SHA are -> 
f417ddd1ab078e5d615229296b9b53a188f24d53 - revert - c13005a84aa298863610c22737f6d955a236383d
---> The reverted commit sha is - f417ddd1ab078e5d615229296b9b53a188f24d53
Commit message - Fixes #555 -- don't return the parent constructor's value.
---> The original commit sha is - c13005a84aa298863610c22737f6d955a236383d
Commit message - Merge pull request #1947 from cdavaz/master

default constructor should return parent value
-----------------------------------------------------------------

Revert diff pair 27 is -> 
{ 252919f841349d6a472e7fb5acc80011a2ab1661 -> f417ddd1ab078e5d615229296b9b53a188f24d53 } is a revert
{ 523fb81779b6bd4c270cd8a50efa75bf88ed5f36 -> 366661302094d6d287ff5e3aa2300940bd3ac219 }
Revert commits SHA are -> 
f417ddd1ab078e5d615229296b9b53a188f24d53 - revert - 366661302094d6d287ff5e3aa2300940bd3ac219
---> The reverted commit sha is - f417ddd1ab078e5d615229296b9b53a188f24d53
Commit message - Fixes #555 -- don't return the parent constructor's value.
---> The original commit sha is - 366661302094d6d287ff5e3aa2300940bd3ac219
Commit message - default constructor should return parent value

I came across this issue with a class that caches instances when
they are firste created. Subsequent calls to the constructor will
return the cached instance if available. This relies on a feature
of JavaScript described here:

http://bclary.com/2004/11/07/#a-13.2.2

Note Step 7 in the reference document. By not returning the value
from the default constructor, subclasses of Backbone classes that
rely on this feature will break.
-----------------------------------------------------------------

Revert diff pair 28 is -> 
{ df74b030e96cbf0ff7dc19160105ba1aed3e6751 -> 957595f56f3be1f84d377cc97cae3b683fb3019f } is a revert
{ 957595f56f3be1f84d377cc97cae3b683fb3019f -> 9365dacc30bb85ba8bab3e3ec33a786f0a1476b3 }
Revert commits SHA are -> 
957595f56f3be1f84d377cc97cae3b683fb3019f - revert - 9365dacc30bb85ba8bab3e3ec33a786f0a1476b3
---> The reverted commit sha is - 957595f56f3be1f84d377cc97cae3b683fb3019f
Commit message - removing false optimization, inlining triggerEvents. Thanks @caseywebdev
---> The original commit sha is - 9365dacc30bb85ba8bab3e3ec33a786f0a1476b3
Commit message - Revert "removing false optimization, inlining triggerEvents. Thanks @caseywebdev"

This reverts commit 957595f56f3be1f84d377cc97cae3b683fb3019f.
-----------------------------------------------------------------

Revert diff pair 29 is -> 
{ 3de9f3504e52937219777ba265b2463e2e49bfe4 -> fbbb2e675e594f023ca17cf3708bfb07601e8ff2 } is a revert
{ b17a37b4f20bfdefc1d4091b15f07b2854f5d1f7 -> a0aabb405b8c1f5b1a2852bdafca7929f6a69b39 }
Revert commits SHA are -> 
fbbb2e675e594f023ca17cf3708bfb07601e8ff2 - revert - a0aabb405b8c1f5b1a2852bdafca7929f6a69b39
---> The reverted commit sha is - fbbb2e675e594f023ca17cf3708bfb07601e8ff2
Commit message - Fixes #1843 -- reworks parsing behavior. It now always applies if you define it, and no longer passes xhr. (parsing should be a pure function of the data)
---> The original commit sha is - a0aabb405b8c1f5b1a2852bdafca7929f6a69b39
Commit message - Revert "Fixes #1843 -- reworks parsing behavior. It now always applies if you define it, and no longer passes xhr. (parsing should be a pure function of the data)"

This reverts commit fbbb2e675e594f023ca17cf3708bfb07601e8ff2.
-----------------------------------------------------------------

Revert diff pair 30 is -> 
{ 182804b448f000deb1686314aaac99e0b78da45b -> e7d85efa9c2c5716fe80123981d57ea5adab4eeb } is a revert
{ e7d85efa9c2c5716fe80123981d57ea5adab4eeb -> 3de9f3504e52937219777ba265b2463e2e49bfe4 }
Revert commits SHA are -> 
e7d85efa9c2c5716fe80123981d57ea5adab4eeb - revert - 3de9f3504e52937219777ba265b2463e2e49bfe4
---> The reverted commit sha is - e7d85efa9c2c5716fe80123981d57ea5adab4eeb
Commit message - tiny tweak
---> The original commit sha is - 3de9f3504e52937219777ba265b2463e2e49bfe4
Commit message - Revert "tiny tweak"

This reverts commit e7d85efa9c2c5716fe80123981d57ea5adab4eeb.
-----------------------------------------------------------------

Revert diff pair 31 is -> 
{ 3b08fb8c890f424218a2d6994d9abd0fd6341570 -> fcd3898e246ac70ba6f8ad649b8d34284175aa73 } is a revert
{ 8ea7d9a01db0cce31d6e52b415105b2de0df28e9 -> 07b88efaddd3232c521caa2cdc798d9e63494fc9 }
Revert commits SHA are -> 
fcd3898e246ac70ba6f8ad649b8d34284175aa73 - revert - 07b88efaddd3232c521caa2cdc798d9e63494fc9
---> The reverted commit sha is - fcd3898e246ac70ba6f8ad649b8d34284175aa73
Commit message - TravisCI integration.
---> The original commit sha is - 07b88efaddd3232c521caa2cdc798d9e63494fc9
Commit message - Revert "TravisCI integration."

This reverts commit fcd3898e246ac70ba6f8ad649b8d34284175aa73.

As described in cowboy/grunt#219, grunt's phantomjs bootstrap often causes a
timeout (in v0.3.x).  This is fixed in the development branch of grunt so we
can revisit travis integration after the next release.
-----------------------------------------------------------------

Revert diff pair 32 is -> 
{ c19459a816674502d8d244bcd962df983e2c8b09 -> e413f63a4b6070ef7c66c460646333da660c7f6b } is a revert
{ e413f63a4b6070ef7c66c460646333da660c7f6b -> e809bfbfbd33b06cea5cfd3f4fdd0e9030d73350 }
Revert commits SHA are -> 
e413f63a4b6070ef7c66c460646333da660c7f6b - revert - e809bfbfbd33b06cea5cfd3f4fdd0e9030d73350
---> The reverted commit sha is - e413f63a4b6070ef7c66c460646333da660c7f6b
Commit message - Refactor test/view.js
---> The original commit sha is - e809bfbfbd33b06cea5cfd3f4fdd0e9030d73350
Commit message - Merge pull request #1628 from braddunbar/frag

Remove unnecessary `frag` variable.
-----------------------------------------------------------------

Revert diff pair 33 is -> 
{ 62960e787d548d65272bd63eb544ac3ed515e60d -> 8f271532a1618ed7275883e08f58f2b968bbdf37 } is a revert
{ 8f271532a1618ed7275883e08f58f2b968bbdf37 -> f36f11e5e39f0a69a51da4bd28a11c310889187d }
Revert commits SHA are -> 
8f271532a1618ed7275883e08f58f2b968bbdf37 - revert - f36f11e5e39f0a69a51da4bd28a11c310889187d
---> The reverted commit sha is - 8f271532a1618ed7275883e08f58f2b968bbdf37
Commit message - Merge pull request #1585 from braddunbar/default-history

Fix #1584 - Create default Backbone.history.
---> The original commit sha is - f36f11e5e39f0a69a51da4bd28a11c310889187d
Commit message - Use Surrogate instead of Prototype.
-----------------------------------------------------------------

Revert diff pair 34 is -> 
{ 2cd5818fa26c3ab2d0ca7107598b39750a6f46e5 -> 6a39bfd8f32cfa84da2855e1e16fb015669f9cef } is a revert
{ d4d7fb97a5e0392578481212f93c371470e70898 -> db6514b637b4f5845c0ad582d61e751a4a048be9 }
Revert commits SHA are -> 
6a39bfd8f32cfa84da2855e1e16fb015669f9cef - revert - db6514b637b4f5845c0ad582d61e751a4a048be9
---> The reverted commit sha is - 6a39bfd8f32cfa84da2855e1e16fb015669f9cef
Commit message - Move collection assignment a few lines up so this.collection is available in Model.parse
---> The original commit sha is - db6514b637b4f5845c0ad582d61e751a4a048be9
Commit message - Merge pull request #1408 from davidmarble/master

Move this.collection assignment up a few lines so it's available in Model.parse
-----------------------------------------------------------------

Revert diff pair 35 is -> 
{ c924e05bffc33044808973eaa8a70e506ae5fc66 -> 2b0ad77f3be07f91438f1f7e17d7c5eff5b2523b } is a revert
{ 2939a2a4123d59b3ad0d2db84992c3916efaa412 -> 85bd0b5132e0da853eda114bd761d7961b80a146 }
Revert commits SHA are -> 
2b0ad77f3be07f91438f1f7e17d7c5eff5b2523b - revert - 85bd0b5132e0da853eda114bd761d7961b80a146
---> The reverted commit sha is - 2b0ad77f3be07f91438f1f7e17d7c5eff5b2523b
Commit message - Fix #1366 - Do not prepend root to history.fragment.
---> The original commit sha is - 85bd0b5132e0da853eda114bd761d7961b80a146
Commit message - Revert "Revert "Revert "Fix #1366 - Do not prepend root to history.fragment."""

This reverts commit ba980801ce45609212e5fffbbc013ddf2dc3695c.
-----------------------------------------------------------------

Revert diff pair 36 is -> 
{ 7054ca4a2a2ed0a684edea42909c13a081e27901 -> 97379d66941c9a259eb179ae3a474e269bc74209 } is a revert
{ 2939a2a4123d59b3ad0d2db84992c3916efaa412 -> 85bd0b5132e0da853eda114bd761d7961b80a146 }
Revert commits SHA are -> 
97379d66941c9a259eb179ae3a474e269bc74209 - revert - 85bd0b5132e0da853eda114bd761d7961b80a146
---> The reverted commit sha is - 97379d66941c9a259eb179ae3a474e269bc74209
Commit message - Merge pull request #1372 from braddunbar/fragment

Fix #1366 - Do not prepend root to history.fragment.
---> The original commit sha is - 85bd0b5132e0da853eda114bd761d7961b80a146
Commit message - Revert "Revert "Revert "Fix #1366 - Do not prepend root to history.fragment."""

This reverts commit ba980801ce45609212e5fffbbc013ddf2dc3695c.
-----------------------------------------------------------------

Revert diff pair 37 is -> 
{ ceb68d731447321c7d9b30583052f27b1f365499 -> ba980801ce45609212e5fffbbc013ddf2dc3695c } is a revert
{ 2939a2a4123d59b3ad0d2db84992c3916efaa412 -> 85bd0b5132e0da853eda114bd761d7961b80a146 }
Revert commits SHA are -> 
ba980801ce45609212e5fffbbc013ddf2dc3695c - revert - 85bd0b5132e0da853eda114bd761d7961b80a146
---> The reverted commit sha is - ba980801ce45609212e5fffbbc013ddf2dc3695c
Commit message - Revert "Revert "Fix #1366 - Do not prepend root to history.fragment.""

This reverts commit ceb68d731447321c7d9b30583052f27b1f365499.
---> The original commit sha is - 85bd0b5132e0da853eda114bd761d7961b80a146
Commit message - Revert "Revert "Revert "Fix #1366 - Do not prepend root to history.fragment."""

This reverts commit ba980801ce45609212e5fffbbc013ddf2dc3695c.
-----------------------------------------------------------------

Revert diff pair 38 is -> 
{ ba980801ce45609212e5fffbbc013ddf2dc3695c -> 76eeafcc3a321ad20e45e98edbb54b03a0647821 } is a revert
{ 76eeafcc3a321ad20e45e98edbb54b03a0647821 -> 2939a2a4123d59b3ad0d2db84992c3916efaa412 }
Revert commits SHA are -> 
76eeafcc3a321ad20e45e98edbb54b03a0647821 - revert - 2939a2a4123d59b3ad0d2db84992c3916efaa412
---> The reverted commit sha is - 76eeafcc3a321ad20e45e98edbb54b03a0647821
Commit message - Skip pushState tests with 'file:' protocol.
---> The original commit sha is - 2939a2a4123d59b3ad0d2db84992c3916efaa412
Commit message - Revert "Skip pushState tests with 'file:' protocol."

This reverts commit 76eeafcc3a321ad20e45e98edbb54b03a0647821.
-----------------------------------------------------------------

Revert diff pair 39 is -> 
{ 97379d66941c9a259eb179ae3a474e269bc74209 -> ceb68d731447321c7d9b30583052f27b1f365499 } is a revert
{ ceb68d731447321c7d9b30583052f27b1f365499 -> ba980801ce45609212e5fffbbc013ddf2dc3695c }
Revert commits SHA are -> 
ceb68d731447321c7d9b30583052f27b1f365499 - revert - ba980801ce45609212e5fffbbc013ddf2dc3695c
---> The reverted commit sha is - ceb68d731447321c7d9b30583052f27b1f365499
Commit message - Revert "Fix #1366 - Do not prepend root to history.fragment."

This reverts commit 2b0ad77f3be07f91438f1f7e17d7c5eff5b2523b.
---> The original commit sha is - ba980801ce45609212e5fffbbc013ddf2dc3695c
Commit message - Revert "Revert "Fix #1366 - Do not prepend root to history.fragment.""

This reverts commit ceb68d731447321c7d9b30583052f27b1f365499.
-----------------------------------------------------------------

Revert diff pair 40 is -> 
{ c924e05bffc33044808973eaa8a70e506ae5fc66 -> 2b0ad77f3be07f91438f1f7e17d7c5eff5b2523b } is a revert
{ 97379d66941c9a259eb179ae3a474e269bc74209 -> ceb68d731447321c7d9b30583052f27b1f365499 }
Revert commits SHA are -> 
2b0ad77f3be07f91438f1f7e17d7c5eff5b2523b - revert - ceb68d731447321c7d9b30583052f27b1f365499
---> The reverted commit sha is - 2b0ad77f3be07f91438f1f7e17d7c5eff5b2523b
Commit message - Fix #1366 - Do not prepend root to history.fragment.
---> The original commit sha is - ceb68d731447321c7d9b30583052f27b1f365499
Commit message - Revert "Fix #1366 - Do not prepend root to history.fragment."

This reverts commit 2b0ad77f3be07f91438f1f7e17d7c5eff5b2523b.
-----------------------------------------------------------------

Revert diff pair 41 is -> 
{ 7054ca4a2a2ed0a684edea42909c13a081e27901 -> 97379d66941c9a259eb179ae3a474e269bc74209 } is a revert
{ 97379d66941c9a259eb179ae3a474e269bc74209 -> ceb68d731447321c7d9b30583052f27b1f365499 }
Revert commits SHA are -> 
97379d66941c9a259eb179ae3a474e269bc74209 - revert - ceb68d731447321c7d9b30583052f27b1f365499
---> The reverted commit sha is - 97379d66941c9a259eb179ae3a474e269bc74209
Commit message - Merge pull request #1372 from braddunbar/fragment

Fix #1366 - Do not prepend root to history.fragment.
---> The original commit sha is - ceb68d731447321c7d9b30583052f27b1f365499
Commit message - Revert "Fix #1366 - Do not prepend root to history.fragment."

This reverts commit 2b0ad77f3be07f91438f1f7e17d7c5eff5b2523b.
-----------------------------------------------------------------

Revert diff pair 42 is -> 
{ 15a61c08eef005f060c7c12fd833237da1b9bf40 -> 4dcf4bde7e4999c02ee2e302aa2453beb891fa9d } is a revert
{ 4dcf4bde7e4999c02ee2e302aa2453beb891fa9d -> 7fcba24db893511a181ae3c166a78e3c392622ee }
Revert commits SHA are -> 
4dcf4bde7e4999c02ee2e302aa2453beb891fa9d - revert - 7fcba24db893511a181ae3c166a78e3c392622ee
---> The reverted commit sha is - 4dcf4bde7e4999c02ee2e302aa2453beb891fa9d
Commit message - Avoid throwing when $ is not defined.
---> The original commit sha is - 7fcba24db893511a181ae3c166a78e3c392622ee
Commit message - Merge pull request #1284 from lifesinger/master

Improve performance using array instead of linked-list to implement Backbone.Events
-----------------------------------------------------------------

Revert diff pair 43 is -> 
{ 46d43ae5bf9da22759a46bc9185a75e510ab8eb0 -> 70005fdd04636435005c4d0929b3c76162e3c845 } is a revert
{ 70005fdd04636435005c4d0929b3c76162e3c845 -> fdc12d1608865ab725dd1a3ad3e02fb233585b6a }
Revert commits SHA are -> 
70005fdd04636435005c4d0929b3c76162e3c845 - revert - fdc12d1608865ab725dd1a3ad3e02fb233585b6a
---> The reverted commit sha is - 70005fdd04636435005c4d0929b3c76162e3c845
Commit message - Update QUnit.

* Use `deepEqual` in place of `same`.
* Expect 0 tests where appropriate.
* Update view test to use #qunit-fixture.
* Remove `QUnit.config.reorder = false;`.
---> The original commit sha is - fdc12d1608865ab725dd1a3ad3e02fb233585b6a
Commit message - Merge pull request #1274 from braddunbar/null-id

null and undefined are invalid ids.
-----------------------------------------------------------------

Revert diff pair 44 is -> 
{ ef5835ac5ae08ea6b9745549eac33bde0a27b01e -> 0d1d278c7ba99eb546ae35e261dd9c2fc99f941c } is a revert
{ 0d1d278c7ba99eb546ae35e261dd9c2fc99f941c -> 41e9d1a8479ba49ae9b43561229fd11c8b326934 }
Revert commits SHA are -> 
0d1d278c7ba99eb546ae35e261dd9c2fc99f941c - revert - 41e9d1a8479ba49ae9b43561229fd11c8b326934
---> The reverted commit sha is - 0d1d278c7ba99eb546ae35e261dd9c2fc99f941c
Commit message - Added ability to avoid an additional '$()' call in 'setElement' method if current 'element' is already wrapped with '$()'
---> The original commit sha is - 41e9d1a8479ba49ae9b43561229fd11c8b326934
Commit message - Merge pull request #1040 from braddunbar/$-docs

Fixes #1038 - Document changes to `view.$`.
-----------------------------------------------------------------

Revert diff pair 45 is -> 
{ dfc966272f34bc39ca7f23cda662800bbfc2b092 -> 0cbcdc96eb05457e7635aa5d91c8f3f89e0335b3 } is a revert
{ 0cbcdc96eb05457e7635aa5d91c8f3f89e0335b3 -> 799b9b3dd45008c20ec675bbf8a6baf607bce949 }
Revert commits SHA are -> 
0cbcdc96eb05457e7635aa5d91c8f3f89e0335b3 - revert - 799b9b3dd45008c20ec675bbf8a6baf607bce949
---> The reverted commit sha is - 0cbcdc96eb05457e7635aa5d91c8f3f89e0335b3
Commit message - Fixes #935. ensuring that sync is triggered on the collection after the model is removed.
---> The original commit sha is - 799b9b3dd45008c20ec675bbf8a6baf607bce949
Commit message - Revert "Fixes #935. ensuring that sync is triggered on the collection after the model is removed."

This reverts commit 0cbcdc96eb05457e7635aa5d91c8f3f89e0335b3.
-----------------------------------------------------------------

Revert diff pair 46 is -> 
{ db95e2c1fb9846a713685d35b12c9c4ce91d58f1 -> 6ffd392da4c5277ba466e11c1c643734278e0160 } is a revert
{ 6ffd392da4c5277ba466e11c1c643734278e0160 -> 7a486392f1b7af4bc1050e2b71490a4e9274d952 }
Revert commits SHA are -> 
6ffd392da4c5277ba466e11c1c643734278e0160 - revert - 7a486392f1b7af4bc1050e2b71490a4e9274d952
---> The reverted commit sha is - 6ffd392da4c5277ba466e11c1c643734278e0160
Commit message - added a few missing things to the change log
---> The original commit sha is - 7a486392f1b7af4bc1050e2b71490a4e9274d952
Commit message - ensure `options` is present
-----------------------------------------------------------------

Revert diff pair 47 is -> 
{ 780ddd393c87aecd69b83ddf49bd73e0c76dd844 -> 478aaf3d000ff8d4b7f9d6c78d657f4e9904df65 } is a revert
{ 1675e76cb77a461cf1a609e83349385f4cf5af8a -> 933469a2bdc0df454edd858e66cadfab7ff93811 }
Revert commits SHA are -> 
478aaf3d000ff8d4b7f9d6c78d657f4e9904df65 - revert - 933469a2bdc0df454edd858e66cadfab7ff93811
---> The reverted commit sha is - 478aaf3d000ff8d4b7f9d6c78d657f4e9904df65
Commit message - Switched order of delegateEvents and initialize in Backbone.View constructor in order to allow for explicit setting of this.el in initialize (and ensure that events are bound correctly).
---> The original commit sha is - 933469a2bdc0df454edd858e66cadfab7ff93811
Commit message - Merge pull request #851 from mickeyreiss/master

Switch order of delegateEvents and initialize in View constructor
-----------------------------------------------------------------

Revert diff pair 48 is -> 
{ d9f44798457e0efb3e7f45970f18639d651965b6 -> a0843bb2eed9aededc8019d5d60c6bd1064c3f8c } is a revert
{ 0ccbba7794135ce17bac0aa642ca5138819ea051 -> 7ece4ef2fdf91b057e153c59e8e1c8c5b570cd8d }
Revert commits SHA are -> 
a0843bb2eed9aededc8019d5d60c6bd1064c3f8c - revert - 7ece4ef2fdf91b057e153c59e8e1c8c5b570cd8d
---> The reverted commit sha is - a0843bb2eed9aededc8019d5d60c6bd1064c3f8c
Commit message - fixing whitespace consistency for #718
	all functions are formatted as such: `function(args) { ...`
---> The original commit sha is - 7ece4ef2fdf91b057e153c59e8e1c8c5b570cd8d
Commit message - Revert "fixing whitespace consistency for #718"

This reverts commit a0843bb2eed9aededc8019d5d60c6bd1064c3f8c.
-----------------------------------------------------------------

Revert diff pair 49 is -> 
{ 79eea1dc3c6680cd4f5a22ceed7facfbe2208180 -> 6717e42849a12b1a8ef3e8d6406d43e9225e3a22 } is a revert
{ 6717e42849a12b1a8ef3e8d6406d43e9225e3a22 -> afc2d99b4632aca90f5c8d779541a0c655e621de }
Revert commits SHA are -> 
6717e42849a12b1a8ef3e8d6406d43e9225e3a22 - revert - afc2d99b4632aca90f5c8d779541a0c655e621de
---> The reverted commit sha is - 6717e42849a12b1a8ef3e8d6406d43e9225e3a22
Commit message - Bump jQuery test suite dependency from 1.5 to 1.6.4
---> The original commit sha is - afc2d99b4632aca90f5c8d779541a0c655e621de
Commit message - nicer again
-----------------------------------------------------------------

Revert diff pair 50 is -> 
{ e14894844fc32e84c429143a2893e058dea5b9dc -> 7bfc9b83c34605fa5abcabbd03d8437bb7f98114 } is a revert
{ 5dc001f3fddd230194768b8285cf8a11aec977ef -> 10e71e31198fa05af4a530838c89768f04d19564 }
Revert commits SHA are -> 
7bfc9b83c34605fa5abcabbd03d8437bb7f98114 - revert - 10e71e31198fa05af4a530838c89768f04d19564
---> The reverted commit sha is - 7bfc9b83c34605fa5abcabbd03d8437bb7f98114
Commit message - Merge branch 'master' of github.com:documentcloud/backbone
---> The original commit sha is - 10e71e31198fa05af4a530838c89768f04d19564
Commit message - Fixes #531, reverts 39b36af
-----------------------------------------------------------------

Revert diff pair 51 is -> 
{ f4cfbd633df0a34a388c4e039658e63495c20c5e -> 21fa0aa6a276fcced53fba384d926c13aa00d6a9 } is a revert
{ fcbedad8cdecc4dfd5c9190ca1aadb67606596ed -> 10230e4d76e21f08a1dee1fe5d28994e2cf5f11d }
Revert commits SHA are -> 
21fa0aa6a276fcced53fba384d926c13aa00d6a9 - revert - 10230e4d76e21f08a1dee1fe5d28994e2cf5f11d
---> The reverted commit sha is - 21fa0aa6a276fcced53fba384d926c13aa00d6a9
Commit message - change hashStrip regex to strip bang as well, so hash-bang urls will work transparently
---> The original commit sha is - 10230e4d76e21f08a1dee1fe5d28994e2cf5f11d
Commit message - Issue #460 -- removing the optional bang from hashStrip ... too many inconsistencies.
-----------------------------------------------------------------

Revert diff pair 52 is -> 
{ 07f753be2fde2cf1a334246ad89ee5bd5651fce1 -> 4138b581950426993d86fe2ed3de5b3ce7f11f20 } is a revert
{ 4138b581950426993d86fe2ed3de5b3ce7f11f20 -> ba1d9a1efdf31034dcae0a366745f7c2b585fb82 }
Revert commits SHA are -> 
4138b581950426993d86fe2ed3de5b3ce7f11f20 - revert - ba1d9a1efdf31034dcae0a366745f7c2b585fb82
---> The reverted commit sha is - 4138b581950426993d86fe2ed3de5b3ce7f11f20
Commit message - Merge pull request #430 from reconbot/master

Add complex query string router test
---> The original commit sha is - ba1d9a1efdf31034dcae0a366745f7c2b585fb82
Commit message - removing complex router text (unfixable)
-----------------------------------------------------------------

Revert diff pair 53 is -> 
{ a969d670c7e0cff0e8253d45a0d71547837d59cc -> 94c77e84f47491b7dd59822364c5ce2ebabc81d2 } is a revert
{ 94c77e84f47491b7dd59822364c5ce2ebabc81d2 -> 9e1fcfad588e7f03f3d29de8b12ad7cd2b5fe27e }
Revert commits SHA are -> 
94c77e84f47491b7dd59822364c5ce2ebabc81d2 - revert - 9e1fcfad588e7f03f3d29de8b12ad7cd2b5fe27e
---> The reverted commit sha is - 94c77e84f47491b7dd59822364c5ce2ebabc81d2
Commit message - about:blank for the IE hashchange iframe support, for IE 6.
---> The original commit sha is - 9e1fcfad588e7f03f3d29de8b12ad7cd2b5fe27e
Commit message - Revert "about:blank for the IE hashchange iframe support, for IE 6."

This reverts commit 94c77e84f47491b7dd59822364c5ce2ebabc81d2.
-----------------------------------------------------------------

Revert diff pair 54 is -> 
{ 0f3c524a3a35637013480d46308da7c7112c2192 -> 263245b9cfcf6cb38075d7292700956dc07c9115 } is a revert
{ 263245b9cfcf6cb38075d7292700956dc07c9115 -> 4311d58ca9ebcabbe1daf05f107c5ef95b9647aa }
Revert commits SHA are -> 
263245b9cfcf6cb38075d7292700956dc07c9115 - revert - 4311d58ca9ebcabbe1daf05f107c5ef95b9647aa
---> The reverted commit sha is - 263245b9cfcf6cb38075d7292700956dc07c9115
Commit message - added package.json
---> The original commit sha is - 4311d58ca9ebcabbe1daf05f107c5ef95b9647aa
Commit message - optional values in the template.
-----------------------------------------------------------------

Revert diff pair 55 is -> 
{ e29b486f5f7819c4ba72f593c9dc7ac1f4065018 -> 6886bca0860402c05e7f4a159f36f262fd2d6dea } is a revert
{ 6886bca0860402c05e7f4a159f36f262fd2d6dea -> ff65c0a41b683d78388c3c88554337b486693c16 }
Revert commits SHA are -> 
6886bca0860402c05e7f4a159f36f262fd2d6dea - revert - ff65c0a41b683d78388c3c88554337b486693c16
---> The reverted commit sha is - 6886bca0860402c05e7f4a159f36f262fd2d6dea
Commit message - typo in docs -- issue #4
---> The original commit sha is - ff65c0a41b683d78388c3c88554337b486693c16
Commit message - Merge branch 'master' of github.com:documentcloud/backbone
-----------------------------------------------------------------

