# of partial cherrypicks = 91
Partial Cherry-pick diff pair 1 is -> 
{ 3f25333b8bd96913daa1c0f2ad312f97796897c9 -> 870cd26f0ce4831ac10c0b1a0a96c5d3533ecc7c } is a cherrypick
{ 91f09111618d4b80aadecac5872412ef007ca0ad -> ec325e87e08e1d296334f8367407c4ec17e29f9f }
Partial Cherry-pick commits SHA are -> 
870cd26f0ce4831ac10c0b1a0a96c5d3533ecc7c - cherrypick - ec325e87e08e1d296334f8367407c4ec17e29f9f
---> The cherrypicked commit sha is - 870cd26f0ce4831ac10c0b1a0a96c5d3533ecc7c
Commit message - removed Connect

removed Express previously used Middleware (Connect)
---> The original commit sha is - ec325e87e08e1d296334f8367407c4ec17e29f9f
Commit message - Merge pull request #603 from nicolechung/patch-1

removed Connect
---> The files with partial_cherrypicks are:-
chapters/05-exercise-2.md
-----------------------------------------------------------------

Partial Cherry-pick diff pair 2 is -> 
{ 870cd26f0ce4831ac10c0b1a0a96c5d3533ecc7c -> 60019d8a58ce350adee334e14f2b77e9b4a71f24 } is a cherrypick
{ fe6a99722acc476976ddc530079f102697b6cd94 -> 91f09111618d4b80aadecac5872412ef007ca0ad }
Partial Cherry-pick commits SHA are -> 
60019d8a58ce350adee334e14f2b77e9b4a71f24 - cherrypick - 91f09111618d4b80aadecac5872412ef007ca0ad
---> The cherrypicked commit sha is - 60019d8a58ce350adee334e14f2b77e9b4a71f24
Commit message - change Marionette event

The new version of Marionette uses before:start and start instead of initialize:after
---> The original commit sha is - 91f09111618d4b80aadecac5872412ef007ca0ad
Commit message - Merge pull request #604 from nicolechung/patch-2

change Marionette event
---> The files with partial_cherrypicks are:-
chapters/06-extensions.md
-----------------------------------------------------------------

Partial Cherry-pick diff pair 3 is -> 
{ f4f579272b78b8544ce9d5ea26c814bd7a89d303 -> 47750bef12f97380fa338a72c2e08e77ad9443b8 } is a cherrypick
{ 856126fddeddf709c5d8f73d610f1e6af2f0c526 -> 3b17d210851ccff1e1d77dc2150bc6070ddbc76a }
Partial Cherry-pick commits SHA are -> 
47750bef12f97380fa338a72c2e08e77ad9443b8 - cherrypick - 3b17d210851ccff1e1d77dc2150bc6070ddbc76a
---> The cherrypicked commit sha is - 47750bef12f97380fa338a72c2e08e77ad9443b8
Commit message - Include localstorage alias in function arg list
---> The original commit sha is - 3b17d210851ccff1e1d77dc2150bc6070ddbc76a
Commit message - Merge pull request #593 from rwstauner/patch-3

Include localstorage alias in function arg list
---> The files with partial_cherrypicks are:-
chapters/11-bbb.md
-----------------------------------------------------------------

Partial Cherry-pick diff pair 4 is -> 
{ b61744ad4f035a5bbb17bfac7b4a0f8bd048952d -> df5bc8c8024092accbc470a9862644b1c33f7c1a } is a cherrypick
{ a63fab05ddabcf13330eac4f442ca27fd8d8da61 -> f7678f12df058a0f13037437f9fcc37a3be92977 }
Partial Cherry-pick commits SHA are -> 
df5bc8c8024092accbc470a9862644b1c33f7c1a - cherrypick - f7678f12df058a0f13037437f9fcc37a3be92977
---> The cherrypicked commit sha is - df5bc8c8024092accbc470a9862644b1c33f7c1a
Commit message - Update 03-internals.md

The comment was incorrect. The event is in fact triggered for the time, and afterwards the function incrA is responsible for triggering the event once more.
---> The original commit sha is - f7678f12df058a0f13037437f9fcc37a3be92977
Commit message - Merge pull request #589 from ohvitorino/gh-pages

Update 03-internals.md
---> The files with partial_cherrypicks are:-
chapters/03-internals.md
-----------------------------------------------------------------

Partial Cherry-pick diff pair 5 is -> 
{ df5bc8c8024092accbc470a9862644b1c33f7c1a -> 9daf8300dc28ffd947ccb7101c1a7bc73d690062 } is a cherrypick
{ aec4e4bffc3d2d8e26f0dda825238da01a09a027 -> a63fab05ddabcf13330eac4f442ca27fd8d8da61 }
Partial Cherry-pick commits SHA are -> 
9daf8300dc28ffd947ccb7101c1a7bc73d690062 - cherrypick - a63fab05ddabcf13330eac4f442ca27fd8d8da61
---> The cherrypicked commit sha is - 9daf8300dc28ffd947ccb7101c1a7bc73d690062
Commit message - Insert heading between solution descriptions
---> The original commit sha is - a63fab05ddabcf13330eac4f442ca27fd8d8da61
Commit message - Merge pull request #590 from rwstauner/patch-1

Insert heading between solution descriptions
---> The files with partial_cherrypicks are:-
chapters/07-common-problems.md
-----------------------------------------------------------------

Partial Cherry-pick diff pair 6 is -> 
{ 9daf8300dc28ffd947ccb7101c1a7bc73d690062 -> f4f579272b78b8544ce9d5ea26c814bd7a89d303 } is a cherrypick
{ c7b20d5f4c05d7a7de168b2cb496ca91c00b84c8 -> aec4e4bffc3d2d8e26f0dda825238da01a09a027 }
Partial Cherry-pick commits SHA are -> 
f4f579272b78b8544ce9d5ea26c814bd7a89d303 - cherrypick - aec4e4bffc3d2d8e26f0dda825238da01a09a027
---> The cherrypicked commit sha is - f4f579272b78b8544ce9d5ea26c814bd7a89d303
Commit message - Put file globs in code spans

Depending on the renderer the asterisks may be interpreted as markdown characters
and alter the style of the text (and in some cases make the asterisks disappear).
---> The original commit sha is - aec4e4bffc3d2d8e26f0dda825238da01a09a027
Commit message - Merge pull request #592 from rwstauner/patch-2

Put file globs in code spans
---> The files with partial_cherrypicks are:-
chapters/09-exercise-3.md
-----------------------------------------------------------------

Partial Cherry-pick diff pair 7 is -> 
{ 47750bef12f97380fa338a72c2e08e77ad9443b8 -> c5ea373bc004efb1e069b837f45e082cbb982b69 } is a cherrypick
{ 570b9301c24217fb7444cd6f665343b5afd7fe2e -> c7b20d5f4c05d7a7de168b2cb496ca91c00b84c8 }
Partial Cherry-pick commits SHA are -> 
c5ea373bc004efb1e069b837f45e082cbb982b69 - cherrypick - c7b20d5f4c05d7a7de168b2cb496ca91c00b84c8
---> The cherrypicked commit sha is - c5ea373bc004efb1e069b837f45e082cbb982b69
Commit message - Update broken link to blog post resource

Blog/repo has been moved/reformatted
---> The original commit sha is - c7b20d5f4c05d7a7de168b2cb496ca91c00b84c8
Commit message - Merge pull request #594 from rwstauner/patch-4

Update broken link to blog post resource
---> The files with partial_cherrypicks are:-
chapters/16-resources.md
-----------------------------------------------------------------

Partial Cherry-pick diff pair 8 is -> 
{ 7372900a65b6942d234f69f1ed982f094ff5b0bf -> cf52b425ef31b356ed661e2ace3d568309216cb3 } is a cherrypick
{ d3287de63bc57aee4761169d585363967f0b7fa6 -> 11eb74da1de3aaba26247f0147e2d206944ed5df }
Partial Cherry-pick commits SHA are -> 
cf52b425ef31b356ed661e2ace3d568309216cb3 - cherrypick - 11eb74da1de3aaba26247f0147e2d206944ed5df
---> The cherrypicked commit sha is - cf52b425ef31b356ed661e2ace3d568309216cb3
Commit message - framework -> library
---> The original commit sha is - 11eb74da1de3aaba26247f0147e2d206944ed5df
Commit message - Merge pull request #579 from Trott/not-a-framework

framework -> library
---> The files with partial_cherrypicks are:-
chapters/07-common-problems.md
chapters/11-bbb.md
chapters/18-appendix.md
-----------------------------------------------------------------

Partial Cherry-pick diff pair 9 is -> 
{ 90e6d5dfef2edd06f01eb8e45807b89006b93aef -> 9b2f0d15ad1a3a6f0ed9daffb93313dc9666a3bf } is a cherrypick
{ 0e33ce2438b3c22323148b830266a8bddef89356 -> 37447c458b4d8ec2b1b0418a81539b0176340b4e }
Partial Cherry-pick commits SHA are -> 
9b2f0d15ad1a3a6f0ed9daffb93313dc9666a3bf - cherrypick - 37447c458b4d8ec2b1b0418a81539b0176340b4e
---> The cherrypicked commit sha is - 9b2f0d15ad1a3a6f0ed9daffb93313dc9666a3bf
Commit message - Jasmine download area - broken link
---> The original commit sha is - 37447c458b4d8ec2b1b0418a81539b0176340b4e
Commit message - Merge pull request #569 from dprotti/jasminedownloadbrokenlink

Jasmine download area - broken link
---> The files with partial_cherrypicks are:-
chapters/13-unit-testing.md
-----------------------------------------------------------------

Partial Cherry-pick diff pair 10 is -> 
{ 9e038430727432055137585fcf9f1b0b86535f6d -> e75130beb006f3c119021df00bb7dc5599873113 } is a cherrypick
{ 751c24bb76d60881874f5eacc87da41513c65bad -> ee4f58292b4fbc71297194c879ebfd25cd2943b5 }
Partial Cherry-pick commits SHA are -> 
e75130beb006f3c119021df00bb7dc5599873113 - cherrypick - ee4f58292b4fbc71297194c879ebfd25cd2943b5
---> The cherrypicked commit sha is - e75130beb006f3c119021df00bb7dc5599873113
Commit message - Add angular.js to the list of other MV*

add angular.js considering the traction it gets now.
---> The original commit sha is - ee4f58292b4fbc71297194c879ebfd25cd2943b5
Commit message - Retire duplicate practical 2 directory.
---> The files with partial_cherrypicks are:-
exercise-2/package.json
exercise-2/server.js
exercise-2/site/css/cupertino/jquery-ui-1.10.0.custom.css
exercise-2/site/css/cupertino/jquery-ui-1.10.0.custom.min.css
exercise-2/site/css/screen.css
exercise-2/site/index.html
exercise-2/site/js/app.js
exercise-2/site/js/collections/library.js
exercise-2/site/js/lib/backbone.js
exercise-2/site/js/lib/jquery-1.9.0.js
exercise-2/site/js/lib/jquery-dateFormat-1.0.js
exercise-2/site/js/lib/jquery-ui-1.10.0.custom.js
exercise-2/site/js/lib/underscore.js
exercise-2/site/js/models/book.js
exercise-2/site/js/views/book.js
-----------------------------------------------------------------

Partial Cherry-pick diff pair 11 is -> 
{ 96563f926e7a5457940ec938d7ec6718c0e186cf -> 0054ea5c183daf589c1363e224eef49281155e81 } is a cherrypick
{ 751c24bb76d60881874f5eacc87da41513c65bad -> ee4f58292b4fbc71297194c879ebfd25cd2943b5 }
Partial Cherry-pick commits SHA are -> 
0054ea5c183daf589c1363e224eef49281155e81 - cherrypick - ee4f58292b4fbc71297194c879ebfd25cd2943b5
---> The cherrypicked commit sha is - 0054ea5c183daf589c1363e224eef49281155e81
Commit message - Chapter 3: Minor corrections and clarification of one paragraph

-Minor spelling, grammatical and punctuation corrections.
-Clarified paragraph that discusses JSON.stringify and toJSON in
"Getters & Setters" section
---> The original commit sha is - ee4f58292b4fbc71297194c879ebfd25cd2943b5
Commit message - Retire duplicate practical 2 directory.
---> The files with partial_cherrypicks are:-
exercise-2/package.json
exercise-2/server.js
exercise-2/site/css/cupertino/jquery-ui-1.10.0.custom.css
exercise-2/site/css/cupertino/jquery-ui-1.10.0.custom.min.css
exercise-2/site/css/screen.css
exercise-2/site/index.html
exercise-2/site/js/app.js
exercise-2/site/js/collections/library.js
exercise-2/site/js/lib/backbone.js
exercise-2/site/js/lib/jquery-1.9.0.js
exercise-2/site/js/lib/jquery-dateFormat-1.0.js
exercise-2/site/js/lib/jquery-ui-1.10.0.custom.js
exercise-2/site/js/lib/underscore.js
exercise-2/site/js/models/book.js
exercise-2/site/js/views/book.js
-----------------------------------------------------------------

Partial Cherry-pick diff pair 12 is -> 
{ c9b0ea59347e78b92938fa7b54eccce1da228a00 -> c45f8974e52b455b68bba9384de21b02855262b0 } is a cherrypick
{ 09012771cc94c4dc32d4c4ba1d2b108e993b53f5 -> 9f9aeaf8f5125a844a1d01431162c885d78e96cd }
Partial Cherry-pick commits SHA are -> 
c45f8974e52b455b68bba9384de21b02855262b0 - cherrypick - 9f9aeaf8f5125a844a1d01431162c885d78e96cd
---> The cherrypicked commit sha is - c45f8974e52b455b68bba9384de21b02855262b0
Commit message - Compiled files based on latest changes (7 Mar 2014)
---> The original commit sha is - 9f9aeaf8f5125a844a1d01431162c885d78e96cd
Commit message - Merge pull request #563 from 1st/gh-pages

Compiled files based on latest changes (8 Mar 2014)
---> The files with partial_cherrypicks are:-
backbone-fundamentals.md
backbone-fundamentals.rtf
index.html
-----------------------------------------------------------------

Partial Cherry-pick diff pair 13 is -> 
{ 18c60a130815f03ef735364254bacf7611d5a0f9 -> a07075811d221e034fe99a448713337b89e5cef9 } is a cherrypick
{ 2e43d7460750c2b6a02d93f52420cf2aea385ea3 -> c9b0ea59347e78b92938fa7b54eccce1da228a00 }
Partial Cherry-pick commits SHA are -> 
a07075811d221e034fe99a448713337b89e5cef9 - cherrypick - c9b0ea59347e78b92938fa7b54eccce1da228a00
---> The cherrypicked commit sha is - a07075811d221e034fe99a448713337b89e5cef9
Commit message - Fix reference to this.$el.
---> The original commit sha is - c9b0ea59347e78b92938fa7b54eccce1da228a00
Commit message - Fix Airbnb capitalization.
---> The files with partial_cherrypicks are:-
chapters/03-internals.md
chapters/07-common-problems.md
-----------------------------------------------------------------

Partial Cherry-pick diff pair 14 is -> 
{ 50f324d216dae4bfd2c122cf877a3ef5e096efe1 -> 18c60a130815f03ef735364254bacf7611d5a0f9 } is a cherrypick
{ 4e7f30447050fbc0b1247438aabb1bc002083887 -> ce68ae9545a4165dbe9a5ef4bfaae5efd4f2ada3 }
Partial Cherry-pick commits SHA are -> 
18c60a130815f03ef735364254bacf7611d5a0f9 - cherrypick - ce68ae9545a4165dbe9a5ef4bfaae5efd4f2ada3
---> The cherrypicked commit sha is - 18c60a130815f03ef735364254bacf7611d5a0f9
Commit message - Fix link to base.css and bg.png
---> The original commit sha is - ce68ae9545a4165dbe9a5ef4bfaae5efd4f2ada3
Commit message - Merge pull request #556 from dprotti/basecssbrokenlink

Fix link to base.css and bg.png
---> The files with partial_cherrypicks are:-
backbone-fundamentals.rtf
index.html
-----------------------------------------------------------------

Partial Cherry-pick diff pair 15 is -> 
{ e09e165f1b499861c50a8f114ec776ee9b52d8e7 -> 1e0ca0e23b2d6bf3101b7a81182ea5bfe4989aec } is a cherrypick
{ 6f0fe305cd3a9ec5488b068954f0833afbeb024b -> 50f324d216dae4bfd2c122cf877a3ef5e096efe1 }
Partial Cherry-pick commits SHA are -> 
1e0ca0e23b2d6bf3101b7a81182ea5bfe4989aec - cherrypick - 50f324d216dae4bfd2c122cf877a3ef5e096efe1
---> The cherrypicked commit sha is - 1e0ca0e23b2d6bf3101b7a81182ea5bfe4989aec
Commit message - Extra double quotes at the end of comment
---> The original commit sha is - 50f324d216dae4bfd2c122cf877a3ef5e096efe1
Commit message - Merge pull request #554 from dprotti/extradoublequotes

Extra double quotes at the end of comment
---> The files with partial_cherrypicks are:-
backbone-fundamentals.md
-----------------------------------------------------------------

Partial Cherry-pick diff pair 16 is -> 
{ b217fdbcb21f813ce13e3355323f709192270cd9 -> 1c9e4a27a6955ad910f67f6920f576de681d8a66 } is a cherrypick
{ 7d7607a97a1fbc49c63be3179e1e3f84e028a0d9 -> 6f0fe305cd3a9ec5488b068954f0833afbeb024b }
Partial Cherry-pick commits SHA are -> 
1c9e4a27a6955ad910f67f6920f576de681d8a66 - cherrypick - 6f0fe305cd3a9ec5488b068954f0833afbeb024b
---> The cherrypicked commit sha is - 1c9e4a27a6955ad910f67f6920f576de681d8a66
Commit message - Fixed sync override example for collections
---> The original commit sha is - 6f0fe305cd3a9ec5488b068954f0833afbeb024b
Commit message - Merge pull request #544 from robCrawford/gh-pages

Fixed sync override example for collections
---> The files with partial_cherrypicks are:-
chapters/03-internals.md
-----------------------------------------------------------------

Partial Cherry-pick diff pair 17 is -> 
{ 1c9e4a27a6955ad910f67f6920f576de681d8a66 -> 5385c01134c5fb52919db2da1ff483e2179e9195 } is a cherrypick
{ 95a058954bbec207950e96457d03d87dd4bada88 -> 2ae71faac75a729ee919c55d8b5856043b423494 }
Partial Cherry-pick commits SHA are -> 
5385c01134c5fb52919db2da1ff483e2179e9195 - cherrypick - 2ae71faac75a729ee919c55d8b5856043b423494
---> The cherrypicked commit sha is - 5385c01134c5fb52919db2da1ff483e2179e9195
Commit message - Fix link to base.css and bg.png
---> The original commit sha is - 2ae71faac75a729ee919c55d8b5856043b423494
Commit message - Merge pull request #546 from pablopaul/fix-common-links

Fix link to base.css and bg.png
---> The files with partial_cherrypicks are:-
chapters/04-exercise-1.md
-----------------------------------------------------------------

Partial Cherry-pick diff pair 18 is -> 
{ 75a8645f9cf7ef3d3acf381702ea6ac75292982c -> cd0790fb07d45bc7e0a5e01340d09820a771fdc3 } is a cherrypick
{ 2b8460e4ad567ef5e2ebbf63ad9473c7a1c26f91 -> 131636b76f233e57d29732869643e8631e9b8842 }
Partial Cherry-pick commits SHA are -> 
cd0790fb07d45bc7e0a5e01340d09820a771fdc3 - cherrypick - 131636b76f233e57d29732869643e8631e9b8842
---> The cherrypicked commit sha is - cd0790fb07d45bc7e0a5e01340d09820a771fdc3
Commit message - re #537 larger font-size
---> The original commit sha is - 131636b76f233e57d29732869643e8631e9b8842
Commit message - Merge pull request #538 from shuvalov-anton/patch-1

re #537 larger font-size
---> The files with partial_cherrypicks are:-
style.css
-----------------------------------------------------------------

Partial Cherry-pick diff pair 19 is -> 
{ a60d1f41aba71dffc6a93862a4d57017aadb8bc3 -> 75a8645f9cf7ef3d3acf381702ea6ac75292982c } is a cherrypick
{ fb5a571dc4a99a8fbfd17a0b5c5d8f10e83dd849 -> 2b8460e4ad567ef5e2ebbf63ad9473c7a1c26f91 }
Partial Cherry-pick commits SHA are -> 
75a8645f9cf7ef3d3acf381702ea6ac75292982c - cherrypick - 2b8460e4ad567ef5e2ebbf63ad9473c7a1c26f91
---> The cherrypicked commit sha is - 75a8645f9cf7ef3d3acf381702ea6ac75292982c
Commit message - Merge Debian dependencies into one line

Rather than running 5 separate commands, this single line will install whichever ones are not currently installed.
---> The original commit sha is - 2b8460e4ad567ef5e2ebbf63ad9473c7a1c26f91
Commit message - Merge pull request #536 from jj56/patch-1

Merge Debian dependencies into one line in the README
---> The files with partial_cherrypicks are:-
README.md
-----------------------------------------------------------------

Partial Cherry-pick diff pair 20 is -> 
{ bc0c700952e457e43c4ec4977232a3254a6d5fca -> 981f0154d86ce8751c5d836be4739089c33fea62 } is a cherrypick
{ 5c598254ed290545c9f60665a7bf1300ed9e07b5 -> 1b97b8647fbc75d384fb455e4bd0b5b5c4e76d90 }
Partial Cherry-pick commits SHA are -> 
981f0154d86ce8751c5d836be4739089c33fea62 - cherrypick - 1b97b8647fbc75d384fb455e4bd0b5b5c4e76d90
---> The cherrypicked commit sha is - 981f0154d86ce8751c5d836be4739089c33fea62
Commit message - Fixed #495 typo
---> The original commit sha is - 1b97b8647fbc75d384fb455e4bd0b5b5c4e76d90
Commit message - Merge pull request #505 from SongTanmay/issue_495

Fixed #495
---> The files with partial_cherrypicks are:-
index.html
-----------------------------------------------------------------

Partial Cherry-pick diff pair 21 is -> 
{ 68041ec3d24a7bff0e021eb3af3467bfde48a04b -> bc0c700952e457e43c4ec4977232a3254a6d5fca } is a cherrypick
{ 456a2158bdeace9d214eb6eec1d04ba8448c4dd3 -> 5c598254ed290545c9f60665a7bf1300ed9e07b5 }
Partial Cherry-pick commits SHA are -> 
bc0c700952e457e43c4ec4977232a3254a6d5fca - cherrypick - 5c598254ed290545c9f60665a7bf1300ed9e07b5
---> The cherrypicked commit sha is - bc0c700952e457e43c4ec4977232a3254a6d5fca
Commit message - Update response send on model creation.

Response should be sent from callback.
---> The original commit sha is - 5c598254ed290545c9f60665a7bf1300ed9e07b5
Commit message - Merge pull request #513 from abobov/gh-pages

Update response send on model creation.
---> The files with partial_cherrypicks are:-
chapters/05-exercise-2.md
exercise-2/server.js
-----------------------------------------------------------------

Partial Cherry-pick diff pair 22 is -> 
{ ae967562d1a5528db910c53d928bcc26aa1843fe -> f78c4510e5385dc6e1849559b00a1563bbc6d75c } is a cherrypick
{ 1237bc22506aa71d067b3dd86d5de65ff356fee7 -> 68041ec3d24a7bff0e021eb3af3467bfde48a04b }
Partial Cherry-pick commits SHA are -> 
f78c4510e5385dc6e1849559b00a1563bbc6d75c - cherrypick - 68041ec3d24a7bff0e021eb3af3467bfde48a04b
---> The cherrypicked commit sha is - f78c4510e5385dc6e1849559b00a1563bbc6d75c
Commit message - 1. Replaced double quotes with single quotes
2. Removed unused variables
3. Removed multiple var statements
---> The original commit sha is - 68041ec3d24a7bff0e021eb3af3467bfde48a04b
Commit message - Merge pull request #504 from SongTanmay/gh-pages

re-factored code for modular-todo-app 
---> The files with partial_cherrypicks are:-
practicals/modular-todo-app/js/collections/todos.js
practicals/modular-todo-app/js/models/todo.js
practicals/modular-todo-app/js/views/app.js
practicals/modular-todo-app/js/views/todo.js
-----------------------------------------------------------------

Partial Cherry-pick diff pair 23 is -> 
{ d9aa42bca22b2279514dc9ebc38805cf6a0f6581 -> addbf0315609601bd33109912802bf3ae7487324 } is a cherrypick
{ f6487478b9cd09f33a6e19841ceb0badff1b183a -> 1237bc22506aa71d067b3dd86d5de65ff356fee7 }
Partial Cherry-pick commits SHA are -> 
addbf0315609601bd33109912802bf3ae7487324 - cherrypick - 1237bc22506aa71d067b3dd86d5de65ff356fee7
---> The cherrypicked commit sha is - addbf0315609601bd33109912802bf3ae7487324
Commit message - Fixes #447.  Minor typo in Marionette example.
---> The original commit sha is - 1237bc22506aa71d067b3dd86d5de65ff356fee7
Commit message - Merge pull request #506 from SummitPatel/gh-pages

Function call changed before introduced in example.
---> The files with partial_cherrypicks are:-
chapters/06-extensions.md
-----------------------------------------------------------------

Partial Cherry-pick diff pair 24 is -> 
{ 19596a3fc0b782c92a662ea888252bfd18545121 -> 3d5b0f03bf5314f41f4484bb467ddb1b176d5d65 } is a cherrypick
{ f6487478b9cd09f33a6e19841ceb0badff1b183a -> 1237bc22506aa71d067b3dd86d5de65ff356fee7 }
Partial Cherry-pick commits SHA are -> 
3d5b0f03bf5314f41f4484bb467ddb1b176d5d65 - cherrypick - 1237bc22506aa71d067b3dd86d5de65ff356fee7
---> The cherrypicked commit sha is - 3d5b0f03bf5314f41f4484bb467ddb1b176d5d65
Commit message - Function call changed before introduced in example.
---> The original commit sha is - 1237bc22506aa71d067b3dd86d5de65ff356fee7
Commit message - Merge pull request #506 from SummitPatel/gh-pages

Function call changed before introduced in example.
---> The files with partial_cherrypicks are:-
chapters/06-extensions.md
-----------------------------------------------------------------

Partial Cherry-pick diff pair 25 is -> 
{ 5584a8fea04f6410caacf09517897017b161d3b7 -> ae967562d1a5528db910c53d928bcc26aa1843fe } is a cherrypick
{ c99a1dc0093efb498b8957254f8d94bd1b458e59 -> 9c8b01588e4f0323ce0fe3d7b6cc040629abc279 }
Partial Cherry-pick commits SHA are -> 
ae967562d1a5528db910c53d928bcc26aa1843fe - cherrypick - 9c8b01588e4f0323ce0fe3d7b6cc040629abc279
---> The cherrypicked commit sha is - ae967562d1a5528db910c53d928bcc26aa1843fe
Commit message - Updated Internals, Removed Trailing Comma

Just keeping the code IE friendly.
---> The original commit sha is - 9c8b01588e4f0323ce0fe3d7b6cc040629abc279
Commit message - Merge pull request #503 from joshuabremer/patch-2

Updated Internals, Removed Trailing Comma
---> The files with partial_cherrypicks are:-
chapters/03-internals.md
-----------------------------------------------------------------

Partial Cherry-pick diff pair 26 is -> 
{ a67dd463b46669df7b22c48635cb270fde759f33 -> 316fb4f5d9be2ee20a3a30bd7f9191c169766c78 } is a cherrypick
{ 6b825b827a3088bbeea489a5732329b1d4762cfd -> 4a1b19c8895192dec3eb9d54642d2ae05bbd3e34 }
Partial Cherry-pick commits SHA are -> 
316fb4f5d9be2ee20a3a30bd7f9191c169766c78 - cherrypick - 4a1b19c8895192dec3eb9d54642d2ae05bbd3e34
---> The cherrypicked commit sha is - 316fb4f5d9be2ee20a3a30bd7f9191c169766c78
Commit message - Fixing link to document cloud, ensuring it is not treated as relative.
---> The original commit sha is - 4a1b19c8895192dec3eb9d54642d2ae05bbd3e34
Commit message - Merge pull request #492 from bjohnson-trulia/gh-pages

Updating backbone-fundamentals.md
---> The files with partial_cherrypicks are:-
chapters/00-prelude.md
-----------------------------------------------------------------

Partial Cherry-pick diff pair 27 is -> 
{ addbf0315609601bd33109912802bf3ae7487324 -> fcae9cdb9ddb46c9aab1b06ea951a41c4ade57fd } is a cherrypick
{ ef440c065a946516e036522c0b1b512287a5cba7 -> 809bd56a221e2a578d7b0194287b1909188adf63 }
Partial Cherry-pick commits SHA are -> 
fcae9cdb9ddb46c9aab1b06ea951a41c4ade57fd - cherrypick - 809bd56a221e2a578d7b0194287b1909188adf63
---> The cherrypicked commit sha is - fcae9cdb9ddb46c9aab1b06ea951a41c4ade57fd
Commit message - Update for responsive design
---> The original commit sha is - 809bd56a221e2a578d7b0194287b1909188adf63
Commit message - Update 06-extensions.md

to have zombieView's stopListening remove the listener you need to register it with listenTo
---> The files with partial_cherrypicks are:-
chapters/06-extensions.md
-----------------------------------------------------------------

Partial Cherry-pick diff pair 28 is -> 
{ d54064f3454b762c9ad03a48c8a905dfb1bf357e -> 647d16378a8132d8ac7077ba31c3b6736a66ec3d } is a cherrypick
{ 642a820e6cd7306ece727525b9b69ee20e5c780f -> f6d24e936e613b02ac789f1d84c238680f2ad0ed }
Partial Cherry-pick commits SHA are -> 
647d16378a8132d8ac7077ba31c3b6736a66ec3d - cherrypick - f6d24e936e613b02ac789f1d84c238680f2ad0ed
---> The cherrypicked commit sha is - 647d16378a8132d8ac7077ba31c3b6736a66ec3d
Commit message - Fixes #451 -- makes clear that Mongo server must be started.
---> The original commit sha is - f6d24e936e613b02ac789f1d84c238680f2ad0ed
Commit message - Merge pull request #485 from colemanfoley/gh-pages

Fixes #451 -- makes clear that Mongo server must be started.
---> The files with partial_cherrypicks are:-
chapters/05-exercise-2.md
-----------------------------------------------------------------

Partial Cherry-pick diff pair 29 is -> 
{ cba1c704a0ebc3bee65ee3edf03c94c965f9d312 -> 7ecab99ae9bf278b63355591e4f4aa0e6f131fc3 } is a cherrypick
{ d4282cf84248a167a54924a44cc3e0442cbdf178 -> 348fe3e2434e8f292fe8cdf97710ddd9b9d6d914 }
Partial Cherry-pick commits SHA are -> 
7ecab99ae9bf278b63355591e4f4aa0e6f131fc3 - cherrypick - 348fe3e2434e8f292fe8cdf97710ddd9b9d6d914
---> The cherrypicked commit sha is - 7ecab99ae9bf278b63355591e4f4aa0e6f131fc3
Commit message - It's -> its

Corrected instances of "it's" used incorrectly where "its" is needed.
Looked through all the .md files, I hope I didn't miss anything.

Changed both individual chapters and the merged complete book one, not
sure how "backbone-fundamentals.md" is generated.
---> The original commit sha is - 348fe3e2434e8f292fe8cdf97710ddd9b9d6d914
Commit message - Merge pull request #478 from kryger/gh-pages

It's -> its
---> The files with partial_cherrypicks are:-
backbone-fundamentals.md
chapters/01-introduction.md
chapters/06-extensions.md
chapters/10-pagination.md
chapters/17-conclusions.md
-----------------------------------------------------------------

Partial Cherry-pick diff pair 30 is -> 
{ d3e9402ad49e978be51631d725fa9790959ef7cf -> 2c19c15cadf42fcdd5c29b2862c66fdc4026ed8f } is a cherrypick
{ 791e884daf45b803ec4601d115d0882bb0379e8b -> eacf8bb0944651bc59794acce2071702a2676df5 }
Partial Cherry-pick commits SHA are -> 
2c19c15cadf42fcdd5c29b2862c66fdc4026ed8f - cherrypick - eacf8bb0944651bc59794acce2071702a2676df5
---> The cherrypicked commit sha is - 2c19c15cadf42fcdd5c29b2862c66fdc4026ed8f
Commit message - Removed whitespaces infront of colons, added space after function's braces and before the opening curly brace, other formatting changes.
---> The original commit sha is - eacf8bb0944651bc59794acce2071702a2676df5
Commit message - Merge pull request #468 from lucho870601/gh-pages

Removed white spaces infront of colons and other minor formatting fixes in chapter 6 
---> The files with partial_cherrypicks are:-
chapters/06-extensions.md
-----------------------------------------------------------------

Partial Cherry-pick diff pair 31 is -> 
{ 452af7f3bd1760336a43f197b9be3e9253840f2e -> 0a9013b993354a37bd157b1956af2aa5d1efeb40 } is a cherrypick
{ 32b124cc608d7bc9b96eca72b3c6dc2a8f3caf9a -> fe49be8d0091138d01be151379665311650eec67 }
Partial Cherry-pick commits SHA are -> 
0a9013b993354a37bd157b1956af2aa5d1efeb40 - cherrypick - fe49be8d0091138d01be151379665311650eec67
---> The cherrypicked commit sha is - 0a9013b993354a37bd157b1956af2aa5d1efeb40
Commit message - A few more minor typos, grammar fixes
---> The original commit sha is - fe49be8d0091138d01be151379665311650eec67
Commit message - Merge pull request #460 from benkeen/gh-pages

Few more typo fixes
---> The files with partial_cherrypicks are:-
chapters/02-fundamentals.md
chapters/07-common-problems.md
chapters/10-pagination.md
chapters/11-bbb.md
chapters/12-mobile-applications.md
chapters/13-unit-testing.md
chapters/18-appendix.md
-----------------------------------------------------------------

Partial Cherry-pick diff pair 32 is -> 
{ d9aa42bca22b2279514dc9ebc38805cf6a0f6581 -> addbf0315609601bd33109912802bf3ae7487324 } is a cherrypick
{ d6e4e637576a55771e0122cdb7f49a394bf5f78b -> 2bcaf13e23d270e887b14afdf1ec265654bb2b84 }
Partial Cherry-pick commits SHA are -> 
addbf0315609601bd33109912802bf3ae7487324 - cherrypick - 2bcaf13e23d270e887b14afdf1ec265654bb2b84
---> The cherrypicked commit sha is - addbf0315609601bd33109912802bf3ae7487324
Commit message - Fixes #447.  Minor typo in Marionette example.
---> The original commit sha is - 2bcaf13e23d270e887b14afdf1ec265654bb2b84
Commit message - Merge pull request #452 from awgreenblatt/gh-pages

Fix for #447.  Minor typo in Marionette example.
---> The files with partial_cherrypicks are:-
chapters/06-extensions.md
-----------------------------------------------------------------

Partial Cherry-pick diff pair 33 is -> 
{ 26d1b91a7f8fede4b55fb12a6a50313aa703ad82 -> cc3339d808ddc0d57bccd82ec2ded9ee117cdb2e } is a cherrypick
{ 135d51fa93e43d0e8b051fc259574531db181889 -> 3ce1facc4a10ec44b5e60dec8ae56c3ab0299f3d }
Partial Cherry-pick commits SHA are -> 
cc3339d808ddc0d57bccd82ec2ded9ee117cdb2e - cherrypick - 3ce1facc4a10ec44b5e60dec8ae56c3ab0299f3d
---> The cherrypicked commit sha is - cc3339d808ddc0d57bccd82ec2ded9ee117cdb2e
Commit message - Fixed: Issue #284

Set latex engine to _xelatex_ to handle accented characters
---> The original commit sha is - 3ce1facc4a10ec44b5e60dec8ae56c3ab0299f3d
Commit message - Merge pull request #422 from myqlarson/Issue284

Fixed: Issue #284 - correcting issues with the latex build.
---> The files with partial_cherrypicks are:-
Makefile
-----------------------------------------------------------------

Partial Cherry-pick diff pair 34 is -> 
{ f076a30b0f561b03e334da2b877c80691d0ed5df -> 496539ef5c11ede80cab848b776a5ba70e53a4c1 } is a cherrypick
{ de1fb4b2d16d247f96c73bdef80e32c147545dfc -> a070112010fdea7683bfa433ac0b3d081e85121e }
Partial Cherry-pick commits SHA are -> 
496539ef5c11ede80cab848b776a5ba70e53a4c1 - cherrypick - a070112010fdea7683bfa433ac0b3d081e85121e
---> The cherrypicked commit sha is - 496539ef5c11ede80cab848b776a5ba70e53a4c1
Commit message - removed more 'window.' prefixes for consistency
---> The original commit sha is - a070112010fdea7683bfa433ac0b3d081e85121e
Commit message - Merge pull request #439 from dwabyick/gh-pages

Changed window.app.* to app.* to match the example code in Example 1
---> The files with partial_cherrypicks are:-
chapters/04-exercise-1.md
-----------------------------------------------------------------

Partial Cherry-pick diff pair 35 is -> 
{ 7fd51d3278a44ef8f1ffae1adb2380005b741b7f -> 8566c9af06425e70eed54ed8cea4151ab8c99cdb } is a cherrypick
{ cf5da9d35826f2cc495e42e5fc4107918f645b72 -> a65cf7db125decf85ef83f8b94c15d55621dc1c7 }
Partial Cherry-pick commits SHA are -> 
8566c9af06425e70eed54ed8cea4151ab8c99cdb - cherrypick - a65cf7db125decf85ef83f8b94c15d55621dc1c7
---> The cherrypicked commit sha is - 8566c9af06425e70eed54ed8cea4151ab8c99cdb
Commit message - Fixed two typos
---> The original commit sha is - a65cf7db125decf85ef83f8b94c15d55621dc1c7
Commit message - Merge pull request #434 from johanneslumpe/patch-4

Fixed two typos
---> The files with partial_cherrypicks are:-
chapters/11-unit-testing.md
-----------------------------------------------------------------

Partial Cherry-pick diff pair 36 is -> 
{ 9d6d0afda50bd4f225165c9fc606007a276b5019 -> 0cd59d166ffa615bb488880ce2fb8e88d2436b02 } is a cherrypick
{ 6685acec0b191903e76de29357caf900202ba5a5 -> cf5da9d35826f2cc495e42e5fc4107918f645b72 }
Partial Cherry-pick commits SHA are -> 
0cd59d166ffa615bb488880ce2fb8e88d2436b02 - cherrypick - cf5da9d35826f2cc495e42e5fc4107918f645b72
---> The cherrypicked commit sha is - 0cd59d166ffa615bb488880ce2fb8e88d2436b02
Commit message - fixed spelling of independent
---> The original commit sha is - cf5da9d35826f2cc495e42e5fc4107918f645b72
Commit message - Merge pull request #436 from garrison/patch-1

fixed spelling of independent
---> The files with partial_cherrypicks are:-
chapters/01-introduction.md
-----------------------------------------------------------------

Partial Cherry-pick diff pair 37 is -> 
{ be02a1cd03214cef76fc662a92575eacd7b1b8e7 -> f6cbc9ebe7fbe0271c99a9be290fcd270c2e315b } is a cherrypick
{ 81553416d25844ceadb892b1796fde291e865a36 -> 5846765a4b15a2d22009f05039bf401077593a72 }
Partial Cherry-pick commits SHA are -> 
f6cbc9ebe7fbe0271c99a9be290fcd270c2e315b - cherrypick - 5846765a4b15a2d22009f05039bf401077593a72
---> The cherrypicked commit sha is - f6cbc9ebe7fbe0271c99a9be290fcd270c2e315b
Commit message - use the correct "its"
---> The original commit sha is - 5846765a4b15a2d22009f05039bf401077593a72
Commit message - Merge pull request #438 from garrison/patch-3

use the correct "its"
---> The files with partial_cherrypicks are:-
chapters/02-fundamentals.md
-----------------------------------------------------------------

Partial Cherry-pick diff pair 38 is -> 
{ 8f60fc850942cfbd7956fe5a48a21a72254679f3 -> 936754b50d2ce774e8419221cf9c8e329fe5516f } is a cherrypick
{ 2ede70982e15e9634a79fc78511653ff66db792c -> e7499c1e2b67c52ac1d25494b234697440c133f9 }
Partial Cherry-pick commits SHA are -> 
936754b50d2ce774e8419221cf9c8e329fe5516f - cherrypick - e7499c1e2b67c52ac1d25494b234697440c133f9
---> The cherrypicked commit sha is - 936754b50d2ce774e8419221cf9c8e329fe5516f
Commit message - Merge pull request #428 from KevinTCoughlin/gh-pages

Fixed: Missing parentheses in Ch. 14 - QUnit Sample Code
---> The original commit sha is - e7499c1e2b67c52ac1d25494b234697440c133f9
Commit message - Update 12-qunit.md

store not in scope, should be "Store" in QUnit sample code.
---> The files with partial_cherrypicks are:-
chapters/05-exercise-2.md
chapters/07-common-problems.md
-----------------------------------------------------------------

Partial Cherry-pick diff pair 39 is -> 
{ d0dbe9414ae508b3383e35a3d5dcb66c41d60b9b -> c6b0b06143a297e4e8a6d9be95b236dd75546eaf } is a cherrypick
{ 7fe7997cb870d52f195869baf9cb8bfa9175f264 -> c7397cd12be069968edbec8f10d9000c54239824 }
Partial Cherry-pick commits SHA are -> 
c6b0b06143a297e4e8a6d9be95b236dd75546eaf - cherrypick - c7397cd12be069968edbec8f10d9000c54239824
---> The cherrypicked commit sha is - c6b0b06143a297e4e8a6d9be95b236dd75546eaf
Commit message - Update 11-bbb.md

Add space after period.
---> The original commit sha is - c7397cd12be069968edbec8f10d9000c54239824
Commit message - Merge pull request #426 from scottcheng/patch-2

Update 11-bbb.md
---> The files with partial_cherrypicks are:-
chapters/11-bbb.md
-----------------------------------------------------------------

Partial Cherry-pick diff pair 40 is -> 
{ 87d0b3d6558ddaa6b7940aebddcdba0961b8240f -> 87cf2e87e40f956be53ab763cb94349460c62e30 } is a cherrypick
{ 83b23ac6c8a4d2d0cc3aaf781eae735171e53d1c -> 7818704c38682edea5f3d2382d8d30a27b6bb845 }
Partial Cherry-pick commits SHA are -> 
87cf2e87e40f956be53ab763cb94349460c62e30 - cherrypick - 7818704c38682edea5f3d2382d8d30a27b6bb845
---> The cherrypicked commit sha is - 87cf2e87e40f956be53ab763cb94349460c62e30
Commit message - the Backbone framework => Backbone
---> The original commit sha is - 7818704c38682edea5f3d2382d8d30a27b6bb845
Commit message - Merge pull request #415 from Trott/framework_vs_library

the Backbone framework => Backbone
---> The files with partial_cherrypicks are:-
chapters/01-introduction.md
chapters/02-fundamentals.md
chapters/05-exercise-2.md
-----------------------------------------------------------------

Partial Cherry-pick diff pair 41 is -> 
{ fbed70364b2837db35d1861a570ce99211bb78cf -> 4391cad617876a32db3964388c6d3cfcc16e7399 } is a cherrypick
{ 7f850670049e3398ec7bd92f80f8b8f78ec66c5f -> aad5191b63ab69a540a1d54c098f191d230fc80e }
Partial Cherry-pick commits SHA are -> 
4391cad617876a32db3964388c6d3cfcc16e7399 - cherrypick - aad5191b63ab69a540a1d54c098f191d230fc80e
---> The cherrypicked commit sha is - 4391cad617876a32db3964388c6d3cfcc16e7399
Commit message - Added discussion to go with new diagram in Implementation Specifics.
---> The original commit sha is - aad5191b63ab69a540a1d54c098f191d230fc80e
Commit message - Merge pull request #394 from dcmaf/gh-pages

Minor tweaks to recent updates, added discussion to go with new diagram
---> The files with partial_cherrypicks are:-
chapters/02-fundamentals.md
chapters/03-internals.md
chapters/07-common-problems.md
chapters/08-modular-development.md
-----------------------------------------------------------------

Partial Cherry-pick diff pair 42 is -> 
{ f94489e1d720cabc0abdaedae170edfe4278bcfa -> fbed70364b2837db35d1861a570ce99211bb78cf } is a cherrypick
{ 4391cad617876a32db3964388c6d3cfcc16e7399 -> dd422c814b350c066103af081fa373625d888c3b }
Partial Cherry-pick commits SHA are -> 
fbed70364b2837db35d1861a570ce99211bb78cf - cherrypick - dd422c814b350c066103af081fa373625d888c3b
---> The cherrypicked commit sha is - fbed70364b2837db35d1861a570ce99211bb78cf
Commit message - For #378 - nixing upgrade section
---> The original commit sha is - dd422c814b350c066103af081fa373625d888c3b
Commit message - Merge remote-tracking branch 'upstream/gh-pages' into gh-pages
---> The files with partial_cherrypicks are:-
backbone-fundamentals.md
backbone-fundamentals.rtf
chapters/16-appendix.md
index.html
-----------------------------------------------------------------

Partial Cherry-pick diff pair 43 is -> 
{ 59d6fbe3d22205db97316e01ebbb986101999c28 -> 9fc43443963999529ca4a48b43371c74a50b9420 } is a cherrypick
{ 8a25fdda19a4317f3c442061a9cbdd9aa0b2da4f -> be68f2295b06a9500d345aab3aef2adb765d36b3 }
Partial Cherry-pick commits SHA are -> 
9fc43443963999529ca4a48b43371c74a50b9420 - cherrypick - be68f2295b06a9500d345aab3aef2adb765d36b3
---> The cherrypicked commit sha is - 9fc43443963999529ca4a48b43371c74a50b9420
Commit message - Add note about js extensions in R.js build config
---> The original commit sha is - be68f2295b06a9500d345aab3aef2adb765d36b3
Commit message - Merge branch 'gh-pages' of http://github.com/addyosmani/backbone-fundamentals into gh-pages

* 'gh-pages' of http://github.com/addyosmani/backbone-fundamentals:
  Add note about js extensions in R.js build config
---> The files with partial_cherrypicks are:-
chapters/08-modular-development.md
-----------------------------------------------------------------

Partial Cherry-pick diff pair 44 is -> 
{ 59d6fbe3d22205db97316e01ebbb986101999c28 -> 9fc43443963999529ca4a48b43371c74a50b9420 } is a cherrypick
{ 92cbd3d46e7079dacf03891ae447a1c1af9d41a7 -> 2c0ff2ab053281fd5ae81ceb537bfaeb74d1129c }
Partial Cherry-pick commits SHA are -> 
9fc43443963999529ca4a48b43371c74a50b9420 - cherrypick - 2c0ff2ab053281fd5ae81ceb537bfaeb74d1129c
---> The cherrypicked commit sha is - 9fc43443963999529ca4a48b43371c74a50b9420
Commit message - Add note about js extensions in R.js build config
---> The original commit sha is - 2c0ff2ab053281fd5ae81ceb537bfaeb74d1129c
Commit message - Merge pull request #393 from jackfranklin/gh-pages

RequireJS Section Tweaking
---> The files with partial_cherrypicks are:-
chapters/08-modular-development.md
-----------------------------------------------------------------

Partial Cherry-pick diff pair 45 is -> 
{ aefeac0f5d9bcd23c981fe746fb6a5ef11ee12f8 -> e2ea6c8a912e1e60fedb9804b75c56b4fed6f7ea } is a cherrypick
{ b960e408a6e791c07c46c279469e26ae9cc10ae4 -> 04eb529c91d09b27cbf7268ccd5ad93a18b63688 }
Partial Cherry-pick commits SHA are -> 
e2ea6c8a912e1e60fedb9804b75c56b4fed6f7ea - cherrypick - 04eb529c91d09b27cbf7268ccd5ad93a18b63688
---> The cherrypicked commit sha is - e2ea6c8a912e1e60fedb9804b75c56b4fed6f7ea
Commit message - 03-internals.md listeners example no longer refers to nonexistent 'complete' attribute.
---> The original commit sha is - 04eb529c91d09b27cbf7268ccd5ad93a18b63688
Commit message - Merge pull request #388 from jan-molak/gh-pages

Corrected 'complete' to 'completed' in 03-internals/listeners code example
---> The files with partial_cherrypicks are:-
chapters/03-internals.md
-----------------------------------------------------------------

Partial Cherry-pick diff pair 46 is -> 
{ 903a60f42d04b314ee78f66cd14e5b0c1204bf69 -> 9ade898af474fd3e6caef0901cb9bd41f53be865 } is a cherrypick
{ 8c56247f7afe6a8a8e98ec14e731290e53302596 -> 18fa86f7e30588fcb2044d368cef6b9750cfcae1 }
Partial Cherry-pick commits SHA are -> 
9ade898af474fd3e6caef0901cb9bd41f53be865 - cherrypick - 18fa86f7e30588fcb2044d368cef6b9750cfcae1
---> The cherrypicked commit sha is - 9ade898af474fd3e6caef0901cb9bd41f53be865
Commit message - Updated Backbone Basics to Backbone 1.0.0
---> The original commit sha is - 18fa86f7e30588fcb2044d368cef6b9750cfcae1
Commit message - Merge pull request #381 from dcmaf/gh-pages

Chapter 3: Backbone Basics - Updated to Backbone 1.0.0
---> The files with partial_cherrypicks are:-
chapters/01-introduction.md
chapters/03-internals.md
chapters/11-unit-testing.md
-----------------------------------------------------------------

Partial Cherry-pick diff pair 47 is -> 
{ a41f62f603748cfbe0150ab405869b76f4f4069c -> 5cf8427e7ecfc3c36c96129f4e00bf63cba18423 } is a cherrypick
{ 436385528c01b1a55010104ec26487d8eac6d42c -> 29fc0c9addec21978816bb5dae4f4db985d615da }
Partial Cherry-pick commits SHA are -> 
5cf8427e7ecfc3c36c96129f4e00bf63cba18423 - cherrypick - 29fc0c9addec21978816bb5dae4f4db985d615da
---> The cherrypicked commit sha is - 5cf8427e7ecfc3c36c96129f4e00bf63cba18423
Commit message - Chapter 5: Exercise 2: Book Library minor updates/clarifications.

Also changes LibraryView to use listenTo instead of on and to use Collection.each instead of _.each.
---> The original commit sha is - 29fc0c9addec21978816bb5dae4f4db985d615da
Commit message - Merge pull request #366 from dcmaf/gh-pages

Chapter 5: "Exercise 2 - Book Library" rewording and clarifications
---> The files with partial_cherrypicks are:-
exercise-2/site/js/views/library.js
-----------------------------------------------------------------

Partial Cherry-pick diff pair 48 is -> 
{ be7e420dbb9e1bfd2cfda543394057770de44d83 -> 0b49ba9a0b1feda09c2393c6cbfe574153e2f3e1 } is a cherrypick
{ 9f0f4164032fedcce518810e4646e9916101abb9 -> a0b41b702cb77260ede53f87091d7599fbc9bc82 }
Partial Cherry-pick commits SHA are -> 
0b49ba9a0b1feda09c2393c6cbfe574153e2f3e1 - cherrypick - a0b41b702cb77260ede53f87091d7599fbc9bc82
---> The cherrypicked commit sha is - 0b49ba9a0b1feda09c2393c6cbfe574153e2f3e1
Commit message - Fix minor typos. 

Fixed example which references non existent model "todo" instead of "todo1".
Fixed minor typos.
---> The original commit sha is - a0b41b702cb77260ede53f87091d7599fbc9bc82
Commit message - Merge pull request #360 from sgeralnik/gh-pages

Fixed first example in book. Fixed minor typos.
---> The files with partial_cherrypicks are:-
chapters/02-fundamentals.md
-----------------------------------------------------------------

Partial Cherry-pick diff pair 49 is -> 
{ 6d0b0de870828766379d1d5d08cdd5663ca631f5 -> d34f4e7b485d431859ea50e1596d556f17beba70 } is a cherrypick
{ 63f0ba719fb1339ffff03ffb0c75f28421b5d34e -> 8bf3aa590fdf36b009365e333b1e586413b45b8f }
Partial Cherry-pick commits SHA are -> 
d34f4e7b485d431859ea50e1596d556f17beba70 - cherrypick - 8bf3aa590fdf36b009365e333b1e586413b45b8f
---> The cherrypicked commit sha is - d34f4e7b485d431859ea50e1596d556f17beba70
Commit message - Small fixes for a link and reference to this.el.
---> The original commit sha is - 8bf3aa590fdf36b009365e333b1e586413b45b8f
Commit message - Merge pull request #356 from samuelclay/gh-pages

Couple typos from book review
---> The files with partial_cherrypicks are:-
chapters/02-fundamentals.md
-----------------------------------------------------------------

Partial Cherry-pick diff pair 50 is -> 
{ ec60f80bddddff10f68e9590e2217db74071cc1a -> 6d0b0de870828766379d1d5d08cdd5663ca631f5 } is a cherrypick
{ 734e07b70d3f7051dfcff7b9f77b246bdbfdf6db -> 63f0ba719fb1339ffff03ffb0c75f28421b5d34e }
Partial Cherry-pick commits SHA are -> 
6d0b0de870828766379d1d5d08cdd5663ca631f5 - cherrypick - 63f0ba719fb1339ffff03ffb0c75f28421b5d34e
---> The cherrypicked commit sha is - 6d0b0de870828766379d1d5d08cdd5663ca631f5
Commit message - Fix typo

once should be one
---> The original commit sha is - 63f0ba719fb1339ffff03ffb0c75f28421b5d34e
Commit message - Merge pull request #351 from timhudson/gh-pages

Fix typo in chapter 6
---> The files with partial_cherrypicks are:-
chapters/06-extensions.md
-----------------------------------------------------------------

Partial Cherry-pick diff pair 51 is -> 
{ 0b49ba9a0b1feda09c2393c6cbfe574153e2f3e1 -> 2caa6cb813abb8d4db527bf198c3ae7654843ed8 } is a cherrypick
{ e4da47fb2634f6624c1e65203037df9f3a653946 -> 8acef416c5ba39d58bec91e2e40fc86b5c2cfa7d }
Partial Cherry-pick commits SHA are -> 
2caa6cb813abb8d4db527bf198c3ae7654843ed8 - cherrypick - 8acef416c5ba39d58bec91e2e40fc86b5c2cfa7d
---> The cherrypicked commit sha is - 2caa6cb813abb8d4db527bf198c3ae7654843ed8
Commit message - Unit testing chapters (11-13)  - additional minor edits/corrections.
---> The original commit sha is - 8acef416c5ba39d58bec91e2e40fc86b5c2cfa7d
Commit message - Merge pull request #353 from dcmaf/gh-pages

Chapter 8: Modular Development - Minor corrections / rewording
---> The files with partial_cherrypicks are:-
chapters/08-modular-development.md
chapters/11-unit-testing.md
chapters/12-qunit.md
chapters/13-sinonjs.md
chapters/15-conclusions.md
-----------------------------------------------------------------

Partial Cherry-pick diff pair 52 is -> 
{ be7e420dbb9e1bfd2cfda543394057770de44d83 -> 0b49ba9a0b1feda09c2393c6cbfe574153e2f3e1 } is a cherrypick
{ 2caa6cb813abb8d4db527bf198c3ae7654843ed8 -> 06f539897bdf25ed9d8be6483b90f9732f86c8ce }
Partial Cherry-pick commits SHA are -> 
0b49ba9a0b1feda09c2393c6cbfe574153e2f3e1 - cherrypick - 06f539897bdf25ed9d8be6483b90f9732f86c8ce
---> The cherrypicked commit sha is - 0b49ba9a0b1feda09c2393c6cbfe574153e2f3e1
Commit message - Fix minor typos. 

Fixed example which references non existent model "todo" instead of "todo1".
Fixed minor typos.
---> The original commit sha is - 06f539897bdf25ed9d8be6483b90f9732f86c8ce
Commit message - validation errors trigger an invalid event
---> The files with partial_cherrypicks are:-
chapters/08-modular-development.md
chapters/15-conclusions.md
-----------------------------------------------------------------

Partial Cherry-pick diff pair 53 is -> 
{ e62e7176d310ab6498a44cd22c7b01256eb28b7c -> ec8440968e7de0a5dd991e1c76ea59a1fc036840 } is a cherrypick
{ a85e204b8c6d103210fab25542ecac0e9f00f778 -> 5d491944269875036d1dbd71c1e84bee716e6391 }
Partial Cherry-pick commits SHA are -> 
ec8440968e7de0a5dd991e1c76ea59a1fc036840 - cherrypick - 5d491944269875036d1dbd71c1e84bee716e6391
---> The cherrypicked commit sha is - ec8440968e7de0a5dd991e1c76ea59a1fc036840
Commit message - Extra comma
---> The original commit sha is - 5d491944269875036d1dbd71c1e84bee716e6391
Commit message - Merge pull request #331 from seanrose/patch-2

Extra comma
---> The files with partial_cherrypicks are:-
chapters/05-exercise-2.md
-----------------------------------------------------------------

Partial Cherry-pick diff pair 54 is -> 
{ 8f5de2418def917bf2a0f54a51823b47e886bc83 -> 96563f926e7a5457940ec938d7ec6718c0e186cf } is a cherrypick
{ 9d072fea636c5893a2e11369fef99b8dcee5ed66 -> d5aff1600e6f4a45174584ab4cfd82554eee0bc7 }
Partial Cherry-pick commits SHA are -> 
96563f926e7a5457940ec938d7ec6718c0e186cf - cherrypick - d5aff1600e6f4a45174584ab4cfd82554eee0bc7
---> The cherrypicked commit sha is - 96563f926e7a5457940ec938d7ec6718c0e186cf
Commit message - Updated screenshots for chapter 5
---> The original commit sha is - d5aff1600e6f4a45174584ab4cfd82554eee0bc7
Commit message - Merge pull request #304 from wibblymat/exercise-2

Chapter 5 rewrite (#286)
---> The files with partial_cherrypicks are:-
backbone-fundamentals.md
chapters/00-prelude.md
chapters/05-exercise-2.md
exercise-2/package.json
exercise-2/server.js
exercise-2/site/css/cupertino/jquery-ui-1.10.0.custom.css
exercise-2/site/css/cupertino/jquery-ui-1.10.0.custom.min.css
exercise-2/site/css/screen.css
exercise-2/site/index.html
exercise-2/site/js/app.js
exercise-2/site/js/collections/library.js
exercise-2/site/js/lib/backbone.js
exercise-2/site/js/lib/jquery-1.9.0.js
exercise-2/site/js/lib/jquery-dateFormat-1.0.js
exercise-2/site/js/lib/jquery-ui-1.10.0.custom.js
exercise-2/site/js/lib/underscore.js
exercise-2/site/js/models/book.js
exercise-2/site/js/views/book.js
exercise-2/site/js/views/library.js
index.html
-----------------------------------------------------------------

Partial Cherry-pick diff pair 55 is -> 
{ 0054ea5c183daf589c1363e224eef49281155e81 -> 1cdd91a30032c20c6e5857745484be7e47c264f3 } is a cherrypick
{ 34cd136bee099e4e2cd52d80e93ecbf59f299822 -> 9d072fea636c5893a2e11369fef99b8dcee5ed66 }
Partial Cherry-pick commits SHA are -> 
1cdd91a30032c20c6e5857745484be7e47c264f3 - cherrypick - 9d072fea636c5893a2e11369fef99b8dcee5ed66
---> The cherrypicked commit sha is - 1cdd91a30032c20c6e5857745484be7e47c264f3
Commit message - Fixed link to download standalone Jasmine release
---> The original commit sha is - 9d072fea636c5893a2e11369fef99b8dcee5ed66
Commit message - Merge pull request #325 from bschoenfeld/jasmine-download-link-correction

Fixed link to download standalone Jasmine release
---> The files with partial_cherrypicks are:-
chapters/11-unit-testing.md
-----------------------------------------------------------------

Partial Cherry-pick diff pair 56 is -> 
{ 29631cb55269616f5710ca44b19a4d8bfa40dd25 -> 6961967f476fc06774893b36b4fc11b114494271 } is a cherrypick
{ 8bcd6deb10a407575be537da1498d46a95a3466b -> 380185878da82598a8287b0cdc65badc20965096 }
Partial Cherry-pick commits SHA are -> 
6961967f476fc06774893b36b4fc11b114494271 - cherrypick - 380185878da82598a8287b0cdc65badc20965096
---> The cherrypicked commit sha is - 6961967f476fc06774893b36b4fc11b114494271
Commit message - updated todo with latest 0.9.10

updated backbone, underscore, localstorage, listeners.
the app gets a collection as a data source
---> The original commit sha is - 380185878da82598a8287b0cdc65badc20965096
Commit message - Merge pull request #301 from orizens/gh-pages

update for todo app with Backbone.js 0.9.10
---> The files with partial_cherrypicks are:-
practicals/modular-todo-app/css/todos.css
practicals/modular-todo-app/js/collections/todos.js
practicals/modular-todo-app/js/libs/backbone/backbone-min.js
practicals/modular-todo-app/js/libs/backbone/backbone-optamd3-min.js
practicals/modular-todo-app/js/libs/backbone/backbone.js
practicals/modular-todo-app/js/libs/backbone/backbone.localStorage.js
practicals/modular-todo-app/js/libs/require/require.js
practicals/modular-todo-app/js/libs/require/text.js
practicals/modular-todo-app/js/libs/underscore/underscore-min.js
practicals/modular-todo-app/js/main.js
practicals/modular-todo-app/js/models/todo.js
practicals/modular-todo-app/js/templates/todos.html
practicals/modular-todo-app/js/views/app.js
practicals/modular-todo-app/js/views/todo.js
-----------------------------------------------------------------

Partial Cherry-pick diff pair 57 is -> 
{ 9e038430727432055137585fcf9f1b0b86535f6d -> e75130beb006f3c119021df00bb7dc5599873113 } is a cherrypick
{ 38b887b0edfc138cb712cd4993a9a64720c368ec -> 94849eacbdc9b321332221ede59aa71e21871371 }
Partial Cherry-pick commits SHA are -> 
e75130beb006f3c119021df00bb7dc5599873113 - cherrypick - 94849eacbdc9b321332221ede59aa71e21871371
---> The cherrypicked commit sha is - e75130beb006f3c119021df00bb7dc5599873113
Commit message - Add angular.js to the list of other MV*

add angular.js considering the traction it gets now.
---> The original commit sha is - 94849eacbdc9b321332221ede59aa71e21871371
Commit message - Merge pull request #308 from hrbonz/MV_framework_list

Add angular.js to the list of other MV*
---> The files with partial_cherrypicks are:-
chapters/02-fundamentals.md
-----------------------------------------------------------------

Partial Cherry-pick diff pair 58 is -> 
{ 3d4ab569cc681915a2063834953a5ce4c11a6afb -> 6b7b56f6079522c19aef5e487759f00cb6b35e78 } is a cherrypick
{ dd03a3997d2622f16158a8a8821f08756b483637 -> ca5e8138c9e963d4766f701db156c46c885683f4 }
Partial Cherry-pick commits SHA are -> 
6b7b56f6079522c19aef5e487759f00cb6b35e78 - cherrypick - ca5e8138c9e963d4766f701db156c46c885683f4
---> The cherrypicked commit sha is - 6b7b56f6079522c19aef5e487759f00cb6b35e78
Commit message - rename pngs to fix PDF build.
---> The original commit sha is - ca5e8138c9e963d4766f701db156c46c885683f4
Commit message - Merge branch 'gh-pages' of https://github.com/addyosmani/backbone-fundamentals into gh-pages

* 'gh-pages' of https://github.com/addyosmani/backbone-fundamentals:
  rename pngs to fix PDF build.
---> The files with partial_cherrypicks are:-
backbone-fundamentals.md
backbone-fundamentals.rtf
chapters/05-exercise-2.md
index.html
-----------------------------------------------------------------

Partial Cherry-pick diff pair 59 is -> 
{ 10b180cca4bc43b9b9e8a892dc720f80fd15b8a0 -> c5695b1298ed8aaa2f58a050d3dac4a3fb31fce6 } is a cherrypick
{ c8d4a2d838b24e517b89c6b18e4daa5196d060cc -> 3c9a36a7ca2bf9fc60fda326ae43419ab9404c7d }
Partial Cherry-pick commits SHA are -> 
c5695b1298ed8aaa2f58a050d3dac4a3fb31fce6 - cherrypick - 3c9a36a7ca2bf9fc60fda326ae43419ab9404c7d
---> The cherrypicked commit sha is - c5695b1298ed8aaa2f58a050d3dac4a3fb31fce6
Commit message - Additional minor fixes to chapter 2.
---> The original commit sha is - 3c9a36a7ca2bf9fc60fda326ae43419ab9404c7d
Commit message - Merge pull request #292 from dcmaf/gh-pages

Wordsmithing and punctuation fixes in chapter 1 and 2
---> The files with partial_cherrypicks are:-
backbone-fundamentals.md
backbone-fundamentals.rtf
chapters/01-introduction.md
chapters/02-fundamentals.md
-----------------------------------------------------------------

Partial Cherry-pick diff pair 60 is -> 
{ 1d47b8c76c5d1486bce74e30772dd8b532c2bf54 -> 10b180cca4bc43b9b9e8a892dc720f80fd15b8a0 } is a cherrypick
{ 1a6d65d33b38fa7ba3b14f011d77b67f34efa64e -> c8d4a2d838b24e517b89c6b18e4daa5196d060cc }
Partial Cherry-pick commits SHA are -> 
10b180cca4bc43b9b9e8a892dc720f80fd15b8a0 - cherrypick - c8d4a2d838b24e517b89c6b18e4daa5196d060cc
---> The cherrypicked commit sha is - 10b180cca4bc43b9b9e8a892dc720f80fd15b8a0
Commit message - Update chapters/05-exercise-2.md

In the latest v0.9.10, Backbone changed the way to send attributes (not with the options parameter) to a third-party API. 

Now it's better with the attrs parameter.

This example is based in our implementation with Joomla CMS.

Thanks,
---> The original commit sha is - c8d4a2d838b24e517b89c6b18e4daa5196d060cc
Commit message - Merge pull request #291 from anibalsanchez/patch-1

Update chapters/05-exercise-2.md - Third-party Url Customization in the REST API
---> The files with partial_cherrypicks are:-
chapters/05-exercise-2.md
-----------------------------------------------------------------

Partial Cherry-pick diff pair 61 is -> 
{ bd94372ea35f6ac256d823d7e930a65a7a94b969 -> 2e4fd92842207f37060679279d1bb28694b700c5 } is a cherrypick
{ 8a94564161e79e565099870b492499beb9ef9b78 -> 77153f955495ca662c0eb06d5560a63923f4fadb }
Partial Cherry-pick commits SHA are -> 
2e4fd92842207f37060679279d1bb28694b700c5 - cherrypick - 77153f955495ca662c0eb06d5560a63923f4fadb
---> The cherrypicked commit sha is - 2e4fd92842207f37060679279d1bb28694b700c5
Commit message - Last fixes required for local builds to work again. Updated builds of index, ePub etc.
---> The original commit sha is - 77153f955495ca662c0eb06d5560a63923f4fadb
Commit message - Last fixes required for local builds to work again. Updated builds of index, ePub etc.
---> The files with partial_cherrypicks are:-
backbone-fundamentals.md
backbone-fundamentals.rtf
chapters/16-appendix.md
index.html
-----------------------------------------------------------------

Partial Cherry-pick diff pair 62 is -> 
{ 408d6d96e81dd9d29f691d6e6ee933dfdc1a4945 -> bd94372ea35f6ac256d823d7e930a65a7a94b969 } is a cherrypick
{ 6d61930c4558a6365d002a821dc17a3dbae4956c -> 8a94564161e79e565099870b492499beb9ef9b78 }
Partial Cherry-pick commits SHA are -> 
bd94372ea35f6ac256d823d7e930a65a7a94b969 - cherrypick - 8a94564161e79e565099870b492499beb9ef9b78
---> The cherrypicked commit sha is - bd94372ea35f6ac256d823d7e930a65a7a94b969
Commit message - Adding local copies of exercise 2 resources, updating URLs
---> The original commit sha is - 8a94564161e79e565099870b492499beb9ef9b78
Commit message - Adding local copies of exercise 2 resources, updating URLs
---> The files with partial_cherrypicks are:-
chapters/05-exercise-2.md
-----------------------------------------------------------------

Partial Cherry-pick diff pair 63 is -> 
{ fcadb921fdc4f6f400d5416976730de06010f23f -> f7c3668b0b26da2267eeafa8f2bc743870889536 } is a cherrypick
{ 584bbb925f82cd2a03a64b7b73c3cfc137604fe9 -> d4d0d218f6b6b5c5831559715d61b588cfcb2955 }
Partial Cherry-pick commits SHA are -> 
f7c3668b0b26da2267eeafa8f2bc743870889536 - cherrypick - d4d0d218f6b6b5c5831559715d61b588cfcb2955
---> The cherrypicked commit sha is - f7c3668b0b26da2267eeafa8f2bc743870889536
Commit message - Minor edits and punctionation in chapter 01-introduction

Light editing and punctuation fixes in chapter 01 (including adding serial commas,
which is debatable - they are recommended in American style guides, but may be less
accepted elsewhere).
---> The original commit sha is - d4d0d218f6b6b5c5831559715d61b588cfcb2955
Commit message - Minor edits and punctionation in chapter 01-introduction

Light editing and punctuation fixes in chapter 01 (including adding serial commas,
which is debatable - they are recommended in American style guides, but may be less
accepted elsewhere).
---> The files with partial_cherrypicks are:-
backbone-fundamentals.rtf
chapters/01-introduction.md
index.html
-----------------------------------------------------------------

Partial Cherry-pick diff pair 64 is -> 
{ 74c2ca806b8d39897c2df53b3dec9f922c2b81a9 -> f7fe6b0eafcabdbf6219dfa748dcf546d0ce4f57 } is a cherrypick
{ e250318d968c342ab208714a52d587064a6da6c4 -> 661488ac170e2839b6340c5b71bd199ae67aeb49 }
Partial Cherry-pick commits SHA are -> 
f7fe6b0eafcabdbf6219dfa748dcf546d0ce4f57 - cherrypick - 661488ac170e2839b6340c5b71bd199ae67aeb49
---> The cherrypicked commit sha is - f7fe6b0eafcabdbf6219dfa748dcf546d0ce4f57
Commit message - Merge pull request #268 from jhonnycano/patch-3

Update index.md
---> The original commit sha is - 661488ac170e2839b6340c5b71bd199ae67aeb49
Commit message - Merge pull request #273 from wibblymat/issue-260

Updated links to Derick Baileys Backbone Marionette modules. Fixes #260
---> The files with partial_cherrypicks are:-
index.html
-----------------------------------------------------------------

Partial Cherry-pick diff pair 65 is -> 
{ 3a547af0252a67b568c388f3b3307f821c579000 -> 74c2ca806b8d39897c2df53b3dec9f922c2b81a9 } is a cherrypick
{ f7fe6b0eafcabdbf6219dfa748dcf546d0ce4f57 -> e250318d968c342ab208714a52d587064a6da6c4 }
Partial Cherry-pick commits SHA are -> 
74c2ca806b8d39897c2df53b3dec9f922c2b81a9 - cherrypick - e250318d968c342ab208714a52d587064a6da6c4
---> The cherrypicked commit sha is - 74c2ca806b8d39897c2df53b3dec9f922c2b81a9
Commit message - Update index.md

Correction to diacritics
---> The original commit sha is - e250318d968c342ab208714a52d587064a6da6c4
Commit message - Undo the automatic whitespace removal
---> The files with partial_cherrypicks are:-
index.html
-----------------------------------------------------------------

Partial Cherry-pick diff pair 66 is -> 
{ 947bb3052a8127c8691648bcd75cc0506b1c2da5 -> f26218605d5ee997841a32057fc30a5d4482aaa6 } is a cherrypick
{ c34fe951e060217710db2f41c33e0a72fb95f7f0 -> 8c083808e080b2e6a2381e3d692376fa470bd515 }
Partial Cherry-pick commits SHA are -> 
f26218605d5ee997841a32057fc30a5d4482aaa6 - cherrypick - 8c083808e080b2e6a2381e3d692376fa470bd515
---> The cherrypicked commit sha is - f26218605d5ee997841a32057fc30a5d4482aaa6
Commit message - Added space in 'withthe' to correct to 'with the'.
---> The original commit sha is - 8c083808e080b2e6a2381e3d692376fa470bd515
Commit message - Merge branch 'gh-pages' of https://github.com/addyosmani/backbone-fundamentals into gh-pages

* 'gh-pages' of https://github.com/addyosmani/backbone-fundamentals: (41 commits)
  Fixed indentation; added missing semicolons
  Added missing semicolon
  Some language tweaks to the Router and Sync sections
  Attempting to make the 'Events' section more clear.
  Added missing apostrophe to contraction "it's"
  Updated TodoMVC backbone link. Fixed up backbone.localStorage script reference.
  Added space in 'withthe' to correct to 'with the'.
  Some language tweaks to the Router and Sync sections.
  Added missing apostrophe to the contraction "it's"
  Further tweaks.
  Adding a revised introduction.
  Some fixes for the Todos app chapter
  Update compiled HTML.
  Adding some grammar/flow clean-up of MVC section rewrite by Dusan.
  Use plural version of word 'thing'.
  Remove specified language for the code block because content is just text and not javascript.
  Include 'var' in code block.
  Fix code example.
  Minor cody tidy up (white space, added var, redeclaration of PanelAdvanced).
  fixed grammar 2
  ...
---> The files with partial_cherrypicks are:-
index.html
-----------------------------------------------------------------

Partial Cherry-pick diff pair 67 is -> 
{ 79be60a5a2b04b4293189475804017b3f4ca4408 -> c01ab5fa3ec33823f3b495782cbaf664aa495174 } is a cherrypick
{ c34fe951e060217710db2f41c33e0a72fb95f7f0 -> 8c083808e080b2e6a2381e3d692376fa470bd515 }
Partial Cherry-pick commits SHA are -> 
c01ab5fa3ec33823f3b495782cbaf664aa495174 - cherrypick - 8c083808e080b2e6a2381e3d692376fa470bd515
---> The cherrypicked commit sha is - c01ab5fa3ec33823f3b495782cbaf664aa495174
Commit message - Merge pull request #266 from swaff/word-fix

Added space in 'withthe' to correct to 'with the'.
---> The original commit sha is - 8c083808e080b2e6a2381e3d692376fa470bd515
Commit message - Merge branch 'gh-pages' of https://github.com/addyosmani/backbone-fundamentals into gh-pages

* 'gh-pages' of https://github.com/addyosmani/backbone-fundamentals: (41 commits)
  Fixed indentation; added missing semicolons
  Added missing semicolon
  Some language tweaks to the Router and Sync sections
  Attempting to make the 'Events' section more clear.
  Added missing apostrophe to contraction "it's"
  Updated TodoMVC backbone link. Fixed up backbone.localStorage script reference.
  Added space in 'withthe' to correct to 'with the'.
  Some language tweaks to the Router and Sync sections.
  Added missing apostrophe to the contraction "it's"
  Further tweaks.
  Adding a revised introduction.
  Some fixes for the Todos app chapter
  Update compiled HTML.
  Adding some grammar/flow clean-up of MVC section rewrite by Dusan.
  Use plural version of word 'thing'.
  Remove specified language for the code block because content is just text and not javascript.
  Include 'var' in code block.
  Fix code example.
  Minor cody tidy up (white space, added var, redeclaration of PanelAdvanced).
  fixed grammar 2
  ...
---> The files with partial_cherrypicks are:-
index.html
-----------------------------------------------------------------

Partial Cherry-pick diff pair 68 is -> 
{ f26218605d5ee997841a32057fc30a5d4482aaa6 -> f999ef26110ec54e6e8ff70816633f455044b4f7 } is a cherrypick
{ 2b3c3662ef9f418e4ce21a0515c3cc4b6f4ba31a -> c34fe951e060217710db2f41c33e0a72fb95f7f0 }
Partial Cherry-pick commits SHA are -> 
f999ef26110ec54e6e8ff70816633f455044b4f7 - cherrypick - c34fe951e060217710db2f41c33e0a72fb95f7f0
---> The cherrypicked commit sha is - f999ef26110ec54e6e8ff70816633f455044b4f7
Commit message - Update index.md

- resposne mispell
- todos comment
---> The original commit sha is - c34fe951e060217710db2f41c33e0a72fb95f7f0
Commit message - Moving MVP section to the appendix. Minor edits.
---> The files with partial_cherrypicks are:-
index.html
-----------------------------------------------------------------

Partial Cherry-pick diff pair 69 is -> 
{ e5bd7792034dd3c8bbd466833f09576d7e32cd75 -> f02565a38491f7020fbac76c4a80a7f34006756e } is a cherrypick
{ 439c99d325a55b77dffcaf27642fbfb8dbb58814 -> b27fef2545155ee4e35a3ce8b02a040b0e01ed3e }
Partial Cherry-pick commits SHA are -> 
f02565a38491f7020fbac76c4a80a7f34006756e - cherrypick - b27fef2545155ee4e35a3ce8b02a040b0e01ed3e
---> The cherrypicked commit sha is - f02565a38491f7020fbac76c4a80a7f34006756e
Commit message - Some language tweaks to the Router and Sync sections.
---> The original commit sha is - b27fef2545155ee4e35a3ce8b02a040b0e01ed3e
Commit message - Some language tweaks to the Router and Sync sections
---> The files with partial_cherrypicks are:-
index.md
-----------------------------------------------------------------

Partial Cherry-pick diff pair 70 is -> 
{ b95b4188072d3547cea19d3bc2276351d3dd8170 -> 39f1e4d61255fb413d23820e168fb764e8e734d2 } is a cherrypick
{ faf03918c2fa0154cb876a25e6e400dee64ab8ac -> 8e54837e9a3c9d0e340a852bd4960a9d19eb4762 }
Partial Cherry-pick commits SHA are -> 
39f1e4d61255fb413d23820e168fb764e8e734d2 - cherrypick - 8e54837e9a3c9d0e340a852bd4960a9d19eb4762
---> The cherrypicked commit sha is - 39f1e4d61255fb413d23820e168fb764e8e734d2
Commit message - Merge pull request #262 from mrtidy/gh-pages

couple minor typos
---> The original commit sha is - 8e54837e9a3c9d0e340a852bd4960a9d19eb4762
Commit message - Merge pull request #265 from mediamaker/gh-pages

corrected spelling of Jarrod Overson
---> The files with partial_cherrypicks are:-
index.md
-----------------------------------------------------------------

Partial Cherry-pick diff pair 71 is -> 
{ 0af37ece171184ef864838447c16b9b4d31bc274 -> 220c1d5e73b6a685914e2c09ef4eb2e8c2c0ea25 } is a cherrypick
{ 3895150a2f8f27b8004390140229278acdc27d3d -> 26fcf58ec428a6afdd59423adb32e394fe102384 }
Partial Cherry-pick commits SHA are -> 
220c1d5e73b6a685914e2c09ef4eb2e8c2c0ea25 - cherrypick - 26fcf58ec428a6afdd59423adb32e394fe102384
---> The cherrypicked commit sha is - 220c1d5e73b6a685914e2c09ef4eb2e8c2c0ea25
Commit message - Fix typo in comment url.
---> The original commit sha is - 26fcf58ec428a6afdd59423adb32e394fe102384
Commit message - updated the wording again based on comments - moved as
---> The files with partial_cherrypicks are:-
style.css
-----------------------------------------------------------------

Partial Cherry-pick diff pair 72 is -> 
{ e5bd7792034dd3c8bbd466833f09576d7e32cd75 -> f02565a38491f7020fbac76c4a80a7f34006756e } is a cherrypick
{ b353649dbaa9cddbdff6d8bd6133cfb02758fcac -> cf94d16f836f48fc1587a12623904d61e257215b }
Partial Cherry-pick commits SHA are -> 
f02565a38491f7020fbac76c4a80a7f34006756e - cherrypick - cf94d16f836f48fc1587a12623904d61e257215b
---> The cherrypicked commit sha is - f02565a38491f7020fbac76c4a80a7f34006756e
Commit message - Some language tweaks to the Router and Sync sections.
---> The original commit sha is - cf94d16f836f48fc1587a12623904d61e257215b
Commit message - Some language tweaks to the Router and Sync sections.
---> The files with partial_cherrypicks are:-
index.html
-----------------------------------------------------------------

Partial Cherry-pick diff pair 73 is -> 
{ 0af37ece171184ef864838447c16b9b4d31bc274 -> 220c1d5e73b6a685914e2c09ef4eb2e8c2c0ea25 } is a cherrypick
{ b353649dbaa9cddbdff6d8bd6133cfb02758fcac -> cf94d16f836f48fc1587a12623904d61e257215b }
Partial Cherry-pick commits SHA are -> 
220c1d5e73b6a685914e2c09ef4eb2e8c2c0ea25 - cherrypick - cf94d16f836f48fc1587a12623904d61e257215b
---> The cherrypicked commit sha is - 220c1d5e73b6a685914e2c09ef4eb2e8c2c0ea25
Commit message - Fix typo in comment url.
---> The original commit sha is - cf94d16f836f48fc1587a12623904d61e257215b
Commit message - Some language tweaks to the Router and Sync sections.
---> The files with partial_cherrypicks are:-
index.md
-----------------------------------------------------------------

Partial Cherry-pick diff pair 74 is -> 
{ ab67bdfa78cdd1697a0089648ce116f9cc484014 -> 6c4879f21faa6ce123b259d11b34e6fd3358314f } is a cherrypick
{ 648782fb74908ee705a717b9c65782e2cd7456eb -> b353649dbaa9cddbdff6d8bd6133cfb02758fcac }
Partial Cherry-pick commits SHA are -> 
6c4879f21faa6ce123b259d11b34e6fd3358314f - cherrypick - b353649dbaa9cddbdff6d8bd6133cfb02758fcac
---> The cherrypicked commit sha is - 6c4879f21faa6ce123b259d11b34e6fd3358314f
Commit message - Added missing apostrophe to the contraction "it's"
---> The original commit sha is - b353649dbaa9cddbdff6d8bd6133cfb02758fcac
Commit message - Added missing apostrophe to the contraction "it's"
---> The files with partial_cherrypicks are:-
index.md
-----------------------------------------------------------------

Partial Cherry-pick diff pair 75 is -> 
{ 6a26c0d96b740259b680283e77cb5a9be3a567c6 -> fc828b30a8fe2f48c24567cf8e6e392d1283598f } is a cherrypick
{ 9f8d5dd881520d5c3c58393de388bcbb3b870b56 -> f3394a2f3d4acc826143ab2d457452af66ad52a1 }
Partial Cherry-pick commits SHA are -> 
fc828b30a8fe2f48c24567cf8e6e392d1283598f - cherrypick - f3394a2f3d4acc826143ab2d457452af66ad52a1
---> The cherrypicked commit sha is - fc828b30a8fe2f48c24567cf8e6e392d1283598f
Commit message - minor type in comment line 1616
---> The original commit sha is - f3394a2f3d4acc826143ab2d457452af66ad52a1
Commit message - Merge branch 'gh-pages' of https://github.com/addyosmani/backbone-fundamentals into gh-pages

* 'gh-pages' of https://github.com/addyosmani/backbone-fundamentals:
  Minor cody tidy up (white space, added var, redeclaration of PanelAdvanced).
  Placeholder image extension is .png (not .gif).
  Add missing 'of' word.
  minor type in comment line 1616
  Fix code block markup.
  Fix typo in comment url.
---> The files with partial_cherrypicks are:-
index.html
-----------------------------------------------------------------

Partial Cherry-pick diff pair 76 is -> 
{ fc828b30a8fe2f48c24567cf8e6e392d1283598f -> ac394185312bb578b5cd5f7af99971ba3a41fdd5 } is a cherrypick
{ 5e59c37bb019e8046ec6a29bbde373404f627708 -> 1b9a86d95c617ad4e812bf7f338334ae8786c615 }
Partial Cherry-pick commits SHA are -> 
ac394185312bb578b5cd5f7af99971ba3a41fdd5 - cherrypick - 1b9a86d95c617ad4e812bf7f338334ae8786c615
---> The cherrypicked commit sha is - ac394185312bb578b5cd5f7af99971ba3a41fdd5
Commit message - Add missing 'of' word.
---> The original commit sha is - 1b9a86d95c617ad4e812bf7f338334ae8786c615
Commit message - Add missing 'of' word.
---> The files with partial_cherrypicks are:-
index.md
-----------------------------------------------------------------

Partial Cherry-pick diff pair 77 is -> 
{ 6a26c0d96b740259b680283e77cb5a9be3a567c6 -> fc828b30a8fe2f48c24567cf8e6e392d1283598f } is a cherrypick
{ fd4e5878b2c4f8fd6815f75f2cfb4217dcaa559a -> 5e59c37bb019e8046ec6a29bbde373404f627708 }
Partial Cherry-pick commits SHA are -> 
fc828b30a8fe2f48c24567cf8e6e392d1283598f - cherrypick - 5e59c37bb019e8046ec6a29bbde373404f627708
---> The cherrypicked commit sha is - fc828b30a8fe2f48c24567cf8e6e392d1283598f
Commit message - minor type in comment line 1616
---> The original commit sha is - 5e59c37bb019e8046ec6a29bbde373404f627708
Commit message - minor type in comment line 1616
---> The files with partial_cherrypicks are:-
index.html
-----------------------------------------------------------------

Partial Cherry-pick diff pair 78 is -> 
{ 6a26c0d96b740259b680283e77cb5a9be3a567c6 -> fc828b30a8fe2f48c24567cf8e6e392d1283598f } is a cherrypick
{ 52226c3cc075bcbd6f2d0023bd8581d9e25daabb -> b3cf352726061d57589b9b828fc0f4427336b086 }
Partial Cherry-pick commits SHA are -> 
fc828b30a8fe2f48c24567cf8e6e392d1283598f - cherrypick - b3cf352726061d57589b9b828fc0f4427336b086
---> The cherrypicked commit sha is - fc828b30a8fe2f48c24567cf8e6e392d1283598f
Commit message - minor type in comment line 1616
---> The original commit sha is - b3cf352726061d57589b9b828fc0f4427336b086
Commit message - Merge pull request #245 from jhonnycano/patch-1

minor typo in comment line 1616
---> The files with partial_cherrypicks are:-
index.html
-----------------------------------------------------------------

Partial Cherry-pick diff pair 79 is -> 
{ fc828b30a8fe2f48c24567cf8e6e392d1283598f -> ac394185312bb578b5cd5f7af99971ba3a41fdd5 } is a cherrypick
{ a185b5c35b4052e3e200f9989ac4591c2073a01d -> 52226c3cc075bcbd6f2d0023bd8581d9e25daabb }
Partial Cherry-pick commits SHA are -> 
ac394185312bb578b5cd5f7af99971ba3a41fdd5 - cherrypick - 52226c3cc075bcbd6f2d0023bd8581d9e25daabb
---> The cherrypicked commit sha is - ac394185312bb578b5cd5f7af99971ba3a41fdd5
Commit message - Add missing 'of' word.
---> The original commit sha is - 52226c3cc075bcbd6f2d0023bd8581d9e25daabb
Commit message - Merge pull request #246 from ugisozols/missing_of_word

Add missing 'of' word.
---> The files with partial_cherrypicks are:-
index.md
-----------------------------------------------------------------

Partial Cherry-pick diff pair 80 is -> 
{ aef9955cfa33c6e333d37eb0841a68a6d528cea8 -> 1767eb4b1a594732c37e20a8a0266f3548b7695c } is a cherrypick
{ e90f8bb0b73625f988e6ae846a2fff3d149ec229 -> e48f2570b8b08c77bc00794b930e68461ab0f69f }
Partial Cherry-pick commits SHA are -> 
1767eb4b1a594732c37e20a8a0266f3548b7695c - cherrypick - e48f2570b8b08c77bc00794b930e68461ab0f69f
---> The cherrypicked commit sha is - 1767eb4b1a594732c37e20a8a0266f3548b7695c
Commit message - Adding new exercises, refactoring index
---> The original commit sha is - e48f2570b8b08c77bc00794b930e68461ab0f69f
Commit message - Merge commit '1767eb4b1a594732c37e20a8a0266f3548b7695c' into gh-pages

* commit '1767eb4b1a594732c37e20a8a0266f3548b7695c':
  Adding new exercises, refactoring index
---> The files with partial_cherrypicks are:-
index.html
-----------------------------------------------------------------

Partial Cherry-pick diff pair 81 is -> 
{ 6d3f9a45af19fc10a1fc0881b5557859585403d1 -> 23e5b1660d22e1a68c14dcc888522e2a786fd13a } is a cherrypick
{ 5e85bdbf180c9e4b8875266d68a7f0b598ae7eea -> 37eb27304332ed7fb43497aa0dc984c5e062b5f2 }
Partial Cherry-pick commits SHA are -> 
23e5b1660d22e1a68c14dcc888522e2a786fd13a - cherrypick - 37eb27304332ed7fb43497aa0dc984c5e062b5f2
---> The cherrypicked commit sha is - 23e5b1660d22e1a68c14dcc888522e2a786fd13a
Commit message - Clean-up, adding cover to index, building new binaries for formats, adding instructions to readme for build.
---> The original commit sha is - 37eb27304332ed7fb43497aa0dc984c5e062b5f2
Commit message - Merge pull request #224 from eastridge/gh-pages

Add Lumbar and Thorax chapters
---> The files with partial_cherrypicks are:-
README.md
backbone-fundamentals.rtf
build/share.html
index.html
-----------------------------------------------------------------

Partial Cherry-pick diff pair 82 is -> 
{ da0a1df172210c548c975b4240dc766b73e02b11 -> a5f9651e7b42fecad1f73093d4f10d6229ea8371 } is a cherrypick
{ e8f9e549d8f372d4406138255b068f465d9e763e -> 6bffe080d71251ae8affe209386ab4cd787efd2f }
Partial Cherry-pick commits SHA are -> 
a5f9651e7b42fecad1f73093d4f10d6229ea8371 - cherrypick - 6bffe080d71251ae8affe209386ab4cd787efd2f
---> The cherrypicked commit sha is - a5f9651e7b42fecad1f73093d4f10d6229ea8371
Commit message - Merge pull request #201 from sindresorhus/quote

Quote consistency
---> The original commit sha is - 6bffe080d71251ae8affe209386ab4cd787efd2f
Commit message - Merge pull request #204 from sindresorhus/improvements

Improvements
---> The files with partial_cherrypicks are:-
index.md
-----------------------------------------------------------------

Partial Cherry-pick diff pair 83 is -> 
{ 6f695d7e756a252f1280617b0c53842dc1182554 -> da0a1df172210c548c975b4240dc766b73e02b11 } is a cherrypick
{ 1535a0b19ed11a4e4cc8363dce380281c9fa5782 -> 0614b46eb2a6bdd3c87b78a454c5d7ab266242a2 }
Partial Cherry-pick commits SHA are -> 
da0a1df172210c548c975b4240dc766b73e02b11 - cherrypick - 0614b46eb2a6bdd3c87b78a454c5d7ab266242a2
---> The cherrypicked commit sha is - da0a1df172210c548c975b4240dc766b73e02b11
Commit message - Include viewport. Fixes #87
---> The original commit sha is - 0614b46eb2a6bdd3c87b78a454c5d7ab266242a2
Commit message - Rewrite Makefile
---> The files with partial_cherrypicks are:-
index.md
-----------------------------------------------------------------

Partial Cherry-pick diff pair 84 is -> 
{ 6f695d7e756a252f1280617b0c53842dc1182554 -> da0a1df172210c548c975b4240dc766b73e02b11 } is a cherrypick
{ a5f9651e7b42fecad1f73093d4f10d6229ea8371 -> 1535a0b19ed11a4e4cc8363dce380281c9fa5782 }
Partial Cherry-pick commits SHA are -> 
da0a1df172210c548c975b4240dc766b73e02b11 - cherrypick - 1535a0b19ed11a4e4cc8363dce380281c9fa5782
---> The cherrypicked commit sha is - da0a1df172210c548c975b4240dc766b73e02b11
Commit message - Include viewport. Fixes #87
---> The original commit sha is - 1535a0b19ed11a4e4cc8363dce380281c9fa5782
Commit message - Merge pull request #202 from sindresorhus/build-viewport

Include viewport. Fixes #87
---> The files with partial_cherrypicks are:-
Makefile
build/build.sh
build/head.html
-----------------------------------------------------------------

Partial Cherry-pick diff pair 85 is -> 
{ d32145883329cc77ff2c81d850087e46bd14b875 -> bc3c839a02714c4d6f5dda55cf32a02abb692c8e } is a cherrypick
{ 1de2ea22badc429cccf038b40f708eb21e422fb9 -> 311f6dc4f9fbe110537152b4a01ba129f1034bc2 }
Partial Cherry-pick commits SHA are -> 
bc3c839a02714c4d6f5dda55cf32a02abb692c8e - cherrypick - 311f6dc4f9fbe110537152b4a01ba129f1034bc2
---> The cherrypicked commit sha is - bc3c839a02714c4d6f5dda55cf32a02abb692c8e
Commit message - add Makefile with support for pdf,epub and html
---> The original commit sha is - 311f6dc4f9fbe110537152b4a01ba129f1034bc2
Commit message - Merge pull request #190 from andreas-marschke/gh-pages

Add Makefile: simplify building outputs
---> The files with partial_cherrypicks are:-
Makefile
-----------------------------------------------------------------

Partial Cherry-pick diff pair 86 is -> 
{ d60b6c7e68d029d84dd3ba1332f57cba4ad3af32 -> 1d3c1e30c80c683ba5ccfe2e818eed457ccb6533 } is a cherrypick
{ 15defc8f345d2d6178af4f069f3de561e7669b50 -> 257038b83e094fa4e474deb10d812b456cd5e4c4 }
Partial Cherry-pick commits SHA are -> 
1d3c1e30c80c683ba5ccfe2e818eed457ccb6533 - cherrypick - 257038b83e094fa4e474deb10d812b456cd5e4c4
---> The cherrypicked commit sha is - 1d3c1e30c80c683ba5ccfe2e818eed457ccb6533
Commit message - Moved RESTful section up in TOC to align with content and changed header style for Better Model Property Validation.
---> The original commit sha is - 257038b83e094fa4e474deb10d812b456cd5e4c4
Commit message - add lumbar chapter
---> The files with partial_cherrypicks are:-
index.html
-----------------------------------------------------------------

Partial Cherry-pick diff pair 87 is -> 
{ d60b6c7e68d029d84dd3ba1332f57cba4ad3af32 -> 1d3c1e30c80c683ba5ccfe2e818eed457ccb6533 } is a cherrypick
{ 5bd4d5a9f3d775cdb14cd38d90c80dbd86a5b299 -> 07854c09cebe7f5e93f09355a63821bf32fb2e1e }
Partial Cherry-pick commits SHA are -> 
1d3c1e30c80c683ba5ccfe2e818eed457ccb6533 - cherrypick - 07854c09cebe7f5e93f09355a63821bf32fb2e1e
---> The cherrypicked commit sha is - 1d3c1e30c80c683ba5ccfe2e818eed457ccb6533
Commit message - Moved RESTful section up in TOC to align with content and changed header style for Better Model Property Validation.
---> The original commit sha is - 07854c09cebe7f5e93f09355a63821bf32fb2e1e
Commit message - Merge pull request #185 from seanparmelee/gh-pages

Minor updates to section order & a sub-section header
---> The files with partial_cherrypicks are:-
index.md
-----------------------------------------------------------------

Partial Cherry-pick diff pair 88 is -> 
{ cc2b3065c4aa5595b91afd10f1e497ede7eb072f -> f45f892c391ff1b8c1f54b398860dee8cbdcddcd } is a cherrypick
{ 5c338c6d67ecd36dc16a3e006aff4db2382cd58f -> 675fa31e6e446b11162ee1290b8e61d5aae32779 }
Partial Cherry-pick commits SHA are -> 
f45f892c391ff1b8c1f54b398860dee8cbdcddcd - cherrypick - 675fa31e6e446b11162ee1290b8e61d5aae32779
---> The cherrypicked commit sha is - f45f892c391ff1b8c1f54b398860dee8cbdcddcd
Commit message - Updated nested namespace caveat wording to the better of the two original versions.
---> The original commit sha is - 675fa31e6e446b11162ee1290b8e61d5aae32779
Commit message - cleanup of option3 practical
---> The files with partial_cherrypicks are:-
practicals/stacks/option3/README.md
practicals/stacks/option3/install.sh
practicals/stacks/option3/public/test/index.html
practicals/stacks/option3/public/test/qunit/qunit.css
practicals/stacks/option3/public/test/qunit/qunit.js
practicals/stacks/option3/public/test/tests.js
-----------------------------------------------------------------

Partial Cherry-pick diff pair 89 is -> 
{ 83da62025887dfd7415045f3d0baea7ea42a47ec -> f93e59dbce193a08943a8b3ee2eb3c681ba2abf6 } is a cherrypick
{ 873157c9fd3e244bfb145723963620a09570d481 -> 98e45646f338a8e61ad8a1fc72310c3c3f268da1 }
Partial Cherry-pick commits SHA are -> 
f93e59dbce193a08943a8b3ee2eb3c681ba2abf6 - cherrypick - 98e45646f338a8e61ad8a1fc72310c3c3f268da1
---> The cherrypicked commit sha is - f93e59dbce193a08943a8b3ee2eb3c681ba2abf6
Commit message - fixes for issues 15 5 1-3
---> The original commit sha is - 98e45646f338a8e61ad8a1fc72310c3c3f268da1
Commit message - Merge pull request #16 from boushley/master

Fixing some grammatical and wording errors
---> The files with partial_cherrypicks are:-
practicals/modular-mobile-app/app/app-build.js
practicals/modular-mobile-app/app/app.js
practicals/modular-mobile-app/app/libs/AMDbackbone-0.5.3.js
practicals/modular-mobile-app/app/libs/jQuery.ui.datepicker.js
practicals/modular-mobile-app/app/libs/jquery-1.7.1.js
practicals/modular-mobile-app/app/libs/jquery.mobile-1.0.js
practicals/modular-mobile-app/app/libs/jquery.ui.datepicker.mobile.js
practicals/modular-mobile-app/app/libs/json2.js
practicals/modular-mobile-app/app/libs/require/require-1.0.2.min.js
practicals/modular-mobile-app/app/libs/require/text.js
practicals/modular-mobile-app/app/libs/underscore-1.2.2.js
practicals/modular-mobile-app/app/main.js
practicals/modular-mobile-app/app/models/PhotoCollection.js
practicals/modular-mobile-app/app/models/ResultCollection.js
practicals/modular-mobile-app/app/models/ResultEntry.js
practicals/modular-mobile-app/app/routers/workspace.js
practicals/modular-mobile-app/app/templates/listview.html
practicals/modular-mobile-app/app/templates/photoview.html
practicals/modular-mobile-app/app/ui.js
practicals/modular-mobile-app/app/utils.js
practicals/modular-mobile-app/app/views/appview.js
practicals/modular-mobile-app/app/views/photoList.js
practicals/modular-mobile-app/app/views/resultList.js
practicals/modular-mobile-app/css/custom_mobile_theme.css
practicals/modular-mobile-app/css/jquery.ui.datepicker.css
practicals/modular-mobile-app/css/style.css
practicals/modular-mobile-app/css/theme.css
practicals/modular-mobile-app/index.html
practicals/modular-todo-app/css/todos.css
practicals/modular-todo-app/index.html
practicals/modular-todo-app/js/collections/todos.js
practicals/modular-todo-app/js/libs/backbone/backbone-optamd3-min.js
practicals/modular-todo-app/js/libs/backbone/localstorage.js
practicals/modular-todo-app/js/libs/jquery/jquery-min.js
practicals/modular-todo-app/js/libs/require/require.js
practicals/modular-todo-app/js/libs/require/text.js
practicals/modular-todo-app/js/libs/underscore/underscore-min.js
practicals/modular-todo-app/js/main.js
practicals/modular-todo-app/js/models/todo.js
practicals/modular-todo-app/js/templates/stats.html
practicals/modular-todo-app/js/templates/todos.html
practicals/modular-todo-app/js/views/app.js
practicals/modular-todo-app/js/views/todos.js
-----------------------------------------------------------------

Partial Cherry-pick diff pair 90 is -> 
{ f93e59dbce193a08943a8b3ee2eb3c681ba2abf6 -> 54cd712ef636e9234b6d2a5b57911804e603469a } is a cherrypick
{ 37ede452811d0de5d2fee0c0081da8beb69c68f5 -> f713bbf9770677e52ee0c57583ecd3286362e48d }
Partial Cherry-pick commits SHA are -> 
54cd712ef636e9234b6d2a5b57911804e603469a - cherrypick - f713bbf9770677e52ee0c57583ecd3286362e48d
---> The cherrypicked commit sha is - 54cd712ef636e9234b6d2a5b57911804e603469a
Commit message - Fixed another grammatical error.
---> The original commit sha is - f713bbf9770677e52ee0c57583ecd3286362e48d
Commit message - Fixing grammatical error.
---> The files with partial_cherrypicks are:-
practicals/modular-mobile-app/app/app-build.js
practicals/modular-mobile-app/app/app.js
practicals/modular-mobile-app/app/libs/AMDbackbone-0.5.3.js
practicals/modular-mobile-app/app/libs/jQuery.ui.datepicker.js
practicals/modular-mobile-app/app/libs/jquery-1.7.1.js
practicals/modular-mobile-app/app/libs/jquery.mobile-1.0.js
practicals/modular-mobile-app/app/libs/jquery.ui.datepicker.mobile.js
practicals/modular-mobile-app/app/libs/json2.js
practicals/modular-mobile-app/app/libs/require/require-1.0.2.min.js
practicals/modular-mobile-app/app/libs/require/text.js
practicals/modular-mobile-app/app/libs/underscore-1.2.2.js
practicals/modular-mobile-app/app/main.js
practicals/modular-mobile-app/app/models/PhotoCollection.js
practicals/modular-mobile-app/app/models/ResultCollection.js
practicals/modular-mobile-app/app/models/ResultEntry.js
practicals/modular-mobile-app/app/routers/workspace.js
practicals/modular-mobile-app/app/templates/listview.html
practicals/modular-mobile-app/app/templates/photoview.html
practicals/modular-mobile-app/app/ui.js
practicals/modular-mobile-app/app/utils.js
practicals/modular-mobile-app/app/views/appview.js
practicals/modular-mobile-app/app/views/photoList.js
practicals/modular-mobile-app/app/views/resultList.js
practicals/modular-mobile-app/css/custom_mobile_theme.css
practicals/modular-mobile-app/css/jquery.ui.datepicker.css
practicals/modular-mobile-app/css/style.css
practicals/modular-mobile-app/css/theme.css
practicals/modular-mobile-app/index.html
practicals/modular-todo-app/css/todos.css
practicals/modular-todo-app/index.html
practicals/modular-todo-app/js/collections/todos.js
practicals/modular-todo-app/js/libs/backbone/backbone-optamd3-min.js
practicals/modular-todo-app/js/libs/backbone/localstorage.js
practicals/modular-todo-app/js/libs/jquery/jquery-min.js
practicals/modular-todo-app/js/libs/require/require.js
practicals/modular-todo-app/js/libs/require/text.js
practicals/modular-todo-app/js/libs/underscore/underscore-min.js
practicals/modular-todo-app/js/main.js
practicals/modular-todo-app/js/models/todo.js
practicals/modular-todo-app/js/templates/stats.html
practicals/modular-todo-app/js/templates/todos.html
practicals/modular-todo-app/js/views/app.js
practicals/modular-todo-app/js/views/todos.js
-----------------------------------------------------------------

Partial Cherry-pick diff pair 91 is -> 
{ 83da62025887dfd7415045f3d0baea7ea42a47ec -> f93e59dbce193a08943a8b3ee2eb3c681ba2abf6 } is a cherrypick
{ 9d4e79e418581f79d60c79f264a0462205712825 -> 2d93cf53a7eb21894307e147107f015e26b55b2e }
Partial Cherry-pick commits SHA are -> 
f93e59dbce193a08943a8b3ee2eb3c681ba2abf6 - cherrypick - 2d93cf53a7eb21894307e147107f015e26b55b2e
---> The cherrypicked commit sha is - f93e59dbce193a08943a8b3ee2eb3c681ba2abf6
Commit message - fixes for issues 15 5 1-3
---> The original commit sha is - 2d93cf53a7eb21894307e147107f015e26b55b2e
Commit message - adding practicals section for new tutorials
---> The files with partial_cherrypicks are:-
practicals/modular-mobile-app/app/app-build.js
practicals/modular-mobile-app/app/app.js
practicals/modular-mobile-app/app/libs/AMDbackbone-0.5.3.js
practicals/modular-mobile-app/app/libs/jQuery.ui.datepicker.js
practicals/modular-mobile-app/app/libs/jquery-1.7.1.js
practicals/modular-mobile-app/app/libs/jquery.mobile-1.0.js
practicals/modular-mobile-app/app/libs/jquery.ui.datepicker.mobile.js
practicals/modular-mobile-app/app/libs/json2.js
practicals/modular-mobile-app/app/libs/require/require-1.0.2.min.js
practicals/modular-mobile-app/app/libs/require/text.js
practicals/modular-mobile-app/app/libs/underscore-1.2.2.js
practicals/modular-mobile-app/app/main.js
practicals/modular-mobile-app/app/models/PhotoCollection.js
practicals/modular-mobile-app/app/models/ResultCollection.js
practicals/modular-mobile-app/app/models/ResultEntry.js
practicals/modular-mobile-app/app/routers/workspace.js
practicals/modular-mobile-app/app/templates/listview.html
practicals/modular-mobile-app/app/templates/photoview.html
practicals/modular-mobile-app/app/ui.js
practicals/modular-mobile-app/app/utils.js
practicals/modular-mobile-app/app/views/appview.js
practicals/modular-mobile-app/app/views/photoList.js
practicals/modular-mobile-app/app/views/resultList.js
practicals/modular-mobile-app/css/custom_mobile_theme.css
practicals/modular-mobile-app/css/jquery.ui.datepicker.css
practicals/modular-mobile-app/css/style.css
practicals/modular-mobile-app/css/theme.css
practicals/modular-mobile-app/index.html
practicals/modular-todo-app/css/todos.css
practicals/modular-todo-app/index.html
practicals/modular-todo-app/js/collections/todos.js
practicals/modular-todo-app/js/libs/backbone/backbone-optamd3-min.js
practicals/modular-todo-app/js/libs/backbone/localstorage.js
practicals/modular-todo-app/js/libs/jquery/jquery-min.js
practicals/modular-todo-app/js/libs/require/require.js
practicals/modular-todo-app/js/libs/require/text.js
practicals/modular-todo-app/js/libs/underscore/underscore-min.js
practicals/modular-todo-app/js/main.js
practicals/modular-todo-app/js/models/todo.js
practicals/modular-todo-app/js/templates/stats.html
practicals/modular-todo-app/js/templates/todos.html
practicals/modular-todo-app/js/views/app.js
practicals/modular-todo-app/js/views/todos.js
-----------------------------------------------------------------

