# of reverts = 14
Revert diff pair 1 is -> 
{ 14c02113ee7d4cdbc29db2bf6baf18d74c6df1db -> 4f6251db58901bac90b51d191f850dfab2929604 } is a revert
{ 4f6251db58901bac90b51d191f850dfab2929604 -> a5c337d1f872ae56cf96f796c10bf45c517069d9 }
Revert commits SHA are -> 
4f6251db58901bac90b51d191f850dfab2929604 - revert - a5c337d1f872ae56cf96f796c10bf45c517069d9
---> The reverted commit sha is - 4f6251db58901bac90b51d191f850dfab2929604
Commit message - Fix block statement endings in erubis

Partial fix for #518
---> The original commit sha is - a5c337d1f872ae56cf96f796c10bf45c517069d9
Commit message - Merge pull request #517 from JasonBarnabe/path_in_process_controller

Fix undefined variable in Scanner.process_controller error handler
-----------------------------------------------------------------

Revert diff pair 2 is -> 
{ 28b9f2ae11989c38b1d2160d6e1fba161d5d1546 -> 5f788264ba908b2df2b45e48c8e7644683306c59 } is a revert
{ 5f788264ba908b2df2b45e48c8e7644683306c59 -> 93d9635c8a844950a7079b6c2ee6891f804d1477 }
Revert commits SHA are -> 
5f788264ba908b2df2b45e48c8e7644683306c59 - revert - 93d9635c8a844950a7079b6c2ee6891f804d1477
---> The reverted commit sha is - 5f788264ba908b2df2b45e48c8e7644683306c59
Commit message - Relax ruby2ruby and ruby_parser dependencies
---> The original commit sha is - 93d9635c8a844950a7079b6c2ee6891f804d1477
Commit message - Revert "Relax ruby2ruby and ruby_parser dependencies"

This reverts commit 5f788264ba908b2df2b45e48c8e7644683306c59.
-----------------------------------------------------------------

Revert diff pair 3 is -> 
{ 2510778735a4119933f5ce6d05c3e4c80fc409a5 -> 1fda1a66f13de410d1284115e5fccef8e12c4049 } is a revert
{ 1fda1a66f13de410d1284115e5fccef8e12c4049 -> 3401276af99a3da3791234ce9dbf6c9da4f310b1 }
Revert commits SHA are -> 
1fda1a66f13de410d1284115e5fccef8e12c4049 - revert - 3401276af99a3da3791234ce9dbf6c9da4f310b1
---> The reverted commit sha is - 1fda1a66f13de410d1284115e5fccef8e12c4049
Commit message - Merge pull request #447 from presidentbeef/CVE_2014_0080

Add check for CVE-2014-0080
---> The original commit sha is - 3401276af99a3da3791234ce9dbf6c9da4f310b1
Commit message - Merge pull request #448 from presidentbeef/CVE_2014_0081

Add check for CVE-2014-0081
-----------------------------------------------------------------

Revert diff pair 4 is -> 
{ 0733340b6c9f8271b7c5ab700d3efc3ac8c095a4 -> 2510778735a4119933f5ce6d05c3e4c80fc409a5 } is a revert
{ 2510778735a4119933f5ce6d05c3e4c80fc409a5 -> 1fda1a66f13de410d1284115e5fccef8e12c4049 }
Revert commits SHA are -> 
2510778735a4119933f5ce6d05c3e4c80fc409a5 - revert - 1fda1a66f13de410d1284115e5fccef8e12c4049
---> The reverted commit sha is - 2510778735a4119933f5ce6d05c3e4c80fc409a5
Commit message - Add check for CVE-2014-0081
---> The original commit sha is - 1fda1a66f13de410d1284115e5fccef8e12c4049
Commit message - Merge pull request #447 from presidentbeef/CVE_2014_0080

Add check for CVE-2014-0080
-----------------------------------------------------------------

Revert diff pair 5 is -> 
{ 988f908ab29123f5dca93c18df4bd4634ce41bd4 -> 172468fb3917f511ab3b353e8aa0b29feebc8923 } is a revert
{ 172468fb3917f511ab3b353e8aa0b29feebc8923 -> 71f5d18dd17b90513a5482399a1081608ed39829 }
Revert commits SHA are -> 
172468fb3917f511ab3b353e8aa0b29feebc8923 - revert - 71f5d18dd17b90513a5482399a1081608ed39829
---> The reverted commit sha is - 172468fb3917f511ab3b353e8aa0b29feebc8923
Commit message - Lowercase "reflection" in unsafe reflection warning
---> The original commit sha is - 71f5d18dd17b90513a5482399a1081608ed39829
Commit message - Merge pull request #410 from noahd1/reduce_slim_false_positives

Reduce Slim-template XSS false positives
-----------------------------------------------------------------

Revert diff pair 6 is -> 
{ 0faded5b8c4a7b360b18648c601aaed888e4ef00 -> ed7184d09fafd296288851a2aaa5a39cab83d2e6 } is a revert
{ ed7184d09fafd296288851a2aaa5a39cab83d2e6 -> b0daabcd4ff4453c7e69614a483b700193856a97 }
Revert commits SHA are -> 
ed7184d09fafd296288851a2aaa5a39cab83d2e6 - revert - b0daabcd4ff4453c7e69614a483b700193856a97
---> The reverted commit sha is - ed7184d09fafd296288851a2aaa5a39cab83d2e6
Commit message - Update CHANGES

Medium confidence for mass assignment to attr_protected models
---> The original commit sha is - b0daabcd4ff4453c7e69614a483b700193856a97
Commit message - Merge pull request #335 from presidentbeef/use_exceptions_instead_of_abort

Use exceptions instead of abort in brakeman.rb
-----------------------------------------------------------------

Revert diff pair 7 is -> 
{ eb424313cc143814bb8718ed1d70c1e641d8804d -> b2c9a04314721d353304a93488cdf25118450acb } is a revert
{ b2c9a04314721d353304a93488cdf25118450acb -> f37803207830c5f0ca36df11052ecbc35e747d2f }
Revert commits SHA are -> 
b2c9a04314721d353304a93488cdf25118450acb - revert - f37803207830c5f0ca36df11052ecbc35e747d2f
---> The reverted commit sha is - b2c9a04314721d353304a93488cdf25118450acb
Commit message - Use MultiJson
---> The original commit sha is - f37803207830c5f0ca36df11052ecbc35e747d2f
Commit message - Warning fingerprint fixes for 1.8
-----------------------------------------------------------------

Revert diff pair 8 is -> 
{ 16cdc3d4ff8fcd540588b28028457587cb181f7a -> bbb4157a08ce893ac7e3f7fe03db42552c04b6fd } is a revert
{ c58aabf0bcc1078975cf0ba4d94b529b0250cfb6 -> 5aff26e4a08bb42fa52a9d03cd444e421bd2f96a }
Revert commits SHA are -> 
bbb4157a08ce893ac7e3f7fe03db42552c04b6fd - revert - 5aff26e4a08bb42fa52a9d03cd444e421bd2f96a
---> The reverted commit sha is - bbb4157a08ce893ac7e3f7fe03db42552c04b6fd
Commit message - Add Sexp#each_body and Sexp#each_body

to avoid creating new Sexps for bodies
---> The original commit sha is - 5aff26e4a08bb42fa52a9d03cd444e421bd2f96a
Commit message - Remove Sexp#each_body and Sexp#each_body!

Never got them to work righ
-----------------------------------------------------------------

Revert diff pair 9 is -> 
{ 4b48bf15a91bffc09a2c61c8fcc886c6b487182b -> c3c4d4abca902b5261c8f94a54811ce7acc42f7f } is a revert
{ c3c4d4abca902b5261c8f94a54811ce7acc42f7f -> 0a2e1902cb168995f38c3eee8a2305125ace73cc }
Revert commits SHA are -> 
c3c4d4abca902b5261c8f94a54811ce7acc42f7f - revert - 0a2e1902cb168995f38c3eee8a2305125ace73cc
---> The reverted commit sha is - c3c4d4abca902b5261c8f94a54811ce7acc42f7f
Commit message - Merge branch 'update_scanner' into improve_test_coverage

Conflicts:
	test/test.rb
---> The original commit sha is - 0a2e1902cb168995f38c3eee8a2305125ace73cc
Commit message - Revert "Merge branch 'update_scanner' into improve_test_coverage"

This reverts commit c3c4d4abca902b5261c8f94a54811ce7acc42f7f, reversing
changes made to 4b48bf15a91bffc09a2c61c8fcc886c6b487182b.
-----------------------------------------------------------------

Revert diff pair 10 is -> 
{ f7b43a98d1617a50dd9583ba7365322f3d46a91b -> ac89a1d3d09dffb5ce6c56d54bfd8ba1e9ba22c2 } is a revert
{ be83bf83941361219bea7e86ab46fce75306591f -> 80045551bab8bed95ef64d9a2ff2246469eae264 }
Revert commits SHA are -> 
ac89a1d3d09dffb5ce6c56d54bfd8ba1e9ba22c2 - revert - 80045551bab8bed95ef64d9a2ff2246469eae264
---> The reverted commit sha is - ac89a1d3d09dffb5ce6c56d54bfd8ba1e9ba22c2
Commit message - Add JRuby for Travis CI
---> The original commit sha is - 80045551bab8bed95ef64d9a2ff2246469eae264
Commit message - Remove JRuby from Travis config
-----------------------------------------------------------------

Revert diff pair 11 is -> 
{ ac6b684ceaf73c3a9bc2b60e477af39d2e287aba -> a39d5d4ddfe0fc15639402782e60f44f612f397e } is a revert
{ 73b9d2bb92264c599ada680553ce47506ab366ba -> 1d93763cc2ad5b984eb8c633f8e7bb5bb78db853 }
Revert commits SHA are -> 
a39d5d4ddfe0fc15639402782e60f44f612f397e - revert - 1d93763cc2ad5b984eb8c633f8e7bb5bb78db853
---> The reverted commit sha is - a39d5d4ddfe0fc15639402782e60f44f612f397e
Commit message - Merge branch 'master' of github.com:presidentbeef/brakeman
---> The original commit sha is - 1d93763cc2ad5b984eb8c633f8e7bb5bb78db853
Commit message - Merge pull request #83 from daveworth/nowarn_update_attributes

Stop alerting for Mass Assignment on `#update_attribute`
-----------------------------------------------------------------

Revert diff pair 12 is -> 
{ ac6b684ceaf73c3a9bc2b60e477af39d2e287aba -> a39d5d4ddfe0fc15639402782e60f44f612f397e } is a revert
{ a39d5d4ddfe0fc15639402782e60f44f612f397e -> 85e521698022194fd6b64519e2c4d65aaf1169f4 }
Revert commits SHA are -> 
a39d5d4ddfe0fc15639402782e60f44f612f397e - revert - 85e521698022194fd6b64519e2c4d65aaf1169f4
---> The reverted commit sha is - a39d5d4ddfe0fc15639402782e60f44f612f397e
Commit message - Merge branch 'master' of github.com:presidentbeef/brakeman
---> The original commit sha is - 85e521698022194fd6b64519e2c4d65aaf1169f4
Commit message - Merge branch 'fix_mass_assignment_dupes_in_views'
-----------------------------------------------------------------

Revert diff pair 13 is -> 
{ 64d2be90e101c4b913d7d08b5c7a48006679c975 -> 91ff051e1dbb844ffbd5d8390c75625fceede7f2 } is a revert
{ 91ff051e1dbb844ffbd5d8390c75625fceede7f2 -> 142d624272e241e2865f7a89d8811b94a585d834 }
Revert commits SHA are -> 
91ff051e1dbb844ffbd5d8390c75625fceede7f2 - revert - 142d624272e241e2865f7a89d8811b94a585d834
---> The reverted commit sha is - 91ff051e1dbb844ffbd5d8390c75625fceede7f2
Commit message - Update README re: Annotations
---> The original commit sha is - 142d624272e241e2865f7a89d8811b94a585d834
Commit message - Revert "Update README re: Annotations"

This belongs in the annotations branch

This reverts commit fafdac24a03b97fe22d74065739bf3a69153b1a8.
-----------------------------------------------------------------

Revert diff pair 14 is -> 
{ d4a89dd6bec6c9882f42ed64e32c9e8bfae38f11 -> 66235ef463e08db2ab6566ed1a0b7b730b02fde7 } is a revert
{ 91088df831490adf7293d2f4b80412326ce7454b -> fe66e06913c6af58983d079ac254cd4b88f0e090 }
Revert commits SHA are -> 
66235ef463e08db2ab6566ed1a0b7b730b02fde7 - revert - fe66e06913c6af58983d079ac254cd4b88f0e090
---> The reverted commit sha is - 66235ef463e08db2ab6566ed1a0b7b730b02fde7
Commit message - Add explicit dependency of ruby_parser
---> The original commit sha is - fe66e06913c6af58983d079ac254cd4b88f0e090
Commit message - Remove ruby_parser from gemspec
-----------------------------------------------------------------

