# of partial cherrypicks = 35
Partial Cherry-pick diff pair 1 is -> 
{ 16185142367114bf7550adb50f942f35401c070b -> 19f78bc34379f5bb65f04a58040e30f19c6be807 } is a cherrypick
{ 1cf0d251d1a9379bde6b62f9b69e06f5c08114d5 -> b32e804a269654911c0d7a5663d8e7affda4b81a }
Partial Cherry-pick commits SHA are -> 
19f78bc34379f5bb65f04a58040e30f19c6be807 - cherrypick - b32e804a269654911c0d7a5663d8e7affda4b81a
---> The cherrypicked commit sha is - 19f78bc34379f5bb65f04a58040e30f19c6be807
Commit message - Fixing byob TypeError: Constructor TextEncoder requires 'new'
---> The original commit sha is - b32e804a269654911c0d7a5663d8e7affda4b81a
Commit message - Merge pull request #160 from rodms10/master

Fixing byob TypeError: Constructor TextEncoder requires 'new'
---> The files with partial_cherrypicks are:-
site/js/jszip.js
-----------------------------------------------------------------

Partial Cherry-pick diff pair 2 is -> 
{ 051b539bb8e3e42557b88fffbceaa5892f679328 -> 5958b5aea5daf5992ad34926058c5c0ddf74807e } is a cherrypick
{ 88a11efe422aaf21b283dc2a2eab0f59d09e3be8 -> 1cf0d251d1a9379bde6b62f9b69e06f5c08114d5 }
Partial Cherry-pick commits SHA are -> 
5958b5aea5daf5992ad34926058c5c0ddf74807e - cherrypick - 1cf0d251d1a9379bde6b62f9b69e06f5c08114d5
---> The cherrypicked commit sha is - 5958b5aea5daf5992ad34926058c5c0ddf74807e
Commit message - Run casper tests with grunt and clean up gruntfile
---> The original commit sha is - 1cf0d251d1a9379bde6b62f9b69e06f5c08114d5
Commit message - Merge pull request #168 from mozilla/improve-grunt-tasks

WIP: Run casper tests with grunt and clean up gruntfile
---> The files with partial_cherrypicks are:-
.travis.yml
Gruntfile.js
package.json
-----------------------------------------------------------------

Partial Cherry-pick diff pair 3 is -> 
{ 6fcbfdd9e24be182e36bccbc1d49ab405f24a9af -> 6368c3ef9b7084014d0bfb39ffa223eaf530e264 } is a cherrypick
{ 7bd09d1d9e7c0dfb1913c22715551e94014ba33a -> 0d98237e10011710d901108cafe1c14d446a7659 }
Partial Cherry-pick commits SHA are -> 
6368c3ef9b7084014d0bfb39ffa223eaf530e264 - cherrypick - 0d98237e10011710d901108cafe1c14d446a7659
---> The cherrypicked commit sha is - 6368c3ef9b7084014d0bfb39ffa223eaf530e264
Commit message - Created CONTIBUTING.md

Did a simple placeholder CONTRIBUTING.md to expand upon later.
---> The original commit sha is - 0d98237e10011710d901108cafe1c14d446a7659
Commit message - Merge pull request #151 from mozilla/new-coat-of-paint

@tofumatt rocks.
---> The files with partial_cherrypicks are:-
CONTRIBUTING.md
-----------------------------------------------------------------

Partial Cherry-pick diff pair 4 is -> 
{ f5d4425b285fa7033b4947c6a30903de687284c5 -> 9c313aeae6a3cf8bb11b0834ec2e8f3708031424 } is a cherrypick
{ 7bd09d1d9e7c0dfb1913c22715551e94014ba33a -> 0d98237e10011710d901108cafe1c14d446a7659 }
Partial Cherry-pick commits SHA are -> 
9c313aeae6a3cf8bb11b0834ec2e8f3708031424 - cherrypick - 0d98237e10011710d901108cafe1c14d446a7659
---> The cherrypicked commit sha is - 9c313aeae6a3cf8bb11b0834ec2e8f3708031424
Commit message - Merge pull request #156 from ScottMichaud/LightChanges

Created CONTIBUTING.md
---> The original commit sha is - 0d98237e10011710d901108cafe1c14d446a7659
Commit message - Merge pull request #151 from mozilla/new-coat-of-paint

@tofumatt rocks.
---> The files with partial_cherrypicks are:-
CONTRIBUTING.md
-----------------------------------------------------------------

Partial Cherry-pick diff pair 5 is -> 
{ 16185142367114bf7550adb50f942f35401c070b -> 19f78bc34379f5bb65f04a58040e30f19c6be807 } is a cherrypick
{ 7bd09d1d9e7c0dfb1913c22715551e94014ba33a -> 0d98237e10011710d901108cafe1c14d446a7659 }
Partial Cherry-pick commits SHA are -> 
19f78bc34379f5bb65f04a58040e30f19c6be807 - cherrypick - 0d98237e10011710d901108cafe1c14d446a7659
---> The cherrypicked commit sha is - 19f78bc34379f5bb65f04a58040e30f19c6be807
Commit message - Fixing byob TypeError: Constructor TextEncoder requires 'new'
---> The original commit sha is - 0d98237e10011710d901108cafe1c14d446a7659
Commit message - Merge pull request #151 from mozilla/new-coat-of-paint

@tofumatt rocks.
---> The files with partial_cherrypicks are:-
CONTRIBUTING.md
-----------------------------------------------------------------

Partial Cherry-pick diff pair 6 is -> 
{ f5d4425b285fa7033b4947c6a30903de687284c5 -> 9c313aeae6a3cf8bb11b0834ec2e8f3708031424 } is a cherrypick
{ 9c313aeae6a3cf8bb11b0834ec2e8f3708031424 -> ef6a9ad1d8f4424c7c035d736ed08c671281d7f8 }
Partial Cherry-pick commits SHA are -> 
9c313aeae6a3cf8bb11b0834ec2e8f3708031424 - cherrypick - ef6a9ad1d8f4424c7c035d736ed08c671281d7f8
---> The cherrypicked commit sha is - 9c313aeae6a3cf8bb11b0834ec2e8f3708031424
Commit message - Merge pull request #156 from ScottMichaud/LightChanges

Created CONTIBUTING.md
---> The original commit sha is - ef6a9ad1d8f4424c7c035d736ed08c671281d7f8
Commit message - Fix grid issues reported by @sole
---> The files with partial_cherrypicks are:-
demos/x-tag-appbar/index.html
demos/x-tag-calendar/index.html
demos/x-tag-deck/index.html
demos/x-tag-flipbox/index.html
demos/x-tag-layout/index.html
demos/x-tag-slider/index.html
demos/x-tag-tabbar/index.html
demos/x-tag-toggle/index.html
docs.html
download.html
site/js/demo-page-helpers.js
-----------------------------------------------------------------

Partial Cherry-pick diff pair 7 is -> 
{ 6fcbfdd9e24be182e36bccbc1d49ab405f24a9af -> 6368c3ef9b7084014d0bfb39ffa223eaf530e264 } is a cherrypick
{ 6368c3ef9b7084014d0bfb39ffa223eaf530e264 -> 6414fc9d90639ba52a38206472da9906bfb7c47f }
Partial Cherry-pick commits SHA are -> 
6368c3ef9b7084014d0bfb39ffa223eaf530e264 - cherrypick - 6414fc9d90639ba52a38206472da9906bfb7c47f
---> The cherrypicked commit sha is - 6368c3ef9b7084014d0bfb39ffa223eaf530e264
Commit message - Created CONTIBUTING.md

Did a simple placeholder CONTRIBUTING.md to expand upon later.
---> The original commit sha is - 6414fc9d90639ba52a38206472da9906bfb7c47f
Commit message - Remove hand unicode
---> The files with partial_cherrypicks are:-
demos/x-tag-appbar/index.html
demos/x-tag-calendar/index.html
demos/x-tag-deck/index.html
demos/x-tag-flipbox/index.html
demos/x-tag-layout/index.html
demos/x-tag-slider/index.html
demos/x-tag-tabbar/index.html
demos/x-tag-toggle/index.html
docs.html
download.html
site/js/demo-page-helpers.js
-----------------------------------------------------------------

Partial Cherry-pick diff pair 8 is -> 
{ 87185cdb349995f1a7b2115e9d2d3bba7abecca0 -> 42c278b6e444d43001e7d2a20cad8c1cde20a733 } is a cherrypick
{ 4311bc0d47bb636dfc3e27ad5cdf06ba94400e66 -> 97c35d1cc72cf71b409d9221531094d1ee61f8fc }
Partial Cherry-pick commits SHA are -> 
42c278b6e444d43001e7d2a20cad8c1cde20a733 - cherrypick - 97c35d1cc72cf71b409d9221531094d1ee61f8fc
---> The cherrypicked commit sha is - 42c278b6e444d43001e7d2a20cad8c1cde20a733
Commit message - "Brick is in perpetual beta" (close #136)
---> The original commit sha is - 97c35d1cc72cf71b409d9221531094d1ee61f8fc
Commit message - Merge pull request #149 from mozilla/readme-copywriting

Tidy README (better text formatting & structure)
---> The files with partial_cherrypicks are:-
index.html
-----------------------------------------------------------------

Partial Cherry-pick diff pair 9 is -> 
{ e8d76142597696b9727fb075aab021dfc778841d -> e4d3a4a0a654e608b15f828879e8ab1b17073bd9 } is a cherrypick
{ 9496259ab48dcc5f9bf23ec4ffd61847c3111e84 -> 0545f93fe441f0385ac3449ad0b812fe9df848fa }
Partial Cherry-pick commits SHA are -> 
e4d3a4a0a654e608b15f828879e8ab1b17073bd9 - cherrypick - 0545f93fe441f0385ac3449ad0b812fe9df848fa
---> The cherrypicked commit sha is - e4d3a4a0a654e608b15f828879e8ab1b17073bd9
Commit message - fixed to include x-tag-core/dist/js in build
---> The original commit sha is - 0545f93fe441f0385ac3449ad0b812fe9df848fa
Commit message - added dists
---> The files with partial_cherrypicks are:-
dist/brick.css
dist/brick.js
dist/x-tag-appbar.min.css
dist/x-tag-appbar.min.js
dist/x-tag-calendar.min.css
dist/x-tag-calendar.min.js
dist/x-tag-datepicker.min.css
dist/x-tag-datepicker.min.js
dist/x-tag-deck.min.css
dist/x-tag-deck.min.js
dist/x-tag-flipbox.min.css
dist/x-tag-flipbox.min.js
dist/x-tag-iconbutton.min.css
dist/x-tag-iconbutton.min.js
dist/x-tag-layout.min.css
dist/x-tag-layout.min.js
dist/x-tag-slidebox.min.css
dist/x-tag-slidebox.min.js
dist/x-tag-slider.min.css
dist/x-tag-slider.min.js
dist/x-tag-tabbar.min.css
dist/x-tag-tabbar.min.js
dist/x-tag-toggle.min.css
dist/x-tag-toggle.min.js
dist/x-tag-togglegroup.min.css
dist/x-tag-togglegroup.min.js
dist/x-tag-tooltip.min.css
dist/x-tag-tooltip.min.js
-----------------------------------------------------------------

Partial Cherry-pick diff pair 10 is -> 
{ a2a82a2bf6964e730484289c4d315d9716822caa -> d59ed66fb93d9d627caa48dee8f072591b8d34ba } is a cherrypick
{ 9496259ab48dcc5f9bf23ec4ffd61847c3111e84 -> 0545f93fe441f0385ac3449ad0b812fe9df848fa }
Partial Cherry-pick commits SHA are -> 
d59ed66fb93d9d627caa48dee8f072591b8d34ba - cherrypick - 0545f93fe441f0385ac3449ad0b812fe9df848fa
---> The cherrypicked commit sha is - d59ed66fb93d9d627caa48dee8f072591b8d34ba
Commit message - moved readme and font file to ./build/
---> The original commit sha is - 0545f93fe441f0385ac3449ad0b812fe9df848fa
Commit message - added dists
---> The files with partial_cherrypicks are:-
dist/x-tag-appbar.min.css
dist/x-tag-appbar.min.js
dist/x-tag-calendar.min.css
dist/x-tag-calendar.min.js
dist/x-tag-datepicker.min.css
dist/x-tag-datepicker.min.js
dist/x-tag-deck.min.css
dist/x-tag-deck.min.js
dist/x-tag-flipbox.min.css
dist/x-tag-flipbox.min.js
dist/x-tag-iconbutton.min.css
dist/x-tag-iconbutton.min.js
dist/x-tag-layout.min.css
dist/x-tag-layout.min.js
dist/x-tag-slidebox.min.css
dist/x-tag-slidebox.min.js
dist/x-tag-slider.min.css
dist/x-tag-slider.min.js
dist/x-tag-tabbar.min.css
dist/x-tag-tabbar.min.js
dist/x-tag-toggle.min.css
dist/x-tag-toggle.min.js
dist/x-tag-togglegroup.min.css
dist/x-tag-togglegroup.min.js
dist/x-tag-tooltip.min.css
dist/x-tag-tooltip.min.js
-----------------------------------------------------------------

Partial Cherry-pick diff pair 11 is -> 
{ a531b08056ad0381dd90e00d464712c4eb2604c9 -> cd13ce99614685d21ab9c381a545a5fc24145f86 } is a cherrypick
{ 9496259ab48dcc5f9bf23ec4ffd61847c3111e84 -> 0545f93fe441f0385ac3449ad0b812fe9df848fa }
Partial Cherry-pick commits SHA are -> 
cd13ce99614685d21ab9c381a545a5fc24145f86 - cherrypick - 0545f93fe441f0385ac3449ad0b812fe9df848fa
---> The cherrypicked commit sha is - cd13ce99614685d21ab9c381a545a5fc24145f86
Commit message - Cleanup Travis build with Grunt

- Move env vars to single matrix
- Move install steps to shell script so they appear under the same fold
---> The original commit sha is - 0545f93fe441f0385ac3449ad0b812fe9df848fa
Commit message - added dists
---> The files with partial_cherrypicks are:-
dist/x-tag-appbar.min.css
dist/x-tag-appbar.min.js
dist/x-tag-calendar.min.css
dist/x-tag-calendar.min.js
dist/x-tag-datepicker.min.css
dist/x-tag-datepicker.min.js
dist/x-tag-deck.min.css
dist/x-tag-deck.min.js
dist/x-tag-flipbox.min.css
dist/x-tag-flipbox.min.js
dist/x-tag-iconbutton.min.css
dist/x-tag-iconbutton.min.js
dist/x-tag-layout.min.css
dist/x-tag-layout.min.js
dist/x-tag-slidebox.min.css
dist/x-tag-slidebox.min.js
dist/x-tag-slider.min.css
dist/x-tag-slider.min.js
dist/x-tag-tabbar.min.css
dist/x-tag-tabbar.min.js
dist/x-tag-toggle.min.css
dist/x-tag-toggle.min.js
dist/x-tag-togglegroup.min.css
dist/x-tag-togglegroup.min.js
dist/x-tag-tooltip.min.css
dist/x-tag-tooltip.min.js
-----------------------------------------------------------------

Partial Cherry-pick diff pair 12 is -> 
{ 67f7092575074500dba113049fb4d2d1b231d6f1 -> a531b08056ad0381dd90e00d464712c4eb2604c9 } is a cherrypick
{ f347b3a4333c44cf3752047299fde17ace95c668 -> 9496259ab48dcc5f9bf23ec4ffd61847c3111e84 }
Partial Cherry-pick commits SHA are -> 
a531b08056ad0381dd90e00d464712c4eb2604c9 - cherrypick - 9496259ab48dcc5f9bf23ec4ffd61847c3111e84
---> The cherrypicked commit sha is - a531b08056ad0381dd90e00d464712c4eb2604c9
Commit message - updated x-tag-core, bumped version
---> The original commit sha is - 9496259ab48dcc5f9bf23ec4ffd61847c3111e84
Commit message - merged grunt branch
---> The files with partial_cherrypicks are:-
VERSION
dist/x-tag-appbar.min.css
dist/x-tag-appbar.min.js
dist/x-tag-calendar.min.css
dist/x-tag-calendar.min.js
dist/x-tag-datepicker.min.css
dist/x-tag-datepicker.min.js
dist/x-tag-deck.min.css
dist/x-tag-deck.min.js
dist/x-tag-flipbox.min.css
dist/x-tag-flipbox.min.js
dist/x-tag-iconbutton.min.css
dist/x-tag-iconbutton.min.js
dist/x-tag-layout.min.css
dist/x-tag-layout.min.js
dist/x-tag-slidebox.min.css
dist/x-tag-slidebox.min.js
dist/x-tag-slider.min.css
dist/x-tag-slider.min.js
dist/x-tag-tabbar.min.css
dist/x-tag-tabbar.min.js
dist/x-tag-toggle.min.css
dist/x-tag-toggle.min.js
dist/x-tag-togglegroup.min.css
dist/x-tag-togglegroup.min.js
dist/x-tag-tooltip.min.css
dist/x-tag-tooltip.min.js
test/site.js
-----------------------------------------------------------------

Partial Cherry-pick diff pair 13 is -> 
{ f6e74b4215360b625abcdf106603fc8c6020615a -> 25b9d7a0c662ca52c7f3bb9162c061fcfa6924fa } is a cherrypick
{ 0c5a3bae30cafe14a418b466218a27f8ed5ad92e -> 2b267eea9ad92359587e56b4df473229de9e27a6 }
Partial Cherry-pick commits SHA are -> 
25b9d7a0c662ca52c7f3bb9162c061fcfa6924fa - cherrypick - 2b267eea9ad92359587e56b4df473229de9e27a6
---> The cherrypicked commit sha is - 25b9d7a0c662ca52c7f3bb9162c061fcfa6924fa
Commit message - updated versions and bower.json
---> The original commit sha is - 2b267eea9ad92359587e56b4df473229de9e27a6
Commit message - Merge branch 'stylus'

Conflicts:
	dist/layout/layout.min.css
---> The files with partial_cherrypicks are:-
.bowerrc
bower.json
package.json
-----------------------------------------------------------------

Partial Cherry-pick diff pair 14 is -> 
{ 659747a389048d102956311fd0bd3761c0f33e06 -> 76ff56453cf8807b3fd6acda625402d3dd95f84f } is a cherrypick
{ ee47092e58a91cfbd5eeece7201e250b03cd3ff3 -> 6addbae9a06ddaf1f776fe0e2f756ac3af98f38d }
Partial Cherry-pick commits SHA are -> 
76ff56453cf8807b3fd6acda625402d3dd95f84f - cherrypick - 6addbae9a06ddaf1f776fe0e2f756ac3af98f38d
---> The cherrypicked commit sha is - 76ff56453cf8807b3fd6acda625402d3dd95f84f
Commit message - ported datepicker to stylus
---> The original commit sha is - 6addbae9a06ddaf1f776fe0e2f756ac3af98f38d
Commit message - Merge branch 'stylus' of github.com:mozilla/brick into stylus
---> The files with partial_cherrypicks are:-
component/datepicker/src/datepicker.css
component/datepicker/src/datepicker.styl
component/datepicker/src/scaffold.styl
component/datepicker/src/skin.styl
dist/brick.css
dist/datepicker/datepicker.min.css
-----------------------------------------------------------------

Partial Cherry-pick diff pair 15 is -> 
{ e1c25a2f8d1f4b81c376732055c99f0aeb4c7a45 -> 8e6cc689f8311106f8225705090f14f9176f54ee } is a cherrypick
{ 777f6ebace47481bf18de89b6b196a296295a591 -> 659747a389048d102956311fd0bd3761c0f33e06 }
Partial Cherry-pick commits SHA are -> 
8e6cc689f8311106f8225705090f14f9176f54ee - cherrypick - 659747a389048d102956311fd0bd3761c0f33e06
---> The cherrypicked commit sha is - 8e6cc689f8311106f8225705090f14f9176f54ee
Commit message - updated x-tag-core
---> The original commit sha is - 659747a389048d102956311fd0bd3761c0f33e06
Commit message - Merge branch 'stylus' of github.com:mozilla/brick into stylus
---> The files with partial_cherrypicks are:-
component/core/src/x-tag-core
-----------------------------------------------------------------

Partial Cherry-pick diff pair 16 is -> 
{ 79f055c5c719933d5b9e1f3e2acdd8189fd2b371 -> d1deeb444ccec96964aa5ec339fdb22d916c0574 } is a cherrypick
{ 614af5f5452844998ab8ae3e50cef41cc6cfcc05 -> 777f6ebace47481bf18de89b6b196a296295a591 }
Partial Cherry-pick commits SHA are -> 
d1deeb444ccec96964aa5ec339fdb22d916c0574 - cherrypick - 777f6ebace47481bf18de89b6b196a296295a591
---> The cherrypicked commit sha is - d1deeb444ccec96964aa5ec339fdb22d916c0574
Commit message - WIP strawman for new style system
---> The original commit sha is - 777f6ebace47481bf18de89b6b196a296295a591
Commit message - Merge branch 'stylus' of github.com:mozilla/brick into stylus

Conflicts:
	build/mixins.styl
	build/params.styl
	component/calendar/src/calendar.styl
	dist/brick.css
---> The files with partial_cherrypicks are:-
component/calendar/src/foundation.css
component/calendar/src/foundation.styl
-----------------------------------------------------------------

Partial Cherry-pick diff pair 17 is -> 
{ e1c25a2f8d1f4b81c376732055c99f0aeb4c7a45 -> 8e6cc689f8311106f8225705090f14f9176f54ee } is a cherrypick
{ 614af5f5452844998ab8ae3e50cef41cc6cfcc05 -> 777f6ebace47481bf18de89b6b196a296295a591 }
Partial Cherry-pick commits SHA are -> 
8e6cc689f8311106f8225705090f14f9176f54ee - cherrypick - 777f6ebace47481bf18de89b6b196a296295a591
---> The cherrypicked commit sha is - 8e6cc689f8311106f8225705090f14f9176f54ee
Commit message - updated x-tag-core
---> The original commit sha is - 777f6ebace47481bf18de89b6b196a296295a591
Commit message - Merge branch 'stylus' of github.com:mozilla/brick into stylus

Conflicts:
	build/mixins.styl
	build/params.styl
	component/calendar/src/calendar.styl
	dist/brick.css
---> The files with partial_cherrypicks are:-
component/calendar/src/foundation.css
component/calendar/src/foundation.styl
-----------------------------------------------------------------

Partial Cherry-pick diff pair 18 is -> 
{ b6794c1f3c648d5fe160d3066a25ba6352c13390 -> 73e349ad7004433a6584be18e661b0bf06c6405a } is a cherrypick
{ 15b3fa18aa726727a8e33ce9098ef5b69b60bec7 -> 24d3db5989aa10e120dc7d8d45373e81ee9f91bc }
Partial Cherry-pick commits SHA are -> 
73e349ad7004433a6584be18e661b0bf06c6405a - cherrypick - 24d3db5989aa10e120dc7d8d45373e81ee9f91bc
---> The cherrypicked commit sha is - 73e349ad7004433a6584be18e661b0bf06c6405a
Commit message - Update CHANGELOG
---> The original commit sha is - 24d3db5989aa10e120dc7d8d45373e81ee9f91bc
Commit message - Merge branch 'master' of github.com:mozilla/brick
---> The files with partial_cherrypicks are:-
CHANGELOG
-----------------------------------------------------------------

Partial Cherry-pick diff pair 19 is -> 
{ 34a2838658e09e49ccf3c7ed9ca44c15ccbe686d -> 965a684612618253d088cdcc41aa20c39319df1d } is a cherrypick
{ 0917efa0be0edf1a1ce266671f958c6fd5ba7a65 -> c98973dac6ff8f0e324187539c9527a4e9f2c3f8 }
Partial Cherry-pick commits SHA are -> 
965a684612618253d088cdcc41aa20c39319df1d - cherrypick - c98973dac6ff8f0e324187539c9527a4e9f2c3f8
---> The cherrypicked commit sha is - 965a684612618253d088cdcc41aa20c39319df1d
Commit message - Fix x-flipbox brackets
---> The original commit sha is - c98973dac6ff8f0e324187539c9527a4e9f2c3f8
Commit message - remove wrong url for core submodule
---> The files with partial_cherrypicks are:-
.gitmodules
component/core/src/x-tag-core
-----------------------------------------------------------------

Partial Cherry-pick diff pair 20 is -> 
{ 991f037793682d72b22664a45f7c2790ecc492a9 -> 34a2838658e09e49ccf3c7ed9ca44c15ccbe686d } is a cherrypick
{ a08b0fc408bcca755c7e441114fe9c776d879dd6 -> 17105e1455ecd570a40da755434a249c91fcc35e }
Partial Cherry-pick commits SHA are -> 
34a2838658e09e49ccf3c7ed9ca44c15ccbe686d - cherrypick - 17105e1455ecd570a40da755434a249c91fcc35e
---> The cherrypicked commit sha is - 34a2838658e09e49ccf3c7ed9ca44c15ccbe686d
Commit message - update brick to use latest xtag core
---> The original commit sha is - 17105e1455ecd570a40da755434a249c91fcc35e
Commit message - 1.0.3beta release
---> The files with partial_cherrypicks are:-
VERSION
docs.html
download.html
-----------------------------------------------------------------

Partial Cherry-pick diff pair 21 is -> 
{ e58be6bc45ebd2cdf4f285dfbd874acb01e679d1 -> 7b2bd42c3c22e5ffda21bce3fb37177214bee491 } is a cherrypick
{ 9d7ecaf8a03b5daeaa9fdc957ee6614c1dd4c1c5 -> a08b0fc408bcca755c7e441114fe9c776d879dd6 }
Partial Cherry-pick commits SHA are -> 
7b2bd42c3c22e5ffda21bce3fb37177214bee491 - cherrypick - a08b0fc408bcca755c7e441114fe9c776d879dd6
---> The cherrypicked commit sha is - 7b2bd42c3c22e5ffda21bce3fb37177214bee491
Commit message - Generate index page from template
---> The original commit sha is - a08b0fc408bcca755c7e441114fe9c776d879dd6
Commit message - Merge branch 'master' of github.com:mozilla/brick
---> The files with partial_cherrypicks are:-
component/tabbar/demo/template.html
-----------------------------------------------------------------

Partial Cherry-pick diff pair 22 is -> 
{ 7ccd254db30dedc0c5545ddbafd07e01dab01909 -> 94ed6ad93df18c4c1b3157fd6c63b2f51599a2d4 } is a cherrypick
{ 9d7ecaf8a03b5daeaa9fdc957ee6614c1dd4c1c5 -> a08b0fc408bcca755c7e441114fe9c776d879dd6 }
Partial Cherry-pick commits SHA are -> 
94ed6ad93df18c4c1b3157fd6c63b2f51599a2d4 - cherrypick - a08b0fc408bcca755c7e441114fe9c776d879dd6
---> The cherrypicked commit sha is - 94ed6ad93df18c4c1b3157fd6c63b2f51599a2d4
Commit message - Merge pull request #29 from bcbcarl/master

Fix x-flipbox brackets
---> The original commit sha is - a08b0fc408bcca755c7e441114fe9c776d879dd6
Commit message - Merge branch 'master' of github.com:mozilla/brick
---> The files with partial_cherrypicks are:-
component/tabbar/demo/index.html
component/tabbar/demo/template.html
-----------------------------------------------------------------

Partial Cherry-pick diff pair 23 is -> 
{ e58be6bc45ebd2cdf4f285dfbd874acb01e679d1 -> 7b2bd42c3c22e5ffda21bce3fb37177214bee491 } is a cherrypick
{ 4da670a0de9bde5c805275c9e91e5acdd907c5a5 -> 058824697f13707d49e7bc3883a64395f771c147 }
Partial Cherry-pick commits SHA are -> 
7b2bd42c3c22e5ffda21bce3fb37177214bee491 - cherrypick - 058824697f13707d49e7bc3883a64395f771c147
---> The cherrypicked commit sha is - 7b2bd42c3c22e5ffda21bce3fb37177214bee491
Commit message - Generate index page from template
---> The original commit sha is - 058824697f13707d49e7bc3883a64395f771c147
Commit message - Merge branch 'master' of https://github.com/mozilla/brick into quick-contributor-start
---> The files with partial_cherrypicks are:-
component/tabbar/demo/template.html
-----------------------------------------------------------------

Partial Cherry-pick diff pair 24 is -> 
{ 7ccd254db30dedc0c5545ddbafd07e01dab01909 -> 94ed6ad93df18c4c1b3157fd6c63b2f51599a2d4 } is a cherrypick
{ 4da670a0de9bde5c805275c9e91e5acdd907c5a5 -> 058824697f13707d49e7bc3883a64395f771c147 }
Partial Cherry-pick commits SHA are -> 
94ed6ad93df18c4c1b3157fd6c63b2f51599a2d4 - cherrypick - 058824697f13707d49e7bc3883a64395f771c147
---> The cherrypicked commit sha is - 94ed6ad93df18c4c1b3157fd6c63b2f51599a2d4
Commit message - Merge pull request #29 from bcbcarl/master

Fix x-flipbox brackets
---> The original commit sha is - 058824697f13707d49e7bc3883a64395f771c147
Commit message - Merge branch 'master' of https://github.com/mozilla/brick into quick-contributor-start
---> The files with partial_cherrypicks are:-
component/tabbar/demo/index.html
component/tabbar/demo/template.html
-----------------------------------------------------------------

Partial Cherry-pick diff pair 25 is -> 
{ df6608b8ad03a8e04ad6ef06711f95ef59f1846a -> d9003b955f79a9ec2306247e2248f1de1c0b6286 } is a cherrypick
{ 78955dea25520dea38bf982954add258e98190cd -> 6b01cb52a70a2a780bd39116672a72ed98f92c36 }
Partial Cherry-pick commits SHA are -> 
d9003b955f79a9ec2306247e2248f1de1c0b6286 - cherrypick - 6b01cb52a70a2a780bd39116672a72ed98f92c36
---> The cherrypicked commit sha is - d9003b955f79a9ec2306247e2248f1de1c0b6286
Commit message - added bower.json
---> The original commit sha is - 6b01cb52a70a2a780bd39116672a72ed98f92c36
Commit message - Merge pull request #23 from pennyfx/bower.json

Added bower.json
---> The files with partial_cherrypicks are:-
bower.json
-----------------------------------------------------------------

Partial Cherry-pick diff pair 26 is -> 
{ 4ac93399215c97ca5d3eec5ca9d954933010b19c -> 2a5a7397d445c063922f9c6ea34cdf566784d139 } is a cherrypick
{ 60999452674757819f5f972b8ccce2e35e764274 -> c46b9322eecfb3c4d53ba64a62512daa2a318095 }
Partial Cherry-pick commits SHA are -> 
2a5a7397d445c063922f9c6ea34cdf566784d139 - cherrypick - c46b9322eecfb3c4d53ba64a62512daa2a318095
---> The cherrypicked commit sha is - 2a5a7397d445c063922f9c6ea34cdf566784d139
Commit message - use universal pretty buttons
---> The original commit sha is - c46b9322eecfb3c4d53ba64a62512daa2a318095
Commit message - Merge branch 'master' of github.com:mozilla/brick
---> The files with partial_cherrypicks are:-
site/css/main.css
-----------------------------------------------------------------

Partial Cherry-pick diff pair 27 is -> 
{ cd1b2ad9a538988895cb4403070255758e019b3e -> 2b5e82c54513abc03cc3578fe76c5ffd87d569c2 } is a cherrypick
{ 67e3f2d347ca83bbac073de463c567dfc151637e -> 1b7a9acb51cd9775138f663df2793626a91dde0d }
Partial Cherry-pick commits SHA are -> 
2b5e82c54513abc03cc3578fe76c5ffd87d569c2 - cherrypick - 1b7a9acb51cd9775138f663df2793626a91dde0d
---> The cherrypicked commit sha is - 2b5e82c54513abc03cc3578fe76c5ffd87d569c2
Commit message - site work
---> The original commit sha is - 1b7a9acb51cd9775138f663df2793626a91dde0d
Commit message - Merge branch 'master' of github.com:mozilla/brick

Conflicts:
	docs.html
---> The files with partial_cherrypicks are:-
Makefile
VERSION
build/homepage.js
build/statictools.js
build/templates/base.html
build/templates/docs.html
index.html
site/download.html
site/index.html
-----------------------------------------------------------------

Partial Cherry-pick diff pair 28 is -> 
{ ffb87c9f903b54b5665b088ac46d2595313c4e1c -> f36305e853320785f6ef627a4c277607a873278e } is a cherrypick
{ c4808b9fe7f0268b2e00501db16292fae0ae80cf -> cd1b2ad9a538988895cb4403070255758e019b3e }
Partial Cherry-pick commits SHA are -> 
f36305e853320785f6ef627a4c277607a873278e - cherrypick - cd1b2ad9a538988895cb4403070255758e019b3e
---> The cherrypicked commit sha is - f36305e853320785f6ef627a4c277607a873278e
Commit message - site work
---> The original commit sha is - cd1b2ad9a538988895cb4403070255758e019b3e
Commit message - Merge branch 'master' of github.com:mozilla/brick

Conflicts:
	site/css/main.css
---> The files with partial_cherrypicks are:-
Makefile
build/templates/docs.html
component/deck/xtag.json
component/slider/xtag.json
component/tooltip/xtag.json
download.html
index.html
package.json
site/css/main.css
-----------------------------------------------------------------

Partial Cherry-pick diff pair 29 is -> 
{ 5f1127edae247f08528fbdb5e5cfa8d432b21731 -> 4a3d2733e1eaf67f9b44e8d724c301ad651027db } is a cherrypick
{ fad8a50241348dd48160fd164e1f332ceeded454 -> 663e5be2769bdea239b29a046ca0432cc4813b0b }
Partial Cherry-pick commits SHA are -> 
4a3d2733e1eaf67f9b44e8d724c301ad651027db - cherrypick - 663e5be2769bdea239b29a046ca0432cc4813b0b
---> The cherrypicked commit sha is - 4a3d2733e1eaf67f9b44e8d724c301ad651027db
Commit message - moved components to components/
---> The original commit sha is - 663e5be2769bdea239b29a046ca0432cc4813b0b
Commit message - fixed submodules
---> The files with partial_cherrypicks are:-
component/appbar
component/flipbox
component/layout
component/slidebox
component/toggle
modal
-----------------------------------------------------------------

Partial Cherry-pick diff pair 30 is -> 
{ 9da5fbc1eab1feef4bb348ff73f290181e264ad5 -> 0bedb9d269ca359729982d4e31fdf9cd80e83c43 } is a cherrypick
{ 2137b2cf0b5cf4b547cf7210e254bb26a1077c65 -> 23f4d6264f2b5debdc145f8efab3e3059ea56da6 }
Partial Cherry-pick commits SHA are -> 
0bedb9d269ca359729982d4e31fdf9cd80e83c43 - cherrypick - 23f4d6264f2b5debdc145f8efab3e3059ea56da6
---> The cherrypicked commit sha is - 0bedb9d269ca359729982d4e31fdf9cd80e83c43
Commit message - landing site wip
---> The original commit sha is - 23f4d6264f2b5debdc145f8efab3e3059ea56da6
Commit message - updating submodule urls to use HTTPS instead of SSH
---> The files with partial_cherrypicks are:-
.gitmodules
-----------------------------------------------------------------

Partial Cherry-pick diff pair 31 is -> 
{ 7850dee22105570d028a10c3943ad6f596586d6a -> a99ad6b722adc2212a443eea654712c011d18cfb } is a cherrypick
{ 66c18e7afe4bf3aacdef3377ebbe5956d9e5489e -> 0d7028947a43a711a250b869006660aee5752517 }
Partial Cherry-pick commits SHA are -> 
a99ad6b722adc2212a443eea654712c011d18cfb - cherrypick - 0d7028947a43a711a250b869006660aee5752517
---> The cherrypicked commit sha is - a99ad6b722adc2212a443eea654712c011d18cfb
Commit message - fixing submodules for gh-pages
---> The original commit sha is - 0d7028947a43a711a250b869006660aee5752517
Commit message - Merge branch 'master' of github.com:mozilla/app-components
---> The files with partial_cherrypicks are:-
.gitmodules
demos/basic/index.html
demos/basic/style.css
-----------------------------------------------------------------

Partial Cherry-pick diff pair 32 is -> 
{ bb0d31c648cde5331034e4718c13c3111658ed93 -> 33eff5c97abf72bff97144bccb8e0835e582a752 } is a cherrypick
{ 7850dee22105570d028a10c3943ad6f596586d6a -> a99ad6b722adc2212a443eea654712c011d18cfb }
Partial Cherry-pick commits SHA are -> 
33eff5c97abf72bff97144bccb8e0835e582a752 - cherrypick - a99ad6b722adc2212a443eea654712c011d18cfb
---> The cherrypicked commit sha is - 33eff5c97abf72bff97144bccb8e0835e582a752
Commit message - updated basic demo
---> The original commit sha is - a99ad6b722adc2212a443eea654712c011d18cfb
Commit message - fixing submodules for gh-pages
---> The files with partial_cherrypicks are:-
slider/src/slider.js
-----------------------------------------------------------------

Partial Cherry-pick diff pair 33 is -> 
{ bb0d31c648cde5331034e4718c13c3111658ed93 -> 33eff5c97abf72bff97144bccb8e0835e582a752 } is a cherrypick
{ 1171173c34f45e0ac4a3e1c2b230fa48556c8b51 -> 1cf8039e2236bb330ef4e4ae5b9554d9d20194c5 }
Partial Cherry-pick commits SHA are -> 
33eff5c97abf72bff97144bccb8e0835e582a752 - cherrypick - 1cf8039e2236bb330ef4e4ae5b9554d9d20194c5
---> The cherrypicked commit sha is - 33eff5c97abf72bff97144bccb8e0835e582a752
Commit message - updated basic demo
---> The original commit sha is - 1cf8039e2236bb330ef4e4ae5b9554d9d20194c5
Commit message - update to working appbar
---> The files with partial_cherrypicks are:-
slider/src/slider.js
-----------------------------------------------------------------

Partial Cherry-pick diff pair 34 is -> 
{ 721635314879e2a8a77c086b30c3fe8057309ed6 -> 8c49d11703f425aed41235534d5805f1a3c61e84 } is a cherrypick
{ 181dd59b760db107bac042e66ae76461df418541 -> 837da2f3f8026ec5a46b62b2d303ed33f251edcd }
Partial Cherry-pick commits SHA are -> 
8c49d11703f425aed41235534d5805f1a3c61e84 - cherrypick - 837da2f3f8026ec5a46b62b2d303ed33f251edcd
---> The cherrypicked commit sha is - 8c49d11703f425aed41235534d5805f1a3c61e84
Commit message - basic demo updates
---> The original commit sha is - 837da2f3f8026ec5a46b62b2d303ed33f251edcd
Commit message - Merge branch 'master' of github.com:mozilla/app-components
---> The files with partial_cherrypicks are:-
demos/basic/app.js
demos/basic/index.html
tabbar/src/tabbar.js
-----------------------------------------------------------------

Partial Cherry-pick diff pair 35 is -> 
{ d5732db13f6850a73dc167d74df29cfdc533a5f5 -> 4bd2879ea585448454d064a82fa5c304dc2f2d0d } is a cherrypick
{ 5b0ec89c0d1dea69e5ba42c4f4239bcaea051c30 -> 87b5bba9226c70942ec5d69426b4d245488721a4 }
Partial Cherry-pick commits SHA are -> 
4bd2879ea585448454d064a82fa5c304dc2f2d0d - cherrypick - 87b5bba9226c70942ec5d69426b4d245488721a4
---> The cherrypicked commit sha is - 4bd2879ea585448454d064a82fa5c304dc2f2d0d
Commit message - add composed demos for UX skinning
---> The original commit sha is - 87b5bba9226c70942ec5d69426b4d245488721a4
Commit message - Merge branch 'master' of github.com:mozilla/app-components
---> The files with partial_cherrypicks are:-
demos/basic/index.html
demos/basic/manifest.webapp
-----------------------------------------------------------------

