# of cherry-picks = 14
Cherry-pick diff pair 1 is -> 
{ 73fc65687622c6b0c72fc75fa4a8ac10275ac96a -> b6eb3fc353098182df78d8f30f08f9c6ef34cec9 } is a cherrypick
{ a98e1a033eb38191787495a949dc817347314a8d -> 37db2f0c5b6605e5619a914d0af4d7de483c34e2 }
Cherrypick commits SHA are -> 
b6eb3fc353098182df78d8f30f08f9c6ef34cec9 - cherrypick - 37db2f0c5b6605e5619a914d0af4d7de483c34e2
---> The cherrypicked commit sha is - b6eb3fc353098182df78d8f30f08f9c6ef34cec9
Commit message - added CONTRIBUTING file
---> The original commit sha is - 37db2f0c5b6605e5619a914d0af4d7de483c34e2
Commit message - Merge branch 'master' of https://github.com/mozbrick/brick
-----------------------------------------------------------------

Cherry-pick diff pair 2 is -> 
{ a423a1b695205abc64620639debeeeb25090bc48 -> 0da7ccf82cb65b6f3b971a7c98ee0c3610de1933 } is a cherrypick
{ 97c35d1cc72cf71b409d9221531094d1ee61f8fc -> 198f174452a0b947bef57dfd0cd796e04ec20250 }
Cherrypick commits SHA are -> 
0da7ccf82cb65b6f3b971a7c98ee0c3610de1933 - cherrypick - 198f174452a0b947bef57dfd0cd796e04ec20250
---> The cherrypicked commit sha is - 0da7ccf82cb65b6f3b971a7c98ee0c3610de1933
Commit message - Fixed bug in build system
---> The original commit sha is - 198f174452a0b947bef57dfd0cd796e04ec20250
Commit message - Merge pull request #147 from pennyfx/dep-fxi2

Fixed bug in build system
-----------------------------------------------------------------

Cherry-pick diff pair 3 is -> 
{ 11ec7536f5f06961d1b8bb522dd921f066659235 -> b90cc0d69a6f6f646258afec5ec7e63752c2ee0b } is a cherrypick
{ b10dcd07b5134aa19c148d010132de1cf4939df6 -> f896b80a8de296dbd89c08cc407ba8e85ba20275 }
Cherrypick commits SHA are -> 
b90cc0d69a6f6f646258afec5ec7e63752c2ee0b - cherrypick - f896b80a8de296dbd89c08cc407ba8e85ba20275
---> The cherrypicked commit sha is - b90cc0d69a6f6f646258afec5ec7e63752c2ee0b
Commit message - Use 0.9.3 x-tag-core
---> The original commit sha is - f896b80a8de296dbd89c08cc407ba8e85ba20275
Commit message - Merge branch 'master' of github.com:mozilla/brick
-----------------------------------------------------------------

Cherry-pick diff pair 4 is -> 
{ f991d44ebeccb2e0157bda0c1078af348f1ee983 -> 6150939b88e836bb08eacaf0711ba0be5d48997b } is a cherrypick
{ 87a4a8490f566483cf79750d8cdb825592bfc597 -> 8ab1d9dafb06a87777669625a81bc1c192354292 }
Cherrypick commits SHA are -> 
6150939b88e836bb08eacaf0711ba0be5d48997b - cherrypick - 8ab1d9dafb06a87777669625a81bc1c192354292
---> The cherrypicked commit sha is - 6150939b88e836bb08eacaf0711ba0be5d48997b
Commit message - update with unminified files
---> The original commit sha is - 8ab1d9dafb06a87777669625a81bc1c192354292
Commit message - Merge branch 'master' of github.com:mozilla/brick
-----------------------------------------------------------------

Cherry-pick diff pair 5 is -> 
{ 63490129a1a0eaea8cbea5b8f53029964a7e8c9b -> 4c7e2a962066cfa3a047e0d15f7c20f1d6769526 } is a cherrypick
{ f9c3ac12b64c604a7e8bff26b4e2a128875f5e45 -> a8110c4ebf0d0bcd770353c2e59d711e742ff514 }
Cherrypick commits SHA are -> 
4c7e2a962066cfa3a047e0d15f7c20f1d6769526 - cherrypick - a8110c4ebf0d0bcd770353c2e59d711e742ff514
---> The cherrypicked commit sha is - 4c7e2a962066cfa3a047e0d15f7c20f1d6769526
Commit message - fix up travis
---> The original commit sha is - a8110c4ebf0d0bcd770353c2e59d711e742ff514
Commit message - fix travis file for testing
-----------------------------------------------------------------

Cherry-pick diff pair 6 is -> 
{ 4da670a0de9bde5c805275c9e91e5acdd907c5a5 -> 058824697f13707d49e7bc3883a64395f771c147 } is a cherrypick
{ 9d7ecaf8a03b5daeaa9fdc957ee6614c1dd4c1c5 -> a08b0fc408bcca755c7e441114fe9c776d879dd6 }
Cherrypick commits SHA are -> 
058824697f13707d49e7bc3883a64395f771c147 - cherrypick - a08b0fc408bcca755c7e441114fe9c776d879dd6
---> The cherrypicked commit sha is - 058824697f13707d49e7bc3883a64395f771c147
Commit message - Merge branch 'master' of https://github.com/mozilla/brick into quick-contributor-start
---> The original commit sha is - a08b0fc408bcca755c7e441114fe9c776d879dd6
Commit message - Merge branch 'master' of github.com:mozilla/brick
-----------------------------------------------------------------

Cherry-pick diff pair 7 is -> 
{ 67c6a5ad6e8d08790039df4af34311a20a257e13 -> 00417c57451f72c18aa515b06577e9f5e8bc51d3 } is a cherrypick
{ 97b674491e82a02fee551b7efd581562876f3eea -> abadfc0f606fe1a7c5d66de8bcfb4a472b05e822 }
Cherrypick commits SHA are -> 
00417c57451f72c18aa515b06577e9f5e8bc51d3 - cherrypick - abadfc0f606fe1a7c5d66de8bcfb4a472b05e822
---> The cherrypicked commit sha is - 00417c57451f72c18aa515b06577e9f5e8bc51d3
Commit message - fix byob resource paths
---> The original commit sha is - abadfc0f606fe1a7c5d66de8bcfb4a472b05e822
Commit message - Merge branch 'master' of github.com:mozilla/brick into gh-pages
-----------------------------------------------------------------

Cherry-pick diff pair 8 is -> 
{ c76d94baeeaa43516295444598b603c4e470086f -> bbec91d32f0a4028d8fec695d74605d9a5c28a7b } is a cherrypick
{ 593871f803f3e4e51641f6e795b12d68c88df6e3 -> 9b82cc070336dbb880ab6180dab2637890f73539 }
Cherrypick commits SHA are -> 
bbec91d32f0a4028d8fec695d74605d9a5c28a7b - cherrypick - 9b82cc070336dbb880ab6180dab2637890f73539
---> The cherrypicked commit sha is - bbec91d32f0a4028d8fec695d74605d9a5c28a7b
Commit message - Add LICENSE File

Historically, it's been a pain to use MPL on projects due to a per-file header requirement. However, I noticed this clause in the license (emphasis mine):

> If it is not possible or **desirable** to put the notice in a 
> particular file, then You may include the notice in a location 
> (such as a LICENSE file in a relevant directory) where a recipient 
> would be likely to look for such a notice.

As I find this requirement to be undesirable, thus we are placing the notice in this file.
---> The original commit sha is - 9b82cc070336dbb880ab6180dab2637890f73539
Commit message - Merge branch 'master' of github.com:mozilla/app-components
-----------------------------------------------------------------

Cherry-pick diff pair 9 is -> 
{ 32e289fc6838ed1c516ccf051721a0eaa9d50082 -> b47a575321bcbcbac2905ca56c6f18315b6a690d } is a cherrypick
{ 2de1b98cbe344c295f05ded469fa34e627b04c7c -> d001f5a3d969d8fd152e523df5e4e375051496cb }
Cherrypick commits SHA are -> 
b47a575321bcbcbac2905ca56c6f18315b6a690d - cherrypick - d001f5a3d969d8fd152e523df5e4e375051496cb
---> The cherrypicked commit sha is - b47a575321bcbcbac2905ca56c6f18315b6a690d
Commit message - only iframe src-ed demos
---> The original commit sha is - d001f5a3d969d8fd152e523df5e4e375051496cb
Commit message - Merge branch 'master' of github.com:mozilla/app-components
-----------------------------------------------------------------

Cherry-pick diff pair 10 is -> 
{ fb0e61e550d94259534fc50e240471c4a69d93ac -> 6f69e38b09e51adcf6e10ca0a7f5ce9b7d32b5b6 } is a cherrypick
{ 5cbac4412055ddf06ad2cb7b39b62a00f9f20945 -> 32e289fc6838ed1c516ccf051721a0eaa9d50082 }
Cherrypick commits SHA are -> 
6f69e38b09e51adcf6e10ca0a7f5ce9b7d32b5b6 - cherrypick - 32e289fc6838ed1c516ccf051721a0eaa9d50082
---> The cherrypicked commit sha is - 6f69e38b09e51adcf6e10ca0a7f5ce9b7d32b5b6
Commit message - landing site wip
---> The original commit sha is - 32e289fc6838ed1c516ccf051721a0eaa9d50082
Commit message - Merge branch 'master' of github.com:mozilla/app-components

Conflicts:
	dist/brick.css
	dist/brick.js
-----------------------------------------------------------------

Cherry-pick diff pair 11 is -> 
{ 50ff019f110211795dc8289e796c4dfe94c6f4c2 -> bb0d31c648cde5331034e4718c13c3111658ed93 } is a cherrypick
{ 1cf8039e2236bb330ef4e4ae5b9554d9d20194c5 -> 7850dee22105570d028a10c3943ad6f596586d6a }
Cherrypick commits SHA are -> 
bb0d31c648cde5331034e4718c13c3111658ed93 - cherrypick - 7850dee22105570d028a10c3943ad6f596586d6a
---> The cherrypicked commit sha is - bb0d31c648cde5331034e4718c13c3111658ed93
Commit message - Slider: renaming default val function
---> The original commit sha is - 7850dee22105570d028a10c3943ad6f596586d6a
Commit message - Merge branch 'master' of github.com:mozilla/app-components
-----------------------------------------------------------------

Cherry-pick diff pair 12 is -> 
{ 06f12d65b2c66fff6f73c800aee39a13b00da9a1 -> 1171173c34f45e0ac4a3e1c2b230fa48556c8b51 } is a cherrypick
{ 1cf8039e2236bb330ef4e4ae5b9554d9d20194c5 -> 7850dee22105570d028a10c3943ad6f596586d6a }
Cherrypick commits SHA are -> 
1171173c34f45e0ac4a3e1c2b230fa48556c8b51 - cherrypick - 7850dee22105570d028a10c3943ad6f596586d6a
---> The cherrypicked commit sha is - 1171173c34f45e0ac4a3e1c2b230fa48556c8b51
Commit message - Merge branch 'master' of github.com:mozilla/app-components
---> The original commit sha is - 7850dee22105570d028a10c3943ad6f596586d6a
Commit message - Merge branch 'master' of github.com:mozilla/app-components
-----------------------------------------------------------------

Cherry-pick diff pair 13 is -> 
{ 50ff019f110211795dc8289e796c4dfe94c6f4c2 -> bb0d31c648cde5331034e4718c13c3111658ed93 } is a cherrypick
{ 06f12d65b2c66fff6f73c800aee39a13b00da9a1 -> 1171173c34f45e0ac4a3e1c2b230fa48556c8b51 }
Cherrypick commits SHA are -> 
bb0d31c648cde5331034e4718c13c3111658ed93 - cherrypick - 1171173c34f45e0ac4a3e1c2b230fa48556c8b51
---> The cherrypicked commit sha is - bb0d31c648cde5331034e4718c13c3111658ed93
Commit message - Slider: renaming default val function
---> The original commit sha is - 1171173c34f45e0ac4a3e1c2b230fa48556c8b51
Commit message - Merge branch 'master' of github.com:mozilla/app-components
-----------------------------------------------------------------

Cherry-pick diff pair 14 is -> 
{ 26444d3b857191f4ef22532942d5d7a37f8a6f7a -> c14a23093b56c391b86e7f1d769809908470da6c } is a cherrypick
{ 6c015e28183b2c8aea85655c59a6d5881734257d -> 5baeb1e0ac45c115f77e6a393246e6b0aeabe067 }
Cherrypick commits SHA are -> 
c14a23093b56c391b86e7f1d769809908470da6c - cherrypick - 5baeb1e0ac45c115f77e6a393246e6b0aeabe067
---> The cherrypicked commit sha is - c14a23093b56c391b86e7f1d769809908470da6c
Commit message - added view submodule
---> The original commit sha is - 5baeb1e0ac45c115f77e6a393246e6b0aeabe067
Commit message - Merge branch 'master' of https://github.com/mozilla/app-components
-----------------------------------------------------------------

