# of partial reverts = 55
Partial Revert diff pair 1 is -> 
{ 0d683b2abfa1a744587789e2a9792f00f8d99aa7 -> 70a2033754c4f8ded717d8b304ca58f81ab2d377 } is a revert
{ 70a2033754c4f8ded717d8b304ca58f81ab2d377 -> 15c0f1c57b3654f551b7ee44b7a38a3dd9fbe178 }
Partial Revert commits SHA are -> 
70a2033754c4f8ded717d8b304ca58f81ab2d377 - revert - 15c0f1c57b3654f551b7ee44b7a38a3dd9fbe178
---> The reverted commit sha is - 70a2033754c4f8ded717d8b304ca58f81ab2d377
Commit message - new form version
---> The original commit sha is - 15c0f1c57b3654f551b7ee44b7a38a3dd9fbe178
Commit message - Merge pull request #252 from dotch/master

new form version
---> The files with partial_reverts are:-
README.md
bower.json
dist/brick-dialog/dist/brick-dialog.html
dist/brick-dialog/dist/brick-dialog.js
dist/brick.html
test/browser.js
-----------------------------------------------------------------

Partial Revert diff pair 2 is -> 
{ e5963b580863bf20bb1104c69714e9008c2f7ca4 -> a98e1a033eb38191787495a949dc817347314a8d } is a revert
{ a98e1a033eb38191787495a949dc817347314a8d -> 37db2f0c5b6605e5619a914d0af4d7de483c34e2 }
Partial Revert commits SHA are -> 
a98e1a033eb38191787495a949dc817347314a8d - revert - 37db2f0c5b6605e5619a914d0af4d7de483c34e2
---> The reverted commit sha is - a98e1a033eb38191787495a949dc817347314a8d
Commit message - component updates
---> The original commit sha is - 37db2f0c5b6605e5619a914d0af4d7de483c34e2
Commit message - Merge branch 'master' of https://github.com/mozbrick/brick
---> The files with partial_reverts are:-
CONTRIBUTING.md
-----------------------------------------------------------------

Partial Revert diff pair 3 is -> 
{ 3d390565087db9cf3362746153142d32971dd12a -> 09478166f1dfa8736149b1443cc1fc17eceffb0e } is a revert
{ 09478166f1dfa8736149b1443cc1fc17eceffb0e -> 0074cc695791b61c77431bc3d5be8f147145199d }
Partial Revert commits SHA are -> 
09478166f1dfa8736149b1443cc1fc17eceffb0e - revert - 0074cc695791b61c77431bc3d5be8f147145199d
---> The reverted commit sha is - 09478166f1dfa8736149b1443cc1fc17eceffb0e
Commit message - updated components, added layout examples
---> The original commit sha is - 0074cc695791b61c77431bc3d5be8f147145199d
Commit message - removed example dir
---> The files with partial_reverts are:-
examples/brick-layout/drawer.html
examples/brick-layout/tabs.html
-----------------------------------------------------------------

Partial Revert diff pair 4 is -> 
{ 26a40a694f7ea016ee362ffc61118b2c4b84acda -> daddbdb90a2c9f4f156d6029ea80d159d6ae3bbd } is a revert
{ daddbdb90a2c9f4f156d6029ea80d159d6ae3bbd -> 933436668d90adb416224b9c2016d95b6b5df734 }
Partial Revert commits SHA are -> 
daddbdb90a2c9f4f156d6029ea80d159d6ae3bbd - revert - 933436668d90adb416224b9c2016d95b6b5df734
---> The reverted commit sha is - daddbdb90a2c9f4f156d6029ea80d159d6ae3bbd
Commit message - checkpoint
---> The original commit sha is - 933436668d90adb416224b9c2016d95b6b5df734
Commit message - updated logo
---> The files with partial_reverts are:-
assets/logo2.svg
-----------------------------------------------------------------

Partial Revert diff pair 5 is -> 
{ 19f78bc34379f5bb65f04a58040e30f19c6be807 -> 84eabacf1ebd158eb9d9b09aa883d12c225fdb2f } is a revert
{ 1cf0d251d1a9379bde6b62f9b69e06f5c08114d5 -> b32e804a269654911c0d7a5663d8e7affda4b81a }
Partial Revert commits SHA are -> 
84eabacf1ebd158eb9d9b09aa883d12c225fdb2f - revert - b32e804a269654911c0d7a5663d8e7affda4b81a
---> The reverted commit sha is - 84eabacf1ebd158eb9d9b09aa883d12c225fdb2f
Commit message - Add newline to base.html
---> The original commit sha is - b32e804a269654911c0d7a5663d8e7affda4b81a
Commit message - Merge pull request #160 from rodms10/master

Fixing byob TypeError: Constructor TextEncoder requires 'new'
---> The files with partial_reverts are:-
site/js/jszip.js
-----------------------------------------------------------------

Partial Revert diff pair 6 is -> 
{ 6368c3ef9b7084014d0bfb39ffa223eaf530e264 -> 6414fc9d90639ba52a38206472da9906bfb7c47f } is a revert
{ 7bd09d1d9e7c0dfb1913c22715551e94014ba33a -> 0d98237e10011710d901108cafe1c14d446a7659 }
Partial Revert commits SHA are -> 
6414fc9d90639ba52a38206472da9906bfb7c47f - revert - 0d98237e10011710d901108cafe1c14d446a7659
---> The reverted commit sha is - 6414fc9d90639ba52a38206472da9906bfb7c47f
Commit message - Remove hand unicode
---> The original commit sha is - 0d98237e10011710d901108cafe1c14d446a7659
Commit message - Merge pull request #151 from mozilla/new-coat-of-paint

@tofumatt rocks.
---> The files with partial_reverts are:-
CONTRIBUTING.md
-----------------------------------------------------------------

Partial Revert diff pair 7 is -> 
{ 9c313aeae6a3cf8bb11b0834ec2e8f3708031424 -> ef6a9ad1d8f4424c7c035d736ed08c671281d7f8 } is a revert
{ 7bd09d1d9e7c0dfb1913c22715551e94014ba33a -> 0d98237e10011710d901108cafe1c14d446a7659 }
Partial Revert commits SHA are -> 
ef6a9ad1d8f4424c7c035d736ed08c671281d7f8 - revert - 0d98237e10011710d901108cafe1c14d446a7659
---> The reverted commit sha is - ef6a9ad1d8f4424c7c035d736ed08c671281d7f8
Commit message - Fix grid issues reported by @sole
---> The original commit sha is - 0d98237e10011710d901108cafe1c14d446a7659
Commit message - Merge pull request #151 from mozilla/new-coat-of-paint

@tofumatt rocks.
---> The files with partial_reverts are:-
CONTRIBUTING.md
-----------------------------------------------------------------

Partial Revert diff pair 8 is -> 
{ 19f78bc34379f5bb65f04a58040e30f19c6be807 -> 84eabacf1ebd158eb9d9b09aa883d12c225fdb2f } is a revert
{ 7bd09d1d9e7c0dfb1913c22715551e94014ba33a -> 0d98237e10011710d901108cafe1c14d446a7659 }
Partial Revert commits SHA are -> 
84eabacf1ebd158eb9d9b09aa883d12c225fdb2f - revert - 0d98237e10011710d901108cafe1c14d446a7659
---> The reverted commit sha is - 84eabacf1ebd158eb9d9b09aa883d12c225fdb2f
Commit message - Add newline to base.html
---> The original commit sha is - 0d98237e10011710d901108cafe1c14d446a7659
Commit message - Merge pull request #151 from mozilla/new-coat-of-paint

@tofumatt rocks.
---> The files with partial_reverts are:-
CONTRIBUTING.md
-----------------------------------------------------------------

Partial Revert diff pair 9 is -> 
{ f5d4425b285fa7033b4947c6a30903de687284c5 -> 9c313aeae6a3cf8bb11b0834ec2e8f3708031424 } is a revert
{ 9c313aeae6a3cf8bb11b0834ec2e8f3708031424 -> ef6a9ad1d8f4424c7c035d736ed08c671281d7f8 }
Partial Revert commits SHA are -> 
9c313aeae6a3cf8bb11b0834ec2e8f3708031424 - revert - ef6a9ad1d8f4424c7c035d736ed08c671281d7f8
---> The reverted commit sha is - 9c313aeae6a3cf8bb11b0834ec2e8f3708031424
Commit message - Merge pull request #156 from ScottMichaud/LightChanges

Created CONTIBUTING.md
---> The original commit sha is - ef6a9ad1d8f4424c7c035d736ed08c671281d7f8
Commit message - Fix grid issues reported by @sole
---> The files with partial_reverts are:-
CONTRIBUTING.md
demos/x-tag-appbar/index.html
demos/x-tag-calendar/index.html
demos/x-tag-deck/index.html
demos/x-tag-flipbox/demo.css
demos/x-tag-flipbox/index.html
demos/x-tag-layout/index.html
demos/x-tag-slider/index.html
demos/x-tag-tabbar/index.html
demos/x-tag-toggle/index.html
docs.html
download.html
index.html
site/js/demo-page-helpers.js
-----------------------------------------------------------------

Partial Revert diff pair 10 is -> 
{ 6fcbfdd9e24be182e36bccbc1d49ab405f24a9af -> 6368c3ef9b7084014d0bfb39ffa223eaf530e264 } is a revert
{ 6368c3ef9b7084014d0bfb39ffa223eaf530e264 -> 6414fc9d90639ba52a38206472da9906bfb7c47f }
Partial Revert commits SHA are -> 
6368c3ef9b7084014d0bfb39ffa223eaf530e264 - revert - 6414fc9d90639ba52a38206472da9906bfb7c47f
---> The reverted commit sha is - 6368c3ef9b7084014d0bfb39ffa223eaf530e264
Commit message - Created CONTIBUTING.md

Did a simple placeholder CONTRIBUTING.md to expand upon later.
---> The original commit sha is - 6414fc9d90639ba52a38206472da9906bfb7c47f
Commit message - Remove hand unicode
---> The files with partial_reverts are:-
CONTRIBUTING.md
demos/x-tag-appbar/index.html
demos/x-tag-calendar/index.html
demos/x-tag-deck/index.html
demos/x-tag-flipbox/index.html
demos/x-tag-layout/index.html
demos/x-tag-slider/index.html
demos/x-tag-tabbar/index.html
demos/x-tag-toggle/index.html
docs.html
download.html
index.html
site/css/main.css
site/js/demo-page-helpers.js
-----------------------------------------------------------------

Partial Revert diff pair 11 is -> 
{ 0da7ccf82cb65b6f3b971a7c98ee0c3610de1933 -> feaf83e29bdd591d800043180d9833d26f7d1cfa } is a revert
{ 97c35d1cc72cf71b409d9221531094d1ee61f8fc -> 198f174452a0b947bef57dfd0cd796e04ec20250 }
Partial Revert commits SHA are -> 
feaf83e29bdd591d800043180d9833d26f7d1cfa - revert - 198f174452a0b947bef57dfd0cd796e04ec20250
---> The reverted commit sha is - feaf83e29bdd591d800043180d9833d26f7d1cfa
Commit message - Tidy README (better text formatting & structure)

Fix #148
---> The original commit sha is - 198f174452a0b947bef57dfd0cd796e04ec20250
Commit message - Merge pull request #147 from pennyfx/dep-fxi2

Fixed bug in build system
---> The files with partial_reverts are:-
build/statictools.js
tasks/build.js
tasks/grunt-cloneRepos.js
-----------------------------------------------------------------

Partial Revert diff pair 12 is -> 
{ 5544a91ece9a5ad0b7134173e159094f891a30af -> 4311bc0d47bb636dfc3e27ad5cdf06ba94400e66 } is a revert
{ 4311bc0d47bb636dfc3e27ad5cdf06ba94400e66 -> 97c35d1cc72cf71b409d9221531094d1ee61f8fc }
Partial Revert commits SHA are -> 
4311bc0d47bb636dfc3e27ad5cdf06ba94400e66 - revert - 97c35d1cc72cf71b409d9221531094d1ee61f8fc
---> The reverted commit sha is - 4311bc0d47bb636dfc3e27ad5cdf06ba94400e66
Commit message - Remove sections as instructed by @potch

https://github.com/mozilla/brick/commit/feaf83e29bdd591d800043180d9833d26f7d1cfa#commitcomment-5746372
---> The original commit sha is - 97c35d1cc72cf71b409d9221531094d1ee61f8fc
Commit message - Merge pull request #149 from mozilla/readme-copywriting

Tidy README (better text formatting & structure)
---> The files with partial_reverts are:-
index.html
-----------------------------------------------------------------

Partial Revert diff pair 13 is -> 
{ 87185cdb349995f1a7b2115e9d2d3bba7abecca0 -> 42c278b6e444d43001e7d2a20cad8c1cde20a733 } is a revert
{ 5544a91ece9a5ad0b7134173e159094f891a30af -> 4311bc0d47bb636dfc3e27ad5cdf06ba94400e66 }
Partial Revert commits SHA are -> 
42c278b6e444d43001e7d2a20cad8c1cde20a733 - revert - 4311bc0d47bb636dfc3e27ad5cdf06ba94400e66
---> The reverted commit sha is - 42c278b6e444d43001e7d2a20cad8c1cde20a733
Commit message - "Brick is in perpetual beta" (close #136)
---> The original commit sha is - 4311bc0d47bb636dfc3e27ad5cdf06ba94400e66
Commit message - Remove sections as instructed by @potch

https://github.com/mozilla/brick/commit/feaf83e29bdd591d800043180d9833d26f7d1cfa#commitcomment-5746372
---> The files with partial_reverts are:-
index.html
-----------------------------------------------------------------

Partial Revert diff pair 14 is -> 
{ 385bddb890f5e3797db303c0e6d81ee489b1954a -> 6018e0837561a6e473000f10f24f5eccba045002 } is a revert
{ 6018e0837561a6e473000f10f24f5eccba045002 -> 3e4e61da4455bf8940302be29d7879130abcb693 }
Partial Revert commits SHA are -> 
6018e0837561a6e473000f10f24f5eccba045002 - revert - 3e4e61da4455bf8940302be29d7879130abcb693
---> The reverted commit sha is - 6018e0837561a6e473000f10f24f5eccba045002
Commit message - fixed dependencies to use bower dependency tree
updated download page
replaced grunt build-dev with grunt build --dev
---> The original commit sha is - 3e4e61da4455bf8940302be29d7879130abcb693
Commit message - reverted components.json file
---> The files with partial_reverts are:-
build/components.json
-----------------------------------------------------------------

Partial Revert diff pair 15 is -> 
{ b90cc0d69a6f6f646258afec5ec7e63752c2ee0b -> b10dcd07b5134aa19c148d010132de1cf4939df6 } is a revert
{ b10dcd07b5134aa19c148d010132de1cf4939df6 -> f896b80a8de296dbd89c08cc407ba8e85ba20275 }
Partial Revert commits SHA are -> 
b10dcd07b5134aa19c148d010132de1cf4939df6 - revert - f896b80a8de296dbd89c08cc407ba8e85ba20275
---> The reverted commit sha is - b10dcd07b5134aa19c148d010132de1cf4939df6
Commit message - updated downloader to handle 404s better
---> The original commit sha is - f896b80a8de296dbd89c08cc407ba8e85ba20275
Commit message - Merge branch 'master' of github.com:mozilla/brick
---> The files with partial_reverts are:-
bower.json
-----------------------------------------------------------------

Partial Revert diff pair 16 is -> 
{ 2dc1c6c1940c0890b9c6f3be6e93ae8b3fc36e1e -> 89e0824e1ed113e8d48653903b320e5d2424e28a } is a revert
{ 89e0824e1ed113e8d48653903b320e5d2424e28a -> aa643465e898a060b7313c82a3435dd39bc66c1d }
Partial Revert commits SHA are -> 
89e0824e1ed113e8d48653903b320e5d2424e28a - revert - aa643465e898a060b7313c82a3435dd39bc66c1d
---> The reverted commit sha is - 89e0824e1ed113e8d48653903b320e5d2424e28a
Commit message - added x-shiftbox (hamburger menu)
---> The original commit sha is - aa643465e898a060b7313c82a3435dd39bc66c1d
Commit message - removed shiftbox from 1.0 release
---> The files with partial_reverts are:-
build/components.json
dist/brick.css
dist/brick.js
dist/brick.min.css
dist/brick.min.js
dist/x-tag-shiftbox.css
dist/x-tag-shiftbox.js
dist/x-tag-shiftbox.min.css
dist/x-tag-shiftbox.min.js
-----------------------------------------------------------------

Partial Revert diff pair 17 is -> 
{ 6150939b88e836bb08eacaf0711ba0be5d48997b -> 87a4a8490f566483cf79750d8cdb825592bfc597 } is a revert
{ 87a4a8490f566483cf79750d8cdb825592bfc597 -> 8ab1d9dafb06a87777669625a81bc1c192354292 }
Partial Revert commits SHA are -> 
87a4a8490f566483cf79750d8cdb825592bfc597 - revert - 8ab1d9dafb06a87777669625a81bc1c192354292
---> The reverted commit sha is - 87a4a8490f566483cf79750d8cdb825592bfc597
Commit message - added minify option to Brick download page
---> The original commit sha is - 8ab1d9dafb06a87777669625a81bc1c192354292
Commit message - Merge branch 'master' of github.com:mozilla/brick
---> The files with partial_reverts are:-
dist/brick.css
dist/brick.js
dist/brick.min.css
dist/brick.min.js
dist/x-tag-appbar.css
dist/x-tag-appbar.js
dist/x-tag-appbar.min.css
dist/x-tag-appbar.min.js
dist/x-tag-calendar.css
dist/x-tag-calendar.js
dist/x-tag-calendar.min.css
dist/x-tag-deck.css
dist/x-tag-deck.js
dist/x-tag-deck.min.css
dist/x-tag-flipbox.css
dist/x-tag-flipbox.js
dist/x-tag-layout.css
dist/x-tag-layout.js
dist/x-tag-layout.min.css
dist/x-tag-slidebox.css
dist/x-tag-slidebox.js
dist/x-tag-slidebox.min.css
dist/x-tag-slider.css
dist/x-tag-slider.js
dist/x-tag-slider.min.css
dist/x-tag-tabbar.css
dist/x-tag-tabbar.js
dist/x-tag-tabbar.min.css
dist/x-tag-toggle.css
dist/x-tag-toggle.js
dist/x-tag-toggle.min.css
dist/x-tag-tooltip.css
dist/x-tag-tooltip.js
dist/x-tag-tooltip.min.css
-----------------------------------------------------------------

Partial Revert diff pair 18 is -> 
{ efc6d8eba65459b8111e2a251422fd6e45e88235 -> 7aa69f22bdac6ef0cf076561060af0ece59b9130 } is a revert
{ 7aa69f22bdac6ef0cf076561060af0ece59b9130 -> f991d44ebeccb2e0157bda0c1078af348f1ee983 }
Partial Revert commits SHA are -> 
7aa69f22bdac6ef0cf076561060af0ece59b9130 - revert - f991d44ebeccb2e0157bda0c1078af348f1ee983
---> The reverted commit sha is - 7aa69f22bdac6ef0cf076561060af0ece59b9130
Commit message - build creates unminified and minified js and css files
---> The original commit sha is - f991d44ebeccb2e0157bda0c1078af348f1ee983
Commit message - Merge branch 'master' of github.com:mozilla/brick
---> The files with partial_reverts are:-
CHANGELOG
LICENSE
VERSION
bower.json
build/components.json
build/minify.js
dist/brick.css
dist/brick.js
dist/x-tag-calendar.min.js
dist/x-tag-core.min.js
package.json
-----------------------------------------------------------------

Partial Revert diff pair 19 is -> 
{ 05c7b7818c48322e0e4d394825259cfe963f8c27 -> e207ce4cb716c72a3240d0be0599709f676a0780 } is a revert
{ 23497ef23530cf24c1eefa5aa38ca0d7e7e29e6c -> b7aedcacd3a2798d6fdb0d280285e1c6c8be2326 }
Partial Revert commits SHA are -> 
e207ce4cb716c72a3240d0be0599709f676a0780 - revert - b7aedcacd3a2798d6fdb0d280285e1c6c8be2326
---> The reverted commit sha is - e207ce4cb716c72a3240d0be0599709f676a0780
Commit message - restructured components.json and updated build tasks to use new format
---> The original commit sha is - b7aedcacd3a2798d6fdb0d280285e1c6c8be2326
Commit message - merged
---> The files with partial_reverts are:-
dist/brick.js
dist/x-tag-calendar.min.css
dist/x-tag-datepicker.min.css
dist/x-tag-iconbutton.min.css
dist/x-tag-layout.min.css
dist/x-tag-slidebox.min.css
dist/x-tag-slidebox.min.js
dist/x-tag-slider.min.css
dist/x-tag-tabbar.min.css
dist/x-tag-toggle.min.css
dist/x-tag-togglegroup.min.css
dist/x-tag-tooltip.min.css
-----------------------------------------------------------------

Partial Revert diff pair 20 is -> 
{ 05c7b7818c48322e0e4d394825259cfe963f8c27 -> e207ce4cb716c72a3240d0be0599709f676a0780 } is a revert
{ e207ce4cb716c72a3240d0be0599709f676a0780 -> 127c7fe67a172a6bb42f0550d82b2744b752506a }
Partial Revert commits SHA are -> 
e207ce4cb716c72a3240d0be0599709f676a0780 - revert - 127c7fe67a172a6bb42f0550d82b2744b752506a
---> The reverted commit sha is - e207ce4cb716c72a3240d0be0599709f676a0780
Commit message - restructured components.json and updated build tasks to use new format
---> The original commit sha is - 127c7fe67a172a6bb42f0550d82b2744b752506a
Commit message - ooops dont want to change that
---> The files with partial_reverts are:-
build/templates/homepage.html
-----------------------------------------------------------------

Partial Revert diff pair 21 is -> 
{ 620cd167c3b9789f3f3271128b5c0f20d1ae8bb2 -> 1235ec425e7995741e8cd56fbe0dbb006c880b85 } is a revert
{ a9944935259af11afae6779f1ea35146f9d3bdfc -> 32bd98ce6fa0f4304426f1fb3708bb914b1d803f }
Partial Revert commits SHA are -> 
1235ec425e7995741e8cd56fbe0dbb006c880b85 - revert - 32bd98ce6fa0f4304426f1fb3708bb914b1d803f
---> The reverted commit sha is - 1235ec425e7995741e8cd56fbe0dbb006c880b85
Commit message - added support for skinning
---> The original commit sha is - 32bd98ce6fa0f4304426f1fb3708bb914b1d803f
Commit message - Merge pull request #86 from mozilla/skin

Support skinning brick via build process
---> The files with partial_reverts are:-
LICENSE
build/templates/homepage.html
sink.html
-----------------------------------------------------------------

Partial Revert diff pair 22 is -> 
{ b998751a9053dad4f9be06302bc1b8fc5a7bb4c9 -> a2a82a2bf6964e730484289c4d315d9716822caa } is a revert
{ 9496259ab48dcc5f9bf23ec4ffd61847c3111e84 -> 0545f93fe441f0385ac3449ad0b812fe9df848fa }
Partial Revert commits SHA are -> 
a2a82a2bf6964e730484289c4d315d9716822caa - revert - 0545f93fe441f0385ac3449ad0b812fe9df848fa
---> The reverted commit sha is - a2a82a2bf6964e730484289c4d315d9716822caa
Commit message - test all branches
---> The original commit sha is - 0545f93fe441f0385ac3449ad0b812fe9df848fa
Commit message - added dists
---> The files with partial_reverts are:-
dist/x-tag-appbar.min.css
dist/x-tag-appbar.min.js
dist/x-tag-calendar.min.css
dist/x-tag-calendar.min.js
dist/x-tag-datepicker.min.css
dist/x-tag-datepicker.min.js
dist/x-tag-deck.min.css
dist/x-tag-deck.min.js
dist/x-tag-flipbox.min.css
dist/x-tag-flipbox.min.js
dist/x-tag-iconbutton.min.css
dist/x-tag-iconbutton.min.js
dist/x-tag-layout.min.css
dist/x-tag-layout.min.js
dist/x-tag-slidebox.min.css
dist/x-tag-slidebox.min.js
dist/x-tag-slider.min.css
dist/x-tag-slider.min.js
dist/x-tag-tabbar.min.css
dist/x-tag-tabbar.min.js
dist/x-tag-toggle.min.css
dist/x-tag-toggle.min.js
dist/x-tag-togglegroup.min.css
dist/x-tag-togglegroup.min.js
dist/x-tag-tooltip.min.css
dist/x-tag-tooltip.min.js
-----------------------------------------------------------------

Partial Revert diff pair 23 is -> 
{ 67f7092575074500dba113049fb4d2d1b231d6f1 -> a531b08056ad0381dd90e00d464712c4eb2604c9 } is a revert
{ 9496259ab48dcc5f9bf23ec4ffd61847c3111e84 -> 0545f93fe441f0385ac3449ad0b812fe9df848fa }
Partial Revert commits SHA are -> 
a531b08056ad0381dd90e00d464712c4eb2604c9 - revert - 0545f93fe441f0385ac3449ad0b812fe9df848fa
---> The reverted commit sha is - a531b08056ad0381dd90e00d464712c4eb2604c9
Commit message - updated x-tag-core, bumped version
---> The original commit sha is - 0545f93fe441f0385ac3449ad0b812fe9df848fa
Commit message - added dists
---> The files with partial_reverts are:-
dist/x-tag-appbar.min.css
dist/x-tag-appbar.min.js
dist/x-tag-calendar.min.css
dist/x-tag-calendar.min.js
dist/x-tag-datepicker.min.css
dist/x-tag-datepicker.min.js
dist/x-tag-deck.min.css
dist/x-tag-deck.min.js
dist/x-tag-flipbox.min.css
dist/x-tag-flipbox.min.js
dist/x-tag-iconbutton.min.css
dist/x-tag-iconbutton.min.js
dist/x-tag-layout.min.css
dist/x-tag-layout.min.js
dist/x-tag-slidebox.min.css
dist/x-tag-slidebox.min.js
dist/x-tag-slider.min.css
dist/x-tag-slider.min.js
dist/x-tag-tabbar.min.css
dist/x-tag-tabbar.min.js
dist/x-tag-toggle.min.css
dist/x-tag-toggle.min.js
dist/x-tag-togglegroup.min.css
dist/x-tag-togglegroup.min.js
dist/x-tag-tooltip.min.css
dist/x-tag-tooltip.min.js
-----------------------------------------------------------------

Partial Revert diff pair 24 is -> 
{ f347b3a4333c44cf3752047299fde17ace95c668 -> 9496259ab48dcc5f9bf23ec4ffd61847c3111e84 } is a revert
{ 9496259ab48dcc5f9bf23ec4ffd61847c3111e84 -> 0545f93fe441f0385ac3449ad0b812fe9df848fa }
Partial Revert commits SHA are -> 
9496259ab48dcc5f9bf23ec4ffd61847c3111e84 - revert - 0545f93fe441f0385ac3449ad0b812fe9df848fa
---> The reverted commit sha is - 9496259ab48dcc5f9bf23ec4ffd61847c3111e84
Commit message - merged grunt branch
---> The original commit sha is - 0545f93fe441f0385ac3449ad0b812fe9df848fa
Commit message - added dists
---> The files with partial_reverts are:-
dist/brick.css
dist/brick.js
dist/x-tag-appbar.min.css
dist/x-tag-appbar.min.js
dist/x-tag-calendar.min.css
dist/x-tag-calendar.min.js
dist/x-tag-datepicker.min.css
dist/x-tag-datepicker.min.js
dist/x-tag-deck.min.css
dist/x-tag-deck.min.js
dist/x-tag-flipbox.min.css
dist/x-tag-flipbox.min.js
dist/x-tag-iconbutton.min.css
dist/x-tag-iconbutton.min.js
dist/x-tag-layout.min.css
dist/x-tag-layout.min.js
dist/x-tag-slidebox.min.css
dist/x-tag-slidebox.min.js
dist/x-tag-slider.min.css
dist/x-tag-slider.min.js
dist/x-tag-tabbar.min.css
dist/x-tag-tabbar.min.js
dist/x-tag-toggle.min.css
dist/x-tag-toggle.min.js
dist/x-tag-togglegroup.min.css
dist/x-tag-togglegroup.min.js
dist/x-tag-tooltip.min.css
dist/x-tag-tooltip.min.js
-----------------------------------------------------------------

Partial Revert diff pair 25 is -> 
{ ce4eccd981ecacf8b381df4a1acd22ebfa90df15 -> eebbe199d09914ccb90a3e28a820e2264879d939 } is a revert
{ 0c5a3bae30cafe14a418b466218a27f8ed5ad92e -> 2b267eea9ad92359587e56b4df473229de9e27a6 }
Partial Revert commits SHA are -> 
eebbe199d09914ccb90a3e28a820e2264879d939 - revert - 2b267eea9ad92359587e56b4df473229de9e27a6
---> The reverted commit sha is - eebbe199d09914ccb90a3e28a820e2264879d939
Commit message - added stylus build step to Makefile
---> The original commit sha is - 2b267eea9ad92359587e56b4df473229de9e27a6
Commit message - Merge branch 'stylus'

Conflicts:
	dist/layout/layout.min.css
---> The files with partial_reverts are:-
.bowerrc
bower.json
-----------------------------------------------------------------

Partial Revert diff pair 26 is -> 
{ 76ff56453cf8807b3fd6acda625402d3dd95f84f -> f6670b4bdb3871d3bcd21a4a0fae1ec4533bcddb } is a revert
{ ee47092e58a91cfbd5eeece7201e250b03cd3ff3 -> 6addbae9a06ddaf1f776fe0e2f756ac3af98f38d }
Partial Revert commits SHA are -> 
f6670b4bdb3871d3bcd21a4a0fae1ec4533bcddb - revert - 6addbae9a06ddaf1f776fe0e2f756ac3af98f38d
---> The reverted commit sha is - f6670b4bdb3871d3bcd21a4a0fae1ec4533bcddb
Commit message - Merge branch 'master' of github.com:mozilla/brick into stylus
---> The original commit sha is - 6addbae9a06ddaf1f776fe0e2f756ac3af98f38d
Commit message - Merge branch 'stylus' of github.com:mozilla/brick into stylus
---> The files with partial_reverts are:-
component/datepicker/src/datepicker.css
component/datepicker/src/datepicker.styl
component/datepicker/src/scaffold.styl
component/datepicker/src/skin.styl
dist/brick.css
dist/datepicker/datepicker.min.css
-----------------------------------------------------------------

Partial Revert diff pair 27 is -> 
{ d1deeb444ccec96964aa5ec339fdb22d916c0574 -> f661e87c539e50d73702ce8dc0f3a9944b7c873e } is a revert
{ 614af5f5452844998ab8ae3e50cef41cc6cfcc05 -> 777f6ebace47481bf18de89b6b196a296295a591 }
Partial Revert commits SHA are -> 
f661e87c539e50d73702ce8dc0f3a9944b7c873e - revert - 777f6ebace47481bf18de89b6b196a296295a591
---> The reverted commit sha is - f661e87c539e50d73702ce8dc0f3a9944b7c873e
Commit message - patch issue causing calendar to break during the switch between certain months
---> The original commit sha is - 777f6ebace47481bf18de89b6b196a296295a591
Commit message - Merge branch 'stylus' of github.com:mozilla/brick into stylus

Conflicts:
	build/mixins.styl
	build/params.styl
	component/calendar/src/calendar.styl
	dist/brick.css
---> The files with partial_reverts are:-
component/calendar/src/foundation.css
component/calendar/src/foundation.styl
-----------------------------------------------------------------

Partial Revert diff pair 28 is -> 
{ 8e6cc689f8311106f8225705090f14f9176f54ee -> 4e97e163ae1dd521a20175aba72e30edc75ed618 } is a revert
{ 614af5f5452844998ab8ae3e50cef41cc6cfcc05 -> 777f6ebace47481bf18de89b6b196a296295a591 }
Partial Revert commits SHA are -> 
4e97e163ae1dd521a20175aba72e30edc75ed618 - revert - 777f6ebace47481bf18de89b6b196a296295a591
---> The reverted commit sha is - 4e97e163ae1dd521a20175aba72e30edc75ed618
Commit message - updated x-tag-core reference
---> The original commit sha is - 777f6ebace47481bf18de89b6b196a296295a591
Commit message - Merge branch 'stylus' of github.com:mozilla/brick into stylus

Conflicts:
	build/mixins.styl
	build/params.styl
	component/calendar/src/calendar.styl
	dist/brick.css
---> The files with partial_reverts are:-
component/calendar/src/foundation.css
component/calendar/src/foundation.styl
-----------------------------------------------------------------

Partial Revert diff pair 29 is -> 
{ 880829a075bab22716b04742073464928830ceb2 -> a7245afcbe7ad57adfdecacdac03358f9f54456c } is a revert
{ 9f3513fccbbed27859367febd6848849d4c61153 -> a88b3bc3cc0db58d796e9cba5ae3c7e89959122f }
Partial Revert commits SHA are -> 
a7245afcbe7ad57adfdecacdac03358f9f54456c - revert - a88b3bc3cc0db58d796e9cba5ae3c7e89959122f
---> The reverted commit sha is - a7245afcbe7ad57adfdecacdac03358f9f54456c
Commit message - restructure demo page organization; fix datepicker chrome 29 bug
---> The original commit sha is - a88b3bc3cc0db58d796e9cba5ae3c7e89959122f
Commit message - remove generated demo files from being tracked on master
---> The files with partial_reverts are:-
demos/appbar/demo.css
demos/appbar/demo.js
demos/calendar/demo.css
demos/calendar/demo.js
demos/datepicker/demo.css
demos/datepicker/demo.js
demos/deck/demo.css
demos/deck/demo.js
demos/flipbox/demo.css
demos/flipbox/demo.js
demos/iconbutton/demo.css
demos/iconbutton/demo.js
demos/layout/demo.css
demos/layout/demo.js
demos/readme.txt
demos/slidebox/demo.css
demos/slidebox/demo.js
demos/slider/demo.css
demos/slider/demo.js
demos/tabbar/demo.css
demos/tabbar/demo.js
demos/toggle/demo.css
demos/toggle/demo.js
demos/togglegroup/demo.css
demos/togglegroup/demo.js
demos/tooltip/demo.css
demos/tooltip/demo.js
-----------------------------------------------------------------

Partial Revert diff pair 30 is -> 
{ 991f037793682d72b22664a45f7c2790ecc492a9 -> 34a2838658e09e49ccf3c7ed9ca44c15ccbe686d } is a revert
{ 0917efa0be0edf1a1ce266671f958c6fd5ba7a65 -> c98973dac6ff8f0e324187539c9527a4e9f2c3f8 }
Partial Revert commits SHA are -> 
34a2838658e09e49ccf3c7ed9ca44c15ccbe686d - revert - c98973dac6ff8f0e324187539c9527a4e9f2c3f8
---> The reverted commit sha is - 34a2838658e09e49ccf3c7ed9ca44c15ccbe686d
Commit message - update brick to use latest xtag core
---> The original commit sha is - c98973dac6ff8f0e324187539c9527a4e9f2c3f8
Commit message - remove wrong url for core submodule
---> The files with partial_reverts are:-
.gitmodules
component/core/src/x-tag-core
-----------------------------------------------------------------

Partial Revert diff pair 31 is -> 
{ 058824697f13707d49e7bc3883a64395f771c147 -> 9d7ecaf8a03b5daeaa9fdc957ee6614c1dd4c1c5 } is a revert
{ 0917efa0be0edf1a1ce266671f958c6fd5ba7a65 -> c98973dac6ff8f0e324187539c9527a4e9f2c3f8 }
Partial Revert commits SHA are -> 
9d7ecaf8a03b5daeaa9fdc957ee6614c1dd4c1c5 - revert - c98973dac6ff8f0e324187539c9527a4e9f2c3f8
---> The reverted commit sha is - 9d7ecaf8a03b5daeaa9fdc957ee6614c1dd4c1c5
Commit message - fix timezone issue causing calendar/datepicker to break in non-US regions; fix layout issue w/ 100% height children of flex items; include missing font files
---> The original commit sha is - c98973dac6ff8f0e324187539c9527a4e9f2c3f8
Commit message - remove wrong url for core submodule
---> The files with partial_reverts are:-
.gitmodules
component/core/src/x-tag-core
-----------------------------------------------------------------

Partial Revert diff pair 32 is -> 
{ 34a2838658e09e49ccf3c7ed9ca44c15ccbe686d -> 965a684612618253d088cdcc41aa20c39319df1d } is a revert
{ a08b0fc408bcca755c7e441114fe9c776d879dd6 -> 17105e1455ecd570a40da755434a249c91fcc35e }
Partial Revert commits SHA are -> 
965a684612618253d088cdcc41aa20c39319df1d - revert - 17105e1455ecd570a40da755434a249c91fcc35e
---> The reverted commit sha is - 965a684612618253d088cdcc41aa20c39319df1d
Commit message - Fix x-flipbox brackets
---> The original commit sha is - 17105e1455ecd570a40da755434a249c91fcc35e
Commit message - 1.0.3beta release
---> The files with partial_reverts are:-
VERSION
docs.html
download.html
-----------------------------------------------------------------

Partial Revert diff pair 33 is -> 
{ 7b2bd42c3c22e5ffda21bce3fb37177214bee491 -> 592394cff6107aed981b0d85fa42d3722661f777 } is a revert
{ 9d7ecaf8a03b5daeaa9fdc957ee6614c1dd4c1c5 -> a08b0fc408bcca755c7e441114fe9c776d879dd6 }
Partial Revert commits SHA are -> 
592394cff6107aed981b0d85fa42d3722661f777 - revert - a08b0fc408bcca755c7e441114fe9c776d879dd6
---> The reverted commit sha is - 592394cff6107aed981b0d85fa42d3722661f777
Commit message - Compress images

Compress images using
[ImageOptim](https://github.com/pornel/ImageOptim) version 1.4.3
---> The original commit sha is - a08b0fc408bcca755c7e441114fe9c776d879dd6
Commit message - Merge branch 'master' of github.com:mozilla/brick
---> The files with partial_reverts are:-
component/tabbar/demo/index.html
component/tabbar/demo/template.html
-----------------------------------------------------------------

Partial Revert diff pair 34 is -> 
{ 94ed6ad93df18c4c1b3157fd6c63b2f51599a2d4 -> b057d8402f202218b814f22d3721899f1f3a01fe } is a revert
{ 9d7ecaf8a03b5daeaa9fdc957ee6614c1dd4c1c5 -> a08b0fc408bcca755c7e441114fe9c776d879dd6 }
Partial Revert commits SHA are -> 
b057d8402f202218b814f22d3721899f1f3a01fe - revert - a08b0fc408bcca755c7e441114fe9c776d879dd6
---> The reverted commit sha is - b057d8402f202218b814f22d3721899f1f3a01fe
Commit message - correct submodule dependency for node_modules => component/**/component.json
---> The original commit sha is - a08b0fc408bcca755c7e441114fe9c776d879dd6
Commit message - Merge branch 'master' of github.com:mozilla/brick
---> The files with partial_reverts are:-
component/tabbar/demo/index.html
component/tabbar/demo/template.html
-----------------------------------------------------------------

Partial Revert diff pair 35 is -> 
{ 058824697f13707d49e7bc3883a64395f771c147 -> 9d7ecaf8a03b5daeaa9fdc957ee6614c1dd4c1c5 } is a revert
{ 9d7ecaf8a03b5daeaa9fdc957ee6614c1dd4c1c5 -> a08b0fc408bcca755c7e441114fe9c776d879dd6 }
Partial Revert commits SHA are -> 
9d7ecaf8a03b5daeaa9fdc957ee6614c1dd4c1c5 - revert - a08b0fc408bcca755c7e441114fe9c776d879dd6
---> The reverted commit sha is - 9d7ecaf8a03b5daeaa9fdc957ee6614c1dd4c1c5
Commit message - fix timezone issue causing calendar/datepicker to break in non-US regions; fix layout issue w/ 100% height children of flex items; include missing font files
---> The original commit sha is - a08b0fc408bcca755c7e441114fe9c776d879dd6
Commit message - Merge branch 'master' of github.com:mozilla/brick
---> The files with partial_reverts are:-
component/tabbar/demo/index.html
component/tabbar/demo/template.html
-----------------------------------------------------------------

Partial Revert diff pair 36 is -> 
{ 7b2bd42c3c22e5ffda21bce3fb37177214bee491 -> 592394cff6107aed981b0d85fa42d3722661f777 } is a revert
{ 4da670a0de9bde5c805275c9e91e5acdd907c5a5 -> 058824697f13707d49e7bc3883a64395f771c147 }
Partial Revert commits SHA are -> 
592394cff6107aed981b0d85fa42d3722661f777 - revert - 058824697f13707d49e7bc3883a64395f771c147
---> The reverted commit sha is - 592394cff6107aed981b0d85fa42d3722661f777
Commit message - Compress images

Compress images using
[ImageOptim](https://github.com/pornel/ImageOptim) version 1.4.3
---> The original commit sha is - 058824697f13707d49e7bc3883a64395f771c147
Commit message - Merge branch 'master' of https://github.com/mozilla/brick into quick-contributor-start
---> The files with partial_reverts are:-
component/tabbar/demo/index.html
component/tabbar/demo/template.html
-----------------------------------------------------------------

Partial Revert diff pair 37 is -> 
{ 94ed6ad93df18c4c1b3157fd6c63b2f51599a2d4 -> b057d8402f202218b814f22d3721899f1f3a01fe } is a revert
{ 4da670a0de9bde5c805275c9e91e5acdd907c5a5 -> 058824697f13707d49e7bc3883a64395f771c147 }
Partial Revert commits SHA are -> 
b057d8402f202218b814f22d3721899f1f3a01fe - revert - 058824697f13707d49e7bc3883a64395f771c147
---> The reverted commit sha is - b057d8402f202218b814f22d3721899f1f3a01fe
Commit message - correct submodule dependency for node_modules => component/**/component.json
---> The original commit sha is - 058824697f13707d49e7bc3883a64395f771c147
Commit message - Merge branch 'master' of https://github.com/mozilla/brick into quick-contributor-start
---> The files with partial_reverts are:-
component/tabbar/demo/index.html
component/tabbar/demo/template.html
-----------------------------------------------------------------

Partial Revert diff pair 38 is -> 
{ d9003b955f79a9ec2306247e2248f1de1c0b6286 -> 7c5f36cd8c79932a37b12ec11a66f838f6b67403 } is a revert
{ 78955dea25520dea38bf982954add258e98190cd -> 6b01cb52a70a2a780bd39116672a72ed98f92c36 }
Partial Revert commits SHA are -> 
7c5f36cd8c79932a37b12ec11a66f838f6b67403 - revert - 6b01cb52a70a2a780bd39116672a72ed98f92c36
---> The reverted commit sha is - 7c5f36cd8c79932a37b12ec11a66f838f6b67403
Commit message - add cardadd/cardremove events to x-deck; optimize x-deck css to reduce duplication; overhaul x-deck demo to reduce code duplication; add tab preserve filter to docs.html template
---> The original commit sha is - 6b01cb52a70a2a780bd39116672a72ed98f92c36
Commit message - Merge pull request #23 from pennyfx/bower.json

Added bower.json
---> The files with partial_reverts are:-
bower.json
-----------------------------------------------------------------

Partial Revert diff pair 39 is -> 
{ 00417c57451f72c18aa515b06577e9f5e8bc51d3 -> 97b674491e82a02fee551b7efd581562876f3eea } is a revert
{ 97b674491e82a02fee551b7efd581562876f3eea -> abadfc0f606fe1a7c5d66de8bcfb4a472b05e822 }
Partial Revert commits SHA are -> 
97b674491e82a02fee551b7efd581562876f3eea - revert - abadfc0f606fe1a7c5d66de8bcfb4a472b05e822
---> The reverted commit sha is - 97b674491e82a02fee551b7efd581562876f3eea
Commit message - overhaul x-slidebox demo page; update overall demo helpers js
---> The original commit sha is - abadfc0f606fe1a7c5d66de8bcfb4a472b05e822
Commit message - Merge branch 'master' of github.com:mozilla/brick into gh-pages
---> The files with partial_reverts are:-
download.html
site/download.html
-----------------------------------------------------------------

Partial Revert diff pair 40 is -> 
{ c8ce45e0230d974e04e6d21842c3572aca158da8 -> 60999452674757819f5f972b8ccce2e35e764274 } is a revert
{ 60999452674757819f5f972b8ccce2e35e764274 -> c46b9322eecfb3c4d53ba64a62512daa2a318095 }
Partial Revert commits SHA are -> 
60999452674757819f5f972b8ccce2e35e764274 - revert - c46b9322eecfb3c4d53ba64a62512daa2a318095
---> The reverted commit sha is - 60999452674757819f5f972b8ccce2e35e764274
Commit message - overhaul layout demo; begin process of cleaning up demo redundancies
---> The original commit sha is - c46b9322eecfb3c4d53ba64a62512daa2a318095
Commit message - Merge branch 'master' of github.com:mozilla/brick
---> The files with partial_reverts are:-
download.html
site/css/main.css
site/download.html
-----------------------------------------------------------------

Partial Revert diff pair 41 is -> 
{ a906d51d7eb6924f202c11c50c72bbf27bce3811 -> 6b8183ebe81562f3fb3fd041c2b65e2cec873092 } is a revert
{ 6b8183ebe81562f3fb3fd041c2b65e2cec873092 -> e6f96e3220a9eb0a4ffc414c5c31ec01cccf2e11 }
Partial Revert commits SHA are -> 
6b8183ebe81562f3fb3fd041c2b65e2cec873092 - revert - e6f96e3220a9eb0a4ffc414c5c31ec01cccf2e11
---> The reverted commit sha is - 6b8183ebe81562f3fb3fd041c2b65e2cec873092
Commit message - overhaul x-calendar demo page; fix timezone issue with TODAY date causing wrong day to be marked as today in some cases; move calendar label-editing api to accessor instead of method
---> The original commit sha is - e6f96e3220a9eb0a4ffc414c5c31ec01cccf2e11
Commit message - Merge branch 'master' of github.com:mozilla/brick
---> The files with partial_reverts are:-
.gitmodules
index.html
site/download.html
site/js/jszip.js
-----------------------------------------------------------------

Partial Revert diff pair 42 is -> 
{ 4a3d2733e1eaf67f9b44e8d724c301ad651027db -> fad8a50241348dd48160fd164e1f332ceeded454 } is a revert
{ fad8a50241348dd48160fd164e1f332ceeded454 -> 663e5be2769bdea239b29a046ca0432cc4813b0b }
Partial Revert commits SHA are -> 
fad8a50241348dd48160fd164e1f332ceeded454 - revert - 663e5be2769bdea239b29a046ca0432cc4813b0b
---> The reverted commit sha is - fad8a50241348dd48160fd164e1f332ceeded454
Commit message - Merge branch 'newhotness'

Conflicts:
	.gitmodules
	calendar/demo/calendar-demo.html
	calendar/demo/demo.html
	component/appbar
	component/calendar/demo/index.html
	component/datepicker/demo/index.html
	component/deck/demo/index.html
	component/deck/demo/prettify.css
	component/deck/demo/prettify.js
	component/flipbox
	component/iconbutton/demo/index.html
	component/layout
	component/slidebox
	component/slider/demo/index.html
	component/tabbar/demo/index.html
	component/toggle
	component/togglegroup/demo/index.html
	component/tooltip/demo/index.html
	datepicker/demo/datepicker-demo.html
	datepicker/demo/demo.html
	deck/demo/deck-demo.html
	deck/demo/demo.html
	deck/demo/prettify.css
	deck/demo/prettify.js
	iconbutton/demo/demo.html
	iconbutton/demo/iconbutton-demo.html
	site/css/prettify.css
	site/js/prettify.js
	slider/demo/demo.html
	slider/demo/slider-demo.html
	tabbar/demo/demo.html
	tabbar/demo/tabbar-demo.html
	togglegroup/demo/demo.html
	togglegroup/demo/togglegroup-demo.html
	tooltip/demo/testpage.html
	tooltip/demo/tooltip-demo.html
---> The original commit sha is - 663e5be2769bdea239b29a046ca0432cc4813b0b
Commit message - fixed submodules
---> The files with partial_reverts are:-
component/appbar
component/flipbox
component/layout
component/slidebox
component/toggle
modal
-----------------------------------------------------------------

Partial Revert diff pair 43 is -> 
{ 5f1127edae247f08528fbdb5e5cfa8d432b21731 -> 4a3d2733e1eaf67f9b44e8d724c301ad651027db } is a revert
{ 4a3d2733e1eaf67f9b44e8d724c301ad651027db -> fad8a50241348dd48160fd164e1f332ceeded454 }
Partial Revert commits SHA are -> 
4a3d2733e1eaf67f9b44e8d724c301ad651027db - revert - fad8a50241348dd48160fd164e1f332ceeded454
---> The reverted commit sha is - 4a3d2733e1eaf67f9b44e8d724c301ad651027db
Commit message - moved components to components/
---> The original commit sha is - fad8a50241348dd48160fd164e1f332ceeded454
Commit message - Merge branch 'newhotness'

Conflicts:
	.gitmodules
	calendar/demo/calendar-demo.html
	calendar/demo/demo.html
	component/appbar
	component/calendar/demo/index.html
	component/datepicker/demo/index.html
	component/deck/demo/index.html
	component/deck/demo/prettify.css
	component/deck/demo/prettify.js
	component/flipbox
	component/iconbutton/demo/index.html
	component/layout
	component/slidebox
	component/slider/demo/index.html
	component/tabbar/demo/index.html
	component/toggle
	component/togglegroup/demo/index.html
	component/tooltip/demo/index.html
	datepicker/demo/datepicker-demo.html
	datepicker/demo/demo.html
	deck/demo/deck-demo.html
	deck/demo/demo.html
	deck/demo/prettify.css
	deck/demo/prettify.js
	iconbutton/demo/demo.html
	iconbutton/demo/iconbutton-demo.html
	site/css/prettify.css
	site/js/prettify.js
	slider/demo/demo.html
	slider/demo/slider-demo.html
	tabbar/demo/demo.html
	tabbar/demo/tabbar-demo.html
	togglegroup/demo/demo.html
	togglegroup/demo/togglegroup-demo.html
	tooltip/demo/testpage.html
	tooltip/demo/tooltip-demo.html
---> The files with partial_reverts are:-
_custommixins.scss
build/components.json
component/appbar
component/flipbox
component/layout
component/slidebox
component/toggle
dist/brick.css
dist/brick.js
modal
site/css/main.css
site/css/prettify.css
site/js/prettify.js
-----------------------------------------------------------------

Partial Revert diff pair 44 is -> 
{ bbec91d32f0a4028d8fec695d74605d9a5c28a7b -> 593871f803f3e4e51641f6e795b12d68c88df6e3 } is a revert
{ 593871f803f3e4e51641f6e795b12d68c88df6e3 -> 9b82cc070336dbb880ab6180dab2637890f73539 }
Partial Revert commits SHA are -> 
593871f803f3e4e51641f6e795b12d68c88df6e3 - revert - 9b82cc070336dbb880ab6180dab2637890f73539
---> The reverted commit sha is - 593871f803f3e4e51641f6e795b12d68c88df6e3
Commit message - prettify tabbar demo with source code; tweak api of tooltip for no-override; stumbling across overflow/scrollWidth/Height issue
---> The original commit sha is - 9b82cc070336dbb880ab6180dab2637890f73539
Commit message - Merge branch 'master' of github.com:mozilla/app-components
---> The files with partial_reverts are:-
LICENSE
-----------------------------------------------------------------

Partial Revert diff pair 45 is -> 
{ b47a575321bcbcbac2905ca56c6f18315b6a690d -> 2de1b98cbe344c295f05ded469fa34e627b04c7c } is a revert
{ 2de1b98cbe344c295f05ded469fa34e627b04c7c -> d001f5a3d969d8fd152e523df5e4e375051496cb }
Partial Revert commits SHA are -> 
2de1b98cbe344c295f05ded469fa34e627b04c7c - revert - d001f5a3d969d8fd152e523df5e4e375051496cb
---> The reverted commit sha is - 2de1b98cbe344c295f05ded469fa34e627b04c7c
Commit message - made tabbar tabs flex items; fixed flipbox graphical jankiness on phones
---> The original commit sha is - d001f5a3d969d8fd152e523df5e4e375051496cb
Commit message - Merge branch 'master' of github.com:mozilla/app-components
---> The files with partial_reverts are:-
index.html
-----------------------------------------------------------------

Partial Revert diff pair 46 is -> 
{ d56d958edff4b5ffb628a85d3eee9634ce725980 -> 5cbac4412055ddf06ad2cb7b39b62a00f9f20945 } is a revert
{ 5cbac4412055ddf06ad2cb7b39b62a00f9f20945 -> 32e289fc6838ed1c516ccf051721a0eaa9d50082 }
Partial Revert commits SHA are -> 
5cbac4412055ddf06ad2cb7b39b62a00f9f20945 - revert - 32e289fc6838ed1c516ccf051721a0eaa9d50082
---> The reverted commit sha is - 5cbac4412055ddf06ad2cb7b39b62a00f9f20945
Commit message - removing extra inline-spacing in tabbar, cleaning up active attribute bug on tabbar tabs, tweaking tabbar css
---> The original commit sha is - 32e289fc6838ed1c516ccf051721a0eaa9d50082
Commit message - Merge branch 'master' of github.com:mozilla/app-components

Conflicts:
	dist/brick.css
	dist/brick.js
---> The files with partial_reverts are:-
index.html
site/css/main.css
site/img/mozilla_wordmark.svg
site/img/zip.svg
-----------------------------------------------------------------

Partial Revert diff pair 47 is -> 
{ 0bedb9d269ca359729982d4e31fdf9cd80e83c43 -> 2894bbe2c2b30cb473d35270d94cbee42eef5d2b } is a revert
{ 2137b2cf0b5cf4b547cf7210e254bb26a1077c65 -> 23f4d6264f2b5debdc145f8efab3e3059ea56da6 }
Partial Revert commits SHA are -> 
2894bbe2c2b30cb473d35270d94cbee42eef5d2b - revert - 23f4d6264f2b5debdc145f8efab3e3059ea56da6
---> The reverted commit sha is - 2894bbe2c2b30cb473d35270d94cbee42eef5d2b
Commit message - Fixed datepicker bug with name attribute not syncing with input
---> The original commit sha is - 23f4d6264f2b5debdc145f8efab3e3059ea56da6
Commit message - updating submodule urls to use HTTPS instead of SSH
---> The files with partial_reverts are:-
.gitmodules
-----------------------------------------------------------------

Partial Revert diff pair 48 is -> 
{ 3afe994df0e4a770660ede21264e068b04c9c820 -> d4bde4017193c1dd65a32dd4b54dffc8e8e3ef27 } is a revert
{ d4bde4017193c1dd65a32dd4b54dffc8e8e3ef27 -> e3e5b1dab3b31542cd6a4c966389ff5f192a9a01 }
Partial Revert commits SHA are -> 
d4bde4017193c1dd65a32dd4b54dffc8e8e3ef27 - revert - e3e5b1dab3b31542cd6a4c966389ff5f192a9a01
---> The reverted commit sha is - d4bde4017193c1dd65a32dd4b54dffc8e8e3ef27
Commit message - added barebones polyfill layout of datepicker; changed calendar dateselect to fire whenever a date is selected instead of at the end of a selection-paint; cleaned up 80+ character lines in calendar.js; fixed syntax errors in slider.js
---> The original commit sha is - e3e5b1dab3b31542cd6a4c966389ff5f192a9a01
Commit message - Merge branch 'master' of github.com:mozilla/app-components
---> The files with partial_reverts are:-
deck/README.md
-----------------------------------------------------------------

Partial Revert diff pair 49 is -> 
{ a99ad6b722adc2212a443eea654712c011d18cfb -> 66c18e7afe4bf3aacdef3377ebbe5956d9e5489e } is a revert
{ 66c18e7afe4bf3aacdef3377ebbe5956d9e5489e -> 0d7028947a43a711a250b869006660aee5752517 }
Partial Revert commits SHA are -> 
66c18e7afe4bf3aacdef3377ebbe5956d9e5489e - revert - 0d7028947a43a711a250b869006660aee5752517
---> The reverted commit sha is - 66c18e7afe4bf3aacdef3377ebbe5956d9e5489e
Commit message - Slider: fixed bugs in step-rounding algorithm when range minimum is not a multiple of step; now matches webkit/aurora value selection algorithm
---> The original commit sha is - 0d7028947a43a711a250b869006660aee5752517
Commit message - Merge branch 'master' of github.com:mozilla/app-components
---> The files with partial_reverts are:-
.gitmodules
demos/basic/index.html
demos/basic/style.css
-----------------------------------------------------------------

Partial Revert diff pair 50 is -> 
{ bb0d31c648cde5331034e4718c13c3111658ed93 -> 33eff5c97abf72bff97144bccb8e0835e582a752 } is a revert
{ 1cf8039e2236bb330ef4e4ae5b9554d9d20194c5 -> 7850dee22105570d028a10c3943ad6f596586d6a }
Partial Revert commits SHA are -> 
33eff5c97abf72bff97144bccb8e0835e582a752 - revert - 7850dee22105570d028a10c3943ad6f596586d6a
---> The reverted commit sha is - 33eff5c97abf72bff97144bccb8e0835e582a752
Commit message - updated basic demo
---> The original commit sha is - 7850dee22105570d028a10c3943ad6f596586d6a
Commit message - Merge branch 'master' of github.com:mozilla/app-components
---> The files with partial_reverts are:-
slider/src/slider.js
-----------------------------------------------------------------

Partial Revert diff pair 51 is -> 
{ 1171173c34f45e0ac4a3e1c2b230fa48556c8b51 -> 1cf8039e2236bb330ef4e4ae5b9554d9d20194c5 } is a revert
{ 1cf8039e2236bb330ef4e4ae5b9554d9d20194c5 -> 7850dee22105570d028a10c3943ad6f596586d6a }
Partial Revert commits SHA are -> 
1cf8039e2236bb330ef4e4ae5b9554d9d20194c5 - revert - 7850dee22105570d028a10c3943ad6f596586d6a
---> The reverted commit sha is - 1cf8039e2236bb330ef4e4ae5b9554d9d20194c5
Commit message - update to working appbar
---> The original commit sha is - 7850dee22105570d028a10c3943ad6f596586d6a
Commit message - Merge branch 'master' of github.com:mozilla/app-components
---> The files with partial_reverts are:-
slider/src/slider.js
-----------------------------------------------------------------

Partial Revert diff pair 52 is -> 
{ bb0d31c648cde5331034e4718c13c3111658ed93 -> 33eff5c97abf72bff97144bccb8e0835e582a752 } is a revert
{ 06f12d65b2c66fff6f73c800aee39a13b00da9a1 -> 1171173c34f45e0ac4a3e1c2b230fa48556c8b51 }
Partial Revert commits SHA are -> 
33eff5c97abf72bff97144bccb8e0835e582a752 - revert - 1171173c34f45e0ac4a3e1c2b230fa48556c8b51
---> The reverted commit sha is - 33eff5c97abf72bff97144bccb8e0835e582a752
Commit message - updated basic demo
---> The original commit sha is - 1171173c34f45e0ac4a3e1c2b230fa48556c8b51
Commit message - Merge branch 'master' of github.com:mozilla/app-components
---> The files with partial_reverts are:-
slider/src/slider.js
-----------------------------------------------------------------

Partial Revert diff pair 53 is -> 
{ 8c49d11703f425aed41235534d5805f1a3c61e84 -> 181dd59b760db107bac042e66ae76461df418541 } is a revert
{ 181dd59b760db107bac042e66ae76461df418541 -> 837da2f3f8026ec5a46b62b2d303ed33f251edcd }
Partial Revert commits SHA are -> 
181dd59b760db107bac042e66ae76461df418541 - revert - 837da2f3f8026ec5a46b62b2d303ed33f251edcd
---> The reverted commit sha is - 181dd59b760db107bac042e66ae76461df418541
Commit message - Deck: added history stack implementation, tweaked shuffleend callback to always fire once for each transition; Slider: added focusability; TODOs: capping deck history size, controlling sliders with arrow keys
---> The original commit sha is - 837da2f3f8026ec5a46b62b2d303ed33f251edcd
Commit message - Merge branch 'master' of github.com:mozilla/app-components
---> The files with partial_reverts are:-
demos/basic/app.js
demos/basic/index.html
tabbar/src/tabbar.js
-----------------------------------------------------------------

Partial Revert diff pair 54 is -> 
{ 4bd2879ea585448454d064a82fa5c304dc2f2d0d -> 5b0ec89c0d1dea69e5ba42c4f4239bcaea051c30 } is a revert
{ 5b0ec89c0d1dea69e5ba42c4f4239bcaea051c30 -> 87b5bba9226c70942ec5d69426b4d245488721a4 }
Partial Revert commits SHA are -> 
5b0ec89c0d1dea69e5ba42c4f4239bcaea051c30 - revert - 87b5bba9226c70942ec5d69426b4d245488721a4
---> The reverted commit sha is - 5b0ec89c0d1dea69e5ba42c4f4239bcaea051c30
Commit message - made sliders touch capable
---> The original commit sha is - 87b5bba9226c70942ec5d69426b4d245488721a4
Commit message - Merge branch 'master' of github.com:mozilla/app-components
---> The files with partial_reverts are:-
demos/basic/index.html
demos/basic/manifest.webapp
-----------------------------------------------------------------

Partial Revert diff pair 55 is -> 
{ c14a23093b56c391b86e7f1d769809908470da6c -> 6c015e28183b2c8aea85655c59a6d5881734257d } is a revert
{ 6c015e28183b2c8aea85655c59a6d5881734257d -> 5baeb1e0ac45c115f77e6a393246e6b0aeabe067 }
Partial Revert commits SHA are -> 
6c015e28183b2c8aea85655c59a6d5881734257d - revert - 5baeb1e0ac45c115f77e6a393246e6b0aeabe067
---> The reverted commit sha is - 6c015e28183b2c8aea85655c59a6d5881734257d
Commit message - initial tooltip commit; hover events, basic css, and flexible target selector implementation; TODO: smart positioning/arrows on tooltips, CSS border on tooltip arrow
---> The original commit sha is - 5baeb1e0ac45c115f77e6a393246e6b0aeabe067
Commit message - Merge branch 'master' of https://github.com/mozilla/app-components
---> The files with partial_reverts are:-
.gitmodules
view
-----------------------------------------------------------------

