# of reverts = 2
Revert diff pair 1 is -> 
{ ec27f2d3388815fb2ed5b347c0c2ce122b4f8348 -> 6223d2d8a34a335aae9e4a29b23a1a9fc7d84db1 } is a revert
{ 6223d2d8a34a335aae9e4a29b23a1a9fc7d84db1 -> 967718db0908f4b41064662abcd6d2ef0b23ba8e }
Revert commits SHA are -> 
6223d2d8a34a335aae9e4a29b23a1a9fc7d84db1 - revert - 967718db0908f4b41064662abcd6d2ef0b23ba8e
---> The reverted commit sha is - 6223d2d8a34a335aae9e4a29b23a1a9fc7d84db1
Commit message - update render
---> The original commit sha is - 967718db0908f4b41064662abcd6d2ef0b23ba8e
Commit message - clear on render
-----------------------------------------------------------------

Revert diff pair 2 is -> 
{ 7ccd254db30dedc0c5545ddbafd07e01dab01909 -> 94ed6ad93df18c4c1b3157fd6c63b2f51599a2d4 } is a revert
{ 94ed6ad93df18c4c1b3157fd6c63b2f51599a2d4 -> b057d8402f202218b814f22d3721899f1f3a01fe }
Revert commits SHA are -> 
94ed6ad93df18c4c1b3157fd6c63b2f51599a2d4 - revert - b057d8402f202218b814f22d3721899f1f3a01fe
---> The reverted commit sha is - 94ed6ad93df18c4c1b3157fd6c63b2f51599a2d4
Commit message - Merge pull request #29 from bcbcarl/master

Fix x-flipbox brackets
---> The original commit sha is - b057d8402f202218b814f22d3721899f1f3a01fe
Commit message - correct submodule dependency for node_modules => component/**/component.json
-----------------------------------------------------------------

