# of merges = 93
Merge commit 1 is -> 
{ 5baeb1e0ac45c115f77e6a393246e6b0aeabe067 is a merge commit
---> Commit message - Merge branch 'master' of https://github.com/mozilla/app-components
-----------------------------------------------------------------

Merge commit 2 is -> 
{ 87b5bba9226c70942ec5d69426b4d245488721a4 is a merge commit
---> Commit message - Merge branch 'master' of github.com:mozilla/app-components
-----------------------------------------------------------------

Merge commit 3 is -> 
{ 837da2f3f8026ec5a46b62b2d303ed33f251edcd is a merge commit
---> Commit message - Merge branch 'master' of github.com:mozilla/app-components
-----------------------------------------------------------------

Merge commit 4 is -> 
{ 1171173c34f45e0ac4a3e1c2b230fa48556c8b51 is a merge commit
---> Commit message - Merge branch 'master' of github.com:mozilla/app-components
-----------------------------------------------------------------

Merge commit 5 is -> 
{ 7850dee22105570d028a10c3943ad6f596586d6a is a merge commit
---> Commit message - Merge branch 'master' of github.com:mozilla/app-components
-----------------------------------------------------------------

Merge commit 6 is -> 
{ 0d7028947a43a711a250b869006660aee5752517 is a merge commit
---> Commit message - Merge branch 'master' of github.com:mozilla/app-components
-----------------------------------------------------------------

Merge commit 7 is -> 
{ 3afe994df0e4a770660ede21264e068b04c9c820 is a merge commit
---> Commit message - Merge pull request #5 from sole/master

some transition types in the deck README were duplicated, so I removed them :P
-----------------------------------------------------------------

Merge commit 8 is -> 
{ e3e5b1dab3b31542cd6a4c966389ff5f192a9a01 is a merge commit
---> Commit message - Merge branch 'master' of github.com:mozilla/app-components
-----------------------------------------------------------------

Merge commit 9 is -> 
{ 3c2d49a9ec4eebf63ffec9abf76aed20863f3ef3 is a merge commit
---> Commit message - Merge pull request #11 from potch/build

Boom goes the dynamite
-----------------------------------------------------------------

Merge commit 10 is -> 
{ 499b2e327e4cc00905314f3d1e4acc028d2439e9 is a merge commit
---> Commit message - Merge branch 'master' of github.com:mozilla/app-components
-----------------------------------------------------------------

Merge commit 11 is -> 
{ 32e289fc6838ed1c516ccf051721a0eaa9d50082 is a merge commit
---> Commit message - Merge branch 'master' of github.com:mozilla/app-components

Conflicts:
	dist/brick.css
	dist/brick.js
-----------------------------------------------------------------

Merge commit 12 is -> 
{ d001f5a3d969d8fd152e523df5e4e375051496cb is a merge commit
---> Commit message - Merge branch 'master' of github.com:mozilla/app-components
-----------------------------------------------------------------

Merge commit 13 is -> 
{ 6d5f69510189b2349c1200ec53aabdbe2b9c86aa is a merge commit
---> Commit message - Merge branch 'master' of github.com:mozilla/app-components
-----------------------------------------------------------------

Merge commit 14 is -> 
{ 9b82cc070336dbb880ab6180dab2637890f73539 is a merge commit
---> Commit message - Merge branch 'master' of github.com:mozilla/app-components
-----------------------------------------------------------------

Merge commit 15 is -> 
{ fad8a50241348dd48160fd164e1f332ceeded454 is a merge commit
---> Commit message - Merge branch 'newhotness'

Conflicts:
	.gitmodules
	calendar/demo/calendar-demo.html
	calendar/demo/demo.html
	component/appbar
	component/calendar/demo/index.html
	component/datepicker/demo/index.html
	component/deck/demo/index.html
	component/deck/demo/prettify.css
	component/deck/demo/prettify.js
	component/flipbox
	component/iconbutton/demo/index.html
	component/layout
	component/slidebox
	component/slider/demo/index.html
	component/tabbar/demo/index.html
	component/toggle
	component/togglegroup/demo/index.html
	component/tooltip/demo/index.html
	datepicker/demo/datepicker-demo.html
	datepicker/demo/demo.html
	deck/demo/deck-demo.html
	deck/demo/demo.html
	deck/demo/prettify.css
	deck/demo/prettify.js
	iconbutton/demo/demo.html
	iconbutton/demo/iconbutton-demo.html
	site/css/prettify.css
	site/js/prettify.js
	slider/demo/demo.html
	slider/demo/slider-demo.html
	tabbar/demo/demo.html
	tabbar/demo/tabbar-demo.html
	togglegroup/demo/demo.html
	togglegroup/demo/togglegroup-demo.html
	tooltip/demo/testpage.html
	tooltip/demo/tooltip-demo.html
-----------------------------------------------------------------

Merge commit 16 is -> 
{ 2601c6bc27cd5664dcf90b92836334378679269c is a merge commit
---> Commit message - Merge branch 'master' of github.com:mozilla/app-components

Conflicts:
	calendar/demo/demo.html
	calendar/demo/index.html
	component/appbar
	component/calendar/demo/index.html
	component/datepicker/demo/index.html
	component/deck/demo/index.html
	component/flipbox
	component/iconbutton/demo/index.html
	component/layout
	component/modal
	component/slidebox
	component/slider/demo/index.html
	component/tabbar/demo/index.html
	component/toggle
	component/togglegroup/demo/index.html
	datepicker/demo/demo.html
	datepicker/demo/index.html
	deck/demo/demo.html
	deck/demo/index.html
	iconbutton/demo/demo.html
	iconbutton/demo/index.html
	slider/demo/demo.html
	slider/demo/index.html
	tabbar/demo/demo.html
	tabbar/demo/index.html
	togglegroup/demo/demo.html
	togglegroup/demo/index.html
-----------------------------------------------------------------

Merge commit 17 is -> 
{ e6f96e3220a9eb0a4ffc414c5c31ec01cccf2e11 is a merge commit
---> Commit message - Merge branch 'master' of github.com:mozilla/brick
-----------------------------------------------------------------

Merge commit 18 is -> 
{ cd1b2ad9a538988895cb4403070255758e019b3e is a merge commit
---> Commit message - Merge branch 'master' of github.com:mozilla/brick

Conflicts:
	site/css/main.css
-----------------------------------------------------------------

Merge commit 19 is -> 
{ 1b7a9acb51cd9775138f663df2793626a91dde0d is a merge commit
---> Commit message - Merge branch 'master' of github.com:mozilla/brick

Conflicts:
	docs.html
-----------------------------------------------------------------

Merge commit 20 is -> 
{ 7a4e8e6b40be1f59d7bc5d28394e0912c69ae16f is a merge commit
---> Commit message - Merge branch 'master' of github.com:mozilla/brick
-----------------------------------------------------------------

Merge commit 21 is -> 
{ c46b9322eecfb3c4d53ba64a62512daa2a318095 is a merge commit
---> Commit message - Merge branch 'master' of github.com:mozilla/brick
-----------------------------------------------------------------

Merge commit 22 is -> 
{ abadfc0f606fe1a7c5d66de8bcfb4a472b05e822 is a merge commit
---> Commit message - Merge branch 'master' of github.com:mozilla/brick into gh-pages
-----------------------------------------------------------------

Merge commit 23 is -> 
{ 6b01cb52a70a2a780bd39116672a72ed98f92c36 is a merge commit
---> Commit message - Merge pull request #23 from pennyfx/bower.json

Added bower.json
-----------------------------------------------------------------

Merge commit 24 is -> 
{ e3b699ce953b8692ba1fe6feae35064281838459 is a merge commit
---> Commit message - Merge branch 'master' of github.com:mozilla/brick
-----------------------------------------------------------------

Merge commit 25 is -> 
{ 94ed6ad93df18c4c1b3157fd6c63b2f51599a2d4 is a merge commit
---> Commit message - Merge pull request #29 from bcbcarl/master

Fix x-flipbox brackets
-----------------------------------------------------------------

Merge commit 26 is -> 
{ 058824697f13707d49e7bc3883a64395f771c147 is a merge commit
---> Commit message - Merge branch 'master' of https://github.com/mozilla/brick into quick-contributor-start
-----------------------------------------------------------------

Merge commit 27 is -> 
{ a08b0fc408bcca755c7e441114fe9c776d879dd6 is a merge commit
---> Commit message - Merge branch 'master' of github.com:mozilla/brick
-----------------------------------------------------------------

Merge commit 28 is -> 
{ 1b5c6f20e9e20fa3389fc06cc227f1bef27e950e is a merge commit
---> Commit message - Merge branch 'quick-contributor-start' of github.com:wilmoore/brick into wilmoore-quick-contributor-start

Conflicts:
	Makefile
-----------------------------------------------------------------

Merge commit 29 is -> 
{ 24d3db5989aa10e120dc7d8d45373e81ee9f91bc is a merge commit
---> Commit message - Merge branch 'master' of github.com:mozilla/brick
-----------------------------------------------------------------

Merge commit 30 is -> 
{ 127a0c1d76e03491911e324d5bb0aa963668fdb9 is a merge commit
---> Commit message - Merge pull request #30 from pathawks/master

Compress images
-----------------------------------------------------------------

Merge commit 31 is -> 
{ 2e88e31a5cd33ef049c53ae6bcd4ec55c91ee998 is a merge commit
---> Commit message - Merge branch 'master' of github.com:mozilla/brick
-----------------------------------------------------------------

Merge commit 32 is -> 
{ 777f6ebace47481bf18de89b6b196a296295a591 is a merge commit
---> Commit message - Merge branch 'stylus' of github.com:mozilla/brick into stylus

Conflicts:
	build/mixins.styl
	build/params.styl
	component/calendar/src/calendar.styl
	dist/brick.css
-----------------------------------------------------------------

Merge commit 33 is -> 
{ 659747a389048d102956311fd0bd3761c0f33e06 is a merge commit
---> Commit message - Merge branch 'stylus' of github.com:mozilla/brick into stylus
-----------------------------------------------------------------

Merge commit 34 is -> 
{ f6670b4bdb3871d3bcd21a4a0fae1ec4533bcddb is a merge commit
---> Commit message - Merge branch 'master' of github.com:mozilla/brick into stylus
-----------------------------------------------------------------

Merge commit 35 is -> 
{ 6addbae9a06ddaf1f776fe0e2f756ac3af98f38d is a merge commit
---> Commit message - Merge branch 'stylus' of github.com:mozilla/brick into stylus
-----------------------------------------------------------------

Merge commit 36 is -> 
{ 2b267eea9ad92359587e56b4df473229de9e27a6 is a merge commit
---> Commit message - Merge branch 'stylus'

Conflicts:
	dist/layout/layout.min.css
-----------------------------------------------------------------

Merge commit 37 is -> 
{ f347b3a4333c44cf3752047299fde17ace95c668 is a merge commit
---> Commit message - Merge pull request #69 from nschonni/grunt-travis-cleanup

Grunt travis cleanup
-----------------------------------------------------------------

Merge commit 38 is -> 
{ 9496259ab48dcc5f9bf23ec4ffd61847c3111e84 is a merge commit
---> Commit message - merged grunt branch
-----------------------------------------------------------------

Merge commit 39 is -> 
{ 32bd98ce6fa0f4304426f1fb3708bb914b1d803f is a merge commit
---> Commit message - Merge pull request #86 from mozilla/skin

Support skinning brick via build process
-----------------------------------------------------------------

Merge commit 40 is -> 
{ e32c7095e9d01c767e4214577049cc21d6140c53 is a merge commit
---> Commit message - Merge pull request #94 from mozilla/downloadfix

fix byob bundler
-----------------------------------------------------------------

Merge commit 41 is -> 
{ b7aedcacd3a2798d6fdb0d280285e1c6c8be2326 is a merge commit
---> Commit message - merged
-----------------------------------------------------------------

Merge commit 42 is -> 
{ f991d44ebeccb2e0157bda0c1078af348f1ee983 is a merge commit
---> Commit message - Merge branch 'master' of github.com:mozilla/brick
-----------------------------------------------------------------

Merge commit 43 is -> 
{ 8ab1d9dafb06a87777669625a81bc1c192354292 is a merge commit
---> Commit message - Merge branch 'master' of github.com:mozilla/brick
-----------------------------------------------------------------

Merge commit 44 is -> 
{ fa67901a8841644000461b775e5c0d98ff2473d4 is a merge commit
---> Commit message - Merge branch 'master' of github.com:mozilla/brick
-----------------------------------------------------------------

Merge commit 45 is -> 
{ 4ea92a14f55d8dff37758e09bd01a9672316b8a8 is a merge commit
---> Commit message - Merge branch 'master' of github.com:mozilla/brick
-----------------------------------------------------------------

Merge commit 46 is -> 
{ f896b80a8de296dbd89c08cc407ba8e85ba20275 is a merge commit
---> Commit message - Merge branch 'master' of github.com:mozilla/brick
-----------------------------------------------------------------

Merge commit 47 is -> 
{ d97e5ac71319cfc7867a3dd6d84a22fa556771c0 is a merge commit
---> Commit message - Merge pull request #125 from pennyfx/dep-rework

Fixed dependencies to use bower dependency tree
-----------------------------------------------------------------

Merge commit 48 is -> 
{ a423a1b695205abc64620639debeeeb25090bc48 is a merge commit
---> Commit message - Merge pull request #144 from ryanseys/docs

Clean docs
-----------------------------------------------------------------

Merge commit 49 is -> 
{ 5544a91ece9a5ad0b7134173e159094f891a30af is a merge commit
---> Commit message - Merge pull request #150 from mozilla/fix-136

"Brick is in perpetual beta" (close #136)
-----------------------------------------------------------------

Merge commit 50 is -> 
{ 97c35d1cc72cf71b409d9221531094d1ee61f8fc is a merge commit
---> Commit message - Merge pull request #149 from mozilla/readme-copywriting

Tidy README (better text formatting & structure)
-----------------------------------------------------------------

Merge commit 51 is -> 
{ 198f174452a0b947bef57dfd0cd796e04ec20250 is a merge commit
---> Commit message - Merge pull request #147 from pennyfx/dep-fxi2

Fixed bug in build system
-----------------------------------------------------------------

Merge commit 52 is -> 
{ ad055c9a2ba559e81987b51997e8347fca831d25 is a merge commit
---> Commit message - Merge pull request #152 from potch/master

update site for 1.0.1
-----------------------------------------------------------------

Merge commit 53 is -> 
{ 9c313aeae6a3cf8bb11b0834ec2e8f3708031424 is a merge commit
---> Commit message - Merge pull request #156 from ScottMichaud/LightChanges

Created CONTIBUTING.md
-----------------------------------------------------------------

Merge commit 54 is -> 
{ 0d98237e10011710d901108cafe1c14d446a7659 is a merge commit
---> Commit message - Merge pull request #151 from mozilla/new-coat-of-paint

@tofumatt rocks.
-----------------------------------------------------------------

Merge commit 55 is -> 
{ 88a11efe422aaf21b283dc2a2eab0f59d09e3be8 is a merge commit
---> Commit message - Merge pull request #167 from mozilla/fix-max-width-on-jumbotron

Decrease bg saturation (@sole!) and fix max-width bug yeeeeaahhh
-----------------------------------------------------------------

Merge commit 56 is -> 
{ 1cf0d251d1a9379bde6b62f9b69e06f5c08114d5 is a merge commit
---> Commit message - Merge pull request #168 from mozilla/improve-grunt-tasks

WIP: Run casper tests with grunt and clean up gruntfile
-----------------------------------------------------------------

Merge commit 57 is -> 
{ b32e804a269654911c0d7a5663d8e7affda4b81a is a merge commit
---> Commit message - Merge pull request #160 from rodms10/master

Fixing byob TypeError: Constructor TextEncoder requires 'new'
-----------------------------------------------------------------

Merge commit 58 is -> 
{ e5a31cc1120e064af9912b86d7394d409f9676b7 is a merge commit
---> Commit message - Merge pull request #175 from potch/master

Sneak some gulp in here
-----------------------------------------------------------------

Merge commit 59 is -> 
{ 788b76e609094c2302a4b6a7b37b64405277690a is a merge commit
---> Commit message - Merge pull request #176 from dotch/master

commented out css which caused second flipbox demo to display weird
-----------------------------------------------------------------

Merge commit 60 is -> 
{ b803a50aae822f95c2d000b173e6c779357026f7 is a merge commit
---> Commit message - Merge pull request #178 from mozilla/dlpage

Added advanced section to download page
-----------------------------------------------------------------

Merge commit 61 is -> 
{ c30e1886099edb3de347a864bae005930201d86e is a merge commit
---> Commit message - Merge pull request #182 from casarock/wrong-url

Fixed URLs to link to correct brick website 
-----------------------------------------------------------------

Merge commit 62 is -> 
{ cd8fa28edda834f26bbefb8d40eb2ce6552c2351 is a merge commit
---> Commit message - Merge pull request #183 from potch/master

version tweak
-----------------------------------------------------------------

Merge commit 63 is -> 
{ 19b0acf98fe2eab5cc51d0953388707c25b9bc19 is a merge commit
---> Commit message - Merge pull request #184 from potch/master

move to mozbrick deps
-----------------------------------------------------------------

Merge commit 64 is -> 
{ 195ddda4915ef7e901ffda51d5f1345f1931df82 is a merge commit
---> Commit message - Merge pull request #185 from potch/master

add readme
-----------------------------------------------------------------

Merge commit 65 is -> 
{ 8bf7faa8c5ba506b193fb9c079e98dd582e0140a is a merge commit
---> Commit message - Merge pull request #186 from potch/master

add repos to readme
-----------------------------------------------------------------

Merge commit 66 is -> 
{ 1ac9b83508e9d0a9c4a1c90003136ee93f4f79f0 is a merge commit
---> Commit message - Merge pull request #187 from sole/fix-travis-link

Correct travis link
-----------------------------------------------------------------

Merge commit 67 is -> 
{ 8f6edf874870234228d4cd9c03e6bd6e0f81b9e2 is a merge commit
---> Commit message - Merge pull request #188 from dotch/master

added brick-action
-----------------------------------------------------------------

Merge commit 68 is -> 
{ 57aa331dac283c5fe83bedb396838b8b831400cc is a merge commit
---> Commit message - Merge pull request #195 from dotch/master

added brick-storage-indexeddb and brick-form
-----------------------------------------------------------------

Merge commit 69 is -> 
{ 6b577ab0222ee52b1f11eceb7ac765ed747bf8e4 is a merge commit
---> Commit message - Merge pull request #223 from dotch/master

added appbar, added calendar, renamed task folder
-----------------------------------------------------------------

Merge commit 70 is -> 
{ 8173a96af5ce0cc784b7bc3cefb98c530b99d273 is a merge commit
---> Commit message - Merge pull request #225 from dotch/master

updated component versions
-----------------------------------------------------------------

Merge commit 71 is -> 
{ 42c9d7d0964ef130bd072de403a57ec2d6a99a0b is a merge commit
---> Commit message - Merge pull request #226 from dotch/master

added brick-menu
-----------------------------------------------------------------

Merge commit 72 is -> 
{ e5963b580863bf20bb1104c69714e9008c2f7ca4 is a merge commit
---> Commit message - Merge pull request #228 from potch/master

Add CONTRIBUTING file
-----------------------------------------------------------------

Merge commit 73 is -> 
{ 37db2f0c5b6605e5619a914d0af4d7de483c34e2 is a merge commit
---> Commit message - Merge branch 'master' of https://github.com/mozbrick/brick
-----------------------------------------------------------------

Merge commit 74 is -> 
{ a44e2172010ec072702ba633c85de1b05dc8c1d4 is a merge commit
---> Commit message - Merge pull request #229 from dotch/master

component updates
-----------------------------------------------------------------

Merge commit 75 is -> 
{ 67b8b30a238245ebd9a886e938dbcf70f7829bb8 is a merge commit
---> Commit message - Merge pull request #232 from dotch/master

updated layout version
-----------------------------------------------------------------

Merge commit 76 is -> 
{ 8ddb81cda534023e2270e92774841b01223e0a14 is a merge commit
---> Commit message - Merge pull request #236 from nicola/build-1

Building brick and commented nested imports
-----------------------------------------------------------------

Merge commit 77 is -> 
{ 0e513609804e74fb02630ed95612f3c2ff042532 is a merge commit
---> Commit message - Merge pull request #240 from mozbrick/travis

Travis
-----------------------------------------------------------------

Merge commit 78 is -> 
{ 2ed60f5b215e291ff6e105e3e3d20fae8e961464 is a merge commit
---> Commit message - Merge pull request #241 from dotch/master

rebuilt including new and updated components
-----------------------------------------------------------------

Merge commit 79 is -> 
{ a2fb31adbb85a04424eb1f72e238e192db1ded94 is a merge commit
---> Commit message - Merge pull request #244 from dotch/master

added brick form
-----------------------------------------------------------------

Merge commit 80 is -> 
{ 4520858eb1a2bb0c3b74807931e5b92aebe7a0c9 is a merge commit
---> Commit message - Merge pull request #247 from dotch/master

component updates
-----------------------------------------------------------------

Merge commit 81 is -> 
{ 2d5850abcbd26906af3ad99808288935d1114b7a is a merge commit
---> Commit message - Merge pull request #249 from dotch/master

form update
-----------------------------------------------------------------

Merge commit 82 is -> 
{ e649290479ccd2c3b1712a94bb1a0470e7bdd427 is a merge commit
---> Commit message - Merge pull request #250 from dotch/master

updated brick-common
-----------------------------------------------------------------

Merge commit 83 is -> 
{ 0d683b2abfa1a744587789e2a9792f00f8d99aa7 is a merge commit
---> Commit message - Merge pull request #251 from nicola/brick-dialog

Adding brick-dialog, fix #213
-----------------------------------------------------------------

Merge commit 84 is -> 
{ 15c0f1c57b3654f551b7ee44b7a38a3dd9fbe178 is a merge commit
---> Commit message - Merge pull request #252 from dotch/master

new form version
-----------------------------------------------------------------

Merge commit 85 is -> 
{ 80245c59c4c0e9bf978990b4f80a88ad8e4c9c7f is a merge commit
---> Commit message - Merge pull request #253 from dotch/master

new version of tabbar
-----------------------------------------------------------------

Merge commit 86 is -> 
{ 9f67fb3cb09648c361933c9971a5e1dbb0e540a2 is a merge commit
---> Commit message - Merge pull request #255 from mythmon/patch-1

Update clone all script to use bash  array syntax.
-----------------------------------------------------------------

Merge commit 87 is -> 
{ 55fa7f8e3c33244a95ffe802600d197d7a3bf4bf is a merge commit
---> Commit message - Merge pull request #256 from potch/master

re-build and tests
-----------------------------------------------------------------

Merge commit 88 is -> 
{ 5f30435b2351e68b823cac320350214f85e7b543 is a merge commit
---> Commit message - Merge pull request #259 from dotch/master

updated readme and text, rebuilt new versions
-----------------------------------------------------------------

Merge commit 89 is -> 
{ 0d1c0b5a6e72df999c4b67dba9383573f98899fe is a merge commit
---> Commit message - Merge pull request #260 from dotch/master

updated listview version
-----------------------------------------------------------------

Merge commit 90 is -> 
{ 2225d3001b98a7b92b185ce85e8f6ef8d01ee28f is a merge commit
---> Commit message - Merge pull request #261 from dotch/master

component upgrades
-----------------------------------------------------------------

Merge commit 91 is -> 
{ d1e7c19ea298db8c1865b75b5e48acb5a3b4f4f8 is a merge commit
---> Commit message - Merge pull request #262 from dotch/master

added brick button
-----------------------------------------------------------------

Merge commit 92 is -> 
{ 65ecdb5c96fad996010a6efbf70b6168734e4aec is a merge commit
---> Commit message - Merge pull request #263 from dotch/master

updated calendar
-----------------------------------------------------------------

Merge commit 93 is -> 
{ 4cf4100085e736805f5f57b6f09da0e724cd4099 is a merge commit
---> Commit message - Merge pull request #267 from ChristianKohler/master

Added server task to gulpfile
-----------------------------------------------------------------

