# of reverts = 100
Revert diff pair 1 is -> 
{ 3eaac7cc2b5ad49276144da213263fefa3fcc262 -> 92ea102c7f24a4d32a4c9b7b4e9215a906f6fdfc } is a revert
{ 92ea102c7f24a4d32a4c9b7b4e9215a906f6fdfc -> 2a73c9986e078b5840b21ebd4cc1e0ddf8f4b074 }
Revert commits SHA are -> 
92ea102c7f24a4d32a4c9b7b4e9215a906f6fdfc - revert - 2a73c9986e078b5840b21ebd4cc1e0ddf8f4b074
---> The reverted commit sha is - 92ea102c7f24a4d32a4c9b7b4e9215a906f6fdfc
Commit message - Fixed LabelTTF#_updateString bug
---> The original commit sha is - 2a73c9986e078b5840b21ebd4cc1e0ddf8f4b074
Commit message - Merge pull request #2422 from dingpinglv/Iss2416_RefactorRenderer

Issue #2416: replace some deprecated APIs to new APIs
-----------------------------------------------------------------

Revert diff pair 2 is -> 
{ 420c9b8fcd7940d4531dfb7bf872ee12cc9e82f7 -> 1ee46fbcb3c863f7d14d5ba2b0b8a00b7adc2980 } is a revert
{ 1ee46fbcb3c863f7d14d5ba2b0b8a00b7adc2980 -> 97da9d48f8e97dde82ff05bc1c3e03f3ec3861f7 }
Revert commits SHA are -> 
1ee46fbcb3c863f7d14d5ba2b0b8a00b7adc2980 - revert - 97da9d48f8e97dde82ff05bc1c3e03f3ec3861f7
---> The reverted commit sha is - 1ee46fbcb3c863f7d14d5ba2b0b8a00b7adc2980
Commit message - Fixed #5990: Improve Facebook SDK
---> The original commit sha is - 97da9d48f8e97dde82ff05bc1c3e03f3ec3861f7
Commit message - Merge pull request #2367 from joshuastray/create_branch

rename CSLoader to csLoader
-----------------------------------------------------------------

Revert diff pair 3 is -> 
{ 93d21a2c216915b020b2a7bcf8b1584c79855f85 -> cc1ccc5f50b71e3445682dce9c83a762351a7288 } is a revert
{ cc1ccc5f50b71e3445682dce9c83a762351a7288 -> 9a2256b9fdfc0d4b729a9a6b6552052760fbe61d }
Revert commits SHA are -> 
cc1ccc5f50b71e3445682dce9c83a762351a7288 - revert - 9a2256b9fdfc0d4b729a9a6b6552052760fbe61d
---> The reverted commit sha is - cc1ccc5f50b71e3445682dce9c83a762351a7288
Commit message - Fixed some typo.
---> The original commit sha is - 9a2256b9fdfc0d4b729a9a6b6552052760fbe61d
Commit message - Merge branch 'Renderer' of https://github.com/cocos2d/cocos2d-html5 into Iss5941_WebGLRenderer
-----------------------------------------------------------------

Revert diff pair 4 is -> 
{ 6a18b627735de7ad517e018213500efaff3b1295 -> 78d915901e5d98d95d3779ef9889cba5df198cd7 } is a revert
{ 6800a3da62b1876f41fdda38b077ba3fb10698a9 -> 04ad6acd916a62783fc0da44907199fa4144597d }
Revert commits SHA are -> 
78d915901e5d98d95d3779ef9889cba5df198cd7 - revert - 04ad6acd916a62783fc0da44907199fa4144597d
---> The reverted commit sha is - 78d915901e5d98d95d3779ef9889cba5df198cd7
Commit message - Merge pull request #2272 from VisualSJ/Renderer

Clipping Node
---> The original commit sha is - 04ad6acd916a62783fc0da44907199fa4144597d
Commit message - Merge branch 'Renderer' of git://github.com/cocos2d/cocos2d-html5 into Renderer
-----------------------------------------------------------------

Revert diff pair 5 is -> 
{ 825466ecd0a5a4de7b03ecacc9e3acc57d94ea6f -> 6a18b627735de7ad517e018213500efaff3b1295 } is a revert
{ 6a18b627735de7ad517e018213500efaff3b1295 -> 78d915901e5d98d95d3779ef9889cba5df198cd7 }
Revert commits SHA are -> 
6a18b627735de7ad517e018213500efaff3b1295 - revert - 78d915901e5d98d95d3779ef9889cba5df198cd7
---> The reverted commit sha is - 6a18b627735de7ad517e018213500efaff3b1295
Commit message - Merge branch 'develop' of git://github.com/cocos2d/cocos2d-html5 into Renderer
---> The original commit sha is - 78d915901e5d98d95d3779ef9889cba5df198cd7
Commit message - Merge pull request #2272 from VisualSJ/Renderer

Clipping Node
-----------------------------------------------------------------

Revert diff pair 6 is -> 
{ 92dc3d6dd02365b5d74ff3954c644af90f7b7623 -> 8c4df5845602f8c906e4bf308865b98e40bca223 } is a revert
{ 8c4df5845602f8c906e4bf308865b98e40bca223 -> 6f1b42bb9da1a8993cef77ae496fd7842449331d }
Revert commits SHA are -> 
8c4df5845602f8c906e4bf308865b98e40bca223 - revert - 6f1b42bb9da1a8993cef77ae496fd7842449331d
---> The reverted commit sha is - 8c4df5845602f8c906e4bf308865b98e40bca223
Commit message - Merge branch 'develop' of git://github.com/cocos2d/cocos2d-html5 into develop
---> The original commit sha is - 6f1b42bb9da1a8993cef77ae496fd7842449331d
Commit message - Merge pull request #2250 from dingpinglv/develop

Fixed a bug of cc.LabelBMFont on IE 11
-----------------------------------------------------------------

Revert diff pair 7 is -> 
{ 093428b11b12c0c35804b49b3360418458f72e26 -> d9b9a9339bf20e566f7e84da63f41a4946b48b4c } is a revert
{ d9b9a9339bf20e566f7e84da63f41a4946b48b4c -> 8cdea6ed11b9f1526f5c75fca7df6e9ae1653434 }
Revert commits SHA are -> 
d9b9a9339bf20e566f7e84da63f41a4946b48b4c - revert - 8cdea6ed11b9f1526f5c75fca7df6e9ae1653434
---> The reverted commit sha is - d9b9a9339bf20e566f7e84da63f41a4946b48b4c
Commit message - [3.0 Release] Add Changelog
---> The original commit sha is - 8cdea6ed11b9f1526f5c75fca7df6e9ae1653434
Commit message - Merge pull request #2242 from dingpinglv/develop

Adds setTargetDensityDPI/getTargetDensityDPI to cc.view.
-----------------------------------------------------------------

Revert diff pair 8 is -> 
{ 13a09602960f2cc970d20a7fcf8a243438cf41c3 -> a699071bcd715e43673ee67cd552e1d1fcc8b866 } is a revert
{ a699071bcd715e43673ee67cd552e1d1fcc8b866 -> 52cb42b3c9c7eeacaae90ca078e77c6f5266f32c }
Revert commits SHA are -> 
a699071bcd715e43673ee67cd552e1d1fcc8b866 - revert - 52cb42b3c9c7eeacaae90ca078e77c6f5266f32c
---> The reverted commit sha is - a699071bcd715e43673ee67cd552e1d1fcc8b866
Commit message - Fixed #5914: Remote texture is fail
---> The original commit sha is - 52cb42b3c9c7eeacaae90ca078e77c6f5266f32c
Commit message - Merge pull request #2229 from dingpinglv/Iss5894_CocostudioDocs

Issue #5894: adds Cocostudio datas' jsDocs
-----------------------------------------------------------------

Revert diff pair 9 is -> 
{ 1e5e1be60523bb892b7ea551edc4c59ba722a370 -> 6c8c03554630947cd0e88536af1c7d9b57919e58 } is a revert
{ 6c8c03554630947cd0e88536af1c7d9b57919e58 -> 8e3ec0c76a83c2bcd45774072567b845db5f5f3f }
Revert commits SHA are -> 
6c8c03554630947cd0e88536af1c7d9b57919e58 - revert - 8e3ec0c76a83c2bcd45774072567b845db5f5f3f
---> The reverted commit sha is - 6c8c03554630947cd0e88536af1c7d9b57919e58
Commit message - Issue #5906: The NO_BORDER coordinate system, the scaling error
---> The original commit sha is - 8e3ec0c76a83c2bcd45774072567b845db5f5f3f
Commit message - Merge pull request #2222 from VisualSJ/5695

Issue #5695: Modify the login compatibility
-----------------------------------------------------------------

Revert diff pair 10 is -> 
{ cdce817f7923e6742d6aae70a5939572ae7e97a8 -> 101b81dec2c2b137527a375d8f3b8c0229b766a7 } is a revert
{ d1b7f350ccdd26fe7ad5583b5144af5fb5df83d5 -> d3f208fcf45b4ed7a018a1d70b3cbb3c64178702 }
Revert commits SHA are -> 
101b81dec2c2b137527a375d8f3b8c0229b766a7 - revert - d3f208fcf45b4ed7a018a1d70b3cbb3c64178702
---> The reverted commit sha is - 101b81dec2c2b137527a375d8f3b8c0229b766a7
Commit message - Merge branch 'develop' of git://github.com/cocos2d/cocos2d-html5 into develop
---> The original commit sha is - d3f208fcf45b4ed7a018a1d70b3cbb3c64178702
Commit message - Merge branch 'develop' of git://github.com/cocos2d/cocos2d-html5 into develop
-----------------------------------------------------------------

Revert diff pair 11 is -> 
{ 4344f6484a53a70cbdb1b9c9c77c4721518d953e -> 0201daaf3aefb3bfd0c85313fc03a285abc83afb } is a revert
{ 0201daaf3aefb3bfd0c85313fc03a285abc83afb -> 5a98b3532c8c302f5c6a20eca2fbcb1fe6a1beca }
Revert commits SHA are -> 
0201daaf3aefb3bfd0c85313fc03a285abc83afb - revert - 5a98b3532c8c302f5c6a20eca2fbcb1fe6a1beca
---> The reverted commit sha is - 0201daaf3aefb3bfd0c85313fc03a285abc83afb
Commit message - Merge branch 'develop' of git://github.com/cocos2d/cocos2d-html5 into develop
---> The original commit sha is - 5a98b3532c8c302f5c6a20eca2fbcb1fe6a1beca
Commit message - Merge pull request #2151 from mutoo/develop

fix ui animation does not easing issue;
-----------------------------------------------------------------

Revert diff pair 12 is -> 
{ 724802680c91749af8042169071a2c5063a2426b -> 2bc36825404d1f8a6392e66b918056310710acef } is a revert
{ 2bc36825404d1f8a6392e66b918056310710acef -> 386217655cea1439377443b589dbf32819822e78 }
Revert commits SHA are -> 
2bc36825404d1f8a6392e66b918056310710acef - revert - 386217655cea1439377443b589dbf32819822e78
---> The reverted commit sha is - 2bc36825404d1f8a6392e66b918056310710acef
Commit message - Fixed #5702: nodeToParentTransform -> getNodeToParentTransform
---> The original commit sha is - 386217655cea1439377443b589dbf32819822e78
Commit message - Merge pull request #2062 from dingpinglv/Iss5781_ReleaseV3rc2

Fixed #5781: correct a bug of cc.WebAudio that sourceNode's playbackState is invalid
-----------------------------------------------------------------

Revert diff pair 13 is -> 
{ f322bbc1b9cf4fd50d47dce3a43c46b7e2dbca08 -> 0fec701b82ce835d32019b2d42f4b55e2d769eaa } is a revert
{ 0fec701b82ce835d32019b2d42f4b55e2d769eaa -> c80f4f1159faae0ef228b915a51106c36f146429 }
Revert commits SHA are -> 
0fec701b82ce835d32019b2d42f4b55e2d769eaa - revert - c80f4f1159faae0ef228b915a51106c36f146429
---> The reverted commit sha is - 0fec701b82ce835d32019b2d42f4b55e2d769eaa
Commit message - Fixed #2030: Label text bounding error
---> The original commit sha is - c80f4f1159faae0ef228b915a51106c36f146429
Commit message - Merge pull request #2035 from pandamicro/develop

Fixed #5775: Correct behavior of cc.TransitionSlideInB and cc.Transition...
-----------------------------------------------------------------

Revert diff pair 14 is -> 
{ 67e3584382bbe4ab4c1f852f5491c6d70a13cfc3 -> 4d3f8d744b4e1617346a4c2f3a30414142c370ff } is a revert
{ ab9e4157e2b55e3199c7ff57af4ac171ce0ec10e -> 11fa6ec5b1df20dc0bfc8adec20b704f93fa3b19 }
Revert commits SHA are -> 
4d3f8d744b4e1617346a4c2f3a30414142c370ff - revert - 11fa6ec5b1df20dc0bfc8adec20b704f93fa3b19
---> The reverted commit sha is - 4d3f8d744b4e1617346a4c2f3a30414142c370ff
Commit message - Fixed #5757: fixed a bug of cc.Scale9Sprite after migrated
---> The original commit sha is - 11fa6ec5b1df20dc0bfc8adec20b704f93fa3b19
Commit message - Merge branch 'develop' of git://github.com/cocos2d/cocos2d-html5 into Iss5757_Scale9Sprite
-----------------------------------------------------------------

Revert diff pair 15 is -> 
{ 4d3f8d744b4e1617346a4c2f3a30414142c370ff -> ab9e4157e2b55e3199c7ff57af4ac171ce0ec10e } is a revert
{ ab9e4157e2b55e3199c7ff57af4ac171ce0ec10e -> 11fa6ec5b1df20dc0bfc8adec20b704f93fa3b19 }
Revert commits SHA are -> 
ab9e4157e2b55e3199c7ff57af4ac171ce0ec10e - revert - 11fa6ec5b1df20dc0bfc8adec20b704f93fa3b19
---> The reverted commit sha is - ab9e4157e2b55e3199c7ff57af4ac171ce0ec10e
Commit message - Merge pull request #2018 from dingpinglv/Iss5757_Scale9Sprite

Closed #5757: migrate -x Scale9Sprite to CH5
---> The original commit sha is - 11fa6ec5b1df20dc0bfc8adec20b704f93fa3b19
Commit message - Merge branch 'develop' of git://github.com/cocos2d/cocos2d-html5 into Iss5757_Scale9Sprite
-----------------------------------------------------------------

Revert diff pair 16 is -> 
{ 67e3584382bbe4ab4c1f852f5491c6d70a13cfc3 -> 4d3f8d744b4e1617346a4c2f3a30414142c370ff } is a revert
{ 4d3f8d744b4e1617346a4c2f3a30414142c370ff -> ab9e4157e2b55e3199c7ff57af4ac171ce0ec10e }
Revert commits SHA are -> 
4d3f8d744b4e1617346a4c2f3a30414142c370ff - revert - ab9e4157e2b55e3199c7ff57af4ac171ce0ec10e
---> The reverted commit sha is - 4d3f8d744b4e1617346a4c2f3a30414142c370ff
Commit message - Fixed #5757: fixed a bug of cc.Scale9Sprite after migrated
---> The original commit sha is - ab9e4157e2b55e3199c7ff57af4ac171ce0ec10e
Commit message - Merge pull request #2018 from dingpinglv/Iss5757_Scale9Sprite

Closed #5757: migrate -x Scale9Sprite to CH5
-----------------------------------------------------------------

Revert diff pair 17 is -> 
{ 24e264a075c16b0c9a722f57d6c00939aa26a09f -> d1529688f978c4959b356bbf24ea42567ef712ac } is a revert
{ d1529688f978c4959b356bbf24ea42567ef712ac -> 0ac8d91c11be17d12e5944b863af7c358cc34ca6 }
Revert commits SHA are -> 
d1529688f978c4959b356bbf24ea42567ef712ac - revert - 0ac8d91c11be17d12e5944b863af7c358cc34ca6
---> The reverted commit sha is - d1529688f978c4959b356bbf24ea42567ef712ac
Commit message - Issue #5600: Fixed a bug about UICheckBox
---> The original commit sha is - 0ac8d91c11be17d12e5944b863af7c358cc34ca6
Commit message - Merge pull request #1952 from pandamicro/develop

Release #5636: Move plugin-x to external
-----------------------------------------------------------------

Revert diff pair 18 is -> 
{ 936b4228c6da59e2a3a760d72c9e8b6a0aafa3a2 -> 1291ea5cf1f6a7827c89a8ec919c094d4e707b00 } is a revert
{ 1291ea5cf1f6a7827c89a8ec919c094d4e707b00 -> b71c5dec418dceafc490edd65f2c79317a1bfc0d }
Revert commits SHA are -> 
1291ea5cf1f6a7827c89a8ec919c094d4e707b00 - revert - b71c5dec418dceafc490edd65f2c79317a1bfc0d
---> The reverted commit sha is - 1291ea5cf1f6a7827c89a8ec919c094d4e707b00
Commit message - fix bug on create a sequence objcet or a spawn object using new method
---> The original commit sha is - b71c5dec418dceafc490edd65f2c79317a1bfc0d
Commit message - Merge pull request #1942 from wuzhiming/ccpool

add CCPool into extensions
-----------------------------------------------------------------

Revert diff pair 19 is -> 
{ 2ab03068a25395363134beac59a5a4be62d582c4 -> 4f995d0c4466e9158873a7b7a0c36af24167e4e9 } is a revert
{ 4f995d0c4466e9158873a7b7a0c36af24167e4e9 -> f537d548164383ff970d365992c30e401e89deae }
Revert commits SHA are -> 
4f995d0c4466e9158873a7b7a0c36af24167e4e9 - revert - f537d548164383ff970d365992c30e401e89deae
---> The reverted commit sha is - 4f995d0c4466e9158873a7b7a0c36af24167e4e9
Commit message - Merge and Modification from @f15gdsy
---> The original commit sha is - f537d548164383ff970d365992c30e401e89deae
Commit message - Merge pull request #1886 from dingpinglv/iss5414_MultipleExtend

Closed #5414: multiple property object supports in extend function
-----------------------------------------------------------------

Revert diff pair 20 is -> 
{ 076b9b9121e2e4f8000028582e09654af0f7933d -> ee1c6dd96101e29d9daec6e37aa13e7bb0d2aeb3 } is a revert
{ ee1c6dd96101e29d9daec6e37aa13e7bb0d2aeb3 -> ae4a8c8aad7561ddc6275b396ba396909e927cc0 }
Revert commits SHA are -> 
ee1c6dd96101e29d9daec6e37aa13e7bb0d2aeb3 - revert - ae4a8c8aad7561ddc6275b396ba396909e927cc0
---> The reverted commit sha is - ee1c6dd96101e29d9daec6e37aa13e7bb0d2aeb3
Commit message - fixed a bug which bounce frame ease type called a wrong api
---> The original commit sha is - ae4a8c8aad7561ddc6275b396ba396909e927cc0
Commit message - Merge pull request #1870 from VisualSJ/develop-5-21

Fix some of the problems
-----------------------------------------------------------------

Revert diff pair 21 is -> 
{ 053989dbc18d288a1b9c7e2d3644cf988adf590b -> 92f25c24786d7d3d1f83ac7ff348bb6240051cbc } is a revert
{ d18be5023d21326d34e040a9ee1f69cfbb71db98 -> 759e4c69f15118158926e82ec7fbe12909d7ec1f }
Revert commits SHA are -> 
92f25c24786d7d3d1f83ac7ff348bb6240051cbc - revert - 759e4c69f15118158926e82ec7fbe12909d7ec1f
---> The reverted commit sha is - 92f25c24786d7d3d1f83ac7ff348bb6240051cbc
Commit message - Issue #5040: Improve ParticleSystem default initialization, no init function call if no parameter given
---> The original commit sha is - 759e4c69f15118158926e82ec7fbe12909d7ec1f
Commit message - fix cocosbuilder create particle error
-----------------------------------------------------------------

Revert diff pair 22 is -> 
{ fb592b4c780c897c63b01321924b55cf1dcad04a -> a448166ca75d3d1456b6f339ad9a659dae52c4d5 } is a revert
{ d18be5023d21326d34e040a9ee1f69cfbb71db98 -> 759e4c69f15118158926e82ec7fbe12909d7ec1f }
Revert commits SHA are -> 
a448166ca75d3d1456b6f339ad9a659dae52c4d5 - revert - 759e4c69f15118158926e82ec7fbe12909d7ec1f
---> The reverted commit sha is - a448166ca75d3d1456b6f339ad9a659dae52c4d5
Commit message - Merge pull request #1830 from dingpinglv/Iss4975_SpineV3

Closed #4975: integrate spine into -html5 v3.0 beta
---> The original commit sha is - 759e4c69f15118158926e82ec7fbe12909d7ec1f
Commit message - fix cocosbuilder create particle error
-----------------------------------------------------------------

Revert diff pair 23 is -> 
{ 4b6ca4e611f5a59d66ef29c87dc154302879e48f -> b33676e07a8f9306172ce57c72688bd087bd289d } is a revert
{ b33676e07a8f9306172ce57c72688bd087bd289d -> 915c71e9a3f40813fda01f642e6f40fa6f7011d4 }
Revert commits SHA are -> 
b33676e07a8f9306172ce57c72688bd087bd289d - revert - 915c71e9a3f40813fda01f642e6f40fa6f7011d4
---> The reverted commit sha is - b33676e07a8f9306172ce57c72688bd087bd289d
Commit message - Fix Firefox audio bug

In the `_play` method, the `offset` parameter can sometimes be `undefined`. This causes the following error in Firefox which effectively disables all audio:

`TypeError: Argument 2 of AudioBufferSourceNode.start is not a finite floating-point value. sourceNode.start(0, offset);`

This pull request fixes the bug by ensuring the offset is 0 if undefined.
---> The original commit sha is - 915c71e9a3f40813fda01f642e6f40fa6f7011d4
Commit message - Merge pull request #1805 from NatWeiss/patch-10

Fixes WebGL Warning if Invalid Texture
-----------------------------------------------------------------

Revert diff pair 24 is -> 
{ faabe2d45f6044728b1dec67805049e7ec7c7a09 -> 351f30312c039ba59c5fb832b843a6921a56464a } is a revert
{ 351f30312c039ba59c5fb832b843a6921a56464a -> 273bd9c2ccb7002347f3b427a753cbd3d5b90b37 }
Revert commits SHA are -> 
351f30312c039ba59c5fb832b843a6921a56464a - revert - 273bd9c2ccb7002347f3b427a753cbd3d5b90b37
---> The reverted commit sha is - 351f30312c039ba59c5fb832b843a6921a56464a
Commit message - Fixed #4857: Add check to cc._setup to avoid double invocation
---> The original commit sha is - 273bd9c2ccb7002347f3b427a753cbd3d5b90b37
Commit message - Merge pull request #1778 from joshuastray/develop-3.0

 fixed #4853:fix bug cc.winSize incorrect when using setDesignResolution...
-----------------------------------------------------------------

Revert diff pair 25 is -> 
{ 46b4df02c04ba965bb6292a33905fc3a9e2de6e3 -> a7d9489a45f099c4e2a190cf31f6d22e4a19e8de } is a revert
{ a7d9489a45f099c4e2a190cf31f6d22e4a19e8de -> a620b09b9fd90740744cf32e63b1158a23432381 }
Revert commits SHA are -> 
a7d9489a45f099c4e2a190cf31f6d22e4a19e8de - revert - a620b09b9fd90740744cf32e63b1158a23432381
---> The reverted commit sha is - a7d9489a45f099c4e2a190cf31f6d22e4a19e8de
Commit message - Issue #4608: Fixed a bug that BinaryLoader.js is missing in the moduleConfig
---> The original commit sha is - a620b09b9fd90740744cf32e63b1158a23432381
Commit message - Merge pull request #1750 from pandamicro/develop-3.0

Fixed #4722: Rename all Uppercase functions to lowercase in CCMacro
-----------------------------------------------------------------

Revert diff pair 26 is -> 
{ db14ab628dace6b786bc99f8794662cb8269f2f0 -> b5dfc7ef3872efbb69951b547e07ea9a515d9773 } is a revert
{ b5dfc7ef3872efbb69951b547e07ea9a515d9773 -> 28ba2ecabb54c5a133bd964a1912e7ad34932ce8 }
Revert commits SHA are -> 
b5dfc7ef3872efbb69951b547e07ea9a515d9773 - revert - 28ba2ecabb54c5a133bd964a1912e7ad34932ce8
---> The reverted commit sha is - b5dfc7ef3872efbb69951b547e07ea9a515d9773
Commit message - Issue #4608: Revert Minimize the size of engine core
---> The original commit sha is - 28ba2ecabb54c5a133bd964a1912e7ad34932ce8
Commit message - Issuse #4608 Minimize the size of engine core
-----------------------------------------------------------------

Revert diff pair 27 is -> 
{ fc723ca37f4798f3a31a270e47971b74739c1f86 -> 45ff0f8449529e0c3a8bc113f74c6731cfa85ada } is a revert
{ 45ff0f8449529e0c3a8bc113f74c6731cfa85ada -> 83fad1726389c9579fa84364f1719bc2d84f5dac }
Revert commits SHA are -> 
45ff0f8449529e0c3a8bc113f74c6731cfa85ada - revert - 83fad1726389c9579fa84364f1719bc2d84f5dac
---> The reverted commit sha is - 45ff0f8449529e0c3a8bc113f74c6731cfa85ada
Commit message - Issue #4589: Fix bugs in Cocos2d-html5 implementation of ctor
---> The original commit sha is - 83fad1726389c9579fa84364f1719bc2d84f5dac
Commit message - Merge pull request #1730 from dingpinglv/Iss4571_DrawNodeAPI

Closed #4571: Correct the DrawNode API inconsistence between H5 and JSB
-----------------------------------------------------------------

Revert diff pair 28 is -> 
{ 00d8e93bf92f34cdb1e58e0e34b83d78c45d6f0d -> 29ad99dcfb4f63346cd6e14d785a4e1a84c76df1 } is a revert
{ 29ad99dcfb4f63346cd6e14d785a4e1a84c76df1 -> 550ba42a3c12c95fd90553608ea72acafec440bc }
Revert commits SHA are -> 
29ad99dcfb4f63346cd6e14d785a4e1a84c76df1 - revert - 550ba42a3c12c95fd90553608ea72acafec440bc
---> The reverted commit sha is - 29ad99dcfb4f63346cd6e14d785a4e1a84c76df1
Commit message - Fix change log missing
---> The original commit sha is - 550ba42a3c12c95fd90553608ea72acafec440bc
Commit message - Merge pull request #1721 from SmallAiTT/develop-3.0

Fixed #4563 : Fixed a bug that cc.winSize has not been reset after cc.view.setDesignResolutionSize.
-----------------------------------------------------------------

Revert diff pair 29 is -> 
{ ddb15cd1877e09ee077bce4f22dfcc350077a5a6 -> 0a9f585be555686190f05b024c2031726ed06bce } is a revert
{ 0a9f585be555686190f05b024c2031726ed06bce -> 333fc4b2d38eeb52e669139acf13578c6d01908b }
Revert commits SHA are -> 
0a9f585be555686190f05b024c2031726ed06bce - revert - 333fc4b2d38eeb52e669139acf13578c6d01908b
---> The reverted commit sha is - 0a9f585be555686190f05b024c2031726ed06bce
Commit message - Add `loadAliases` to `cc.loader`.
---> The original commit sha is - 333fc4b2d38eeb52e669139acf13578c6d01908b
Commit message - Merge pull request #1632 from xingsenma/develop-3.0

issue #4221 rename gui namespace ccs to ccui
-----------------------------------------------------------------

Revert diff pair 30 is -> 
{ 3627dcc73c81301fd2c09949e31a00cae626b72e -> 2f4e5bab1b60432e0d3eacb514535d9700f0c6c4 } is a revert
{ 2f4e5bab1b60432e0d3eacb514535d9700f0c6c4 -> 7b7a9dab82d08aaf03c4098398d68294d329193d }
Revert commits SHA are -> 
2f4e5bab1b60432e0d3eacb514535d9700f0c6c4 - revert - 7b7a9dab82d08aaf03c4098398d68294d329193d
---> The reverted commit sha is - 2f4e5bab1b60432e0d3eacb514535d9700f0c6c4
Commit message - Feature #3940: Make TextDefinition adapt to new property APIs
---> The original commit sha is - 7b7a9dab82d08aaf03c4098398d68294d329193d
Commit message - Merge branch 'develop-3.0' of https://github.com/cocos2d/cocos2d-html5 into develop-3.0
-----------------------------------------------------------------

Revert diff pair 31 is -> 
{ 2615165cc509175d328da877c17b256f5175d5a5 -> ef612840bcffd688de9aef3421835bd8477bc7f5 } is a revert
{ ef612840bcffd688de9aef3421835bd8477bc7f5 -> 26d040bcb1f6283f260e6b6460e1bc53b45b4ff8 }
Revert commits SHA are -> 
ef612840bcffd688de9aef3421835bd8477bc7f5 - revert - 26d040bcb1f6283f260e6b6460e1bc53b45b4ff8
---> The reverted commit sha is - ef612840bcffd688de9aef3421835bd8477bc7f5
Commit message - Refactor #3935: Refactor CCGame to run game.
---> The original commit sha is - 26d040bcb1f6283f260e6b6460e1bc53b45b4ff8
Commit message - Merge pull request #1587 from xingsenma/develop-3.0-baseData

issue #3945 Refactor  cc.Color
-----------------------------------------------------------------

Revert diff pair 32 is -> 
{ d32f123fa25ffcb6b7371a3cdb3b848715ee6774 -> d294b9380975593eb5a28964d9bf8548c4f4900d } is a revert
{ d294b9380975593eb5a28964d9bf8548c4f4900d -> f694f0530656fdaca7323f823d4daa76bfec8261 }
Revert commits SHA are -> 
d294b9380975593eb5a28964d9bf8548c4f4900d - revert - f694f0530656fdaca7323f823d4daa76bfec8261
---> The reverted commit sha is - d294b9380975593eb5a28964d9bf8548c4f4900d
Commit message - Merge branch 'develop-3.0' into gettersetter

* develop-3.0:
  Refactor #3878 #3922 #3963 #3983: Make temporary proto variable deletable on windows Previous solution doesn't work on windows
  Refactor #3878: Fix bug of anchor and skew
---> The original commit sha is - f694f0530656fdaca7323f823d4daa76bfec8261
Commit message - Merge pull request #1553 from pandamicro/develop-3.0

Refactor #3922: Refactor basic getter/setter of CCSprite, CCTexture2D, CCLayer, 
-----------------------------------------------------------------

Revert diff pair 33 is -> 
{ d2a2a3be96782ef390640bedd98a1f73c464940d -> 56ddb08aa1d6a3f54046719c328c9b12e89bb941 } is a revert
{ be948857c41a4e5b1440a55d0d03c8c7dd275981 -> 5fd806ab9f72865618205195b59e7281eedffbad }
Revert commits SHA are -> 
56ddb08aa1d6a3f54046719c328c9b12e89bb941 - revert - 5fd806ab9f72865618205195b59e7281eedffbad
---> The reverted commit sha is - 56ddb08aa1d6a3f54046719c328c9b12e89bb941
Commit message - Refactor #3985: Correction of mistake
---> The original commit sha is - 5fd806ab9f72865618205195b59e7281eedffbad
Commit message - Merge pull request #1552 from pandamicro/develop

Refactor #3985: Correction of bug
-----------------------------------------------------------------

Revert diff pair 34 is -> 
{ 687c84e762815afc33b106ac5e64600218438000 -> be948857c41a4e5b1440a55d0d03c8c7dd275981 } is a revert
{ be948857c41a4e5b1440a55d0d03c8c7dd275981 -> 5fd806ab9f72865618205195b59e7281eedffbad }
Revert commits SHA are -> 
be948857c41a4e5b1440a55d0d03c8c7dd275981 - revert - 5fd806ab9f72865618205195b59e7281eedffbad
---> The reverted commit sha is - be948857c41a4e5b1440a55d0d03c8c7dd275981
Commit message - Merge branch 'develop' into gettersetter

* develop:
  Refactor #3985: Make undefined check more compatible
  Refactor #3985: Correction of bug
---> The original commit sha is - 5fd806ab9f72865618205195b59e7281eedffbad
Commit message - Merge pull request #1552 from pandamicro/develop

Refactor #3985: Correction of bug
-----------------------------------------------------------------

Revert diff pair 35 is -> 
{ a851c874ea07d9d40782413855f7dba32dcdffb6 -> 2e7eb3f16fab79b1cd3a6820953fb081bdbde1fc } is a revert
{ 19fa35d79f0bdd72c3658ae6934f41fdbd02a9b8 -> 79cb7e6fc0bf197f01bfb8b2fdae7c034c6f2640 }
Revert commits SHA are -> 
2e7eb3f16fab79b1cd3a6820953fb081bdbde1fc - revert - 79cb7e6fc0bf197f01bfb8b2fdae7c034c6f2640
---> The reverted commit sha is - 2e7eb3f16fab79b1cd3a6820953fb081bdbde1fc
Commit message - Merge branch 'develop' into gettersetter

* develop:
  Refactor #3985: arguments length check replaced by undefined check in extension
  Refactor #3985: arguments length check replaced by undefined check in engine
  Fixed #3916: Extra check for firefox mobile to avoid this issue
  Complete full screen API list
  Closed #3910: Modify vertex attribute flag name to adapt with JSB
  closed #3909: Correct _strStringValue to _stringValue for gui LabelBMFont
  Log when a file cannot be loaded
  fixed #2459: Because the interval attribute of DeviceMotionEvent is read-only and different in every browser, The setAccelerometerInterval function is invalid. So we fixed this bug by calculating interval values.
  Deep-copy verts in drawPoly for consistency
  Created ProtocolAds.js.
  Added analytics plugin protocol. Added Flurry analytics plugin.

Conflicts:
	cocos2d/core/layers_nodes/CCLayer.js
	cocos2d/core/sprite_nodes/CCSprite.js
---> The original commit sha is - 79cb7e6fc0bf197f01bfb8b2fdae7c034c6f2640
Commit message - Refactor #3985: Correction of bug
-----------------------------------------------------------------

Revert diff pair 36 is -> 
{ b43901814b0ad401e29da2fa54bc1cae5162c154 -> 6f56d4d3dd1f7597725b081503c192cc227a34bf } is a revert
{ 19fa35d79f0bdd72c3658ae6934f41fdbd02a9b8 -> 79cb7e6fc0bf197f01bfb8b2fdae7c034c6f2640 }
Revert commits SHA are -> 
6f56d4d3dd1f7597725b081503c192cc227a34bf - revert - 79cb7e6fc0bf197f01bfb8b2fdae7c034c6f2640
---> The reverted commit sha is - 6f56d4d3dd1f7597725b081503c192cc227a34bf
Commit message - Merge branch 'develop' into gettersetter

* develop:
  Bug in SceneReader setPropertyFromJsonDict
  Closed #3875: Refactoring cc.FadeIn and cc.FadeOut to fix a bug that its start opacity isn't current value.
---> The original commit sha is - 79cb7e6fc0bf197f01bfb8b2fdae7c034c6f2640
Commit message - Refactor #3985: Correction of bug
-----------------------------------------------------------------

Revert diff pair 37 is -> 
{ a851c874ea07d9d40782413855f7dba32dcdffb6 -> 2e7eb3f16fab79b1cd3a6820953fb081bdbde1fc } is a revert
{ 0d84eac5f56a09bc68860f58b4c7aedd3b1035e5 -> d2a2a3be96782ef390640bedd98a1f73c464940d }
Revert commits SHA are -> 
2e7eb3f16fab79b1cd3a6820953fb081bdbde1fc - revert - d2a2a3be96782ef390640bedd98a1f73c464940d
---> The reverted commit sha is - 2e7eb3f16fab79b1cd3a6820953fb081bdbde1fc
Commit message - Merge branch 'develop' into gettersetter

* develop:
  Refactor #3985: arguments length check replaced by undefined check in extension
  Refactor #3985: arguments length check replaced by undefined check in engine
  Fixed #3916: Extra check for firefox mobile to avoid this issue
  Complete full screen API list
  Closed #3910: Modify vertex attribute flag name to adapt with JSB
  closed #3909: Correct _strStringValue to _stringValue for gui LabelBMFont
  Log when a file cannot be loaded
  fixed #2459: Because the interval attribute of DeviceMotionEvent is read-only and different in every browser, The setAccelerometerInterval function is invalid. So we fixed this bug by calculating interval values.
  Deep-copy verts in drawPoly for consistency
  Created ProtocolAds.js.
  Added analytics plugin protocol. Added Flurry analytics plugin.

Conflicts:
	cocos2d/core/layers_nodes/CCLayer.js
	cocos2d/core/sprite_nodes/CCSprite.js
---> The original commit sha is - d2a2a3be96782ef390640bedd98a1f73c464940d
Commit message - Merge pull request #1551 from pandamicro/develop

Refactor #3985: arguments length check replaced by undefined check
-----------------------------------------------------------------

Revert diff pair 38 is -> 
{ b43901814b0ad401e29da2fa54bc1cae5162c154 -> 6f56d4d3dd1f7597725b081503c192cc227a34bf } is a revert
{ 0d84eac5f56a09bc68860f58b4c7aedd3b1035e5 -> d2a2a3be96782ef390640bedd98a1f73c464940d }
Revert commits SHA are -> 
6f56d4d3dd1f7597725b081503c192cc227a34bf - revert - d2a2a3be96782ef390640bedd98a1f73c464940d
---> The reverted commit sha is - 6f56d4d3dd1f7597725b081503c192cc227a34bf
Commit message - Merge branch 'develop' into gettersetter

* develop:
  Bug in SceneReader setPropertyFromJsonDict
  Closed #3875: Refactoring cc.FadeIn and cc.FadeOut to fix a bug that its start opacity isn't current value.
---> The original commit sha is - d2a2a3be96782ef390640bedd98a1f73c464940d
Commit message - Merge pull request #1551 from pandamicro/develop

Refactor #3985: arguments length check replaced by undefined check
-----------------------------------------------------------------

Revert diff pair 39 is -> 
{ 33cc5b6bf0ec12f3e258e66b74de89aa36e8bf98 -> 87e648a8222c0a63ec28b418c33564db20678131 } is a revert
{ 1ff578216990b6567cd7aab7db1154b5c9a6f879 -> e06690ff3550d3dc77a419370537c67dc04250eb }
Revert commits SHA are -> 
87e648a8222c0a63ec28b418c33564db20678131 - revert - e06690ff3550d3dc77a419370537c67dc04250eb
---> The reverted commit sha is - 87e648a8222c0a63ec28b418c33564db20678131
Commit message - Refactor #3878: Refactor position getter/setter in engine Vol.1
---> The original commit sha is - e06690ff3550d3dc77a419370537c67dc04250eb
Commit message - Refactor #3878: Reverse CCNode position getter/setter in engine Vol.1 to avoid sprite/label/... related problem
-----------------------------------------------------------------

Revert diff pair 40 is -> 
{ ec03ff5b4d484471d56f1b4a8e21fe2757c904f6 -> 4e15cedfc091360415769db6aa344a4bcbc88c77 } is a revert
{ 4e15cedfc091360415769db6aa344a4bcbc88c77 -> d6683c82fb4a7e32fba22468e1dfa422d5eb5bb9 }
Revert commits SHA are -> 
4e15cedfc091360415769db6aa344a4bcbc88c77 - revert - d6683c82fb4a7e32fba22468e1dfa422d5eb5bb9
---> The reverted commit sha is - 4e15cedfc091360415769db6aa344a4bcbc88c77
Commit message - Added analytics plugin protocol.
Added Flurry analytics plugin.
---> The original commit sha is - d6683c82fb4a7e32fba22468e1dfa422d5eb5bb9
Commit message - Merge pull request #1530 from pandamicro/develop

Fixed #3876: Adjust the calculation result of division in EGLView 
-----------------------------------------------------------------

Revert diff pair 41 is -> 
{ 14b9d5c41ed7b2fa9e2b6613f4d18dd25fef83a5 -> 55bd1f83de3dc065353278f1e145aa6a49bfb1b9 } is a revert
{ 55bd1f83de3dc065353278f1e145aa6a49bfb1b9 -> cc86e3b3e66cd8f2c22597fe098d60405d6c34a1 }
Revert commits SHA are -> 
55bd1f83de3dc065353278f1e145aa6a49bfb1b9 - revert - cc86e3b3e66cd8f2c22597fe098d60405d6c34a1
---> The reverted commit sha is - 55bd1f83de3dc065353278f1e145aa6a49bfb1b9
Commit message - Merge pull request #1459 from dingpinglv/Iss3501_ReleaseV2.2.2

Fixed #3501: correct a mistake that getContentSize returns wrong size when setFontSize or setFontName called.
---> The original commit sha is - cc86e3b3e66cd8f2c22597fe098d60405d6c34a1
Commit message - Merge branch 'develop' of https://github.com/cocos2d/cocos2d-html5 into Iss3588_RefactorArrayClear
-----------------------------------------------------------------

Revert diff pair 42 is -> 
{ 7ce0a50da5253024241720e84559023ac2232092 -> 14b9d5c41ed7b2fa9e2b6613f4d18dd25fef83a5 } is a revert
{ 14b9d5c41ed7b2fa9e2b6613f4d18dd25fef83a5 -> 55bd1f83de3dc065353278f1e145aa6a49bfb1b9 }
Revert commits SHA are -> 
14b9d5c41ed7b2fa9e2b6613f4d18dd25fef83a5 - revert - 55bd1f83de3dc065353278f1e145aa6a49bfb1b9
---> The reverted commit sha is - 14b9d5c41ed7b2fa9e2b6613f4d18dd25fef83a5
Commit message - Issue #3588: refactoring Array clear function
---> The original commit sha is - 55bd1f83de3dc065353278f1e145aa6a49bfb1b9
Commit message - Merge pull request #1459 from dingpinglv/Iss3501_ReleaseV2.2.2

Fixed #3501: correct a mistake that getContentSize returns wrong size when setFontSize or setFontName called.
-----------------------------------------------------------------

Revert diff pair 43 is -> 
{ 427c407b8f89df588ccea124d8402a3f73ee3e4e -> cdf8a91ed2563ad88d5c9e27397ef43b1fe27440 } is a revert
{ cdf8a91ed2563ad88d5c9e27397ef43b1fe27440 -> f92dc6b8c6a6989b9039cf377582c8271aa6e420 }
Revert commits SHA are -> 
cdf8a91ed2563ad88d5c9e27397ef43b1fe27440 - revert - f92dc6b8c6a6989b9039cf377582c8271aa6e420
---> The reverted commit sha is - cdf8a91ed2563ad88d5c9e27397ef43b1fe27440
Commit message - issue #3419 change setJsonName to setFile for CCComAttribute
---> The original commit sha is - f92dc6b8c6a6989b9039cf377582c8271aa6e420
Commit message - Merge pull request #1430 from pandamicro/develop

Refactor #3370: refactor resizeWithBrowserSize to _resizeWithBrowserSize
-----------------------------------------------------------------

Revert diff pair 44 is -> 
{ 5387b5951b4fbe7c91b41f8fb89868e3f078093a -> 0214360509c4dde321ce5fbdcf88e029237cbb36 } is a revert
{ 0214360509c4dde321ce5fbdcf88e029237cbb36 -> d0a7c83a2c8b35f159ea0d949b349967eaa5d13d }
Revert commits SHA are -> 
0214360509c4dde321ce5fbdcf88e029237cbb36 - revert - d0a7c83a2c8b35f159ea0d949b349967eaa5d13d
---> The reverted commit sha is - 0214360509c4dde321ce5fbdcf88e029237cbb36
Commit message - issue #3419 add  calculated vertex
---> The original commit sha is - d0a7c83a2c8b35f159ea0d949b349967eaa5d13d
Commit message - Merge branch 'develop' of https://github.com/cocos2d/cocos2d-html5 into develop
-----------------------------------------------------------------

Revert diff pair 45 is -> 
{ 94f4bf52409e14500cd7f221b400ed7898784ee4 -> 211276a591955e560c49282cf69b9fb6102eba78 } is a revert
{ a185f2210df1599d059056c9aa029d7dcbf31c99 -> afbc7a6083e2d82cd66aa5a9c5b75e98c690503d }
Revert commits SHA are -> 
211276a591955e560c49282cf69b9fb6102eba78 - revert - afbc7a6083e2d82cd66aa5a9c5b75e98c690503d
---> The reverted commit sha is - 211276a591955e560c49282cf69b9fb6102eba78
Commit message - Merge pull request #3 from cocos2d/develop

Pull down updates from cocos2d:develop #3
---> The original commit sha is - afbc7a6083e2d82cd66aa5a9c5b75e98c690503d
Commit message - Merge pull request #1316 from pandamicro/develop

Issue #3349: UPDATE canvas mode for ClippingNode 
-----------------------------------------------------------------

Revert diff pair 46 is -> 
{ 94f4bf52409e14500cd7f221b400ed7898784ee4 -> 211276a591955e560c49282cf69b9fb6102eba78 } is a revert
{ 211276a591955e560c49282cf69b9fb6102eba78 -> c1baebdbf39086aef87f7cbce3e860f52f256d55 }
Revert commits SHA are -> 
211276a591955e560c49282cf69b9fb6102eba78 - revert - c1baebdbf39086aef87f7cbce3e860f52f256d55
---> The reverted commit sha is - 211276a591955e560c49282cf69b9fb6102eba78
Commit message - Merge pull request #3 from cocos2d/develop

Pull down updates from cocos2d:develop #3
---> The original commit sha is - c1baebdbf39086aef87f7cbce3e860f52f256d55
Commit message - Merge pull request #1315 from dingpinglv/Iss3187_TMXTileMap

Closed #3187: Fixed a bug of TMXTileMap that its getProperty(propertyName) doesn't work
-----------------------------------------------------------------

Revert diff pair 47 is -> 
{ 8492864cc0a0edcce9066f5d7a63e241f275ff7f -> 70a752d70022ed62c41e91b0d87d591e28a84eef } is a revert
{ 70a752d70022ed62c41e91b0d87d591e28a84eef -> f094fc279fab90d5ecb0e0ad709d0fc8967e3f91 }
Revert commits SHA are -> 
70a752d70022ed62c41e91b0d87d591e28a84eef - revert - f094fc279fab90d5ecb0e0ad709d0fc8967e3f91
---> The reverted commit sha is - 70a752d70022ed62c41e91b0d87d591e28a84eef
Commit message - bug: UIWidget removeAllChildren cant work

for loop bug
---> The original commit sha is - f094fc279fab90d5ecb0e0ad709d0fc8967e3f91
Commit message - Merge pull request #1283 from kuaipao/patch-3

Thank you so much.
-----------------------------------------------------------------

Revert diff pair 48 is -> 
{ 74a73faf27b0720744309f3802b62cb538bc5c1d -> c8f3cd9ced52d94fea59d25c3f0c6edb3d50eca5 } is a revert
{ c8f3cd9ced52d94fea59d25c3f0c6edb3d50eca5 -> 5c32958872300261d6fcd32d4431b65f563b5029 }
Revert commits SHA are -> 
c8f3cd9ced52d94fea59d25c3f0c6edb3d50eca5 - revert - 5c32958872300261d6fcd32d4431b65f563b5029
---> The reverted commit sha is - c8f3cd9ced52d94fea59d25c3f0c6edb3d50eca5
Commit message - issue #3251 Fixed bug of armature that it display wrong when set content scale.
---> The original commit sha is - 5c32958872300261d6fcd32d4431b65f563b5029
Commit message - Merge pull request #1258 from HoGarfield/CCControlEvent

Fixed bug that CCControl send action by all types of event.
-----------------------------------------------------------------

Revert diff pair 49 is -> 
{ 521e1f0470608b2e4d1e5cf2da65e601b495eebd -> 6ac2782ffdbdc5d28b9ac36106df24b5156f3cbf } is a revert
{ 6ac2782ffdbdc5d28b9ac36106df24b5156f3cbf -> 5ca7f6bb1c424f2a301064180e9ada11441f073a }
Revert commits SHA are -> 
6ac2782ffdbdc5d28b9ac36106df24b5156f3cbf - revert - 5ca7f6bb1c424f2a301064180e9ada11441f073a
---> The reverted commit sha is - 6ac2782ffdbdc5d28b9ac36106df24b5156f3cbf
Commit message - Infinite loop bug

This caused an infinite loop when I had a string along the lines of something like " Next ". This is the simple fix.
---> The original commit sha is - 5ca7f6bb1c424f2a301064180e9ada11441f073a
Commit message - Merge pull request #1251 from csaftoiu/patch-1

Should outline even if fillcolor is fully transparent
-----------------------------------------------------------------

Revert diff pair 50 is -> 
{ 63735d3e602f12d7cc9b1af63416e337c42b2610 -> a08cf6dbff6e0a244361044485ed0a86a0dab5fe } is a revert
{ a08cf6dbff6e0a244361044485ed0a86a0dab5fe -> e545514e6525506673cc2c23dcb218bbbe6a893e }
Revert commits SHA are -> 
a08cf6dbff6e0a244361044485ed0a86a0dab5fe - revert - e545514e6525506673cc2c23dcb218bbbe6a893e
---> The reverted commit sha is - a08cf6dbff6e0a244361044485ed0a86a0dab5fe
Commit message - issue #3221: fixed typo, and replaced 3 useless games to MoonWarriors Simulator.
---> The original commit sha is - e545514e6525506673cc2c23dcb218bbbe6a893e
Commit message - issue #3221: updated change log
-----------------------------------------------------------------

Revert diff pair 51 is -> 
{ 3e98343935b3f2c16d4f0411d710d16decd03fce -> d6532964e14166212ec50903ef36576cf9ddc9c4 } is a revert
{ d6532964e14166212ec50903ef36576cf9ddc9c4 -> c1e154d0b4b900b25e10ce98e055a01fee57a487 }
Revert commits SHA are -> 
d6532964e14166212ec50903ef36576cf9ddc9c4 - revert - c1e154d0b4b900b25e10ce98e055a01fee57a487
---> The reverted commit sha is - d6532964e14166212ec50903ef36576cf9ddc9c4
Commit message - Merge pull request #1235 from xingsenma/3218_numberOfRunningActions

closed #3218 change api numberOfRunningActions to getNumberOfRunningActions.
---> The original commit sha is - c1e154d0b4b900b25e10ce98e055a01fee57a487
Commit message - Merge pull request #1236 from xingsenma/Cocostudio

issue #2828 fixed a bug of cocostudio CCProcessBase that play method param is wrong
-----------------------------------------------------------------

Revert diff pair 52 is -> 
{ 5172c8e7dbb495a5511917b7ba9e65b6e0bf22c0 -> 3e98343935b3f2c16d4f0411d710d16decd03fce } is a revert
{ 3e98343935b3f2c16d4f0411d710d16decd03fce -> d6532964e14166212ec50903ef36576cf9ddc9c4 }
Revert commits SHA are -> 
3e98343935b3f2c16d4f0411d710d16decd03fce - revert - d6532964e14166212ec50903ef36576cf9ddc9c4
---> The reverted commit sha is - 3e98343935b3f2c16d4f0411d710d16decd03fce
Commit message - issue #2828 fixed a bug of cocostudio CCProcessBase that play method param is wrong
---> The original commit sha is - d6532964e14166212ec50903ef36576cf9ddc9c4
Commit message - Merge pull request #1235 from xingsenma/3218_numberOfRunningActions

closed #3218 change api numberOfRunningActions to getNumberOfRunningActions.
-----------------------------------------------------------------

Revert diff pair 53 is -> 
{ 699d0da8dcfba335b5fad193ab41097f910c8cad -> b42099ca6abe1ae703e50072940fdfc69c77ed1c } is a revert
{ 4c6b3798d1f0e5a5401e351786f62398ceda293e -> 631f3a024349e46173e00d14f9e18dc4409941eb }
Revert commits SHA are -> 
b42099ca6abe1ae703e50072940fdfc69c77ed1c - revert - 631f3a024349e46173e00d14f9e18dc4409941eb
---> The reverted commit sha is - b42099ca6abe1ae703e50072940fdfc69c77ed1c
Commit message - Issue #2829: refactoring AudioEngine
---> The original commit sha is - 631f3a024349e46173e00d14f9e18dc4409941eb
Commit message - Merge pull request #1223 from HoGarfield/Scale9SpriteLoader

To set anchor point to 0,0 when created by loader
-----------------------------------------------------------------

Revert diff pair 54 is -> 
{ d5cddab9a01986f3f107388c62ade44f89b0adc9 -> 3be30ed7b86676953c6df3f9f1e290ffd9c5a2d1 } is a revert
{ 3be30ed7b86676953c6df3f9f1e290ffd9c5a2d1 -> 6d16ad91af3ec222dc96082bcdf56ee6f7a035fb }
Revert commits SHA are -> 
3be30ed7b86676953c6df3f9f1e290ffd9c5a2d1 - revert - 6d16ad91af3ec222dc96082bcdf56ee6f7a035fb
---> The reverted commit sha is - 3be30ed7b86676953c6df3f9f1e290ffd9c5a2d1
Commit message - Merge pull request #1200 from xingsenma/CCScale9Sprite#3017

closed #3017: Fixed a bug of Scale9Sprite that it error when _scale9Image is null.
---> The original commit sha is - 6d16ad91af3ec222dc96082bcdf56ee6f7a035fb
Commit message - Merge pull request #1201 from xingsenma/LayerGradient#3016

closed #3016: Fixed a bug of LayerGradient that it displays wrong when set content size.
-----------------------------------------------------------------

Revert diff pair 55 is -> 
{ be1b10a0e9d94cbc97e242b38aaf8c7131fa132b -> d5cddab9a01986f3f107388c62ade44f89b0adc9 } is a revert
{ d5cddab9a01986f3f107388c62ade44f89b0adc9 -> 3be30ed7b86676953c6df3f9f1e290ffd9c5a2d1 }
Revert commits SHA are -> 
d5cddab9a01986f3f107388c62ade44f89b0adc9 - revert - 3be30ed7b86676953c6df3f9f1e290ffd9c5a2d1
---> The reverted commit sha is - d5cddab9a01986f3f107388c62ade44f89b0adc9
Commit message - closed #3016: Fixed a bug of LayerGradient that it displays wrong when set content size.
---> The original commit sha is - 3be30ed7b86676953c6df3f9f1e290ffd9c5a2d1
Commit message - Merge pull request #1200 from xingsenma/CCScale9Sprite#3017

closed #3017: Fixed a bug of Scale9Sprite that it error when _scale9Image is null.
-----------------------------------------------------------------

Revert diff pair 56 is -> 
{ e8fdc87cc30428d8454eb6fc953f97836ab7d838 -> 18dca77f219de300b7dfff4c7cc7055227f7cdda } is a revert
{ 18dca77f219de300b7dfff4c7cc7055227f7cdda -> e3d37c30a36fd8107c85f8b18094e6bccbb1be32 }
Revert commits SHA are -> 
18dca77f219de300b7dfff4c7cc7055227f7cdda - revert - e3d37c30a36fd8107c85f8b18094e6bccbb1be32
---> The reverted commit sha is - 18dca77f219de300b7dfff4c7cc7055227f7cdda
Commit message - Issue #2901: fixed a bug of LabelTTF that it has wrong position when it was setting the style to stroke
---> The original commit sha is - e3d37c30a36fd8107c85f8b18094e6bccbb1be32
Commit message - Merge pull request #1194 from malei0311/develop

if the browser doesn't support canvas,I think what i modify is better
-----------------------------------------------------------------

Revert diff pair 57 is -> 
{ 723ab35a26fb2f9271a334dee04e14f595f59eb4 -> 88e4448cdc77779143be6d9601896985effeb7e3 } is a revert
{ 88e4448cdc77779143be6d9601896985effeb7e3 -> 93bed05a972327bcdda6d1c579f46184d865351b }
Revert commits SHA are -> 
88e4448cdc77779143be6d9601896985effeb7e3 - revert - 93bed05a972327bcdda6d1c579f46184d865351b
---> The reverted commit sha is - 88e4448cdc77779143be6d9601896985effeb7e3
Commit message - Merge branch 'develop' of https://github.com/cocos2d/cocos2d-html5 into Iss2814_MigrateTableView
---> The original commit sha is - 93bed05a972327bcdda6d1c579f46184d865351b
Commit message - Merge pull request #1147 from bassarisse/develop

Fixed multi-touch handling
-----------------------------------------------------------------

Revert diff pair 58 is -> 
{ cb64446890bf37434d9dac9ebdbdf28b04e8da8c -> cd85aa5581042202cc0254bd16c47d4c31be7b12 } is a revert
{ 2ed1504cbc20f35ef4a03564eb2dd853074c3d1e -> 702b6399ecb1c67d8e20a50850e709a1c24de1de }
Revert commits SHA are -> 
cd85aa5581042202cc0254bd16c47d4c31be7b12 - revert - 702b6399ecb1c67d8e20a50850e709a1c24de1de
---> The reverted commit sha is - cd85aa5581042202cc0254bd16c47d4c31be7b12
Commit message - fixed #208: fixed a TMXLayer's bug
---> The original commit sha is - 702b6399ecb1c67d8e20a50850e709a1c24de1de
Commit message - Merge pull request #1128 from xingsenma/develop

closed #2805: Fixed a bug of cc.Sprite that displayFrame return wrong value on canvas model.
-----------------------------------------------------------------

Revert diff pair 59 is -> 
{ 2bf826fcb9f5f6af151805253bc96d6a9eaa384a -> aec436447764ac8788771542508c046931f3e2aa } is a revert
{ b2f6d4c653c197c057c2a88f66f803bf3e86dc41 -> 84841cc1a249b063c6d3617f0c0d6ed9605b5dbb }
Revert commits SHA are -> 
aec436447764ac8788771542508c046931f3e2aa - revert - 84841cc1a249b063c6d3617f0c0d6ed9605b5dbb
---> The reverted commit sha is - aec436447764ac8788771542508c046931f3e2aa
Commit message - Merge pull request #1107 from dingpinglv/Iss2514_MigrateCCBReaderTo2.1.4

Closed #2514: Migrate CCBReader to Cocos2d-x v2.1.4
---> The original commit sha is - 84841cc1a249b063c6d3617f0c0d6ed9605b5dbb
Commit message - Merge pull request #1109 from dingpinglv/Iss2762_RefactorSimpleAudioEngine

Closed #2762: Refactor CCSimpleAudioEngine.js for code maintainability
-----------------------------------------------------------------

Revert diff pair 60 is -> 
{ 2bf826fcb9f5f6af151805253bc96d6a9eaa384a -> aec436447764ac8788771542508c046931f3e2aa } is a revert
{ aec436447764ac8788771542508c046931f3e2aa -> 52c1c7ee343ab336b2a30c582014c5186997d02c }
Revert commits SHA are -> 
aec436447764ac8788771542508c046931f3e2aa - revert - 52c1c7ee343ab336b2a30c582014c5186997d02c
---> The reverted commit sha is - aec436447764ac8788771542508c046931f3e2aa
Commit message - Merge pull request #1107 from dingpinglv/Iss2514_MigrateCCBReaderTo2.1.4

Closed #2514: Migrate CCBReader to Cocos2d-x v2.1.4
---> The original commit sha is - 52c1c7ee343ab336b2a30c582014c5186997d02c
Commit message - Merge branch 'develop' of https://github.com/cocos2d/cocos2d-html5 into Iss2762_RefactorSimpleAudioEngine
-----------------------------------------------------------------

Revert diff pair 61 is -> 
{ f157343c0ce60ffacdb3ff8899b82ae77a735b1a -> 2bf826fcb9f5f6af151805253bc96d6a9eaa384a } is a revert
{ 2bf826fcb9f5f6af151805253bc96d6a9eaa384a -> aec436447764ac8788771542508c046931f3e2aa }
Revert commits SHA are -> 
2bf826fcb9f5f6af151805253bc96d6a9eaa384a - revert - aec436447764ac8788771542508c046931f3e2aa
---> The reverted commit sha is - 2bf826fcb9f5f6af151805253bc96d6a9eaa384a
Commit message - Closed #2762: Refactor CCSimpleAudioEngine.js for code maintainability
---> The original commit sha is - aec436447764ac8788771542508c046931f3e2aa
Commit message - Merge pull request #1107 from dingpinglv/Iss2514_MigrateCCBReaderTo2.1.4

Closed #2514: Migrate CCBReader to Cocos2d-x v2.1.4
-----------------------------------------------------------------

Revert diff pair 62 is -> 
{ c891d4ae52591b1e2fff7883a855098e74ca7240 -> 27db941a11874164d44d99f38255a36774b4dad2 } is a revert
{ 27db941a11874164d44d99f38255a36774b4dad2 -> 20eb6bd223a621b96f9311709367aeba64ccead7 }
Revert commits SHA are -> 
27db941a11874164d44d99f38255a36774b4dad2 - revert - 20eb6bd223a621b96f9311709367aeba64ccead7
---> The reverted commit sha is - 27db941a11874164d44d99f38255a36774b4dad2
Commit message - fixed #2085: update submodule commit ID
---> The original commit sha is - 20eb6bd223a621b96f9311709367aeba64ccead7
Commit message - Merge pull request #906 from dingpinglv/Iss2082_FixSomeBugs

fixed #2082 modify codes of cc.setBlending to fit WebGL's bug
-----------------------------------------------------------------

Revert diff pair 63 is -> 
{ d0bc1ed2b2b9f51e0d89cb3f21215ee035c5bad6 -> 43ee6a40ba8ee07263196b9d2898312babaa4a2d } is a revert
{ 43ee6a40ba8ee07263196b9d2898312babaa4a2d -> c7e9de491d183992f33a41bf78c545bbe765d40d }
Revert commits SHA are -> 
43ee6a40ba8ee07263196b9d2898312babaa4a2d - revert - c7e9de491d183992f33a41bf78c545bbe765d40d
---> The reverted commit sha is - 43ee6a40ba8ee07263196b9d2898312babaa4a2d
Commit message - fixed #2074: Scene init twice bug
---> The original commit sha is - c7e9de491d183992f33a41bf78c545bbe765d40d
Commit message - Merge pull request #888 from tomasztunik/master

Fix in logical comparisons of undefined argument values against `null` for setting default argument values
-----------------------------------------------------------------

Revert diff pair 64 is -> 
{ 764ac95661b8642714056b8a5917b7dc29393071 -> 6180831f88b52153cb52f233d43c6801fcffee3d } is a revert
{ 6180831f88b52153cb52f233d43c6801fcffee3d -> 5890af0c9b88118f9da6d10cfdeca1c19ff28e39 }
Revert commits SHA are -> 
6180831f88b52153cb52f233d43c6801fcffee3d - revert - 5890af0c9b88118f9da6d10cfdeca1c19ff28e39
---> The reverted commit sha is - 6180831f88b52153cb52f233d43c6801fcffee3d
Commit message - Make CCTouchDispatcher compatible with windows phone 8 (IE10 Mobile)
---> The original commit sha is - 5890af0c9b88118f9da6d10cfdeca1c19ff28e39
Commit message - Merge pull request #805 from xingsenma/FileUtils

Add supporting for getStringFromFile
-----------------------------------------------------------------

Revert diff pair 65 is -> 
{ d562f30b8b3f78257fe74834c86a8592b09cb966 -> a114721eed48162b9ead28390c20f44b1f1cd03a } is a revert
{ 56d70cb6bcd33ec421aa42b99ad67126af71d77b -> be27f15bec654457011eb23c0fe4f62967178dbf }
Revert commits SHA are -> 
a114721eed48162b9ead28390c20f44b1f1cd03a - revert - be27f15bec654457011eb23c0fe4f62967178dbf
---> The reverted commit sha is - a114721eed48162b9ead28390c20f44b1f1cd03a
Commit message - Removes cc.timeval and related classes

Instead it uses Date.now() which is compatible with JSB
and also JS friendly.
---> The original commit sha is - be27f15bec654457011eb23c0fe4f62967178dbf
Commit message - fixed ; in right-click commit

there were two ; behind two if statements, didn't break the code, but
needed to be fixed
-----------------------------------------------------------------

Revert diff pair 66 is -> 
{ 4eea7f9055a0b3307d310db189f8712f2f764f14 -> edb24ef8e4ee053059c2a3559dae91ec8beb7fa4 } is a revert
{ edb24ef8e4ee053059c2a3559dae91ec8beb7fa4 -> cf58e3d01a5278c85be92c98206c87e4db44780a }
Revert commits SHA are -> 
edb24ef8e4ee053059c2a3559dae91ec8beb7fa4 - revert - cf58e3d01a5278c85be92c98206c87e4db44780a
---> The reverted commit sha is - edb24ef8e4ee053059c2a3559dae91ec8beb7fa4
Commit message - preload sound
---> The original commit sha is - cf58e3d01a5278c85be92c98206c87e4db44780a
Commit message - Merge pull request #689 from ricardoquesada/index.html

Fixes the correct path for the samples
-----------------------------------------------------------------

Revert diff pair 67 is -> 
{ fe7e82ef44867591f4931baa8816df13b18c7097 -> 12ed43f9f04bb249a7b4bfc1f7d122a66050f8a7 } is a revert
{ 12ed43f9f04bb249a7b4bfc1f7d122a66050f8a7 -> ac5ef5d7892d4c33b211b24ae01af7f1bc358ed7 }
Revert commits SHA are -> 
12ed43f9f04bb249a7b4bfc1f7d122a66050f8a7 - revert - ac5ef5d7892d4c33b211b24ae01af7f1bc358ed7
---> The reverted commit sha is - 12ed43f9f04bb249a7b4bfc1f7d122a66050f8a7
Commit message - Merge pull request #651 from fengwomei/editbox

editbox0.1
---> The original commit sha is - ac5ef5d7892d4c33b211b24ae01af7f1bc358ed7
Commit message - modify code of Object.defineProperties for google closure compiler
-----------------------------------------------------------------

Revert diff pair 68 is -> 
{ ce86c7a3668afde17ece552af151463a36cf65e1 -> 35bb2768d80bbcbbfe91f4bac81ab37d8ec967ad } is a revert
{ 0e7590a6f3e859b6799c5dc453a3a63e310f700a -> 8a2d27ff8f20294bd65da9d4da28015cc1714bb4 }
Revert commits SHA are -> 
35bb2768d80bbcbbfe91f4bac81ab37d8ec967ad - revert - 8a2d27ff8f20294bd65da9d4da28015cc1714bb4
---> The reverted commit sha is - 35bb2768d80bbcbbfe91f4bac81ab37d8ec967ad
Commit message - Fix for issue #653
---> The original commit sha is - 8a2d27ff8f20294bd65da9d4da28015cc1714bb4
Commit message - separate fixes
-----------------------------------------------------------------

Revert diff pair 69 is -> 
{ 14ba5b162c49f783bbfde472bf48e9faaec346ce -> 79e562823c7db0c546aeb9640f45793887cd76d7 } is a revert
{ 79e562823c7db0c546aeb9640f45793887cd76d7 -> ce86c7a3668afde17ece552af151463a36cf65e1 }
Revert commits SHA are -> 
79e562823c7db0c546aeb9640f45793887cd76d7 - revert - ce86c7a3668afde17ece552af151463a36cf65e1
---> The reverted commit sha is - 79e562823c7db0c546aeb9640f45793887cd76d7
Commit message - change to english,and change color of name
---> The original commit sha is - ce86c7a3668afde17ece552af151463a36cf65e1
Commit message - Merge branch 'master' of git://github.com/cocos2d/cocos2d-html5
-----------------------------------------------------------------

Revert diff pair 70 is -> 
{ 8a819e800eb9f33a6b20c67f199add0dd4e8a21d -> 6bb62048c8c5e8ae57a07b426050108f2528e3b4 } is a revert
{ 6bb62048c8c5e8ae57a07b426050108f2528e3b4 -> ae7057833ad1be527797212ecd2c40d86063b9ab }
Revert commits SHA are -> 
6bb62048c8c5e8ae57a07b426050108f2528e3b4 - revert - ae7057833ad1be527797212ecd2c40d86063b9ab
---> The reverted commit sha is - 6bb62048c8c5e8ae57a07b426050108f2528e3b4
Commit message - Merge remote-tracking branch 'origin/master' into issue1569_audioJSB
---> The original commit sha is - ae7057833ad1be527797212ecd2c40d86063b9ab
Commit message - Merge pull request #642 from czizzy/patch-1

Wrong deprecated message
-----------------------------------------------------------------

Revert diff pair 71 is -> 
{ cecd25402e0e74e0f111e642deec01b2688cc3be -> 8a819e800eb9f33a6b20c67f199add0dd4e8a21d } is a revert
{ 8a819e800eb9f33a6b20c67f199add0dd4e8a21d -> 6bb62048c8c5e8ae57a07b426050108f2528e3b4 }
Revert commits SHA are -> 
8a819e800eb9f33a6b20c67f199add0dd4e8a21d - revert - 6bb62048c8c5e8ae57a07b426050108f2528e3b4
---> The reverted commit sha is - 8a819e800eb9f33a6b20c67f199add0dd4e8a21d
Commit message - Wrong deprecated message
---> The original commit sha is - 6bb62048c8c5e8ae57a07b426050108f2528e3b4
Commit message - Merge remote-tracking branch 'origin/master' into issue1569_audioJSB
-----------------------------------------------------------------

Revert diff pair 72 is -> 
{ f0a09a878a74da697d18df2f34062aaa48fc1a5d -> 93a7a10f39bfc77f51fac3304a645a4dfd53301b } is a revert
{ 93a7a10f39bfc77f51fac3304a645a4dfd53301b -> cd6c3f111825c112c0fb3db5449415c7e5ce8573 }
Revert commits SHA are -> 
93a7a10f39bfc77f51fac3304a645a4dfd53301b - revert - cd6c3f111825c112c0fb3db5449415c7e5ce8573
---> The reverted commit sha is - 93a7a10f39bfc77f51fac3304a645a4dfd53301b
Commit message - Merge remote-tracking branch 'origin/master'
---> The original commit sha is - cd6c3f111825c112c0fb3db5449415c7e5ce8573
Commit message - Merge pull request #623 from dingpinglv/iss1509_UpdateMenuTest

fixed #1509 correct rotate bug for cc.LayerGradient and cc.LayerColor
-----------------------------------------------------------------

Revert diff pair 73 is -> 
{ 656aceff7d17e7e7eb70a1e975300d6a2125e4e0 -> f0a09a878a74da697d18df2f34062aaa48fc1a5d } is a revert
{ f0a09a878a74da697d18df2f34062aaa48fc1a5d -> 93a7a10f39bfc77f51fac3304a645a4dfd53301b }
Revert commits SHA are -> 
f0a09a878a74da697d18df2f34062aaa48fc1a5d - revert - 93a7a10f39bfc77f51fac3304a645a4dfd53301b
---> The reverted commit sha is - f0a09a878a74da697d18df2f34062aaa48fc1a5d
Commit message - fixed #1509 correct rotate bug for cc.LayerGradient and cc.LayerColor
---> The original commit sha is - 93a7a10f39bfc77f51fac3304a645a4dfd53301b
Commit message - Merge remote-tracking branch 'origin/master'
-----------------------------------------------------------------

Revert diff pair 74 is -> 
{ faa6f0e57740e060f45672d09da1ee0b76fb645b -> 52c142784b7715b00c005c248b85b9208985ffb9 } is a revert
{ 52c142784b7715b00c005c248b85b9208985ffb9 -> 656aceff7d17e7e7eb70a1e975300d6a2125e4e0 }
Revert commits SHA are -> 
52c142784b7715b00c005c248b85b9208985ffb9 - revert - 656aceff7d17e7e7eb70a1e975300d6a2125e4e0
---> The reverted commit sha is - 52c142784b7715b00c005c248b85b9208985ffb9
Commit message - Merge branch 'master' of https://github.com/cocos2d/cocos2d-html5 into iss1463_CCBReader
---> The original commit sha is - 656aceff7d17e7e7eb70a1e975300d6a2125e4e0
Commit message - Merge pull request #621 from dingpinglv/iss1509_UpdateMenuTest

fixed #1509 implement LayerGradient by createLinearGradient
-----------------------------------------------------------------

Revert diff pair 75 is -> 
{ 449ab36c148ec85e8a479b6c2009970d409786fa -> 8b9cae692dda94120c856d8e23dc6b4be6a65d3e } is a revert
{ 8b9cae692dda94120c856d8e23dc6b4be6a65d3e -> 40e7209b75ef792dd6ecb2386e0b7a54bbbb1419 }
Revert commits SHA are -> 
8b9cae692dda94120c856d8e23dc6b4be6a65d3e - revert - 40e7209b75ef792dd6ecb2386e0b7a54bbbb1419
---> The reverted commit sha is - 8b9cae692dda94120c856d8e23dc6b4be6a65d3e
Commit message - Sprite

Adds horrible hack to prevent cocos2d-html5 crash if setAliasTexParams()
is called.
---> The original commit sha is - 40e7209b75ef792dd6ecb2386e0b7a54bbbb1419
Commit message - Sprites: Removed hack

Removed hack to "support" aliasing.

API should be explicit. If it does not work, it should not work.
-----------------------------------------------------------------

Revert diff pair 76 is -> 
{ bf6331d41553ff1855d56dfa30d45d83ca6c761f -> e06d359f7089d87ccf11ec403a68fcb9e038e6a3 } is a revert
{ e06d359f7089d87ccf11ec403a68fcb9e038e6a3 -> e28e900ec76a40ad700c3628461c9ee2cfc34346 }
Revert commits SHA are -> 
e06d359f7089d87ccf11ec403a68fcb9e038e6a3 - revert - e28e900ec76a40ad700c3628461c9ee2cfc34346
---> The reverted commit sha is - e06d359f7089d87ccf11ec403a68fcb9e038e6a3
Commit message - update submodule
---> The original commit sha is - e28e900ec76a40ad700c3628461c9ee2cfc34346
Commit message - update submodule
-----------------------------------------------------------------

Revert diff pair 77 is -> 
{ 64f750fa4cd32ded1d64aa19ab8a85c161b6fbb1 -> 4d0d34206c154ea9278a17f2657c89a606b93a26 } is a revert
{ 4d0d34206c154ea9278a17f2657c89a606b93a26 -> 4b8b3ec6df37a45c7cc813e381dc17c8c0749817 }
Revert commits SHA are -> 
4d0d34206c154ea9278a17f2657c89a606b93a26 - revert - 4b8b3ec6df37a45c7cc813e381dc17c8c0749817
---> The reverted commit sha is - 4d0d34206c154ea9278a17f2657c89a606b93a26
Commit message - issue #1446: fixed build.xml for tests
---> The original commit sha is - 4b8b3ec6df37a45c7cc813e381dc17c8c0749817
Commit message - Merge pull request #518 from ShengxiangChen/issue1134_LabelBMFont

fixed #1134 LabelBMFont bug
-----------------------------------------------------------------

Revert diff pair 78 is -> 
{ 2fcd04c0f507873d4058c1b85ac6092c15d82953 -> 1bb8eeb5d463676364d603f8de292cd6bea19625 } is a revert
{ 1bb8eeb5d463676364d603f8de292cd6bea19625 -> b5f90d1a982328e505a04e533dc458649cea9395 }
Revert commits SHA are -> 
1bb8eeb5d463676364d603f8de292cd6bea19625 - revert - b5f90d1a982328e505a04e533dc458649cea9395
---> The reverted commit sha is - 1bb8eeb5d463676364d603f8de292cd6bea19625
Commit message - fixed #1354 correct a mistake for particle tint
---> The original commit sha is - b5f90d1a982328e505a04e533dc458649cea9395
Commit message - Merge pull request #468 from dingpinglv/iss1356_PortSpriteNodes

fixed #1356 correct a bug for sprite setScale
-----------------------------------------------------------------

Revert diff pair 79 is -> 
{ 61827dbe831dcd3211ae8ac9529276aad7b4dbe4 -> 010e65520d34ca662f0a4a211a6a64a4e7d1c4c9 } is a revert
{ 010e65520d34ca662f0a4a211a6a64a4e7d1c4c9 -> 96c103c90e88b98501f89dea0a8de616f22d193e }
Revert commits SHA are -> 
010e65520d34ca662f0a4a211a6a64a4e7d1c4c9 - revert - 96c103c90e88b98501f89dea0a8de616f22d193e
---> The reverted commit sha is - 010e65520d34ca662f0a4a211a6a64a4e7d1c4c9
Commit message - Merge pull request #444 from dingpinglv/iss1356_PortSpriteNodes

fixed #1356 correct type check mistake of cc.AnimationFrame
---> The original commit sha is - 96c103c90e88b98501f89dea0a8de616f22d193e
Commit message - Merge branch 'master' of https://github.com/cocos2d/cocos2d-html5 into iss1354_PortParticle
-----------------------------------------------------------------

Revert diff pair 80 is -> 
{ 66a7b4282a603a32c59f28ff663c681a0fcc9a67 -> 61827dbe831dcd3211ae8ac9529276aad7b4dbe4 } is a revert
{ 61827dbe831dcd3211ae8ac9529276aad7b4dbe4 -> 010e65520d34ca662f0a4a211a6a64a4e7d1c4c9 }
Revert commits SHA are -> 
61827dbe831dcd3211ae8ac9529276aad7b4dbe4 - revert - 010e65520d34ca662f0a4a211a6a64a4e7d1c4c9
---> The reverted commit sha is - 61827dbe831dcd3211ae8ac9529276aad7b4dbe4
Commit message - fixed #1351 add some method to LazyLayer
---> The original commit sha is - 010e65520d34ca662f0a4a211a6a64a4e7d1c4c9
Commit message - Merge pull request #444 from dingpinglv/iss1356_PortSpriteNodes

fixed #1356 correct type check mistake of cc.AnimationFrame
-----------------------------------------------------------------

Revert diff pair 81 is -> 
{ c4b9482c49c781407f414cc35c2703e018c8d312 -> 9037ac60aafe931ab3dc426de3f679001ecfe1df } is a revert
{ 9037ac60aafe931ab3dc426de3f679001ecfe1df -> 6dc75c2b1ff0a319c256f52ad77b1c54bfc45baa }
Revert commits SHA are -> 
9037ac60aafe931ab3dc426de3f679001ecfe1df - revert - 6dc75c2b1ff0a319c256f52ad77b1c54bfc45baa
---> The reverted commit sha is - 9037ac60aafe931ab3dc426de3f679001ecfe1df
Commit message - issue #1304: add comments for CCAtlasNode
---> The original commit sha is - 6dc75c2b1ff0a319c256f52ad77b1c54bfc45baa
Commit message - Merge pull request #356 from dingpinglv/iss1306_addcomments

issue #1306 add comments to cc.Codec.Base64
-----------------------------------------------------------------

Revert diff pair 82 is -> 
{ 8fbddc7242918c579968eae85d2920c0f86e2583 -> acf08747e6fd3db4036e50a586112f639212a207 } is a revert
{ acf08747e6fd3db4036e50a586112f639212a207 -> 9777dac566b06088a55e98799b79d66e7578ae74 }
Revert commits SHA are -> 
acf08747e6fd3db4036e50a586112f639212a207 - revert - 9777dac566b06088a55e98799b79d66e7578ae74
---> The reverted commit sha is - acf08747e6fd3db4036e50a586112f639212a207
Commit message - issue #1304: add comments for CCActionProgressTimer

issue #1304: add comments for CCActionProgressTimer
---> The original commit sha is - 9777dac566b06088a55e98799b79d66e7578ae74
Commit message - Merge pull request #354 from dingpinglv/iss1306_addcomments

issue #1306 add comments to cc.AppController
-----------------------------------------------------------------

Revert diff pair 83 is -> 
{ 63cda30b36de7fdb3751efbb6a1db99c53865f15 -> d46873545cc166ab41fe14bfafc74e447a8443fc } is a revert
{ dfd28310833bce69596f811e29029a685392bd28 -> decb30fdf44b243296abbee948c46d21fae6aee2 }
Revert commits SHA are -> 
d46873545cc166ab41fe14bfafc74e447a8443fc - revert - decb30fdf44b243296abbee948c46d21fae6aee2
---> The reverted commit sha is - d46873545cc166ab41fe14bfafc74e447a8443fc
Commit message - Merge pull request #349 from dingpinglv/iss1306_addcomments

issue #1306 add comments to cc.SpriteFrame
---> The original commit sha is - decb30fdf44b243296abbee948c46d21fae6aee2
Commit message - Merge pull request #353 from dingpinglv/iss1306_addcomments

issue #1306 add comments to cc.SpriteFrameCache
-----------------------------------------------------------------

Revert diff pair 84 is -> 
{ 63cda30b36de7fdb3751efbb6a1db99c53865f15 -> d46873545cc166ab41fe14bfafc74e447a8443fc } is a revert
{ 35a74703daeabb470203750a80679cef51bcec4e -> 86b27744f506688fcd2a0f7d69b89ca4860227b8 }
Revert commits SHA are -> 
d46873545cc166ab41fe14bfafc74e447a8443fc - revert - 86b27744f506688fcd2a0f7d69b89ca4860227b8
---> The reverted commit sha is - d46873545cc166ab41fe14bfafc74e447a8443fc
Commit message - Merge pull request #349 from dingpinglv/iss1306_addcomments

issue #1306 add comments to cc.SpriteFrame
---> The original commit sha is - 86b27744f506688fcd2a0f7d69b89ca4860227b8
Commit message - Merge branch 'master' of https://github.com/cocos2d/cocos2d-html5 into iss1306_addcomments
-----------------------------------------------------------------

Revert diff pair 85 is -> 
{ 00381263af10544cca9523c141089f8307d65ea3 -> 63cda30b36de7fdb3751efbb6a1db99c53865f15 } is a revert
{ 63cda30b36de7fdb3751efbb6a1db99c53865f15 -> d46873545cc166ab41fe14bfafc74e447a8443fc }
Revert commits SHA are -> 
63cda30b36de7fdb3751efbb6a1db99c53865f15 - revert - d46873545cc166ab41fe14bfafc74e447a8443fc
---> The reverted commit sha is - 63cda30b36de7fdb3751efbb6a1db99c53865f15
Commit message - issue #1306 add comments to cc.SpriteFrameCache
---> The original commit sha is - d46873545cc166ab41fe14bfafc74e447a8443fc
Commit message - Merge pull request #349 from dingpinglv/iss1306_addcomments

issue #1306 add comments to cc.SpriteFrame
-----------------------------------------------------------------

Revert diff pair 86 is -> 
{ 8bfc12930baf9d4ab39f291928b3ba5d85cfb06e -> 252fb04c548241500df93264f4395225bfd89942 } is a revert
{ 252fb04c548241500df93264f4395225bfd89942 -> 59a3605dd2b6292b6e0d829cac457b6551d852a4 }
Revert commits SHA are -> 
252fb04c548241500df93264f4395225bfd89942 - revert - 59a3605dd2b6292b6e0d829cac457b6551d852a4
---> The reverted commit sha is - 252fb04c548241500df93264f4395225bfd89942
Commit message - issue #1305: added docs for ccLayer
---> The original commit sha is - 59a3605dd2b6292b6e0d829cac457b6551d852a4
Commit message - Merge pull request #342 from dingpinglv/iss1306_addcomments

issue #1306 add comments to cc.Animation
-----------------------------------------------------------------

Revert diff pair 87 is -> 
{ f00c7a0441fd3884e14efa3d6209efd9cd938e3f -> 8d65c298fd49c114b94d6fdcf786ccfa000a7c8a } is a revert
{ 8d65c298fd49c114b94d6fdcf786ccfa000a7c8a -> 9ec0c4082753ae9f58d9027adeb08294b0961d20 }
Revert commits SHA are -> 
8d65c298fd49c114b94d6fdcf786ccfa000a7c8a - revert - 9ec0c4082753ae9f58d9027adeb08294b0961d20
---> The reverted commit sha is - 8d65c298fd49c114b94d6fdcf786ccfa000a7c8a
Commit message - issue #1306 add comments to cc.Sprite
---> The original commit sha is - 9ec0c4082753ae9f58d9027adeb08294b0961d20
Commit message - Merge pull request #330 from ShengxiangChen/issue1307_Jsdoc

Issue1307 jsdoc
-----------------------------------------------------------------

Revert diff pair 88 is -> 
{ 05c500b76231b05ef99113386db9bfb3891c9a3e -> 72a337a34cf73a51baca1f921d7010676d87fac9 } is a revert
{ cfbf1efc6b983d88204b8ada8d1c721bd325e70b -> f3ca5b47f8e08a2ef1698a8a7a06dd10ce95bd5d }
Revert commits SHA are -> 
72a337a34cf73a51baca1f921d7010676d87fac9 - revert - f3ca5b47f8e08a2ef1698a8a7a06dd10ce95bd5d
---> The reverted commit sha is - 72a337a34cf73a51baca1f921d7010676d87fac9
Commit message - fixed #1079 background music bug
---> The original commit sha is - f3ca5b47f8e08a2ef1698a8a7a06dd10ce95bd5d
Commit message - fixed #991 refactoring cc.Node's code for Performance
-----------------------------------------------------------------

Revert diff pair 89 is -> 
{ 72a337a34cf73a51baca1f921d7010676d87fac9 -> 2ec069897d6bbfcda2101545cefa440de16c2cc5 } is a revert
{ 2ec069897d6bbfcda2101545cefa440de16c2cc5 -> cfbf1efc6b983d88204b8ada8d1c721bd325e70b }
Revert commits SHA are -> 
2ec069897d6bbfcda2101545cefa440de16c2cc5 - revert - cfbf1efc6b983d88204b8ada8d1c721bd325e70b
---> The reverted commit sha is - 2ec069897d6bbfcda2101545cefa440de16c2cc5
Commit message - fixed #1092 refactoring cc.SpriteBatchNode's code for Performance
---> The original commit sha is - cfbf1efc6b983d88204b8ada8d1c721bd325e70b
Commit message - Merge pull request #308 from ShengxiangChen/issue1079_CocosDenshion

fixed #1079 background music bug
-----------------------------------------------------------------

Revert diff pair 90 is -> 
{ d63aaf692415dfe53ccbb1667c00119e6f62926e -> d40ce7b3cd752d2632a092018aec623f297f28bd } is a revert
{ d40ce7b3cd752d2632a092018aec623f297f28bd -> b3ff2eda36e121b81b2c87f907c2426cb6361964 }
Revert commits SHA are -> 
d40ce7b3cd752d2632a092018aec623f297f28bd - revert - b3ff2eda36e121b81b2c87f907c2426cb6361964
---> The reverted commit sha is - d40ce7b3cd752d2632a092018aec623f297f28bd
Commit message - Merge pull request #285 from dingpinglv/iss1046_CCDrawingPrimitives

fixed #1046 add drawStar and drawColorBall function to cc.DrawingPrimitives
---> The original commit sha is - b3ff2eda36e121b81b2c87f907c2426cb6361964
Commit message - Merge branch 'master' of https://github.com/cocos2d-x/cocos2d-html5 into iss1122_ParticleTest
-----------------------------------------------------------------

Revert diff pair 91 is -> 
{ 6846e01b555b595cbb659ff386a11fcbe88ad0d5 -> d63aaf692415dfe53ccbb1667c00119e6f62926e } is a revert
{ d63aaf692415dfe53ccbb1667c00119e6f62926e -> d40ce7b3cd752d2632a092018aec623f297f28bd }
Revert commits SHA are -> 
d63aaf692415dfe53ccbb1667c00119e6f62926e - revert - d40ce7b3cd752d2632a092018aec623f297f28bd
---> The reverted commit sha is - d63aaf692415dfe53ccbb1667c00119e6f62926e
Commit message - fixed #1126 Modify CocosNodeTest Sprite's position
---> The original commit sha is - d40ce7b3cd752d2632a092018aec623f297f28bd
Commit message - Merge pull request #285 from dingpinglv/iss1046_CCDrawingPrimitives

fixed #1046 add drawStar and drawColorBall function to cc.DrawingPrimitives
-----------------------------------------------------------------

Revert diff pair 92 is -> 
{ fa90ff753bc832c109d4cf0c455723fe7cf75957 -> ab736e839bfbde4eb848fc17bbca1d5ebe16811c } is a revert
{ b0b44f09c6a30c92b77818994cd4e36a37c040fd -> 7dc8d0373e770b83629d4d334e396af443d6e750 }
Revert commits SHA are -> 
ab736e839bfbde4eb848fc17bbca1d5ebe16811c - revert - 7dc8d0373e770b83629d4d334e396af443d6e750
---> The reverted commit sha is - ab736e839bfbde4eb848fc17bbca1d5ebe16811c
Commit message - Merge branch 'issue1102_CCTMXTiledMap' of github.com:ShengxiangChen/cocos2d-html5 into issue1102_CCTMXTiledMap
---> The original commit sha is - 7dc8d0373e770b83629d4d334e396af443d6e750
Commit message - fixed #1102: Implement CCTMXTiledMap
-----------------------------------------------------------------

Revert diff pair 93 is -> 
{ 3e0118ee8c2780ce7b36debbadde168ddef2f439 -> e00cea7e4298b55dd063d6606f818b813c616d13 } is a revert
{ e00cea7e4298b55dd063d6606f818b813c616d13 -> 4a5b22838d6a5b3e6eedb9540eaf83d572aeab3c }
Revert commits SHA are -> 
e00cea7e4298b55dd063d6606f818b813c616d13 - revert - 4a5b22838d6a5b3e6eedb9540eaf83d572aeab3c
---> The reverted commit sha is - e00cea7e4298b55dd063d6606f818b813c616d13
Commit message - fixed #1107: implemented MenuTest, but missing dependancies
---> The original commit sha is - 4a5b22838d6a5b3e6eedb9540eaf83d572aeab3c
Commit message - Merge pull request #141 from dingpinglv/iss1101_SchedulerTest

fixed #1101 implement SchedulerTest Case
-----------------------------------------------------------------

Revert diff pair 94 is -> 
{ 28b13329fbd099db59e7ea70438b5b1921ffd534 -> 0baa66b7156f7e43d0d04ce4d68499b5ebdb6ba8 } is a revert
{ 4a93783a84c2ffbc2356fe254ede3544b3d03176 -> 623d98e0bb9e8a761fc45392da19f2abe9352696 }
Revert commits SHA are -> 
0baa66b7156f7e43d0d04ce4d68499b5ebdb6ba8 - revert - 623d98e0bb9e8a761fc45392da19f2abe9352696
---> The reverted commit sha is - 0baa66b7156f7e43d0d04ce4d68499b5ebdb6ba8
Commit message - Merge pull request #118 from dingpinglv/iss1082_TetrisTouchControl

fixed #1082 Correct Tetris  touch event
---> The original commit sha is - 623d98e0bb9e8a761fc45392da19f2abe9352696
Commit message - Merge branch 'master' of https://github.com/cocos2d-x/cocos2d-html5 into iss1085_ChangeCanvasCoordinate
-----------------------------------------------------------------

Revert diff pair 95 is -> 
{ 28b13329fbd099db59e7ea70438b5b1921ffd534 -> 0baa66b7156f7e43d0d04ce4d68499b5ebdb6ba8 } is a revert
{ 0baa66b7156f7e43d0d04ce4d68499b5ebdb6ba8 -> 395cc3b96b550f0fb30e854da4362089d3fb3c96 }
Revert commits SHA are -> 
0baa66b7156f7e43d0d04ce4d68499b5ebdb6ba8 - revert - 395cc3b96b550f0fb30e854da4362089d3fb3c96
---> The reverted commit sha is - 0baa66b7156f7e43d0d04ce4d68499b5ebdb6ba8
Commit message - Merge pull request #118 from dingpinglv/iss1082_TetrisTouchControl

fixed #1082 Correct Tetris  touch event
---> The original commit sha is - 395cc3b96b550f0fb30e854da4362089d3fb3c96
Commit message - Merge branch 'master' of https://github.com/cocos2d-x/cocos2d-html5 into iss1085_ChangeCanvasCoordinate
-----------------------------------------------------------------

Revert diff pair 96 is -> 
{ 8b34dfc5daabca3f61fc870dd00124e469a1c3f6 -> 013f84af3e2fc998c202f3ab48838b4717df289c } is a revert
{ 013f84af3e2fc998c202f3ab48838b4717df289c -> b214f3a096bbf5795564695d209df917b7281012 }
Revert commits SHA are -> 
013f84af3e2fc998c202f3ab48838b4717df289c - revert - b214f3a096bbf5795564695d209df917b7281012
---> The reverted commit sha is - 013f84af3e2fc998c202f3ab48838b4717df289c
Commit message - fixed #1002: keypadHandler /delegate
---> The original commit sha is - b214f3a096bbf5795564695d209df917b7281012
Commit message - Merge pull request #86 from Wu-Hao/1006_keypad

fixed #1006: fixed incorrect array usage
-----------------------------------------------------------------

Revert diff pair 97 is -> 
{ c2424751d3d1692efd97387836912259b97c5970 -> c6f040857209bae700ffa2ab09608bc2b6e1299d } is a revert
{ c6f040857209bae700ffa2ab09608bc2b6e1299d -> d096a4af37905a55466c9dd9def8aad24df696f5 }
Revert commits SHA are -> 
c6f040857209bae700ffa2ab09608bc2b6e1299d - revert - d096a4af37905a55466c9dd9def8aad24df696f5
---> The reverted commit sha is - c6f040857209bae700ffa2ab09608bc2b6e1299d
Commit message - fixed #991: Implement CCNode
---> The original commit sha is - d096a4af37905a55466c9dd9def8aad24df696f5
Commit message - Merge pull request #72 from ShengxiangChen/issue999_CCSprite

fixed #999: Implement CCSprite
-----------------------------------------------------------------

Revert diff pair 98 is -> 
{ 1d4a59620b3ef41510acc07de91daa33d98e49a8 -> ebe56822694683b3eddcdcbc39cf51542d1c47fa } is a revert
{ 9cd03e370275bb40773bb410cec445f49cf8695a -> ca1a8e97b7b696a0af0ed747129db659aae5f29f }
Revert commits SHA are -> 
ebe56822694683b3eddcdcbc39cf51542d1c47fa - revert - ca1a8e97b7b696a0af0ed747129db659aae5f29f
---> The reverted commit sha is - ebe56822694683b3eddcdcbc39cf51542d1c47fa
Commit message - fixed #999: Implement CCSprite
---> The original commit sha is - ca1a8e97b7b696a0af0ed747129db659aae5f29f
Commit message - Merge pull request #24 from ShengxiangChen/issue991_CCNode

fixed #991: Implement CCNode
-----------------------------------------------------------------

Revert diff pair 99 is -> 
{ 5690220ec555e173f90f374018956adf506cf85d -> 713bdffe4c37ed7caa7c22a5104a24448b877b82 } is a revert
{ 713bdffe4c37ed7caa7c22a5104a24448b877b82 -> c282a987c6056739f891ab178b09e5030b63b6c9 }
Revert commits SHA are -> 
713bdffe4c37ed7caa7c22a5104a24448b877b82 - revert - c282a987c6056739f891ab178b09e5030b63b6c9
---> The reverted commit sha is - 713bdffe4c37ed7caa7c22a5104a24448b877b82
Commit message - fixed #993 modify CCScheduler.js
---> The original commit sha is - c282a987c6056739f891ab178b09e5030b63b6c9
Commit message - Merge pull request #7 from Wu-Hao/iss992_CCDirector

fixed #992: translated CCDirector.js
-----------------------------------------------------------------

Revert diff pair 100 is -> 
{ 816c8ffb56b2593d5e81e50c2f58e62eb9e4ce8c -> 28af805eb57de18e33271734ae1e7ea95c315079 } is a revert
{ 28af805eb57de18e33271734ae1e7ea95c315079 -> 5690220ec555e173f90f374018956adf506cf85d }
Revert commits SHA are -> 
28af805eb57de18e33271734ae1e7ea95c315079 - revert - 5690220ec555e173f90f374018956adf506cf85d
---> The reverted commit sha is - 28af805eb57de18e33271734ae1e7ea95c315079
Commit message - fixed #993: implement CCScheduler.js
---> The original commit sha is - 5690220ec555e173f90f374018956adf506cf85d
Commit message - fixed typos
-----------------------------------------------------------------

