# of cherry-picks = 10
Cherry-pick diff pair 1 is -> 
{ d3042c40e27e1dc90abec0050e925472940502b6 -> 1feb58f4d12f334a3cf8b02b497bacd185962e06 } is a cherrypick
{ 165075c11c036d2f78e5b45510be9702a0f7cc0f -> 162f3c5a39ced1c3b76ecdd2ded9be5970a2cd28 }
Cherrypick commits SHA are -> 
1feb58f4d12f334a3cf8b02b497bacd185962e06 - cherrypick - 162f3c5a39ced1c3b76ecdd2ded9be5970a2cd28
---> The cherrypicked commit sha is - 1feb58f4d12f334a3cf8b02b497bacd185962e06
Commit message - Add Maven project support
---> The original commit sha is - 162f3c5a39ced1c3b76ecdd2ded9be5970a2cd28
Commit message - Merge pull request #318 from FriendCode/feature/codesearch

Feature/codesearch
-----------------------------------------------------------------

Cherry-pick diff pair 2 is -> 
{ d02d0b2f1d2a1cad4c42be5cbcc22f4b8cf2c69c -> 817c7b9029248aad8425bbf07b6d87b735bd6b0a } is a cherrypick
{ 118462b9d915931b7a9aa150473d93b5a24eced3 -> af0d6b97bbb418924d6f9a63416e6b06592e3be5 }
Cherrypick commits SHA are -> 
817c7b9029248aad8425bbf07b6d87b735bd6b0a - cherrypick - af0d6b97bbb418924d6f9a63416e6b06592e3be5
---> The cherrypicked commit sha is - 817c7b9029248aad8425bbf07b6d87b735bd6b0a
Commit message - Add MySQL start/stop support to run_apache.sh

Improves #290
---> The original commit sha is - af0d6b97bbb418924d6f9a63416e6b06592e3be5
Commit message - Merge branch 'master' of github.com:FriendCode/codebox
-----------------------------------------------------------------

Cherry-pick diff pair 3 is -> 
{ 28cc6933251e9e160267b1ff1bb8df49ab3d6ad8 -> 2426cbab4962f5ee3141ceaf5ee3dbf7d064e5f8 } is a cherrypick
{ f7d46080f1d6b16e90fc7a567a384b84fa75ae5d -> 0aebb3e60e65dc5084192047bece5e8ecdb0ce70 }
Cherrypick commits SHA are -> 
2426cbab4962f5ee3141ceaf5ee3dbf7d064e5f8 - cherrypick - 0aebb3e60e65dc5084192047bece5e8ecdb0ce70
---> The cherrypicked commit sha is - 2426cbab4962f5ee3141ceaf5ee3dbf7d064e5f8
Commit message - Fallback shell to bash if $USER is undefined, fixes #280
---> The original commit sha is - 0aebb3e60e65dc5084192047bece5e8ecdb0ce70
Commit message - Merge pull request #288 from FriendCode/feature/tabs

Big improvements on tabs
-----------------------------------------------------------------

Cherry-pick diff pair 4 is -> 
{ 2fa0fe134a04c1140469cc6742964f7bdb8911ca -> d3979d3d4f4a5736f37600dd221ebf3a5f625ec4 } is a cherrypick
{ 488ffb1353d4818460a7e2a2fd54b28373af9111 -> 37d1f5f074d0c68a5672642dd8a7c94d71375788 }
Cherrypick commits SHA are -> 
d3979d3d4f4a5736f37600dd221ebf3a5f625ec4 - cherrypick - 37d1f5f074d0c68a5672642dd8a7c94d71375788
---> The cherrypicked commit sha is - d3979d3d4f4a5736f37600dd221ebf3a5f625ec4
Commit message - Improve manager style
---> The original commit sha is - 37d1f5f074d0c68a5672642dd8a7c94d71375788
Commit message - Merge branch 'master' of github.com:FriendCode/codebox
-----------------------------------------------------------------

Cherry-pick diff pair 5 is -> 
{ b68bcb1d0e4fbec27bb62d1f1a056efe0225c6dc -> 1b95bca9628d2887d6771ee15d4295a2da0b6ed7 } is a cherrypick
{ 7b2bde23e89bad23bcf934c7dc41813c59464c05 -> beb56d2f0bf9afa8a84b57f2849e6032a7e83f64 }
Cherrypick commits SHA are -> 
1b95bca9628d2887d6771ee15d4295a2da0b6ed7 - cherrypick - beb56d2f0bf9afa8a84b57f2849e6032a7e83f64
---> The cherrypicked commit sha is - 1b95bca9628d2887d6771ee15d4295a2da0b6ed7
Commit message - Fix: Require auth for cb.rpc.run
---> The original commit sha is - beb56d2f0bf9afa8a84b57f2849e6032a7e83f64
Commit message - Merge pull request #199 from YuukanOO/master

Fix default not being used in getSettings
-----------------------------------------------------------------

Cherry-pick diff pair 6 is -> 
{ 394bfab9816cd15b03b707a14ee5b4cc55b6bb54 -> 066f1e18d15522695ce9b9dfa646a147e75a186d } is a cherrypick
{ a1438e25765e927786fd2512220991511b96cd9b -> b997223118aa73db806324c8008749b094d177e5 }
Cherrypick commits SHA are -> 
066f1e18d15522695ce9b9dfa646a147e75a186d - cherrypick - b997223118aa73db806324c8008749b094d177e5
---> The cherrypicked commit sha is - 066f1e18d15522695ce9b9dfa646a147e75a186d
Commit message - Adapt smoother colors for cb.theme.dark
---> The original commit sha is - b997223118aa73db806324c8008749b094d177e5
Commit message - Merge pull request #174 from FriendCode/improve/cb.theme.dark

Adapt smoother colors for cb.theme.dark
-----------------------------------------------------------------

Cherry-pick diff pair 7 is -> 
{ 1fe39ff20c2bd8c466d436d758c01048e86e95e5 -> 83912efe8e9cadbda276b1ee020400bccd6c7ede } is a cherrypick
{ cfb49a549281d90c1bf13fcbde44d8ecb7422dec -> b77e0f224fcca2542fa6e990e9c4fdef7befab83 }
Cherrypick commits SHA are -> 
83912efe8e9cadbda276b1ee020400bccd6c7ede - cherrypick - b77e0f224fcca2542fa6e990e9c4fdef7befab83
---> The cherrypicked commit sha is - 83912efe8e9cadbda276b1ee020400bccd6c7ede
Commit message - add editorconfig
---> The original commit sha is - b77e0f224fcca2542fa6e990e9c4fdef7befab83
Commit message - Merge pull request #136 from geejs/editorconfig

add editorconfig
-----------------------------------------------------------------

Cherry-pick diff pair 8 is -> 
{ 42c9d901bd8954ae7b190260631631f8064508f2 -> ffa6cbf63e061343bd7e1393e228b7a82110e68f } is a cherrypick
{ 36f04327f81f88c32c398d2bbb22e236c5be2e3b -> 56f7db2f8b1940c41fbd5daa5fad26e500a6fa03 }
Cherrypick commits SHA are -> 
ffa6cbf63e061343bd7e1393e228b7a82110e68f - cherrypick - 56f7db2f8b1940c41fbd5daa5fad26e500a6fa03
---> The cherrypicked commit sha is - ffa6cbf63e061343bd7e1393e228b7a82110e68f
Commit message - Add R support in code editor files detection
---> The original commit sha is - 56f7db2f8b1940c41fbd5daa5fad26e500a6fa03
Commit message - Enable syntax highlighting for D files (#119)
-----------------------------------------------------------------

Cherry-pick diff pair 9 is -> 
{ 90e07a3f128a88e6b27f218eaa6026de36b82ff8 -> f987553776bc36206b12103fc9a17664f8c735ab } is a cherrypick
{ 0e14bd026a1276b16ff39fefccfb5f0d40c0ff68 -> 441f810db160281c38f0a0b5d94d350ff0fbb404 }
Cherrypick commits SHA are -> 
f987553776bc36206b12103fc9a17664f8c735ab - cherrypick - 441f810db160281c38f0a0b5d94d350ff0fbb404
---> The cherrypicked commit sha is - f987553776bc36206b12103fc9a17664f8c735ab
Commit message - Add "folders" header to files panel
---> The original commit sha is - 441f810db160281c38f0a0b5d94d350ff0fbb404
Commit message - Merge branch 'master' of github.com:FriendCode/codebox
-----------------------------------------------------------------

Cherry-pick diff pair 10 is -> 
{ 6b642631e99a7df384610fd40d5f2ee23c35dfbf -> 6541db089a04b502e08658413acb24ae46042a41 } is a cherrypick
{ 8414c65fb56debee3f7a40eaf237a5cda911eb04 -> 1fd728f610e102f461c07eb9b0b0fbd78cf93315 }
Cherrypick commits SHA are -> 
6541db089a04b502e08658413acb24ae46042a41 - cherrypick - 1fd728f610e102f461c07eb9b0b0fbd78cf93315
---> The cherrypicked commit sha is - 6541db089a04b502e08658413acb24ae46042a41
Commit message - Fix: VFS mkfile recursive mkdir issue, upgrade vfs-local to 0.3.13
---> The original commit sha is - 1fd728f610e102f461c07eb9b0b0fbd78cf93315
Commit message - Fix bug: Folder upload, by updating vfs-local to 0.3.13
-----------------------------------------------------------------

