# of partial cherrypicks = 29
Partial Cherry-pick diff pair 1 is -> 
{ 159b2456f59a51aa5c5b96493962016f554c9fd7 -> 503dc2c9df7e9537092a21654470572ccfd92e02 } is a cherrypick
{ eddfe0273fd4569b710cfc546467e45be8590672 -> 7382d8d90d47e6381a1de4fb4a9ef9a8c3f6e875 }
Partial Cherry-pick commits SHA are -> 
503dc2c9df7e9537092a21654470572ccfd92e02 - cherrypick - 7382d8d90d47e6381a1de4fb4a9ef9a8c3f6e875
---> The cherrypicked commit sha is - 503dc2c9df7e9537092a21654470572ccfd92e02
Commit message - Config: Prioritize userprofile for HOME search.
In Windows, it turns out if the current user is
not the default user, environment.HOME
returns drive root instead of the user-profile
directory.
This PR changes the priority. This change will
not break the current usage / implementations.
---> The original commit sha is - 7382d8d90d47e6381a1de4fb4a9ef9a8c3f6e875
Commit message - Merge pull request #317 from am11/master

Config: Prioritize userprofile for HOME search
---> The files with partial_cherrypicks are:-
src/configfinder.coffee
-----------------------------------------------------------------

Partial Cherry-pick diff pair 2 is -> 
{ 461d52d8da71e56c7aeea350d42eea39490a5013 -> 051d2b074f6c5b44b836722bb3e0c4fe0e75055d } is a cherrypick
{ acddfd573e6767fcbc689241e845813025d1432d -> 869f6acd85ac35b7e252ed876e4d37cc1fe4582c }
Partial Cherry-pick commits SHA are -> 
051d2b074f6c5b44b836722bb3e0c4fe0e75055d - cherrypick - 869f6acd85ac35b7e252ed876e4d37cc1fe4582c
---> The cherrypicked commit sha is - 051d2b074f6c5b44b836722bb3e0c4fe0e75055d
Commit message - Fix implicit parens edge-case (for last line)

This is an attempt at fixing #302. Basically if you have strict set to
false as part of the no_implicit_parens config, it should allow implicit
parens when it's done across multiple lines.

Before the change was done by detecting for a newline. Unfortunately it
seems that CoffeeScript does not add a newline property so you can have
implicit parens on the last line of code.
---> The original commit sha is - 869f6acd85ac35b7e252ed876e4d37cc1fe4582c
Commit message - Merge pull request #303 from swang/fix_edge_case_for_parens

Fix implicit parens edge-case (for last line)
---> The files with partial_cherrypicks are:-
src/rules/no_implicit_parens.coffee
test/test_no_implicit_parens.coffee
-----------------------------------------------------------------

Partial Cherry-pick diff pair 3 is -> 
{ 232d3346737a2e99346dd53d5eb9559d2d4b5791 -> 54989e34b1522c62b86e569f5865e3c87ca34d2e } is a cherrypick
{ 50c51ef6eb79d103e05f04587ab85e2121273d24 -> afa667519108d6c5eb2756ac9760b87699058961 }
Partial Cherry-pick commits SHA are -> 
54989e34b1522c62b86e569f5865e3c87ca34d2e - cherrypick - afa667519108d6c5eb2756ac9760b87699058961
---> The cherrypicked commit sha is - 54989e34b1522c62b86e569f5865e3c87ca34d2e
Commit message - Mention documentation generation in README.md's contributing steps.
---> The original commit sha is - afa667519108d6c5eb2756ac9760b87699058961
Commit message - Merge pull request #262 from misterdjules/contributing-section-mentions-documentation-generation

Mention documentation generation in README.md's contributing steps.
---> The files with partial_cherrypicks are:-
README.md
-----------------------------------------------------------------

Partial Cherry-pick diff pair 4 is -> 
{ d14f944725b5b239f0976fa029aecdf04a76ffb0 -> fe1f08d633982b9c59219b11c6be1fb7838bc336 } is a cherrypick
{ 36f9fc41d72ce4465029cd6d44412728f6caaf67 -> 25e1fc8fa9392056402dee17259d3fcf9e41247b }
Partial Cherry-pick commits SHA are -> 
fe1f08d633982b9c59219b11c6be1fb7838bc336 - cherrypick - 25e1fc8fa9392056402dee17259d3fcf9e41247b
---> The cherrypicked commit sha is - fe1f08d633982b9c59219b11c6be1fb7838bc336
Commit message - Add "run npm test" in the "Steps" section of README.md file so that more
pull requests pass Travis CI's tests suite right after they're submitted.
---> The original commit sha is - 25e1fc8fa9392056402dee17259d3fcf9e41247b
Commit message - Merge pull request #255 from zmbush/master

Fix MissingFatArrows, NoUnnecessaryFatArrows, and CyclomaticComplexity
---> The files with partial_cherrypicks are:-
README.md
-----------------------------------------------------------------

Partial Cherry-pick diff pair 5 is -> 
{ 771deb5b04fe3ef2596245021f89678c633d591c -> de982beb26182577a54d8c277efd947bb96eb326 } is a cherrypick
{ 44d492c82c3cefe59e722b3938c435f1c38430f0 -> 3cce44ebd573c94eaf67b0e71a687680bcbe6941 }
Partial Cherry-pick commits SHA are -> 
de982beb26182577a54d8c277efd947bb96eb326 - cherrypick - 3cce44ebd573c94eaf67b0e71a687680bcbe6941
---> The cherrypicked commit sha is - de982beb26182577a54d8c277efd947bb96eb326
Commit message - Add some notes on how to contribute.

Cleanup formatting for added notes, link to sandbox for AST.
---> The original commit sha is - 3cce44ebd573c94eaf67b0e71a687680bcbe6941
Commit message - Merge branch 'easytobook-no-interpolation-in-single-quotes'
---> The files with partial_cherrypicks are:-
README.md
-----------------------------------------------------------------

Partial Cherry-pick diff pair 6 is -> 
{ 771deb5b04fe3ef2596245021f89678c633d591c -> de982beb26182577a54d8c277efd947bb96eb326 } is a cherrypick
{ 25c2faae1b748aae8fdf48f128b262d4189127ff -> 40c5a3b24be8bb87410a83357f93424f4e453a49 }
Partial Cherry-pick commits SHA are -> 
de982beb26182577a54d8c277efd947bb96eb326 - cherrypick - 40c5a3b24be8bb87410a83357f93424f4e453a49
---> The cherrypicked commit sha is - de982beb26182577a54d8c277efd947bb96eb326
Commit message - Add some notes on how to contribute.

Cleanup formatting for added notes, link to sandbox for AST.
---> The original commit sha is - 40c5a3b24be8bb87410a83357f93424f4e453a49
Commit message - Merge pull request #244 from plumlee/contributing-readme

Add some notes on how to contribute.
---> The files with partial_cherrypicks are:-
README.md
-----------------------------------------------------------------

Partial Cherry-pick diff pair 7 is -> 
{ 42ff3ef23b0ec7258ae2f3d72207deb86ebee405 -> b58a0483d1aa027f4ccc2a741abcc50574821a3a } is a cherrypick
{ f6b55492c313f8c24caf92bbf8806911998319b5 -> 459ef9c0d9c53c4c52215cbbbe41c0cef7e82f92 }
Partial Cherry-pick commits SHA are -> 
b58a0483d1aa027f4ccc2a741abcc50574821a3a - cherrypick - 459ef9c0d9c53c4c52215cbbbe41c0cef7e82f92
---> The cherrypicked commit sha is - b58a0483d1aa027f4ccc2a741abcc50574821a3a
Commit message - Adding instructions for 3rd party rules
---> The original commit sha is - 459ef9c0d9c53c4c52215cbbbe41c0cef7e82f92
Commit message - Support config from package.json and .coffeelintrc (issue #145)
---> The files with partial_cherrypicks are:-
3rd_party_rules.md
-----------------------------------------------------------------

Partial Cherry-pick diff pair 8 is -> 
{ 201435d397a928b0af5f24185b0e2e1265f83665 -> 5c4f88fc7618997dde83310254c80d5266b7f384 } is a cherrypick
{ e7579b26cf7dcac103d9a7c314470756187f0ba7 -> ad5ab49d662bd20d6349ea6b07169d9725f1c6fa }
Partial Cherry-pick commits SHA are -> 
5c4f88fc7618997dde83310254c80d5266b7f384 - cherrypick - ad5ab49d662bd20d6349ea6b07169d9725f1c6fa
---> The cherrypicked commit sha is - 5c4f88fc7618997dde83310254c80d5266b7f384
Commit message - Added missing_fat_arrows rule and tests.
---> The original commit sha is - ad5ab49d662bd20d6349ea6b07169d9725f1c6fa
Commit message - Merge branch 'Clever-missing-fat-arrows'

Conflicts:
	generated_coffeelint.json
	src/coffeelint.coffee
---> The files with partial_cherrypicks are:-
src/rules/missing_fat_arrows.coffee
test/test_missing_fat_arrows.coffee
-----------------------------------------------------------------

Partial Cherry-pick diff pair 9 is -> 
{ a071fd3c54d38ab95646e7e164d613e4b95fa45a -> 56585dbe59b3846bd1e184f27389c616d6cce488 } is a cherrypick
{ b0d2b8632b2d75c4a5d52f3901d0f24eae475099 -> f1a1806dffb7e26838fc54d6b9fd0595be9c9a9c }
Partial Cherry-pick commits SHA are -> 
56585dbe59b3846bd1e184f27389c616d6cce488 - cherrypick - f1a1806dffb7e26838fc54d6b9fd0595be9c9a9c
---> The cherrypicked commit sha is - 56585dbe59b3846bd1e184f27389c616d6cce488
Commit message - Fixed an edge case where ignoring coffeescript_error crashes CoffeeLint
---> The original commit sha is - f1a1806dffb7e26838fc54d6b9fd0595be9c9a9c
Commit message - Merge branch 'Clever-master'
---> The files with partial_cherrypicks are:-
src/ast_linter.coffee
-----------------------------------------------------------------

Partial Cherry-pick diff pair 10 is -> 
{ 6f04fac1a9ab68f0eeb8a0263c780fbd23c49348 -> fc32387b1fc214fd267ded62755574e04099553f } is a cherrypick
{ 4ccf8d71a4c5f838f5e906924c286b2bafceab45 -> 8d46453e6ed3751af6494afd449ae7393b0fb5e7 }
Partial Cherry-pick commits SHA are -> 
fc32387b1fc214fd267ded62755574e04099553f - cherrypick - 8d46453e6ed3751af6494afd449ae7393b0fb5e7
---> The cherrypicked commit sha is - fc32387b1fc214fd267ded62755574e04099553f
Commit message - colon assignment spacing for 0.6
---> The original commit sha is - 8d46453e6ed3751af6494afd449ae7393b0fb5e7
Commit message - Merge pull request #140 from imcnally/master

Colon assignment spacing rule
---> The files with partial_cherrypicks are:-
src/rules/colon_assignment_spacing.coffee
-----------------------------------------------------------------

Partial Cherry-pick diff pair 11 is -> 
{ 2a34d86e54fc583b3ca28689015e1cf31fb36f6a -> 462b7c5232c9b4f9fbb205ef3337f674bfd1a190 } is a cherrypick
{ 135a8fcf22fd73fc64b03a91adbc585bee78d921 -> d4fe858ce10cc92d599098d8ad811b9e2bac80cd }
Partial Cherry-pick commits SHA are -> 
462b7c5232c9b4f9fbb205ef3337f674bfd1a190 - cherrypick - d4fe858ce10cc92d599098d8ad811b9e2bac80cd
---> The cherrypicked commit sha is - 462b7c5232c9b4f9fbb205ef3337f674bfd1a190
Commit message - clutchski/coffeelint#147 - "No trailing semi-colons" rule being applied incorrectly within strings using interpolation
---> The original commit sha is - d4fe858ce10cc92d599098d8ad811b9e2bac80cd
Commit message - Merge branch 'master' into custom-rules

Conflicts:
	src/coffeelint.coffee
---> The files with partial_cherrypicks are:-
test/test_semicolons.coffee
-----------------------------------------------------------------

Partial Cherry-pick diff pair 12 is -> 
{ 2fb8f9fbe2ff25774047b8d98bf14a333092c7cd -> 6f59ff1e9cc3d7eb02f2f9f504d5aad58b95f44b } is a cherrypick
{ 41a4c45d12acb05515a30bd32eb0ed682d9673fd -> b212eba2facee338e3789560141a3817f225976a }
Partial Cherry-pick commits SHA are -> 
6f59ff1e9cc3d7eb02f2f9f504d5aad58b95f44b - cherrypick - b212eba2facee338e3789560141a3817f225976a
---> The cherrypicked commit sha is - 6f59ff1e9cc3d7eb02f2f9f504d5aad58b95f44b
Commit message - Modified cyclomatic complexity to display beginning/end line numbers. Modified reporters to handle end line numbers
---> The original commit sha is - b212eba2facee338e3789560141a3817f225976a
Commit message - Merge pull request #134 from swang/update_cyclomatic_complexity

Update cyclomatic complexity
---> The files with partial_cherrypicks are:-
test/test_cyclomatic_complexity.coffee
-----------------------------------------------------------------

Partial Cherry-pick diff pair 13 is -> 
{ 2fb8f9fbe2ff25774047b8d98bf14a333092c7cd -> 6f59ff1e9cc3d7eb02f2f9f504d5aad58b95f44b } is a cherrypick
{ eaf6fe2fc8cdf4032c9cbbb0e9dd325871d9dc62 -> 3afac4e10e50c63879c376ab62482b43df82f986 }
Partial Cherry-pick commits SHA are -> 
6f59ff1e9cc3d7eb02f2f9f504d5aad58b95f44b - cherrypick - 3afac4e10e50c63879c376ab62482b43df82f986
---> The cherrypicked commit sha is - 6f59ff1e9cc3d7eb02f2f9f504d5aad58b95f44b
Commit message - Modified cyclomatic complexity to display beginning/end line numbers. Modified reporters to handle end line numbers
---> The original commit sha is - 3afac4e10e50c63879c376ab62482b43df82f986
Commit message - Merge branch 'literate'
---> The files with partial_cherrypicks are:-
test/test_arrows.coffee
test/test_indent.coffee
-----------------------------------------------------------------

Partial Cherry-pick diff pair 14 is -> 
{ 0f5ec75e0286a3678adb767f38721298396b3b6a -> afcad2612574e0f9f4184f95b6873cbc4e8d0696 } is a cherrypick
{ c495246121cd8142ba80d7f8ec9f027e3f969fff -> eaf6fe2fc8cdf4032c9cbbb0e9dd325871d9dc62 }
Partial Cherry-pick commits SHA are -> 
afcad2612574e0f9f4184f95b6873cbc4e8d0696 - cherrypick - eaf6fe2fc8cdf4032c9cbbb0e9dd325871d9dc62
---> The cherrypicked commit sha is - afcad2612574e0f9f4184f95b6873cbc4e8d0696
Commit message - Add Literate CoffeeScript support fixes clutchski/coffeelint#83
---> The original commit sha is - eaf6fe2fc8cdf4032c9cbbb0e9dd325871d9dc62
Commit message - Optimist boolean() doesn't have 2nd parameter
---> The files with partial_cherrypicks are:-
test/test_arrows.coffee
test/test_indent.coffee
-----------------------------------------------------------------

Partial Cherry-pick diff pair 15 is -> 
{ 29bc8b1e1ede9a00845d72339866fc112d785088 -> d944cee960cc2a30101563780ace6d8515237194 } is a cherrypick
{ dd032c770d6ba53d811c8ed491418bafd96f72eb -> a888483a70d8b98e3d1dec75683f1a594f1faf1b }
Partial Cherry-pick commits SHA are -> 
d944cee960cc2a30101563780ace6d8515237194 - cherrypick - a888483a70d8b98e3d1dec75683f1a594f1faf1b
---> The cherrypicked commit sha is - d944cee960cc2a30101563780ace6d8515237194
Commit message - Fixes clutchski/coffeelint#85 where spaced_operators did not apply to compound assignment operators
---> The original commit sha is - a888483a70d8b98e3d1dec75683f1a594f1faf1b
Commit message - Merge pull request #104 from swang/85_add_compound_assign_to_space_operators

Fixes clutchski/coffeelint#85 
---> The files with partial_cherrypicks are:-
test/test_spacing.coffee
-----------------------------------------------------------------

Partial Cherry-pick diff pair 16 is -> 
{ 01f4b3ce218e7447adca2c757faa73cec1e08dd3 -> cddb155d620da5ae55b4bd3100cfb8c13b5f45f7 } is a cherrypick
{ ee8ba3b9ec4443658c85caa11a07810cddbd4ddf -> 9ac7dc31dc0c32808c866c81bf6b55e34ca5b99e }
Partial Cherry-pick commits SHA are -> 
cddb155d620da5ae55b4bd3100cfb8c13b5f45f7 - cherrypick - 9ac7dc31dc0c32808c866c81bf6b55e34ca5b99e
---> The cherrypicked commit sha is - cddb155d620da5ae55b4bd3100cfb8c13b5f45f7
Commit message - Coffeescript 1.5.0 reports indentation differently
---> The original commit sha is - 9ac7dc31dc0c32808c866c81bf6b55e34ca5b99e
Commit message - Revert "Revert "Coffeescript 1.5.0 reports indentation differently""

This reverts commit 79436620428f2b297b3f88e8fa628701015cd39f.
---> The files with partial_cherrypicks are:-
test/test_1.5.0_plus.coffee
-----------------------------------------------------------------

Partial Cherry-pick diff pair 17 is -> 
{ d0a427a3fc2747deaa2381d80aaa992012a86271 -> d3fd7d9a4a7e9a37c3446ae71102affefbeac1b9 } is a cherrypick
{ ee8ba3b9ec4443658c85caa11a07810cddbd4ddf -> 9ac7dc31dc0c32808c866c81bf6b55e34ca5b99e }
Partial Cherry-pick commits SHA are -> 
d3fd7d9a4a7e9a37c3446ae71102affefbeac1b9 - cherrypick - 9ac7dc31dc0c32808c866c81bf6b55e34ca5b99e
---> The cherrypicked commit sha is - d3fd7d9a4a7e9a37c3446ae71102affefbeac1b9
Commit message - Merge pull request #98 from zipcodeman/master

Fix line reported for indentation in CoffeeScript 1.5.0+
---> The original commit sha is - 9ac7dc31dc0c32808c866c81bf6b55e34ca5b99e
Commit message - Revert "Revert "Coffeescript 1.5.0 reports indentation differently""

This reverts commit 79436620428f2b297b3f88e8fa628701015cd39f.
---> The files with partial_cherrypicks are:-
test/test_1.5.0_plus.coffee
-----------------------------------------------------------------

Partial Cherry-pick diff pair 18 is -> 
{ 9a589ca3a9e6b06ac4f41b8e2f3bbefd763bd341 -> aface1039e480ddb24eece0bdc7f1287fc039a72 } is a cherrypick
{ d0a427a3fc2747deaa2381d80aaa992012a86271 -> d3fd7d9a4a7e9a37c3446ae71102affefbeac1b9 }
Partial Cherry-pick commits SHA are -> 
aface1039e480ddb24eece0bdc7f1287fc039a72 - cherrypick - d3fd7d9a4a7e9a37c3446ae71102affefbeac1b9
---> The cherrypicked commit sha is - aface1039e480ddb24eece0bdc7f1287fc039a72
Commit message - Removing examples/coffeelint.json to resolve merge conflict
---> The original commit sha is - d3fd7d9a4a7e9a37c3446ae71102affefbeac1b9
Commit message - Merge pull request #98 from zipcodeman/master

Fix line reported for indentation in CoffeeScript 1.5.0+
---> The files with partial_cherrypicks are:-
test/test_arrows.coffee
-----------------------------------------------------------------

Partial Cherry-pick diff pair 19 is -> 
{ d082b0d62b61d3f88082e21db212f30135552095 -> 5c4392755719f93f164c7723042574531b2a8358 } is a cherrypick
{ 026472f376160f7af128f1d5ab36059d126712dd -> 566d5ac944f33ad9370477f1e5fbdf26c3785e8e }
Partial Cherry-pick commits SHA are -> 
5c4392755719f93f164c7723042574531b2a8358 - cherrypick - 566d5ac944f33ad9370477f1e5fbdf26c3785e8e
---> The cherrypicked commit sha is - 5c4392755719f93f164c7723042574531b2a8358
Commit message - added non_empty_constructor_needs_parens rule (default: IGNORE)
---> The original commit sha is - 566d5ac944f33ad9370477f1e5fbdf26c3785e8e
Commit message - Merge pull request #96 from jspiro/non-empty-constructor-needs-parents

Add non_empty_constructor_needs_parens rule (default: IGNORE)
---> The files with partial_cherrypicks are:-
test/test_constructor_needs_parens.coffee
test/test_empty_constructor_needs_parens.coffee
-----------------------------------------------------------------

Partial Cherry-pick diff pair 20 is -> 
{ 3e3516140e0fc7ff3f58011298ec31d38f668fdf -> f2dc1f546781379b64dbc3b3b9ffe52b4fa99afe } is a cherrypick
{ 2598a89f5d55a1262385c9457f2ac9a6c986104a -> b636708025828a0e94ec8b5c0e5e46c5fa514a78 }
Partial Cherry-pick commits SHA are -> 
f2dc1f546781379b64dbc3b3b9ffe52b4fa99afe - cherrypick - b636708025828a0e94ec8b5c0e5e46c5fa514a78
---> The cherrypicked commit sha is - f2dc1f546781379b64dbc3b3b9ffe52b4fa99afe
Commit message - Added an exception to exclude errors caused by long URLS in comments.
---> The original commit sha is - b636708025828a0e94ec8b5c0e5e46c5fa514a78
Commit message - Merge pull request #93 from AsaAyers/line-length-exception

Added an exception to exclude errors caused by long URLS in comments.
---> The files with partial_cherrypicks are:-
test/test_line_length.coffee
-----------------------------------------------------------------

Partial Cherry-pick diff pair 21 is -> 
{ f2dc1f546781379b64dbc3b3b9ffe52b4fa99afe -> 01138f4df81c6d7021e9aa492b680bbef7dc5e7a } is a cherrypick
{ 5f614b1601236c6a00e1e774fbd088950d2b4d5b -> 2598a89f5d55a1262385c9457f2ac9a6c986104a }
Partial Cherry-pick commits SHA are -> 
01138f4df81c6d7021e9aa492b680bbef7dc5e7a - cherrypick - 2598a89f5d55a1262385c9457f2ac9a6c986104a
---> The cherrypicked commit sha is - 01138f4df81c6d7021e9aa492b680bbef7dc5e7a
Commit message - Added a check to find duplicate keys defined on classes and objects.
---> The original commit sha is - 2598a89f5d55a1262385c9457f2ac9a6c986104a
Commit message - Merge pull request #92 from AsaAyers/duplicate-key

Added a check to find duplicate keys defined on classes and objects.
---> The files with partial_cherrypicks are:-
test/test_duplicate_key.coffee
test/test_newlines_after_classes.coffee
-----------------------------------------------------------------

Partial Cherry-pick diff pair 22 is -> 
{ 4b405a2198487a115dc1578f76487a9b77614e47 -> 1b963d31931cd7131d38bc5835aff3f74e976ac5 } is a cherrypick
{ 04a85563fc2017c56509202585ffc6fed85940a3 -> 0f819703176e1ecd10407b9d321e0bdf5aa36321 }
Partial Cherry-pick commits SHA are -> 
1b963d31931cd7131d38bc5835aff3f74e976ac5 - cherrypick - 0f819703176e1ecd10407b9d321e0bdf5aa36321
---> The cherrypicked commit sha is - 1b963d31931cd7131d38bc5835aff3f74e976ac5
Commit message - Add lib/* to .gitignore, removed lib/coffeelint.js from repo
---> The original commit sha is - 0f819703176e1ecd10407b9d321e0bdf5aa36321
Commit message - Merge pull request #78 from swang/add_lib_to_gitignore

Add lib/* to .gitignore, removed lib/coffeelint.js from repo
---> The files with partial_cherrypicks are:-
.gitignore
-----------------------------------------------------------------

Partial Cherry-pick diff pair 23 is -> 
{ 72502a88a8b803d9c7736eeff46ad54076c83546 -> 508600325ee5e5d50f7c5a11158ab0780c70df33 } is a cherrypick
{ 7698fc4b820df7c5d02db8c3304f066aa72f03a6 -> d12628114ded63f7cba84db687873285b1616c9d }
Partial Cherry-pick commits SHA are -> 
508600325ee5e5d50f7c5a11158ab0780c70df33 - cherrypick - d12628114ded63f7cba84db687873285b1616c9d
---> The cherrypicked commit sha is - 508600325ee5e5d50f7c5a11158ab0780c70df33
Commit message - Fix JSLintReporter handling of cyclomatic complexity errors
---> The original commit sha is - d12628114ded63f7cba84db687873285b1616c9d
Commit message - Merging clutchski/coffeelint master
---> The files with partial_cherrypicks are:-
bin/coffeelint
src/commandline.coffee
test/fixtures/cyclo_fail.coffee
test/test_commandline.coffee
-----------------------------------------------------------------

Partial Cherry-pick diff pair 24 is -> 
{ 00d94696c65ac98b0af3218db8dc5a630888c87e -> 5271ad78a149b6d64924e8b1470a67366eb22153 } is a cherrypick
{ e15a4e4345a09ef61e692779a4d22e55c2a60fdb -> 7698fc4b820df7c5d02db8c3304f066aa72f03a6 }
Partial Cherry-pick commits SHA are -> 
5271ad78a149b6d64924e8b1470a67366eb22153 - cherrypick - 7698fc4b820df7c5d02db8c3304f066aa72f03a6
---> The cherrypicked commit sha is - 5271ad78a149b6d64924e8b1470a67366eb22153
Commit message - made changes and wrote tests, tests dont pass yet.

Conflicts:

	lib/coffeelint.js
	src/coffeelint.coffee
---> The original commit sha is - 7698fc4b820df7c5d02db8c3304f066aa72f03a6
Commit message - Merge pull request #31 from Socrenchus/suppression

Added inline block toggling of rules
---> The files with partial_cherrypicks are:-
test/test_block_config.coffee
-----------------------------------------------------------------

Partial Cherry-pick diff pair 25 is -> 
{ beadbe10a702e11c73b06b2840ead10e56ca9b39 -> 69415c49e7dcaec810010b516083d2be4c14ff67 } is a cherrypick
{ a00d43b2f5f9a98a156eba5b32feb69f38e8d452 -> f9c73ab0d7abf0fe6008f1a1ce52ac5b9152eb05 }
Partial Cherry-pick commits SHA are -> 
69415c49e7dcaec810010b516083d2be4c14ff67 - cherrypick - f9c73ab0d7abf0fe6008f1a1ce52ac5b9152eb05
---> The cherrypicked commit sha is - 69415c49e7dcaec810010b516083d2be4c14ff67
Commit message - Allow implicit braces in class definitions
---> The original commit sha is - f9c73ab0d7abf0fe6008f1a1ce52ac5b9152eb05
Commit message - Merge branch 'master' of https://github.com/clutchski/coffeelint into suppression
---> The files with partial_cherrypicks are:-
src/coffeelint.coffee
-----------------------------------------------------------------

Partial Cherry-pick diff pair 26 is -> 
{ d3de49487dd7af547feb7f0aaa79b546ac702261 -> 00d94696c65ac98b0af3218db8dc5a630888c87e } is a cherrypick
{ a00d43b2f5f9a98a156eba5b32feb69f38e8d452 -> f9c73ab0d7abf0fe6008f1a1ce52ac5b9152eb05 }
Partial Cherry-pick commits SHA are -> 
00d94696c65ac98b0af3218db8dc5a630888c87e - cherrypick - f9c73ab0d7abf0fe6008f1a1ce52ac5b9152eb05
---> The cherrypicked commit sha is - 00d94696c65ac98b0af3218db8dc5a630888c87e
Commit message - Merge branch 'master' of https://github.com/leostera/coffeelint

Conflicts:
	bin/coffeelint
---> The original commit sha is - f9c73ab0d7abf0fe6008f1a1ce52ac5b9152eb05
Commit message - Merge branch 'master' of https://github.com/clutchski/coffeelint into suppression
---> The files with partial_cherrypicks are:-
Rakefile
src/commandline.coffee
test/test_braces.coffee
-----------------------------------------------------------------

Partial Cherry-pick diff pair 27 is -> 
{ dc80907d408ffdf39a21bb81f82409e944d70868 -> 13fa22ec1f037665ba1a1b0d0060e934e4db10c3 } is a cherrypick
{ c4cae6ff4275da2253dbb29d01db420198ffc4e1 -> 6e32c34654d0388000f4c684d0e2ea530bed7397 }
Partial Cherry-pick commits SHA are -> 
13fa22ec1f037665ba1a1b0d0060e934e4db10c3 - cherrypick - 6e32c34654d0388000f4c684d0e2ea530bed7397
---> The cherrypicked commit sha is - 13fa22ec1f037665ba1a1b0d0060e934e4db10c3
Commit message - Boolean operators add to complexity.
---> The original commit sha is - 6e32c34654d0388000f4c684d0e2ea530bed7397
Commit message - Updating example config.
---> The files with partial_cherrypicks are:-
examples/coffeelint.json
-----------------------------------------------------------------

Partial Cherry-pick diff pair 28 is -> 
{ a2c848a68cb09b93c5c3395f826bb6ad8607ee8a -> 549e9efc0b8f0e5b1fe646ee2c42e06481766809 } is a cherrypick
{ c4cae6ff4275da2253dbb29d01db420198ffc4e1 -> 6e32c34654d0388000f4c684d0e2ea530bed7397 }
Partial Cherry-pick commits SHA are -> 
549e9efc0b8f0e5b1fe646ee2c42e06481766809 - cherrypick - 6e32c34654d0388000f4c684d0e2ea530bed7397
---> The cherrypicked commit sha is - 549e9efc0b8f0e5b1fe646ee2c42e06481766809
Commit message - Merge branch 'complexity'
---> The original commit sha is - 6e32c34654d0388000f4c684d0e2ea530bed7397
Commit message - Updating example config.
---> The files with partial_cherrypicks are:-
examples/coffeelint.json
-----------------------------------------------------------------

Partial Cherry-pick diff pair 29 is -> 
{ 6056907d52d9838c1a29930ac465abd7b79bc889 -> ac7dbf77d0bd8b8f725da25e0df6d97bd3216adf } is a cherrypick
{ 42f8413558b7a443a7783d33e6749748efdeae8d -> 629a88e7ed66609f26892d35b5d2ef371533633d }
Partial Cherry-pick commits SHA are -> 
ac7dbf77d0bd8b8f725da25e0df6d97bd3216adf - cherrypick - 629a88e7ed66609f26892d35b5d2ef371533633d
---> The cherrypicked commit sha is - ac7dbf77d0bd8b8f725da25e0df6d97bd3216adf
Commit message - Markdown.
---> The original commit sha is - 629a88e7ed66609f26892d35b5d2ef371533633d
Commit message - Fixing README.
---> The files with partial_cherrypicks are:-
README
-----------------------------------------------------------------

