# of cherry-picks = 21
Cherry-pick diff pair 1 is -> 
{ e2eae7e5d06903a87c15c7c1e4af12f0cd2f3fda -> 8230e8f5f16fd22ef1455467865aa30292e067c9 } is a cherrypick
{ bb86a8660b0f9c4bb1b8e2f627cef14f534dad22 -> 77a6e74c3abdbdf74f0be18e092da9a02bf0e956 }
Cherrypick commits SHA are -> 
8230e8f5f16fd22ef1455467865aa30292e067c9 - cherrypick - 77a6e74c3abdbdf74f0be18e092da9a02bf0e956
---> The cherrypicked commit sha is - 8230e8f5f16fd22ef1455467865aa30292e067c9
Commit message - Small indentation refactoring

Removes cyclomatic complexity warning.
Handles current lines that are empty.
---> The original commit sha is - 77a6e74c3abdbdf74f0be18e092da9a02bf0e956
Commit message - Merge pull request #341 from swang/small_indent_refactor

Small indentation refactoring
-----------------------------------------------------------------

Cherry-pick diff pair 2 is -> 
{ b2c31833ce0b06bce8e4d3e598843d42bf0f1501 -> fa2d294516b727538330ac289ed2cbaf365b7f1e } is a cherrypick
{ 6eba0ab42ac3b41f765e9f338a02d7a2342a7872 -> eddfe0273fd4569b710cfc546467e45be8590672 }
Cherrypick commits SHA are -> 
fa2d294516b727538330ac289ed2cbaf365b7f1e - cherrypick - eddfe0273fd4569b710cfc546467e45be8590672
---> The cherrypicked commit sha is - fa2d294516b727538330ac289ed2cbaf365b7f1e
Commit message - Removes support for '.' chain at end of line

Chaining will no longer support an edge-case of having the '.' operator
at the end of the line rather than at the beginning of the line.
---> The original commit sha is - eddfe0273fd4569b710cfc546467e45be8590672
Commit message - Merge pull request #320 from swang/no_dots_at_eol

Removes support for '.' chain at end of line
-----------------------------------------------------------------

Cherry-pick diff pair 3 is -> 
{ aa129c1d41fc42c312a483eec1f41936187d71a5 -> 461d52d8da71e56c7aeea350d42eea39490a5013 } is a cherrypick
{ 50ac18db6a94784699daa0b57bdc87da5ba427e8 -> 4738cc5489d9eda5033ecfba1af66305d94b6257 }
Cherrypick commits SHA are -> 
461d52d8da71e56c7aeea350d42eea39490a5013 - cherrypick - 4738cc5489d9eda5033ecfba1af66305d94b6257
---> The cherrypicked commit sha is - 461d52d8da71e56c7aeea350d42eea39490a5013
Commit message - Space_operators missed some cases
---> The original commit sha is - 4738cc5489d9eda5033ecfba1af66305d94b6257
Commit message - Merge pull request #297 from paulcollinsiii/space_operator_fixes

Space_operators missed some cases
-----------------------------------------------------------------

Cherry-pick diff pair 4 is -> 
{ 7548feeeffe819dd4c1577184336b086e06e5d81 -> 9db7f16c0cfa2cab07861ebc57dd6e4a30478baa } is a cherrypick
{ c493af282615b38897902d6ea4070d2846e7b34d -> 52a980cb3aea3f8c46d80410ee2fe049f8feb550 }
Cherrypick commits SHA are -> 
9db7f16c0cfa2cab07861ebc57dd6e4a30478baa - cherrypick - 52a980cb3aea3f8c46d80410ee2fe049f8feb550
---> The cherrypicked commit sha is - 9db7f16c0cfa2cab07861ebc57dd6e4a30478baa
Commit message - Fix URL in README
---> The original commit sha is - 52a980cb3aea3f8c46d80410ee2fe049f8feb550
Commit message - Merge pull request #267 from tmaier/patch-1

Fix URL in README
-----------------------------------------------------------------

Cherry-pick diff pair 5 is -> 
{ 25e1fc8fa9392056402dee17259d3fcf9e41247b -> 38c5099bca127c4df2b6caac0c86110d637c58e7 } is a cherrypick
{ 4e5fab4288b00eda648b7b6dc8f9e7bcffcb13ae -> 17b6d97249f36c1b29bb64a6e523b174220b56fc }
Cherrypick commits SHA are -> 
38c5099bca127c4df2b6caac0c86110d637c58e7 - cherrypick - 17b6d97249f36c1b29bb64a6e523b174220b56fc
---> The cherrypicked commit sha is - 38c5099bca127c4df2b6caac0c86110d637c58e7
Commit message - Add no_empty_functions rule that triggers if an empty function is defined.
---> The original commit sha is - 17b6d97249f36c1b29bb64a6e523b174220b56fc
Commit message - Merge branch 'fix/windows-line-length' of github.com:knuton/coffeelint into knuton-fix/windows-line-length
-----------------------------------------------------------------

Cherry-pick diff pair 6 is -> 
{ c0de12af2ca395473f8c5f754f061a128adc7594 -> d14f944725b5b239f0976fa029aecdf04a76ffb0 } is a cherrypick
{ fe1f08d633982b9c59219b11c6be1fb7838bc336 -> 12b7beb1ce749ced5f0111599405c63a4a3ce0c6 }
Cherrypick commits SHA are -> 
d14f944725b5b239f0976fa029aecdf04a76ffb0 - cherrypick - 12b7beb1ce749ced5f0111599405c63a4a3ce0c6
---> The cherrypicked commit sha is - d14f944725b5b239f0976fa029aecdf04a76ffb0
Commit message - 1.2.0
---> The original commit sha is - 12b7beb1ce749ced5f0111599405c63a4a3ce0c6
Commit message - Merge pull request #258 from misterdjules/add-run-npm-test-in-readme

Add "run npm test" in the "Steps" section of README.md.
-----------------------------------------------------------------

Cherry-pick diff pair 7 is -> 
{ 25c2faae1b748aae8fdf48f128b262d4189127ff -> 40c5a3b24be8bb87410a83357f93424f4e453a49 } is a cherrypick
{ 44d492c82c3cefe59e722b3938c435f1c38430f0 -> 3cce44ebd573c94eaf67b0e71a687680bcbe6941 }
Cherrypick commits SHA are -> 
40c5a3b24be8bb87410a83357f93424f4e453a49 - cherrypick - 3cce44ebd573c94eaf67b0e71a687680bcbe6941
---> The cherrypicked commit sha is - 40c5a3b24be8bb87410a83357f93424f4e453a49
Commit message - Merge pull request #244 from plumlee/contributing-readme

Add some notes on how to contribute.
---> The original commit sha is - 3cce44ebd573c94eaf67b0e71a687680bcbe6941
Commit message - Merge branch 'easytobook-no-interpolation-in-single-quotes'
-----------------------------------------------------------------

Cherry-pick diff pair 8 is -> 
{ 170e9ccbbbd39e60dccc145d298dcc5fd59259e9 -> 6baf234afdcfa3844815ab181c76c7ecd61e153b } is a cherrypick
{ 83a0b899c3000feec77d55d27fcae463c1fa25c0 -> 2410baf0b97e130a892452a4eb47467c82418a24 }
Cherrypick commits SHA are -> 
6baf234afdcfa3844815ab181c76c7ecd61e153b - cherrypick - 2410baf0b97e130a892452a4eb47467c82418a24
---> The cherrypicked commit sha is - 6baf234afdcfa3844815ab181c76c7ecd61e153b
Commit message - Changes onlySpaces regex to skip empty lines w/o whitespaces
---> The original commit sha is - 2410baf0b97e130a892452a4eb47467c82418a24
Commit message - Merge pull request #212 from oliverh855/master

Changes onlySpaces regex to skip empty lines w/o whitespaces
-----------------------------------------------------------------

Cherry-pick diff pair 9 is -> 
{ 91a99f48f0ebb5c3fcedd0ce7d03360af296406d -> d81f4566ef765ffb95b4a313d473ada5bee5d2c4 } is a cherrypick
{ a1c20803966ea67da3fd519cb0ae12644d790fae -> 33cd010a92dc14e7da304d43628e31f98eddb6e9 }
Cherrypick commits SHA are -> 
d81f4566ef765ffb95b4a313d473ada5bee5d2c4 - cherrypick - 33cd010a92dc14e7da304d43628e31f98eddb6e9
---> The cherrypicked commit sha is - d81f4566ef765ffb95b4a313d473ada5bee5d2c4
Commit message - Include info about coffeelintrule keyword
---> The original commit sha is - 33cd010a92dc14e7da304d43628e31f98eddb6e9
Commit message - Merge branch 'update-module-docs' of github.com:Alaneor/coffeelint into Alaneor-update-module-docs
-----------------------------------------------------------------

Cherry-pick diff pair 10 is -> 
{ c6daad84d292e2c91ea58018df97ee0152c44acd -> a504f88bb3ca1568e81f8d6ce5181935b49be886 } is a cherrypick
{ 3afac4e10e50c63879c376ab62482b43df82f986 -> 41a4c45d12acb05515a30bd32eb0ed682d9673fd }
Cherrypick commits SHA are -> 
a504f88bb3ca1568e81f8d6ce5181935b49be886 - cherrypick - 41a4c45d12acb05515a30bd32eb0ed682d9673fd
---> The cherrypicked commit sha is - a504f88bb3ca1568e81f8d6ce5181935b49be886
Commit message - fix #129 by adding 'RETURN' to the list of tokens allowed before unary operators
---> The original commit sha is - 41a4c45d12acb05515a30bd32eb0ed682d9673fd
Commit message - Merge pull request #130 from fauxparse/master

Fix #129: adds 'RETURN' to the list of tokens that can precede a unary operator.
-----------------------------------------------------------------

Cherry-pick diff pair 11 is -> 
{ 3da97ab602b1f6eba9b4cb377e392809a8d19518 -> 458704be73cde491700abf21f9b72a0d77e7c77e } is a cherrypick
{ 7d1f50ee6b868c401ee27ed7546bd058638a7dd4 -> bce580af6502730c259e08fd56730be5aab42968 }
Cherrypick commits SHA are -> 
458704be73cde491700abf21f9b72a0d77e7c77e - cherrypick - bce580af6502730c259e08fd56730be5aab42968
---> The cherrypicked commit sha is - 458704be73cde491700abf21f9b72a0d77e7c77e
Commit message - Add simple bin/coffeelint wrapper
---> The original commit sha is - bce580af6502730c259e08fd56730be5aab42968
Commit message - Merge pull request #122 from mhart/add-simple-bin-script

Add simple bin/coffeelint wrapper
-----------------------------------------------------------------

Cherry-pick diff pair 12 is -> 
{ 566d5ac944f33ad9370477f1e5fbdf26c3785e8e -> 9a589ca3a9e6b06ac4f41b8e2f3bbefd763bd341 } is a cherrypick
{ 4fbe718f506d57b5d3e81e632e0fc77043817f27 -> 1872e43fd5ee578acbd73d0051962d2f54482856 }
Cherrypick commits SHA are -> 
9a589ca3a9e6b06ac4f41b8e2f3bbefd763bd341 - cherrypick - 1872e43fd5ee578acbd73d0051962d2f54482856
---> The cherrypicked commit sha is - 9a589ca3a9e6b06ac4f41b8e2f3bbefd763bd341
Commit message - (non_)empty_constructor_needs_parens rule fails incorrectly when constructing a chained class name
---> The original commit sha is - 1872e43fd5ee578acbd73d0051962d2f54482856
Commit message - Merge pull request #97 from jspiro/constructor-needs-parens

(non_)empty_constructor_needs_parens rule fails incorrectly when constructing a chained class name
-----------------------------------------------------------------

Cherry-pick diff pair 13 is -> 
{ de2ca50d05225ea7eb111c5497025fe45011d811 -> 29bc8b1e1ede9a00845d72339866fc112d785088 } is a cherrypick
{ a888483a70d8b98e3d1dec75683f1a594f1faf1b -> 706d81f5f077b49cf6994d9c5b858c37f542d5b3 }
Cherrypick commits SHA are -> 
29bc8b1e1ede9a00845d72339866fc112d785088 - cherrypick - 706d81f5f077b49cf6994d9c5b858c37f542d5b3
---> The cherrypicked commit sha is - 29bc8b1e1ede9a00845d72339866fc112d785088
Commit message - increment coffeelint.VERSION to 0.5.5
---> The original commit sha is - 706d81f5f077b49cf6994d9c5b858c37f542d5b3
Commit message - update version to 0.5.5 (in coffee-script source)
-----------------------------------------------------------------

Cherry-pick diff pair 14 is -> 
{ ac5f66904003146bf57fa1b957684b2afe7430d5 -> 7bc5eda094e0ca253110e01795cf73a89123b8cc } is a cherrypick
{ 5af8d8506bf79e2ef53f8369b6e9f13175ebd663 -> d082b0d62b61d3f88082e21db212f30135552095 }
Cherrypick commits SHA are -> 
7bc5eda094e0ca253110e01795cf73a89123b8cc - cherrypick - d082b0d62b61d3f88082e21db212f30135552095
---> The cherrypicked commit sha is - 7bc5eda094e0ca253110e01795cf73a89123b8cc
Commit message - Fix indentation
---> The original commit sha is - d082b0d62b61d3f88082e21db212f30135552095
Commit message - Merge branch 'master' of github.com:clutchski/coffeelint
-----------------------------------------------------------------

Cherry-pick diff pair 15 is -> 
{ 58880ddb1c968320f081f6e62894c621ad2cc8c8 -> 286c0ab521af7bc14caae417e9bde13237c8b7d8 } is a cherrypick
{ 17fe62e993d39addf0e330030d8fdf4c8a05c9ef -> 24dd97a8419c873b925ed54238a177eeb5bea8bb }
Cherrypick commits SHA are -> 
286c0ab521af7bc14caae417e9bde13237c8b7d8 - cherrypick - 24dd97a8419c873b925ed54238a177eeb5bea8bb
---> The cherrypicked commit sha is - 286c0ab521af7bc14caae417e9bde13237c8b7d8
Commit message - Adding plusplus to example config file.
---> The original commit sha is - 24dd97a8419c873b925ed54238a177eeb5bea8bb
Commit message - add no_stand_alone_at to coffeelint.json example
-----------------------------------------------------------------

Cherry-pick diff pair 16 is -> 
{ 9cf5e738fe9a7dba77f7eedf6a68c4b2b12f8ae2 -> 895b892b9d4322f5b445e7813565dfbacd170d71 } is a cherrypick
{ 17fe62e993d39addf0e330030d8fdf4c8a05c9ef -> 24dd97a8419c873b925ed54238a177eeb5bea8bb }
Cherrypick commits SHA are -> 
895b892b9d4322f5b445e7813565dfbacd170d71 - cherrypick - 24dd97a8419c873b925ed54238a177eeb5bea8bb
---> The cherrypicked commit sha is - 895b892b9d4322f5b445e7813565dfbacd170d71
Commit message - Adding implict parens to example config.
---> The original commit sha is - 24dd97a8419c873b925ed54238a177eeb5bea8bb
Commit message - add no_stand_alone_at to coffeelint.json example
-----------------------------------------------------------------

Cherry-pick diff pair 17 is -> 
{ 3f97308119a8f3882fd18ba014bddb226fa75d1d -> 876eaf637ccc31d41dc0329da75c833cd1cbd223 } is a cherrypick
{ b94b854dc17237a5132da626cf15ce99b78e19a3 -> f624555d13199e9d0434a490c12e0a48dc0619b6 }
Cherrypick commits SHA are -> 
876eaf637ccc31d41dc0329da75c833cd1cbd223 - cherrypick - f624555d13199e9d0434a490c12e0a48dc0619b6
---> The cherrypicked commit sha is - 876eaf637ccc31d41dc0329da75c833cd1cbd223
Commit message - stdout/stderr drain before exit
---> The original commit sha is - f624555d13199e9d0434a490c12e0a48dc0619b6
Commit message - Merge pull request #66 from sjz/master

stdout and stderr drain before exit
-----------------------------------------------------------------

Cherry-pick diff pair 18 is -> 
{ 58880ddb1c968320f081f6e62894c621ad2cc8c8 -> 286c0ab521af7bc14caae417e9bde13237c8b7d8 } is a cherrypick
{ 9cf5e738fe9a7dba77f7eedf6a68c4b2b12f8ae2 -> 895b892b9d4322f5b445e7813565dfbacd170d71 }
Cherrypick commits SHA are -> 
286c0ab521af7bc14caae417e9bde13237c8b7d8 - cherrypick - 895b892b9d4322f5b445e7813565dfbacd170d71
---> The cherrypicked commit sha is - 286c0ab521af7bc14caae417e9bde13237c8b7d8
Commit message - Adding plusplus to example config file.
---> The original commit sha is - 895b892b9d4322f5b445e7813565dfbacd170d71
Commit message - Adding implict parens to example config.
-----------------------------------------------------------------

Cherry-pick diff pair 19 is -> 
{ 4ea75e79eaba2b8b6632b25abd991215bfc897c9 -> 1613b955222c947512b6c1de6c00d83673a14312 } is a cherrypick
{ c4cae6ff4275da2253dbb29d01db420198ffc4e1 -> 6e32c34654d0388000f4c684d0e2ea530bed7397 }
Cherrypick commits SHA are -> 
1613b955222c947512b6c1de6c00d83673a14312 - cherrypick - 6e32c34654d0388000f4c684d0e2ea530bed7397
---> The cherrypicked commit sha is - 1613b955222c947512b6c1de6c00d83673a14312
Commit message - Adding no throwing strings config.
---> The original commit sha is - 6e32c34654d0388000f4c684d0e2ea530bed7397
Commit message - Updating example config.
-----------------------------------------------------------------

Cherry-pick diff pair 20 is -> 
{ 11af868f9c06c17d0a6d483e24a063b619c57877 -> a319b3ad5681c1e0dbf48cc12922c9c2a479bd06 } is a cherrypick
{ c4cae6ff4275da2253dbb29d01db420198ffc4e1 -> 6e32c34654d0388000f4c684d0e2ea530bed7397 }
Cherrypick commits SHA are -> 
a319b3ad5681c1e0dbf48cc12922c9c2a479bd06 - cherrypick - 6e32c34654d0388000f4c684d0e2ea530bed7397
---> The cherrypicked commit sha is - a319b3ad5681c1e0dbf48cc12922c9c2a479bd06
Commit message - Adding complexity to example config.
---> The original commit sha is - 6e32c34654d0388000f4c684d0e2ea530bed7397
Commit message - Updating example config.
-----------------------------------------------------------------

Cherry-pick diff pair 21 is -> 
{ 4ea75e79eaba2b8b6632b25abd991215bfc897c9 -> 1613b955222c947512b6c1de6c00d83673a14312 } is a cherrypick
{ 11af868f9c06c17d0a6d483e24a063b619c57877 -> a319b3ad5681c1e0dbf48cc12922c9c2a479bd06 }
Cherrypick commits SHA are -> 
1613b955222c947512b6c1de6c00d83673a14312 - cherrypick - a319b3ad5681c1e0dbf48cc12922c9c2a479bd06
---> The cherrypicked commit sha is - 1613b955222c947512b6c1de6c00d83673a14312
Commit message - Adding no throwing strings config.
---> The original commit sha is - a319b3ad5681c1e0dbf48cc12922c9c2a479bd06
Commit message - Adding complexity to example config.
-----------------------------------------------------------------

