# of merges = 103
Merge commit 1 is -> 
{ 28191e649926a6c2dfa0c8c7eca463e8346fbef2 is a merge commit
---> Commit message - Merge fixes
-----------------------------------------------------------------

Merge commit 2 is -> 
{ c0dbe3f7db42fc274baa9be56f295b66b8fc2c08 is a merge commit
---> Commit message - Merge pull request #50 from shinuza/important

Added warning and errors for important declarations
-----------------------------------------------------------------

Merge commit 3 is -> 
{ 407a0b99795264eae2dd119f27cfe21fe51c7873 is a merge commit
---> Commit message - Merge branch 'master' of github.com:stubbornella/csslint
-----------------------------------------------------------------

Merge commit 4 is -> 
{ 4b97b5a72dd403e190c76e79cfa7e5d6fa2fcf45 is a merge commit
---> Commit message - Merge pull request #37 from eitanmk/master

Integration with Rhino CLI
-----------------------------------------------------------------

Merge commit 5 is -> 
{ fb2f3dc3293f8c2618260374d47bae412b2970b4 is a merge commit
---> Commit message - Merge pull request #72 from shinuza/exit_code

Exiting with non-zero exit code when CSSLint reported an error
-----------------------------------------------------------------

Merge commit 6 is -> 
{ a9540f6f2f06a22b676682d4e9fb2b4fe06d07e8 is a merge commit
---> Commit message - Merge branch 'master' of github.com:stubbornella/csslint
-----------------------------------------------------------------

Merge commit 7 is -> 
{ c7b339bf86199b9743e5ec2257442c33a35bcd5e is a merge commit
---> Commit message - Merge pull request #70 from hpbuniat/cf5aea7f

Fixed some js-lint errors/warnings
-----------------------------------------------------------------

Merge commit 8 is -> 
{ 837ec5e006ea0c8a40b906cf6bb5179f8ec567ff is a merge commit
---> Commit message - Merge branch 'master' of github.com:stubbornella/csslint
-----------------------------------------------------------------

Merge commit 9 is -> 
{ 5653b851af892ea5ffcae96039340d0ca45c357b is a merge commit
---> Commit message - Merge pull request #74 from shinuza/eol_cleaning

Cleaning Windows EOL and whitespaces
-----------------------------------------------------------------

Merge commit 10 is -> 
{ bf9f5b0dd8d7e04b6dd8d73344318ebc5b1635b0 is a merge commit
---> Commit message - Merge branch 'master' into text-indent
-----------------------------------------------------------------

Merge commit 11 is -> 
{ 284d3351362155b900c6032468618c1e25c038c8 is a merge commit
---> Commit message - Merge pull request #81 from shinuza/cli

Cleaned cli files, removed redundant code, cleaned error reporting
-----------------------------------------------------------------

Merge commit 12 is -> 
{ ba78ca7e43cda8623757b9966068627ddd59b4c0 is a merge commit
---> Commit message - Merge branch 'master' of github.com:stubbornella/csslint
-----------------------------------------------------------------

Merge commit 13 is -> 
{ 9868375b60a612815ac0ffa4cc44dddfe0c16ee7 is a merge commit
---> Commit message - Merge branch 'master' of github.com:stubbornella/csslint
-----------------------------------------------------------------

Merge commit 14 is -> 
{ e70538a3c1ac3ad23936dd4117857016b0162316 is a merge commit
---> Commit message - Merge branch 'master' into width-100
-----------------------------------------------------------------

Merge commit 15 is -> 
{ ed866534e2729cdcc33a6eba9d411de825066c25 is a merge commit
---> Commit message - Merge branch 'master' of github.com:stubbornella/csslint
-----------------------------------------------------------------

Merge commit 16 is -> 
{ f9d608bc3278109fbf4d0b54c11c143b943571cf is a merge commit
---> Commit message - Merge branch 'master' of git://github.com/stubbornella/csslint into nzakas-master
-----------------------------------------------------------------

Merge commit 17 is -> 
{ 67b9037078463da71fec7bb5fa5acd1d9dab8543 is a merge commit
---> Commit message - Fixing merge conflict from 0.3.x
-----------------------------------------------------------------

Merge commit 18 is -> 
{ 03b33180975142887d5487032995d0513cc0844f is a merge commit
---> Commit message - Merge pull request #99 from topaxi/patch-1

Fixed little typo in README.md (may => many).
-----------------------------------------------------------------

Merge commit 19 is -> 
{ 76d90bb57068e92e6c5c59cfc7e8ec52bf5ba814 is a merge commit
---> Commit message - Merge pull request #78 from barberboy/issue-54-compatible-vendor-prefixes

Added rule to remember compatible vendor-prefixed properties
-----------------------------------------------------------------

Merge commit 20 is -> 
{ 3b40809905d8ec09e8ec8d89168dc77b08f02040 is a merge commit
---> Commit message - Merged in formatting options (pull #86)
-----------------------------------------------------------------

Merge commit 21 is -> 
{ cfb1f338a12d96308db36e232a3e5c380542684e is a merge commit
---> Commit message - Merge fixes
-----------------------------------------------------------------

Merge commit 22 is -> 
{ 568297638e6211162913cf2604878e6e76936334 is a merge commit
---> Commit message - Merge branch 'master' of github.com:stubbornella/csslint
-----------------------------------------------------------------

Merge commit 23 is -> 
{ bd6494f6c44e72e88b505cd41c60ff56d64497f8 is a merge commit
---> Commit message - Merge pull request #134 from eriwen/master

One-line output format (issue #88) and additional documentation
-----------------------------------------------------------------

Merge commit 24 is -> 
{ 68c24a483f025a8c555a1402db3b594d06aedab3 is a merge commit
---> Commit message - Merge branch 'master' of github.com:stubbornella/csslint
-----------------------------------------------------------------

Merge commit 25 is -> 
{ 977aee8c29884aa45a094a1140ed4de6616c73a9 is a merge commit
---> Commit message - Merge pull request #148 from parallel/master

Added missing properties in the list of known properties
-----------------------------------------------------------------

Merge commit 26 is -> 
{ 7c1df35f49749682f07f4a2f7e1eada48fa0b5bc is a merge commit
---> Commit message - Merge pull request #156 from kasperg/master

Checkstyle XML format
-----------------------------------------------------------------

Merge commit 27 is -> 
{ 0c34dab8e75a4937e8ccea14b2a0278076981909 is a merge commit
---> Commit message - Merge pull request #162 from tomasz-oponowicz/issue_142

Fixed XML output formatter which produces '<' and '>' inside attribute's (XML output) - issue 142
-----------------------------------------------------------------

Merge commit 28 is -> 
{ baf5b03137203afe524232596d527cbf2798e320 is a merge commit
---> Commit message - Merge pull request #163 from tomasz-oponowicz/issue_141

Fixed returning exit_code when errors exist - issue 141
-----------------------------------------------------------------

Merge commit 29 is -> 
{ bd6bfe722a9196feeecda7f87d35dbc5797ed5f2 is a merge commit
---> Commit message - Merge pull request #161 from eriwen/master

Add CSSLint XML formatter
-----------------------------------------------------------------

Merge commit 30 is -> 
{ 5868e5571043c73a96b91b14e8de4d1f9b7534b8 is a merge commit
---> Commit message - Merge pull request #167 from cillianderoiste/master

Change path.join to path.resolve so that '..', '/', '~' can be used as the filename successfully, fixes #166
-----------------------------------------------------------------

Merge commit 31 is -> 
{ 5095acbbda447a6ea1ad47812b46e7b0f5502016 is a merge commit
---> Commit message - Merge branch 'master' of github.com:stubbornella/csslint
-----------------------------------------------------------------

Merge commit 32 is -> 
{ 4e6c8e7a7206c887fa40dd5f08379b1772a14ebb is a merge commit
---> Commit message - Merge pull request #171 from kasperg/checkstyle-escape-chars

Escape special chars in Checkstyle XML output
-----------------------------------------------------------------

Merge commit 33 is -> 
{ e2a55bb272ff2e47b0cbe909ccc4ad1664842710 is a merge commit
---> Commit message - Merge branch 'master' of github.com:stubbornella/csslint
-----------------------------------------------------------------

Merge commit 34 is -> 
{ 5b3bb4797dd8cc88faa97778e7345a9034f64fef is a merge commit
---> Commit message - Merge pull request #187 from eriwen/master

Changes for requests #170 and #172
-----------------------------------------------------------------

Merge commit 35 is -> 
{ d884494f3076863ab7db80b80a22db6c4316c957 is a merge commit
---> Commit message - Merge pull request #192 from eriwen/master

Fix for issue #152 regarding compact output format
-----------------------------------------------------------------

Merge commit 36 is -> 
{ f5423d0a3eef9ca5c9dc36373edf3dea19ebc9cf is a merge commit
---> Commit message - Merge branch 'master' of github.com:stubbornella/csslint
-----------------------------------------------------------------

Merge commit 37 is -> 
{ b2ac3b79f693e29afae9df4a19b8a2669de2effc is a merge commit
---> Commit message - Merge pull request #200 from hpbuniat/duplicate-background-url

Added rule to detect multiple usage of the same background-image
-----------------------------------------------------------------

Merge commit 38 is -> 
{ eae128758ef7c882fad53b37c805ff1e354cd763 is a merge commit
---> Commit message - Merge fixes
-----------------------------------------------------------------

Merge commit 39 is -> 
{ a71126999ab4540d8ea7a1ac347cb3c7f6bb0f24 is a merge commit
---> Commit message - Merge pull request #225 from Zearin/master

Minor formatting tweak to `--list-rules` 
-----------------------------------------------------------------

Merge commit 40 is -> 
{ 85fef33c68dc28378d5db601027a14a1be5c50aa is a merge commit
---> Commit message - Merge pull request #227 from daniellmb/patch-1

'Evidence' is wrong when running under WSH
-----------------------------------------------------------------

Merge commit 41 is -> 
{ d2e1d5bf56279c1c06ebb4b59eb2023fafe537c1 is a merge commit
---> Commit message - Merge pull request #256 from khoomeister/master

Fixed escapeSpecialCharacters to check for ampersands
-----------------------------------------------------------------

Merge commit 42 is -> 
{ 9c91c476352f63dcda5acdf98db771d9485a4cf1 is a merge commit
---> Commit message - Merge pull request #260 from mahonnaise/master

text-indent: separate flags for text-indent and direction
-----------------------------------------------------------------

Merge commit 43 is -> 
{ 888b9d15effca21114bec308d278dc67db90ebbd is a merge commit
---> Commit message - Merge pull request #252 from aaronpowell/master

Adding win32 as an allowed OS
-----------------------------------------------------------------

Merge commit 44 is -> 
{ c807f16a355b9558be15821b5f7e4cefdff022ed is a merge commit
---> Commit message - Merge pull request #265 from frvge/patch-1

Fix typo
-----------------------------------------------------------------

Merge commit 45 is -> 
{ 467a16102091360188bc8022c63431625082685c is a merge commit
---> Commit message - Merge pull request #268 from frvge/patch-1

Fix typo in rule file (!important.js)
-----------------------------------------------------------------

Merge commit 46 is -> 
{ f0af9f039d3ccda91a70988aa04b667fd360de59 is a merge commit
---> Commit message - Merge pull request #270 from huangyingjie/master

cannot find csslint.js in demo
-----------------------------------------------------------------

Merge commit 47 is -> 
{ 6edc79a4f7c720e5a6b46538b6602bbe5a227576 is a merge commit
---> Commit message - Merge pull request #269 from mahonnaise/master

Disallow star hack rule + disallow underscore hack rule
-----------------------------------------------------------------

Merge commit 48 is -> 
{ 386455730a0f91e10ba6c47a8c81a151ab4b922f is a merge commit
---> Commit message - Merge branch 'master' of github.com:stubbornella/csslint
-----------------------------------------------------------------

Merge commit 49 is -> 
{ ee1af4ecc9c94a35a0b41089669b1ab3f64e83b0 is a merge commit
---> Commit message - Merge pull request #272 from mahonnaise/text-indent

improved text-indent's test coverage
-----------------------------------------------------------------

Merge commit 50 is -> 
{ c4294356192e571647008cff85e326576774b492 is a merge commit
---> Commit message - Merge pull request #278 from mahonnaise/all-rules

The regular rule test should be as bland as possible
-----------------------------------------------------------------

Merge commit 51 is -> 
{ 1506965b0b07e2d112bb0ab4af98afdc6055f15d is a merge commit
---> Commit message - Merge pull request #284 from mahonnaise/known-properties

known-properties rule cleanup
-----------------------------------------------------------------

Merge commit 52 is -> 
{ a2758c3ad7b0d81846c77ea432fa8422fe39dcc8 is a merge commit
---> Commit message - Merge pull request #292 from zachleat/patch-1

Microsoft uses unprefixed CSS3 animations
-----------------------------------------------------------------

Merge commit 53 is -> 
{ e6f90a937935cab25e523669b71e69c8e6a4bade is a merge commit
---> Commit message - Merge pull request #235 from indieisaconcept/junit-formatter

jUNIT Formatter
-----------------------------------------------------------------

Merge commit 54 is -> 
{ 14033f64bbcdc44557c1906f348c3ccc88d7858f is a merge commit
---> Commit message - Merge branch 'master' of github.com:stubbornella/csslint
-----------------------------------------------------------------

Merge commit 55 is -> 
{ 091d862c925569ee1f011dee942ebdd463a30129 is a merge commit
---> Commit message - Merge pull request #296 from travis4all/clean

The repo your repo could be like!
-----------------------------------------------------------------

Merge commit 56 is -> 
{ 43cee88800187611c48e9d43a81e8da260636479 is a merge commit
---> Commit message - Merge pull request #304 from beckje01/tooManyRules

Rules and test for the IE max selector count warning. 
-----------------------------------------------------------------

Merge commit 57 is -> 
{ 73ee86366109aac9b324a263b46ab75e5766bfdc is a merge commit
---> Commit message - Merge pull request #311 from mattiacci/gradients

Microsoft uses unprefixed gradients
-----------------------------------------------------------------

Merge commit 58 is -> 
{ d15ccdeba79c2adf8248b68e514b1355b70e11a2 is a merge commit
---> Commit message - Merge pull request #320 from jklein/master

Adding an exclude-files option to the command line interface
-----------------------------------------------------------------

Merge commit 59 is -> 
{ 0add5e38f50d8612bd3440b5f92b5d9cc6eb8cd6 is a merge commit
---> Commit message - Merge pull request #326 from nschonni/add-contributor-guidlines

Basic Contributor guidelines
-----------------------------------------------------------------

Merge commit 60 is -> 
{ ea19b925f944f218651c5c2c820b349503c57324 is a merge commit
---> Commit message - Merge pull request #331 from jklein/bulletproof-font-face-rule

Adding a new rule (bulletproof @font-face declarations)
-----------------------------------------------------------------

Merge commit 61 is -> 
{ 955e8cb071b08901705935969adc58a0d38fc074 is a merge commit
---> Commit message - Merge pull request #338 from shannonmoeller/feature/embedded-rulesets

Added support for embedded rulesets. Resolves #336.
-----------------------------------------------------------------

Merge commit 62 is -> 
{ fb58a8e66199e9aa26ddadb4727445d2976bc896 is a merge commit
---> Commit message - Merge pull request #307 from fracmak/fallback_border_colors

Added borders to fallback-colors rule
-----------------------------------------------------------------

Merge commit 63 is -> 
{ 17cfb2304eef27bc21cd09de34f07ef6ff07c419 is a merge commit
---> Commit message - Merge pull request #317 from philipwalton/selector-max

Fixed the selector max and selector max approaching rules
-----------------------------------------------------------------

Merge commit 64 is -> 
{ d3ece60d4ec3a4cee4de906f093553dc62b278c9 is a merge commit
---> Commit message - Merge pull request #339 from zachleat/master

Crusade against -moz-border-radius
-----------------------------------------------------------------

Merge commit 65 is -> 
{ 20e0f218ce43bcb6c8407216bb4cc3bc5338cc4c is a merge commit
---> Commit message - Merge branch 'master' of github.com:stubbornella/csslint
-----------------------------------------------------------------

Merge commit 66 is -> 
{ 1a654f7fd3d3b097cfb72a862b28aa771de48f98 is a merge commit
---> Commit message - Merge pull request #340 from nschonni/patch-1

Update CONTRIBUTING.md
-----------------------------------------------------------------

Merge commit 67 is -> 
{ 0270c1aca42457d76994212a93e779fb12131d95 is a merge commit
---> Commit message - Merge pull request #347 from jklein/issue345

Fixes #345 - Using absolute paths for the excluded files and the files t...
-----------------------------------------------------------------

Merge commit 68 is -> 
{ 8e0979b20d0d1830c855868f9b6ce5bf27971f93 is a merge commit
---> Commit message - Merge pull request #351 from jklein/master

This is a first stab at #346 - warning on invalid command line options
-----------------------------------------------------------------

Merge commit 69 is -> 
{ b5a8966b97ba919e2676ec654114acd338497e95 is a merge commit
---> Commit message - Merge pull request #352 from vomitcuddle/patch-1

drop os property from package.json
-----------------------------------------------------------------

Merge commit 70 is -> 
{ af98b0ec9c4f88b193ce24f1ddd0dde6d208f262 is a merge commit
---> Commit message - Merge remote-tracking branch 'upstream/master'
-----------------------------------------------------------------

Merge commit 71 is -> 
{ 0e85f26fa80d2da9bef8b181a6dcbe367d7afc38 is a merge commit
---> Commit message - Merge pull request #353 from jklein/master

Removing an unneeded line that caused option validation to fail
-----------------------------------------------------------------

Merge commit 72 is -> 
{ bff759be5ca4b8cec4dede9b6373ddf55aa6d4c0 is a merge commit
---> Commit message - Merge pull request #376 from dmethvin/optional-rc

Fix #364. In WSH, return empty string for files not found.
-----------------------------------------------------------------

Merge commit 73 is -> 
{ 14899c91d0ea69029b355465c758cb6d04be3ef8 is a merge commit
---> Commit message - Merge pull request #368 from nschonni/add-grunt-build

First cut of Grunt build
-----------------------------------------------------------------

Merge commit 74 is -> 
{ 646d205c742fce526b53e8d778ac8ffc37f67768 is a merge commit
---> Commit message - Merge pull request #379 from nschonni/remove-old-node-compat

Bump minimum Node version to 0.8 and add CI tests environments
-----------------------------------------------------------------

Merge commit 75 is -> 
{ c7fa61af47b64a4df02e0adcbc181688b91bb535 is a merge commit
---> Commit message - Merge pull request #356 from mo/print_rule_id_in_compact_mode

Print rule ID for each error/warning in compact mode
-----------------------------------------------------------------

Merge commit 76 is -> 
{ d4659f2b8d140377737bfcf9a1fe39a2ccb9f91f is a merge commit
---> Commit message - Merge pull request #405 from nschonni/add-readme-to-npm

Add README copy for NPM
-----------------------------------------------------------------

Merge commit 77 is -> 
{ a0bce62dfb3c08ef97c7760859f4275d314df6bb is a merge commit
---> Commit message - Merge pull request #404 from nschonni/remove-ant-build

Clean out Ant build files
-----------------------------------------------------------------

Merge commit 78 is -> 
{ f2abc8bfa5fbe14a528197d597d135fb288325b9 is a merge commit
---> Commit message - Merge pull request #457 from scottgonzalez/jsonrc

Support JSON for .csslintrc files.
-----------------------------------------------------------------

Merge commit 79 is -> 
{ a16436c33268bf263d8fa9f89744a8f463262eac is a merge commit
---> Commit message - Merge pull request #429 from XhmikosR/readme

Update README.md
-----------------------------------------------------------------

Merge commit 80 is -> 
{ 5563f329d4c62faf64a00df09917b6d869f273b3 is a merge commit
---> Commit message - Merge pull request #428 from XhmikosR/demo

Demo formatting
-----------------------------------------------------------------

Merge commit 81 is -> 
{ 34d8c25e576f38615b30479e2ec551aa5ea05b78 is a merge commit
---> Commit message - Merge pull request #468 from malept/singular-problem-grammar

Text formatter: fix grammatical error with one problem detected
-----------------------------------------------------------------

Merge commit 82 is -> 
{ 01faea6cf9e1b448031f482e29914aba3367c39f is a merge commit
---> Commit message - Merge pull request #431 from XhmikosR/whitespace

Whitespace cleanup.
-----------------------------------------------------------------

Merge commit 83 is -> 
{ 87b9a406b43f60aa35d07cdfaceb7b2f122b4ac5 is a merge commit
---> Commit message - Merge pull request #430 from XhmikosR/gitignore

Update .gitignore. for NPM debug log
-----------------------------------------------------------------

Merge commit 84 is -> 
{ eccd5e2d66d5405a91e877935c4e62c7ac6a52cf is a merge commit
---> Commit message - Merge pull request #434 from nschonni/jshint-cleanup

Jshint cleanup
-----------------------------------------------------------------

Merge commit 85 is -> 
{ 55400326e57316076d97babf1cb23855d27f2de8 is a merge commit
---> Commit message - Merge pull request #427 from XhmikosR/package.json

Improve package.json and bump dependencies
-----------------------------------------------------------------

Merge commit 86 is -> 
{ c80c93e2eed4533e1fc20579ffa3e6a48b71a328 is a merge commit
---> Commit message - Merge pull request #478 from XhmikosR/testrunner

Update testrunner.htm.
-----------------------------------------------------------------

Merge commit 87 is -> 
{ a275aa6cc58908c570cb9a989620dcf70cec9a68 is a merge commit
---> Commit message - Merge pull request #466 from hartman/test_allrules

When testing all, probably best to actually test all and not 25
-----------------------------------------------------------------

Merge commit 88 is -> 
{ b92b866fa37f874cf0029cff469695d96ff873c5 is a merge commit
---> Commit message - Merge pull request #433 from hsablonniere/add-order-alphabetical

Add alphabetical order rule
-----------------------------------------------------------------

Merge commit 89 is -> 
{ 32d93f71f10bc01479152c999fc73d6dcb282477 is a merge commit
---> Commit message - Merge pull request #483 from XhmikosR/indent

Clean up JSHint's rules and enable indent check
-----------------------------------------------------------------

Merge commit 90 is -> 
{ 9feb5f622e001fc6c89214a8fd0b6870c6c2f51c is a merge commit
---> Commit message - Merge pull request #484 from XhmikosR/quotmark

Enable JSHint's `quotmark` rule.
-----------------------------------------------------------------

Merge commit 91 is -> 
{ 8b52eeb179c26f0e4fd0abb28fd3efa0896e61a2 is a merge commit
---> Commit message - Merge pull request #485 from XhmikosR/globals

Move global config to JSHint's configuration.
-----------------------------------------------------------------

Merge commit 92 is -> 
{ 901566424016ff5c1116d5b827993d945ee79626 is a merge commit
---> Commit message - Merge pull request #487 from XhmikosR/unused

Remove unused variables.
-----------------------------------------------------------------

Merge commit 93 is -> 
{ ce40b60ac434fc47010375980d7044d010c7051c is a merge commit
---> Commit message - Merge pull request #486 from XhmikosR/testrunner-undef

Fix undefined variables and typo
-----------------------------------------------------------------

Merge commit 94 is -> 
{ 5e2bd1d19f878e54b65583780d293ac74f841432 is a merge commit
---> Commit message - Merge pull request #488 from XhmikosR/camelcase

Enable JSHint's `camelcase` rule.
-----------------------------------------------------------------

Merge commit 95 is -> 
{ 635c91551f6f249fb2982a2bc42e73fdac7fbd5c is a merge commit
---> Commit message - Merge pull request #499 from XhmikosR/patch-2

Use the simpler `license` property and update the repo URL
-----------------------------------------------------------------

Merge commit 96 is -> 
{ 0a231821844b3e65fc73e00f3eb0292605fb097d is a merge commit
---> Commit message - fixing conflict
-----------------------------------------------------------------

Merge commit 97 is -> 
{ a422b004ceb696f4687f17d67381c5c31a55f36e is a merge commit
---> Commit message - Merge pull request #495 from XhmikosR/selector-newline

Try to fix selector-newline rule.
-----------------------------------------------------------------

Merge commit 98 is -> 
{ 5d69c5488fc13274fb740df82e6c04c68ae97481 is a merge commit
---> Commit message - Merge pull request #482 from XhmikosR/jshint

Stricter JSHint rules
-----------------------------------------------------------------

Merge commit 99 is -> 
{ a274c3dcea336e22f4b9df5d178c3bf3a9dcdd22 is a merge commit
---> Commit message - Merge pull request #511 from cvrebert/patch-1

add NPM version badge to README
-----------------------------------------------------------------

Merge commit 100 is -> 
{ ea36ad53d65eb359096bb594a07a16c219a6e067 is a merge commit
---> Commit message - Merge pull request #465 from cvrebert/defensive-copy

copy the passed-in ruleset in verify(); fixes #458
-----------------------------------------------------------------

Merge commit 101 is -> 
{ f8448025544dc3cb021ed2b713350e86a4175a1d is a merge commit
---> Commit message - Merge pull request #502 from dmi3y/cliconfig

Allow config file path to be passed through the CLI
-----------------------------------------------------------------

Merge commit 102 is -> 
{ 669980708a8e4db78c5efe3b31a8e44cc55075aa is a merge commit
---> Commit message - Merge pull request #504 from dmi3y/wsharraymap

Patch Array.prototype.map polyfil for JScript
-----------------------------------------------------------------

Merge commit 103 is -> 
{ c59f2e50aa8e50fae487365321d326f5830436dd is a merge commit
---> Commit message - Merge pull request #489 from XhmikosR/demo-split-js

Tweak CSSLintDemo
-----------------------------------------------------------------

