# of cherry-picks = 19
Cherry-pick diff pair 1 is -> 
{ 326b50cb2983a13d898e14f20bdc747c663fcaa0 -> b404a05cb8d2307f5825e32d6c1cc9ab640c5f37 } is a cherrypick
{ 086b153adb2e3848f1b658604582358a113d2fc5 -> a275aa6cc58908c570cb9a989620dcf70cec9a68 }
Cherrypick commits SHA are -> 
b404a05cb8d2307f5825e32d6c1cc9ab640c5f37 - cherrypick - a275aa6cc58908c570cb9a989620dcf70cec9a68
---> The cherrypicked commit sha is - b404a05cb8d2307f5825e32d6c1cc9ab640c5f37
Commit message - When testing all, probably best to actually test all and not 25
---> The original commit sha is - a275aa6cc58908c570cb9a989620dcf70cec9a68
Commit message - Merge pull request #466 from hartman/test_allrules

When testing all, probably best to actually test all and not 25
-----------------------------------------------------------------

Cherry-pick diff pair 2 is -> 
{ f1ef64d7cee8f174151db42447dedd3c4ece91c2 -> 08b506f53ab17ba23037fb31ae1b2ee69d7ed079 } is a cherrypick
{ d4659f2b8d140377737bfcf9a1fe39a2ccb9f91f -> a0bce62dfb3c08ef97c7760859f4275d314df6bb }
Cherrypick commits SHA are -> 
08b506f53ab17ba23037fb31ae1b2ee69d7ed079 - cherrypick - a0bce62dfb3c08ef97c7760859f4275d314df6bb
---> The cherrypicked commit sha is - 08b506f53ab17ba23037fb31ae1b2ee69d7ed079
Commit message - Clean out Ant build files

Parser-lib loading and jshint are both handled by Grunt now
---> The original commit sha is - a0bce62dfb3c08ef97c7760859f4275d314df6bb
Commit message - Merge pull request #404 from nschonni/remove-ant-build

Clean out Ant build files
-----------------------------------------------------------------

Cherry-pick diff pair 3 is -> 
{ 14899c91d0ea69029b355465c758cb6d04be3ef8 -> 26d5037a1327decd9299299d11ef462bdd64eb49 } is a cherrypick
{ 166859f3c053e26f589de91c0fcbb749df8b3085 -> 646d205c742fce526b53e8d778ac8ffc37f67768 }
Cherrypick commits SHA are -> 
26d5037a1327decd9299299d11ef462bdd64eb49 - cherrypick - 646d205c742fce526b53e8d778ac8ffc37f67768
---> The cherrypicked commit sha is - 26d5037a1327decd9299299d11ef462bdd64eb49
Commit message - Adding contributors to the README.md
---> The original commit sha is - 646d205c742fce526b53e8d778ac8ffc37f67768
Commit message - Merge pull request #379 from nschonni/remove-old-node-compat

Bump minimum Node version to 0.8 and add CI tests environments
-----------------------------------------------------------------

Cherry-pick diff pair 4 is -> 
{ 8e0979b20d0d1830c855868f9b6ce5bf27971f93 -> 311ad085b5afc808835da5d408699dcb44f578db } is a cherrypick
{ 64a00e9a830d4f71033f8b57285611306687d498 -> af98b0ec9c4f88b193ce24f1ddd0dde6d208f262 }
Cherrypick commits SHA are -> 
311ad085b5afc808835da5d408699dcb44f578db - cherrypick - af98b0ec9c4f88b193ce24f1ddd0dde6d208f262
---> The cherrypicked commit sha is - 311ad085b5afc808835da5d408699dcb44f578db
Commit message - drop os property from package.json
---> The original commit sha is - af98b0ec9c4f88b193ce24f1ddd0dde6d208f262
Commit message - Merge remote-tracking branch 'upstream/master'
-----------------------------------------------------------------

Cherry-pick diff pair 5 is -> 
{ 955e8cb071b08901705935969adc58a0d38fc074 -> 6fd5672e0b4ff09485de9990a127317cdf9a9afd } is a cherrypick
{ 17cfb2304eef27bc21cd09de34f07ef6ff07c419 -> d3ece60d4ec3a4cee4de906f093553dc62b278c9 }
Cherrypick commits SHA are -> 
6fd5672e0b4ff09485de9990a127317cdf9a9afd - cherrypick - d3ece60d4ec3a4cee4de906f093553dc62b278c9
---> The cherrypicked commit sha is - 6fd5672e0b4ff09485de9990a127317cdf9a9afd
Commit message - Crusade against -moz-border-radius. Gecko switched to unprefixed border-radius as of Firefox 4.
---> The original commit sha is - d3ece60d4ec3a4cee4de906f093553dc62b278c9
Commit message - Merge pull request #339 from zachleat/master

Crusade against -moz-border-radius
-----------------------------------------------------------------

Cherry-pick diff pair 6 is -> 
{ 40cc3c1360b447a00d1040b1e867eb02223958e5 -> a123413858cec377d59dbc8a1dc543a221d4c9eb } is a cherrypick
{ e14628b270c59aef02de5c0c9d4e67adbc9793ac -> 14033f64bbcdc44557c1906f348c3ccc88d7858f }
Cherrypick commits SHA are -> 
a123413858cec377d59dbc8a1dc543a221d4c9eb - cherrypick - 14033f64bbcdc44557c1906f348c3ccc88d7858f
---> The cherrypicked commit sha is - a123413858cec377d59dbc8a1dc543a221d4c9eb
Commit message - Added junit to the available formatters
---> The original commit sha is - 14033f64bbcdc44557c1906f348c3ccc88d7858f
Commit message - Merge branch 'master' of github.com:stubbornella/csslint
-----------------------------------------------------------------

Cherry-pick diff pair 7 is -> 
{ 176433a9adc240d1c6dc316b21b72145d9f15baf -> e6f90a937935cab25e523669b71e69c8e6a4bade } is a cherrypick
{ e14628b270c59aef02de5c0c9d4e67adbc9793ac -> 14033f64bbcdc44557c1906f348c3ccc88d7858f }
Cherrypick commits SHA are -> 
e6f90a937935cab25e523669b71e69c8e6a4bade - cherrypick - 14033f64bbcdc44557c1906f348c3ccc88d7858f
---> The cherrypicked commit sha is - e6f90a937935cab25e523669b71e69c8e6a4bade
Commit message - Merge pull request #235 from indieisaconcept/junit-formatter

jUNIT Formatter
---> The original commit sha is - 14033f64bbcdc44557c1906f348c3ccc88d7858f
Commit message - Merge branch 'master' of github.com:stubbornella/csslint
-----------------------------------------------------------------

Cherry-pick diff pair 8 is -> 
{ 40cc3c1360b447a00d1040b1e867eb02223958e5 -> a123413858cec377d59dbc8a1dc543a221d4c9eb } is a cherrypick
{ 176433a9adc240d1c6dc316b21b72145d9f15baf -> e6f90a937935cab25e523669b71e69c8e6a4bade }
Cherrypick commits SHA are -> 
a123413858cec377d59dbc8a1dc543a221d4c9eb - cherrypick - e6f90a937935cab25e523669b71e69c8e6a4bade
---> The cherrypicked commit sha is - a123413858cec377d59dbc8a1dc543a221d4c9eb
Commit message - Added junit to the available formatters
---> The original commit sha is - e6f90a937935cab25e523669b71e69c8e6a4bade
Commit message - Merge pull request #235 from indieisaconcept/junit-formatter

jUNIT Formatter
-----------------------------------------------------------------

Cherry-pick diff pair 9 is -> 
{ 757301beb9ba2022aa9f140816c38127f9a2ade1 -> d6b0b9751891e9d01b74f7f601011edcd634d576 } is a cherrypick
{ 9c91c476352f63dcda5acdf98db771d9485a4cf1 -> 888b9d15effca21114bec308d278dc67db90ebbd }
Cherrypick commits SHA are -> 
d6b0b9751891e9d01b74f7f601011edcd634d576 - cherrypick - 888b9d15effca21114bec308d278dc67db90ebbd
---> The cherrypicked commit sha is - d6b0b9751891e9d01b74f7f601011edcd634d576
Commit message - Update npm/package.json
---> The original commit sha is - 888b9d15effca21114bec308d278dc67db90ebbd
Commit message - Merge pull request #252 from aaronpowell/master

Adding win32 as an allowed OS
-----------------------------------------------------------------

Cherry-pick diff pair 10 is -> 
{ 09107da54d0dbce705ce6f36a89653eadfdcb12c -> 73098e54e62fa8dda898343791b24d509993d30d } is a cherrypick
{ 5f3e06e32614e45eadeea96cf205dfb221a129aa -> f5423d0a3eef9ca5c9dc36373edf3dea19ebc9cf }
Cherrypick commits SHA are -> 
73098e54e62fa8dda898343791b24d509993d30d - cherrypick - f5423d0a3eef9ca5c9dc36373edf3dea19ebc9cf
---> The cherrypicked commit sha is - 73098e54e62fa8dda898343791b24d509993d30d
Commit message - Distinguishing between warnings and errors in compact formatter fixing issue #152
---> The original commit sha is - f5423d0a3eef9ca5c9dc36373edf3dea19ebc9cf
Commit message - Merge branch 'master' of github.com:stubbornella/csslint
-----------------------------------------------------------------

Cherry-pick diff pair 11 is -> 
{ 8119034f49ee9a340ae4410d836e01e5c52b4170 -> 4e6c8e7a7206c887fa40dd5f08379b1772a14ebb } is a cherrypick
{ 30ec9634763130874eb361d246efdbf486048733 -> e2a55bb272ff2e47b0cbe909ccc4ad1664842710 }
Cherrypick commits SHA are -> 
4e6c8e7a7206c887fa40dd5f08379b1772a14ebb - cherrypick - e2a55bb272ff2e47b0cbe909ccc4ad1664842710
---> The cherrypicked commit sha is - 4e6c8e7a7206c887fa40dd5f08379b1772a14ebb
Commit message - Merge pull request #171 from kasperg/checkstyle-escape-chars

Escape special chars in Checkstyle XML output
---> The original commit sha is - e2a55bb272ff2e47b0cbe909ccc4ad1664842710
Commit message - Merge branch 'master' of github.com:stubbornella/csslint
-----------------------------------------------------------------

Cherry-pick diff pair 12 is -> 
{ bd6bfe722a9196feeecda7f87d35dbc5797ed5f2 -> c2f290ca43bc4cb235886d555b4445683a2d8382 } is a cherrypick
{ ee8836d88c8d5959040c1e17d5579b6af32dcc6e -> 5095acbbda447a6ea1ad47812b46e7b0f5502016 }
Cherrypick commits SHA are -> 
c2f290ca43bc4cb235886d555b4445683a2d8382 - cherrypick - 5095acbbda447a6ea1ad47812b46e7b0f5502016
---> The cherrypicked commit sha is - c2f290ca43bc4cb235886d555b4445683a2d8382
Commit message - Change path.join to path.resolve so that '..', '/', '~' can be used as the filename successfully, fixes #166
---> The original commit sha is - 5095acbbda447a6ea1ad47812b46e7b0f5502016
Commit message - Merge branch 'master' of github.com:stubbornella/csslint
-----------------------------------------------------------------

Cherry-pick diff pair 13 is -> 
{ 1f07511c1b565e9b0f0de4fe2dc02fa170b7e553 -> 5868e5571043c73a96b91b14e8de4d1f9b7534b8 } is a cherrypick
{ ee8836d88c8d5959040c1e17d5579b6af32dcc6e -> 5095acbbda447a6ea1ad47812b46e7b0f5502016 }
Cherrypick commits SHA are -> 
5868e5571043c73a96b91b14e8de4d1f9b7534b8 - cherrypick - 5095acbbda447a6ea1ad47812b46e7b0f5502016
---> The cherrypicked commit sha is - 5868e5571043c73a96b91b14e8de4d1f9b7534b8
Commit message - Merge pull request #167 from cillianderoiste/master

Change path.join to path.resolve so that '..', '/', '~' can be used as the filename successfully, fixes #166
---> The original commit sha is - 5095acbbda447a6ea1ad47812b46e7b0f5502016
Commit message - Merge branch 'master' of github.com:stubbornella/csslint
-----------------------------------------------------------------

Cherry-pick diff pair 14 is -> 
{ bd6bfe722a9196feeecda7f87d35dbc5797ed5f2 -> c2f290ca43bc4cb235886d555b4445683a2d8382 } is a cherrypick
{ 1f07511c1b565e9b0f0de4fe2dc02fa170b7e553 -> 5868e5571043c73a96b91b14e8de4d1f9b7534b8 }
Cherrypick commits SHA are -> 
c2f290ca43bc4cb235886d555b4445683a2d8382 - cherrypick - 5868e5571043c73a96b91b14e8de4d1f9b7534b8
---> The cherrypicked commit sha is - c2f290ca43bc4cb235886d555b4445683a2d8382
Commit message - Change path.join to path.resolve so that '..', '/', '~' can be used as the filename successfully, fixes #166
---> The original commit sha is - 5868e5571043c73a96b91b14e8de4d1f9b7534b8
Commit message - Merge pull request #167 from cillianderoiste/master

Change path.join to path.resolve so that '..', '/', '~' can be used as the filename successfully, fixes #166
-----------------------------------------------------------------

Cherry-pick diff pair 15 is -> 
{ 6896666ebb7c8aaf18df66c7db961f3a267d9e65 -> 47ffbb83f59ff60496fe7bf6ab97ccc3b46f8261 } is a cherrypick
{ baf5b03137203afe524232596d527cbf2798e320 -> bd6bfe722a9196feeecda7f87d35dbc5797ed5f2 }
Cherrypick commits SHA are -> 
47ffbb83f59ff60496fe7bf6ab97ccc3b46f8261 - cherrypick - bd6bfe722a9196feeecda7f87d35dbc5797ed5f2
---> The cherrypicked commit sha is - 47ffbb83f59ff60496fe7bf6ab97ccc3b46f8261
Commit message - Adding CSSLint XML formatter for Jenkins Violations compatibility
---> The original commit sha is - bd6bfe722a9196feeecda7f87d35dbc5797ed5f2
Commit message - Merge pull request #161 from eriwen/master

Add CSSLint XML formatter
-----------------------------------------------------------------

Cherry-pick diff pair 16 is -> 
{ bf9f5b0dd8d7e04b6dd8d73344318ebc5b1635b0 -> e7449d38e623be96d405d083591aea575b540de2 } is a cherrypick
{ d28268b0baedbd80967c8dac6a52b76cfa2e06c1 -> b7e7ffb96063b00f9cab0b741bf558059aa1b4e1 }
Cherrypick commits SHA are -> 
e7449d38e623be96d405d083591aea575b540de2 - cherrypick - b7e7ffb96063b00f9cab0b741bf558059aa1b4e1
---> The cherrypicked commit sha is - e7449d38e623be96d405d083591aea575b540de2
Commit message - tests
---> The original commit sha is - b7e7ffb96063b00f9cab0b741bf558059aa1b4e1
Commit message - test file for negative text-indent rule
-----------------------------------------------------------------

Cherry-pick diff pair 17 is -> 
{ c7d4d2fba8de039fb23050abef9dd8e472ece2ac -> cf5aea7ff61730c949b48a4ed285f7db3f3e3226 } is a cherrypick
{ cdaefd3214b0b744f9c4dff066205cba0490479c -> 837ec5e006ea0c8a40b906cf6bb5179f8ec567ff }
Cherrypick commits SHA are -> 
cf5aea7ff61730c949b48a4ed285f7db3f3e3226 - cherrypick - 837ec5e006ea0c8a40b906cf6bb5179f8ec567ff
---> The cherrypicked commit sha is - cf5aea7ff61730c949b48a4ed285f7db3f3e3226
Commit message - fixed some js-warnings/errors
---> The original commit sha is - 837ec5e006ea0c8a40b906cf6bb5179f8ec567ff
Commit message - Merge branch 'master' of github.com:stubbornella/csslint
-----------------------------------------------------------------

Cherry-pick diff pair 18 is -> 
{ 0167b034cf17bebdbf75863131044bdbb10b58aa -> c7b339bf86199b9743e5ec2257442c33a35bcd5e } is a cherrypick
{ cdaefd3214b0b744f9c4dff066205cba0490479c -> 837ec5e006ea0c8a40b906cf6bb5179f8ec567ff }
Cherrypick commits SHA are -> 
c7b339bf86199b9743e5ec2257442c33a35bcd5e - cherrypick - 837ec5e006ea0c8a40b906cf6bb5179f8ec567ff
---> The cherrypicked commit sha is - c7b339bf86199b9743e5ec2257442c33a35bcd5e
Commit message - Merge pull request #70 from hpbuniat/cf5aea7f

Fixed some js-lint errors/warnings
---> The original commit sha is - 837ec5e006ea0c8a40b906cf6bb5179f8ec567ff
Commit message - Merge branch 'master' of github.com:stubbornella/csslint
-----------------------------------------------------------------

Cherry-pick diff pair 19 is -> 
{ c7d4d2fba8de039fb23050abef9dd8e472ece2ac -> cf5aea7ff61730c949b48a4ed285f7db3f3e3226 } is a cherrypick
{ 0167b034cf17bebdbf75863131044bdbb10b58aa -> c7b339bf86199b9743e5ec2257442c33a35bcd5e }
Cherrypick commits SHA are -> 
cf5aea7ff61730c949b48a4ed285f7db3f3e3226 - cherrypick - c7b339bf86199b9743e5ec2257442c33a35bcd5e
---> The cherrypicked commit sha is - cf5aea7ff61730c949b48a4ed285f7db3f3e3226
Commit message - fixed some js-warnings/errors
---> The original commit sha is - c7b339bf86199b9743e5ec2257442c33a35bcd5e
Commit message - Merge pull request #70 from hpbuniat/cf5aea7f

Fixed some js-lint errors/warnings
-----------------------------------------------------------------

