# of reverts = 33
Revert diff pair 1 is -> 
{ 7a1b26bccb54a199929e38e29a542389784ff152 -> aa32764891ecd03f7f6c5a360bad17e5fab595a2 } is a revert
{ 04a328bdcd61dbcb23498b024b07f458a33bae16 -> 16958aff7806b52e538911c836632b9c69dd059b }
Revert commits SHA are -> 
aa32764891ecd03f7f6c5a360bad17e5fab595a2 - revert - 16958aff7806b52e538911c836632b9c69dd059b
---> The reverted commit sha is - aa32764891ecd03f7f6c5a360bad17e5fab595a2
Commit message - sort imports
---> The original commit sha is - 16958aff7806b52e538911c836632b9c69dd059b
Commit message - Revert "sort imports"

This reverts commit aa32764891ecd03f7f6c5a360bad17e5fab595a2.
-----------------------------------------------------------------

Revert diff pair 2 is -> 
{ 63cb2c937c35355c1408b19c7b8e5a0f158f0e45 -> e2f8942ec83f625f096a68180a1d3094afbede7a } is a revert
{ e2f8942ec83f625f096a68180a1d3094afbede7a -> bc44f5f0e425e596773ebc2b5cf31809aea8b805 }
Revert commits SHA are -> 
e2f8942ec83f625f096a68180a1d3094afbede7a - revert - bc44f5f0e425e596773ebc2b5cf31809aea8b805
---> The reverted commit sha is - e2f8942ec83f625f096a68180a1d3094afbede7a
Commit message - resultserver info is inherited automatically anyway
---> The original commit sha is - bc44f5f0e425e596773ebc2b5cf31809aea8b805
Commit message - Revert "resultserver info is inherited automatically anyway"

-- It is not.

This reverts commit e2f8942ec83f625f096a68180a1d3094afbede7a.
-----------------------------------------------------------------

Revert diff pair 3 is -> 
{ fc095cf26ca26d64a0569890c4296185a1d41e77 -> b1c9a22c04d560795d211886cdc5c06a5221b21c } is a revert
{ 159765e64ddff11f3734196b0a3dcd3aa31e81d8 -> bf625b3476b89ace67e05589000d7d2e14fe0d39 }
Revert commits SHA are -> 
b1c9a22c04d560795d211886cdc5c06a5221b21c - revert - bf625b3476b89ace67e05589000d7d2e14fe0d39
---> The reverted commit sha is - b1c9a22c04d560795d211886cdc5c06a5221b21c
Commit message - strip off the end of the file-type string until there is a better fix, #347
---> The original commit sha is - bf625b3476b89ace67e05589000d7d2e14fe0d39
Commit message - Revert "strip off the end of the file-type string until there is a better fix, #347"

This reverts commit b1c9a22c04d560795d211886cdc5c06a5221b21c.
-----------------------------------------------------------------

Revert diff pair 4 is -> 
{ 70666201c80198d0afea2c1a6f1dc26b90e123fa -> d54a98eaef33575767649e0df97d8887b89e1416 } is a revert
{ d54a98eaef33575767649e0df97d8887b89e1416 -> 138d696e0f1663e2ac72070821f5daf16cded728 }
Revert commits SHA are -> 
d54a98eaef33575767649e0df97d8887b89e1416 - revert - 138d696e0f1663e2ac72070821f5daf16cded728
---> The reverted commit sha is - d54a98eaef33575767649e0df97d8887b89e1416
Commit message - Add support for Pillow (PIL fork).
---> The original commit sha is - 138d696e0f1663e2ac72070821f5daf16cded728
Commit message - Merge pull request #309 from jahrome/doc_fix

Add github link + fix typo
-----------------------------------------------------------------

Revert diff pair 5 is -> 
{ bd96f2404a7e1e631c5c5502e4c280d4d8a8dc22 -> e8f3d88a547d15266042308d422ba4dc98f020cf } is a revert
{ 0aa0b3ee9e0f7adc6bc325eb65f018afbbe16ef4 -> 725d18a369283edd1dabc19094edd7339265fc0f }
Revert commits SHA are -> 
e8f3d88a547d15266042308d422ba4dc98f020cf - revert - 725d18a369283edd1dabc19094edd7339265fc0f
---> The reverted commit sha is - e8f3d88a547d15266042308d422ba4dc98f020cf
Commit message - Fixed filters (closes: #219)
---> The original commit sha is - 725d18a369283edd1dabc19094edd7339265fc0f
Commit message - Revert "Fixed filters (closes: #219)"

This reverts commit e8f3d88a547d15266042308d422ba4dc98f020cf.
-----------------------------------------------------------------

Revert diff pair 6 is -> 
{ c83c2d3b16f98af91839a4c478ffdfa710081bfd -> 410d8b7a077e9d35fe928b69e17963d1b06e0f22 } is a revert
{ 410d8b7a077e9d35fe928b69e17963d1b06e0f22 -> 5348820669b4c34471b42ede6fcd2df071161e87 }
Revert commits SHA are -> 
410d8b7a077e9d35fe928b69e17963d1b06e0f22 - revert - 5348820669b4c34471b42ede6fcd2df071161e87
---> The reverted commit sha is - 410d8b7a077e9d35fe928b69e17963d1b06e0f22
Commit message - Fixed maec report generation when used with url sample
---> The original commit sha is - 5348820669b4c34471b42ede6fcd2df071161e87
Commit message - Merge pull request #253 from dmaciejak/patch-6

Remove unneeded debug print
-----------------------------------------------------------------

Revert diff pair 7 is -> 
{ a9264a9fe6bad05bd4ebcbe1e58ac1d7171365a0 -> b48041baa61d34cc8ea85cf64e2641f8985d04f3 } is a revert
{ 72d94dfccf7b00530b0b68835ddc5177b4339b24 -> 1910fceafa55d379f768cbc7aba3128a8b395afa }
Revert commits SHA are -> 
b48041baa61d34cc8ea85cf64e2641f8985d04f3 - revert - 1910fceafa55d379f768cbc7aba3128a8b395afa
---> The reverted commit sha is - b48041baa61d34cc8ea85cf64e2641f8985d04f3
Commit message - Removed old web interface (web.py)
---> The original commit sha is - 1910fceafa55d379f768cbc7aba3128a8b395afa
Commit message - Revert "Removed old web interface (web.py)"

This reverts commit b48041baa61d34cc8ea85cf64e2641f8985d04f3.
-----------------------------------------------------------------

Revert diff pair 8 is -> 
{ 2deca6d621890e63bf9f4701714e396696b8ea69 -> e9894cff46a1d1ed33ce7108174f36c71c36ade1 } is a revert
{ d7e34a6fc12b8defa3ca21605e90012e8601d20b -> 940a86ef9dd47d89dd2adc4f3b86ce024d357c46 }
Revert commits SHA are -> 
e9894cff46a1d1ed33ce7108174f36c71c36ade1 - revert - 940a86ef9dd47d89dd2adc4f3b86ce024d357c46
---> The reverted commit sha is - e9894cff46a1d1ed33ce7108174f36c71c36ade1
Commit message - reset parseprocesslog instance on-demand, right before iterating it
---> The original commit sha is - 940a86ef9dd47d89dd2adc4f3b86ce024d357c46
Commit message - Revert "reset parseprocesslog instance on-demand, right before iterating it"

This reverts commit e9894cff46a1d1ed33ce7108174f36c71c36ade1.
-----------------------------------------------------------------

Revert diff pair 9 is -> 
{ 00040c782dfffb71698c9e985a7b72d5c7bc6d0a -> 7759ce0c9b173c4b9b3cdaa8b8d8a7cfd4253eb6 } is a revert
{ 667e9e4f780ee694d6ea8b74e25321ce6d61df6c -> d7e34a6fc12b8defa3ca21605e90012e8601d20b }
Revert commits SHA are -> 
7759ce0c9b173c4b9b3cdaa8b8d8a7cfd4253eb6 - revert - d7e34a6fc12b8defa3ca21605e90012e8601d20b
---> The reverted commit sha is - 7759ce0c9b173c4b9b3cdaa8b8d8a7cfd4253eb6
Commit message - solve circular reference problems with bsonparser which prevent gc
---> The original commit sha is - d7e34a6fc12b8defa3ca21605e90012e8601d20b
Commit message - Revert "solve circular reference problems with bsonparser which prevent gc"

This reverts commit 7759ce0c9b173c4b9b3cdaa8b8d8a7cfd4253eb6.
-----------------------------------------------------------------

Revert diff pair 10 is -> 
{ d39f1687b1388124502b3e4cb6a21da59553a19e -> 39a180b599ab67278f43d033ca9c2eff763f9468 } is a revert
{ d98379d594af793537c7a157ac4ce3f2ba4bd262 -> 515444ceb9ada2ed4aaa956268d542ae78a56c14 }
Revert commits SHA are -> 
39a180b599ab67278f43d033ca9c2eff763f9468 - revert - 515444ceb9ada2ed4aaa956268d542ae78a56c14
---> The reverted commit sha is - 39a180b599ab67278f43d033ca9c2eff763f9468
Commit message - added .create() to LibVirtMachinery's start method
---> The original commit sha is - 515444ceb9ada2ed4aaa956268d542ae78a56c14
Commit message - do not start a vm that has already been reverted
-----------------------------------------------------------------

Revert diff pair 11 is -> 
{ 63843c552992db0e5850f845d800bf05a2b458d3 -> d39f1687b1388124502b3e4cb6a21da59553a19e } is a revert
{ 39a180b599ab67278f43d033ca9c2eff763f9468 -> 0ad4a5767cb34caf47fd5cd69950747d051e0f8e }
Revert commits SHA are -> 
d39f1687b1388124502b3e4cb6a21da59553a19e - revert - 0ad4a5767cb34caf47fd5cd69950747d051e0f8e
---> The reverted commit sha is - d39f1687b1388124502b3e4cb6a21da59553a19e
Commit message - Merge remote-tracking branch 'upstream/development' into development
---> The original commit sha is - 0ad4a5767cb34caf47fd5cd69950747d051e0f8e
Commit message - removed the old ESX code
-----------------------------------------------------------------

Revert diff pair 12 is -> 
{ 457c751e147de645186f7a602d50b3e4bf32cfb4 -> c07e36a2e400d1f0896d04319df5068efb66f91a } is a revert
{ c07e36a2e400d1f0896d04319df5068efb66f91a -> b1dac62223135b2c47c6484276fd809e7ea73ecf }
Revert commits SHA are -> 
c07e36a2e400d1f0896d04319df5068efb66f91a - revert - b1dac62223135b2c47c6484276fd809e7ea73ecf
---> The reverted commit sha is - c07e36a2e400d1f0896d04319df5068efb66f91a
Commit message - only process results if the task executed successfully
---> The original commit sha is - b1dac62223135b2c47c6484276fd809e7ea73ecf
Commit message - Revert "only process results if the task executed successfully"

This reverts commit c07e36a2e400d1f0896d04319df5068efb66f91a.
-----------------------------------------------------------------

Revert diff pair 13 is -> 
{ 71dc0d27c0b4a1e9c31484f2bfe60cbcd3448c9e -> 5c4660eaaaa83cf5d68b03c51111b309ce310ae8 } is a revert
{ 2fd0b2ec5564d188ea2e6e0ce58f4e55738d131f -> eba19bc99b50f6f7786f03d93ad63968e2ac460b }
Revert commits SHA are -> 
5c4660eaaaa83cf5d68b03c51111b309ce310ae8 - revert - eba19bc99b50f6f7786f03d93ad63968e2ac460b
---> The reverted commit sha is - 5c4660eaaaa83cf5d68b03c51111b309ce310ae8
Commit message - Going for yes/no
---> The original commit sha is - eba19bc99b50f6f7786f03d93ad63968e2ac460b
Commit message - Revert "Going for yes/no"

This reverts commit 5c4660eaaaa83cf5d68b03c51111b309ce310ae8.
-----------------------------------------------------------------

Revert diff pair 14 is -> 
{ bc410bd9208cbf6ef5138cb9ac9c40e47d18a7a0 -> dbf384044291ba06807cbc579771c4b7bd0f686b } is a revert
{ 2fd0b2ec5564d188ea2e6e0ce58f4e55738d131f -> eba19bc99b50f6f7786f03d93ad63968e2ac460b }
Revert commits SHA are -> 
dbf384044291ba06807cbc579771c4b7bd0f686b - revert - eba19bc99b50f6f7786f03d93ad63968e2ac460b
---> The reverted commit sha is - dbf384044291ba06807cbc579771c4b7bd0f686b
Commit message - Merge branch 'development' of github.com:cuckoobox/cuckoo into development
---> The original commit sha is - eba19bc99b50f6f7786f03d93ad63968e2ac460b
Commit message - Revert "Going for yes/no"

This reverts commit 5c4660eaaaa83cf5d68b03c51111b309ce310ae8.
-----------------------------------------------------------------

Revert diff pair 15 is -> 
{ 15da9d02b26d0f70592140d2ee2a4901ee13bd35 -> 0b76e95d84ed9509bc97a19a14aa2ea259e09266 } is a revert
{ 0b76e95d84ed9509bc97a19a14aa2ea259e09266 -> d457a7172d986b7b7100fbcc366f97921586eb3c }
Revert commits SHA are -> 
0b76e95d84ed9509bc97a19a14aa2ea259e09266 - revert - d457a7172d986b7b7100fbcc366f97921586eb3c
---> The reverted commit sha is - 0b76e95d84ed9509bc97a19a14aa2ea259e09266
Commit message - Merge pull request #129 from Thorsten-Sick/memory_debugger

Added an argument that enables the pymple memory diff to view potential leaks
---> The original commit sha is - d457a7172d986b7b7100fbcc366f97921586eb3c
Commit message - Revert "Merge pull request #129 from Thorsten-Sick/memory_debugger"

This reverts commit 0b76e95d84ed9509bc97a19a14aa2ea259e09266, reversing
changes made to 15da9d02b26d0f70592140d2ee2a4901ee13bd35.
-----------------------------------------------------------------

Revert diff pair 16 is -> 
{ ddaee63abeb0499222e7d51f73de4a0e5dada6aa -> f4e7fe649ecc35aec70d3d795ac9766c4fef01bc } is a revert
{ 7f0dd62f82d5b0595f52088dcb18ee7c3d4e53c1 -> baf65d5c7c2f1043e90f74b7eef8c582aba51f4a }
Revert commits SHA are -> 
f4e7fe649ecc35aec70d3d795ac9766c4fef01bc - revert - baf65d5c7c2f1043e90f74b7eef8c582aba51f4a
---> The reverted commit sha is - f4e7fe649ecc35aec70d3d795ac9766c4fef01bc
Commit message - Removed out of scope code (Refs: #106)
---> The original commit sha is - baf65d5c7c2f1043e90f74b7eef8c582aba51f4a
Commit message - Merge pull request #90 from Thorsten-Sick/development

added enhanced behaviour processing
-----------------------------------------------------------------

Revert diff pair 17 is -> 
{ 1559f6584a6c5810bb7adf5b4292afa22d8b9a8a -> 8ab29f164c973058da3bd74decc51743399c5796 } is a revert
{ 8ab29f164c973058da3bd74decc51743399c5796 -> 023712798c3521a5f4276c8103342aa04c09b89e }
Revert commits SHA are -> 
8ab29f164c973058da3bd74decc51743399c5796 - revert - 023712798c3521a5f4276c8103342aa04c09b89e
---> The reverted commit sha is - 8ab29f164c973058da3bd74decc51743399c5796
Commit message - Fixing pagination layout
---> The original commit sha is - 023712798c3521a5f4276c8103342aa04c09b89e
Commit message - Merge pull request #115 from Thorsten-Sick/bugfix_human

setting focus to window. The focus was destroyed by corner clicking to s...
-----------------------------------------------------------------

Revert diff pair 18 is -> 
{ 0582a70fc8c059b748d60576d99e60981e4d34d5 -> 9b166984f2d49804017e483c2015b6b1098f5b0e } is a revert
{ ddaee63abeb0499222e7d51f73de4a0e5dada6aa -> f4e7fe649ecc35aec70d3d795ac9766c4fef01bc }
Revert commits SHA are -> 
9b166984f2d49804017e483c2015b6b1098f5b0e - revert - f4e7fe649ecc35aec70d3d795ac9766c4fef01bc
---> The reverted commit sha is - 9b166984f2d49804017e483c2015b6b1098f5b0e
Commit message - added enhanced behavior processing
---> The original commit sha is - f4e7fe649ecc35aec70d3d795ac9766c4fef01bc
Commit message - Removed out of scope code (Refs: #106)
-----------------------------------------------------------------

Revert diff pair 19 is -> 
{ ad4fcc4dd550c182c1e3cf15c3590478544ca9f4 -> 26668bba60ed93852162ad0889ed0a36847c6c1c } is a revert
{ ddaee63abeb0499222e7d51f73de4a0e5dada6aa -> f4e7fe649ecc35aec70d3d795ac9766c4fef01bc }
Revert commits SHA are -> 
26668bba60ed93852162ad0889ed0a36847c6c1c - revert - f4e7fe649ecc35aec70d3d795ac9766c4fef01bc
---> The reverted commit sha is - 26668bba60ed93852162ad0889ed0a36847c6c1c
Commit message - added enhanced behavior processing
---> The original commit sha is - f4e7fe649ecc35aec70d3d795ac9766c4fef01bc
Commit message - Removed out of scope code (Refs: #106)
-----------------------------------------------------------------

Revert diff pair 20 is -> 
{ 415b18591ee2a9a860a72fff67fc7ac67efce1f2 -> fc014b0f1f787f3478cf03a89b7a126a8cf29ddd } is a revert
{ fc014b0f1f787f3478cf03a89b7a126a8cf29ddd -> cefb7cc6da9ff334da828835eed5c099a03bfcd0 }
Revert commits SHA are -> 
fc014b0f1f787f3478cf03a89b7a126a8cf29ddd - revert - cefb7cc6da9ff334da828835eed5c099a03bfcd0
---> The reverted commit sha is - fc014b0f1f787f3478cf03a89b7a126a8cf29ddd
Commit message - Merge pull request #106 from Thorsten-Sick/volatility2

Volatility integration
---> The original commit sha is - cefb7cc6da9ff334da828835eed5c099a03bfcd0
Commit message - Revert "Merge pull request #106 from Thorsten-Sick/volatility2"

This reverts commit fc014b0f1f787f3478cf03a89b7a126a8cf29ddd, reversing
changes made to 415b18591ee2a9a860a72fff67fc7ac67efce1f2.
-----------------------------------------------------------------

Revert diff pair 21 is -> 
{ d696548ffb4e146b62e0ec05ab0d7f8282771280 -> 7afb5f272146268ccea237f7a28d75a50a84be5b } is a revert
{ b9d397cef978dd1eeae5ba32fc124b3b1b0a6783 -> 091f4a951df87c1911fd9ab2e03aba90ae13ed28 }
Revert commits SHA are -> 
7afb5f272146268ccea237f7a28d75a50a84be5b - revert - 091f4a951df87c1911fd9ab2e03aba90ae13ed28
---> The reverted commit sha is - 7afb5f272146268ccea237f7a28d75a50a84be5b
Commit message - Generating random folder for analyzer
---> The original commit sha is - 091f4a951df87c1911fd9ab2e03aba90ae13ed28
Commit message - Revert "Generating random folder for analyzer"

This reverts commit 7afb5f272146268ccea237f7a28d75a50a84be5b.
-----------------------------------------------------------------

Revert diff pair 22 is -> 
{ 08803582651ab6f80874a7e9bef020d9abf0eb43 -> 3bf2af5f3649244b849d03f24b41845971f43359 } is a revert
{ 3bf2af5f3649244b849d03f24b41845971f43359 -> d7687f5f922c67652b2ed38ac779c980876508d6 }
Revert commits SHA are -> 
3bf2af5f3649244b849d03f24b41845971f43359 - revert - d7687f5f922c67652b2ed38ac779c980876508d6
---> The reverted commit sha is - 3bf2af5f3649244b849d03f24b41845971f43359
Commit message - Added unbuffered CSV reader
---> The original commit sha is - d7687f5f922c67652b2ed38ac779c980876508d6
Commit message - Revert "Added unbuffered CSV reader"

This reverts commit 3bf2af5f3649244b849d03f24b41845971f43359.
-----------------------------------------------------------------

Revert diff pair 23 is -> 
{ 76db862d27f782d9ace14966ff3d6b0c093d5e06 -> e066a35fa170f07c82cf70a6eb9b62b02cf96188 } is a revert
{ e066a35fa170f07c82cf70a6eb9b62b02cf96188 -> 69ab588913e5914ea2480c54335f826390fd4ebe }
Revert commits SHA are -> 
e066a35fa170f07c82cf70a6eb9b62b02cf96188 - revert - 69ab588913e5914ea2480c54335f826390fd4ebe
---> The reverted commit sha is - e066a35fa170f07c82cf70a6eb9b62b02cf96188
Commit message - Added Unicode support to process creation
---> The original commit sha is - 69ab588913e5914ea2480c54335f826390fd4ebe
Commit message - Revert "Added Unicode support to process creation"

This reverts commit e066a35fa170f07c82cf70a6eb9b62b02cf96188.
-----------------------------------------------------------------

Revert diff pair 24 is -> 
{ c1742be806493ed9eb9e945932dc2fdbce3ab478 -> f7772f15f167229eb5d63edd00f1c094787426e3 } is a revert
{ f7772f15f167229eb5d63edd00f1c094787426e3 -> 8886501764c9e6165cb956298d3914243188549e }
Revert commits SHA are -> 
f7772f15f167229eb5d63edd00f1c094787426e3 - revert - 8886501764c9e6165cb956298d3914243188549e
---> The reverted commit sha is - f7772f15f167229eb5d63edd00f1c094787426e3
Commit message - Fixed lookup by MD5
---> The original commit sha is - 8886501764c9e6165cb956298d3914243188549e
Commit message - Revert "Fixed lookup by MD5"

This reverts commit f7772f15f167229eb5d63edd00f1c094787426e3.
-----------------------------------------------------------------

Revert diff pair 25 is -> 
{ b5150b31f94833206b58bd289954e1312b41f836 -> 06bf8512dd69a604aa3753df5b05c9b13d27f6e6 } is a revert
{ a029e2a2033842b1f8926d160c6c24d01063f091 -> d8f612098ac17f3babaee7b5dda96995e724f141 }
Revert commits SHA are -> 
06bf8512dd69a604aa3753df5b05c9b13d27f6e6 - revert - d8f612098ac17f3babaee7b5dda96995e724f141
---> The reverted commit sha is - 06bf8512dd69a604aa3753df5b05c9b13d27f6e6
Commit message - Revert "Improved Python version check"

This reverts commit 95b54be2c7db2b7278061fdf42fbdd501d9553a3.
---> The original commit sha is - d8f612098ac17f3babaee7b5dda96995e724f141
Commit message - Revert "Revert "Improved Python version check""

This reverts commit 06bf8512dd69a604aa3753df5b05c9b13d27f6e6.
-----------------------------------------------------------------

Revert diff pair 26 is -> 
{ 95b54be2c7db2b7278061fdf42fbdd501d9553a3 -> b5150b31f94833206b58bd289954e1312b41f836 } is a revert
{ 06bf8512dd69a604aa3753df5b05c9b13d27f6e6 -> a029e2a2033842b1f8926d160c6c24d01063f091 }
Revert commits SHA are -> 
b5150b31f94833206b58bd289954e1312b41f836 - revert - a029e2a2033842b1f8926d160c6c24d01063f091
---> The reverted commit sha is - b5150b31f94833206b58bd289954e1312b41f836
Commit message - Merge branch 'dev_24' into development
---> The original commit sha is - a029e2a2033842b1f8926d160c6c24d01063f091
Commit message - Revert "Merge branch 'dev_24' into development"

This reverts commit b5150b31f94833206b58bd289954e1312b41f836, reversing
changes made to 95b54be2c7db2b7278061fdf42fbdd501d9553a3.
-----------------------------------------------------------------

Revert diff pair 27 is -> 
{ a4eaac71938b5b41ddd187e472c8fdce293bbbb7 -> 65c1e60c1ef4cbcd3148e0ca8ec16df0c16691bd } is a revert
{ 2c62d92d8798dbef948228c186e7c8cfcdc14fdd -> 6a321b13c1e0a6de742e7596b7eba03ef530d859 }
Revert commits SHA are -> 
65c1e60c1ef4cbcd3148e0ca8ec16df0c16691bd - revert - 6a321b13c1e0a6de742e7596b7eba03ef530d859
---> The reverted commit sha is - 65c1e60c1ef4cbcd3148e0ca8ec16df0c16691bd
Commit message - Revert "Changing paths for Windows support"

This reverts commit a9c6e59f58df33b357b4966106aa1786083af7a7.
---> The original commit sha is - 6a321b13c1e0a6de742e7596b7eba03ef530d859
Commit message - Moved malware path to temp
-----------------------------------------------------------------

Revert diff pair 28 is -> 
{ 51c0c83c43c9d345f0edff7245490edd0b9ff093 -> a9c6e59f58df33b357b4966106aa1786083af7a7 } is a revert
{ a4eaac71938b5b41ddd187e472c8fdce293bbbb7 -> 65c1e60c1ef4cbcd3148e0ca8ec16df0c16691bd }
Revert commits SHA are -> 
a9c6e59f58df33b357b4966106aa1786083af7a7 - revert - 65c1e60c1ef4cbcd3148e0ca8ec16df0c16691bd
---> The reverted commit sha is - a9c6e59f58df33b357b4966106aa1786083af7a7
Commit message - Changing paths for Windows support
---> The original commit sha is - 65c1e60c1ef4cbcd3148e0ca8ec16df0c16691bd
Commit message - Revert "Changing paths for Windows support"

This reverts commit a9c6e59f58df33b357b4966106aa1786083af7a7.
-----------------------------------------------------------------

Revert diff pair 29 is -> 
{ 9deb1f558ac5780ab3182513851eb3c49bda2976 -> 19f94e85fdf7b772281fb377046f434e9e47f3b1 } is a revert
{ 19f94e85fdf7b772281fb377046f434e9e47f3b1 -> 4eaa1db6c7d581c67c837aef4967bba98f7ee5b9 }
Revert commits SHA are -> 
19f94e85fdf7b772281fb377046f434e9e47f3b1 - revert - 4eaa1db6c7d581c67c837aef4967bba98f7ee5b9
---> The reverted commit sha is - 19f94e85fdf7b772281fb377046f434e9e47f3b1
Commit message - Merge branch 'testing'

Conflicts:
	cuckoo/core/virtualbox.py
---> The original commit sha is - 4eaa1db6c7d581c67c837aef4967bba98f7ee5b9
Commit message - Fixed conflict
-----------------------------------------------------------------

Revert diff pair 30 is -> 
{ c8d7e8c88734492815506b1d87d45e692b2ecee3 -> c7ea789bdf1ecbf79b380f270b9b5c0c6418ead0 } is a revert
{ 4ba661853e9969ed33d629c02c8ff7b6999b6005 -> 9deb1f558ac5780ab3182513851eb3c49bda2976 }
Revert commits SHA are -> 
c7ea789bdf1ecbf79b380f270b9b5c0c6418ead0 - revert - 9deb1f558ac5780ab3182513851eb3c49bda2976
---> The reverted commit sha is - c7ea789bdf1ecbf79b380f270b9b5c0c6418ead0
Commit message - Updated AUTHORS file
---> The original commit sha is - 9deb1f558ac5780ab3182513851eb3c49bda2976
Commit message - Merge branch 'development' into testing
-----------------------------------------------------------------

Revert diff pair 31 is -> 
{ c8d7e8c88734492815506b1d87d45e692b2ecee3 -> c7ea789bdf1ecbf79b380f270b9b5c0c6418ead0 } is a revert
{ 4d4ca6dcb695f32f1b43f28bd252d2db82becb8b -> 55eede8b7bf2c2f3e9be92dad486186fecf7bde7 }
Revert commits SHA are -> 
c7ea789bdf1ecbf79b380f270b9b5c0c6418ead0 - revert - 55eede8b7bf2c2f3e9be92dad486186fecf7bde7
---> The reverted commit sha is - c7ea789bdf1ecbf79b380f270b9b5c0c6418ead0
Commit message - Updated AUTHORS file
---> The original commit sha is - 55eede8b7bf2c2f3e9be92dad486186fecf7bde7
Commit message - Merge branches 'testing' and 'development' into testing
-----------------------------------------------------------------

Revert diff pair 32 is -> 
{ ea49ed6c0f81089bb2bf6c5a0cd3d9031a0aa0f2 -> 75f4af54f145284f4b0995c4e1c7311a5c82994d } is a revert
{ c8d7e8c88734492815506b1d87d45e692b2ecee3 -> c7ea789bdf1ecbf79b380f270b9b5c0c6418ead0 }
Revert commits SHA are -> 
75f4af54f145284f4b0995c4e1c7311a5c82994d - revert - c7ea789bdf1ecbf79b380f270b9b5c0c6418ead0
---> The reverted commit sha is - 75f4af54f145284f4b0995c4e1c7311a5c82994d
Commit message - Changed version
---> The original commit sha is - c7ea789bdf1ecbf79b380f270b9b5c0c6418ead0
Commit message - Updated AUTHORS file
-----------------------------------------------------------------

Revert diff pair 33 is -> 
{ aa7e36b295873cf2b251807f27ed72b1514e3d19 -> f0dab175248dffc79b634eab806fb5c2a23cd98c } is a revert
{ e0be005828f10080d78d4e5375b48a6218552a5d -> 7bc1c63924e90b5733daef74b6a8001ae26edf2f }
Revert commits SHA are -> 
f0dab175248dffc79b634eab806fb5c2a23cd98c - revert - 7bc1c63924e90b5733daef74b6a8001ae26edf2f
---> The reverted commit sha is - f0dab175248dffc79b634eab806fb5c2a23cd98c
Commit message - Various fixes
---> The original commit sha is - 7bc1c63924e90b5733daef74b6a8001ae26edf2f
Commit message - Restored master fixes
-----------------------------------------------------------------

