# of merges = 327
Merge commit 1 is -> 
{ 7ba7a33ec449c0738f5a3b2d730c34d3bb3db13e is a merge commit
---> Commit message - Merge branch 'master' of github.com:cuckoobox/cuckoo
-----------------------------------------------------------------

Merge commit 2 is -> 
{ 66bf9a1a62ff2cdbcd96b0f124f326f56feca95e is a merge commit
---> Commit message - Merge branch 'unstable' of https://github.com/cuckoobox/cuckoo into unstable
-----------------------------------------------------------------

Merge commit 3 is -> 
{ 060877db95bd40e77088333e78d3a0b3b35a3f02 is a merge commit
---> Commit message - Merge branch 'unstable' of https://github.com/cuckoobox/cuckoo into unstable
-----------------------------------------------------------------

Merge commit 4 is -> 
{ e134d650f62d59ad1b64c25af0c049d7ea939cb4 is a merge commit
---> Commit message - Merge branch 'unstable' of github.com:cuckoobox/cuckoo into unstable
-----------------------------------------------------------------

Merge commit 5 is -> 
{ e047adda9c5a349abd0312d3766091c0bc89d6d1 is a merge commit
---> Commit message - Merge branch 'unstable' of https://github.com/cuckoobox/cuckoo into unstable
-----------------------------------------------------------------

Merge commit 6 is -> 
{ fae6c3e7e77ca5213b56c4a0ce72a07a55935f43 is a merge commit
---> Commit message - Merge branch 'unstable' of github.com:cuckoobox/cuckoo into unstable
-----------------------------------------------------------------

Merge commit 7 is -> 
{ 0676e8bfcf3d250d99ed505ed0e42ab0d669bbc0 is a merge commit
---> Commit message - Merge branch 'unstable' of github.com:cuckoobox/cuckoo into unstable
-----------------------------------------------------------------

Merge commit 8 is -> 
{ d9100fe41d49243227dfa732a74a5d5fa96142eb is a merge commit
---> Commit message - Merge branch 'unstable' of github.com:cuckoobox/cuckoo into unstable
-----------------------------------------------------------------

Merge commit 9 is -> 
{ 4cd95dc7f9f7c638e0853b0bf6bb134f4ec6cdfc is a merge commit
---> Commit message - Merge branch 'unstable' of https://github.com/cuckoobox/cuckoo into unstable
-----------------------------------------------------------------

Merge commit 10 is -> 
{ 5fcf2574c6a510e28120e569e56de1d8021d2e09 is a merge commit
---> Commit message - Merge branch 'unstable' of https://github.com/cuckoobox/cuckoo into unstable
-----------------------------------------------------------------

Merge commit 11 is -> 
{ abeff42c1da0369b976f928eec375db851a348ae is a merge commit
---> Commit message - Merge branch 'unstable' of git://github.com/cuckoobox/cuckoo into unstable
-----------------------------------------------------------------

Merge commit 12 is -> 
{ aa7e36b295873cf2b251807f27ed72b1514e3d19 is a merge commit
---> Commit message - Merge branch 'unstable'
-----------------------------------------------------------------

Merge commit 13 is -> 
{ e0be005828f10080d78d4e5375b48a6218552a5d is a merge commit
---> Commit message - Merge branch 'master' into unstable
-----------------------------------------------------------------

Merge commit 14 is -> 
{ 7abeed8747fb5ccd2310bfd822bab0969263d8ae is a merge commit
---> Commit message - Merge branch 'master' into unstable
-----------------------------------------------------------------

Merge commit 15 is -> 
{ 1245e494baa72044dbc734b343f7abc6184a641b is a merge commit
---> Commit message - Merge branch 'unstable' of github.com:cuckoobox/cuckoo into unstable
-----------------------------------------------------------------

Merge commit 16 is -> 
{ d67b2633193ccebddbb7aa7a80d1befc6cb6e01a is a merge commit
---> Commit message - Merge branch 'unstable' of https://github.com/cuckoobox/cuckoo into unstable
-----------------------------------------------------------------

Merge commit 17 is -> 
{ 393e5ccd282dd7af6ef3a847fb678812eede71f2 is a merge commit
---> Commit message - Merge branch 'unstable' of github.com:cuckoobox/cuckoo into unstable
-----------------------------------------------------------------

Merge commit 18 is -> 
{ 9a6c2b0fda7b364e7cd7ad75d0a5d32ed8a2ceec is a merge commit
---> Commit message - Merge branch 'unstable' of github.com:cuckoobox/cuckoo into unstable
-----------------------------------------------------------------

Merge commit 19 is -> 
{ 9673c193b8ad31f55992f92a2038c5eb8759fc34 is a merge commit
---> Commit message - Merge branch 'unstable' of https://github.com/cuckoobox/cuckoo into unstable
-----------------------------------------------------------------

Merge commit 20 is -> 
{ 4b83554b2b61de0e809861103e582e917c0fc56c is a merge commit
---> Commit message - Merge branch 'unstable' of github.com:cuckoobox/cuckoo into unstable
-----------------------------------------------------------------

Merge commit 21 is -> 
{ 709905403513e527892f79bceff07ec08e2c85a4 is a merge commit
---> Commit message - Merge branch 'unstable' of github.com:cuckoobox/cuckoo into unstable
-----------------------------------------------------------------

Merge commit 22 is -> 
{ a9a4f391a9a8b152f6e5691650d170b107372860 is a merge commit
---> Commit message - Merge branch 'unstable' of github.com:cuckoobox/cuckoo into unstable
-----------------------------------------------------------------

Merge commit 23 is -> 
{ ca07dc6b1d2b71bcce601c4a134d535ca3970a8c is a merge commit
---> Commit message - Merge branch 'unstable' of https://github.com/cuckoobox/cuckoo into unstable
-----------------------------------------------------------------

Merge commit 24 is -> 
{ c317a9fff06167ce767890d809b89e4eae0dbd84 is a merge commit
---> Commit message - Merge branch 'development' of github.com:cuckoobox/cuckoo into development

Conflicts:
	docs/book/src/introduction/what.rst
-----------------------------------------------------------------

Merge commit 25 is -> 
{ 35a32fe92241d67aa2562f27d267f3b9696a2291 is a merge commit
---> Commit message - Merge branch 'development' of https://github.com/cuckoobox/cuckoo into development
-----------------------------------------------------------------

Merge commit 26 is -> 
{ 016085ac33de69bb22dde136116d5876f66cbd93 is a merge commit
---> Commit message - Merge branch 'development' of github.com:cuckoobox/cuckoo into development
-----------------------------------------------------------------

Merge commit 27 is -> 
{ 8b38142042c6dbbae13d5204c9d95a54b6d8be40 is a merge commit
---> Commit message - Merge branch 'development' of https://github.com/cuckoobox/cuckoo into development
-----------------------------------------------------------------

Merge commit 28 is -> 
{ eb2cca4d3464237c0b52ab4cf87d68dfe42e55a5 is a merge commit
---> Commit message - Merge branch 'development' of github.com:cuckoobox/cuckoo into development
-----------------------------------------------------------------

Merge commit 29 is -> 
{ d2df8e73a3bfa8e074501b5f65be2eb0c69a33fa is a merge commit
---> Commit message - Merge branch 'development' of https://github.com/cuckoobox/cuckoo into development
-----------------------------------------------------------------

Merge commit 30 is -> 
{ 97e585580157b61e09db5462b16c75d98834e9b6 is a merge commit
---> Commit message - Merge branch 'development' of github.com:cuckoobox/cuckoo into development
-----------------------------------------------------------------

Merge commit 31 is -> 
{ 6e12fdbfd666905e003cfb57e8081d4b6248c742 is a merge commit
---> Commit message - Merge branch 'development' of https://github.com/cuckoobox/cuckoo into development
-----------------------------------------------------------------

Merge commit 32 is -> 
{ dd17e04bb107ef8bad932f52969c0c12e179bc4c is a merge commit
---> Commit message - Merge branch 'development' of github.com:cuckoobox/cuckoo into development

Conflicts:
	utils/testreport.py
	utils/testsignatures.py
-----------------------------------------------------------------

Merge commit 33 is -> 
{ 45cf3aa4d5992df0324afb9ac18d618d7b52835f is a merge commit
---> Commit message - Merge branch 'development' of https://github.com/cuckoobox/cuckoo into development
-----------------------------------------------------------------

Merge commit 34 is -> 
{ ffa33172db3735c59de90cd32e614c876f0bf50e is a merge commit
---> Commit message - Merge branch 'development' of github.com:cuckoobox/cuckoo into development
-----------------------------------------------------------------

Merge commit 35 is -> 
{ 9072bc33c46bf2306abe66665af093adab883eeb is a merge commit
---> Commit message - Merge branch 'development' of github.com:cuckoobox/cuckoo into development
-----------------------------------------------------------------

Merge commit 36 is -> 
{ a3289dc395b1cfd3cec648a307055ab5dc405ee1 is a merge commit
---> Commit message - Merge branch 'development' of https://github.com/cuckoobox/cuckoo into development
-----------------------------------------------------------------

Merge commit 37 is -> 
{ 9d625387a4ea60c88507234515ec2ecbb75acb1c is a merge commit
---> Commit message - Merge pull request #33 from apridgen/53d8c48cde42659d11c1634da2698255818dc878

Fixed Issues Where CUCKOO_ROOT should be used
-----------------------------------------------------------------

Merge commit 38 is -> 
{ 23c52a727c963dcb1900c65423d5e29ff79b4a96 is a merge commit
---> Commit message - Merge pull request #34 from apridgen/fixlog_issues

Fix log path generation
-----------------------------------------------------------------

Merge commit 39 is -> 
{ 224fff5bd5eb6185c7967b0be97cc05fb5bf4c78 is a merge commit
---> Commit message - Merge branch 'development' of github.com:cuckoobox/cuckoo into development
-----------------------------------------------------------------

Merge commit 40 is -> 
{ 9a59f9e23bfb8d3667755cff71502fec899cd8b4 is a merge commit
---> Commit message - Merge pull request #37 from rep/development

Added simple web utility for files submission
-----------------------------------------------------------------

Merge commit 41 is -> 
{ 9c26155079b7dcd2461aecbbd5db32a01cd83f57 is a merge commit
---> Commit message - Merge branch 'development' of https://github.com/cuckoobox/cuckoo into development
-----------------------------------------------------------------

Merge commit 42 is -> 
{ 4d4ca6dcb695f32f1b43f28bd252d2db82becb8b is a merge commit
---> Commit message - Merge branch 'development' of https://github.com/cuckoobox/cuckoo into development
-----------------------------------------------------------------

Merge commit 43 is -> 
{ 55eede8b7bf2c2f3e9be92dad486186fecf7bde7 is a merge commit
---> Commit message - Merge branches 'testing' and 'development' into testing
-----------------------------------------------------------------

Merge commit 44 is -> 
{ e6d3f90ab98f830b261b719d743b26dca9e0f0ee is a merge commit
---> Commit message - Merge branch 'development' of https://github.com/cuckoobox/cuckoo into development
-----------------------------------------------------------------

Merge commit 45 is -> 
{ 009c5f82587be0b174707c5589871127fe0172f1 is a merge commit
---> Commit message - Merge branch 'development' of https://github.com/cuckoobox/cuckoo into development
-----------------------------------------------------------------

Merge commit 46 is -> 
{ 5c9779561572877ff0530073dd929562876cae82 is a merge commit
---> Commit message - Merge branch 'development' of https://github.com/cuckoobox/cuckoo into development
-----------------------------------------------------------------

Merge commit 47 is -> 
{ 9deb1f558ac5780ab3182513851eb3c49bda2976 is a merge commit
---> Commit message - Merge branch 'development' into testing
-----------------------------------------------------------------

Merge commit 48 is -> 
{ 19f94e85fdf7b772281fb377046f434e9e47f3b1 is a merge commit
---> Commit message - Merge branch 'testing'

Conflicts:
	cuckoo/core/virtualbox.py
-----------------------------------------------------------------

Merge commit 49 is -> 
{ b330ce68fb3cb414dad26d8b483befc2cc526e27 is a merge commit
---> Commit message - Merge branch 'development' of https://github.com/cuckoobox/cuckoo into development. Resolved conflict in lib/cuckoo/core/processor.py
-----------------------------------------------------------------

Merge commit 50 is -> 
{ 5f2dd6695cf12304479d640221181990bdceff81 is a merge commit
---> Commit message - Merge branch 'development' of https://github.com/cuckoobox/cuckoo into development
-----------------------------------------------------------------

Merge commit 51 is -> 
{ 852c5b16b2fc797305d7b2156dcc8bc0bd8788c7 is a merge commit
---> Commit message - Merge branch 'development' into testing, bumped release to 0.4.1-beta
-----------------------------------------------------------------

Merge commit 52 is -> 
{ c0a9fefd40d9c1b135c3bb85932e0fd54d9ca675 is a merge commit
---> Commit message - Merge branch 'testing', bumped release to 0.4.1
-----------------------------------------------------------------

Merge commit 53 is -> 
{ de56305beff48d31aec8033face939b356df5fb3 is a merge commit
---> Commit message - Merge git://github.com/rep/cuckoo into development
-----------------------------------------------------------------

Merge commit 54 is -> 
{ 2937dc5b2cf1278bccb8dd72d0cced5e04ddc31c is a merge commit
---> Commit message - Merge branch 'development' of https://github.com/cuckoobox/cuckoo into development
-----------------------------------------------------------------

Merge commit 55 is -> 
{ 8bc445cacc744262b07762737261cf657b288f93 is a merge commit
---> Commit message - Merge branch 'development' of https://github.com/cuckoobox/cuckoo into development
-----------------------------------------------------------------

Merge commit 56 is -> 
{ 9e91622c3286c5304617c27b48c28787e9836fdc is a merge commit
---> Commit message - Merge branch 'development' of github.com:cuckoobox/cuckoo into development
-----------------------------------------------------------------

Merge commit 57 is -> 
{ 94d8eed5864ce415485d298ff924487b4a008408 is a merge commit
---> Commit message - Merge pull request #43 from mt00at/master

Support for VMware Workstation
-----------------------------------------------------------------

Merge commit 58 is -> 
{ 3d26f401bae79acec419a4cc75306dd0ea770af0 is a merge commit
---> Commit message - Merge branch 'development' of https://github.com/cuckoobox/cuckoo into development
-----------------------------------------------------------------

Merge commit 59 is -> 
{ 58c837637256252abe59f2f4400c3d9f0ccdde11 is a merge commit
---> Commit message - Merge pull request #45 from Thorsten-Sick/upstream2

os.walk for more recursivity
-----------------------------------------------------------------

Merge commit 60 is -> 
{ 477a5911c2fda9ac47bb66785017628722817d6b is a merge commit
---> Commit message - Merge branch 'development' of https://github.com/cuckoobox/cuckoo into development
-----------------------------------------------------------------

Merge commit 61 is -> 
{ b548976422443f55f4a47b9b2217d5cc369a66f2 is a merge commit
---> Commit message - Merge pull request #48 from Thorsten-Sick/upstream2

Fixed Registry summary errors caused by tidy malware
-----------------------------------------------------------------

Merge commit 62 is -> 
{ 40659b02c90846232befb1e7fd932930253f9c25 is a merge commit
---> Commit message - Merge branch 'development' of https://github.com/cuckoobox/cuckoo into development
-----------------------------------------------------------------

Merge commit 63 is -> 
{ b6921ce8814a4bc3fad0a70b4470ad280fd32efd is a merge commit
---> Commit message - Merge branch 'development' into testing
-----------------------------------------------------------------

Merge commit 64 is -> 
{ 8e01f6b34d9011126952c071ebd3bb38a7a2245d is a merge commit
---> Commit message - Merge branch 'development' of https://github.com/cuckoobox/cuckoo into development
-----------------------------------------------------------------

Merge commit 65 is -> 
{ 2c62d92d8798dbef948228c186e7c8cfcdc14fdd is a merge commit
---> Commit message - Merge branch 'development' of https://github.com/cuckoobox/cuckoo into development
-----------------------------------------------------------------

Merge commit 66 is -> 
{ 86b437fb5259077ee2e64ebdcc43fcdb70c57ea1 is a merge commit
---> Commit message - Merge branch 'development' of https://github.com/cuckoobox/cuckoo into development
-----------------------------------------------------------------

Merge commit 67 is -> 
{ 53637accc8e5596eaa2ac6e40b9c09b5c9b01eac is a merge commit
---> Commit message - Merge branch 'development' of https://github.com/cuckoobox/cuckoo into development
-----------------------------------------------------------------

Merge commit 68 is -> 
{ bf10987787e4109ea7c2e1c3d1f4d52558990bb2 is a merge commit
---> Commit message - Merge branch 'development' of https://github.com/cuckoobox/cuckoo into development
-----------------------------------------------------------------

Merge commit 69 is -> 
{ f08cc0947e21762e9d6ff8fe476f8b3c3c6cd0e4 is a merge commit
---> Commit message - Merge branch 'development' of https://github.com/cuckoobox/cuckoo into development
-----------------------------------------------------------------

Merge commit 70 is -> 
{ 16c6362a639d8087a18a486b952557964d6e9190 is a merge commit
---> Commit message - Merge branch 'development' of https://github.com/cuckoobox/cuckoo into development
-----------------------------------------------------------------

Merge commit 71 is -> 
{ a930372c8bba7b9f6f5d24abb8bd832ca3089ec3 is a merge commit
---> Commit message - Merge branch 'development' of https://github.com/cuckoobox/cuckoo into development
-----------------------------------------------------------------

Merge commit 72 is -> 
{ 31cd879568ce715b0b494c3711471a70b4732600 is a merge commit
---> Commit message - Merge remote-tracking branch 'origin/development' into development
-----------------------------------------------------------------

Merge commit 73 is -> 
{ d8ba34ffcf7edbacc013d3df154fc3e67c6bf804 is a merge commit
---> Commit message - Merge remote-tracking branch 'origin/development' into development
-----------------------------------------------------------------

Merge commit 74 is -> 
{ 36876094850ef4f298998f20ce70a97e8be1e735 is a merge commit
---> Commit message - Merge branch 'development' of https://github.com/cuckoobox/cuckoo into development
-----------------------------------------------------------------

Merge commit 75 is -> 
{ 4f717a5688deaf7377041ffbd47f8e9a927e64a2 is a merge commit
---> Commit message - Merge branch 'development' of github.com:cuckoobox/cuckoo into development
-----------------------------------------------------------------

Merge commit 76 is -> 
{ 1cc739617ee811ef647c6a00a5d46929b2b7a746 is a merge commit
---> Commit message - Merge branch 'development' of github.com:rep/cuckoo into development
-----------------------------------------------------------------

Merge commit 77 is -> 
{ b5150b31f94833206b58bd289954e1312b41f836 is a merge commit
---> Commit message - Merge branch 'dev_24' into development
-----------------------------------------------------------------

Merge commit 78 is -> 
{ fb767175b1179334602af2d0dad112fde61f02de is a merge commit
---> Commit message - Merge branch 'development' of https://github.com/cuckoobox/cuckoo into development
-----------------------------------------------------------------

Merge commit 79 is -> 
{ 35f3799cb739f0810100849a5aa9b00f68f9f07e is a merge commit
---> Commit message - Merge pull request #49 from Thorsten-Sick/csv_filename_check

Added file extension check for csv files
-----------------------------------------------------------------

Merge commit 80 is -> 
{ 050f4365e2ed00c6f1cd689770f555813d1f3a9a is a merge commit
---> Commit message - Merge pull request #50 from Thorsten-Sick/abstract_families

A list for families known to trigger a specific signature added
-----------------------------------------------------------------

Merge commit 81 is -> 
{ f0caa55f966d102068199c8c7bac62de1c02d1cf is a merge commit
---> Commit message - Merge branch 'development' of https://github.com/cuckoobox/cuckoo into development
-----------------------------------------------------------------

Merge commit 82 is -> 
{ 956a778ea5a041f0ec18b16bbdd8c9d4b5f112fb is a merge commit
---> Commit message - Merge branch 'development' of https://github.com/cuckoobox/cuckoo into development
-----------------------------------------------------------------

Merge commit 83 is -> 
{ 5889340b545b47a4df286f6f4e8c559211100a24 is a merge commit
---> Commit message - Merge pull request #51 from warewolf/booooootle

Typo fix
-----------------------------------------------------------------

Merge commit 84 is -> 
{ cb57a0d3b708861303d5ce0b8628c748192fac74 is a merge commit
---> Commit message - Merge pull request #52 from warewolf/fix-kvm-vm-shutdown

Flip logic so active VMs get destroyed during shutdown
-----------------------------------------------------------------

Merge commit 85 is -> 
{ 7405fd91dfdf8389a7c063cb5cac1d2982a50ff3 is a merge commit
---> Commit message - Merge branch 'development' of https://github.com/cuckoobox/cuckoo into development
-----------------------------------------------------------------

Merge commit 86 is -> 
{ 76d579e91cb0afa6c85c3daa3ea72a54a17d3c2c is a merge commit
---> Commit message - Merge branch 'development' of https://github.com/cuckoobox/cuckoo into development
-----------------------------------------------------------------

Merge commit 87 is -> 
{ b49da5755968f582b3dcf4afb65c07fc317817f0 is a merge commit
---> Commit message - Merge branch 'dev_24' into development
-----------------------------------------------------------------

Merge commit 88 is -> 
{ 507c1a13c856f70b803a5a89fff39a6f912efd36 is a merge commit
---> Commit message - Merge pull request #54 from pdelsante/development

Using WatchedFileHandler for logging allows usage of logrotate
-----------------------------------------------------------------

Merge commit 89 is -> 
{ cae6da0be3269ab5a49da897190b7ba9d95b2a87 is a merge commit
---> Commit message - Merge branch 'development' of https://github.com/cuckoobox/cuckoo into development
-----------------------------------------------------------------

Merge commit 90 is -> 
{ 9095121427a6801253bb75c4c593de4788aca292 is a merge commit
---> Commit message - Merge branch 'development' of https://github.com/cuckoobox/cuckoo into development
-----------------------------------------------------------------

Merge commit 91 is -> 
{ 92f4fa13eeca502246c88ef144a003a73988eeb0 is a merge commit
---> Commit message - Merge branch 'development' of https://github.com/cuckoobox/cuckoo into development
-----------------------------------------------------------------

Merge commit 92 is -> 
{ 60cc9f4e7c11fc05d809811802ee096934565934 is a merge commit
---> Commit message - Merge branch 'development' of https://github.com/cuckoobox/cuckoo into development
-----------------------------------------------------------------

Merge commit 93 is -> 
{ baf01989b18c106b1c6ef314e27cb002dfdd208a is a merge commit
---> Commit message - Merge branch 'development' of https://github.com/cuckoobox/cuckoo into development
-----------------------------------------------------------------

Merge commit 94 is -> 
{ 57c468889fb826ba3f9cedbbfc09d2c6c5211c27 is a merge commit
---> Commit message - Merge branch 'development' of https://github.com/cuckoobox/cuckoo into development
-----------------------------------------------------------------

Merge commit 95 is -> 
{ 1961082e438813435369d4fa6633fb770a7d9963 is a merge commit
---> Commit message - Merge branch 'development' of https://github.com/cuckoobox/cuckoo into development
-----------------------------------------------------------------

Merge commit 96 is -> 
{ 571d5d9f229f4d752c5f7d29357d975f4e51244a is a merge commit
---> Commit message - Merge branch 'development' of https://github.com/cuckoobox/cuckoo into development
-----------------------------------------------------------------

Merge commit 97 is -> 
{ e2301288c779ad7986d70bfdfd5c614c737197bc is a merge commit
---> Commit message - Merge branch 'development' of https://github.com/cuckoobox/cuckoo into development
-----------------------------------------------------------------

Merge commit 98 is -> 
{ dd2681a22c833b81cea2ca758c5063a779623c90 is a merge commit
---> Commit message - Merge branch 'development' of https://github.com/cuckoobox/cuckoo into development
-----------------------------------------------------------------

Merge commit 99 is -> 
{ 3095c1c3145043d3d2818b393e31fa62e76e95d6 is a merge commit
---> Commit message - Fixed saltuary traceback
-----------------------------------------------------------------

Merge commit 100 is -> 
{ fd1be0164882f2e7960ed4042ca40f105163caf2 is a merge commit
---> Commit message - Merge branch 'development' of https://github.com/cuckoobox/cuckoo into development
-----------------------------------------------------------------

Merge commit 101 is -> 
{ ea1cd06144fb44a1de74cadff760a5437ca63738 is a merge commit
---> Commit message - Merge branch 'development' of https://github.com/cuckoobox/cuckoo into development
-----------------------------------------------------------------

Merge commit 102 is -> 
{ 6bda2b6d4c06a552857a2672418a7340c7c2dad3 is a merge commit
---> Commit message - Merge branch 'development' of github.com:cuckoobox/cuckoo into development
-----------------------------------------------------------------

Merge commit 103 is -> 
{ 8798d4c5cd21bab9b48cef76499766d8b5006bd4 is a merge commit
---> Commit message - Merge branch 'development' of https://github.com/cuckoobox/cuckoo into development
-----------------------------------------------------------------

Merge commit 104 is -> 
{ c2fa190fa51b3c7fc94869fc4e756b71ede813d4 is a merge commit
---> Commit message - Merge branch 'development' of https://github.com/cuckoobox/cuckoo into development
-----------------------------------------------------------------

Merge commit 105 is -> 
{ 80e8eef770b40d4d40b3f94bab9a5e4f24d57f49 is a merge commit
---> Commit message - Merge branch 'development' of https://github.com/cuckoobox/cuckoo into development
-----------------------------------------------------------------

Merge commit 106 is -> 
{ 8a9c2a4446807dd709e435fc6448063a4bcd8c78 is a merge commit
---> Commit message - Merge branch 'development' of https://github.com/cuckoobox/cuckoo into development
-----------------------------------------------------------------

Merge commit 107 is -> 
{ 6676c361a8622027bc8a1f5088fcad3a81d5f23a is a merge commit
---> Commit message - Merge branch 'development' of https://github.com/cuckoobox/cuckoo into development
-----------------------------------------------------------------

Merge commit 108 is -> 
{ d250c0af69cbce83c295c38657ca4e33334a4d94 is a merge commit
---> Commit message - Merge branch 'development' of https://github.com/cuckoobox/cuckoo into development
-----------------------------------------------------------------

Merge commit 109 is -> 
{ ef2596aa875098ea2586068466dc8baeeaa33a3e is a merge commit
---> Commit message - Merge branch 'development' of https://github.com/cuckoobox/cuckoo into development
-----------------------------------------------------------------

Merge commit 110 is -> 
{ 6308ccf9262a2c687288535e2555dddee5b5d5dd is a merge commit
---> Commit message - Merge branch 'development' of https://github.com/cuckoobox/cuckoo into development
-----------------------------------------------------------------

Merge commit 111 is -> 
{ eeee5d9771771af50292a30a5ff26a1626b9c97f is a merge commit
---> Commit message - Merge branch 'development' of https://github.com/cuckoobox/cuckoo into development
-----------------------------------------------------------------

Merge commit 112 is -> 
{ 8fac84b4ef6644cc6e86db1ea4dc2c8d63bfebef is a merge commit
---> Commit message - Merge branch 'development' of https://github.com/cuckoobox/cuckoo into development
-----------------------------------------------------------------

Merge commit 113 is -> 
{ e3dc849fb7d37f7df4f558a0ba7e6643ea22c2c4 is a merge commit
---> Commit message - Merge branch 'development' of https://github.com/cuckoobox/cuckoo into development
-----------------------------------------------------------------

Merge commit 114 is -> 
{ ade72d5bc531701e6acefe20ac720a935bb8bb87 is a merge commit
---> Commit message - Merge branch 'development' of https://github.com/cuckoobox/cuckoo into development
-----------------------------------------------------------------

Merge commit 115 is -> 
{ c9265be15a46e6d91118a248272c52e1c5436212 is a merge commit
---> Commit message - Merge pull request #57 from vacmf/development

Prevent error when the attribute is not available (eg while waiting for the socket) on Python 2.6
-----------------------------------------------------------------

Merge commit 116 is -> 
{ 506f947d15253393ca32268086b08e9ab5a8278a is a merge commit
---> Commit message - Merge branch 'development' of https://github.com/cuckoobox/cuckoo into development
-----------------------------------------------------------------

Merge commit 117 is -> 
{ c81d1f308685c99a2ee871b7b2a8a1c93cf54888 is a merge commit
---> Commit message - Merge pull request #59 from cuckoobox/development

Development
-----------------------------------------------------------------

Merge commit 118 is -> 
{ d696548ffb4e146b62e0ec05ab0d7f8282771280 is a merge commit
---> Commit message - Merge branch 'dev_123' of https://github.com/cuckoobox/cuckoo into dev_123
-----------------------------------------------------------------

Merge commit 119 is -> 
{ 7d138239f2d3fd4057974f481e3966f21a058b45 is a merge commit
---> Commit message - Merge branch 'dev_123' of https://github.com/cuckoobox/cuckoo into dev_123
-----------------------------------------------------------------

Merge commit 120 is -> 
{ 61b202e0f12e96ddb23a56b04b6b1c2d6d2481e1 is a merge commit
---> Commit message - Merge pull request #60 from cuckoobox/dev_123

Added randomization of folders and pipe
-----------------------------------------------------------------

Merge commit 121 is -> 
{ 87c5ba60bec7e92b3edbd656cf61e719a8c38d80 is a merge commit
---> Commit message - Merge branch 'development' of https://github.com/cuckoobox/cuckoo into development
-----------------------------------------------------------------

Merge commit 122 is -> 
{ 4d29546646bfb76c80055d4921053e54dc3fa95c is a merge commit
---> Commit message - Merge branch 'development' of github.com:cuckoobox/cuckoo into netlog

Conflicts:
	lib/cuckoo/core/scheduler.py
-----------------------------------------------------------------

Merge commit 123 is -> 
{ 333e32189b99ce9213536851428dc56e9738a7ef is a merge commit
---> Commit message - Merge branch 'development' of github.com:cuckoobox/cuckoo into netlog

Conflicts:
	analyzer/windows/lib/api/process.py
-----------------------------------------------------------------

Merge commit 124 is -> 
{ 758fff53a4872bc4a78f1affd2d1ef990e8a1378 is a merge commit
---> Commit message - Merge pull request #71 from cuckoobox/netlog

Introduced network logging
-----------------------------------------------------------------

Merge commit 125 is -> 
{ 6853fcf72a8ae910e3fe2fdfd534e70650286592 is a merge commit
---> Commit message - Merge branch 'development' of github.com:cuckoobox/cuckoo into development
-----------------------------------------------------------------

Merge commit 126 is -> 
{ 9e822508134d882e27c0bb531c34c55ad7451ecd is a merge commit
---> Commit message - Merge pull request #72 from hughpearse/development

More details to documentation
-----------------------------------------------------------------

Merge commit 127 is -> 
{ fca146a79319a612f3ac6f19f6a6e6f6f184c07f is a merge commit
---> Commit message - Merge branch 'development' of github.com:cuckoobox/cuckoo into development
-----------------------------------------------------------------

Merge commit 128 is -> 
{ 2d39b81e75da76a05911dbf09707f9b8557fa7f0 is a merge commit
---> Commit message - Merge branch 'development' of github.com:cuckoobox/cuckoo into development
-----------------------------------------------------------------

Merge commit 129 is -> 
{ 484bcd50bc15c1a666f3bee8af878e0c65f68d64 is a merge commit
---> Commit message - Merge pull request #73 from jvoisin/fix_84

Fix #84
-----------------------------------------------------------------

Merge commit 130 is -> 
{ 5c018b6c318d4ab2f7b90369b2499b2da3134999 is a merge commit
---> Commit message - Merge pull request #77 from chort/development

Check for Word Viewer if Word not found
-----------------------------------------------------------------

Merge commit 131 is -> 
{ b63da157a5b8f2ba4ac1356e99698e09bb255ee0 is a merge commit
---> Commit message - Merge pull request #81 from MITRECND/date_fix

Change default dates in database.py to callables
-----------------------------------------------------------------

Merge commit 132 is -> 
{ 8de47b7044a1602f645c81d4f1606c52c11a03db is a merge commit
---> Commit message - Merge pull request #78 from carbito/patch-2

Changed how the difference between screenshots is determined
-----------------------------------------------------------------

Merge commit 133 is -> 
{ eed34e9b96fbf8b66520ec5de76cd849849c2524 is a merge commit
---> Commit message - Merge branch 'development' of github.com:cuckoobox/cuckoo into development
-----------------------------------------------------------------

Merge commit 134 is -> 
{ 3e171ca960fa19fd3ea4f0d54928038673e8bd15 is a merge commit
---> Commit message - Merge branch 'development' of https://github.com/cuckoobox/cuckoo into development
-----------------------------------------------------------------

Merge commit 135 is -> 
{ a797e01c720a714a89a02e7438a90bc0f23c3a7e is a merge commit
---> Commit message - Merge branch 'development' of github.com:cuckoobox/cuckoo into development
-----------------------------------------------------------------

Merge commit 136 is -> 
{ 8f0464c9c7cdd795ab59eefdefb6e51e14a88f63 is a merge commit
---> Commit message - Merge pull request #83 from MITRECND/issue_5

Fix view file API call.
-----------------------------------------------------------------

Merge commit 137 is -> 
{ e8a2dfbb62965e52f74349c895a7af59548d9040 is a merge commit
---> Commit message - Merge pull request #84 from Thorsten-Sick/development

fixed typo in code
-----------------------------------------------------------------

Merge commit 138 is -> 
{ 85dbcc225cab34608cf49433bfe0ec0b73fd84b0 is a merge commit
---> Commit message - Merge pull request #86 from bcyrill/development

Added password option to zip package
-----------------------------------------------------------------

Merge commit 139 is -> 
{ 9cdf94ea08367464c12d4e872cf7a0e49d4b803b is a merge commit
---> Commit message - Merge pull request #88 from bcyrill/patch-1

Update zip package doc with password option
-----------------------------------------------------------------

Merge commit 140 is -> 
{ ea5763999f85292f514b582028fcda323adaba8f is a merge commit
---> Commit message - Merge branch 'development' of https://github.com/cuckoobox/cuckoo into development
-----------------------------------------------------------------

Merge commit 141 is -> 
{ 57915f6e4155c7a74b5797265901d02ec5cbb577 is a merge commit
---> Commit message - Merge branch 'development' of github.com:cuckoobox/cuckoo into development

Conflicts:
	lib/cuckoo/core/resultserver.py
-----------------------------------------------------------------

Merge commit 142 is -> 
{ 570ff631434d6073543dcc481ad75dcb989905eb is a merge commit
---> Commit message - Merge branch 'development' of github.com:cuckoobox/cuckoo into development
-----------------------------------------------------------------

Merge commit 143 is -> 
{ f5e30d5a3cb91971e569610a559883dae6cac029 is a merge commit
---> Commit message - Merge branch 'development' of git://github.com/cuckoobox/cuckoo into development
-----------------------------------------------------------------

Merge commit 144 is -> 
{ 100236687141adbc748e51f8ceefd8f0be1b9ef4 is a merge commit
---> Commit message - Merge branch 'development' of github.com:cuckoobox/cuckoo into development
-----------------------------------------------------------------

Merge commit 145 is -> 
{ f79dd53a741b01fa2cc8bd48e490afa763a6f80f is a merge commit
---> Commit message - Merge branch 'development' of github.com:cuckoobox/cuckoo into development
-----------------------------------------------------------------

Merge commit 146 is -> 
{ 2ad005f05c85d93bd1aad0d3d329512a9ec19ec9 is a merge commit
---> Commit message - Merge branch 'development' of https://github.com/cuckoobox/cuckoo into development
-----------------------------------------------------------------

Merge commit 147 is -> 
{ bbc09da0798fc41b653b3a5e8b631e3857fbe4f3 is a merge commit
---> Commit message - Merge branch 'development' of github.com:cuckoobox/cuckoo into development
-----------------------------------------------------------------

Merge commit 148 is -> 
{ 66344e33ef0e5bef3c965b9f76e72c261236a28c is a merge commit
---> Commit message - Merge pull request #89 from Thorsten-Sick/development

Speedup in processing. Checking if a string needs to be modified before ...
-----------------------------------------------------------------

Merge commit 149 is -> 
{ 807f2a35a47b4eea9df2025c5110850304ef39eb is a merge commit
---> Commit message - Merge branch 'development' of github.com:cuckoobox/cuckoo into development
-----------------------------------------------------------------

Merge commit 150 is -> 
{ 453f272bc632d4cbb5144701ff89f9bb60b27460 is a merge commit
---> Commit message - Merge branch 'development' of github.com:cuckoobox/cuckoo into development
-----------------------------------------------------------------

Merge commit 151 is -> 
{ 330334834edfd52d0ba916efa99f54d56a74a988 is a merge commit
---> Commit message - Merge branch 'development' of https://github.com/cuckoobox/cuckoo into development
-----------------------------------------------------------------

Merge commit 152 is -> 
{ 8c274f4690c0398ee69ae925915dd2df2ed12efe is a merge commit
---> Commit message - Merge branch 'development' of github.com:cuckoobox/cuckoo into development
-----------------------------------------------------------------

Merge commit 153 is -> 
{ b3134bdeceb0056a7f04a2c7ad1893de86db7c06 is a merge commit
---> Commit message - Merge pull request #91 from swackhamer/upstream

Fixed issue with submitted files that are all numbers
-----------------------------------------------------------------

Merge commit 154 is -> 
{ ec06deb927a64f85dc0ddaafe2b0ce5b91103a29 is a merge commit
---> Commit message - Merge branch 'development' of github.com:cuckoobox/cuckoo into development
-----------------------------------------------------------------

Merge commit 155 is -> 
{ bb4f636661e0a80cdcc19456f29ee2d247461bbd is a merge commit
---> Commit message - Merge pull request #95 from init99/devel-sniffer

Added: tcpdump flag to run as cuckoo user
-----------------------------------------------------------------

Merge commit 156 is -> 
{ 6d8d744909b98a23b6e14735711c1a8bc107ccff is a merge commit
---> Commit message - Merge pull request #97 from pdelsante/fix-sniffer

Fixing typo in import and exception handling in getpass
-----------------------------------------------------------------

Merge commit 157 is -> 
{ 5eaf6c1353f7a5e6cfd92b626918092363d27036 is a merge commit
---> Commit message - Merge pull request #94 from init99/devel-web

Adding features to web submission and changes to HTML report
-----------------------------------------------------------------

Merge commit 158 is -> 
{ 1786d9a121e302b732447b694e9b1c0f3aa65b24 is a merge commit
---> Commit message - Merge branch 'development' of https://github.com/cuckoobox/cuckoo into bugfix_in_add

Conflicts:
	utils/web.py
-----------------------------------------------------------------

Merge commit 159 is -> 
{ 92034db273cf84fbab1f3f95e62b98fec133f111 is a merge commit
---> Commit message - Merge pull request #103 from pdelsante/per-vm-sniff-if

Adding per-VM sniffing interface option
-----------------------------------------------------------------

Merge commit 160 is -> 
{ 5700a9b0e78de3b918c436d305ff46ff6738bf71 is a merge commit
---> Commit message - Merge pull request #100 from pdelsante/web-pagination

Adding pagination to web.py and api.py
-----------------------------------------------------------------

Merge commit 161 is -> 
{ af781ea6bb0c80ebdba6e389324b1b8d21aa022c is a merge commit
---> Commit message - Merge pull request #104 from pdelsante/per-vm-snapshot-name

Adding per-VM snapshot name
-----------------------------------------------------------------

Merge commit 162 is -> 
{ 0ef89a99fc6205ae60b0c24c24ded421be4c305d is a merge commit
---> Commit message - Merge pull request #107 from pdelsante/fix-mongodb

Fix mongodb reporting module to avoid dupes
-----------------------------------------------------------------

Merge commit 163 is -> 
{ fc014b0f1f787f3478cf03a89b7a126a8cf29ddd is a merge commit
---> Commit message - Merge pull request #106 from Thorsten-Sick/volatility2

Volatility integration
-----------------------------------------------------------------

Merge commit 164 is -> 
{ 89604de808ff16692ea4f5f540ac7ecfcb4ef37a is a merge commit
---> Commit message - Merge pull request #108 from Thorsten-Sick/development_volatility

Development volatility
-----------------------------------------------------------------

Merge commit 165 is -> 
{ 3c5cb888c41167640a307da1ad8636a7eff8f2f6 is a merge commit
---> Commit message - Merge pull request #109 from pdelsante/fix-resultserver

Fixing bug with wrong variable name
-----------------------------------------------------------------

Merge commit 166 is -> 
{ f9ba290fec4728d77a6d6c81c6bda20037593914 is a merge commit
---> Commit message - Merge pull request #110 from pdelsante/fix-utils

Avoid attempting to recreate existing dirs
-----------------------------------------------------------------

Merge commit 167 is -> 
{ 735496ede6379b3371ec930885b297e343fda56f is a merge commit
---> Commit message - Merge pull request #96 from pdelsante/bugfix_in_add

Bugfix when submitting tasks with empty timeout or priority
-----------------------------------------------------------------

Merge commit 168 is -> 
{ 8b06d3be488ad081334a5c83b3e95d039a40e077 is a merge commit
---> Commit message - Merge pull request #112 from Thorsten-Sick/REST_improve

Rest improved API
-----------------------------------------------------------------

Merge commit 169 is -> 
{ 023712798c3521a5f4276c8103342aa04c09b89e is a merge commit
---> Commit message - Merge pull request #115 from Thorsten-Sick/bugfix_human

setting focus to window. The focus was destroyed by corner clicking to s...
-----------------------------------------------------------------

Merge commit 170 is -> 
{ 2ba5dcad48d3151215f1d2763b4db4738d84b872 is a merge commit
---> Commit message - Merge pull request #116 from pdelsante/fix-pagination-layout

Fixing pagination layout
-----------------------------------------------------------------

Merge commit 171 is -> 
{ ea5809b9f5237ad759aff89ea33b3f1b67e7a664 is a merge commit
---> Commit message - Merge pull request #114 from pdelsante/per-vm-resultserver

Per vm resultserver
-----------------------------------------------------------------

Merge commit 172 is -> 
{ e36dcb963766e7ba81be82c833ed3755683c1ccc is a merge commit
---> Commit message - Merge branch 'development' of https://github.com/cuckoobox/cuckoo into development
-----------------------------------------------------------------

Merge commit 173 is -> 
{ 0c48eb9c7727f1fed91bb06593019a1f88d7ae3e is a merge commit
---> Commit message - Merge branch 'development_volatility' into development

Conflicts:
	conf/volatility.conf
	data/html/sections/volatility.html
	docs/CHANGELOG
	modules/processing/volatility_proc.py
-----------------------------------------------------------------

Merge commit 174 is -> 
{ 46df97366b9a9e234222333557f9a8fbb1c23658 is a merge commit
---> Commit message - Merge branch 'processed_state' of git://github.com/Thorsten-Sick/cuckoo into Thorsten-Sick-processed_state

Conflicts:
	docs/CHANGELOG
-----------------------------------------------------------------

Merge commit 175 is -> 
{ e898028b6de72f1b611a3e5a999d104f38ba837b is a merge commit
---> Commit message - Merge branch 'development' of github.com:cuckoobox/cuckoo into development
-----------------------------------------------------------------

Merge commit 176 is -> 
{ f7f624bf8fbf5c886ee93fd8625a6a8573495577 is a merge commit
---> Commit message - Merge pull request #123 from Thorsten-Sick/sparse_mongo

setting sparse fixes problems with missing indexes
-----------------------------------------------------------------

Merge commit 177 is -> 
{ 5629f2824439847ee55aa953db48fdfc84e4efe8 is a merge commit
---> Commit message - Merge pull request #120 from benjamin-small/development

Database.view_sample Bug Fix and PCAP Download Feature
-----------------------------------------------------------------

Merge commit 178 is -> 
{ 544e7aecbc1102c9c6ec7460d119e8d765590909 is a merge commit
---> Commit message - Merge pull request #124 from thomaspenteker/multi_auxiliary

allow multiple auxiliary modules to be loaded
-----------------------------------------------------------------

Merge commit 179 is -> 
{ 7f0dd62f82d5b0595f52088dcb18ee7c3d4e53c1 is a merge commit
---> Commit message - Merge pull request #125 from thomaspenteker/mongodb_import

make mongodb import only fail if module was enabled
-----------------------------------------------------------------

Merge commit 180 is -> 
{ baf65d5c7c2f1043e90f74b7eef8c582aba51f4a is a merge commit
---> Commit message - Merge pull request #90 from Thorsten-Sick/development

added enhanced behaviour processing
-----------------------------------------------------------------

Merge commit 181 is -> 
{ e3331f4c68430ecbbc380c80bad56a1d8b1949ce is a merge commit
---> Commit message - Merge pull request #128 from Thorsten-Sick/enhanced_behavior_fix

Enhanced behavior fix
-----------------------------------------------------------------

Merge commit 182 is -> 
{ e5e0dae206088c4703cf9c71bd91dd18fbf97c54 is a merge commit
---> Commit message - Merge branch 'development' of https://github.com/cuckoobox/cuckoo into development
-----------------------------------------------------------------

Merge commit 183 is -> 
{ cbbeda5d5a4ed96266d97c3ad0f7067d30129d8b is a merge commit
---> Commit message - Merge pull request #131 from cuckoobox/eventsigs

Evented signatures
-----------------------------------------------------------------

Merge commit 184 is -> 
{ 9fde411a6c84c658b7ac934571e7e4bc4eb03644 is a merge commit
---> Commit message - Merge pull request #130 from Thorsten-Sick/vm_tags

Added tags to VM
-----------------------------------------------------------------

Merge commit 185 is -> 
{ 560272355293eba5da37b697ee922f924f4b77e0 is a merge commit
---> Commit message - Merge branch 'development' of github.com:cuckoobox/cuckoo into development
-----------------------------------------------------------------

Merge commit 186 is -> 
{ 8fd27f5c65148e5cd07895a4b603404412f802b1 is a merge commit
---> Commit message - Merge branch 'development' of github.com:cuckoobox/cuckoo into development
-----------------------------------------------------------------

Merge commit 187 is -> 
{ 5d5dfe046fbe551c925ac7e8b6c729a5e67972bf is a merge commit
---> Commit message - Merge branch 'development' of github.com:cuckoobox/cuckoo into development
-----------------------------------------------------------------

Merge commit 188 is -> 
{ e82bb490a3d3334754c867c4e38c7385c1086e71 is a merge commit
---> Commit message - Merge branch 'development' of https://github.com/cuckoobox/cuckoo into development
-----------------------------------------------------------------

Merge commit 189 is -> 
{ d8d9bada46f5617f4a3f531840689f9da9ac8575 is a merge commit
---> Commit message - Merge pull request #134 from Thorsten-Sick/signature_improvements

simplifys getting a specific argument from a call
-----------------------------------------------------------------

Merge commit 190 is -> 
{ 2952e4d151311c87b163b6e5a6c8cac6ae298593 is a merge commit
---> Commit message - Merge branch 'development' of github.com:cuckoobox/cuckoo into development
-----------------------------------------------------------------

Merge commit 191 is -> 
{ 047ce25315197eb95cd3fe3a6043e38cd4ae479d is a merge commit
---> Commit message - Merge branch 'development' of github.com:cuckoobox/cuckoo into development
-----------------------------------------------------------------

Merge commit 192 is -> 
{ 9a24b4de8f82d32b4ebf58c853e4ba6c3dd0d0a9 is a merge commit
---> Commit message - Merge branch 'development' of https://github.com/cuckoobox/cuckoo into development
-----------------------------------------------------------------

Merge commit 193 is -> 
{ 0cd07d7b15329468b7b0e842ef44d0e1e781d7c6 is a merge commit
---> Commit message - Merge pull request #137 from cuckoobox/bson

Bson
-----------------------------------------------------------------

Merge commit 194 is -> 
{ 0b76e95d84ed9509bc97a19a14aa2ea259e09266 is a merge commit
---> Commit message - Merge pull request #129 from Thorsten-Sick/memory_debugger

Added an argument that enables the pymple memory diff to view potential leaks
-----------------------------------------------------------------

Merge commit 195 is -> 
{ 04ea9bf8b76699d3f19fd28e405501a1a45f367d is a merge commit
---> Commit message - Merge branch 'development' of github.com:cuckoobox/cuckoo into development
-----------------------------------------------------------------

Merge commit 196 is -> 
{ 760698c702c01cad462af676b6ebdac0a91c1000 is a merge commit
---> Commit message - Merge branch 'development' of https://github.com/cuckoobox/cuckoo into development
-----------------------------------------------------------------

Merge commit 197 is -> 
{ 08078f56c4fdd7759f2bfff298781887e2cc03fc is a merge commit
---> Commit message - Merge branch 'development' of https://github.com/cuckoobox/cuckoo into development
-----------------------------------------------------------------

Merge commit 198 is -> 
{ 37eb5aae53383e6ccce14a0f127e47b988f54790 is a merge commit
---> Commit message - Merge branch 'development' of github.com:cuckoobox/cuckoo into development
-----------------------------------------------------------------

Merge commit 199 is -> 
{ 0977b1c239b1200564b22940bc7c07ce5302e17e is a merge commit
---> Commit message - Merge branch 'development' of https://github.com/cuckoobox/cuckoo into development
-----------------------------------------------------------------

Merge commit 200 is -> 
{ c9696644268e7152a7c7288c62a6a254058387b2 is a merge commit
---> Commit message - Merge pull request #145 from MITRECND/rest_api_docs

REST API Docs
-----------------------------------------------------------------

Merge commit 201 is -> 
{ 20d21874a843bfaf69cf04a6894a7622974ca193 is a merge commit
---> Commit message - Merge pull request #1 from jbremer/patch-1

try to reconnect the first time is-running fails (vmware esxi machinemanager)
-----------------------------------------------------------------

Merge commit 202 is -> 
{ dc4186b08c37ea3c2972124af5be60ca13c2771c is a merge commit
---> Commit message - Merge pull request #147 from script-kiddie/docs

Docs
-----------------------------------------------------------------

Merge commit 203 is -> 
{ c12704c93ef86d7fc67088440e11e12fbd1ed634 is a merge commit
---> Commit message - Merge branch 'development' of github.com:cuckoobox/cuckoo into development
-----------------------------------------------------------------

Merge commit 204 is -> 
{ aa24e49636d6b9fb3e722eab971bcc0fe3400e17 is a merge commit
---> Commit message - Merged
-----------------------------------------------------------------

Merge commit 205 is -> 
{ 648025b87cf89c50a315ea917f24a76685a85978 is a merge commit
---> Commit message - Merge pull request #153 from MITRECND/maec40

MAEC 4.0 Reporting Module
-----------------------------------------------------------------

Merge commit 206 is -> 
{ dbf384044291ba06807cbc579771c4b7bd0f686b is a merge commit
---> Commit message - Merge branch 'development' of github.com:cuckoobox/cuckoo into development
-----------------------------------------------------------------

Merge commit 207 is -> 
{ 5de534ea89e44053ffbc90224a729f29182a151c is a merge commit
---> Commit message - Merge branch 'development' of github.com:cuckoobox/cuckoo into development
-----------------------------------------------------------------

Merge commit 208 is -> 
{ 0f31fa02344c9958ea08770e3e3b454c1d52d050 is a merge commit
---> Commit message - Merge branch 'development' of github.com:cuckoobox/cuckoo into development
-----------------------------------------------------------------

Merge commit 209 is -> 
{ 1090c7230509d5db9629fffbd236dda14eb361c5 is a merge commit
---> Commit message - Merge branch 'libvirt_currentSnapshot' of https://github.com/mak/cuckoo into mak-libvirt_currentSnapshot

Conflicts:
	lib/cuckoo/common/abstracts.py
-----------------------------------------------------------------

Merge commit 210 is -> 
{ 62768299c22e7d0a3db3f9c05867b5eae2a6884a is a merge commit
---> Commit message - Merge pull request #158 from ikiril01/development

Update MAEC 4.0 Output for MAEC v4.0.1
-----------------------------------------------------------------

Merge commit 211 is -> 
{ a4db681896b3979279753d731a3c33b11b08e23f is a merge commit
---> Commit message - Merge pull request #159 from dmaciejak/development

2 basic changes
-----------------------------------------------------------------

Merge commit 212 is -> 
{ fc8268873a9ba34d71dd29626ecc037e33d7444e is a merge commit
---> Commit message - Merge pull request #160 from bladeswords/patch-1

Need to return snapshotCurrent or an error is thrown
-----------------------------------------------------------------

Merge commit 213 is -> 
{ 5ee2cb8291dcb05de50195c39f9bc64c3a49e74c is a merge commit
---> Commit message - Merge pull request #154 from jbremer/development

not enough freespace error message
-----------------------------------------------------------------

Merge commit 214 is -> 
{ a739b7d01114fe42ed6fbffc17336e69075a28b5 is a merge commit
---> Commit message - Merge pull request #155 from jamu/development

Choose dll to inject
-----------------------------------------------------------------

Merge commit 215 is -> 
{ 5b9159f3dc935d7c4d298087c432c47c0db4a637 is a merge commit
---> Commit message - Merge branch 'development' of github.com:cuckoobox/cuckoo into development
-----------------------------------------------------------------

Merge commit 216 is -> 
{ 2ef28647a8e69a2ceb3d930515b48d4cc358ee29 is a merge commit
---> Commit message - Merge pull request #163 from Thorsten-Sick/small_db_fix

Fixing reference before assignment error
-----------------------------------------------------------------

Merge commit 217 is -> 
{ fa1b736801c9ce208694ef3eab72ed15c8fa83a3 is a merge commit
---> Commit message - Merge pull request #165 from dmaciejak/development

Better virustotal result display
-----------------------------------------------------------------

Merge commit 218 is -> 
{ 98febc4543ea68246e69da06eee68d4914613187 is a merge commit
---> Commit message - Merge pull request #166 from dmaciejak/development

Add network icmp echo request detection
-----------------------------------------------------------------

Merge commit 219 is -> 
{ 65cf005f77112e5a716211161523620c939453fb is a merge commit
---> Commit message - Merge branch 'development' of https://github.com/cuckoobox/cuckoo into development
-----------------------------------------------------------------

Merge commit 220 is -> 
{ b9d1c10b8ff6b48769ad848404e7c13fcf3a7ab7 is a merge commit
---> Commit message - Merge branch 'development' of github.com:cuckoobox/cuckoo into development
-----------------------------------------------------------------

Merge commit 221 is -> 
{ 76b5f04734c8eb88f01b2cb9e5ccc4708cebeead is a merge commit
---> Commit message - Merge pull request #167 from dmaciejak/development

Better check antivirus sig available
-----------------------------------------------------------------

Merge commit 222 is -> 
{ 7f99b5b79c91522189ce076dd21cca1d161f4d25 is a merge commit
---> Commit message - Merge branch 'development' of github.com:cuckoobox/cuckoo into development
-----------------------------------------------------------------

Merge commit 223 is -> 
{ 646772b665f4dbee0af0b1db1f09a806e26f75be is a merge commit
---> Commit message - Merge pull request #168 from dmaciejak/development

Add network stats in parenthesis
-----------------------------------------------------------------

Merge commit 224 is -> 
{ d39f1687b1388124502b3e4cb6a21da59553a19e is a merge commit
---> Commit message - Merge remote-tracking branch 'upstream/development' into development
-----------------------------------------------------------------

Merge commit 225 is -> 
{ fc02590b5cd942c6174e9fe9752300db3aabf63e is a merge commit
---> Commit message - Merge branch 'development' of github.com:cuckoobox/cuckoo into development
-----------------------------------------------------------------

Merge commit 226 is -> 
{ 26257241755a1f9948e1479eb60cf554fe859591 is a merge commit
---> Commit message - Merge branch 'development' of github.com:cuckoobox/cuckoo into development
-----------------------------------------------------------------

Merge commit 227 is -> 
{ 5ec534992059303bcab051d8209413bbed4e2895 is a merge commit
---> Commit message - Merge pull request #172 from Thorsten-Sick/execute_in_enhanced_behavior

Also watching CreateProcessInternalW for file execution
-----------------------------------------------------------------

Merge commit 228 is -> 
{ 4af7c8a5e2369c65c05243d1aefe179536ef27ab is a merge commit
---> Commit message - Merge pull request #174 from ikiril01/development

Fixed small bug in HTTP Method output in Request Line for HTTP Session Object Output
-----------------------------------------------------------------

Merge commit 229 is -> 
{ 95c7c5aeef2025c71658d6b84e0442d68c10aa96 is a merge commit
---> Commit message - Merge pull request #170 from Thorsten-Sick/custom

Added custom field to report
-----------------------------------------------------------------

Merge commit 230 is -> 
{ b886b2fd55128ecdb745f0e99c4f04e02fb42d6d is a merge commit
---> Commit message - Merge pull request #171 from Thorsten-Sick/status

Status APi into api.py
-----------------------------------------------------------------

Merge commit 231 is -> 
{ c533704d2c1197b0278296a176b7e85797bb87b9 is a merge commit
---> Commit message - Merge pull request #175 from dmaciejak/upstream

Zip file auto selection + fixes
-----------------------------------------------------------------

Merge commit 232 is -> 
{ c7d24008bf9e403a13a128d59246c47749e531c9 is a merge commit
---> Commit message - Merge pull request #177 from dmaciejak/upstream

Fixed sniffing more than 96 bytes per packet
-----------------------------------------------------------------

Merge commit 233 is -> 
{ f80acbdd9bdaf9f991b7a1985eedeb84e72c6158 is a merge commit
---> Commit message - Merge pull request #179 from z0mbiehunt3r/upstream

fixed some potential file descriptor leaks
-----------------------------------------------------------------

Merge commit 234 is -> 
{ 4d87a105defc65396d64ac53154442bbe8dd43b6 is a merge commit
---> Commit message - Merge pull request #181 from dmaciejak/upstream

Added virustotal URL scanner results in static report templates
-----------------------------------------------------------------

Merge commit 235 is -> 
{ ac489e48be2e33a69aa49a326c064a5bb7fcc0fb is a merge commit
---> Commit message - Merge pull request #55 from tankbusta/development

Experimental ESXi Support
-----------------------------------------------------------------

Merge commit 236 is -> 
{ 83ffeee33a8d0f26e64fc6f04b46758c0397b686 is a merge commit
---> Commit message - Merge pull request #183 from z0mbiehunt3r/development-memoryprofile

Indicate guest profile in memory.conf and avoid calling "imageinfo" vola...
-----------------------------------------------------------------

Merge commit 237 is -> 
{ bd2fea634b19f6090619cc6cb90ffaede26ebf16 is a merge commit
---> Commit message - Merge pull request #185 from Thorsten-Sick/volatility_psxview

Volatility psxview and friends
-----------------------------------------------------------------

Merge commit 238 is -> 
{ aca9db4cc2564a5647525b4a909c43c5c0f56a58 is a merge commit
---> Commit message - Merge pull request #184 from z0mbiehunt3r/development-submit

added few options to /utils/submit.py
-----------------------------------------------------------------

Merge commit 239 is -> 
{ 36d75969e0d42ce6327cc6286b6c270768adfb2f is a merge commit
---> Commit message - Merge pull request #189 from jbremer/unique-submit

Unique flag for submission script
-----------------------------------------------------------------

Merge commit 240 is -> 
{ 5921304bfabb0fac12c5c58446cb39c162ce391a is a merge commit
---> Commit message - Merge pull request #191 from Thorsten-Sick/cpl

Added analysis for control panel applets (cpl)
-----------------------------------------------------------------

Merge commit 241 is -> 
{ 7b807fe5d22d6b74e962e4bc494aa4a471df7ab6 is a merge commit
---> Commit message - Merge pull request #187 from Thorsten-Sick/more_volatility

More volatility
-----------------------------------------------------------------

Merge commit 242 is -> 
{ 11937f240ce1974ffae42711a3c976f6a1de15b7 is a merge commit
---> Commit message - Merged from upstream/development
-----------------------------------------------------------------

Merge commit 243 is -> 
{ 10404b01849f9d2fcfe7e2893de7d1fb7464cea1 is a merge commit
---> Commit message - Merged
-----------------------------------------------------------------

Merge commit 244 is -> 
{ 6311651291607f940ece81de938c9a447d44fcda is a merge commit
---> Commit message - Merge pull request #193 from Thorsten-Sick/fixing_behavior_processing

Fixing behavior processing
-----------------------------------------------------------------

Merge commit 245 is -> 
{ 671c44b29273e8a347d0a37b49f56cefa1b695fb is a merge commit
---> Commit message - Merge branch 'development' of https://github.com/cuckoobox/cuckoo into development
-----------------------------------------------------------------

Merge commit 246 is -> 
{ 888f593e0e34a046adaec806b33c41e845e221fc is a merge commit
---> Commit message - Merge remote-tracking branch 'upstream/development' into development
-----------------------------------------------------------------

Merge commit 247 is -> 
{ b7d3482a6f3d4aa19816903b0b3ae5384fa62741 is a merge commit
---> Commit message - Merge pull request #194 from ikiril01/development

Normalization of Nt* Registry API Call Hive/Key Values in MAEC 4.0.1 Reports
-----------------------------------------------------------------

Merge commit 248 is -> 
{ 711aa2784dbee0bdf2e16d83a77ca9b17ed8d673 is a merge commit
---> Commit message - Merge pull request #208 from ikiril01/development

Fixed Minor Bugs in MAEC4.0.1 Reporting Module
-----------------------------------------------------------------

Merge commit 249 is -> 
{ 8bf68d9dfa9cafef82414c2563ad217e8658edc2 is a merge commit
---> Commit message - Merge pull request #209 from dmaciejak/patch-1

Fixed file extension package autoselection
-----------------------------------------------------------------

Merge commit 250 is -> 
{ b0167ea6018ac7a1fa5e2d27aec14146c3ffc8a1 is a merge commit
---> Commit message - Merge pull request #212 from dmaciejak/patch-2

Added BPF filter feature when sniffing
-----------------------------------------------------------------

Merge commit 251 is -> 
{ 08529a89039b2949d617926ff1190ab11ef8c4f4 is a merge commit
---> Commit message - Merge pull request #215 from espenfjo/patch-2

Ignore missing start or completion time for tasks
-----------------------------------------------------------------

Merge commit 252 is -> 
{ ffef3cc5606d01171f92bdc54236c43fbb52b40c is a merge commit
---> Commit message - Merge pull request #217 from wzr/development

Moved deletion of secondary tables before the deletion of machine table ...
-----------------------------------------------------------------

Merge commit 253 is -> 
{ d68dabee14af107518e9233cbeaedbdc331563f1 is a merge commit
---> Commit message - Merge branch 'signature_ordered' of git://github.com/Thorsten-Sick/cuckoo into Thorsten-Sick-signature_ordered

Conflicts:
	lib/cuckoo/core/plugins.py
-----------------------------------------------------------------

Merge commit 254 is -> 
{ ddf8145fad33e8278acc168ddc4788dd73bb0d91 is a merge commit
---> Commit message - Merge branch 'overlay_for_signatures' of git://github.com/Thorsten-Sick/cuckoo into Thorsten-Sick-overlay_for_signatures
-----------------------------------------------------------------

Merge commit 255 is -> 
{ db74b497459851c3bf6ec53aaee90315d7cd8a97 is a merge commit
---> Commit message - Merge pull request #233 from ikiril01/master

Fixes for a few bugs in MAEC40 Module and Mappings
-----------------------------------------------------------------

Merge commit 256 is -> 
{ 29cc2aec8c620ff33eba062545a6d1b732102591 is a merge commit
---> Commit message - Merge branch 'development' of https://github.com/cuckoobox/cuckoo into development
-----------------------------------------------------------------

Merge commit 257 is -> 
{ f705400355ef5c38f87c13df3c1e0bc11b7af31a is a merge commit
---> Commit message - Merge pull request #244 from espenfjo/url-search

Issue #229: Add search for URLs in web interface
-----------------------------------------------------------------

Merge commit 258 is -> 
{ e54bd15d53cffa4bfb77c4ea463c31aeb4465b80 is a merge commit
---> Commit message - Merge branch 'development' of https://github.com/cuckoobox/cuckoo into development
-----------------------------------------------------------------

Merge commit 259 is -> 
{ 8f925474360ce36e805085c106ca4bfe7e5a0674 is a merge commit
---> Commit message - Merge pull request #234 from Crashman1983/patch-1

Update packages.py
-----------------------------------------------------------------

Merge commit 260 is -> 
{ 19595827e1b6cfbbbf62535f3f724f5f95880949 is a merge commit
---> Commit message - Merge pull request #221 from wzr/development

Adding a dropdown menu for the VM selection in the submission page, popu...
-----------------------------------------------------------------

Merge commit 261 is -> 
{ 0f3c5768888354f6f55a24da0b7adc0c264b015a is a merge commit
---> Commit message - Merge pull request #240 from neriberto/development

Choosing the right package for CPL samples
-----------------------------------------------------------------

Merge commit 262 is -> 
{ 5348820669b4c34471b42ede6fcd2df071161e87 is a merge commit
---> Commit message - Merge pull request #253 from dmaciejak/patch-6

Remove unneeded debug print
-----------------------------------------------------------------

Merge commit 263 is -> 
{ 2a9c87fd908e0d5ce36ef009c7a9462baf004ff0 is a merge commit
---> Commit message - Merge pull request #254 from dmaciejak/patch-7

Fixed maec report generation when used with url sample
-----------------------------------------------------------------

Merge commit 264 is -> 
{ 53be2ff0cf1e86cf74337f359f6163963c2a6b76 is a merge commit
---> Commit message - Merge branch 'development' of https://github.com/vsantola/cuckoo into vsantola-development
-----------------------------------------------------------------

Merge commit 265 is -> 
{ e4e83e926f14d0ba35b263a501b2f5154f0dc45c is a merge commit
---> Commit message - Merge pull request #261 from MITRECND/maec_documentation

Clarify correct version of MAEC python library to install.
-----------------------------------------------------------------

Merge commit 266 is -> 
{ 6c8f0e109868adbf81687ff65440fb4b8d6b9764 is a merge commit
---> Commit message - Merge branch 'master' into development
-----------------------------------------------------------------

Merge commit 267 is -> 
{ 8f626ce4f08fbf4fe5af141506155ac8a1c4114a is a merge commit
---> Commit message - Merge pull request #268 from MarioVilas/development

Made some small corrections of things I found while reading the documentation.
-----------------------------------------------------------------

Merge commit 268 is -> 
{ 3e3bb429e590cacb1f26520593d1423c5e6f8798 is a merge commit
---> Commit message - Merge pull request #256 from dmaciejak/patch-6

Corrected typo which set insensitive case search in sig descr
-----------------------------------------------------------------

Merge commit 269 is -> 
{ 513ad19dcf45a9230cea0e885a8ff026bec63a78 is a merge commit
---> Commit message - Merge pull request #257 from dmaciejak/patch-7

Fixed virustotal label name display based on the div visibility
-----------------------------------------------------------------

Merge commit 270 is -> 
{ 0aa0b3ee9e0f7adc6bc325eb65f018afbbe16ef4 is a merge commit
---> Commit message - Merge branch 'development' of github.com:cuckoobox/cuckoo into development
-----------------------------------------------------------------

Merge commit 271 is -> 
{ 1fc3ca11dea67f4de2922f8b87f2d9d7886f246f is a merge commit
---> Commit message - Merge branch 'development' of github.com:cuckoobox/cuckoo into development
-----------------------------------------------------------------

Merge commit 272 is -> 
{ 50d6b594b8e728f6fb2360d5cf2dd772f8c63d09 is a merge commit
---> Commit message - Merge pull request #285 from m-taube/fix-enum-windows

Fixed human module button finding
-----------------------------------------------------------------

Merge commit 273 is -> 
{ 6c64c12b4b32deb25c4c7278be1e9babf9dda9fa is a merge commit
---> Commit message - Merge branch 'master' of https://github.com/SpoonBoy/cuckoo into SpoonBoy-master
-----------------------------------------------------------------

Merge commit 274 is -> 
{ bca26ac86c640eedb6346bbcf081ba34394c1891 is a merge commit
---> Commit message - Merge branch 'development' of https://github.com/woanware/cuckoo into woanware-development
-----------------------------------------------------------------

Merge commit 275 is -> 
{ b909850cc3afbfec0582a20ef453a6ef84826d05 is a merge commit
---> Commit message - Merge branch 'development' of github.com:cuckoobox/cuckoo into development
-----------------------------------------------------------------

Merge commit 276 is -> 
{ f4b1eae2a107f9a3ed01de036789c97e9c8f02ab is a merge commit
---> Commit message - Merge branch 'development' of https://github.com/cuckoobox/cuckoo into development
-----------------------------------------------------------------

Merge commit 277 is -> 
{ abc9e5394536ab2e402af48638dd33a7306d9f55 is a merge commit
---> Commit message - Merge branch 'development' of https://github.com/cuckoobox/cuckoo into development
-----------------------------------------------------------------

Merge commit 278 is -> 
{ 39d23d700debe711940120a25b4bd7f16864e2a5 is a merge commit
---> Commit message - Merge branch 'development' of https://github.com/cuckoobox/cuckoo into development
-----------------------------------------------------------------

Merge commit 279 is -> 
{ 3c4e1e6a5f8984b25295639648f55e8991fde785 is a merge commit
---> Commit message - Merge branch 'development' of https://github.com/robertsjw/cuckoo into robertsjw-development
-----------------------------------------------------------------

Merge commit 280 is -> 
{ 7d219cf359b11951c0d1523d298716bba37baa18 is a merge commit
---> Commit message - Merge branch 'development' of github.com:cuckoobox/cuckoo into development
-----------------------------------------------------------------

Merge commit 281 is -> 
{ b52ca862ac30199b1ecbacae08cc2f5a98aaf1ce is a merge commit
---> Commit message - Merge pull request #295 from neriberto/development

Configure temporary directory using conf file
-----------------------------------------------------------------

Merge commit 282 is -> 
{ b00d7505a8fc55ecf908edfb342692c9380d2a4c is a merge commit
---> Commit message - Merge pull request #290 from Thorsten-Sick/fix_check_argument2

Fixing logic to continue looking for matching values
-----------------------------------------------------------------

Merge commit 283 is -> 
{ ed602b32ecf96aa63ff0b36df396d6740563afa8 is a merge commit
---> Commit message - Merge branch 'patch-2' of https://github.com/dmaciejak/cuckoo-dma into dmaciejak-patch-2
-----------------------------------------------------------------

Merge commit 284 is -> 
{ ee2fddb961175641d7f28ba8287544eea067c53b is a merge commit
---> Commit message - Merge pull request #236 from chrestme/patch-1

Update processActionArguments in maec40.py
-----------------------------------------------------------------

Merge commit 285 is -> 
{ dc706ee67b16eb889eb4f2e46f8b9af40c00f446 is a merge commit
---> Commit message - Merge branch 'master' of https://github.com/cuckoobox/cuckoo
-----------------------------------------------------------------

Merge commit 286 is -> 
{ 3ae4aa81d981e94b6e3de1131cd80189d4d3dff6 is a merge commit
---> Commit message - Merge branch 'master' of github.com:cuckoobox/cuckoo
-----------------------------------------------------------------

Merge commit 287 is -> 
{ 138d696e0f1663e2ac72070821f5daf16cded728 is a merge commit
---> Commit message - Merge pull request #309 from jahrome/doc_fix

Add github link + fix typo
-----------------------------------------------------------------

Merge commit 288 is -> 
{ 5fdee7a95cf1777ee7bd0287269777bf69a2b234 is a merge commit
---> Commit message - Merge pull request #311 from jahrome/pillow_support

Add support for Pillow (PIL fork).
-----------------------------------------------------------------

Merge commit 289 is -> 
{ a9b8b1239c88c3e87035a8cb3358d10dde21dc1c is a merge commit
---> Commit message - Merge pull request #306 from robertsjw/master

Update analyzer packages to fix Path issue on 64 bit guest
-----------------------------------------------------------------

Merge commit 290 is -> 
{ b7e3ebc9e52c3c15fc39119d31adec55f9ad8580 is a merge commit
---> Commit message - Merge pull request #316 from nilp0inter/fixing_testsuite

It's better to have a few tests than none!
-----------------------------------------------------------------

Merge commit 291 is -> 
{ 3b21bc304055c8692176874518839cc077d44afb is a merge commit
---> Commit message - Merge branch 'master' of https://github.com/robertsjw/cuckoo
-----------------------------------------------------------------

Merge commit 292 is -> 
{ 9ac57326e9ade0588d976c0b145416794a237ed1 is a merge commit
---> Commit message - Merge pull request #318 from robertsjw/master

[FIX] Error with path on 32 bit machines for analyzer
-----------------------------------------------------------------

Merge commit 293 is -> 
{ b15affa83a7b3407e58dcf2832da336be92a7ade is a merge commit
---> Commit message - Merge pull request #324 from nilp0inter/yara_warnings

Logging all yara errors.
-----------------------------------------------------------------

Merge commit 294 is -> 
{ b5333803deb7a6200b4b39e5e80a96673559e56c is a merge commit
---> Commit message - Merge branch 'fixbpf' of https://github.com/wmetcalf/cuckoo into wmetcalf-fixbpf

Conflicts:
	modules/auxiliary/sniffer.py
-----------------------------------------------------------------

Merge commit 295 is -> 
{ 6257045b51527af07885bcc6fb5c82ac7109f60a is a merge commit
---> Commit message - Merge branch 'wmetcalf-fixbpf'
-----------------------------------------------------------------

Merge commit 296 is -> 
{ fba72ca693f74c1932dc8bc079df1abfc74dfd49 is a merge commit
---> Commit message - Merge pull request #325 from Thorsten-Sick/stats_bugfix

Fixing issues with incomplete db entries
-----------------------------------------------------------------

Merge commit 297 is -> 
{ 696c7bb8b81bfc561ade9a5135f934380b99edc4 is a merge commit
---> Commit message - Merge branch 'master' of https://github.com/cuckoobox/cuckoo
-----------------------------------------------------------------

Merge commit 298 is -> 
{ 93492a15410969584022b6a11c88b9c403f4036f is a merge commit
---> Commit message - Merge pull request #312 from jahrome/pcap_content_type

Specify proper content-type for pcap downloads.
-----------------------------------------------------------------

Merge commit 299 is -> 
{ c33a15245bd9e3f3464318941102832f98f52367 is a merge commit
---> Commit message - Merge branch 'master' of https://github.com/cuckoobox/cuckoo
-----------------------------------------------------------------

Merge commit 300 is -> 
{ 8b71b870713829dfbea60c2595d048d7f5c708cd is a merge commit
---> Commit message - Merge pull request #332 from upsidedwn/master

Fixed missing parentheses in jar.py
-----------------------------------------------------------------

Merge commit 301 is -> 
{ 3d0e99ad0571d7289656a0fee09678988dff9a93 is a merge commit
---> Commit message - Merge branch 'master' of https://github.com/cuckoobox/cuckoo
-----------------------------------------------------------------

Merge commit 302 is -> 
{ a85402502a7539d1044d1880eb7be8f21796d947 is a merge commit
---> Commit message - Merge branch 'master' of https://github.com/cuckoobox/cuckoo
-----------------------------------------------------------------

Merge commit 303 is -> 
{ e9c6ce42889ee0b26c813ec2b00c637a97aa1013 is a merge commit
---> Commit message - Merge pull request #346 from spark2k06/patch-2

Update resultserver.py
-----------------------------------------------------------------

Merge commit 304 is -> 
{ 63b252cbdb154db27356210fcc918b03506a8bed is a merge commit
---> Commit message - Merge pull request #350 from swackhamer/master

convert dll name to printable characters
-----------------------------------------------------------------

Merge commit 305 is -> 
{ 3468d23b564c46f93e9cd46f4970011011ad6c26 is a merge commit
---> Commit message - Merge pull request #355 from swackhamer/upstream-fix

Fix memory leak if using a old version of python-magic
-----------------------------------------------------------------

Merge commit 306 is -> 
{ 13f22a34c7c4562a235757c084f4eaad919c3290 is a merge commit
---> Commit message - Merge branch 'master' of github.com:cuckoobox/cuckoo
-----------------------------------------------------------------

Merge commit 307 is -> 
{ d4c5f7349da7eebfbdad9f207e7a9f59d7335838 is a merge commit
---> Commit message - Merge branch 'master' of github.com:cuckoobox/cuckoo
-----------------------------------------------------------------

Merge commit 308 is -> 
{ bd4510d1849e54d4e5e78aaec71c6b7437da0d05 is a merge commit
---> Commit message - Merge pull request #357 from shendo/child_inject_fix

Cuckoo not injecting into child procs due to bug in pipe command parsing
-----------------------------------------------------------------

Merge commit 309 is -> 
{ 5ceb9a1a0391a6c812f5bdb76f7b48dbb1e66996 is a merge commit
---> Commit message - Merge branch 'master' of https://github.com/cuckoobox/cuckoo
-----------------------------------------------------------------

Merge commit 310 is -> 
{ 5aef9aeab5c6cc6631a61417b43f44a8f3de8054 is a merge commit
---> Commit message - Merge branch 'master' of https://github.com/cuckoobox/cuckoo
-----------------------------------------------------------------

Merge commit 311 is -> 
{ 97c101b04e724549a03f5bfe1221e77c8aa22d12 is a merge commit
---> Commit message - Merge branch 'sanity' of https://github.com/cuckoobox/cuckoo into sanity
-----------------------------------------------------------------

Merge commit 312 is -> 
{ a2e345c8108eba38e774d8bbcebc48852b64d996 is a merge commit
---> Commit message - Merge branch 'master' of https://github.com/cuckoobox/cuckoo
-----------------------------------------------------------------

Merge commit 313 is -> 
{ cf6ca136bc9ba73e4720d7c66200dd1f6ad4f583 is a merge commit
---> Commit message - Merge branch 'sanity'

Conflicts:
	lib/cuckoo/core/database.py
-----------------------------------------------------------------

Merge commit 314 is -> 
{ cf22ce092a72046e296f0248fcacfe7ab7f30d8c is a merge commit
---> Commit message - Merge branch 'master' of https://github.com/cuckoobox/cuckoo
-----------------------------------------------------------------

Merge commit 315 is -> 
{ 399dd8afa9af5f4bc15a7f9351d1fec00e4aaf12 is a merge commit
---> Commit message - Merge pull request #375 from wmetcalf/fixoriginsep

Incorrect option splicing for options string in submission view.
-----------------------------------------------------------------

Merge commit 316 is -> 
{ 03c8273a71da34ac2e01f0336bb79ba32e4e39a5 is a merge commit
---> Commit message - Merge branch 'master' of https://github.com/cuckoobox/cuckoo
-----------------------------------------------------------------

Merge commit 317 is -> 
{ 0fa8b20be1cfa6a4f20ea76ac9c054a7050a1cb1 is a merge commit
---> Commit message - Merge pull request #380 from bombadil/patch-1

Update requirements.rst
-----------------------------------------------------------------

Merge commit 318 is -> 
{ 159765e64ddff11f3734196b0a3dcd3aa31e81d8 is a merge commit
---> Commit message - Merge branch 'master' into sanity

Conflicts:
	docs/book/src/installation/upgrade.rst
-----------------------------------------------------------------

Merge commit 319 is -> 
{ 7b733f01ec9f833786102bbb44a241505e6d42ca is a merge commit
---> Commit message - Merge pull request #382 from Thorsten-Sick/hunting_typos_in_doc

Typos fixed
-----------------------------------------------------------------

Merge commit 320 is -> 
{ b2af9c6e3d84a72f003630a48fecf14fef99e247 is a merge commit
---> Commit message - Merge branch 'bugfix/get_latest_snapshot' of github.com:eset/cuckoo into eset-bugfix/get_latest_snapshot
-----------------------------------------------------------------

Merge commit 321 is -> 
{ 6b7f0a28ee675a12d3a4f1717aadd416465aa003 is a merge commit
---> Commit message - Merge branch 'dev_368'
-----------------------------------------------------------------

Merge commit 322 is -> 
{ 239fb440b05038d0016cb416bc1c1768a0870100 is a merge commit
---> Commit message - Merge pull request #336 from upsidedwn/master

Fixed wrong options separator
-----------------------------------------------------------------

Merge commit 323 is -> 
{ ca22567ebff6a9a9f5dcc9e710694177052a35bd is a merge commit
---> Commit message - Merge branch 'master' of https://github.com/cuckoobox/cuckoo
-----------------------------------------------------------------

Merge commit 324 is -> 
{ 31e60656d05e4bb2bd1ae756a054e64b9bc3f471 is a merge commit
---> Commit message - Merge pull request #383 from MITRECND/feature/physical-sandboxes

Physical Machine sandboxes
-----------------------------------------------------------------

Merge commit 325 is -> 
{ f98f0d837ace61c40ba5b2c17ae480237b6a9253 is a merge commit
---> Commit message - Merge pull request #352 from unixfreak0037/max_vms_2

limit number of concurrently executing machines
-----------------------------------------------------------------

Merge commit 326 is -> 
{ 19d286c2d64f7ef597e6675b882a4fbef99b8e80 is a merge commit
---> Commit message - Merge pull request #405 from cuckoobox/sanity

Merge branch: sanity
-----------------------------------------------------------------

Merge commit 327 is -> 
{ 9e9c179c4a0b4f58be3c3dde397cce5c1af6ebd2 is a merge commit
---> Commit message - Merge pull request #402 from cuckoobox/distributed

Merge branch: distributed
-----------------------------------------------------------------

