# of cherry-picks = 53
Cherry-pick diff pair 1 is -> 
{ 0deff3280acc8fe464961c66781befdae8b26cca -> 434c4b0b0e55a1b6335543036272bfaacb81ce99 } is a cherrypick
{ 5cc9c8c8029c31474f61c6e7b7bfe4567feedd1f -> 3d9542204cb4024ea02e695962d3349efad3cb56 }
Cherrypick commits SHA are -> 
434c4b0b0e55a1b6335543036272bfaacb81ce99 - cherrypick - 3d9542204cb4024ea02e695962d3349efad3cb56
---> The cherrypicked commit sha is - 434c4b0b0e55a1b6335543036272bfaacb81ce99
Commit message - Set shadingModel when loading materials
---> The original commit sha is - 3d9542204cb4024ea02e695962d3349efad3cb56
Commit message - Merge branch 'master' of https://github.com/playcanvas/engine
-----------------------------------------------------------------

Cherry-pick diff pair 2 is -> 
{ cae3f5f5356b2bec57852ce6482b86767d1ee265 -> 36b478a92575d5cc6abbe4dbface8beb53f1be5d } is a cherrypick
{ e99a66d3dba22764f2204a7aafb0a8ad3de1f337 -> 1872317f9fdd8d23ae4f9575696012fb2b86ab47 }
Cherrypick commits SHA are -> 
36b478a92575d5cc6abbe4dbface8beb53f1be5d - cherrypick - 1872317f9fdd8d23ae4f9575696012fb2b86ab47
---> The cherrypicked commit sha is - 36b478a92575d5cc6abbe4dbface8beb53f1be5d
Commit message - [FIX] particlesystem component reset function now works for one shots if lifetime is less than reset interval.
---> The original commit sha is - 1872317f9fdd8d23ae4f9575696012fb2b86ab47
Commit message - Merge branch 'master' of github.com:playcanvas/engine
-----------------------------------------------------------------

Cherry-pick diff pair 3 is -> 
{ 4d93e8a654950b875f5c4abd6e57f26be81e9277 -> 9187c1ef98c1a7e7daca4727555c43de683642e7 } is a cherrypick
{ 063fd5dd27aafbf19e3eac858a4e7baeb489099c -> a6641711953856f4f52c63e89227d1c36e4d9d1f }
Cherrypick commits SHA are -> 
9187c1ef98c1a7e7daca4727555c43de683642e7 - cherrypick - a6641711953856f4f52c63e89227d1c36e4d9d1f
---> The cherrypicked commit sha is - 9187c1ef98c1a7e7daca4727555c43de683642e7
Commit message - fix: model component set asset to null on change type to non asset
---> The original commit sha is - a6641711953856f4f52c63e89227d1c36e4d9d1f
Commit message - Merge pull request #78 from guycalledfrank/particle-system-clone-fix

Particle system clone fix
-----------------------------------------------------------------

Cherry-pick diff pair 4 is -> 
{ db5652844b4e56ac88d48354e50046f00093b18c -> 4bd145d5232494f4eaed829c6670e1f4d2140fa5 } is a cherrypick
{ 9c5e019e055522c2bb366aeac23a475823872f72 -> 6f02c6cd4d7f4bab4d46f67fae881fbca7224bce }
Cherrypick commits SHA are -> 
4bd145d5232494f4eaed829c6670e1f4d2140fa5 - cherrypick - 6f02c6cd4d7f4bab4d46f67fae881fbca7224bce
---> The cherrypicked commit sha is - 4bd145d5232494f4eaed829c6670e1f4d2140fa5
Commit message - [FIX] Bug with casting collision object to a btRigidBody in raycastFirst
---> The original commit sha is - 6f02c6cd4d7f4bab4d46f67fae881fbca7224bce
Commit message - Fix for new ammo.js
-----------------------------------------------------------------

Cherry-pick diff pair 5 is -> 
{ 89986be2e6cddcc8e87b11b9ddc4a5da45ed9abf -> 1cb89e87babed0b82a1d77a3d07fb6e3ea086e62 } is a cherrypick
{ 1a13606cd4d046ba19df5139adcfc800e8c79ba8 -> 55b0f9679cda956dbf2d5f2a98fe212ee6563dc8 }
Cherrypick commits SHA are -> 
1cb89e87babed0b82a1d77a3d07fb6e3ea086e62 - cherrypick - 55b0f9679cda956dbf2d5f2a98fe212ee6563dc8
---> The cherrypicked commit sha is - 1cb89e87babed0b82a1d77a3d07fb6e3ea086e62
Commit message - Merge from master
---> The original commit sha is - 55b0f9679cda956dbf2d5f2a98fe212ee6563dc8
Commit message - Merge pull request #60 from playcanvas/feature/global-gamma-correction

Global gamma correction
-----------------------------------------------------------------

Cherry-pick diff pair 6 is -> 
{ 6e97de64768451b90fc60c3ee5c633ab2a06172b -> fef4ab2d2d05652fbe4444b9e61f24ccb558a90e } is a cherrypick
{ f085a53018c059f6d54b94c81d2419dea0b0aeaa -> 92267d5d4f95ed5724c08ab982536ca76c987a1a }
Cherrypick commits SHA are -> 
fef4ab2d2d05652fbe4444b9e61f24ccb558a90e - cherrypick - 92267d5d4f95ed5724c08ab982536ca76c987a1a
---> The cherrypicked commit sha is - fef4ab2d2d05652fbe4444b9e61f24ccb558a90e
Commit message - Added 'plane' model type in the model component
---> The original commit sha is - 92267d5d4f95ed5724c08ab982536ca76c987a1a
Commit message - Merge pull request #59 from playcanvas/feature/model-type-plane

Added 'plane' model type in the model component
-----------------------------------------------------------------

Cherry-pick diff pair 7 is -> 
{ 34054d90dccb0b6a3a8d77373127550e378912f5 -> de5db7cd427960174e9d8aaa9a8778a3f4abb2ce } is a cherrypick
{ 9a89eab2e9309b1485de119b5be639b418b29ce3 -> 1270958df5d0f9b01a46c059a12b1c9f8813ddae }
Cherrypick commits SHA are -> 
de5db7cd427960174e9d8aaa9a8778a3f4abb2ce - cherrypick - 1270958df5d0f9b01a46c059a12b1c9f8813ddae
---> The cherrypicked commit sha is - de5db7cd427960174e9d8aaa9a8778a3f4abb2ce
Commit message - This file is not in use.
---> The original commit sha is - 1270958df5d0f9b01a46c059a12b1c9f8813ddae
Commit message - Merge branch 'shader-system' of https://github.com/guycalledfrank/engine into shader-system
-----------------------------------------------------------------

Cherry-pick diff pair 8 is -> 
{ 1159f895ff6c4dbe610d00851757758bccb1ae15 -> 3d0a26d0177c013b407ce6977484909d98fd9886 } is a cherrypick
{ 33b0645d6672beb60327a79a20b9356c3c4cd8e0 -> 34054d90dccb0b6a3a8d77373127550e378912f5 }
Cherrypick commits SHA are -> 
3d0a26d0177c013b407ce6977484909d98fd9886 - cherrypick - 34054d90dccb0b6a3a8d77373127550e378912f5
---> The cherrypicked commit sha is - 3d0a26d0177c013b407ce6977484909d98fd9886
Commit message - Merge pull request #2 from playcanvas/master

update myself
---> The original commit sha is - 34054d90dccb0b6a3a8d77373127550e378912f5
Commit message - Merge branch 'shader-system' of https://github.com/guycalledfrank/engine into shader-system
-----------------------------------------------------------------

Cherry-pick diff pair 9 is -> 
{ bcc8c974d119ddc0b0ecfed191265e6723239d58 -> e1678fa75892b6d7504ad4bd74af3a5be26ffd28 } is a cherrypick
{ 26d025627f86fab8597cadbb91cb91f5fb18f9f1 -> a82d800d2bdef32e65c164a447a1bed737635330 }
Cherrypick commits SHA are -> 
e1678fa75892b6d7504ad4bd74af3a5be26ffd28 - cherrypick - a82d800d2bdef32e65c164a447a1bed737635330
---> The cherrypicked commit sha is - e1678fa75892b6d7504ad4bd74af3a5be26ffd28
Commit message - Coding Standard changes
Updated public properties to match API

graphLocalOffset -> localOffsetGraph
graphWorldOffset -> offsetGraph

Updated properties to match UI names

deltaRandomness -> speedDiv
deltaRandomnessStatic -> constantSpeedDiv
---> The original commit sha is - a82d800d2bdef32e65c164a447a1bed737635330
Commit message - Revert "Revert "Coding Standard changes""

This reverts commit 26d025627f86fab8597cadbb91cb91f5fb18f9f1.
-----------------------------------------------------------------

Cherry-pick diff pair 10 is -> 
{ 178be052fe9756d339b5b6c0d281fca238eb5830 -> 176a0a75a388b72dca862f3424795a56b9bc982a } is a cherrypick
{ 459d294f8a583384ebc9be214d34e37a51c8118a -> 4ee3c0a9824337e3da9a3b5836300dd2e8b849b7 }
Cherrypick commits SHA are -> 
176a0a75a388b72dca862f3424795a56b9bc982a - cherrypick - 4ee3c0a9824337e3da9a3b5836300dd2e8b849b7
---> The cherrypicked commit sha is - 176a0a75a388b72dca862f3424795a56b9bc982a
Commit message - Use the current Gamepad API

`webkitGetGamepads` is deprecated in recent browser versions. Provide use of the current API if available.
---> The original commit sha is - 4ee3c0a9824337e3da9a3b5836300dd2e8b849b7
Commit message - Merge pull request #38 from Systemcluster/patch-1

Use the current Gamepad API
-----------------------------------------------------------------

Cherry-pick diff pair 11 is -> 
{ d9458c6844ee4b30ff8b00603d5c7976ab8520c9 -> 5a5134a6a31e10b36c021d17a5374d63bf8702af } is a cherrypick
{ 952a1dc4ff757e311d355546f9f2bccc423f4ae6 -> c538993f14a66bd36d9e03adf50f9751ae593cbd }
Cherrypick commits SHA are -> 
5a5134a6a31e10b36c021d17a5374d63bf8702af - cherrypick - c538993f14a66bd36d9e03adf50f9751ae593cbd
---> The cherrypicked commit sha is - 5a5134a6a31e10b36c021d17a5374d63bf8702af
Commit message - Added pc.scene.GraphNode#insertChild, Modified pc.scene.GraphNode#reparent to accept an optional index, Added related tests
---> The original commit sha is - c538993f14a66bd36d9e03adf50f9751ae593cbd
Commit message - Merge pull request #32 from playcanvas/feature/reorder-entities

Allow reordering of Entities
-----------------------------------------------------------------

Cherry-pick diff pair 12 is -> 
{ fa245dcfc9b5b247b8b4bf818fcd293d6c533dee -> e5fdf9ae411c2b4fd8e2d8b729c07d0623446ca9 } is a cherrypick
{ 952a1dc4ff757e311d355546f9f2bccc423f4ae6 -> c538993f14a66bd36d9e03adf50f9751ae593cbd }
Cherrypick commits SHA are -> 
e5fdf9ae411c2b4fd8e2d8b729c07d0623446ca9 - cherrypick - c538993f14a66bd36d9e03adf50f9751ae593cbd
---> The cherrypicked commit sha is - e5fdf9ae411c2b4fd8e2d8b729c07d0623446ca9
Commit message - Merge branch 'master' into feature/reorder-entities
---> The original commit sha is - c538993f14a66bd36d9e03adf50f9751ae593cbd
Commit message - Merge pull request #32 from playcanvas/feature/reorder-entities

Allow reordering of Entities
-----------------------------------------------------------------

Cherry-pick diff pair 13 is -> 
{ 5a5134a6a31e10b36c021d17a5374d63bf8702af -> e8439ee54c793ace3d0290ab8039dc258c0e908c } is a cherrypick
{ e5fdf9ae411c2b4fd8e2d8b729c07d0623446ca9 -> 6e655528066cc456a9325a6a593cd42aa0034deb }
Cherrypick commits SHA are -> 
e8439ee54c793ace3d0290ab8039dc258c0e908c - cherrypick - 6e655528066cc456a9325a6a593cd42aa0034deb
---> The cherrypicked commit sha is - e8439ee54c793ace3d0290ab8039dc258c0e908c
Commit message - [FIX] Negative animation speed now works
---> The original commit sha is - 6e655528066cc456a9325a6a593cd42aa0034deb
Commit message - Merge pull request #33 from playcanvas/feature/negative-animation-speed

[FIX] Negative animation speed now works
-----------------------------------------------------------------

Cherry-pick diff pair 14 is -> 
{ d9458c6844ee4b30ff8b00603d5c7976ab8520c9 -> 5a5134a6a31e10b36c021d17a5374d63bf8702af } is a cherrypick
{ fa245dcfc9b5b247b8b4bf818fcd293d6c533dee -> e5fdf9ae411c2b4fd8e2d8b729c07d0623446ca9 }
Cherrypick commits SHA are -> 
5a5134a6a31e10b36c021d17a5374d63bf8702af - cherrypick - e5fdf9ae411c2b4fd8e2d8b729c07d0623446ca9
---> The cherrypicked commit sha is - 5a5134a6a31e10b36c021d17a5374d63bf8702af
Commit message - Added pc.scene.GraphNode#insertChild, Modified pc.scene.GraphNode#reparent to accept an optional index, Added related tests
---> The original commit sha is - e5fdf9ae411c2b4fd8e2d8b729c07d0623446ca9
Commit message - Merge branch 'master' into feature/reorder-entities
-----------------------------------------------------------------

Cherry-pick diff pair 15 is -> 
{ 1f8fbb3c42500bd452c771ccdf7b602d402cfa3c -> d9458c6844ee4b30ff8b00603d5c7976ab8520c9 } is a cherrypick
{ 666b1f5e2087478f63329d01b7feff1e50bc44b1 -> 74deccae24124671314aa846800c0dac1db2080f }
Cherrypick commits SHA are -> 
d9458c6844ee4b30ff8b00603d5c7976ab8520c9 - cherrypick - 74deccae24124671314aa846800c0dac1db2080f
---> The cherrypicked commit sha is - d9458c6844ee4b30ff8b00603d5c7976ab8520c9
Commit message - Merge pull request #18 from playcanvas/feature/synchronous-clone

Feature/synchronous clone
---> The original commit sha is - 74deccae24124671314aa846800c0dac1db2080f
Commit message - Merge branch 'master' of https://github.com/playcanvas/engine
-----------------------------------------------------------------

Cherry-pick diff pair 16 is -> 
{ 04212aef58da506e259f4125af64ee4c79532a50 -> 41338ab23cf202cc70c5f0c489f1321904b62f8d } is a cherrypick
{ 92ec4e3a9e3625ad63435aa46faab3a98ea7c076 -> 001ed16d4f7b2c493516a8a59016bfb2d00a73a4 }
Cherrypick commits SHA are -> 
41338ab23cf202cc70c5f0c489f1321904b62f8d - cherrypick - 001ed16d4f7b2c493516a8a59016bfb2d00a73a4
---> The cherrypicked commit sha is - 41338ab23cf202cc70c5f0c489f1321904b62f8d
Commit message - Added LINELOOP and TRIFAN graphics primitives
---> The original commit sha is - 001ed16d4f7b2c493516a8a59016bfb2d00a73a4
Commit message - Merge branch 'master' of https://github.com/playcanvas/engine
-----------------------------------------------------------------

Cherry-pick diff pair 17 is -> 
{ 76faa444d5f55e27b2b48eb09cd60869da842b95 -> 0a4a5d0a2634349b30ccc8b1404d64c021ddb7df } is a cherrypick
{ 3c4106ff79d598c5df857d478701dbb68efc37dc -> c5149fa8b5c8ad0e018161e80aa128e2239fa09c }
Cherrypick commits SHA are -> 
0a4a5d0a2634349b30ccc8b1404d64c021ddb7df - cherrypick - c5149fa8b5c8ad0e018161e80aa128e2239fa09c
---> The cherrypicked commit sha is - 0a4a5d0a2634349b30ccc8b1404d64c021ddb7df
Commit message - Update README.md

Explicitly mention building requires Python 2.7
---> The original commit sha is - c5149fa8b5c8ad0e018161e80aa128e2239fa09c
Commit message - Merge branch 'master' of https://github.com/playcanvas/engine
-----------------------------------------------------------------

Cherry-pick diff pair 18 is -> 
{ bdabc6382eabcbbc77af1f495ed0b531ff07d843 -> ac31b161f38bd7813b67b7e89203dcf0015f6a3e } is a cherrypick
{ e15a197f4b99a4675d85345325b300c19ecafea3 -> a6dd2082304751e9aedc10193d5e2a1feb674fd2 }
Cherrypick commits SHA are -> 
ac31b161f38bd7813b67b7e89203dcf0015f6a3e - cherrypick - a6dd2082304751e9aedc10193d5e2a1feb674fd2
---> The cherrypicked commit sha is - ac31b161f38bd7813b67b7e89203dcf0015f6a3e
Commit message - Fixed an incorrect path in the phantomjs run_tests.js wrapper.
---> The original commit sha is - a6dd2082304751e9aedc10193d5e2a1feb674fd2
Commit message - Merge pull request #5 from GreenKittyGames/fix/test_script

Fixed an incorrect path in the phantomjs run_tests.js wrapper.
-----------------------------------------------------------------

Cherry-pick diff pair 19 is -> 
{ d5f46a89f608218e4f8784fa02424be7e9948455 -> 5aa34a3330b676a284090456e05c6a64a7948d97 } is a cherrypick
{ 6c97bb8b6d85bfb3fae86bf817c3c8535d5b1550 -> 407ab1c52e04cbe049dbc6d026b9e76cefd0bde2 }
Cherrypick commits SHA are -> 
5aa34a3330b676a284090456e05c6a64a7948d97 - cherrypick - 407ab1c52e04cbe049dbc6d026b9e76cefd0bde2
---> The cherrypicked commit sha is - 5aa34a3330b676a284090456e05c6a64a7948d97
Commit message - Merge
---> The original commit sha is - 407ab1c52e04cbe049dbc6d026b9e76cefd0bde2
Commit message - Merge branch 'master' of github.com:playcanvas/engine
-----------------------------------------------------------------

Cherry-pick diff pair 20 is -> 
{ 6bc49bfd0b0b8b0706732c5a30c3dba201075054 -> 8332272e9e839296f33c28f128d0df3352779370 } is a cherrypick
{ f864f35c86b72e2420a1ff1101a5a9eedea8a57a -> c81b984a4d3e5bc9a0cc5500a0f3c83d364ba88c }
Cherrypick commits SHA are -> 
8332272e9e839296f33c28f128d0df3352779370 - cherrypick - c81b984a4d3e5bc9a0cc5500a0f3c83d364ba88c
---> The cherrypicked commit sha is - 8332272e9e839296f33c28f128d0df3352779370
Commit message - Merge from default

--HG--
branch : feature/shadow-distance
---> The original commit sha is - c81b984a4d3e5bc9a0cc5500a0f3c83d364ba88c
Commit message - Merged in feature/shadow-distance (pull request #68)

Added shadowDistance property to the scene, beyond which shadows are not rendered.
-----------------------------------------------------------------

Cherry-pick diff pair 21 is -> 
{ b77346a93d93d72379b1c07316f2ce82db6e0c10 -> 9b91e513c3965fe418827dc08bda23348fc70452 } is a cherrypick
{ d433e4ff58fcae5bcb4d25b06b8bbf1410c4b3ed -> 9acbbaa2d926803572e0919d82ac091aca50a8d2 }
Cherrypick commits SHA are -> 
9b91e513c3965fe418827dc08bda23348fc70452 - cherrypick - 9acbbaa2d926803572e0919d82ac091aca50a8d2
---> The cherrypicked commit sha is - 9b91e513c3965fe418827dc08bda23348fc70452
Commit message - Examples link
---> The original commit sha is - 9acbbaa2d926803572e0919d82ac091aca50a8d2
Commit message - merge
-----------------------------------------------------------------

Cherry-pick diff pair 22 is -> 
{ 616e7009cca4938801a44561e671cfe4da49c72f -> bc07214b302c85db3e27f93ea5cdd6338a5dd288 } is a cherrypick
{ 182fdb221f80b4cf74f8be9e2a463dbd17785a09 -> 12292779c4ef0c8003dbc694f89a0eb7105a32a2 }
Cherrypick commits SHA are -> 
bc07214b302c85db3e27f93ea5cdd6338a5dd288 - cherrypick - 12292779c4ef0c8003dbc694f89a0eb7105a32a2
---> The cherrypicked commit sha is - bc07214b302c85db3e27f93ea5cdd6338a5dd288
Commit message - [FIX] Frame buffer clearing now works if flags are zero.
---> The original commit sha is - 12292779c4ef0c8003dbc694f89a0eb7105a32a2
Commit message - Merge
-----------------------------------------------------------------

Cherry-pick diff pair 23 is -> 
{ ffa2d17c2671f391020407262eee15b2c125f37b -> a5fee1d83ed78cf5bccf8aac11b065bc16377d24 } is a cherrypick
{ 288c724519ddeecf3fa4c480a8c490b2e1312385 -> d6ada40232fe1c4dd523ab2e1cce0400ad8df70b }
Cherrypick commits SHA are -> 
a5fee1d83ed78cf5bccf8aac11b065bc16377d24 - cherrypick - d6ada40232fe1c4dd523ab2e1cce0400ad8df70b
---> The cherrypicked commit sha is - a5fee1d83ed78cf5bccf8aac11b065bc16377d24
Commit message - Made camera_component#frameBegin and frameEnd private

--HG--
branch : feature/multiple-cameras
---> The original commit sha is - d6ada40232fe1c4dd523ab2e1cce0400ad8df70b
Commit message - Made frameBegin, frameEnd private again (lost in merge)

--HG--
branch : feature/posteffects
-----------------------------------------------------------------

Cherry-pick diff pair 24 is -> 
{ 3d538cceda0c67c9ede828022f9dc1551f15f4ac -> dbfca12ea01758edd06a7d9b6a052d524fd440ad } is a cherrypick
{ 39e1168851a9b642d550968fd25d3ca748a98757 -> 21cf7c6773010c6e8b82a856ee4b2cb085473db7 }
Cherrypick commits SHA are -> 
dbfca12ea01758edd06a7d9b6a052d524fd440ad - cherrypick - 21cf7c6773010c6e8b82a856ee4b2cb085473db7
---> The cherrypicked commit sha is - dbfca12ea01758edd06a7d9b6a052d524fd440ad
Commit message - [FIX] Bug where entities more than 2 levels deep would not get disabled / enabled correctly on load and on reparenting
---> The original commit sha is - 21cf7c6773010c6e8b82a856ee4b2cb085473db7
Commit message - merge
-----------------------------------------------------------------

Cherry-pick diff pair 25 is -> 
{ 04ff21405132b6ac049af0a05367401f2bc831e3 -> 34bdb90c09e3733db2f22b3eea32bb0b30b973ce } is a cherrypick
{ f852d5a38961594b967db4e2baeed5981ce293bb -> 724aca2181803bd249d54f69af91fd8bd781f9d5 }
Cherrypick commits SHA are -> 
34bdb90c09e3733db2f22b3eea32bb0b30b973ce - cherrypick - 724aca2181803bd249d54f69af91fd8bd781f9d5
---> The cherrypicked commit sha is - 34bdb90c09e3733db2f22b3eea32bb0b30b973ce
Commit message - Remove pc.Quat#slerp2 and make the 2 arg function the only option.
---> The original commit sha is - 724aca2181803bd249d54f69af91fd8bd781f9d5
Commit message - merge
-----------------------------------------------------------------

Cherry-pick diff pair 26 is -> 
{ 0c70d756d6ef9625c666839a3e7872863cc1a2e6 -> 39cbec34b22a175ca11096e9092f46d43a4a37d8 } is a cherrypick
{ 8783e47d95023458b05f836416fc8fb490e8fa57 -> 61b771669e570b5f5814bce1cb0c27f1ba3a4828 }
Cherrypick commits SHA are -> 
39cbec34b22a175ca11096e9092f46d43a4a37d8 - cherrypick - 61b771669e570b5f5814bce1cb0c27f1ba3a4828
---> The cherrypicked commit sha is - 39cbec34b22a175ca11096e9092f46d43a4a37d8
Commit message - Math API fixes

--HG--
branch : feature/math-objects
---> The original commit sha is - 61b771669e570b5f5814bce1cb0c27f1ba3a4828
Commit message - Merge.

--HG--
branch : feature/math-objects
-----------------------------------------------------------------

Cherry-pick diff pair 27 is -> 
{ 52b285ddd10b90491b28f2ebe247794b86388834 -> 8c317d9c964d744be71ec71cb382db68f0aab0ad } is a cherrypick
{ b69da86725cb89c88a4e55bbe8943ffe28ab2145 -> 4d9a3fb82e82d6e63701ffc8b76c705f2ec3ae85 }
Cherrypick commits SHA are -> 
8c317d9c964d744be71ec71cb382db68f0aab0ad - cherrypick - 4d9a3fb82e82d6e63701ffc8b76c705f2ec3ae85
---> The cherrypicked commit sha is - 8c317d9c964d744be71ec71cb382db68f0aab0ad
Commit message - New math API fixes

--HG--
branch : feature/math-objects
---> The original commit sha is - 4d9a3fb82e82d6e63701ffc8b76c705f2ec3ae85
Commit message - Merge.

--HG--
branch : feature/math-objects
-----------------------------------------------------------------

Cherry-pick diff pair 28 is -> 
{ 4021183cc4481906eac7c68d89fab7e4c6ab9716 -> efdff5d934d119c74fd241ac8cb6f18f943f3f42 } is a cherrypick
{ 285ebe36db25393e46d03b1110348ac85863688e -> 267008489d84cc5659916c1a8f2fe93dffdaf180 }
Cherrypick commits SHA are -> 
efdff5d934d119c74fd241ac8cb6f18f943f3f42 - cherrypick - 267008489d84cc5659916c1a8f2fe93dffdaf180
---> The cherrypicked commit sha is - efdff5d934d119c74fd241ac8cb6f18f943f3f42
Commit message - [FIX] collision system cloning issues
---> The original commit sha is - 267008489d84cc5659916c1a8f2fe93dffdaf180
Commit message - Merge.
-----------------------------------------------------------------

Cherry-pick diff pair 29 is -> 
{ e8507eef8b88805b6e766a6163e4b38cb9d193ae -> 39d8f18fe0d6981fc5c75243f54d0f631ea6a21a } is a cherrypick
{ 8992f0566b3159119e9c366c0ac94ba400227618 -> d4b88c535511a5f8a68df62955056227af8d104c }
Cherrypick commits SHA are -> 
39d8f18fe0d6981fc5c75243f54d0f631ea6a21a - cherrypick - d4b88c535511a5f8a68df62955056227af8d104c
---> The cherrypicked commit sha is - 39d8f18fe0d6981fc5c75243f54d0f631ea6a21a
Commit message - Integrated new designer fog settings

--HG--
branch : feature/fog-settings
---> The original commit sha is - d4b88c535511a5f8a68df62955056227af8d104c
Commit message - Merged in feature/fog-settings (pull request #40)

Integrated new designer fog settings
-----------------------------------------------------------------

Cherry-pick diff pair 30 is -> 
{ 247c0b09fe076ca9509c5959a5ca33fb0e3d12e3 -> b189296d814c12c80d5675718873a04c6cf463d1 } is a cherrypick
{ 8992f0566b3159119e9c366c0ac94ba400227618 -> d4b88c535511a5f8a68df62955056227af8d104c }
Cherrypick commits SHA are -> 
b189296d814c12c80d5675718873a04c6cf463d1 - cherrypick - d4b88c535511a5f8a68df62955056227af8d104c
---> The cherrypicked commit sha is - b189296d814c12c80d5675718873a04c6cf463d1
Commit message - Merge with default

--HG--
branch : feature/fog-settings
---> The original commit sha is - d4b88c535511a5f8a68df62955056227af8d104c
Commit message - Merged in feature/fog-settings (pull request #40)

Integrated new designer fog settings
-----------------------------------------------------------------

Cherry-pick diff pair 31 is -> 
{ e8507eef8b88805b6e766a6163e4b38cb9d193ae -> 39d8f18fe0d6981fc5c75243f54d0f631ea6a21a } is a cherrypick
{ 247c0b09fe076ca9509c5959a5ca33fb0e3d12e3 -> b189296d814c12c80d5675718873a04c6cf463d1 }
Cherrypick commits SHA are -> 
39d8f18fe0d6981fc5c75243f54d0f631ea6a21a - cherrypick - b189296d814c12c80d5675718873a04c6cf463d1
---> The cherrypicked commit sha is - 39d8f18fe0d6981fc5c75243f54d0f631ea6a21a
Commit message - Integrated new designer fog settings

--HG--
branch : feature/fog-settings
---> The original commit sha is - b189296d814c12c80d5675718873a04c6cf463d1
Commit message - Merge with default

--HG--
branch : feature/fog-settings
-----------------------------------------------------------------

Cherry-pick diff pair 32 is -> 
{ b804074410c6ee18bd5980c147043b4facb06189 -> d9de1a28f5cf9f8f16bf22c0b539a20232876f64 } is a cherrypick
{ ce9ab38238205673b05c6d7bb247bce0d090b152 -> 107fdd048813ca81e9af5108d51f6cbadc8950e5 }
Cherrypick commits SHA are -> 
d9de1a28f5cf9f8f16bf22c0b539a20232876f64 - cherrypick - 107fdd048813ca81e9af5108d51f6cbadc8950e5
---> The cherrypicked commit sha is - d9de1a28f5cf9f8f16bf22c0b539a20232876f64
Commit message - Added documentation for collision component

--HG--
branch : feature/collision-docs
---> The original commit sha is - 107fdd048813ca81e9af5108d51f6cbadc8950e5
Commit message - merge
-----------------------------------------------------------------

Cherry-pick diff pair 33 is -> 
{ 2844d2add1451341c0365125cfca4ec571add74d -> 28cfd1f1d10ea3222f48359be88abd42a4acd7c2 } is a cherrypick
{ ce9ab38238205673b05c6d7bb247bce0d090b152 -> 107fdd048813ca81e9af5108d51f6cbadc8950e5 }
Cherrypick commits SHA are -> 
28cfd1f1d10ea3222f48359be88abd42a4acd7c2 - cherrypick - 107fdd048813ca81e9af5108d51f6cbadc8950e5
---> The cherrypicked commit sha is - 28cfd1f1d10ea3222f48359be88abd42a4acd7c2
Commit message - Merged in feature/collision-docs (pull request #31)

Added documentation for collision component
---> The original commit sha is - 107fdd048813ca81e9af5108d51f6cbadc8950e5
Commit message - merge
-----------------------------------------------------------------

Cherry-pick diff pair 34 is -> 
{ b804074410c6ee18bd5980c147043b4facb06189 -> d9de1a28f5cf9f8f16bf22c0b539a20232876f64 } is a cherrypick
{ 2844d2add1451341c0365125cfca4ec571add74d -> 28cfd1f1d10ea3222f48359be88abd42a4acd7c2 }
Cherrypick commits SHA are -> 
d9de1a28f5cf9f8f16bf22c0b539a20232876f64 - cherrypick - 28cfd1f1d10ea3222f48359be88abd42a4acd7c2
---> The cherrypicked commit sha is - d9de1a28f5cf9f8f16bf22c0b539a20232876f64
Commit message - Added documentation for collision component

--HG--
branch : feature/collision-docs
---> The original commit sha is - 28cfd1f1d10ea3222f48359be88abd42a4acd7c2
Commit message - Merged in feature/collision-docs (pull request #31)

Added documentation for collision component
-----------------------------------------------------------------

Cherry-pick diff pair 35 is -> 
{ dbe7616ffeefcc546a9dad4a08106609019326f5 -> 0c9c348bcb7f7d645baf423b04e335289529924f } is a cherrypick
{ 024c2282ddf0d4199ad77424b706ef630da54451 -> f03c0e90780bb03af19a1e006d058d854ce5c1df }
Cherrypick commits SHA are -> 
0c9c348bcb7f7d645baf423b04e335289529924f - cherrypick - f03c0e90780bb03af19a1e006d058d854ce5c1df
---> The cherrypicked commit sha is - 0c9c348bcb7f7d645baf423b04e335289529924f
Commit message - Fix collision mesh generation based on new JSON format.

--HG--
branch : feature/json-loader
---> The original commit sha is - f03c0e90780bb03af19a1e006d058d854ce5c1df
Commit message - merge

--HG--
branch : feature/json-loader
-----------------------------------------------------------------

Cherry-pick diff pair 36 is -> 
{ 3d075d98461b900ab03d210a4501c073540c4704 -> 5b467db8e8a6786136972ba47089f07a060047f4 } is a cherrypick
{ 53aaea0e0d5328b300b7664d0546195227848fb4 -> bd0e692e1a90ee9176e307d54617ddf945e5b02a }
Cherrypick commits SHA are -> 
5b467db8e8a6786136972ba47089f07a060047f4 - cherrypick - bd0e692e1a90ee9176e307d54617ddf945e5b02a
---> The cherrypicked commit sha is - 5b467db8e8a6786136972ba47089f07a060047f4
Commit message - pc.gfx.VertexElementType -> pc.gfx.ELEMENTTYPE_
---> The original commit sha is - bd0e692e1a90ee9176e307d54617ddf945e5b02a
Commit message - merge
-----------------------------------------------------------------

Cherry-pick diff pair 37 is -> 
{ 974405043592214691c2cbe785c2b608ce2223e2 -> b01f6a1749308d2033db60bfb1dd7143e0bc6e0b } is a cherrypick
{ 0086f0951b6c90723aeacc35e4ba896897aa9f37 -> b251286b72bbe3f12890ff830a71ae72cc49f9ba }
Cherrypick commits SHA are -> 
b01f6a1749308d2033db60bfb1dd7143e0bc6e0b - cherrypick - b251286b72bbe3f12890ff830a71ae72cc49f9ba
---> The cherrypicked commit sha is - b01f6a1749308d2033db60bfb1dd7143e0bc6e0b
Commit message - Fix mappings of new JSON format vertex attributes to what the phong shader expects.

--HG--
branch : feature/json-loader
---> The original commit sha is - b251286b72bbe3f12890ff830a71ae72cc49f9ba
Commit message - merge

--HG--
branch : feature/json-loader
-----------------------------------------------------------------

Cherry-pick diff pair 38 is -> 
{ 66d144e15cee78a2043d6923d78708bb81706a99 -> 780e293035b8f26536145d1f952192c6cac7f34d } is a cherrypick
{ bf6a0ef24bce4d3c596d04177225b1c9acff9ccf -> 974405043592214691c2cbe785c2b608ce2223e2 }
Cherrypick commits SHA are -> 
780e293035b8f26536145d1f952192c6cac7f34d - cherrypick - 974405043592214691c2cbe785c2b608ce2223e2
---> The cherrypicked commit sha is - 780e293035b8f26536145d1f952192c6cac7f34d
Commit message - Sync hierarchy and bounding boxes on load.
Fix loop bug.

--HG--
branch : feature/json-loader
---> The original commit sha is - 974405043592214691c2cbe785c2b608ce2223e2
Commit message - merge

--HG--
branch : feature/json-loader
-----------------------------------------------------------------

Cherry-pick diff pair 39 is -> 
{ dec7ae657fcd90652a188d02dbd5029fd88e389b -> ebe5e3b8b20bcb30d6c541aa3027036c0a5948a6 } is a cherrypick
{ 3561d0118c493d8ad303e238a8074eac032970f4 -> f284325545c6fc3f3f122bf0accb108d26355236 }
Cherrypick commits SHA are -> 
ebe5e3b8b20bcb30d6c541aa3027036c0a5948a6 - cherrypick - f284325545c6fc3f3f122bf0accb108d26355236
---> The cherrypicked commit sha is - ebe5e3b8b20bcb30d6c541aa3027036c0a5948a6
Commit message - Support opacity maps on shadow casters (useful for alpha tested foliage).
---> The original commit sha is - f284325545c6fc3f3f122bf0accb108d26355236
Commit message - merge
-----------------------------------------------------------------

Cherry-pick diff pair 40 is -> 
{ 287ad02d27abb94587ebab5e81c5627c22d338f2 -> 40bf74203cc28543a961e3a78c6d13ab4297fb7c } is a cherrypick
{ 7ddf559993d77d621e4109eb563079a197349e35 -> 3c090632e0ea1e18532510d0d657af6ffbc31a5f }
Cherrypick commits SHA are -> 
40bf74203cc28543a961e3a78c6d13ab4297fb7c - cherrypick - 3c090632e0ea1e18532510d0d657af6ffbc31a5f
---> The cherrypicked commit sha is - 40bf74203cc28543a961e3a78c6d13ab4297fb7c
Commit message - Update body3d entity transforms after stepping the simulation.
---> The original commit sha is - 3c090632e0ea1e18532510d0d657af6ffbc31a5f
Commit message - merge
-----------------------------------------------------------------

Cherry-pick diff pair 41 is -> 
{ 0d6df8a02bc9d074f9a7fc816d4a56d597435816 -> f7c9f6a0e8fd8580e52be61bf277096911810b2f } is a cherrypick
{ 68f51ba57480d9f8d5e9643fe7a15e36213921bb -> 01fa92708a07ef9e762ba5db77d6ec73ac12c8fd }
Cherrypick commits SHA are -> 
f7c9f6a0e8fd8580e52be61bf277096911810b2f - cherrypick - 01fa92708a07ef9e762ba5db77d6ec73ac12c8fd
---> The cherrypicked commit sha is - f7c9f6a0e8fd8580e52be61bf277096911810b2f
Commit message - Set correct filter/address modes on pick buffer texture.
---> The original commit sha is - 01fa92708a07ef9e762ba5db77d6ec73ac12c8fd
Commit message - merge
-----------------------------------------------------------------

Cherry-pick diff pair 42 is -> 
{ 663d73bdd9fdc50d500d1f5522cd49db69b9449e -> d5d210c211e403c3a23e4d39496239a40ffdb91f } is a cherrypick
{ c0e3e66a48a20b7ed1e9e9a6a3281d489899791b -> b40d55c580059ffb85a44b7c57fb5f6860aa4c11 }
Cherrypick commits SHA are -> 
d5d210c211e403c3a23e4d39496239a40ffdb91f - cherrypick - b40d55c580059ffb85a44b7c57fb5f6860aa4c11
---> The cherrypicked commit sha is - d5d210c211e403c3a23e4d39496239a40ffdb91f
Commit message - merge
---> The original commit sha is - b40d55c580059ffb85a44b7c57fb5f6860aa4c11
Commit message - Merge.
-----------------------------------------------------------------

Cherry-pick diff pair 43 is -> 
{ 386c21e632578123bbece240eb9fb216adf13228 -> 67e5b528757f83a282ebaed26e50a8c5631ab8a6 } is a cherrypick
{ ae34df2dedfafd7bdd0682a7eda9d01deecf0a94 -> bf48d74b4dd7a4b237c0736e08b666d47f417d6f }
Cherrypick commits SHA are -> 
67e5b528757f83a282ebaed26e50a8c5631ab8a6 - cherrypick - bf48d74b4dd7a4b237c0736e08b666d47f417d6f
---> The cherrypicked commit sha is - 67e5b528757f83a282ebaed26e50a8c5631ab8a6
Commit message - merge
---> The original commit sha is - bf48d74b4dd7a4b237c0736e08b666d47f417d6f
Commit message - Merge.
-----------------------------------------------------------------

Cherry-pick diff pair 44 is -> 
{ 74af70c28400f70f776d6fbeda51422486b2c5a0 -> 6068592689413021e3e584e99b3d1ebf2d133c07 } is a cherrypick
{ bfb826a482df701f92c6ec1e3348403833fcf43f -> 9cceca45b3857ace384539416b14d36bdf8d8b8f }
Cherrypick commits SHA are -> 
6068592689413021e3e584e99b3d1ebf2d133c07 - cherrypick - 9cceca45b3857ace384539416b14d36bdf8d8b8f
---> The cherrypicked commit sha is - 6068592689413021e3e584e99b3d1ebf2d133c07
Commit message - Added 'rgb' and 'rgba' types for component properties which are colors
---> The original commit sha is - 9cceca45b3857ace384539416b14d36bdf8d8b8f
Commit message - Merge.
-----------------------------------------------------------------

Cherry-pick diff pair 45 is -> 
{ 3c033e2cebcae5d14997007ea9c4a03ad11165f8 -> be8b7031742c7bc5377adbff2f2eb457d28e9d10 } is a cherrypick
{ 3c7aa1d57c149a8062c79a4a2d986acd6ffd76d3 -> 17d75f0501eb8d4ae9dc83da4af37da230a176bb }
Cherrypick commits SHA are -> 
be8b7031742c7bc5377adbff2f2eb457d28e9d10 - cherrypick - 17d75f0501eb8d4ae9dc83da4af37da230a176bb
---> The cherrypicked commit sha is - be8b7031742c7bc5377adbff2f2eb457d28e9d10
Commit message - Merge.
---> The original commit sha is - 17d75f0501eb8d4ae9dc83da4af37da230a176bb
Commit message - Added MeshNode API for setting casting and receiving of shadows.
-----------------------------------------------------------------

Cherry-pick diff pair 46 is -> 
{ 538f27a0761081e38c68054f24e6c84dd11fd448 -> 2225821b97f994f461c621ca5c1d04a0ec504fce } is a cherrypick
{ 593edfc73b424534a7682460b90c4787487a14f7 -> 800b71522ea2ca3b1e04762698ced960a46b87ed }
Cherrypick commits SHA are -> 
2225821b97f994f461c621ca5c1d04a0ec504fce - cherrypick - 800b71522ea2ca3b1e04762698ced960a46b87ed
---> The cherrypicked commit sha is - 2225821b97f994f461c621ca5c1d04a0ec504fce
Commit message - Spot lights now officially supported in the engine.
---> The original commit sha is - 800b71522ea2ca3b1e04762698ced960a46b87ed
Commit message - merge
-----------------------------------------------------------------

Cherry-pick diff pair 47 is -> 
{ 27b53cc65914d3fdcef615d8258c2de74be9477e -> c85d4991f0721a5080692f1843b1029dc0673915 } is a cherrypick
{ 81d89bb24037bd3bd13d06d4f74f3858112d6313 -> 08ea2b51f4363365dfea3d3b50ba76995b01dc4f }
Cherrypick commits SHA are -> 
c85d4991f0721a5080692f1843b1029dc0673915 - cherrypick - 08ea2b51f4363365dfea3d3b50ba76995b01dc4f
---> The cherrypicked commit sha is - c85d4991f0721a5080692f1843b1029dc0673915
Commit message - Merge.
---> The original commit sha is - 08ea2b51f4363365dfea3d3b50ba76995b01dc4f
Commit message - merge
-----------------------------------------------------------------

Cherry-pick diff pair 48 is -> 
{ aa6a3d43ffc6bd4b728acfe49af2e3971a17bc4b -> 73368f587940a63be78b4732603972ce43a01cdf } is a cherrypick
{ 1ea357bc5146e426d54671e6e38fee885ecaa1b4 -> b55e3cf8a8e78ca384803d4d45618682360c9e56 }
Cherrypick commits SHA are -> 
73368f587940a63be78b4732603972ce43a01cdf - cherrypick - b55e3cf8a8e78ca384803d4d45618682360c9e56
---> The cherrypicked commit sha is - 73368f587940a63be78b4732603972ce43a01cdf
Commit message - [FIX] a couple of leaked globals in graphnode and script_component
---> The original commit sha is - b55e3cf8a8e78ca384803d4d45618682360c9e56
Commit message - merge
-----------------------------------------------------------------

Cherry-pick diff pair 49 is -> 
{ e341dc0dc4c9ca52fe8464a01cb8ebbc2c50fbf8 -> 8c45ea98efa0784211757db7801aec7491ed0f7a } is a cherrypick
{ 1ea357bc5146e426d54671e6e38fee885ecaa1b4 -> b55e3cf8a8e78ca384803d4d45618682360c9e56 }
Cherrypick commits SHA are -> 
8c45ea98efa0784211757db7801aec7491ed0f7a - cherrypick - b55e3cf8a8e78ca384803d4d45618682360c9e56
---> The cherrypicked commit sha is - 8c45ea98efa0784211757db7801aec7491ed0f7a
Commit message - merge
---> The original commit sha is - b55e3cf8a8e78ca384803d4d45618682360c9e56
Commit message - merge
-----------------------------------------------------------------

Cherry-pick diff pair 50 is -> 
{ aa6a3d43ffc6bd4b728acfe49af2e3971a17bc4b -> 73368f587940a63be78b4732603972ce43a01cdf } is a cherrypick
{ e341dc0dc4c9ca52fe8464a01cb8ebbc2c50fbf8 -> 8c45ea98efa0784211757db7801aec7491ed0f7a }
Cherrypick commits SHA are -> 
73368f587940a63be78b4732603972ce43a01cdf - cherrypick - 8c45ea98efa0784211757db7801aec7491ed0f7a
---> The cherrypicked commit sha is - 73368f587940a63be78b4732603972ce43a01cdf
Commit message - [FIX] a couple of leaked globals in graphnode and script_component
---> The original commit sha is - 8c45ea98efa0784211757db7801aec7491ed0f7a
Commit message - merge
-----------------------------------------------------------------

Cherry-pick diff pair 51 is -> 
{ 1df8e65b5d989f891c919b3168f0885c61e93ca5 -> 2048a505622f4115d8514d22f6efb730deef5f01 } is a cherrypick
{ 1e38f37299beb87e344705bc6bf0f5291fe1beab -> aa6a3d43ffc6bd4b728acfe49af2e3971a17bc4b }
Cherrypick commits SHA are -> 
2048a505622f4115d8514d22f6efb730deef5f01 - cherrypick - aa6a3d43ffc6bd4b728acfe49af2e3971a17bc4b
---> The cherrypicked commit sha is - 2048a505622f4115d8514d22f6efb730deef5f01
Commit message - [FIX] Animation component can handle empty guid list
Added type: model field to expose options in model asset so tools only show model assets
---> The original commit sha is - aa6a3d43ffc6bd4b728acfe49af2e3971a17bc4b
Commit message - Merge.
-----------------------------------------------------------------

Cherry-pick diff pair 52 is -> 
{ 02c0a53b18705b13324e98a840fcfcf0417fa420 -> cacb8fae5ab98a6d8fdde6f619a12d46654850a3 } is a cherrypick
{ 4c6d9baa0382321e7aea428f2fa37808934ce9b3 -> 013758a598fe78458896a520c5ede1fcadc55962 }
Cherrypick commits SHA are -> 
cacb8fae5ab98a6d8fdde6f619a12d46654850a3 - cherrypick - 013758a598fe78458896a520c5ede1fcadc55962
---> The cherrypicked commit sha is - cacb8fae5ab98a6d8fdde6f619a12d46654850a3
Commit message - Handler for OPEN_ENTITY messages correctly handles new entities which have their parent id set, by inserting them _if_ the parent is not in the new entity list but is in the hierarchy
---> The original commit sha is - 013758a598fe78458896a520c5ede1fcadc55962
Commit message - Merge.
-----------------------------------------------------------------

Cherry-pick diff pair 53 is -> 
{ 257cbb8fed7c46c72e0969a29c3bbb63fe7895db -> 5c682530b23b1541fa78f5fa815058e43eb6aa0d } is a cherrypick
{ 30453fd8cf390046e209b4e6ed72e0d4fee516c9 -> 45b2e1e9efc0d18500dfdb98e98b30ba407af452 }
Cherrypick commits SHA are -> 
5c682530b23b1541fa78f5fa815058e43eb6aa0d - cherrypick - 45b2e1e9efc0d18500dfdb98e98b30ba407af452
---> The cherrypicked commit sha is - 5c682530b23b1541fa78f5fa815058e43eb6aa0d
Commit message - ALERT: Changed the JSON format! Now index buffer is per geometry, not per submesh. This means fewer buffer sets and paves the way for splitting buffer data into a separate datafile.
---> The original commit sha is - 45b2e1e9efc0d18500dfdb98e98b30ba407af452
Commit message - merge
-----------------------------------------------------------------

