# of cherry-picks = 78
Cherry-pick diff pair 1 is -> 
{ a4187dd80a662ee0f2677ae92aec6122ed847c3b -> 76d2f9e6d6478c4303c9a5fc96234227ccf69353 } is a cherrypick
{ 7df9cb15cb2eaf330173fa0a612ff1dec9791930 -> c6850b2290663e172991ae18f00159b722b9dfd1 }
Cherrypick commits SHA are -> 
76d2f9e6d6478c4303c9a5fc96234227ccf69353 - cherrypick - c6850b2290663e172991ae18f00159b722b9dfd1
---> The cherrypicked commit sha is - 76d2f9e6d6478c4303c9a5fc96234227ccf69353
Commit message - Build: Fix md to html conversion regex (fixes #1525)
---> The original commit sha is - c6850b2290663e172991ae18f00159b722b9dfd1
Commit message - Merge pull request #1526 from btmills/links

Build: Fix md to html conversion regex (fixes #1525)
-----------------------------------------------------------------

Cherry-pick diff pair 2 is -> 
{ ce135db57f3dc240458ec7a4a67b0fb39eb131fd -> b8c1a6f70e08dbb9b786d38e2d705184dc00e605 } is a cherrypick
{ 343382a120b39a636c324403c8d397ba09d2386c -> e50893e85b6369d413d05e486ee8d0e25701aa0b }
Cherrypick commits SHA are -> 
b8c1a6f70e08dbb9b786d38e2d705184dc00e605 - cherrypick - e50893e85b6369d413d05e486ee8d0e25701aa0b
---> The cherrypicked commit sha is - b8c1a6f70e08dbb9b786d38e2d705184dc00e605
Commit message - Fix: no-fallthrough should work when semis are missing (fixes #1447)
---> The original commit sha is - e50893e85b6369d413d05e486ee8d0e25701aa0b
Commit message - Merge pull request #1502 from eslint/issue1452

Fix: Don't explode on directory traversal (fixes #1452)
-----------------------------------------------------------------

Cherry-pick diff pair 3 is -> 
{ fb6442e07ab8b7015f9c059a324ba932d368815c -> 03f0b6495bac4adc59b1d4fc6b1522f16ffedf62 } is a cherrypick
{ eeb0a12865f0d132d2861ac289af8f8c9eac8297 -> 4911b0baa7f05d3b095436306de249494b720045 }
Cherrypick commits SHA are -> 
03f0b6495bac4adc59b1d4fc6b1522f16ffedf62 - cherrypick - 4911b0baa7f05d3b095436306de249494b720045
---> The cherrypicked commit sha is - 03f0b6495bac4adc59b1d4fc6b1522f16ffedf62
Commit message - Update: allow distinct alignment groups in key-spacing (fixes #1439)
---> The original commit sha is - 4911b0baa7f05d3b095436306de249494b720045
Commit message - Merge pull request #1463 from btmills/issue1439

Update: allow distinct alignment groups in key-spacing (fixes #1439)
-----------------------------------------------------------------

Cherry-pick diff pair 4 is -> 
{ 4f3670bc04f8a1f89d5803fa6f7b6cb1d585e71a -> eb2f03dc869d74ba97869f92fef2c38845768746 } is a cherrypick
{ 5ce2613f57398cf04d768b2ad317035796fbe655 -> 1a35118ad761256f1bdede35cb1c8481d7a094e1 }
Cherrypick commits SHA are -> 
eb2f03dc869d74ba97869f92fef2c38845768746 - cherrypick - 1a35118ad761256f1bdede35cb1c8481d7a094e1
---> The cherrypicked commit sha is - eb2f03dc869d74ba97869f92fef2c38845768746
Commit message - Build: Add check for license issues (fixes #782)
---> The original commit sha is - 1a35118ad761256f1bdede35cb1c8481d7a094e1
Commit message - Merge pull request #1467 from btmills/license

Build: Add check for license issues (fixes #782)
-----------------------------------------------------------------

Cherry-pick diff pair 5 is -> 
{ 76251eee95239b115065489405df792f67a339e8 -> 465da886cd5c48dccba49fff4bd8acee66169b48 } is a cherrypick
{ 691cbbd1cc0244366f4bc8fbcf18a9891f4ddfa6 -> 7dcfb8ccb2b76f79f7e359a09ab42be844dabb07 }
Cherrypick commits SHA are -> 
465da886cd5c48dccba49fff4bd8acee66169b48 - cherrypick - 7dcfb8ccb2b76f79f7e359a09ab42be844dabb07
---> The cherrypicked commit sha is - 465da886cd5c48dccba49fff4bd8acee66169b48
Commit message - Build: Escape period in regex (fixes #1428)
---> The original commit sha is - 7dcfb8ccb2b76f79f7e359a09ab42be844dabb07
Commit message - Merge pull request #1432 from btmills/issue1428

Build: Escape period in regex (fixes #1428)
-----------------------------------------------------------------

Cherry-pick diff pair 6 is -> 
{ 6f23923dc6ddffd2aab3ceefc862bf7e7d00fcc6 -> 9d0f0128c08cfa436ad71ebb7ea39f69dd6f6b2c } is a cherrypick
{ f429b55909efd86c62b8af7d3631bdecd39e53c1 -> 1fbe482b6356857f33cf6161266af80590120f62 }
Cherrypick commits SHA are -> 
9d0f0128c08cfa436ad71ebb7ea39f69dd6f6b2c - cherrypick - 1fbe482b6356857f33cf6161266af80590120f62
---> The cherrypicked commit sha is - 9d0f0128c08cfa436ad71ebb7ea39f69dd6f6b2c
Commit message - Fix: add severity flag for ignored file warning (fixes #1401)
---> The original commit sha is - 1fbe482b6356857f33cf6161266af80590120f62
Commit message - Merge pull request #1410 from eslint/issue1401

Fix: add severity flag for ignored file warning (fixes #1401)
-----------------------------------------------------------------

Cherry-pick diff pair 7 is -> 
{ 31abc9eaae058ec166f96f37cf3c8c4aa0b46342 -> 5b52e68788ce5c0db93e15eec4bab01fbfeb71fa } is a cherrypick
{ f6521aca6e08203852d96d6f6465854e9c60aadc -> d22cd99082aae96fe44097c13bf135622bc9c180 }
Cherrypick commits SHA are -> 
5b52e68788ce5c0db93e15eec4bab01fbfeb71fa - cherrypick - d22cd99082aae96fe44097c13bf135622bc9c180
---> The cherrypicked commit sha is - 5b52e68788ce5c0db93e15eec4bab01fbfeb71fa
Commit message - Fix: disable colors during test run (fixes #1395)
---> The original commit sha is - d22cd99082aae96fe44097c13bf135622bc9c180
Commit message - Merge pull request #1399 from eslint/issue1397

Fix: check switch statements in space-before-blocks (fixes #1397)
-----------------------------------------------------------------

Cherry-pick diff pair 8 is -> 
{ 77e9ac6013f95d10c0312775accd5ef013fb30c8 -> 29073d62e8303605d4219ee80170933d5cc68c17 } is a cherrypick
{ f6521aca6e08203852d96d6f6465854e9c60aadc -> d22cd99082aae96fe44097c13bf135622bc9c180 }
Cherrypick commits SHA are -> 
29073d62e8303605d4219ee80170933d5cc68c17 - cherrypick - d22cd99082aae96fe44097c13bf135622bc9c180
---> The cherrypicked commit sha is - 29073d62e8303605d4219ee80170933d5cc68c17
Commit message - Merge pull request #1396 from eslint/issue1395

Fix: disable colors during test run (fixes #1395)
---> The original commit sha is - d22cd99082aae96fe44097c13bf135622bc9c180
Commit message - Merge pull request #1399 from eslint/issue1397

Fix: check switch statements in space-before-blocks (fixes #1397)
-----------------------------------------------------------------

Cherry-pick diff pair 9 is -> 
{ 31abc9eaae058ec166f96f37cf3c8c4aa0b46342 -> 5b52e68788ce5c0db93e15eec4bab01fbfeb71fa } is a cherrypick
{ 77e9ac6013f95d10c0312775accd5ef013fb30c8 -> 29073d62e8303605d4219ee80170933d5cc68c17 }
Cherrypick commits SHA are -> 
5b52e68788ce5c0db93e15eec4bab01fbfeb71fa - cherrypick - 29073d62e8303605d4219ee80170933d5cc68c17
---> The cherrypicked commit sha is - 5b52e68788ce5c0db93e15eec4bab01fbfeb71fa
Commit message - Fix: disable colors during test run (fixes #1395)
---> The original commit sha is - 29073d62e8303605d4219ee80170933d5cc68c17
Commit message - Merge pull request #1396 from eslint/issue1395

Fix: disable colors during test run (fixes #1395)
-----------------------------------------------------------------

Cherry-pick diff pair 10 is -> 
{ 498053d9c143d5591ac48eaf35bdd703c54bb465 -> 672891ae6fbe0c15d6c5759ac086c3800996fe32 } is a cherrypick
{ 3607b6fd6ba5db84d1cf24d53b3f63898e85bbc6 -> 31abc9eaae058ec166f96f37cf3c8c4aa0b46342 }
Cherrypick commits SHA are -> 
672891ae6fbe0c15d6c5759ac086c3800996fe32 - cherrypick - 31abc9eaae058ec166f96f37cf3c8c4aa0b46342
---> The cherrypicked commit sha is - 672891ae6fbe0c15d6c5759ac086c3800996fe32
Commit message - Docs: Documents the functionality to load a custom formatter from a file
---> The original commit sha is - 31abc9eaae058ec166f96f37cf3c8c4aa0b46342
Commit message - Merge pull request #1394 from eslint/issue1392

New: add isPathIgnored method to CLIEngine (fixes #1392)
-----------------------------------------------------------------

Cherry-pick diff pair 11 is -> 
{ b4dc18a8487721298b292595a3cce5e6bd6d198e -> 5b0e1ed4aaace7b49b1b6d04669c9b1db95dd440 } is a cherrypick
{ 3607b6fd6ba5db84d1cf24d53b3f63898e85bbc6 -> 31abc9eaae058ec166f96f37cf3c8c4aa0b46342 }
Cherrypick commits SHA are -> 
5b0e1ed4aaace7b49b1b6d04669c9b1db95dd440 - cherrypick - 31abc9eaae058ec166f96f37cf3c8c4aa0b46342
---> The cherrypicked commit sha is - 5b0e1ed4aaace7b49b1b6d04669c9b1db95dd440
Commit message - Merge pull request #1393 from evilpacket/master

Document the functionality to load a custom formatter from a file
---> The original commit sha is - 31abc9eaae058ec166f96f37cf3c8c4aa0b46342
Commit message - Merge pull request #1394 from eslint/issue1392

New: add isPathIgnored method to CLIEngine (fixes #1392)
-----------------------------------------------------------------

Cherry-pick diff pair 12 is -> 
{ 498053d9c143d5591ac48eaf35bdd703c54bb465 -> 672891ae6fbe0c15d6c5759ac086c3800996fe32 } is a cherrypick
{ b4dc18a8487721298b292595a3cce5e6bd6d198e -> 5b0e1ed4aaace7b49b1b6d04669c9b1db95dd440 }
Cherrypick commits SHA are -> 
672891ae6fbe0c15d6c5759ac086c3800996fe32 - cherrypick - 5b0e1ed4aaace7b49b1b6d04669c9b1db95dd440
---> The cherrypicked commit sha is - 672891ae6fbe0c15d6c5759ac086c3800996fe32
Commit message - Docs: Documents the functionality to load a custom formatter from a file
---> The original commit sha is - 5b0e1ed4aaace7b49b1b6d04669c9b1db95dd440
Commit message - Merge pull request #1393 from evilpacket/master

Document the functionality to load a custom formatter from a file
-----------------------------------------------------------------

Cherry-pick diff pair 13 is -> 
{ 5a4f9fec8d256a4e7bddb258fe4e7ce24bd3579f -> 367cef0c53c48e1a460af234e8caedf8376501d5 } is a cherrypick
{ 90993349e560d24df1d5e8d70db30f373300b9a8 -> 1ade76ec65e261fe43aebc5ebf4b9fcb952d354d }
Cherrypick commits SHA are -> 
367cef0c53c48e1a460af234e8caedf8376501d5 - cherrypick - 1ade76ec65e261fe43aebc5ebf4b9fcb952d354d
---> The cherrypicked commit sha is - 367cef0c53c48e1a460af234e8caedf8376501d5
Commit message - Update: Added arraysInObjects and objectsInObjects options to space-in-brackets rule (fixes #1265, fixes #1302)
---> The original commit sha is - 1ade76ec65e261fe43aebc5ebf4b9fcb952d354d
Commit message - Merge pull request #1367 from eslint/issue1343

Fix: Ensure messages are sorted by line (fixes #1343)
-----------------------------------------------------------------

Cherry-pick diff pair 14 is -> 
{ cee3c08cf1bb6ec000514e27a2dd0e561df968ab -> a8e8c5fe2efc6546bdf51b33c64ccf5939433904 } is a cherrypick
{ 5ccc8747bfb03e4c98a15073970998420322fac7 -> c328b6574fbfa718d0a50b92976cf3315828e607 }
Cherrypick commits SHA are -> 
a8e8c5fe2efc6546bdf51b33c64ccf5939433904 - cherrypick - c328b6574fbfa718d0a50b92976cf3315828e607
---> The cherrypicked commit sha is - a8e8c5fe2efc6546bdf51b33c64ccf5939433904
Commit message - New: Added comma-spacing rule (Fixes #628, Fixes #1319)
---> The original commit sha is - c328b6574fbfa718d0a50b92976cf3315828e607
Commit message - Merge pull request #1320 from vegetableman/fix-comma-spacing

Fix: remove comma spacing related errors on eslint (fixes #1319)
-----------------------------------------------------------------

Cherry-pick diff pair 15 is -> 
{ 70950fd3cbcad3c7de72fe39f789cf4af3a9cc3e -> 528d390552c3586d7395605f325390c87e6e4c75 } is a cherrypick
{ 2c4fb2560cb53fdee7a7c500314c3102e1658139 -> 5ccc8747bfb03e4c98a15073970998420322fac7 }
Cherrypick commits SHA are -> 
528d390552c3586d7395605f325390c87e6e4c75 - cherrypick - 5ccc8747bfb03e4c98a15073970998420322fac7
---> The cherrypicked commit sha is - 528d390552c3586d7395605f325390c87e6e4c75
Commit message - New: add spaced-line-comment rule (fixes #1345)
---> The original commit sha is - 5ccc8747bfb03e4c98a15073970998420322fac7
Commit message - Merge pull request #1349 from gcochard/master

New: add spaced-line-comment rule (fixes #1345)
-----------------------------------------------------------------

Cherry-pick diff pair 16 is -> 
{ dfcfcf2a6437a3c16219781ca07028df3c786d05 -> fc0cdd4adff2bf182c3e1708d27f9ccf8d712882 } is a cherrypick
{ 5d01faea61506f4e7448b563f1af00f16e13d078 -> 099a3ee1c1a7a5d61e96f0e47b5501ec389cb7ab }
Cherrypick commits SHA are -> 
fc0cdd4adff2bf182c3e1708d27f9ccf8d712882 - cherrypick - 099a3ee1c1a7a5d61e96f0e47b5501ec389cb7ab
---> The cherrypicked commit sha is - fc0cdd4adff2bf182c3e1708d27f9ccf8d712882
Commit message - Docs: added more Related Rules sections (fixes #1347)
---> The original commit sha is - 099a3ee1c1a7a5d61e96f0e47b5501ec389cb7ab
Commit message - Merge pull request #1335 from btmills/key-spacing

New: Add key-spacing rule (fixes #1280)
-----------------------------------------------------------------

Cherry-pick diff pair 17 is -> 
{ 4badfb5ade4c3c28c79fecd0f373e74ca3696a5b -> 8ca916902343f6dcae3d5253623f2438bfa85591 } is a cherrypick
{ 9efa0348638b870738e5367a786a696a9693ce31 -> da6d126b27d90a730dc0741636f5eb405d9bb97e }
Cherrypick commits SHA are -> 
8ca916902343f6dcae3d5253623f2438bfa85591 - cherrypick - da6d126b27d90a730dc0741636f5eb405d9bb97e
---> The cherrypicked commit sha is - 8ca916902343f6dcae3d5253623f2438bfa85591
Commit message - Fix: Load .eslintrc in directory with $HOME as an ancestor (fixes #1266)
---> The original commit sha is - da6d126b27d90a730dc0741636f5eb405d9bb97e
Commit message - Merge pull request #1267 from beaugunderson/master

Fix: Load .eslintrc in directory with $HOME as an ancestor (fixes #1266)
-----------------------------------------------------------------

Cherry-pick diff pair 18 is -> 
{ 1ae31042e64c58864804db69ebc2f49ce98112ef -> 863efa21fda213ab51e950b536176023bf9e1659 } is a cherrypick
{ bd42b1a6f1ccdcb8c38d930952ac320cf627b051 -> 55a519f1464eb10bbcf79bb59716cf10ac8fbc19 }
Cherrypick commits SHA are -> 
863efa21fda213ab51e950b536176023bf9e1659 - cherrypick - 55a519f1464eb10bbcf79bb59716cf10ac8fbc19
---> The cherrypicked commit sha is - 863efa21fda213ab51e950b536176023bf9e1659
Commit message - Docs: Fixed a typo in brace-style.md
---> The original commit sha is - 55a519f1464eb10bbcf79bb59716cf10ac8fbc19
Commit message - Merge pull request #1226 from syndbg/patch-1

Docs: Fixed a typo in brace-style.md
-----------------------------------------------------------------

Cherry-pick diff pair 19 is -> 
{ 4b378f99378928550075d67d35acbdca5056b367 -> ce5aaccc347fbc8714f35abc56fe8dae89355a67 } is a cherrypick
{ 5f224877efb943eeccfbcb1d00d36a0262f182d6 -> 2c40b71748392aa3f8b291e9f86c75afe0910b51 }
Cherrypick commits SHA are -> 
ce5aaccc347fbc8714f35abc56fe8dae89355a67 - cherrypick - 2c40b71748392aa3f8b291e9f86c75afe0910b51
---> The cherrypicked commit sha is - ce5aaccc347fbc8714f35abc56fe8dae89355a67
Commit message - Merge pull request #1219 from michaelficarra/GH-1212-no-unused-vars

Fix: rewrite no-unused-vars rule (refs #1212)
---> The original commit sha is - 2c40b71748392aa3f8b291e9f86c75afe0910b51
Commit message - Merge pull request #1221 from michaelficarra/GH-1220

Fix: no-fallthrough: continue affects control flow, too (fixes #1220)
-----------------------------------------------------------------

Cherry-pick diff pair 20 is -> 
{ c2a229348a90b6e054605fa847fcea39f53175a0 -> 137b4ddcf1592ee5518defb6cc44207c22c51f7d } is a cherrypick
{ 106ebeff4eb5f625a17d7e05201488abcaff3110 -> f9fee97b3afa41c5f47d5a7b9707c2cd09229c73 }
Cherrypick commits SHA are -> 
137b4ddcf1592ee5518defb6cc44207c22c51f7d - cherrypick - f9fee97b3afa41c5f47d5a7b9707c2cd09229c73
---> The cherrypicked commit sha is - 137b4ddcf1592ee5518defb6cc44207c22c51f7d
Commit message - Fix: Speed up tokens API (refs #1212)
---> The original commit sha is - f9fee97b3afa41c5f47d5a7b9707c2cd09229c73
Commit message - Merge pull request #1208 from gyandeeps/eslint-var-on-top

New:  Adding 'vars-on-top' rule (fixes #1148)
-----------------------------------------------------------------

Cherry-pick diff pair 21 is -> 
{ 7cd07e57df2a79932f4a372199f1d5cc06313cf0 -> 3b78830f64c5c53e1692f1a2cd58e1206274996c } is a cherrypick
{ e9d4b319cf95f4917b2f2e009c2ff6f9dfa08fad -> c2a229348a90b6e054605fa847fcea39f53175a0 }
Cherrypick commits SHA are -> 
3b78830f64c5c53e1692f1a2cd58e1206274996c - cherrypick - c2a229348a90b6e054605fa847fcea39f53175a0
---> The cherrypicked commit sha is - 3b78830f64c5c53e1692f1a2cd58e1206274996c
Commit message - Fix: no-unused-expressions better directive detection (fixes #1195)
---> The original commit sha is - c2a229348a90b6e054605fa847fcea39f53175a0
Commit message - Merge pull request #1196 from michaelficarra/GH-1195

Fix: no-unused-expressions better directive detection (fixes #1195)
-----------------------------------------------------------------

Cherry-pick diff pair 22 is -> 
{ 6397ca6c4a92fbf415193a4c06c6ea7266675d89 -> 79dba5b0debf87c72d71270457232a54707a6dc0 } is a cherrypick
{ 86ef4c1a1d3ff25ce732b2342289ede8e5d2accf -> e9d4b319cf95f4917b2f2e009c2ff6f9dfa08fad }
Cherrypick commits SHA are -> 
79dba5b0debf87c72d71270457232a54707a6dc0 - cherrypick - e9d4b319cf95f4917b2f2e009c2ff6f9dfa08fad
---> The cherrypicked commit sha is - 79dba5b0debf87c72d71270457232a54707a6dc0
Commit message - New: Add no-extra-bind rule to flag unnecessary bind calls (fixes #982)
---> The original commit sha is - e9d4b319cf95f4917b2f2e009c2ff6f9dfa08fad
Commit message - Merge pull request #1180 from madbence/add-no-extra-bind

New: Add no-extra-bind rule to flag unnecessary bind calls (fixes #982)
-----------------------------------------------------------------

Cherry-pick diff pair 23 is -> 
{ d733750b6118ca74f059319e7cadb7cb8bdb1c17 -> dabc6f50a138ca6cbdf0515600942a7e60c4a923 } is a cherrypick
{ c040adb454b6abc4961da71605e902b00afcd7f1 -> 86ef4c1a1d3ff25ce732b2342289ede8e5d2accf }
Cherrypick commits SHA are -> 
dabc6f50a138ca6cbdf0515600942a7e60c4a923 - cherrypick - 86ef4c1a1d3ff25ce732b2342289ede8e5d2accf
---> The cherrypicked commit sha is - dabc6f50a138ca6cbdf0515600942a7e60c4a923
Commit message - New: Adding 'plugin' CLI option (fixes #1112)
---> The original commit sha is - 86ef4c1a1d3ff25ce732b2342289ede8e5d2accf
Commit message - Merge pull request #1188 from greggian/new-plugin-cli

New: Adding 'plugin' CLI option (fixes #1112)
-----------------------------------------------------------------

Cherry-pick diff pair 24 is -> 
{ 0eef19911e9afb72494246eda458b159045bb5a4 -> 1ade1920e06bd94e98e63aea0b77e71316a75d6b } is a cherrypick
{ db701d4a0f61547851990bef18ecee64bf31cbca -> c040adb454b6abc4961da71605e902b00afcd7f1 }
Cherrypick commits SHA are -> 
1ade1920e06bd94e98e63aea0b77e71316a75d6b - cherrypick - c040adb454b6abc4961da71605e902b00afcd7f1
---> The cherrypicked commit sha is - 1ade1920e06bd94e98e63aea0b77e71316a75d6b
Commit message - New: accept plugins from cli (fixes #1113)
---> The original commit sha is - c040adb454b6abc4961da71605e902b00afcd7f1
Commit message - Merge pull request #1205 from lo1tuma/document-plugin-usage

Docs: document plugin usage (fixes #1117)
-----------------------------------------------------------------

Cherry-pick diff pair 25 is -> 
{ daa4312200c7ee87eb08485ed395ff4706a8b80f -> 055743e783ea70e1d13dec91b19fc0d28c30e0f9 } is a cherrypick
{ 6ab13fde1ee69d57c3ebf6075515f2644910f5ab -> 7474b819326c75606f5f061f4a36e6c3ccc47df5 }
Cherrypick commits SHA are -> 
055743e783ea70e1d13dec91b19fc0d28c30e0f9 - cherrypick - 7474b819326c75606f5f061f4a36e6c3ccc47df5
---> The cherrypicked commit sha is - 055743e783ea70e1d13dec91b19fc0d28c30e0f9
Commit message - New: report output to a file (fixes #1027)
---> The original commit sha is - 7474b819326c75606f5f061f4a36e6c3ccc47df5
Commit message - Merge pull request #1031 from jrajav/eqeqeq-location

Fix: Point eqeqeq error at operator (Fixes #1029)
-----------------------------------------------------------------

Cherry-pick diff pair 26 is -> 
{ 666d12ffae490be2747de072779c2e3fefe6fe9f -> bcd5c029c7e9259eee06d8a584e871bd2cb656de } is a cherrypick
{ ff609c0774b0580119c7a0022dbcee42c2506ce8 -> 384478ad025aec1e27237d8359fa7f619510776e }
Cherrypick commits SHA are -> 
bcd5c029c7e9259eee06d8a584e871bd2cb656de - cherrypick - 384478ad025aec1e27237d8359fa7f619510776e
---> The cherrypicked commit sha is - bcd5c029c7e9259eee06d8a584e871bd2cb656de
Commit message - New: Added no-mixed-spaces-and-tabs rule (fixes #1003)

New: Added no-mixed-spaces-and-tabs rule (fixes #1003)
---> The original commit sha is - 384478ad025aec1e27237d8359fa7f619510776e
Commit message - Merge pull request #1023 from michaelficarra/GH-1020

New: add no-undefined rule (fixes #1020)
-----------------------------------------------------------------

Cherry-pick diff pair 27 is -> 
{ 8ba6c74f754de4050d00d8d15914e5e417a879fd -> d3650ba6c36836b5ba1067e16240cf67e8b0253b } is a cherrypick
{ 58167b3bf6026e820cdc0cd946ffec6f5e751156 -> 0119da1a9795ebb79bacb1dc9997efc0621d15db }
Cherrypick commits SHA are -> 
d3650ba6c36836b5ba1067e16240cf67e8b0253b - cherrypick - 0119da1a9795ebb79bacb1dc9997efc0621d15db
---> The cherrypicked commit sha is - d3650ba6c36836b5ba1067e16240cf67e8b0253b
Commit message - Fix: add additional IIFE exception in no-extra-parens (fixes #1004)
---> The original commit sha is - 0119da1a9795ebb79bacb1dc9997efc0621d15db
Commit message - Merge pull request #1009 from michaelficarra/GH-997

rewrite eol-last rule (fixes #1007) (fixes #1008)
-----------------------------------------------------------------

Cherry-pick diff pair 28 is -> 
{ d44d99a8cdcde703654f37d176b9754c48409b60 -> ef76674acce7d5a9ec8907804899268eba003877 } is a cherrypick
{ e5e9091d444fcd9f539733ffa7a79eb0d4399a03 -> c16ab9d72c64ddde08a9278220c7cfb650f5edd7 }
Cherrypick commits SHA are -> 
ef76674acce7d5a9ec8907804899268eba003877 - cherrypick - c16ab9d72c64ddde08a9278220c7cfb650f5edd7
---> The cherrypicked commit sha is - ef76674acce7d5a9ec8907804899268eba003877
Commit message - Fix: no-unused-vars to check only file globals (fixes #975)
---> The original commit sha is - c16ab9d72c64ddde08a9278220c7cfb650f5edd7
Commit message - Merge pull request #985 from jrajav/rule-severity-in-message

Fix: Store rule severity in messages, rather than pulling from the config on-demand
-----------------------------------------------------------------

Cherry-pick diff pair 29 is -> 
{ e9525bc5f72356e65b286a0b7601277f4167e32e -> 2694cb5dc4ac6df097827e429e933ef1fb237b32 } is a cherrypick
{ 0645c3321169f4376f6686e87f0ee79b0c58ca87 -> d44d99a8cdcde703654f37d176b9754c48409b60 }
Cherrypick commits SHA are -> 
2694cb5dc4ac6df097827e429e933ef1fb237b32 - cherrypick - d44d99a8cdcde703654f37d176b9754c48409b60
---> The cherrypicked commit sha is - 2694cb5dc4ac6df097827e429e933ef1fb237b32
Commit message - Docs: guard-for-in - added missing id in title (Fixes #969)
---> The original commit sha is - d44d99a8cdcde703654f37d176b9754c48409b60
Commit message - Merge pull request #971 from Delapouite/check-valid-h1

Build: Makefile - Check for rule ids in docs titles (Fixes #969)
-----------------------------------------------------------------

Cherry-pick diff pair 30 is -> 
{ 511873400fcbc20f498d8108fd033f56d1e0d30c -> 66bea6d81f9a6da1e149a5377c754b8515cee79b } is a cherrypick
{ ab78bb425a5b9b6f2b90dfad4d9a087aaabc2ee4 -> f03deab215aca6fb268db4e4c0317c17359c5fc9 }
Cherrypick commits SHA are -> 
66bea6d81f9a6da1e149a5377c754b8515cee79b - cherrypick - f03deab215aca6fb268db4e4c0317c17359c5fc9
---> The cherrypicked commit sha is - 66bea6d81f9a6da1e149a5377c754b8515cee79b
Commit message - Fix: valid-jsdoc no more warning for multi-level params (Fixes #925)
---> The original commit sha is - f03deab215aca6fb268db4e4c0317c17359c5fc9
Commit message - Merge pull request #953 from tomgco/patch-1

Allow the option "color".
-----------------------------------------------------------------

Cherry-pick diff pair 31 is -> 
{ e546bd54e52cca5c43d580d1442e4621a1e34130 -> dddb11ce76e022651161a987433ff9ebbda3058e } is a cherrypick
{ 4b69669303d50dd3c34283c3292ea1420ef525c4 -> d0730c93604e444e8ccc1554ee7b8f1e93a2ac78 }
Cherrypick commits SHA are -> 
dddb11ce76e022651161a987433ff9ebbda3058e - cherrypick - d0730c93604e444e8ccc1554ee7b8f1e93a2ac78
---> The cherrypicked commit sha is - dddb11ce76e022651161a987433ff9ebbda3058e
Commit message - Breaking: Refactor .eslintignore functionality (refs #928, fixes #901,
fixes #837, fixes #853)
---> The original commit sha is - d0730c93604e444e8ccc1554ee7b8f1e93a2ac78
Commit message - Merge pull request #930 from eslint/ignored

Breaking: Refactor .eslintignore functionality 
-----------------------------------------------------------------

Cherry-pick diff pair 32 is -> 
{ 5037dd38efe969bdac4e4816b5502340e8f21408 -> c7056fa2ce08424d474a007f4e08ff404328abad } is a cherrypick
{ 38c17a8e9f60955e288d4b9a38e269985ef47294 -> 4e775610bf1fa22f46df07a8943dc818ba010862 }
Cherrypick commits SHA are -> 
c7056fa2ce08424d474a007f4e08ff404328abad - cherrypick - 4e775610bf1fa22f46df07a8943dc818ba010862
---> The cherrypicked commit sha is - c7056fa2ce08424d474a007f4e08ff404328abad
Commit message - Update: Implement eqeqeq option "allow-null" (fixes #910)
---> The original commit sha is - 4e775610bf1fa22f46df07a8943dc818ba010862
Commit message - Merge pull request #920 from michaelficarra/GH-919

Fix: block-scoped-var respects decls in for and for-in (fixes #919)
-----------------------------------------------------------------

Cherry-pick diff pair 33 is -> 
{ 625a4bb24c8a62a9e72556496c0e8a9488896a5e -> d027a5c3e43b86d1939fbe94fa8f4ba9a9e9a862 } is a cherrypick
{ 2b2d73f59f06f1c5d01f43ffda82ca415d45580b -> de2dee0418b1900616ec455c6c32fbce0868ae13 }
Cherrypick commits SHA are -> 
d027a5c3e43b86d1939fbe94fa8f4ba9a9e9a862 - cherrypick - de2dee0418b1900616ec455c6c32fbce0868ae13
---> The cherrypicked commit sha is - d027a5c3e43b86d1939fbe94fa8f4ba9a9e9a862
Commit message - Build: Enable space-after-keywords (fixes #884)
---> The original commit sha is - de2dee0418b1900616ec455c6c32fbce0868ae13
Commit message - Merge pull request #891 from albertosantini/enable-default-case

Build: Enable default-case (fixes #881)
-----------------------------------------------------------------

Cherry-pick diff pair 34 is -> 
{ 042049b756bcd2d98ac3233fa3a7f00cc78b5d40 -> 992435996ae9b295b5a8e23975f06c6e3c4b7e79 } is a cherrypick
{ 43ce28f985573a00d901f079da77afb3b3bb81eb -> 41bee10596d00f264d0ff4f9a5d013629e4554cd }
Cherrypick commits SHA are -> 
992435996ae9b295b5a8e23975f06c6e3c4b7e79 - cherrypick - 41bee10596d00f264d0ff4f9a5d013629e4554cd
---> The cherrypicked commit sha is - 992435996ae9b295b5a8e23975f06c6e3c4b7e79
Commit message - Breaking: brace-style now disallows block statements where curlies are on the same line (fixes #758)
---> The original commit sha is - 41bee10596d00f264d0ff4f9a5d013629e4554cd
Commit message - Merge pull request #878 from eslint/issue758

Breaking: brace-style now disallows block statements where curlies are o...
-----------------------------------------------------------------

Cherry-pick diff pair 35 is -> 
{ 6330b41decab68d20431b937fc6a322cf0fbb0ba -> 2c8f01c3ba0c8ef63c5aeacb3c08df570999e9f0 } is a cherrypick
{ c118fea1baa880cf7edec5b7d8888b64a560f0a1 -> 9120dacf4b4a80ed839de6da104941bfb7b8481c }
Cherrypick commits SHA are -> 
2c8f01c3ba0c8ef63c5aeacb3c08df570999e9f0 - cherrypick - 9120dacf4b4a80ed839de6da104941bfb7b8481c
---> The cherrypicked commit sha is - 2c8f01c3ba0c8ef63c5aeacb3c08df570999e9f0
Commit message - Add Build Next mention in integrations README.
---> The original commit sha is - 9120dacf4b4a80ed839de6da104941bfb7b8481c
Commit message - Merge pull request #869 from albertosantini/check-off-in-index

Add check if there is text 'off by default' in index.
-----------------------------------------------------------------

Cherry-pick diff pair 36 is -> 
{ 169679b46ad1a612daf47e4de8fb0cdb9be9a289 -> 694c81753458ae8a8ab0adac65772439123361b7 } is a cherrypick
{ e3e1d4cad73bfdd84d8c7057dfd659724a791add -> d616824bd51f878817a7027f733edc932b5b621a }
Cherrypick commits SHA are -> 
694c81753458ae8a8ab0adac65772439123361b7 - cherrypick - d616824bd51f878817a7027f733edc932b5b621a
---> The cherrypicked commit sha is - 694c81753458ae8a8ab0adac65772439123361b7
Commit message - Rule: no-inner-declarations (fixes #587)

Adds a new rule, `no-inner-declarations`, that enforces placing
function declarations and, optionally, variable declarations at the
root level of the program body or a function body. By default,
misplaced function declarations result in an error, and variable
declarations are not checked.
---> The original commit sha is - d616824bd51f878817a7027f733edc932b5b621a
Commit message - Merge pull request #834 from btmills/declaration-position

Rule: no-inner-declarations (fixes #587)
-----------------------------------------------------------------

Cherry-pick diff pair 37 is -> 
{ 08687ee594923f2c8ab4c32621cca3f24d5e5fc5 -> e2728719ae51a15ea4ad642b14ba81d3586cf336 } is a cherrypick
{ b1551d4e4e2ca55c434f94d77346fd5eadb56701 -> e3e1d4cad73bfdd84d8c7057dfd659724a791add }
Cherrypick commits SHA are -> 
e2728719ae51a15ea4ad642b14ba81d3586cf336 - cherrypick - e3e1d4cad73bfdd84d8c7057dfd659724a791add
---> The cherrypicked commit sha is - e2728719ae51a15ea4ad642b14ba81d3586cf336
Commit message - Rule 'block-scoped-var': correct scope for functions, arguments (fixes #832)
---> The original commit sha is - e3e1d4cad73bfdd84d8c7057dfd659724a791add
Commit message - Merge pull request #828 from conradz/define-functions

Optionally allow function statements to be used before they are defined (fixes #829)
-----------------------------------------------------------------

Cherry-pick diff pair 38 is -> 
{ d0671fd6f7d2627d77ed18ed8e611124d9e13f9d -> c7a151898ccb5ac9559630f2e2564568735ca54f } is a cherrypick
{ de09afcfe41e928a7836734af917b0b5d82b7e7c -> 49d22b7ccb4c65bd850fd67bd6646e88f2b7f16f }
Cherrypick commits SHA are -> 
c7a151898ccb5ac9559630f2e2564568735ca54f - cherrypick - 49d22b7ccb4c65bd850fd67bd6646e88f2b7f16f
---> The cherrypicked commit sha is - c7a151898ccb5ac9559630f2e2564568735ca54f
Commit message - Replaces .some() with .indexOf() where appropriate
---> The original commit sha is - 49d22b7ccb4c65bd850fd67bd6646e88f2b7f16f
Commit message - Merge pull request #823 from spadgos/more-efficient-searching

Replaces .some() with .indexOf() where appropriate (fixed #825)
-----------------------------------------------------------------

Cherry-pick diff pair 39 is -> 
{ c9f47549877cf12f7536438c5f51a2bfcad712d1 -> 248da027e8ed7f718435242c32dfc125fa7742af } is a cherrypick
{ cd99ba9d178067baaa04032a4619dd13a32fbc6b -> 749b5983979dbab2d4892e7d789728196f83db5d }
Cherrypick commits SHA are -> 
248da027e8ed7f718435242c32dfc125fa7742af - cherrypick - 749b5983979dbab2d4892e7d789728196f83db5d
---> The cherrypicked commit sha is - 248da027e8ed7f718435242c32dfc125fa7742af
Commit message - Change: no-unused-vars default to 'all' (fixes #760)
---> The original commit sha is - 749b5983979dbab2d4892e7d789728196f83db5d
Commit message - Merge pull request #810 from eslint/issue760

Change: no-unused-vars default to 'all' (fixes #760)
-----------------------------------------------------------------

Cherry-pick diff pair 40 is -> 
{ 531ea9fdc364b0f81da31bb0d96b285d80bcaf82 -> 5457e1f78b8704ed59a11d265db58f9d87e612ba } is a cherrypick
{ cb0807e041df9edb8fe1a9dda0dbea28c0b60297 -> c9f47549877cf12f7536438c5f51a2bfcad712d1 }
Cherrypick commits SHA are -> 
5457e1f78b8704ed59a11d265db58f9d87e612ba - cherrypick - c9f47549877cf12f7536438c5f51a2bfcad712d1
---> The cherrypicked commit sha is - 5457e1f78b8704ed59a11d265db58f9d87e612ba
Commit message - Fix: --reset will now properly ignore default rules in environments.json (fixes #800)
---> The original commit sha is - c9f47549877cf12f7536438c5f51a2bfcad712d1
Commit message - Merge pull request #802 from eslint/issue800

Fix: --reset will now properly ignore default rules in environments.json
-----------------------------------------------------------------

Cherry-pick diff pair 41 is -> 
{ 62aaa26b1c78cef9150304f487e8d640c2a4cf60 -> f86db902f45087599daa9cd32e37b8fcaf758d0a } is a cherrypick
{ 9849a62dc06ca493de0ed7020033c2ead307f3b6 -> cb0807e041df9edb8fe1a9dda0dbea28c0b60297 }
Cherrypick commits SHA are -> 
f86db902f45087599daa9cd32e37b8fcaf758d0a - cherrypick - cb0807e041df9edb8fe1a9dda0dbea28c0b60297
---> The cherrypicked commit sha is - f86db902f45087599daa9cd32e37b8fcaf758d0a
Commit message - fixes #804: clean up implementation of #803 (which fixed #781)

I also changed it to be median of 5, since it's now trivial to choose
any number of runs.
---> The original commit sha is - cb0807e041df9edb8fe1a9dda0dbea28c0b60297
Commit message - Merge pull request #805 from michaelficarra/GH-804

fixes #804: clean up implementation of #803 (which fixed #781)
-----------------------------------------------------------------

Cherry-pick diff pair 42 is -> 
{ c5f5a65341eb9fdd692cb7699ec7b258a8bd2d9f -> 9974f66ff69a3e248c0e7b6430a6b67567093146 } is a cherrypick
{ e435da778705c3d726da77f967a783827a548a4b -> 2319cdccd6dccb249a64a231c11a55681956d0f7 }
Cherrypick commits SHA are -> 
9974f66ff69a3e248c0e7b6430a6b67567093146 - cherrypick - 2319cdccd6dccb249a64a231c11a55681956d0f7
---> The cherrypicked commit sha is - 9974f66ff69a3e248c0e7b6430a6b67567093146
Commit message - Add options for rule 'no-unused-vars' to check all arguments in functions (fixes #728)
---> The original commit sha is - 2319cdccd6dccb249a64a231c11a55681956d0f7
Commit message - Merge pull request #771 from roadhump/issue_728

Add options for 'no-unused-vars' to check all arguments in functions (fixes #728)
-----------------------------------------------------------------

Cherry-pick diff pair 43 is -> 
{ a75a2d3fbd553d4eee3fdb4a85a3cc168c54c465 -> 9b8c639d35d154a27b81470cd432a1ae0e707ef7 } is a cherrypick
{ 975ed7af809489990e740dedb08167420f384e2f -> cea298e14684974e1d9dbf48633d8886eb6d880c }
Cherrypick commits SHA are -> 
9b8c639d35d154a27b81470cd432a1ae0e707ef7 - cherrypick - cea298e14684974e1d9dbf48633d8886eb6d880c
---> The cherrypicked commit sha is - 9b8c639d35d154a27b81470cd432a1ae0e707ef7
Commit message - Lint tests on build (fixes #764)
---> The original commit sha is - cea298e14684974e1d9dbf48633d8886eb6d880c
Commit message - Merge pull request #766 from roadhump/issue_764

Lint tests on build using their .eslintrc file (fixes #764)
-----------------------------------------------------------------

Cherry-pick diff pair 44 is -> 
{ f6282dbfcf4deec87572fb4ff36b9b2b754563df -> 40ed62673d4ce832ce668bed46af79a88e9336ad } is a cherrypick
{ 6d04e689b268a4ab4bff1dc84cf9348b5d23f982 -> 0b0411a9da983bfbb63b7f23cfda9de751b117fa }
Cherrypick commits SHA are -> 
40ed62673d4ce832ce668bed46af79a88e9336ad - cherrypick - 0b0411a9da983bfbb63b7f23cfda9de751b117fa
---> The cherrypicked commit sha is - 40ed62673d4ce832ce668bed46af79a88e9336ad
Commit message - fixes #735: add new, more efficient getTokens interfaces

This is a combination of 6 commits.
The first commit's message is:

add getTokensBefore and getTokensAfter interfaces (ref #735)

This is the 2nd commit message:

add getTokenBefore and getTokenAfter interfaces (ref #735)

This is the 3rd commit message:

add getFirstTokens and getLastTokens interfaces (ref #735)

This is the 4th commit message:

add getFirstToken and getLastToken interfaces (ref #735)

This is the 5th commit message:

expose new getTokens methods to rule context object

This is the 6th commit message:

make use of new getTokens methods in rules
---> The original commit sha is - 0b0411a9da983bfbb63b7f23cfda9de751b117fa
Commit message - Merge pull request #747 from gkz/env-flag-refactor

give the `env` flag type `[String]`, remove unneeded code
-----------------------------------------------------------------

Cherry-pick diff pair 45 is -> 
{ daaf7ba430bd6931625e5e4f6ffa40c3ba733eb9 -> a4eb84e169e2573730566a8e45f5d6b9358337c9 } is a cherrypick
{ 69bc27c31ec096df2cb8cdfe5ab85febde35e905 -> db0ccb8edb848bbf0991c07f50d46deb1b40c197 }
Cherrypick commits SHA are -> 
a4eb84e169e2573730566a8e45f5d6b9358337c9 - cherrypick - db0ccb8edb848bbf0991c07f50d46deb1b40c197
---> The cherrypicked commit sha is - a4eb84e169e2573730566a8e45f5d6b9358337c9
Commit message - Fix: Make sure semi reports correct location of missing semicolon (fixes #726)
---> The original commit sha is - db0ccb8edb848bbf0991c07f50d46deb1b40c197
Commit message - Merge pull request #733 from eslint/perfbuild

Build: Add perf check into Travis build to better monitor performance
-----------------------------------------------------------------

Cherry-pick diff pair 46 is -> 
{ 0a626de81e9a67881ea48f8cb92ced498e666646 -> b69f5c1b61798c8ba3197d263c215f1bd8dacbef } is a cherrypick
{ fecba522e5ba88d8f1829a418ddeadbfcf1343b2 -> 9fb30485ee40ebd8f102685e9b250daad031e753 }
Cherrypick commits SHA are -> 
b69f5c1b61798c8ba3197d263c215f1bd8dacbef - cherrypick - 9fb30485ee40ebd8f102685e9b250daad031e753
---> The cherrypicked commit sha is - b69f5c1b61798c8ba3197d263c215f1bd8dacbef
Commit message - New Rule: handle-callback-err (fixes #567)
---> The original commit sha is - 9fb30485ee40ebd8f102685e9b250daad031e753
Commit message - Merge pull request #633 from xjamundx/missing-err

New Rule: missing-err (fixes #567)
-----------------------------------------------------------------

Cherry-pick diff pair 47 is -> 
{ 284e2a057555b90cb86887d6fb24e544a3a8a84b -> 84197591419486d97b9d55473f1681f4d93c05bd } is a cherrypick
{ 16df07ba5286a3e53f2af080f255f6d54fa0c2a5 -> 6f42ff711ad85d45fdb949f1bceba6192bb85f03 }
Cherrypick commits SHA are -> 
84197591419486d97b9d55473f1681f4d93c05bd - cherrypick - 6f42ff711ad85d45fdb949f1bceba6192bb85f03
---> The cherrypicked commit sha is - 84197591419486d97b9d55473f1681f4d93c05bd
Commit message - fixes #699: brace-style does not check function expressions
---> The original commit sha is - 6f42ff711ad85d45fdb949f1bceba6192bb85f03
Commit message - Merge pull request #708 from michaelficarra/GH-699

fixes #699: brace-style does not check function expressions
-----------------------------------------------------------------

Cherry-pick diff pair 48 is -> 
{ 9b4207647d35da504823fd0d278d946b9d00daab -> 22e6cc606913cf4bc873883047ecd9b1274c81c6 } is a cherrypick
{ 5e38acc1d6ed99acadeecc5d5c0e2886f2d1200d -> cb3dbdd318e706b5c39cf9f76044b960678a1a9d }
Cherrypick commits SHA are -> 
22e6cc606913cf4bc873883047ecd9b1274c81c6 - cherrypick - cb3dbdd318e706b5c39cf9f76044b960678a1a9d
---> The cherrypicked commit sha is - 22e6cc606913cf4bc873883047ecd9b1274c81c6
Commit message - fix 'node-modules' typo in docs
---> The original commit sha is - cb3dbdd318e706b5c39cf9f76044b960678a1a9d
Commit message - Merge pull request #696 from roadhump/issue681_2

Added .eslintignore to load from parents folders (fixes #681)
-----------------------------------------------------------------

Cherry-pick diff pair 49 is -> 
{ da4981b63ca1feae9e7d0f3f06067299eea60d1b -> 5b757e5242e084bcd65f76d48c937af67281064d } is a cherrypick
{ b75d300ed5875beadc89aa204fd92932f3d42311 -> 7f65e9e65fd4ac68a6bc86ed109d06b0e9ef1564 }
Cherrypick commits SHA are -> 
5b757e5242e084bcd65f76d48c937af67281064d - cherrypick - 7f65e9e65fd4ac68a6bc86ed109d06b0e9ef1564
---> The cherrypicked commit sha is - 5b757e5242e084bcd65f76d48c937af67281064d
Commit message - Tweaking inline code formatting for "if, while, dowhile"
---> The original commit sha is - 7f65e9e65fd4ac68a6bc86ed109d06b0e9ef1564
Commit message - Merge pull request #683 from briandipalma/issue673-2

Fixes #673 allow configuration of @return errors via requireReturn
-----------------------------------------------------------------

Cherry-pick diff pair 50 is -> 
{ f065d8938394e26ec83ca582619900da042716fa -> ca06b1118c3388f7bafebf071fdf7d21bba0b36f } is a cherrypick
{ d04d2cbc8f689da0c21364eab130afad8ce8441d -> 87584954a9ac62862d1fd79ac2dc436f6925e2fc }
Cherrypick commits SHA are -> 
ca06b1118c3388f7bafebf071fdf7d21bba0b36f - cherrypick - 87584954a9ac62862d1fd79ac2dc436f6925e2fc
---> The cherrypicked commit sha is - ca06b1118c3388f7bafebf071fdf7d21bba0b36f
Commit message - Update: camelcase rule now doesn't flag function calls (fixes #656)
---> The original commit sha is - 87584954a9ac62862d1fd79ac2dc436f6925e2fc
Commit message - Merge pull request #666 from eslint/camelfix

Update: camelcase rule now doesn't flag function calls (fixes #656)
-----------------------------------------------------------------

Cherry-pick diff pair 51 is -> 
{ 821a45d59069158e24f507f6a55e8cea693f436b -> f0828f772cbda8b932a4adb15e606b5871a18319 } is a cherrypick
{ 5a273e6e3b6701fe8c102a1ff647ca0841d372e3 -> 9b38c1b788767780e52ebe06e2a0b3828d540edf }
Cherrypick commits SHA are -> 
f0828f772cbda8b932a4adb15e606b5871a18319 - cherrypick - 9b38c1b788767780e52ebe06e2a0b3828d540edf
---> The cherrypicked commit sha is - f0828f772cbda8b932a4adb15e606b5871a18319
Commit message - Update: Allow valid-jsdoc to specify replacement tags (fixes #637)
---> The original commit sha is - 9b38c1b788767780e52ebe06e2a0b3828d540edf
Commit message - Merge pull request #643 from eslint/jsdocreturn

Update: Allow valid-jsdoc to specify replacement tags (fixes #637)
-----------------------------------------------------------------

Cherry-pick diff pair 52 is -> 
{ 73c95fe7f57e5d413be5a3092ecdaeba48716ca4 -> be79dcbda005baa5c01990ee6209b9fc329b70dc } is a cherrypick
{ dd77e5fcf1b29f3e2fadbc5ed8142c247bc8b00d -> af1a02a47865d4c344f0c2a372d3da3a8859ae61 }
Cherrypick commits SHA are -> 
be79dcbda005baa5c01990ee6209b9fc329b70dc - cherrypick - af1a02a47865d4c344f0c2a372d3da3a8859ae61
---> The cherrypicked commit sha is - be79dcbda005baa5c01990ee6209b9fc329b70dc
Commit message - Fix: radix rule should warn (not throw error) when parseInt() is called without arguments (fixes #611)
---> The original commit sha is - af1a02a47865d4c344f0c2a372d3da3a8859ae61
Commit message - Merge pull request #614 from eslint/radixfix

Fix: radix rule should warn (not throw error) when parseInt() is called ...
-----------------------------------------------------------------

Cherry-pick diff pair 53 is -> 
{ e469eda0d4269e1965a6583ba822ded8dd12e877 -> 34348d83bbe23eac5adf3154e21d527b92e38d26 } is a cherrypick
{ a82c2e6c0dc1fdb8d6aeab3bbdf2cb70daeafe44 -> 102c9288862e0f7c4951d1d0b11f64a92cceb61f }
Cherrypick commits SHA are -> 
34348d83bbe23eac5adf3154e21d527b92e38d26 - cherrypick - 102c9288862e0f7c4951d1d0b11f64a92cceb61f
---> The cherrypicked commit sha is - 34348d83bbe23eac5adf3154e21d527b92e38d26
Commit message - New Rule: no-process-exit (fixes #568)
---> The original commit sha is - 102c9288862e0f7c4951d1d0b11f64a92cceb61f
Commit message - Merge pull request #576 from eslint/no-process-exit

New Rule: no-process-exit (fixes #568)
-----------------------------------------------------------------

Cherry-pick diff pair 54 is -> 
{ 17f20e7664d61b8c179b387d28a45dd462351cbe -> b9c66639dfcf75d1b655fc3ca78a3cefd642c7aa } is a cherrypick
{ 42a275aed3d66c99c2dc22ee99fa3f70c387d903 -> e9d4b6a6528190d3f0d07fe0ee37c53d8328ca13 }
Cherrypick commits SHA are -> 
b9c66639dfcf75d1b655fc3ca78a3cefd642c7aa - cherrypick - e9d4b6a6528190d3f0d07fe0ee37c53d8328ca13
---> The cherrypicked commit sha is - b9c66639dfcf75d1b655fc3ca78a3cefd642c7aa
Commit message - New Rule: consistent-return (fixes #481)
---> The original commit sha is - e9d4b6a6528190d3f0d07fe0ee37c53d8328ca13
Commit message - Merge pull request #556 from eslint/consistent-return

New Rule: consistent-return (fixes #481)
-----------------------------------------------------------------

Cherry-pick diff pair 55 is -> 
{ 707e90507c061439c88b4f249caec3b919785a81 -> 8d89aa6aecefdf33e373e73cd9c40aa5c574c2d2 } is a cherrypick
{ bec7022c71b06d8f28719027a3fd2b9f73353aa6 -> 42a275aed3d66c99c2dc22ee99fa3f70c387d903 }
Cherrypick commits SHA are -> 
8d89aa6aecefdf33e373e73cd9c40aa5c574c2d2 - cherrypick - 42a275aed3d66c99c2dc22ee99fa3f70c387d903
---> The cherrypicked commit sha is - 8d89aa6aecefdf33e373e73cd9c40aa5c574c2d2
Commit message - Docs: Added no-floating-decimal docs (refs #562)
---> The original commit sha is - 42a275aed3d66c99c2dc22ee99fa3f70c387d903
Commit message - Merge pull request #564 from eslint/radix-fix

Fix: Make radix rule warn on invalid second parameter (fixes #563)
-----------------------------------------------------------------

Cherry-pick diff pair 56 is -> 
{ 0f369e6e02e321a1ad79e68d715423cbcc3ee6b8 -> 6a373bd10e0e250abf93e50e161bd5d66047e5b2 } is a cherrypick
{ 8061f35223fd52b4d9398bd0d9a6c2c96025f365 -> 28a94266d79ee6c2a04db3dc9e5f13ad558da8cf }
Cherrypick commits SHA are -> 
6a373bd10e0e250abf93e50e161bd5d66047e5b2 - cherrypick - 28a94266d79ee6c2a04db3dc9e5f13ad558da8cf
---> The cherrypicked commit sha is - 6a373bd10e0e250abf93e50e161bd5d66047e5b2
Commit message - Build: Use browserify to create browser-ready ESLint (fixes #119)
---> The original commit sha is - 28a94266d79ee6c2a04db3dc9e5f13ad558da8cf
Commit message - Merge pull request #551 from eslint/browserify

Build: Use browserify to create browser-ready ESLint (fixes #119)
-----------------------------------------------------------------

Cherry-pick diff pair 57 is -> 
{ 865308378075c9993ac2ff80a238a7c7f56cd77d -> f305a8b2962a7931de1a92a08836bb13188a35bd } is a cherrypick
{ 568fa75d4ef98baba6ade32793699a38ca888d6f -> 77bedd9b989c31495851c9f55363d70257fe2f4f }
Cherrypick commits SHA are -> 
f305a8b2962a7931de1a92a08836bb13188a35bd - cherrypick - 77bedd9b989c31495851c9f55363d70257fe2f4f
---> The cherrypicked commit sha is - f305a8b2962a7931de1a92a08836bb13188a35bd
Commit message - Fixing broken links in documentation
---> The original commit sha is - 77bedd9b989c31495851c9f55363d70257fe2f4f
Commit message - Merge pull request #537 from ilyavolodin/Documentation

Fixing broken links in documentation
-----------------------------------------------------------------

Cherry-pick diff pair 58 is -> 
{ 5ea3b27902b37c093dec945d4607a816b52dff49 -> 4f7a753e8c62f6afce4c411d81eea1f674c1302c } is a cherrypick
{ 71ec11cc1e67befd2501d9eb4fe1ba3dc5e316c0 -> 57bac48852cab040751a587ee1deca104609da99 }
Cherrypick commits SHA are -> 
4f7a753e8c62f6afce4c411d81eea1f674c1302c - cherrypick - 57bac48852cab040751a587ee1deca104609da99
---> The cherrypicked commit sha is - 4f7a753e8c62f6afce4c411d81eea1f674c1302c
Commit message - fixes #415: fix unnecessary-strict rule false positives

The rule now also detects directives that are unnecessary because there
exists another "use strict" directive in the same scope. Should also be
more efficient since it now only looks where necessary for directives.
---> The original commit sha is - 57bac48852cab040751a587ee1deca104609da99
Commit message - Merge pull request #419 from michaelficarra/GH-415

fixes #415: fix unnecessary-strict rule false positives
-----------------------------------------------------------------

Cherry-pick diff pair 59 is -> 
{ fb8a601f7884e830be524b1b5e8eb7a6dd65d0b9 -> 946247b8273c168d026a0541ea2154e0864b4520 } is a cherrypick
{ 6a1adde192e81b534b66acd663aa5da47cf5d826 -> cd18822798347fff6f450445cf78025d6dc14389 }
Cherrypick commits SHA are -> 
946247b8273c168d026a0541ea2154e0864b4520 - cherrypick - cd18822798347fff6f450445cf78025d6dc14389
---> The cherrypicked commit sha is - 946247b8273c168d026a0541ea2154e0864b4520
Commit message - Converting formatter tests and core
---> The original commit sha is - cd18822798347fff6f450445cf78025d6dc14389
Commit message - Merge branch 'master' of github.com:nzakas/jscheck
-----------------------------------------------------------------

Cherry-pick diff pair 60 is -> 
{ 4665e31add4193852ced32178c6565706f9c8730 -> 2d311767dc3b126e803d6d5def82b398d5401766 } is a cherrypick
{ 6067e0c8e533ae14c4627cd44e05bd09687b9723 -> f1d808acdb42ecb1fc87d3639a2a2f4daacb3407 }
Cherrypick commits SHA are -> 
2d311767dc3b126e803d6d5def82b398d5401766 - cherrypick - f1d808acdb42ecb1fc87d3639a2a2f4daacb3407
---> The cherrypicked commit sha is - 2d311767dc3b126e803d6d5def82b398d5401766
Commit message - added mocha conversion tests for strict, quote-props and one-var; enhanced one of the invalid one-var tests that was expecting two messages
---> The original commit sha is - f1d808acdb42ecb1fc87d3639a2a2f4daacb3407
Commit message - Merge pull request #406 from ilyavolodin/mocha

Completing conversion of rule's tests to mocha
-----------------------------------------------------------------

Cherry-pick diff pair 61 is -> 
{ 736d0eed4ccfbd886673ba551412f92904db8e5e -> 8b73d5008ebb62ffa45c5eda5ac13d08286753f7 } is a cherrypick
{ ccec18b0a1d0dd74e5a63254fd774b1c5b7cb91e -> 7611c635b24bc868fcb25a50161de944dbf8e282 }
Cherrypick commits SHA are -> 
8b73d5008ebb62ffa45c5eda5ac13d08286753f7 - cherrypick - 7611c635b24bc868fcb25a50161de944dbf8e282
---> The cherrypicked commit sha is - 8b73d5008ebb62ffa45c5eda5ac13d08286753f7
Commit message - Fix a broken link in the docs
---> The original commit sha is - 7611c635b24bc868fcb25a50161de944dbf8e282
Commit message - Merge pull request #387 from Marsup/fix/iife_in_new

Fix error about IIFE if the function is in a new
-----------------------------------------------------------------

Cherry-pick diff pair 62 is -> 
{ df27ed7ffd29496b031e425c5fc100395fe9b58f -> 18011e58ec2f143edd10b3996aff4bfc0c468e6b } is a cherrypick
{ 900e3c5900aaf3d674af26850a926c94273f590b -> ac441c5bc77957e025169ddc7b16ca367ef06b8b }
Cherrypick commits SHA are -> 
18011e58ec2f143edd10b3996aff4bfc0c468e6b - cherrypick - ac441c5bc77957e025169ddc7b16ca367ef06b8b
---> The cherrypicked commit sha is - 18011e58ec2f143edd10b3996aff4bfc0c468e6b
Commit message - recognise CallExpression variant of RegExp ctor in no-control-regex rule
---> The original commit sha is - ac441c5bc77957e025169ddc7b16ca367ef06b8b
Commit message - Merge pull request #352 from michaelficarra/no-control-regex-callexpression

recognise CallExpression variant of RegExp constructor in no-control-regex rule
-----------------------------------------------------------------

Cherry-pick diff pair 63 is -> 
{ ec6a485a2e0ade0701f5908e4264c97eb01c9c5f -> ab23bc8082705442e5ef32fdaac7aca7bb7cadca } is a cherrypick
{ 60786b1cd78f4204bcefb7c34ab525751ce1ff18 -> bd14e0e94e3eb36b0530e28e8ef1da528f9a4265 }
Cherrypick commits SHA are -> 
ab23bc8082705442e5ef32fdaac7aca7bb7cadca - cherrypick - bd14e0e94e3eb36b0530e28e8ef1da528f9a4265
---> The cherrypicked commit sha is - ab23bc8082705442e5ef32fdaac7aca7bb7cadca
Commit message - Fix link to architecture doc in readme
---> The original commit sha is - bd14e0e94e3eb36b0530e28e8ef1da528f9a4265
Commit message - Merge branch 'master' of github.com:nzakas/jscheck
-----------------------------------------------------------------

Cherry-pick diff pair 64 is -> 
{ ac61c929a550f2ba0e08300b95fe4f68579386d6 -> ea7ff38b1f16ce3e94075ed48c00401f629d4941 } is a cherrypick
{ 60786b1cd78f4204bcefb7c34ab525751ce1ff18 -> bd14e0e94e3eb36b0530e28e8ef1da528f9a4265 }
Cherrypick commits SHA are -> 
ea7ff38b1f16ce3e94075ed48c00401f629d4941 - cherrypick - bd14e0e94e3eb36b0530e28e8ef1da528f9a4265
---> The cherrypicked commit sha is - ea7ff38b1f16ce3e94075ed48c00401f629d4941
Commit message - Merge pull request #345 from azu/patch-1

Fix link to architecture doc in readme
---> The original commit sha is - bd14e0e94e3eb36b0530e28e8ef1da528f9a4265
Commit message - Merge branch 'master' of github.com:nzakas/jscheck
-----------------------------------------------------------------

Cherry-pick diff pair 65 is -> 
{ ec6a485a2e0ade0701f5908e4264c97eb01c9c5f -> ab23bc8082705442e5ef32fdaac7aca7bb7cadca } is a cherrypick
{ ac61c929a550f2ba0e08300b95fe4f68579386d6 -> ea7ff38b1f16ce3e94075ed48c00401f629d4941 }
Cherrypick commits SHA are -> 
ab23bc8082705442e5ef32fdaac7aca7bb7cadca - cherrypick - ea7ff38b1f16ce3e94075ed48c00401f629d4941
---> The cherrypicked commit sha is - ab23bc8082705442e5ef32fdaac7aca7bb7cadca
Commit message - Fix link to architecture doc in readme
---> The original commit sha is - ea7ff38b1f16ce3e94075ed48c00401f629d4941
Commit message - Merge pull request #345 from azu/patch-1

Fix link to architecture doc in readme
-----------------------------------------------------------------

Cherry-pick diff pair 66 is -> 
{ a7860639b0ab096b422a9ef6fda776b068b68381 -> 4f43331ff8659a7e20cea9be6e41071d58181615 } is a cherrypick
{ c1cf6562bfce00bae81039f5b1419ea678ec9c27 -> b1f3dac6388d11fa7cbc0357a8ed52404f1f8a4c }
Cherrypick commits SHA are -> 
4f43331ff8659a7e20cea9be6e41071d58181615 - cherrypick - b1f3dac6388d11fa7cbc0357a8ed52404f1f8a4c
---> The cherrypicked commit sha is - 4f43331ff8659a7e20cea9be6e41071d58181615
Commit message - Rule: no-octal-escape

The `no-octal-escape` rule disallows the use of octal escape sequences in string literals:

var foo = "Copyright \251";

This rule matches one with the same behavior in JSLint.

Fixes #246 Fixes #247
---> The original commit sha is - b1f3dac6388d11fa7cbc0357a8ed52404f1f8a4c
Commit message - Merge pull request #279 from iancmyers/rule-no-octal-escape

Rule: no-octal-escape
-----------------------------------------------------------------

Cherry-pick diff pair 67 is -> 
{ da2ca963a1b95737f928704dd5c7605607f92745 -> d222c9e03be0f090423fd8b69d48e6244a4c9c66 } is a cherrypick
{ f88b4817a8e9a6105a82af6a6a894c86c2d7db70 -> deebb819d5acae0606065221189e4c908d1af75c }
Cherrypick commits SHA are -> 
d222c9e03be0f090423fd8b69d48e6244a4c9c66 - cherrypick - deebb819d5acae0606065221189e4c908d1af75c
---> The cherrypicked commit sha is - d222c9e03be0f090423fd8b69d48e6244a4c9c66
Commit message - Fix loading rules from a rules directory

This fixes an issue where trying to load rules from the command line would fail because the load path was relative to `/lib` rather than the directory of the ESLint process.
---> The original commit sha is - deebb819d5acae0606065221189e4c908d1af75c
Commit message - Merge pull request #223 from iancmyers/fix-load-rules-dir

Fix loading rules from a rules directory
-----------------------------------------------------------------

Cherry-pick diff pair 68 is -> 
{ 15ecd64a872242f8449f08114ef7f7365b415269 -> 4b5a3d4404781d86531547044a7a119feb22e273 } is a cherrypick
{ 52adf06c4f0f621a096bd113d4ea7f61bf8d8242 -> 6bc16234ecdb749ed16d17c726f1b7894c92e14e }
Cherrypick commits SHA are -> 
4b5a3d4404781d86531547044a7a119feb22e273 - cherrypick - 6bc16234ecdb749ed16d17c726f1b7894c92e14e
---> The cherrypicked commit sha is - 4b5a3d4404781d86531547044a7a119feb22e273
Commit message - bug: Add ForStatement for no-cond-assign check
---> The original commit sha is - 6bc16234ecdb749ed16d17c726f1b7894c92e14e
Commit message - Merge pull request #211 from mduvall/semi-bug-var-dec-in-for

bug: Fixes semi rule for VariableDeclaration in ForStatement
-----------------------------------------------------------------

Cherry-pick diff pair 69 is -> 
{ 1ac7a37516738632696ab9ef7776487b7bf15d0a -> a3da7e402704d9819982b61fb233e42e6f35c32d } is a cherrypick
{ c9edfd4d33536ea034b7912a02882b9a28f921ba -> 5b33dbc0ff6d505bc691cbc147ef2934325fcc0d }
Cherrypick commits SHA are -> 
a3da7e402704d9819982b61fb233e42e6f35c32d - cherrypick - 5b33dbc0ff6d505bc691cbc147ef2934325fcc0d
---> The cherrypicked commit sha is - a3da7e402704d9819982b61fb233e42e6f35c32d
Commit message - Refactored `max-statements` rule.

Refactored the max-statements rule to push/pop from a function stack to evaluate the number of statements in a function. Previously the number of statements were being calculated by recursive traversal. Additionally, I've cleaned up a few of the tests.
---> The original commit sha is - 5b33dbc0ff6d505bc691cbc147ef2934325fcc0d
Commit message - Merge pull request #207 from iancmyers/refactor-rule-max-statements

Refactored `max-statements` rule.
-----------------------------------------------------------------

Cherry-pick diff pair 70 is -> 
{ 1f8e71acb0dfc39d9cf907ca0ba5536c3aeab5c0 -> d292aa462b84c848ae733574eff5ccbe9aa6129a } is a cherrypick
{ c1a63f3db8b69f78f40af7117e8814168c727920 -> c5ef23f1705a400260ad80ffca7e2d8eff56c541 }
Cherrypick commits SHA are -> 
d292aa462b84c848ae733574eff5ccbe9aa6129a - cherrypick - c5ef23f1705a400260ad80ffca7e2d8eff56c541
---> The cherrypicked commit sha is - d292aa462b84c848ae733574eff5ccbe9aa6129a
Commit message - Fixing spelling
---> The original commit sha is - c5ef23f1705a400260ad80ffca7e2d8eff56c541
Commit message - Merge pull request #188 from ilyavolodin/no-empty-label

Fixing spelling issue in no-empty-label documentation Closes #187
-----------------------------------------------------------------

Cherry-pick diff pair 71 is -> 
{ 9ec20b3d59961060281604448f3673386a56ff1d -> db75798a184f5034fa72e6e7eab6bba264b2d7e7 } is a cherrypick
{ 31391de507bdae8cf0895fcb9ce632c50f0ddead -> fbe1ec0058c30aa2e8b4eb43fe10e01993f803cf }
Cherrypick commits SHA are -> 
db75798a184f5034fa72e6e7eab6bba264b2d7e7 - cherrypick - fbe1ec0058c30aa2e8b4eb43fe10e01993f803cf
---> The cherrypicked commit sha is - db75798a184f5034fa72e6e7eab6bba264b2d7e7
Commit message - Rule: no-eq-null

The `no-eq-null` rule flags comparisons to null that do not use a type-checking operator.

Comparing to `null` without a type-checking operator (`==` or `!=`), can have unintended results as the comparison will evaluate to true when comparing to not just a `null`, but also an `undefined` value.

```js
if (foo == null) {
  bar();
}
```

This rule provides the functionality of JSHint's **eqnull** rule.
---> The original commit sha is - fbe1ec0058c30aa2e8b4eb43fe10e01993f803cf
Commit message - Merge pull request #179 from iancmyers/rule-no-eq-null

Rule: no-eq-null
-----------------------------------------------------------------

Cherry-pick diff pair 72 is -> 
{ b3874a96f0dc20c544e324b2b9c281fa1a904817 -> a47485c5f2869cbce78bf97915c9b57b53183e68 } is a cherrypick
{ c53fe9c13c00119b8422e016805ef79809be7e30 -> 4ea578f5efa4e46c86b396659da9873bdd33207c }
Cherrypick commits SHA are -> 
a47485c5f2869cbce78bf97915c9b57b53183e68 - cherrypick - 4ea578f5efa4e46c86b396659da9873bdd33207c
---> The cherrypicked commit sha is - a47485c5f2869cbce78bf97915c9b57b53183e68
Commit message - Merge pull request #168 from jamesallardice/fix-curly-rule-do

Add support for the do-while statement to the curly rule (closes #167)
---> The original commit sha is - 4ea578f5efa4e46c86b396659da9873bdd33207c
Commit message - Add support for the do-while statement to the curly rule (closes #167)
-----------------------------------------------------------------

Cherry-pick diff pair 73 is -> 
{ 6258f8c4cbe341d00e676d9b7e422c0a9b4c6e08 -> 613b6a89952608be1ce43dafc7d41bba9e7bb4f8 } is a cherrypick
{ 7751fc79f81d77ded2c300c9f597cfb1696b3f0c -> c53fe9c13c00119b8422e016805ef79809be7e30 }
Cherrypick commits SHA are -> 
613b6a89952608be1ce43dafc7d41bba9e7bb4f8 - cherrypick - c53fe9c13c00119b8422e016805ef79809be7e30
---> The cherrypicked commit sha is - 613b6a89952608be1ce43dafc7d41bba9e7bb4f8
Commit message - Removing nasty leading underscores
---> The original commit sha is - c53fe9c13c00119b8422e016805ef79809be7e30
Commit message - Removing nasty leading underscores
-----------------------------------------------------------------

Cherry-pick diff pair 74 is -> 
{ d6e7dde92e1f8c244f01cc159ffe79b25ad8ec30 -> 616ec030b346e14358634b39e3f7563218c4daef } is a cherrypick
{ 4e212ae58168e8e4df4c18702cad6b2b84391661 -> ab21c080f083d9bee68f398cf36752102e395faf }
Cherrypick commits SHA are -> 
616ec030b346e14358634b39e3f7563218c4daef - cherrypick - ab21c080f083d9bee68f398cf36752102e395faf
---> The cherrypicked commit sha is - 616ec030b346e14358634b39e3f7563218c4daef
Commit message - Rule: no-self-compare
---> The original commit sha is - ab21c080f083d9bee68f398cf36752102e395faf
Commit message - Merge pull request #160 from ilyavolodin/no-self-compare

Rule: no-self-compare (fixes #159)
-----------------------------------------------------------------

Cherry-pick diff pair 75 is -> 
{ 1b34a8845d4fec0f89c9fb7d19ec58462dc56588 -> 89a68abe36d7fec9a5e2c0fc726f8068d95dd0b2 } is a cherrypick
{ 4a213312b2e87ec4b71261f08bebff3b46fed3d2 -> d634928d56df857079cb09031c7fcba587106ae6 }
Cherrypick commits SHA are -> 
89a68abe36d7fec9a5e2c0fc726f8068d95dd0b2 - cherrypick - d634928d56df857079cb09031c7fcba587106ae6
---> The cherrypicked commit sha is - 89a68abe36d7fec9a5e2c0fc726f8068d95dd0b2
Commit message - Merge branch 'master' of https://github.com/nzakas/eslint into count-spaces

Conflicts:
	conf/eslint.json
---> The original commit sha is - d634928d56df857079cb09031c7fcba587106ae6
Commit message - Merge pull request #141 from mduvall/count-spaces

Rule: count-spaces for multiple spaces in regular expressions
-----------------------------------------------------------------

Cherry-pick diff pair 76 is -> 
{ 3dbc5981583393cc546152845d6902321c33c341 -> 92d6ae0499fe6af1bd2e84ce87848e42dcda3ce6 } is a cherrypick
{ 8bf65152edec103df6ff9d43cbdcc7445c46e6b0 -> ad80dff0eb670c20c90d7756d4700d6132b37316 }
Cherrypick commits SHA are -> 
92d6ae0499fe6af1bd2e84ce87848e42dcda3ce6 - cherrypick - ad80dff0eb670c20c90d7756d4700d6132b37316
---> The cherrypicked commit sha is - 92d6ae0499fe6af1bd2e84ce87848e42dcda3ce6
Commit message - Rebase against master branch
---> The original commit sha is - ad80dff0eb670c20c90d7756d4700d6132b37316
Commit message - Merge pull request #117 from mathiasbynens/fix-docs

docs: Clean up structure
-----------------------------------------------------------------

Cherry-pick diff pair 77 is -> 
{ ce7b49def60b13c9f683339002a85113b0d6320e -> 0692d8616609776631f163e08b2f561bfd7091de } is a cherrypick
{ 4c246d3f407ac7b744cb17012b69c0b590744322 -> a8120d9a84f32b8631b89df8510580bc6fd2d22b }
Cherrypick commits SHA are -> 
0692d8616609776631f163e08b2f561bfd7091de - cherrypick - a8120d9a84f32b8631b89df8510580bc6fd2d22b
---> The cherrypicked commit sha is - 0692d8616609776631f163e08b2f561bfd7091de
Commit message - Rule: The Function constructor is eval
---> The original commit sha is - a8120d9a84f32b8631b89df8510580bc6fd2d22b
Commit message - Merge pull request #85 from ilyavolodin/no-new-func

Rule: The Function constructor is eval
-----------------------------------------------------------------

Cherry-pick diff pair 78 is -> 
{ 0f5855cfe06190009e6d050182086f060281e014 -> 1b1dd65558c737dd0215a4d3f610742713a94fc1 } is a cherrypick
{ 49ca68499698268026ef3476e84134fdcc654387 -> d3be1dce83168ec419c8722f13315ca3b703c253 }
Cherrypick commits SHA are -> 
1b1dd65558c737dd0215a4d3f610742713a94fc1 - cherrypick - d3be1dce83168ec419c8722f13315ca3b703c253
---> The cherrypicked commit sha is - 1b1dd65558c737dd0215a4d3f610742713a94fc1
Commit message - Add git attributes file for line endings
---> The original commit sha is - d3be1dce83168ec419c8722f13315ca3b703c253
Commit message - Merge pull request #46 from andzdroid/master

Add git attributes file for converting line endings
-----------------------------------------------------------------

