# of merges = 92
Merge commit 1 is -> 
{ 8e082e1d0db6130270ff7994c8f5e96e0ebebe68 is a merge commit
---> Commit message - Merge branch 'master' of github.com:twitter/flockdb
-----------------------------------------------------------------

Merge commit 2 is -> 
{ 2c055a07aa953c9289e7914c0b0446ef64edd1e0 is a merge commit
---> Commit message - Merge branch 'master' of github.com:twitter/flockdb
-----------------------------------------------------------------

Merge commit 3 is -> 
{ 3fa9101a0f8c60d21df21e6b6da489d883c0aa9c is a merge commit
---> Commit message - Merge branch 'master' into shard_times
-----------------------------------------------------------------

Merge commit 4 is -> 
{ f6af389beb30dda9138615999add2a1a9ae043cb is a merge commit
---> Commit message - Merge branch 'shard_times'
-----------------------------------------------------------------

Merge commit 5 is -> 
{ b49476c050ec3125752cdacb359115142e186350 is a merge commit
---> Commit message - Merge branch 'master' of github.com:twitter/flockdb
-----------------------------------------------------------------

Merge commit 6 is -> 
{ 94d143b5a42acf18c07516a44526ddb6845d8ba7 is a merge commit
---> Commit message - Merge branch 'master' of github.com:twitter/flockdb
-----------------------------------------------------------------

Merge commit 7 is -> 
{ 6b3ef37c9a41bf12661d955f566c4524116f2536 is a merge commit
---> Commit message - Merge branch 'master' of github.com:twitter/flockdb
-----------------------------------------------------------------

Merge commit 8 is -> 
{ 865160878bc9439913a46fc61bd99e6deb9ec319 is a merge commit
---> Commit message - Merge remote branch 'stevej/master'
-----------------------------------------------------------------

Merge commit 9 is -> 
{ 931143b614c7117f5bc9eb95239036414627a1a3 is a merge commit
---> Commit message - Merge branch 'sbt'
-----------------------------------------------------------------

Merge commit 10 is -> 
{ 6e889708703cd8b02d7fcacee719259ca98cfa53 is a merge commit
---> Commit message - Merge remote branch 'freels/master'
-----------------------------------------------------------------

Merge commit 11 is -> 
{ 9efd2504cb2a11fb47667e160b75848d5e748be8 is a merge commit
---> Commit message - Merge commit 'b9f557e2b83a2b5c5b94949d332bde409d96f004' into test7
-----------------------------------------------------------------

Merge commit 12 is -> 
{ 28dbb62a52fb605b67f3648422afd4b5ffdb6062 is a merge commit
---> Commit message - Merge commit '3541e1dc' into test8

Conflicts:
	project/build/Flockdb.scala
	src/main/scala/com/twitter/flockdb/jobs/Copy.scala
	src/main/scala/com/twitter/flockdb/test/EdgesDatabase.scala
	src/test/scala/com/twitter/flockdb/ConfiguredSpecification.scala
-----------------------------------------------------------------

Merge commit 13 is -> 
{ 99cfdb0154b561312ef0df164413d4f895a9429e is a merge commit
---> Commit message - Merge commit '28a800d038a35ad1684bc15dbd366f923e949c85' into test9

Conflicts:
	project/build/FlockDBProject.scala
	src/main/scala/com/twitter/flockdb/FlockDB.scala
	src/test/scala/com/twitter/flockdb/ConfiguredSpecification.scala
	src/test/scala/com/twitter/flockdb/integration/EdgesSpec.scala
-----------------------------------------------------------------

Merge commit 14 is -> 
{ 9458e9c9194586c12f9faca9573fe38b6b057680 is a merge commit
---> Commit message - Merge commit '5a4634c7d765ffc994476aece7d8232d9139f947' into test10

Conflicts:
	config/test.conf
	project/build/FlockDBProject.scala
	src/main/scala/com/twitter/flockdb/FlockDB.scala
-----------------------------------------------------------------

Merge commit 15 is -> 
{ 41cd499b8aa1420b965c38bfefc4351db3a4973e is a merge commit
---> Commit message - Merge branch 'master' into test11

Conflicts:
	project/build/FlockDBProject.scala
-----------------------------------------------------------------

Merge commit 16 is -> 
{ bcccc9369291c6c60ba566764aa2ab4bf7eddba4 is a merge commit
---> Commit message - Merge branch 'test11'
-----------------------------------------------------------------

Merge commit 17 is -> 
{ c889b5bf8f68e374e8c5b40a46029bde76328093 is a merge commit
---> Commit message - Merge branch 'gizzmo'
-----------------------------------------------------------------

Merge commit 18 is -> 
{ a3d36d49f601ace3352a1da12fe04dd6d5636b95 is a merge commit
---> Commit message - merge
-----------------------------------------------------------------

Merge commit 19 is -> 
{ cf9b6b0a6c2b387d83f1991bdd9968efa9d99cf9 is a merge commit
---> Commit message - Merge branch 'no_reflection'
-----------------------------------------------------------------

Merge commit 20 is -> 
{ a3235e82481ad8a291c079208a462dfc7fc012fa is a merge commit
---> Commit message - merge upstream
-----------------------------------------------------------------

Merge commit 21 is -> 
{ 4e70bb9b1714da1556b6aae7e67447daed635857 is a merge commit
---> Commit message - Merge branch 'master' of github.com:twitter/flockdb
-----------------------------------------------------------------

Merge commit 22 is -> 
{ 6aae671e0fc4f937fa0562e92b11f6065a9d6c94 is a merge commit
---> Commit message - merged upstream
-----------------------------------------------------------------

Merge commit 23 is -> 
{ 49b9c1946de783782380fa8f01f92bbfb0aa69ef is a merge commit
---> Commit message - Merge branch 'master' of github.com:twitter/flockdb
-----------------------------------------------------------------

Merge commit 24 is -> 
{ 20136a79b6c49e540351e22d60384cab6705c337 is a merge commit
---> Commit message - Merge branch 'master' of github.com:twitter/flockdb
-----------------------------------------------------------------

Merge commit 25 is -> 
{ c5dad44a8556ddbe81552c601994e8137102a9c8 is a merge commit
---> Commit message - Merge branch 'master' of github.com:twitter/flockdb
-----------------------------------------------------------------

Merge commit 26 is -> 
{ 69466729830331dc8979440e85395494a2c08e25 is a merge commit
---> Commit message - Merge branch 'blackhole'
-----------------------------------------------------------------

Merge commit 27 is -> 
{ 0863c1e1da57328d077ce2143023e614d817e939 is a merge commit
---> Commit message - Merge branch 'master' of github.com:twitter/flockdb
-----------------------------------------------------------------

Merge commit 28 is -> 
{ 3b0f330e57a29c88c5b12bad23c493f57d58d4c0 is a merge commit
---> Commit message - merged new timeout code
-----------------------------------------------------------------

Merge commit 29 is -> 
{ 4d252ada82669902708d6014523f1f9d7e8fc2a7 is a merge commit
---> Commit message - Merge branch 'master' of github.com:twitter/flockdb
-----------------------------------------------------------------

Merge commit 30 is -> 
{ 60c511255ef7faac7ae463a6aa26ed31d850d604 is a merge commit
---> Commit message - Merge branch 'master' of github.com:twitter/flockdb
-----------------------------------------------------------------

Merge commit 31 is -> 
{ 607f17e15681528368c370165f1da75d2bc1b96c is a merge commit
---> Commit message - Merge branch 'master' into gizzard15

Conflicts:
	project/build.properties
	project/build/FlockDBProject.scala
	src/main/scala/com/twitter/flockdb/EdgesService.scala
-----------------------------------------------------------------

Merge commit 32 is -> 
{ 34a02dcb90500b0b9ed84238cda1cb3db8b75066 is a merge commit
---> Commit message - Merge branch 'query_class'
-----------------------------------------------------------------

Merge commit 33 is -> 
{ 755899ffe24fbbbecfc04cc7ef272a522bcbbaad is a merge commit
---> Commit message - Merge branch 'master' into gizzard15

Conflicts:
	project/build/FlockDBProject.scala
	src/main/scala/com/twitter/flockdb/jobs/multi/Multi.scala
-----------------------------------------------------------------

Merge commit 34 is -> 
{ e69656d65e32050b56d91e19733c9c6eeb7c3eda is a merge commit
---> Commit message - Merge branch 'gizzard15'
-----------------------------------------------------------------

Merge commit 35 is -> 
{ dc6f6dbabed492d817f30b290d733440c3f84d26 is a merge commit
---> Commit message - Merge branch 'expire_queues'
-----------------------------------------------------------------

Merge commit 36 is -> 
{ 1e30b5902acb55410d4426ffed7fc291ffd3b11c is a merge commit
---> Commit message - Merge branch 'no_future'
-----------------------------------------------------------------

Merge commit 37 is -> 
{ b3bb2e740f306c539d3ceee1811fe4866e018da6 is a merge commit
---> Commit message - merged inline
-----------------------------------------------------------------

Merge commit 38 is -> 
{ 57a68bd5605763698b2275cc9e67e488135dfb90 is a merge commit
---> Commit message - Merge branch 'master' into multi_cluster

Conflicts:
	project/build/FlockDBProject.scala
-----------------------------------------------------------------

Merge commit 39 is -> 
{ bc4f9cddcc8a7cedf5fb6899af3c0ac6b057cc27 is a merge commit
---> Commit message - Merge branch 'multi_cluster' of github.com:twitter/flockdb into multi_cluster
-----------------------------------------------------------------

Merge commit 40 is -> 
{ bf18ba990ed947ae32d1806fe6eaa7aaeb395a1c is a merge commit
---> Commit message - Merge branch 'master' of github.com:twitter/flockdb
-----------------------------------------------------------------

Merge commit 41 is -> 
{ 203cc8209d472caca5d4760eea1e28bc1a64936f is a merge commit
---> Commit message - wip
-----------------------------------------------------------------

Merge commit 42 is -> 
{ d433e07a100077413e69a732f968571658789ffb is a merge commit
---> Commit message - Merge branch 'bulk_insanity'
-----------------------------------------------------------------

Merge commit 43 is -> 
{ f39549a1db528479d0eba75613324b8dcd03c2cd is a merge commit
---> Commit message - Merge branch 'multi_cluster' of github.com:twitter/flockdb into multi_cluster
-----------------------------------------------------------------

Merge commit 44 is -> 
{ db9158fdc62e48618a5083f5244db807d03b48a9 is a merge commit
---> Commit message - Merge branch 'multi_cluster' of github.com:twitter/flockdb into multi_cluster
-----------------------------------------------------------------

Merge commit 45 is -> 
{ da1ac7a4c3484e8cca13dfa6ad8187463d250946 is a merge commit
---> Commit message - Merge branch 'multi_cluster' of github.com:twitter/flockdb into multi_cluster
-----------------------------------------------------------------

Merge commit 46 is -> 
{ 6bb0a11aa27e3dec858b3729a9d8a8a013ed0a42 is a merge commit
---> Commit message - merged multi_cluster into master
-----------------------------------------------------------------

Merge commit 47 is -> 
{ 09f016518cb5bb227dfb5eef6ac71d5dd4fbd8f4 is a merge commit
---> Commit message - merged from master
-----------------------------------------------------------------

Merge commit 48 is -> 
{ 67593f8d5ecd1c4dfcf79918cc91e6e208f0f571 is a merge commit
---> Commit message - Merge branch 'master' of github.com:twitter/flockdb
-----------------------------------------------------------------

Merge commit 49 is -> 
{ f7e94a57972a610bfd314bc373d9b08af342a194 is a merge commit
---> Commit message - Merge branch 'master' of github.com:twitter/flockdb
-----------------------------------------------------------------

Merge commit 50 is -> 
{ 1e57540156297e1ee7a78f7364de012aff220a6b is a merge commit
---> Commit message - merged optimism
-----------------------------------------------------------------

Merge commit 51 is -> 
{ 3f639a2297ecfb47818e357bc244c9c5a40456f9 is a merge commit
---> Commit message - Merge branch 'master' of github.com:twitter/flockdb
-----------------------------------------------------------------

Merge commit 52 is -> 
{ e822bd5b4c98c1b54f07a3a501466ed1978fe87f is a merge commit
---> Commit message - Merge branch 'master' of github.com:twitter/flockdb
-----------------------------------------------------------------

Merge commit 53 is -> 
{ 181ea24e5292e1524fd66d0b87982760d5f70d97 is a merge commit
---> Commit message - Merge branch 'intrashard_repair_multi'

Conflicts:
	config/test.scala
	project/build/FlockDBProject.scala
	src/main/scala/com/twitter/flockdb/Edge.scala
	src/main/scala/com/twitter/flockdb/State.scala
	src/main/scala/com/twitter/flockdb/jobs/multi/Multi.scala
	src/main/scala/com/twitter/flockdb/shards/Shard.scala
	src/test/scala/com/twitter/flockdb/ConfiguredSpecification.scala
-----------------------------------------------------------------

Merge commit 54 is -> 
{ 040c5d4cac0fd1aaaa5b364db3c07ce96b11f87d is a merge commit
---> Commit message - Merge branch 'diff_shards'

Conflicts:
	project/build/FlockDBProject.scala
	src/main/scala/com/twitter/flockdb/jobs/Diff.scala
-----------------------------------------------------------------

Merge commit 55 is -> 
{ a862cc0c0bb64c175aab1706371661bbede5eafe is a merge commit
---> Commit message - Merge branch 'master' of github.com:twitter/flockdb

Conflicts:
	project/build.properties
-----------------------------------------------------------------

Merge commit 56 is -> 
{ 362e387f18e6c6e397ff9893918299253a96b338 is a merge commit
---> Commit message - Merge branch 'intrashard_repair_multi'
-----------------------------------------------------------------

Merge commit 57 is -> 
{ 4621b9954a8e3328f6989247bdc1b87df389b12b is a merge commit
---> Commit message - Merge branch 'gizzard-2-1-0'

Conflicts:
	project/build.properties
-----------------------------------------------------------------

Merge commit 58 is -> 
{ 7858265ef186f3431ef20f53737f73ca22597360 is a merge commit
---> Commit message - Merge branch 'master' of github.com:twitter/flockdb

Conflicts:
	project/build.properties
	project/build/FlockDBProject.scala
-----------------------------------------------------------------

Merge commit 59 is -> 
{ cbfcd88b82c346043970d387f2ea61ed7bf99a60 is a merge commit
---> Commit message - Merge branch 'fast-repair'
-----------------------------------------------------------------

Merge commit 60 is -> 
{ 7a94c796504ec9521e69155f87f5db8b822509f1 is a merge commit
---> Commit message - Merge branch 'busy-repair'
-----------------------------------------------------------------

Merge commit 61 is -> 
{ d97e7c3769bdb0b272ec9e64323e5e9060df80d6 is a merge commit
---> Commit message - Merge branch 'master' into improved_stats

Conflicts:
	project/build.properties
-----------------------------------------------------------------

Merge commit 62 is -> 
{ 2dc65f406c6f37015075a8277be83dcd804116b6 is a merge commit
---> Commit message - Merge branch 'master' into improved_stats

Conflicts:
	project/build.properties
-----------------------------------------------------------------

Merge commit 63 is -> 
{ 114dcd30a0f09daf7b16c7e5ce5da55e3fa8b0a8 is a merge commit
---> Commit message - Merge branch 'master' into improved_stats

Conflicts:
	project/build.properties
	project/build/FlockDBProject.scala
-----------------------------------------------------------------

Merge commit 64 is -> 
{ bb0df957d4d9761cc2cc743a44a4bb4c590686a0 is a merge commit
---> Commit message - Merge remote-tracking branch 'origin/improved_stats' into gizzard_3

Conflicts:
	config/development.scala
	project/build/FlockDBProject.scala
	src/main/scala/com/twitter/flockdb/shards/SqlShard.scala
	src/test/scala/com/twitter/flockdb/unit/JobSpec.scala
-----------------------------------------------------------------

Merge commit 65 is -> 
{ fd126b65142dae0f60debfe09d9032a1abe3154b is a merge commit
---> Commit message - Merge branch 'improved_stats' into gizzard_3

Conflicts:
	project/build.properties
	src/test/scala/com/twitter/flockdb/unit/JobSpec.scala
-----------------------------------------------------------------

Merge commit 66 is -> 
{ b7668b25978ea240e41fcdaf818e11c156e5bb83 is a merge commit
---> Commit message - Merge branch 'improved_stats' into gizzard_3

Conflicts:
	project/build.properties
-----------------------------------------------------------------

Merge commit 67 is -> 
{ bfd652c75f148404333a9c53803e8e68097f1e11 is a merge commit
---> Commit message - Merge pull request #60 from caniszczyk/master

The previous license was superfluous.
-----------------------------------------------------------------

Merge commit 68 is -> 
{ 30624f3826bdf389d618abfb5f3fc5e4086466c2 is a merge commit
---> Commit message - Merge branch 'master' into consolidated_jobs
-----------------------------------------------------------------

Merge commit 69 is -> 
{ 79254197373b5b0bbfc695d69c370245287f9870 is a merge commit
---> Commit message - Merge remote-tracking branch 'origin/memoize_writes'
-----------------------------------------------------------------

Merge commit 70 is -> 
{ b6cd936af2dac84d5392dc740ad3a3b1cfb59838 is a merge commit
---> Commit message - Merge branch 'master' of github.com:twitter/flockdb
-----------------------------------------------------------------

Merge commit 71 is -> 
{ 684ef53a0cc757dfc95a89a7eacb05ee65678e5b is a merge commit
---> Commit message - Merge pull request #67 from twitter/boaz_demofix

Update demo to work as intended

Update documentation for current versions and command usage, update mkshards script to use correct commands and be deprecated and dev config for consistency.
-----------------------------------------------------------------

Merge commit 72 is -> 
{ ab0b8833f96bd506493d19ae436b0d91e24698b7 is a merge commit
---> Commit message - Merge pull request #68 from bmatheny/patch-1

TYPE is no longer a supported modifier on 'CREATE TABLE' as of MySQL 5.1.
-----------------------------------------------------------------

Merge commit 73 is -> 
{ 4d491c85ddcc572f0e442c3b40e7f44ce1043ea3 is a merge commit
---> Commit message - Merge branch 'master' into copy_repair

Conflicts:
	project/build/FlockDBProject.scala
-----------------------------------------------------------------

Merge commit 74 is -> 
{ fc9de2e12a35d8de61107d2d6a6ff7bcf02acba2 is a merge commit
---> Commit message - Merge branch 'kestrel_collection'
-----------------------------------------------------------------

Merge commit 75 is -> 
{ 2788be059842cab4990545ee473c13d78dc1a892 is a merge commit
---> Commit message - Merge branch 'temp_master' into copy_repair

Conflicts:
	project/build.properties
	project/build/FlockDBProject.scala
-----------------------------------------------------------------

Merge commit 76 is -> 
{ 17b92b5d5461847e278d995492f61e4996e53df9 is a merge commit
---> Commit message - Merge pull request #72 from twitter/copy_repair

Implement copy/repairs
-----------------------------------------------------------------

Merge commit 77 is -> 
{ 483cea61ae14718cbe0c060240efee4e5dbbf13f is a merge commit
---> Commit message - Merge from master
-----------------------------------------------------------------

Merge commit 78 is -> 
{ 31fa822a50129b00f01fcdd16ada3875c7594a65 is a merge commit
---> Commit message - Merge remote-tracking branch 'origin/master' into collect_per_graph_stats
-----------------------------------------------------------------

Merge commit 79 is -> 
{ 7f9a623e3409858c0623bdb2b2f2e65398652756 is a merge commit
---> Commit message - Merge pull request #75 from twitter/collect_per_graph_stats

Collect stats on thrift calls per graph id
-----------------------------------------------------------------

Merge commit 80 is -> 
{ e83f167833ac191f4d248fc694d7ee3c8274340e is a merge commit
---> Commit message - Merge from master
-----------------------------------------------------------------

Merge commit 81 is -> 
{ 788b4ea56be0ebd4d61cb59a6ee0f91528f06c46 is a merge commit
---> Commit message - Merge remote branch 'origin/scrooge'
-----------------------------------------------------------------

Merge commit 82 is -> 
{ 4aab2565696e523cef0be4afe11888cd3404c0e2 is a merge commit
---> Commit message - Merge branch 'remove_bad_jobs_json_job_logger' into use_gizzard_3_0_2
-----------------------------------------------------------------

Merge commit 83 is -> 
{ 4bdf810cfad507c7fbbe21a00bedd27113a4078d is a merge commit
---> Commit message - Merge pull request #84 from twitter/use_gizzard_3_0_2

Use gizzard 3 0 2
-----------------------------------------------------------------

Merge commit 84 is -> 
{ 89702db0ea1b6fbf426b97dda27cd1e3f42a1ea6 is a merge commit
---> Commit message - Merge
-----------------------------------------------------------------

Merge commit 85 is -> 
{ 9271fa3ca888193ae7d9a2a4d986bd63c0bc7977 is a merge commit
---> Commit message - Merge pull request #85 from twitter/fix_logging

Get LoggingProxy working with the finagle-ized flockdb
-----------------------------------------------------------------

Merge commit 86 is -> 
{ 0c19c96e15f072eb6dfbacba52332f92a50c6fde is a merge commit
---> Commit message - Merge branch 'master' into fix_difference_query

Conflicts:
	src/main/scala/com/twitter/flockdb/queries/DifferenceQuery.scala
	src/test/scala/com/twitter/flockdb/unit/IntersectionQuerySpec.scala
-----------------------------------------------------------------

Merge commit 87 is -> 
{ fe1f6e8e1cb83afa12cfc9253b4eff7ee821c2a6 is a merge commit
---> Commit message - Merge remote branch 'github/1.8.0-alpha20-deploy'

Conflicts:
	project/build.properties
	project/build/FlockDBProject.scala
-----------------------------------------------------------------

Merge commit 88 is -> 
{ 62661eb1fb8ff222a70c0e9921e76185830fd2eb is a merge commit
---> Commit message - Merge pull request #87 from twitter/upgrade_querulous

Upgrade querulous
-----------------------------------------------------------------

Merge commit 89 is -> 
{ e1fb576d0b6da9b066b97990d4b3e48d86fc8d89 is a merge commit
---> Commit message - Merge branch 'master' into fix_difference_query
-----------------------------------------------------------------

Merge commit 90 is -> 
{ 48fcca1b6ed2d329ba05b22ae3639e25108985e1 is a merge commit
---> Commit message - Merge pull request #86 from twitter/fix_difference_query

Make DifferenceQuery obey page size
-----------------------------------------------------------------

Merge commit 91 is -> 
{ 47ff42435c29690310409fb61f4cc0c5958ad409 is a merge commit
---> Commit message - Merge pull request #88 from twitter/fix_select_single_counter

Fix the select-single Stat which was broken in finagle-ized flockdb
-----------------------------------------------------------------

Merge commit 92 is -> 
{ 3e35184203117eee28f7c0c147057cdea8969e5c is a merge commit
---> Commit message - Merge pull request #92 from ksauzz/fix-demo

change shard_id to valid format. gizzmo-0.15.1 expanded shard_id validation.
-----------------------------------------------------------------

