# of cherry-picks = 11
Cherry-pick diff pair 1 is -> 
{ c132fe81a6ca8ca14847037ea73128e52698d68f -> f2c2916011d5b3ca490b04ea51b55a17c9b8fd36 } is a cherrypick
{ d421b2ecd9959eb48f49bd72149f2af615660a65 -> bfd652c75f148404333a9c53803e8e68097f1e11 }
Cherrypick commits SHA are -> 
f2c2916011d5b3ca490b04ea51b55a17c9b8fd36 - cherrypick - bfd652c75f148404333a9c53803e8e68097f1e11
---> The cherrypicked commit sha is - f2c2916011d5b3ca490b04ea51b55a17c9b8fd36
Commit message - Modify LICENSE

The previous license was superfluous.
---> The original commit sha is - bfd652c75f148404333a9c53803e8e68097f1e11
Commit message - Merge pull request #60 from caniszczyk/master

The previous license was superfluous.
-----------------------------------------------------------------

Cherry-pick diff pair 2 is -> 
{ ef762a0b45612bd88740eb7e1624a2adc104775c -> 6c62d62285f55011751b2eb61e55d741ffd16c32 } is a cherrypick
{ fd126b65142dae0f60debfe09d9032a1abe3154b -> b7668b25978ea240e41fcdaf818e11c156e5bb83 }
Cherrypick commits SHA are -> 
6c62d62285f55011751b2eb61e55d741ffd16c32 - cherrypick - b7668b25978ea240e41fcdaf818e11c156e5bb83
---> The cherrypicked commit sha is - 6c62d62285f55011751b2eb61e55d741ffd16c32
Commit message - Revert "get rid of "optimization" that was breaking 2nd order intersections"

This reverts commit 8b01c301c3ba2004f9f724becabc80ce0edff047.
---> The original commit sha is - b7668b25978ea240e41fcdaf818e11c156e5bb83
Commit message - Merge branch 'improved_stats' into gizzard_3

Conflicts:
	project/build.properties
-----------------------------------------------------------------

Cherry-pick diff pair 3 is -> 
{ e711ecd63ec03f094bf85500882236d4278b58ec -> aa81f097793d9124255cf848f60e7038f2bd6215 } is a cherrypick
{ bf67fd70e0213edaed17b29f92b1828ba5792153 -> f7e94a57972a610bfd314bc373d9b08af342a194 }
Cherrypick commits SHA are -> 
aa81f097793d9124255cf848f60e7038f2bd6215 - cherrypick - f7e94a57972a610bfd314bc373d9b08af342a194
---> The cherrypicked commit sha is - aa81f097793d9124255cf848f60e7038f2bd6215
Commit message - fix configs to work in dev/test environment.
---> The original commit sha is - f7e94a57972a610bfd314bc373d9b08af342a194
Commit message - Merge branch 'master' of github.com:twitter/flockdb
-----------------------------------------------------------------

Cherry-pick diff pair 4 is -> 
{ 5e975f8029c55687d6fa2fbfd65f921a878e8389 -> f39549a1db528479d0eba75613324b8dcd03c2cd } is a cherrypick
{ 6e632dd6c42f0dfe1908db4b19e9e017c70f5ab3 -> da1ac7a4c3484e8cca13dfa6ad8187463d250946 }
Cherrypick commits SHA are -> 
f39549a1db528479d0eba75613324b8dcd03c2cd - cherrypick - da1ac7a4c3484e8cca13dfa6ad8187463d250946
---> The cherrypicked commit sha is - f39549a1db528479d0eba75613324b8dcd03c2cd
Commit message - Merge branch 'multi_cluster' of github.com:twitter/flockdb into multi_cluster
---> The original commit sha is - da1ac7a4c3484e8cca13dfa6ad8187463d250946
Commit message - Merge branch 'multi_cluster' of github.com:twitter/flockdb into multi_cluster
-----------------------------------------------------------------

Cherry-pick diff pair 5 is -> 
{ 4fe5a9a8b28c59dc323f0d7b364a097b0de1f1a3 -> db9158fdc62e48618a5083f5244db807d03b48a9 } is a cherrypick
{ 6e632dd6c42f0dfe1908db4b19e9e017c70f5ab3 -> da1ac7a4c3484e8cca13dfa6ad8187463d250946 }
Cherrypick commits SHA are -> 
db9158fdc62e48618a5083f5244db807d03b48a9 - cherrypick - da1ac7a4c3484e8cca13dfa6ad8187463d250946
---> The cherrypicked commit sha is - db9158fdc62e48618a5083f5244db807d03b48a9
Commit message - Merge branch 'multi_cluster' of github.com:twitter/flockdb into multi_cluster
---> The original commit sha is - da1ac7a4c3484e8cca13dfa6ad8187463d250946
Commit message - Merge branch 'multi_cluster' of github.com:twitter/flockdb into multi_cluster
-----------------------------------------------------------------

Cherry-pick diff pair 6 is -> 
{ 5e975f8029c55687d6fa2fbfd65f921a878e8389 -> f39549a1db528479d0eba75613324b8dcd03c2cd } is a cherrypick
{ 4fe5a9a8b28c59dc323f0d7b364a097b0de1f1a3 -> db9158fdc62e48618a5083f5244db807d03b48a9 }
Cherrypick commits SHA are -> 
f39549a1db528479d0eba75613324b8dcd03c2cd - cherrypick - db9158fdc62e48618a5083f5244db807d03b48a9
---> The cherrypicked commit sha is - f39549a1db528479d0eba75613324b8dcd03c2cd
Commit message - Merge branch 'multi_cluster' of github.com:twitter/flockdb into multi_cluster
---> The original commit sha is - db9158fdc62e48618a5083f5244db807d03b48a9
Commit message - Merge branch 'multi_cluster' of github.com:twitter/flockdb into multi_cluster
-----------------------------------------------------------------

Cherry-pick diff pair 7 is -> 
{ 4c9ad79f5a7719061082487fb47628524ad12825 -> 20e14f3c1e35b0528d820b3ab0592d7a23647b00 } is a cherrypick
{ 627fc32a60e1758c0b791f54709d32d5d0db9fad -> 20136a79b6c49e540351e22d60384cab6705c337 }
Cherrypick commits SHA are -> 
20e14f3c1e35b0528d820b3ab0592d7a23647b00 - cherrypick - 20136a79b6c49e540351e22d60384cab6705c337
---> The cherrypicked commit sha is - 20e14f3c1e35b0528d820b3ab0592d7a23647b00
Commit message - Add some documentation to the Page struct to make it clearer what
CURSOR_START is.
---> The original commit sha is - 20136a79b6c49e540351e22d60384cab6705c337
Commit message - Merge branch 'master' of github.com:twitter/flockdb
-----------------------------------------------------------------

Cherry-pick diff pair 8 is -> 
{ 9f3e51cfe6d3759042417085983c1ed4d841b0b9 -> b9f557e2b83a2b5c5b94949d332bde409d96f004 } is a cherrypick
{ 8638e7ca6f40ccbfbc001f5ac6297253bf4d7537 -> 9efd2504cb2a11fb47667e160b75848d5e748be8 }
Cherrypick commits SHA are -> 
b9f557e2b83a2b5c5b94949d332bde409d96f004 - cherrypick - 9efd2504cb2a11fb47667e160b75848d5e748be8
---> The cherrypicked commit sha is - b9f557e2b83a2b5c5b94949d332bde409d96f004
Commit message - factor out EdgesService.
---> The original commit sha is - 9efd2504cb2a11fb47667e160b75848d5e748be8
Commit message - Merge commit 'b9f557e2b83a2b5c5b94949d332bde409d96f004' into test7
-----------------------------------------------------------------

Cherry-pick diff pair 9 is -> 
{ 83451037d99eaf70266d00da8f25e81db2134a1f -> d76d3859966c2617e241b555594696e364a7f16d } is a cherrypick
{ 9deb20a22e734e85f04d7fb79649dcf277f3fe7a -> b49476c050ec3125752cdacb359115142e186350 }
Cherrypick commits SHA are -> 
d76d3859966c2617e241b555594696e364a7f16d - cherrypick - b49476c050ec3125752cdacb359115142e186350
---> The cherrypicked commit sha is - d76d3859966c2617e241b555594696e364a7f16d
Commit message - Use the gizzard shard IdGenerator
---> The original commit sha is - b49476c050ec3125752cdacb359115142e186350
Commit message - Merge branch 'master' of github.com:twitter/flockdb
-----------------------------------------------------------------

Cherry-pick diff pair 10 is -> 
{ 8e082e1d0db6130270ff7994c8f5e96e0ebebe68 -> 85830dfa4261a2e24a4356d65b43c56ca6918e07 } is a cherrypick
{ ab08b3f63b8ec84082ac7d857c3b79bea99bf14f -> 2c055a07aa953c9289e7914c0b0446ef64edd1e0 }
Cherrypick commits SHA are -> 
85830dfa4261a2e24a4356d65b43c56ca6918e07 - cherrypick - 2c055a07aa953c9289e7914c0b0446ef64edd1e0
---> The cherrypicked commit sha is - 85830dfa4261a2e24a4356d65b43c56ca6918e07
Commit message - Refactor State and UuidGenerator to flockdb package
---> The original commit sha is - 2c055a07aa953c9289e7914c0b0446ef64edd1e0
Commit message - Merge branch 'master' of github.com:twitter/flockdb
-----------------------------------------------------------------

Cherry-pick diff pair 11 is -> 
{ 31d7de664a993f1a0b4b2c98ac0b5a87ac4786cf -> e152da8e91a66e8713d3570274d3f38d45aef209 } is a cherrypick
{ 25c0dc6eb3f4af45b302df75e3d225ad6d1e4c15 -> 8e082e1d0db6130270ff7994c8f5e96e0ebebe68 }
Cherrypick commits SHA are -> 
e152da8e91a66e8713d3570274d3f38d45aef209 - cherrypick - 8e082e1d0db6130270ff7994c8f5e96e0ebebe68
---> The cherrypicked commit sha is - e152da8e91a66e8713d3570274d3f38d45aef209
Commit message - more polite readme
---> The original commit sha is - 8e082e1d0db6130270ff7994c8f5e96e0ebebe68
Commit message - Merge branch 'master' of github.com:twitter/flockdb
-----------------------------------------------------------------

