# of partial cherrypicks = 10
Partial Cherry-pick diff pair 1 is -> 
{ 078f57ddc5afd97872f2aacef7b4f51dd2c1629f -> b50bb360ba3330aa716f683f0c2e8a95f7a56300 } is a cherrypick
{ c7977cee4ab4aef742b16c66d4a92f0c2b1e68e4 -> 323f37bb7c8cddd86e994402c46b81fb4bb5b708 }
Partial Cherry-pick commits SHA are -> 
b50bb360ba3330aa716f683f0c2e8a95f7a56300 - cherrypick - 323f37bb7c8cddd86e994402c46b81fb4bb5b708
---> The cherrypicked commit sha is - b50bb360ba3330aa716f683f0c2e8a95f7a56300
Commit message - Add `bug-reports` cabal field

This causes Hackage to point to the current issue tracker
---> The original commit sha is - 323f37bb7c8cddd86e994402c46b81fb4bb5b708
Commit message - Merge branch 'master' of https://github.com/ndmitchell/hlint
---> The files with partial_cherrypicks are:-
hlint.cabal
-----------------------------------------------------------------

Partial Cherry-pick diff pair 2 is -> 
{ 1456f3a0ee8a139211fe4f971620fc0a6b1afd5c -> e12b7d00db3737889ce9fb46a01bb3fb16ebdac0 } is a cherrypick
{ f8aa0e6875853b5e33abf86c70cc170c10257a54 -> 7577e4b650b9ddbde10cd17fa4dfe4fc7be274a9 }
Partial Cherry-pick commits SHA are -> 
e12b7d00db3737889ce9fb46a01bb3fb16ebdac0 - cherrypick - 7577e4b650b9ddbde10cd17fa4dfe4fc7be274a9
---> The cherrypicked commit sha is - e12b7d00db3737889ce9fb46a01bb3fb16ebdac0
Commit message - Fix up a few conflicts
---> The original commit sha is - 7577e4b650b9ddbde10cd17fa4dfe4fc7be274a9
Commit message - Add back extension, missed due to CPP
---> The files with partial_cherrypicks are:-
src/Util.hs
-----------------------------------------------------------------

Partial Cherry-pick diff pair 3 is -> 
{ 784526ef4e73b27909794773e16d64a3a4d15e8c -> 57500bcfd25a9e4d5b827c2816c46bf7e496829a } is a cherrypick
{ 5c889ff4bbf69d4a3eeafb9f8272a239c136cfe6 -> 40c893d7cc6c662f8b4c8734e0ce7786deb12dc5 }
Partial Cherry-pick commits SHA are -> 
57500bcfd25a9e4d5b827c2816c46bf7e496829a - cherrypick - 40c893d7cc6c662f8b4c8734e0ce7786deb12dc5
---> The cherrypicked commit sha is - 57500bcfd25a9e4d5b827c2816c46bf7e496829a
Commit message - Remove 3 redundant language extensions, spotted by HLint
---> The original commit sha is - 40c893d7cc6c662f8b4c8734e0ce7786deb12dc5
Commit message - Remove a redundant language extension, spotted by HLint
---> The files with partial_cherrypicks are:-
src/Util.hs
-----------------------------------------------------------------

Partial Cherry-pick diff pair 4 is -> 
{ bb73cea71db0feabf0cbfa9a35c3e3bf61f3b02c -> c1810293de21ceeb456329b5ad88eda02bcd75e0 } is a cherrypick
{ 5c889ff4bbf69d4a3eeafb9f8272a239c136cfe6 -> 40c893d7cc6c662f8b4c8734e0ce7786deb12dc5 }
Partial Cherry-pick commits SHA are -> 
c1810293de21ceeb456329b5ad88eda02bcd75e0 - cherrypick - 40c893d7cc6c662f8b4c8734e0ce7786deb12dc5
---> The cherrypicked commit sha is - c1810293de21ceeb456329b5ad88eda02bcd75e0
Commit message - Fix up a few hlint warnings
---> The original commit sha is - 40c893d7cc6c662f8b4c8734e0ce7786deb12dc5
Commit message - Remove a redundant language extension, spotted by HLint
---> The files with partial_cherrypicks are:-
src/Util.hs
-----------------------------------------------------------------

Partial Cherry-pick diff pair 5 is -> 
{ e4ae817cabd11952d32dd51ef1f987870a8bd395 -> f5735fe1c082a1a506b68b1f35fcdb7d6bf594a9 } is a cherrypick
{ ae00a6b1802e4ca716f7e6da76c560deea647a69 -> 8a4b4e3083453beeccc33e35cfa34b57c796acf7 }
Partial Cherry-pick commits SHA are -> 
f5735fe1c082a1a506b68b1f35fcdb7d6bf594a9 - cherrypick - 8a4b4e3083453beeccc33e35cfa34b57c796acf7
---> The cherrypicked commit sha is - f5735fe1c082a1a506b68b1f35fcdb7d6bf594a9
Commit message - Upgrade to haskell-src-exts-1.14
---> The original commit sha is - 8a4b4e3083453beeccc33e35cfa34b57c796acf7
Commit message - Merge branch 'master' of https://github.com/ndmitchell/hlint
---> The files with partial_cherrypicks are:-
src/CmdLine.hs
src/Proof.hs
src/Util.hs
-----------------------------------------------------------------

Partial Cherry-pick diff pair 6 is -> 
{ 1456f3a0ee8a139211fe4f971620fc0a6b1afd5c -> e12b7d00db3737889ce9fb46a01bb3fb16ebdac0 } is a cherrypick
{ 4dc0818ac745bf3f71148e378c45fd3458b109ef -> 405c7faf4ae5114e131afffb20f8535ca636eb6a }
Partial Cherry-pick commits SHA are -> 
e12b7d00db3737889ce9fb46a01bb3fb16ebdac0 - cherrypick - 405c7faf4ae5114e131afffb20f8535ca636eb6a
---> The cherrypicked commit sha is - e12b7d00db3737889ce9fb46a01bb3fb16ebdac0
Commit message - Fix up a few conflicts
---> The original commit sha is - 405c7faf4ae5114e131afffb20f8535ca636eb6a
Commit message - Reinstate the PatternGuards thing, is used in one #ifdef
---> The files with partial_cherrypicks are:-
src/Util.hs
-----------------------------------------------------------------

Partial Cherry-pick diff pair 7 is -> 
{ 784526ef4e73b27909794773e16d64a3a4d15e8c -> 57500bcfd25a9e4d5b827c2816c46bf7e496829a } is a cherrypick
{ eebf45fef234426c09a16b0203b3f410bc344d4c -> 1456f3a0ee8a139211fe4f971620fc0a6b1afd5c }
Partial Cherry-pick commits SHA are -> 
57500bcfd25a9e4d5b827c2816c46bf7e496829a - cherrypick - 1456f3a0ee8a139211fe4f971620fc0a6b1afd5c
---> The cherrypicked commit sha is - 57500bcfd25a9e4d5b827c2816c46bf7e496829a
Commit message - Remove 3 redundant language extensions, spotted by HLint
---> The original commit sha is - 1456f3a0ee8a139211fe4f971620fc0a6b1afd5c
Commit message - Add a PatternGuards language pragma that was accidentally dropped
---> The files with partial_cherrypicks are:-
src/Util.hs
-----------------------------------------------------------------

Partial Cherry-pick diff pair 8 is -> 
{ bb73cea71db0feabf0cbfa9a35c3e3bf61f3b02c -> c1810293de21ceeb456329b5ad88eda02bcd75e0 } is a cherrypick
{ eebf45fef234426c09a16b0203b3f410bc344d4c -> 1456f3a0ee8a139211fe4f971620fc0a6b1afd5c }
Partial Cherry-pick commits SHA are -> 
c1810293de21ceeb456329b5ad88eda02bcd75e0 - cherrypick - 1456f3a0ee8a139211fe4f971620fc0a6b1afd5c
---> The cherrypicked commit sha is - c1810293de21ceeb456329b5ad88eda02bcd75e0
Commit message - Fix up a few hlint warnings
---> The original commit sha is - 1456f3a0ee8a139211fe4f971620fc0a6b1afd5c
Commit message - Add a PatternGuards language pragma that was accidentally dropped
---> The files with partial_cherrypicks are:-
src/Util.hs
-----------------------------------------------------------------

Partial Cherry-pick diff pair 9 is -> 
{ 332d6cf5db4f6084ee5c2eec847deec995f5b0e8 -> abd075cdd53f4f786bebe328dfa52980eefbb75b } is a cherrypick
{ 25aa532dc9f3428703bc59ad42f96b08ae325f01 -> 2734bd4a51ae9680ef8206bdcb5312dfbb82677c }
Partial Cherry-pick commits SHA are -> 
abd075cdd53f4f786bebe328dfa52980eefbb75b - cherrypick - 2734bd4a51ae9680ef8206bdcb5312dfbb82677c
---> The cherrypicked commit sha is - abd075cdd53f4f786bebe328dfa52980eefbb75b
Commit message - Eliminate System.IO.Unsafe, restructure the parallel bits
---> The original commit sha is - 2734bd4a51ae9680ef8206bdcb5312dfbb82677c
Commit message - Add a disjoint function
---> The files with partial_cherrypicks are:-
src/Util.hs
-----------------------------------------------------------------

Partial Cherry-pick diff pair 10 is -> 
{ bdd9c584b1ceb5e9a64d38071921e206224c73e9 -> d298f1cf0d2c1a27640c778b542f15dd43cde4c9 } is a cherrypick
{ cb0ddbe6ee897b4006f447aef4a966503c8b6721 -> 43c7b6ae53dad70092a686c47b85384c3514cf95 }
Partial Cherry-pick commits SHA are -> 
d298f1cf0d2c1a27640c778b542f15dd43cde4c9 - cherrypick - 43c7b6ae53dad70092a686c47b85384c3514cf95
---> The cherrypicked commit sha is - d298f1cf0d2c1a27640c778b542f15dd43cde4c9
Commit message - Give better names, without the generated Yhc gunk
---> The original commit sha is - 43c7b6ae53dad70092a686c47b85384c3514cf95
Commit message - Desugar $'s, add two tests
---> The files with partial_cherrypicks are:-
Sample.hs
-----------------------------------------------------------------

