# of merges = 30
Merge commit 1 is -> 
{ 8a4b4e3083453beeccc33e35cfa34b57c796acf7 is a merge commit
---> Commit message - Merge branch 'master' of https://github.com/ndmitchell/hlint
-----------------------------------------------------------------

Merge commit 2 is -> 
{ 234f77ab93a97d4c5906447ecb300036565f5e9f is a merge commit
---> Commit message - Merge branch 'master' of https://github.com/ndmitchell/hlint

Conflicts:
	CHANGES.txt
-----------------------------------------------------------------

Merge commit 3 is -> 
{ 3e8cfd55d9a0fc7fbf581fcb8e185110c0a29f4b is a merge commit
---> Commit message - Merge branch 'master' of https://github.com/ndmitchell/hlint
-----------------------------------------------------------------

Merge commit 4 is -> 
{ 94a65ea3d47d9a39cc0a66426d85b038283d79c4 is a merge commit
---> Commit message - Merge pull request #9 from Kaligule/master

Added actual README.md
-----------------------------------------------------------------

Merge commit 5 is -> 
{ 7eff1725a1221252798a5b0880ca5e25692b6f85 is a merge commit
---> Commit message - Merge pull request #11 from Kaligule/master

symmetric case is tested
-----------------------------------------------------------------

Merge commit 6 is -> 
{ 4bb86b383c5922c8e20e0022f29f762d79382fc6 is a merge commit
---> Commit message - Merge pull request #17 from Kaligule/patch-1

Update Acknowledgements in README
-----------------------------------------------------------------

Merge commit 7 is -> 
{ 2f47073d683cc990a0980bfd1bf74726998276c6 is a merge commit
---> Commit message - Merge pull request #26 from ibotty/newtype-derive-test

add testcase for newtype deriving
-----------------------------------------------------------------

Merge commit 8 is -> 
{ 67431beea815fcb9ca55b6af9517f36ee4f5e962 is a merge commit
---> Commit message - Merge pull request #27 from bennofs/master

Use .hs and .lhs as default file extension
-----------------------------------------------------------------

Merge commit 9 is -> 
{ 72cdce92bb951bc59832ee2429c1c2a5890a9262 is a merge commit
---> Commit message - Merge branch 'master' of https://github.com/ndmitchell/hlint
-----------------------------------------------------------------

Merge commit 10 is -> 
{ a3fe6ab470f01fa50afb961720e3b285100064ce is a merge commit
---> Commit message - Merge pull request #32 from hvr/pr/bug-reports

Add `bug-reports` cabal field
-----------------------------------------------------------------

Merge commit 11 is -> 
{ 323f37bb7c8cddd86e994402c46b81fb4bb5b708 is a merge commit
---> Commit message - Merge branch 'master' of https://github.com/ndmitchell/hlint
-----------------------------------------------------------------

Merge commit 12 is -> 
{ e4e346212389a7e8f62374ff3596910c563cebff is a merge commit
---> Commit message - Merge pull request #42 from nomeata/master

iterate id and zipWith/repeat rules (Closes #41)
-----------------------------------------------------------------

Merge commit 13 is -> 
{ d86f81ed64a900c85cd83479a916c404508e39e1 is a merge commit
---> Commit message - Merge pull request #45 from bergmark/mapMaybe-id

mapMaybe id ==> catMaybes
-----------------------------------------------------------------

Merge commit 14 is -> 
{ b4ceaca198381bd9dee1894222df08e2842496f7 is a merge commit
---> Commit message - Merge pull request #51 from rodrigosetti/patch-1

Fix a couple of broken links in README.md
-----------------------------------------------------------------

Merge commit 15 is -> 
{ 0ee5b7a3fcc649921cdce2fb31bb1d70678bd870 is a merge commit
---> Commit message - Merge pull request #52 from hollingberry/patch-1

Switch to SVG Travis badge
-----------------------------------------------------------------

Merge commit 16 is -> 
{ cd011502506955efe9978c7c7181fea3bc7f932e is a merge commit
---> Commit message - Merge pull request #56 from hvr/pr-fix-ghc70

Enable TypeSynonymInstances to satisfy GHC 7.0
-----------------------------------------------------------------

Merge commit 17 is -> 
{ 94788c8c3a76064cd9683c1ef689c5cfb63a98ca is a merge commit
---> Commit message - Merge pull request #61 from carymrobbins/add-json

Added --json option and tests.
-----------------------------------------------------------------

Merge commit 18 is -> 
{ 3e3c237e209303ca5b9c7ed34fcad9cbe4be8ba9 is a merge commit
---> Commit message - Merge pull request #63 from pjonsson/lint-fixes

HLint fixes.
-----------------------------------------------------------------

Merge commit 19 is -> 
{ 695c6177a9f0c0719b7f006d5b6bf9d8727cf268 is a merge commit
---> Commit message - Merge pull request #64 from carymrobbins/add-json

Added source spans as keys in json instead of array.
-----------------------------------------------------------------

Merge commit 20 is -> 
{ 8746e369b10794585e78953a833e43836283b899 is a merge commit
---> Commit message - Merge pull request #68 from iustin/master

Add a --no-summary option for cmdline output
-----------------------------------------------------------------

Merge commit 21 is -> 
{ 8748692389a8976ffc90be5a76ba99a16023c6b9 is a merge commit
---> Commit message - Merge pull request #69 from iustin/fixes

Remove executable bit from source files
-----------------------------------------------------------------

Merge commit 22 is -> 
{ bebbf3c2f568492e0b7ebb7d2fd84192509ec94e is a merge commit
---> Commit message - Merge pull request #72 from iustin/colours

Change colour output behaviour
-----------------------------------------------------------------

Merge commit 23 is -> 
{ aceedf1fd3dbbb5d85d008a30ea0adffc5ea1390 is a merge commit
---> Commit message - Merge pull request #74 from iustin/colours

Allow bare --color argument
-----------------------------------------------------------------

Merge commit 24 is -> 
{ e3361e85ac70b28ed2254cb88f8efdba3d215aa8 is a merge commit
---> Commit message - Merge pull request #81 from remdezx/master

Added FlexibleContexts flag required by ghc-7.9
-----------------------------------------------------------------

Merge commit 25 is -> 
{ 24af0b75c3fc88fe4ea83da47d8e4b4bbf2b3855 is a merge commit
---> Commit message - Merge pull request #84 from frerich/reinvent_either_functor

Extend 'Default' hints to complain when people reinvent the Either a fun...
-----------------------------------------------------------------

Merge commit 26 is -> 
{ 03477853d3b7138b2688ffbd5df163af604d39bd is a merge commit
---> Commit message - Merge pull request #86 from purcell/auto-color-based-on-term

Use TERM environment variable to decide when to auto-colourise output
-----------------------------------------------------------------

Merge commit 27 is -> 
{ 3f4fb4f3b715061c602f0ae4fcccded08cea6a87 is a merge commit
---> Commit message - Merge pull request #89 from fpco/master

Get executable to compile when gpl flag is disabled
-----------------------------------------------------------------

Merge commit 28 is -> 
{ 1ac0e11ec256391adee9e9a1de00bb8812977441 is a merge commit
---> Commit message - Merge pull request #90 from fpco/exec-dep-lib

Executable depends on library
-----------------------------------------------------------------

Merge commit 29 is -> 
{ c7e8aa5bce65d17408933b8c59e033d13a3b91e4 is a merge commit
---> Commit message - Merge pull request #92 from purcell/ansi-terminal-color

Use ansi-terminal's new "hSupportsANSI" function
-----------------------------------------------------------------

Merge commit 30 is -> 
{ d5981719bdf4cce52a711d70157ad4f8b3e8e066 is a merge commit
---> Commit message - Merge pull request #101 from hamishmack/master

Add autoSettings' to allow a dataDir to be passed
-----------------------------------------------------------------

