# of cherry-picks = 13
Cherry-pick diff pair 1 is -> 
{ f068842bdab3dff69320584abb255d1c0f34d05c -> a32f81c32309b81b3df42bc2532e95c968a88d42 } is a cherrypick
{ 96c93dca343209111522660b317480c70c5101a7 -> d5981719bdf4cce52a711d70157ad4f8b3e8e066 }
Cherrypick commits SHA are -> 
a32f81c32309b81b3df42bc2532e95c968a88d42 - cherrypick - d5981719bdf4cce52a711d70157ad4f8b3e8e066
---> The cherrypicked commit sha is - a32f81c32309b81b3df42bc2532e95c968a88d42
Commit message - Add autoSettings' to allow a dataDir to be passed

This is useful for making relocatable binaries.
---> The original commit sha is - d5981719bdf4cce52a711d70157ad4f8b3e8e066
Commit message - Merge pull request #101 from hamishmack/master

Add autoSettings' to allow a dataDir to be passed
-----------------------------------------------------------------

Cherry-pick diff pair 2 is -> 
{ 1569aa50784ef7d88fe6ec57844004dd510a35b5 -> 808b7b00f7cb30a7f68f94cc96a210c4f718d36b } is a cherrypick
{ 08ab7d2f23493281f13227355362eb963221affc -> 1ac0e11ec256391adee9e9a1de00bb8812977441 }
Cherrypick commits SHA are -> 
808b7b00f7cb30a7f68f94cc96a210c4f718d36b - cherrypick - 1ac0e11ec256391adee9e9a1de00bb8812977441
---> The cherrypicked commit sha is - 808b7b00f7cb30a7f68f94cc96a210c4f718d36b
Commit message - Executable depends on library
---> The original commit sha is - 1ac0e11ec256391adee9e9a1de00bb8812977441
Commit message - Merge pull request #90 from fpco/exec-dep-lib

Executable depends on library
-----------------------------------------------------------------

Cherry-pick diff pair 3 is -> 
{ ce9e41a3a87b57e0bca56fe052434f9e6a00205e -> 10212c3f342295d4cd2550db931420fc83b9d6ce } is a cherrypick
{ 67431beea815fcb9ca55b6af9517f36ee4f5e962 -> 72cdce92bb951bc59832ee2429c1c2a5890a9262 }
Cherrypick commits SHA are -> 
10212c3f342295d4cd2550db931420fc83b9d6ce - cherrypick - 72cdce92bb951bc59832ee2429c1c2a5890a9262
---> The cherrypicked commit sha is - 10212c3f342295d4cd2550db931420fc83b9d6ce
Commit message - Version 1.8.58
---> The original commit sha is - 72cdce92bb951bc59832ee2429c1c2a5890a9262
Commit message - Merge branch 'master' of https://github.com/ndmitchell/hlint
-----------------------------------------------------------------

Cherry-pick diff pair 4 is -> 
{ ae280ce5d9e48bf85d2f0c950e6f591375f2c8a8 -> 97eb4b89ad872afd67e7dd4122dc84a078317a55 } is a cherrypick
{ f8aa0e6875853b5e33abf86c70cc170c10257a54 -> 7577e4b650b9ddbde10cd17fa4dfe4fc7be274a9 }
Cherrypick commits SHA are -> 
97eb4b89ad872afd67e7dd4122dc84a078317a55 - cherrypick - 7577e4b650b9ddbde10cd17fa4dfe4fc7be274a9
---> The cherrypicked commit sha is - 97eb4b89ad872afd67e7dd4122dc84a078317a55
Commit message - Add back in the PatternGuards to the src\Utils, since it's only used in #ifdef branch (hence why hlint suggested it's removal)
---> The original commit sha is - 7577e4b650b9ddbde10cd17fa4dfe4fc7be274a9
Commit message - Add back extension, missed due to CPP
-----------------------------------------------------------------

Cherry-pick diff pair 5 is -> 
{ 84cf987bcc1da1ddc364bf8ad53f8e8949e836d9 -> f59e0408ec774420704cdc024904ca7fa04ad7fe } is a cherrypick
{ f8aa0e6875853b5e33abf86c70cc170c10257a54 -> 7577e4b650b9ddbde10cd17fa4dfe4fc7be274a9 }
Cherrypick commits SHA are -> 
f59e0408ec774420704cdc024904ca7fa04ad7fe - cherrypick - 7577e4b650b9ddbde10cd17fa4dfe4fc7be274a9
---> The cherrypicked commit sha is - f59e0408ec774420704cdc024904ca7fa04ad7fe
Commit message - Add a missing LANGUAGE pragma
---> The original commit sha is - 7577e4b650b9ddbde10cd17fa4dfe4fc7be274a9
Commit message - Add back extension, missed due to CPP
-----------------------------------------------------------------

Cherry-pick diff pair 6 is -> 
{ 4dc0818ac745bf3f71148e378c45fd3458b109ef -> 405c7faf4ae5114e131afffb20f8535ca636eb6a } is a cherrypick
{ f8aa0e6875853b5e33abf86c70cc170c10257a54 -> 7577e4b650b9ddbde10cd17fa4dfe4fc7be274a9 }
Cherrypick commits SHA are -> 
405c7faf4ae5114e131afffb20f8535ca636eb6a - cherrypick - 7577e4b650b9ddbde10cd17fa4dfe4fc7be274a9
---> The cherrypicked commit sha is - 405c7faf4ae5114e131afffb20f8535ca636eb6a
Commit message - Reinstate the PatternGuards thing, is used in one #ifdef
---> The original commit sha is - 7577e4b650b9ddbde10cd17fa4dfe4fc7be274a9
Commit message - Add back extension, missed due to CPP
-----------------------------------------------------------------

Cherry-pick diff pair 7 is -> 
{ eebf45fef234426c09a16b0203b3f410bc344d4c -> 1456f3a0ee8a139211fe4f971620fc0a6b1afd5c } is a cherrypick
{ 5c889ff4bbf69d4a3eeafb9f8272a239c136cfe6 -> 40c893d7cc6c662f8b4c8734e0ce7786deb12dc5 }
Cherrypick commits SHA are -> 
1456f3a0ee8a139211fe4f971620fc0a6b1afd5c - cherrypick - 40c893d7cc6c662f8b4c8734e0ce7786deb12dc5
---> The cherrypicked commit sha is - 1456f3a0ee8a139211fe4f971620fc0a6b1afd5c
Commit message - Add a PatternGuards language pragma that was accidentally dropped
---> The original commit sha is - 40c893d7cc6c662f8b4c8734e0ce7786deb12dc5
Commit message - Remove a redundant language extension, spotted by HLint
-----------------------------------------------------------------

Cherry-pick diff pair 8 is -> 
{ 94a65ea3d47d9a39cc0a66426d85b038283d79c4 -> 5f6bccaffd595d32cdb16e41ba9861e20b0fce38 } is a cherrypick
{ 014f8276d50ef8872fc4a23a17daa0bb8fc1df9e -> 7eff1725a1221252798a5b0880ca5e25692b6f85 }
Cherrypick commits SHA are -> 
5f6bccaffd595d32cdb16e41ba9861e20b0fce38 - cherrypick - 7eff1725a1221252798a5b0880ca5e25692b6f85
---> The cherrypicked commit sha is - 5f6bccaffd595d32cdb16e41ba9861e20b0fce38
Commit message - Minor tweak to the readme format
---> The original commit sha is - 7eff1725a1221252798a5b0880ca5e25692b6f85
Commit message - Merge pull request #11 from Kaligule/master

symmetric case is tested
-----------------------------------------------------------------

Cherry-pick diff pair 9 is -> 
{ 9f4b3d1e6b6315622edb2f5bbbbe4556c061fcc2 -> 562083bf5c30f14132ad377b19b64047c13fb3d3 } is a cherrypick
{ f09bb00e04af29fa7e21385c7bd1aed3c540d99d -> 3e8cfd55d9a0fc7fbf581fcb8e185110c0a29f4b }
Cherrypick commits SHA are -> 
562083bf5c30f14132ad377b19b64047c13fb3d3 - cherrypick - 3e8cfd55d9a0fc7fbf581fcb8e185110c0a29f4b
---> The cherrypicked commit sha is - 562083bf5c30f14132ad377b19b64047c13fb3d3
Commit message - Update the manual to avoid ambiguity in ignoring
---> The original commit sha is - 3e8cfd55d9a0fc7fbf581fcb8e185110c0a29f4b
Commit message - Merge branch 'master' of https://github.com/ndmitchell/hlint
-----------------------------------------------------------------

Cherry-pick diff pair 10 is -> 
{ ae280ce5d9e48bf85d2f0c950e6f591375f2c8a8 -> 97eb4b89ad872afd67e7dd4122dc84a078317a55 } is a cherrypick
{ 4dc0818ac745bf3f71148e378c45fd3458b109ef -> 405c7faf4ae5114e131afffb20f8535ca636eb6a }
Cherrypick commits SHA are -> 
97eb4b89ad872afd67e7dd4122dc84a078317a55 - cherrypick - 405c7faf4ae5114e131afffb20f8535ca636eb6a
---> The cherrypicked commit sha is - 97eb4b89ad872afd67e7dd4122dc84a078317a55
Commit message - Add back in the PatternGuards to the src\Utils, since it's only used in #ifdef branch (hence why hlint suggested it's removal)
---> The original commit sha is - 405c7faf4ae5114e131afffb20f8535ca636eb6a
Commit message - Reinstate the PatternGuards thing, is used in one #ifdef
-----------------------------------------------------------------

Cherry-pick diff pair 11 is -> 
{ 84cf987bcc1da1ddc364bf8ad53f8e8949e836d9 -> f59e0408ec774420704cdc024904ca7fa04ad7fe } is a cherrypick
{ 4dc0818ac745bf3f71148e378c45fd3458b109ef -> 405c7faf4ae5114e131afffb20f8535ca636eb6a }
Cherrypick commits SHA are -> 
f59e0408ec774420704cdc024904ca7fa04ad7fe - cherrypick - 405c7faf4ae5114e131afffb20f8535ca636eb6a
---> The cherrypicked commit sha is - f59e0408ec774420704cdc024904ca7fa04ad7fe
Commit message - Add a missing LANGUAGE pragma
---> The original commit sha is - 405c7faf4ae5114e131afffb20f8535ca636eb6a
Commit message - Reinstate the PatternGuards thing, is used in one #ifdef
-----------------------------------------------------------------

Cherry-pick diff pair 12 is -> 
{ ae280ce5d9e48bf85d2f0c950e6f591375f2c8a8 -> 97eb4b89ad872afd67e7dd4122dc84a078317a55 } is a cherrypick
{ 84cf987bcc1da1ddc364bf8ad53f8e8949e836d9 -> f59e0408ec774420704cdc024904ca7fa04ad7fe }
Cherrypick commits SHA are -> 
97eb4b89ad872afd67e7dd4122dc84a078317a55 - cherrypick - f59e0408ec774420704cdc024904ca7fa04ad7fe
---> The cherrypicked commit sha is - 97eb4b89ad872afd67e7dd4122dc84a078317a55
Commit message - Add back in the PatternGuards to the src\Utils, since it's only used in #ifdef branch (hence why hlint suggested it's removal)
---> The original commit sha is - f59e0408ec774420704cdc024904ca7fa04ad7fe
Commit message - Add a missing LANGUAGE pragma
-----------------------------------------------------------------

Cherry-pick diff pair 13 is -> 
{ ba6cf1331a7ac4b844e11d2ccb862ef3e54f44e8 -> 8e87770652dacb7b8e0d03ddb23eec15bbec3417 } is a cherrypick
{ ae346aba9b088c4ad874d6091bf08a955bd4c20e -> 02759a2e566a54787b7d97649e61f01db3bc8d01 }
Cherrypick commits SHA are -> 
8e87770652dacb7b8e0d03ddb23eec15bbec3417 - cherrypick - 02759a2e566a54787b7d97649e61f01db3bc8d01
---> The cherrypicked commit sha is - 8e87770652dacb7b8e0d03ddb23eec15bbec3417
Commit message - Add :prof command
---> The original commit sha is - 02759a2e566a54787b7d97649e61f01db3bc8d01
Commit message - Add a :bench to .ghci
-----------------------------------------------------------------

