# of reverts = 2
Revert diff pair 1 is -> 
{ 24bf4f77fe140e46a017ad707bfefb3ba1f4418b -> 019118bfd1c8205a45e3ddc2212fc80eed725a7c } is a revert
{ 019118bfd1c8205a45e3ddc2212fc80eed725a7c -> 1e910ecaa8c22db9e582170bcb2ac6c9fe387d53 }
Revert commits SHA are -> 
019118bfd1c8205a45e3ddc2212fc80eed725a7c - revert - 1e910ecaa8c22db9e582170bcb2ac6c9fe387d53
---> The reverted commit sha is - 019118bfd1c8205a45e3ddc2212fc80eed725a7c
Commit message - Docker seems to care about the case of arguments in 0.9
---> The original commit sha is - 1e910ecaa8c22db9e582170bcb2ac6c9fe387d53
Commit message - Merge pull request #17 from github/volumes

Mount volumes
-----------------------------------------------------------------

Revert diff pair 2 is -> 
{ cdea7c4cbf6dbf904cb29368eab7bf8eeed43b20 -> a7f96c71f9303f70da20f573a5dbe3e588f5692e } is a revert
{ a7f96c71f9303f70da20f573a5dbe3e588f5692e -> 629827cd9ae649f2bcdae57062c634fc97157053 }
Revert commits SHA are -> 
a7f96c71f9303f70da20f573a5dbe3e588f5692e - revert - 629827cd9ae649f2bcdae57062c634fc97157053
---> The reverted commit sha is - a7f96c71f9303f70da20f573a5dbe3e588f5692e
Commit message - add cibuild
---> The original commit sha is - 629827cd9ae649f2bcdae57062c634fc97157053
Commit message - no cibuild
-----------------------------------------------------------------

