# of partial cherrypicks = 19
Partial Cherry-pick diff pair 1 is -> 
{ 5754d80e22aa19bcfa618b5a296b732371f0377b -> d30873b8c23f770f894641728e090d30baf3103a } is a cherrypick
{ 2c1ac580fa17988486c94a5eab81dcd37fec1b18 -> 0f4a67b1dadeb619827d3041992d11a553b98c79 }
Partial Cherry-pick commits SHA are -> 
d30873b8c23f770f894641728e090d30baf3103a - cherrypick - 0f4a67b1dadeb619827d3041992d11a553b98c79
---> The cherrypicked commit sha is - d30873b8c23f770f894641728e090d30baf3103a
Commit message - no docs
---> The original commit sha is - 0f4a67b1dadeb619827d3041992d11a553b98c79
Commit message - Merge pull request #40 from github/faster_build

Build Ruby without docs
---> The files with partial_cherrypicks are:-
Dockerfile
lib/hoosegow/docker.rb
-----------------------------------------------------------------

Partial Cherry-pick diff pair 2 is -> 
{ add9e0f9d24bb831c2a94c5e45cc65ba0ba04dea -> e2965382cc2a0d8fe4197daf979d4236d61ce437 } is a cherrypick
{ 5754d80e22aa19bcfa618b5a296b732371f0377b -> d30873b8c23f770f894641728e090d30baf3103a }
Partial Cherry-pick commits SHA are -> 
e2965382cc2a0d8fe4197daf979d4236d61ce437 - cherrypick - d30873b8c23f770f894641728e090d30baf3103a
---> The cherrypicked commit sha is - e2965382cc2a0d8fe4197daf979d4236d61ce437
Commit message - Update the sequence diagram.
---> The original commit sha is - d30873b8c23f770f894641728e090d30baf3103a
Commit message - no docs
---> The files with partial_cherrypicks are:-
README.md
-----------------------------------------------------------------

Partial Cherry-pick diff pair 3 is -> 
{ add9e0f9d24bb831c2a94c5e45cc65ba0ba04dea -> e2965382cc2a0d8fe4197daf979d4236d61ce437 } is a cherrypick
{ 74d40aa6e295c2f17ef34e9265ac2ea3f2bdc84a -> c7c5197963a2e00f5d6bcd85c2638cdaaf833415 }
Partial Cherry-pick commits SHA are -> 
e2965382cc2a0d8fe4197daf979d4236d61ce437 - cherrypick - c7c5197963a2e00f5d6bcd85c2638cdaaf833415
---> The cherrypicked commit sha is - e2965382cc2a0d8fe4197daf979d4236d61ce437
Commit message - Update the sequence diagram.
---> The original commit sha is - c7c5197963a2e00f5d6bcd85c2638cdaaf833415
Commit message - Merge pull request #36 from github/security

Add blurb about security
---> The files with partial_cherrypicks are:-
docs/dispatch-seq.txt
docs/dispatch.md
-----------------------------------------------------------------

Partial Cherry-pick diff pair 4 is -> 
{ 500c631c2734eb9b3e4763c2c5259b20e2b6601a -> 686c5c6ff89fccb4f1fb3c1e36bcd52146344b47 } is a cherrypick
{ 081fcc2642001f94ce1d3822b944ea84a4867c18 -> 4bbdbd06d4a8e9c0b947fc118ed60893e1a7b35b }
Partial Cherry-pick commits SHA are -> 
686c5c6ff89fccb4f1fb3c1e36bcd52146344b47 - cherrypick - 4bbdbd06d4a8e9c0b947fc118ed60893e1a7b35b
---> The cherrypicked commit sha is - 686c5c6ff89fccb4f1fb3c1e36bcd52146344b47
Commit message - add myself.
---> The original commit sha is - 4bbdbd06d4a8e9c0b947fc118ed60893e1a7b35b
Commit message - Merge branch 'master' into use_docker_lib

Conflicts:
	Gemfile.lock
	hoosegow.gemspec
---> The files with partial_cherrypicks are:-
.ruby-version
-----------------------------------------------------------------

Partial Cherry-pick diff pair 5 is -> 
{ 87cb44c567d0a50a90a585ddfa421cc02edc70ab -> 44e8c5e2027eca9e0578d5e102dceea8afac7d24 } is a cherrypick
{ 686c5c6ff89fccb4f1fb3c1e36bcd52146344b47 -> f4b74fa5979042063e8e172ca7097f5f8bfeaf75 }
Partial Cherry-pick commits SHA are -> 
44e8c5e2027eca9e0578d5e102dceea8afac7d24 - cherrypick - f4b74fa5979042063e8e172ca7097f5f8bfeaf75
---> The cherrypicked commit sha is - 44e8c5e2027eca9e0578d5e102dceea8afac7d24
Commit message - Add MIT license
---> The original commit sha is - f4b74fa5979042063e8e172ca7097f5f8bfeaf75
Commit message - Merge pull request #34 from github/clean-up-gem-build-warnings

Clean up gem build warnings
---> The files with partial_cherrypicks are:-
LICENSE
-----------------------------------------------------------------

Partial Cherry-pick diff pair 6 is -> 
{ 5d335e91e1f0323a41132112b4e506fa09bb98f3 -> 500c631c2734eb9b3e4763c2c5259b20e2b6601a } is a cherrypick
{ 686c5c6ff89fccb4f1fb3c1e36bcd52146344b47 -> f4b74fa5979042063e8e172ca7097f5f8bfeaf75 }
Partial Cherry-pick commits SHA are -> 
500c631c2734eb9b3e4763c2c5259b20e2b6601a - cherrypick - f4b74fa5979042063e8e172ca7097f5f8bfeaf75
---> The cherrypicked commit sha is - 500c631c2734eb9b3e4763c2c5259b20e2b6601a
Commit message - Merge pull request #33 from github/license

Add MIT license
---> The original commit sha is - f4b74fa5979042063e8e172ca7097f5f8bfeaf75
Commit message - Merge pull request #34 from github/clean-up-gem-build-warnings

Clean up gem build warnings
---> The files with partial_cherrypicks are:-
LICENSE
-----------------------------------------------------------------

Partial Cherry-pick diff pair 7 is -> 
{ b3c419166c43e4cf47e1d47fd31ccad5c25eb455 -> 1bea0092f49b32ca4844c4f890506be41ab8b815 } is a cherrypick
{ e1e6491ccac15001bbaa2dcf33552bfe726c2784 -> 24bf4f77fe140e46a017ad707bfefb3ba1f4418b }
Partial Cherry-pick commits SHA are -> 
1bea0092f49b32ca4844c4f890506be41ab8b815 - cherrypick - 24bf4f77fe140e46a017ad707bfefb3ba1f4418b
---> The cherrypicked commit sha is - 1bea0092f49b32ca4844c4f890506be41ab8b815
Commit message - Ensure container teardown.
---> The original commit sha is - 24bf4f77fe140e46a017ad707bfefb3ba1f4418b
Commit message - Merge remote-tracking branch 'origin/master' into volumes

Conflicts:
	lib/hoosegow/docker.rb
---> The files with partial_cherrypicks are:-
docs/dispatch.md
lib/hoosegow.rb
lib/hoosegow/exceptions.rb
lib/hoosegow/image_bundle.rb
-----------------------------------------------------------------

Partial Cherry-pick diff pair 8 is -> 
{ b5554b0dd77f5def58645113ab83a8fe6519e382 -> 5ec6f42a01f16c3edf7e07f3b3ca35cf6390954d } is a cherrypick
{ e1e6491ccac15001bbaa2dcf33552bfe726c2784 -> 24bf4f77fe140e46a017ad707bfefb3ba1f4418b }
Partial Cherry-pick commits SHA are -> 
5ec6f42a01f16c3edf7e07f3b3ca35cf6390954d - cherrypick - 24bf4f77fe140e46a017ad707bfefb3ba1f4418b
---> The cherrypicked commit sha is - 5ec6f42a01f16c3edf7e07f3b3ca35cf6390954d
Commit message - Transfer exception types and backtraces across the hoosegow boundaries.

I was trying to debug some code, and got an error that a stack trace
would have been very helpful for.
---> The original commit sha is - 24bf4f77fe140e46a017ad707bfefb3ba1f4418b
Commit message - Merge remote-tracking branch 'origin/master' into volumes

Conflicts:
	lib/hoosegow/docker.rb
---> The files with partial_cherrypicks are:-
bin/hoosegow
docs/dispatch.md
lib/hoosegow.rb
lib/hoosegow/exceptions.rb
lib/hoosegow/image_bundle.rb
script/proxy-integration-test
-----------------------------------------------------------------

Partial Cherry-pick diff pair 9 is -> 
{ 8a9bfd952eb49fba5507bc75cb9c4c689311a608 -> 1a9f655ee31d0a2d82b5c920a863b97b43aab1d2 } is a cherrypick
{ e1e6491ccac15001bbaa2dcf33552bfe726c2784 -> 24bf4f77fe140e46a017ad707bfefb3ba1f4418b }
Partial Cherry-pick commits SHA are -> 
1a9f655ee31d0a2d82b5c920a863b97b43aab1d2 - cherrypick - 24bf4f77fe140e46a017ad707bfefb3ba1f4418b
---> The cherrypicked commit sha is - 1a9f655ee31d0a2d82b5c920a863b97b43aab1d2
Commit message - Cut out rspec from the example stack trace.
---> The original commit sha is - 24bf4f77fe140e46a017ad707bfefb3ba1f4418b
Commit message - Merge remote-tracking branch 'origin/master' into volumes

Conflicts:
	lib/hoosegow/docker.rb
---> The files with partial_cherrypicks are:-
bin/hoosegow
docs/dispatch.md
lib/hoosegow.rb
lib/hoosegow/exceptions.rb
lib/hoosegow/image_bundle.rb
script/proxy-integration-test
-----------------------------------------------------------------

Partial Cherry-pick diff pair 10 is -> 
{ b3c419166c43e4cf47e1d47fd31ccad5c25eb455 -> 1bea0092f49b32ca4844c4f890506be41ab8b815 } is a cherrypick
{ 8a9bfd952eb49fba5507bc75cb9c4c689311a608 -> 1a9f655ee31d0a2d82b5c920a863b97b43aab1d2 }
Partial Cherry-pick commits SHA are -> 
1bea0092f49b32ca4844c4f890506be41ab8b815 - cherrypick - 1a9f655ee31d0a2d82b5c920a863b97b43aab1d2
---> The cherrypicked commit sha is - 1bea0092f49b32ca4844c4f890506be41ab8b815
Commit message - Ensure container teardown.
---> The original commit sha is - 1a9f655ee31d0a2d82b5c920a863b97b43aab1d2
Commit message - Cut out rspec from the example stack trace.
---> The files with partial_cherrypicks are:-
docs/dispatch.md
lib/hoosegow.rb
lib/hoosegow/exceptions.rb
lib/hoosegow/image_bundle.rb
-----------------------------------------------------------------

Partial Cherry-pick diff pair 11 is -> 
{ b5554b0dd77f5def58645113ab83a8fe6519e382 -> 5ec6f42a01f16c3edf7e07f3b3ca35cf6390954d } is a cherrypick
{ 8a9bfd952eb49fba5507bc75cb9c4c689311a608 -> 1a9f655ee31d0a2d82b5c920a863b97b43aab1d2 }
Partial Cherry-pick commits SHA are -> 
5ec6f42a01f16c3edf7e07f3b3ca35cf6390954d - cherrypick - 1a9f655ee31d0a2d82b5c920a863b97b43aab1d2
---> The cherrypicked commit sha is - 5ec6f42a01f16c3edf7e07f3b3ca35cf6390954d
Commit message - Transfer exception types and backtraces across the hoosegow boundaries.

I was trying to debug some code, and got an error that a stack trace
would have been very helpful for.
---> The original commit sha is - 1a9f655ee31d0a2d82b5c920a863b97b43aab1d2
Commit message - Cut out rspec from the example stack trace.
---> The files with partial_cherrypicks are:-
bin/hoosegow
docs/dispatch.md
lib/hoosegow.rb
lib/hoosegow/exceptions.rb
lib/hoosegow/image_bundle.rb
lib/hoosegow/protocol.rb
script/proxy-integration-test
spec/hoosegow_spec.rb
-----------------------------------------------------------------

Partial Cherry-pick diff pair 12 is -> 
{ 0ebbb2f978a3129f84be926bfc304001939b3a87 -> b3c419166c43e4cf47e1d47fd31ccad5c25eb455 } is a cherrypick
{ 5ec6f42a01f16c3edf7e07f3b3ca35cf6390954d -> 8a9bfd952eb49fba5507bc75cb9c4c689311a608 }
Partial Cherry-pick commits SHA are -> 
b3c419166c43e4cf47e1d47fd31ccad5c25eb455 - cherrypick - 8a9bfd952eb49fba5507bc75cb9c4c689311a608
---> The cherrypicked commit sha is - b3c419166c43e4cf47e1d47fd31ccad5c25eb455
Commit message - Map volumes.
---> The original commit sha is - 8a9bfd952eb49fba5507bc75cb9c4c689311a608
Commit message - @volumes can be nil.
---> The files with partial_cherrypicks are:-
docs/dispatch.md
lib/hoosegow.rb
lib/hoosegow/exceptions.rb
lib/hoosegow/image_bundle.rb
-----------------------------------------------------------------

Partial Cherry-pick diff pair 13 is -> 
{ 3e6dd371c8d2bf1fb4377d1cc0efb44b4f27b41d -> b5554b0dd77f5def58645113ab83a8fe6519e382 } is a cherrypick
{ 5ec6f42a01f16c3edf7e07f3b3ca35cf6390954d -> 8a9bfd952eb49fba5507bc75cb9c4c689311a608 }
Partial Cherry-pick commits SHA are -> 
b5554b0dd77f5def58645113ab83a8fe6519e382 - cherrypick - 8a9bfd952eb49fba5507bc75cb9c4c689311a608
---> The cherrypicked commit sha is - b5554b0dd77f5def58645113ab83a8fe6519e382
Commit message - Always mount read-write.

I think this is the default, but I am also pretty sure that I got an
error when accessing a file that was already there.
---> The original commit sha is - 8a9bfd952eb49fba5507bc75cb9c4c689311a608
Commit message - @volumes can be nil.
---> The files with partial_cherrypicks are:-
bin/hoosegow
docs/dispatch.md
lib/hoosegow.rb
lib/hoosegow/exceptions.rb
lib/hoosegow/image_bundle.rb
script/proxy-integration-test
-----------------------------------------------------------------

Partial Cherry-pick diff pair 14 is -> 
{ b3c419166c43e4cf47e1d47fd31ccad5c25eb455 -> 1bea0092f49b32ca4844c4f890506be41ab8b815 } is a cherrypick
{ b5554b0dd77f5def58645113ab83a8fe6519e382 -> 5ec6f42a01f16c3edf7e07f3b3ca35cf6390954d }
Partial Cherry-pick commits SHA are -> 
1bea0092f49b32ca4844c4f890506be41ab8b815 - cherrypick - 5ec6f42a01f16c3edf7e07f3b3ca35cf6390954d
---> The cherrypicked commit sha is - 1bea0092f49b32ca4844c4f890506be41ab8b815
Commit message - Ensure container teardown.
---> The original commit sha is - 5ec6f42a01f16c3edf7e07f3b3ca35cf6390954d
Commit message - Transfer exception types and backtraces across the hoosegow boundaries.

I was trying to debug some code, and got an error that a stack trace
would have been very helpful for.
---> The files with partial_cherrypicks are:-
docs/dispatch.md
lib/hoosegow.rb
lib/hoosegow/docker.rb
lib/hoosegow/exceptions.rb
lib/hoosegow/image_bundle.rb
-----------------------------------------------------------------

Partial Cherry-pick diff pair 15 is -> 
{ 0ebbb2f978a3129f84be926bfc304001939b3a87 -> b3c419166c43e4cf47e1d47fd31ccad5c25eb455 } is a cherrypick
{ 3e6dd371c8d2bf1fb4377d1cc0efb44b4f27b41d -> b5554b0dd77f5def58645113ab83a8fe6519e382 }
Partial Cherry-pick commits SHA are -> 
b3c419166c43e4cf47e1d47fd31ccad5c25eb455 - cherrypick - b5554b0dd77f5def58645113ab83a8fe6519e382
---> The cherrypicked commit sha is - b3c419166c43e4cf47e1d47fd31ccad5c25eb455
Commit message - Map volumes.
---> The original commit sha is - b5554b0dd77f5def58645113ab83a8fe6519e382
Commit message - Always mount read-write.

I think this is the default, but I am also pretty sure that I got an
error when accessing a file that was already there.
---> The files with partial_cherrypicks are:-
docs/dispatch.md
lib/hoosegow.rb
lib/hoosegow/exceptions.rb
lib/hoosegow/image_bundle.rb
-----------------------------------------------------------------

Partial Cherry-pick diff pair 16 is -> 
{ 5ce889782e74a6559460ea95ef4a75cd61e5d9e5 -> 72c30a7cea3f886a7dfe6096a7b9baabc8975c5e } is a cherrypick
{ ea8de062ca80a054df95ad7f91add3a3bce64702 -> d0c1d2934bb10dd1bab8f60e6f8be55a0d65acbb }
Partial Cherry-pick commits SHA are -> 
72c30a7cea3f886a7dfe6096a7b9baabc8975c5e - cherrypick - d0c1d2934bb10dd1bab8f60e6f8be55a0d65acbb
---> The cherrypicked commit sha is - 72c30a7cea3f886a7dfe6096a7b9baabc8975c5e
Commit message - Accept more customization for images.
---> The original commit sha is - d0c1d2934bb10dd1bab8f60e6f8be55a0d65acbb
Commit message - Merge remote-tracking branch 'origin/master' into flexible-images

Conflicts:
	lib/hoosegow.rb
---> The files with partial_cherrypicks are:-
lib/hoosegow/image_bundle.rb
-----------------------------------------------------------------

Partial Cherry-pick diff pair 17 is -> 
{ a84172cde030ed8671cee558ee1d88e87d701002 -> 28fc2789ebf7966c58f84eae9e4da2765824080e } is a cherrypick
{ ea8de062ca80a054df95ad7f91add3a3bce64702 -> d0c1d2934bb10dd1bab8f60e6f8be55a0d65acbb }
Partial Cherry-pick commits SHA are -> 
28fc2789ebf7966c58f84eae9e4da2765824080e - cherrypick - d0c1d2934bb10dd1bab8f60e6f8be55a0d65acbb
---> The cherrypicked commit sha is - 28fc2789ebf7966c58f84eae9e4da2765824080e
Commit message - Merge remote-tracking branch 'origin/master' into flexible-images

Conflicts:
	lib/hoosegow.rb
---> The original commit sha is - d0c1d2934bb10dd1bab8f60e6f8be55a0d65acbb
Commit message - Merge remote-tracking branch 'origin/master' into flexible-images

Conflicts:
	lib/hoosegow.rb
---> The files with partial_cherrypicks are:-
lib/hoosegow/image_bundle.rb
-----------------------------------------------------------------

Partial Cherry-pick diff pair 18 is -> 
{ 7d9b45a5e9dbf6fbbf89aef03234bd8e1d127a49 -> 9463408315537f4b1c717d9b0d686b46d27cef80 } is a cherrypick
{ 8fc4c04966d2887f01f770feb3d9eb4022d05ca5 -> 59e3f878956f8505fe8552dfa7f58b3c7720704b }
Partial Cherry-pick commits SHA are -> 
9463408315537f4b1c717d9b0d686b46d27cef80 - cherrypick - 59e3f878956f8505fe8552dfa7f58b3c7720704b
---> The cherrypicked commit sha is - 9463408315537f4b1c717d9b0d686b46d27cef80
Commit message - first stab at generalizing and allowing dependencies to be specified
---> The original commit sha is - 59e3f878956f8505fe8552dfa7f58b3c7720704b
Commit message - Merge branch 'master' into generalize
---> The files with partial_cherrypicks are:-
lib/hoosegow/render.rb
lib/hoosegow/render/reverse.rb
spec/hoosegow_deps/reverse.rb
spec/hoosegow_spec.rb
-----------------------------------------------------------------

Partial Cherry-pick diff pair 19 is -> 
{ 2413993d288eb89b430ffad670b7758ca2cbe14b -> 425928858864ed7d776d8589581a4efb009c8020 } is a cherrypick
{ 22293806cddbb1a435bb9fb9cfc32834fabc5780 -> 3b29ee331f3a7d58337d4ec0111639e9308e2574 }
Partial Cherry-pick commits SHA are -> 
425928858864ed7d776d8589581a4efb009c8020 - cherrypick - 3b29ee331f3a7d58337d4ec0111639e9308e2574
---> The cherrypicked commit sha is - 425928858864ed7d776d8589581a4efb009c8020
Commit message - add better serialization of files
---> The original commit sha is - 3b29ee331f3a7d58337d4ec0111639e9308e2574
Commit message - Merge branch 'master' into serialize

Conflicts:
	lib/hoosegow.rb
	spec/hoosegow_spec.rb
---> The files with partial_cherrypicks are:-
bin/hoosegow
lib/hoosegow/serialize.rb
spec/serialize_spec.rb
-----------------------------------------------------------------

