# of merges = 36
Merge commit 1 is -> 
{ aaadd3a413c712670b3efd909333fd04c9ae2f48 is a merge commit
---> Commit message - Merge pull request #3 from github/better_socket_use

Prepare containers and leave sockets open
-----------------------------------------------------------------

Merge commit 2 is -> 
{ 3b29ee331f3a7d58337d4ec0111639e9308e2574 is a merge commit
---> Commit message - Merge branch 'master' into serialize

Conflicts:
	lib/hoosegow.rb
	spec/hoosegow_spec.rb
-----------------------------------------------------------------

Merge commit 3 is -> 
{ 2f65bcf743d302945e344632531e239b9113f15b is a merge commit
---> Commit message - Merge pull request #2 from github/serialize

Add serialization of files
-----------------------------------------------------------------

Merge commit 4 is -> 
{ 83d2f04ace66de8a737ec2d84e003e1d010e6fa4 is a merge commit
---> Commit message - Merge pull request #5 from github/more-msgpack

Make rountripping symmetric with msgpack.
-----------------------------------------------------------------

Merge commit 5 is -> 
{ 7d9b45a5e9dbf6fbbf89aef03234bd8e1d127a49 is a merge commit
---> Commit message - Merge pull request #8 from github/msgpack

Msgpack
-----------------------------------------------------------------

Merge commit 6 is -> 
{ 59e3f878956f8505fe8552dfa7f58b3c7720704b is a merge commit
---> Commit message - Merge branch 'master' into generalize
-----------------------------------------------------------------

Merge commit 7 is -> 
{ ef7bdfbd5e2b0e531039703593034579ef5561f7 is a merge commit
---> Commit message - Merge pull request #9 from github/generalize

Allow external dependencies to be passed to image
-----------------------------------------------------------------

Merge commit 8 is -> 
{ 3e78296ab3428de63452fe89c5a14183e833b0fb is a merge commit
---> Commit message - Merge pull request #12 from github/basics

Make Hoosegow#build_image happy
-----------------------------------------------------------------

Merge commit 9 is -> 
{ fd250aabbd64c44320680abd09ea1435987a8a88 is a merge commit
---> Commit message - Merge pull request #15 from github/prestart

Pull `prestart` up so it can be passed by the calling code.
-----------------------------------------------------------------

Merge commit 10 is -> 
{ 28fc2789ebf7966c58f84eae9e4da2765824080e is a merge commit
---> Commit message - Merge remote-tracking branch 'origin/master' into flexible-images

Conflicts:
	lib/hoosegow.rb
-----------------------------------------------------------------

Merge commit 11 is -> 
{ ea8de062ca80a054df95ad7f91add3a3bce64702 is a merge commit
---> Commit message - Merge pull request #13 from github/build-status

Build status
-----------------------------------------------------------------

Merge commit 12 is -> 
{ d0c1d2934bb10dd1bab8f60e6f8be55a0d65acbb is a merge commit
---> Commit message - Merge remote-tracking branch 'origin/master' into flexible-images

Conflicts:
	lib/hoosegow.rb
-----------------------------------------------------------------

Merge commit 13 is -> 
{ c9407450f0a85b98a8306c65eefddea5a083fed9 is a merge commit
---> Commit message - Merge pull request #14 from github/flexible-images

Accept more customization for images.
-----------------------------------------------------------------

Merge commit 14 is -> 
{ 5d85d694dd78755090839b3bf60723491e9603e6 is a merge commit
---> Commit message - Merge pull request #16 from github/steroids

Let the inmate `yield`
-----------------------------------------------------------------

Merge commit 15 is -> 
{ 45e23a64cb7fc6ad350c50ce6c93a800eccc3376 is a merge commit
---> Commit message - Merge pull request #19 from github/xevalx

Don't eval things from the container.
-----------------------------------------------------------------

Merge commit 16 is -> 
{ 24bf4f77fe140e46a017ad707bfefb3ba1f4418b is a merge commit
---> Commit message - Merge remote-tracking branch 'origin/master' into volumes

Conflicts:
	lib/hoosegow/docker.rb
-----------------------------------------------------------------

Merge commit 17 is -> 
{ 1e910ecaa8c22db9e582170bcb2ac6c9fe387d53 is a merge commit
---> Commit message - Merge pull request #17 from github/volumes

Mount volumes
-----------------------------------------------------------------

Merge commit 18 is -> 
{ 898dc246638509f527715c67fb3bd09ab68a1d5b is a merge commit
---> Commit message - Merge remote-tracking branch 'origin/master' into case-sensitive

Conflicts:
	lib/hoosegow/docker.rb
-----------------------------------------------------------------

Merge commit 19 is -> 
{ 3d0beb076b45337d17e1e007a4c188d728dd3a0d is a merge commit
---> Commit message - Merge pull request #20 from github/case-sensitive

s/image/Image/
-----------------------------------------------------------------

Merge commit 20 is -> 
{ 46dc24b963a56b6f6ade46ff835edf38dffe6a0b is a merge commit
---> Commit message - Merge pull request #21 from github/more-container-configuration

Accept more options for docker containers.
-----------------------------------------------------------------

Merge commit 21 is -> 
{ 8d0ee575a9655e67a4a34929fa170062095e6225 is a merge commit
---> Commit message - Merge pull request #24 from github/rbenv-dockerfile-fix

Fix rbenv setup in Dockerfile
-----------------------------------------------------------------

Merge commit 22 is -> 
{ 4b58fcea2583912febf55f5b016f11403bd23511 is a merge commit
---> Commit message - Merge pull request #28 from github/spraints/callbacks

Callbacks
-----------------------------------------------------------------

Merge commit 23 is -> 
{ f5cef4798ce8fc488d7466486509be4147086be2 is a merge commit
---> Commit message - Merge branch 'master' into buffer_json
-----------------------------------------------------------------

Merge commit 24 is -> 
{ 483fd1effd0940d6334ee869a43620329752e146 is a merge commit
---> Commit message - Merge pull request #27 from github/buffer_json

Buffer JSON response before parsing it
-----------------------------------------------------------------

Merge commit 25 is -> 
{ d05d59860138fa2c0e37905cd445fed2716f324d is a merge commit
---> Commit message - Merge pull request #30 from github/update-gemspec

Clean up the file list in the gemspec.
-----------------------------------------------------------------

Merge commit 26 is -> 
{ 500c631c2734eb9b3e4763c2c5259b20e2b6601a is a merge commit
---> Commit message - Merge pull request #33 from github/license

Add MIT license
-----------------------------------------------------------------

Merge commit 27 is -> 
{ f4b74fa5979042063e8e172ca7097f5f8bfeaf75 is a merge commit
---> Commit message - Merge pull request #34 from github/clean-up-gem-build-warnings

Clean up gem build warnings
-----------------------------------------------------------------

Merge commit 28 is -> 
{ 4bbdbd06d4a8e9c0b947fc118ed60893e1a7b35b is a merge commit
---> Commit message - Merge branch 'master' into use_docker_lib

Conflicts:
	Gemfile.lock
	hoosegow.gemspec
-----------------------------------------------------------------

Merge commit 29 is -> 
{ 016e1a7aea6e507347b9b33ea1e1256c141d6a24 is a merge commit
---> Commit message - Merge pull request #32 from github/use_docker_lib

Try using Docker-API Ruby gem
-----------------------------------------------------------------

Merge commit 30 is -> 
{ 36e2b6d9a9473d79ca3149d2f6607258ab3822f0 is a merge commit
---> Commit message - Merge pull request #35 from github/no_root

Run as non-root user
-----------------------------------------------------------------

Merge commit 31 is -> 
{ fd1e8977f6cabdfcf9287f0036d5df12ed6db556 is a merge commit
---> Commit message - Merge pull request #37 from github/update-doc

Update the sequence diagram.
-----------------------------------------------------------------

Merge commit 32 is -> 
{ c7c5197963a2e00f5d6bcd85c2638cdaaf833415 is a merge commit
---> Commit message - Merge pull request #36 from github/security

Add blurb about security
-----------------------------------------------------------------

Merge commit 33 is -> 
{ 5754d80e22aa19bcfa618b5a296b732371f0377b is a merge commit
---> Commit message - Merge pull request #38 from github/ruby_version

Allow container Ruby version to be specified
-----------------------------------------------------------------

Merge commit 34 is -> 
{ 2c1ac580fa17988486c94a5eab81dcd37fec1b18 is a merge commit
---> Commit message - Merge pull request #39 from github/talniv-cla

Create cla.md
-----------------------------------------------------------------

Merge commit 35 is -> 
{ 0f4a67b1dadeb619827d3041992d11a553b98c79 is a merge commit
---> Commit message - Merge pull request #40 from github/faster_build

Build Ruby without docs
-----------------------------------------------------------------

Merge commit 36 is -> 
{ 5a4994c3748cbd242ba796e8d88004e042d3e18a is a merge commit
---> Commit message - Merge pull request #1 from memk/patch-1

Add scripts
-----------------------------------------------------------------

