# of cherry-picks = 27
Cherry-pick diff pair 1 is -> 
{ 2007ef8144592c39d6ea2ac9be54d8d4f5fff3a2 -> 334a4fbfd594deb811e3ec30f440f382e5f7e6c8 } is a cherrypick
{ 042e93dd17637de23a2e9e72dd6d011494250bb0 -> 87a5429263334a846b3f1360c7c0b18b50e5d480 }
Cherrypick commits SHA are -> 
334a4fbfd594deb811e3ec30f440f382e5f7e6c8 - cherrypick - 87a5429263334a846b3f1360c7c0b18b50e5d480
---> The cherrypicked commit sha is - 334a4fbfd594deb811e3ec30f440f382e5f7e6c8
Commit message - Fix line number on new line

Split from https://github.com/limetext/lime/pull/439
---> The original commit sha is - 87a5429263334a846b3f1360c7c0b18b50e5d480
Commit message - Merge pull request #441 from mmstick/patch-3

Fix line number on new line
-----------------------------------------------------------------

Cherry-pick diff pair 2 is -> 
{ 53ed14ec7788fddb90922eaca6b3c20d78a1443a -> 2007ef8144592c39d6ea2ac9be54d8d4f5fff3a2 } is a cherrypick
{ 907fa0fbe92014e79179b2276d2e23a3ef591a44 -> c2dd608f78a5f42cfe5196d4698c5d09136b3424 }
Cherrypick commits SHA are -> 
2007ef8144592c39d6ea2ac9be54d8d4f5fff3a2 - cherrypick - c2dd608f78a5f42cfe5196d4698c5d09136b3424
---> The cherrypicked commit sha is - 2007ef8144592c39d6ea2ac9be54d8d4f5fff3a2
Commit message - Add bountysource badge
---> The original commit sha is - c2dd608f78a5f42cfe5196d4698c5d09136b3424
Commit message - Merge branch 'master' of github.com:limetext/lime

* 'master' of github.com:limetext/lime:
  Add bountysource badge
-----------------------------------------------------------------

Cherry-pick diff pair 3 is -> 
{ b5c46f9cd8efa42c890bdd72cbc28c91200b792f -> d671f3b181c88f17b53ffe396226294586e60f50 } is a cherrypick
{ 941d29d1441a553c293dbd9f76450d6b7ba0c5cf -> cea940d241c495733296a33e449645e9a90fb8d9 }
Cherrypick commits SHA are -> 
d671f3b181c88f17b53ffe396226294586e60f50 - cherrypick - cea940d241c495733296a33e449645e9a90fb8d9
---> The cherrypicked commit sha is - d671f3b181c88f17b53ffe396226294586e60f50
Commit message - Merge pull request #421 from emersion/master

[frontend][html] Fixes keyboard support
---> The original commit sha is - cea940d241c495733296a33e449645e9a90fb8d9
Commit message - Merge pull request #423 from emersion/master

frontend/html: status bar, compatibility fixes
-----------------------------------------------------------------

Cherry-pick diff pair 4 is -> 
{ b661c35c32fa3ef2eaa5ac710acd73511a6e0699 -> 7a0e1ae4f07a02f143c039b5720f7756af2f2e55 } is a cherrypick
{ b4b9394412b4f1a69e4f9fa57bfbc2ab4ed08c9e -> 44880e6f502ce334b5275b60b9074e953d4888e1 }
Cherrypick commits SHA are -> 
7a0e1ae4f07a02f143c039b5720f7756af2f2e55 - cherrypick - 44880e6f502ce334b5275b60b9074e953d4888e1
---> The cherrypicked commit sha is - 7a0e1ae4f07a02f143c039b5720f7756af2f2e55
Commit message - Add some whitespace.
---> The original commit sha is - 44880e6f502ce334b5275b60b9074e953d4888e1
Commit message - Add some whitespace.
-----------------------------------------------------------------

Cherry-pick diff pair 5 is -> 
{ 7cd9b13f945396c212f9a888485c4ddc6f38b2d4 -> b67e2df246a40ec285eae62b193466e1faea13f2 } is a cherrypick
{ 6a96e564171340ef02e6b3970eb6b6b366b7eb75 -> 3ac9ae093f46e20310810bcb6f43777c7280cf29 }
Cherrypick commits SHA are -> 
b67e2df246a40ec285eae62b193466e1faea13f2 - cherrypick - 3ac9ae093f46e20310810bcb6f43777c7280cf29
---> The cherrypicked commit sha is - b67e2df246a40ec285eae62b193466e1faea13f2
Commit message - resolve #390, added close_view command and link to qml
---> The original commit sha is - 3ac9ae093f46e20310810bcb6f43777c7280cf29
Commit message - Merge pull request #392 from snowiow/master

resolve #390, added close_view command and link to qml
-----------------------------------------------------------------

Cherry-pick diff pair 6 is -> 
{ 0be05cb69d6dbfac1922c25ab985a9302a835c65 -> 858ae43719ae6592f3ef8f17aeeef01efe78290e } is a cherrypick
{ 5fdc0e25676a5904f48c95100a599d0a5d3f6c60 -> 9c2d6bdae20dfc27b8258b74042c6bb8677f548e }
Cherrypick commits SHA are -> 
858ae43719ae6592f3ef8f17aeeef01efe78290e - cherrypick - 9c2d6bdae20dfc27b8258b74042c6bb8677f548e
---> The cherrypicked commit sha is - 858ae43719ae6592f3ef8f17aeeef01efe78290e
Commit message - deleted 2 comments
---> The original commit sha is - 9c2d6bdae20dfc27b8258b74042c6bb8677f548e
Commit message - merge master
-----------------------------------------------------------------

Cherry-pick diff pair 7 is -> 
{ f05d26f2225847e842abfe4786c3d7fa637bb0f5 -> f67bb7995112a402a171a9fa929a79b43f2e46f5 } is a cherrypick
{ 2357f3964fdc8cba579fda11d330ec00782a7476 -> 7c30bdf4d2b187acbc4e557460424fab1e3fb766 }
Cherrypick commits SHA are -> 
f67bb7995112a402a171a9fa929a79b43f2e46f5 - cherrypick - 7c30bdf4d2b187acbc4e557460424fab1e3fb766
---> The cherrypicked commit sha is - f67bb7995112a402a171a9fa929a79b43f2e46f5
Commit message - Don't expose RegisterWithDefault to the python.
---> The original commit sha is - 7c30bdf4d2b187acbc4e557460424fab1e3fb766
Commit message - Merge pull request #339 from erbridge/default_name

Default command name
-----------------------------------------------------------------

Cherry-pick diff pair 8 is -> 
{ 4e0cc53353296466f71f3b325602028338defdd6 -> 74a2273c0713c485964fe46838a0ba789f64806d } is a cherrypick
{ 4c385a100fa83e485421e22c70fc617d5eb0589e -> a5ad640d8ab0191b9d121756cf2b9b31139099e8 }
Cherrypick commits SHA are -> 
74a2273c0713c485964fe46838a0ba789f64806d - cherrypick - a5ad640d8ab0191b9d121756cf2b9b31139099e8
---> The cherrypicked commit sha is - 74a2273c0713c485964fe46838a0ba789f64806d
Commit message - Show the active window on startup
---> The original commit sha is - a5ad640d8ab0191b9d121756cf2b9b31139099e8
Commit message - Merge branch 'master' of github.com:limetext/lime

* 'master' of github.com:limetext/lime:
  Fix typo.
  Add tests for unregistering the commands.
  Rename the tests to better represent what they do.
  Add a TextCommand registration test.
  Add an WindowCommand registration test.
  Add an ApplicationCommand registration test.
  Add tests for PascalCaseToSnakeCase.
  Move the close window test to window_test.go.
  Add a test for window close.
  Tidy up a comment
-----------------------------------------------------------------

Cherry-pick diff pair 9 is -> 
{ d58d4233a4596e34768c462a5d8dd5032ee703ca -> c92b26d5ba3511fa9497a13d9bf54b20d4e10de1 } is a cherrypick
{ 4c385a100fa83e485421e22c70fc617d5eb0589e -> a5ad640d8ab0191b9d121756cf2b9b31139099e8 }
Cherrypick commits SHA are -> 
c92b26d5ba3511fa9497a13d9bf54b20d4e10de1 - cherrypick - a5ad640d8ab0191b9d121756cf2b9b31139099e8
---> The cherrypicked commit sha is - c92b26d5ba3511fa9497a13d9bf54b20d4e10de1
Commit message - Merge branch 'master' of github.com:limetext/lime

* 'master' of github.com:limetext/lime:
  Add a new_file command.
  Fix the clipboard test.
  Test closing a view.
  Test IsDirty.
  Test SetOverwriteStatus.
  Test SetScratch.
  Add a test for a view's window.
  Move the benchmarks to the bottom of view_test.go.
  Test setBuffer.
  Add a clipboard test.
  Add a test for remove.
  Add a test for SetFrontend.
---> The original commit sha is - a5ad640d8ab0191b9d121756cf2b9b31139099e8
Commit message - Merge branch 'master' of github.com:limetext/lime

* 'master' of github.com:limetext/lime:
  Fix typo.
  Add tests for unregistering the commands.
  Rename the tests to better represent what they do.
  Add a TextCommand registration test.
  Add an WindowCommand registration test.
  Add an ApplicationCommand registration test.
  Add tests for PascalCaseToSnakeCase.
  Move the close window test to window_test.go.
  Add a test for window close.
  Tidy up a comment
-----------------------------------------------------------------

Cherry-pick diff pair 10 is -> 
{ 4e0cc53353296466f71f3b325602028338defdd6 -> 74a2273c0713c485964fe46838a0ba789f64806d } is a cherrypick
{ d58d4233a4596e34768c462a5d8dd5032ee703ca -> c92b26d5ba3511fa9497a13d9bf54b20d4e10de1 }
Cherrypick commits SHA are -> 
74a2273c0713c485964fe46838a0ba789f64806d - cherrypick - c92b26d5ba3511fa9497a13d9bf54b20d4e10de1
---> The cherrypicked commit sha is - 74a2273c0713c485964fe46838a0ba789f64806d
Commit message - Show the active window on startup
---> The original commit sha is - c92b26d5ba3511fa9497a13d9bf54b20d4e10de1
Commit message - Merge branch 'master' of github.com:limetext/lime

* 'master' of github.com:limetext/lime:
  Add a new_file command.
  Fix the clipboard test.
  Test closing a view.
  Test IsDirty.
  Test SetOverwriteStatus.
  Test SetScratch.
  Add a test for a view's window.
  Move the benchmarks to the bottom of view_test.go.
  Test setBuffer.
  Add a clipboard test.
  Add a test for remove.
  Add a test for SetFrontend.
-----------------------------------------------------------------

Cherry-pick diff pair 11 is -> 
{ f13813709a4c3c7cd334381e87325883157f3245 -> ed9f5fe2e64c9a8e6e92244b154fe3ff8c374139 } is a cherrypick
{ ed9f5fe2e64c9a8e6e92244b154fe3ff8c374139 -> 0e83951c7d612cf0d4ced555bd10bca8d50d1959 }
Cherrypick commits SHA are -> 
ed9f5fe2e64c9a8e6e92244b154fe3ff8c374139 - cherrypick - 0e83951c7d612cf0d4ced555bd10bca8d50d1959
---> The cherrypicked commit sha is - ed9f5fe2e64c9a8e6e92244b154fe3ff8c374139
Commit message - Fix: indent blocks that selected reversely
---> The original commit sha is - 0e83951c7d612cf0d4ced555bd10bca8d50d1959
Commit message - Fix unindent for the same reason
-----------------------------------------------------------------

Cherry-pick diff pair 12 is -> 
{ c1fd0e7ce696005572a6ab57f222085ee4d0473a -> 3cbcb01e8440369ba4e1d15830e7a141b31e80a1 } is a cherrypick
{ b48a54f8535240121126a438d0a2ecbfb808acb5 -> cfb75583738d7379b63bbba10a536bac1b7f2b77 }
Cherrypick commits SHA are -> 
3cbcb01e8440369ba4e1d15830e7a141b31e80a1 - cherrypick - cfb75583738d7379b63bbba10a536bac1b7f2b77
---> The cherrypicked commit sha is - 3cbcb01e8440369ba4e1d15830e7a141b31e80a1
Commit message - frontend/qml: Disable text selection MouseArea for minimap
---> The original commit sha is - cfb75583738d7379b63bbba10a536bac1b7f2b77
Commit message - Merge branch 'master' of github.com:limetext/lime

* 'master' of github.com:limetext/lime:
  frontend/qml: Disable text selection MouseArea for minimap
-----------------------------------------------------------------

Cherry-pick diff pair 13 is -> 
{ e46e44d8e9cbbfce9a5ba7d12850416faf81bb70 -> a68baec03780934fad9f387fee1aca23fde6cebb } is a cherrypick
{ b48a54f8535240121126a438d0a2ecbfb808acb5 -> cfb75583738d7379b63bbba10a536bac1b7f2b77 }
Cherrypick commits SHA are -> 
a68baec03780934fad9f387fee1aca23fde6cebb - cherrypick - cfb75583738d7379b63bbba10a536bac1b7f2b77
---> The cherrypicked commit sha is - a68baec03780934fad9f387fee1aca23fde6cebb
Commit message - Merge pull request #305 from zidoms/master

View: Implemented Classify method
---> The original commit sha is - cfb75583738d7379b63bbba10a536bac1b7f2b77
Commit message - Merge branch 'master' of github.com:limetext/lime

* 'master' of github.com:limetext/lime:
  frontend/qml: Disable text selection MouseArea for minimap
-----------------------------------------------------------------

Cherry-pick diff pair 14 is -> 
{ c1fd0e7ce696005572a6ab57f222085ee4d0473a -> 3cbcb01e8440369ba4e1d15830e7a141b31e80a1 } is a cherrypick
{ e46e44d8e9cbbfce9a5ba7d12850416faf81bb70 -> a68baec03780934fad9f387fee1aca23fde6cebb }
Cherrypick commits SHA are -> 
3cbcb01e8440369ba4e1d15830e7a141b31e80a1 - cherrypick - a68baec03780934fad9f387fee1aca23fde6cebb
---> The cherrypicked commit sha is - 3cbcb01e8440369ba4e1d15830e7a141b31e80a1
Commit message - frontend/qml: Disable text selection MouseArea for minimap
---> The original commit sha is - a68baec03780934fad9f387fee1aca23fde6cebb
Commit message - Merge pull request #305 from zidoms/master

View: Implemented Classify method
-----------------------------------------------------------------

Cherry-pick diff pair 15 is -> 
{ cea09e37049995a11008f68be4fcc43e38fbc266 -> 299872b239daf4db23da7663461da53ee22b454f } is a cherrypick
{ 6569b7fa766b5c4a196f9d25c3bb2501087878c4 -> 03fd4343b1314cb25b7996aeb258ae4419e06496 }
Cherrypick commits SHA are -> 
299872b239daf4db23da7663461da53ee22b454f - cherrypick - 03fd4343b1314cb25b7996aeb258ae4419e06496
---> The cherrypicked commit sha is - 299872b239daf4db23da7663461da53ee22b454f
Commit message - Showing some info about the error
---> The original commit sha is - 03fd4343b1314cb25b7996aeb258ae4419e06496
Commit message - Showing some info about the error
-----------------------------------------------------------------

Cherry-pick diff pair 16 is -> 
{ 466b7bd5f1e2d69d808b65c0d9a424c6cf048424 -> cea09e37049995a11008f68be4fcc43e38fbc266 } is a cherrypick
{ 59f7cde236cec2d0b0063c06b0153f10a12ede31 -> 6569b7fa766b5c4a196f9d25c3bb2501087878c4 }
Cherrypick commits SHA are -> 
cea09e37049995a11008f68be4fcc43e38fbc266 - cherrypick - 6569b7fa766b5c4a196f9d25c3bb2501087878c4
---> The cherrypicked commit sha is - cea09e37049995a11008f68be4fcc43e38fbc266
Commit message - Watching the new save as files
---> The original commit sha is - 6569b7fa766b5c4a196f9d25c3bb2501087878c4
Commit message - Watching the new save as files
-----------------------------------------------------------------

Cherry-pick diff pair 17 is -> 
{ 2eeb0f434c7824588ac21df762ba955ee0d26b35 -> 466b7bd5f1e2d69d808b65c0d9a424c6cf048424 } is a cherrypick
{ de9c77a0c920ded16697918e8e2bdaec600bf69e -> 59f7cde236cec2d0b0063c06b0153f10a12ede31 }
Cherrypick commits SHA are -> 
466b7bd5f1e2d69d808b65c0d9a424c6cf048424 - cherrypick - 59f7cde236cec2d0b0063c06b0153f10a12ede31
---> The cherrypicked commit sha is - 466b7bd5f1e2d69d808b65c0d9a424c6cf048424
Commit message - Completed save_all command
---> The original commit sha is - 59f7cde236cec2d0b0063c06b0153f10a12ede31
Commit message - Completed save_all command
-----------------------------------------------------------------

Cherry-pick diff pair 18 is -> 
{ 5933c8145976d56ff6fbe7ab25757a8bf5e0418b -> 7a97088c7683419c6132468c751f0e7632a16c00 } is a cherrypick
{ 10f6dc33d0e7c21f4332ce2ed91e51e166a4dd91 -> de9c77a0c920ded16697918e8e2bdaec600bf69e }
Cherrypick commits SHA are -> 
7a97088c7683419c6132468c751f0e7632a16c00 - cherrypick - de9c77a0c920ded16697918e8e2bdaec600bf69e
---> The cherrypicked commit sha is - 7a97088c7683419c6132468c751f0e7632a16c00
Commit message - Finished Save & SaveAs command
---> The original commit sha is - de9c77a0c920ded16697918e8e2bdaec600bf69e
Commit message - Finished Save & SaveAs command
-----------------------------------------------------------------

Cherry-pick diff pair 19 is -> 
{ 5cc3c495506e3af24dcc2d49acb559d874685f9c -> b5b6724bb3d56a0f0c0e21c34f5753f3b0cf3331 } is a cherrypick
{ 4248bf09e2ba97c4b7f4441b2e1efb73c02b024d -> 5933c8145976d56ff6fbe7ab25757a8bf5e0418b }
Cherrypick commits SHA are -> 
b5b6724bb3d56a0f0c0e21c34f5753f3b0cf3331 - cherrypick - 5933c8145976d56ff6fbe7ab25757a8bf5e0418b
---> The cherrypicked commit sha is - b5b6724bb3d56a0f0c0e21c34f5753f3b0cf3331
Commit message - Adding save and save_as command but there is a problem with view SaveAs method
---> The original commit sha is - 5933c8145976d56ff6fbe7ab25757a8bf5e0418b
Commit message - Merge branch 'develop' into feature/save

* develop:
  Fixed atomic save problem, added tests for pre and post save events
  Documentation
  atomic save not working
-----------------------------------------------------------------

Cherry-pick diff pair 20 is -> 
{ 0ad6f9a663e900a5772e4f70dd5e1b3602b4de05 -> 9761d721004a10dec0fb776eb2acfc06db29e732 } is a cherrypick
{ 4c04683262137b8de7676ff32c168ac36ca35bb4 -> a7855d42ca4e6e980dff860158f29c98b66e10f0 }
Cherrypick commits SHA are -> 
9761d721004a10dec0fb776eb2acfc06db29e732 - cherrypick - a7855d42ca4e6e980dff860158f29c98b66e10f0
---> The cherrypicked commit sha is - 9761d721004a10dec0fb776eb2acfc06db29e732
Commit message - Update visible region with insert/erase delta

Adding a callback to the current views buffer allows the visible region
to update based on the delta of inserted/erased characters. This
prevents characters disappearing at the bottom right of the visible
region when typing.
---> The original commit sha is - a7855d42ca4e6e980dff860158f29c98b66e10f0
Commit message - Merge pull request #235 from Dparker1990/update_visible_with_delta

Update visible region with insert/erase delta
-----------------------------------------------------------------

Cherry-pick diff pair 21 is -> 
{ c2560bb01c2e7076e4918270015094e6578f1d10 -> dfb649b3f40351eef81036774b458eee1e620a47 } is a cherrypick
{ ca7a3da0cbb04994b5b774b900a0625248313426 -> 9b6992f235c1cff6bda6f0ca4acfbda0f4e5bfeb }
Cherrypick commits SHA are -> 
dfb649b3f40351eef81036774b458eee1e620a47 - cherrypick - 9b6992f235c1cff6bda6f0ca4acfbda0f4e5bfeb
---> The cherrypicked commit sha is - dfb649b3f40351eef81036774b458eee1e620a47
Commit message - Remove commented code from termbox frontend
---> The original commit sha is - 9b6992f235c1cff6bda6f0ca4acfbda0f4e5bfeb
Commit message - Merge pull request #223 from Dparker1990/remove_commented_code

Remove commented code from termbox frontend
-----------------------------------------------------------------

Cherry-pick diff pair 22 is -> 
{ 4be4d5a8081483722f3dc9ba3c4befb948f4038f -> 31675443accada4ad26a59f8f68f3a18169e12f6 } is a cherrypick
{ 9b9fa3d38938e3042f6ccd0df29a42bfd168b987 -> d45d38741cebce1f1a3d818d8977f6341c276332 }
Cherrypick commits SHA are -> 
31675443accada4ad26a59f8f68f3a18169e12f6 - cherrypick - d45d38741cebce1f1a3d818d8977f6341c276332
---> The cherrypicked commit sha is - 31675443accada4ad26a59f8f68f3a18169e12f6
Commit message - Implement upper_case and lower_case command and add the tests.
---> The original commit sha is - d45d38741cebce1f1a3d818d8977f6341c276332
Commit message - Merge pull request #188 from RoelVanNyen/upper_lower_case

Implement upper_case and lower_case command and add the tests.
-----------------------------------------------------------------

Cherry-pick diff pair 23 is -> 
{ 03667a6224ee5502b6fca0845eabd6399912a2c6 -> 990749854cca15209c3e5eceead987b0e1fd81c8 } is a cherrypick
{ 7f198f34182ff59b32b80ea8d0c7710956068858 -> 7006bbdb95e991c5404e3454df5be3254ada743e }
Cherrypick commits SHA are -> 
990749854cca15209c3e5eceead987b0e1fd81c8 - cherrypick - 7006bbdb95e991c5404e3454df5be3254ada743e
---> The cherrypicked commit sha is - 990749854cca15209c3e5eceead987b0e1fd81c8
Commit message - Updated for the OnChangeCallback signature change.
---> The original commit sha is - 7006bbdb95e991c5404e3454df5be3254ada743e
Commit message - Merge pull request #178 from Dparker1990/responsive_cursor

Set blink to false so cursor seems more responsive
-----------------------------------------------------------------

Cherry-pick diff pair 24 is -> 
{ 99b5c2f0d3e27b6fa3ee51ea18d1c640b1aa2665 -> 16ee164b73b2e49be1578c42003bb17091eeb5ec } is a cherrypick
{ a083744c407ffb076869a6508e6c4efc53614c93 -> 30723364f6a25954adf15147b3e7cce079125825 }
Cherrypick commits SHA are -> 
16ee164b73b2e49be1578c42003bb17091eeb5ec - cherrypick - 30723364f6a25954adf15147b3e7cce079125825
---> The cherrypicked commit sha is - 16ee164b73b2e49be1578c42003bb17091eeb5ec
Commit message - Add copyright information to editor_test.go
---> The original commit sha is - 30723364f6a25954adf15147b3e7cce079125825
Commit message - Merge pull request #171 from Dparker1990/add_line_numbers_to_termbox_frontend

Add line numbers to termbox frontend
-----------------------------------------------------------------

Cherry-pick diff pair 25 is -> 
{ 39b8cb7efc37216fbd04e69422730390296e9c84 -> 163bb1029eb53c4743d7033742a27884071c7a09 } is a cherrypick
{ b75c9b78d13530dfb0770be41956a9354efe98b1 -> 87abdb926bbeb4ee9f46baf1e000518aaf91867b }
Cherrypick commits SHA are -> 
163bb1029eb53c4743d7033742a27884071c7a09 - cherrypick - 87abdb926bbeb4ee9f46baf1e000518aaf91867b
---> The cherrypicked commit sha is - 163bb1029eb53c4743d7033742a27884071c7a09
Commit message - Remove unused const assignment

It seems that the const `render.DRAW_TEXT` was being assigned to a skid
and never used. This tiny commit just removes the assignment, and the
render package, which was only imported for this assignment.
---> The original commit sha is - 87abdb926bbeb4ee9f46baf1e000518aaf91867b
Commit message - Merge pull request #162 from Dparker1990/remove_unused_const_assignment

Remove unused const assignment
-----------------------------------------------------------------

Cherry-pick diff pair 26 is -> 
{ d402b1ff366aefaaa7ffcc70f660c1bfda8f8ffb -> cafec9f51556e3029006d86f857c88ad0cc91b4a } is a cherrypick
{ 5ec15fd7805757d178c037c973935d58ec9e4dc6 -> bf4fcab69bb1646fe2cf7fad8ff32e26e00b9bee }
Cherrypick commits SHA are -> 
cafec9f51556e3029006d86f857c88ad0cc91b4a - cherrypick - bf4fcab69bb1646fe2cf7fad8ff32e26e00b9bee
---> The cherrypicked commit sha is - cafec9f51556e3029006d86f857c88ad0cc91b4a
Commit message - Change clone url from SSH to HTTPS
---> The original commit sha is - bf4fcab69bb1646fe2cf7fad8ff32e26e00b9bee
Commit message - Merge branch 'master' of github.com:quarnster/lime
-----------------------------------------------------------------

Cherry-pick diff pair 27 is -> 
{ f00d8400e07a8b19cc834353e9e9e8f0c683659d -> 67468eb3478e509f7d44babd57ed8f82e1d1e19a } is a cherrypick
{ a2ee9cc7fc1bb54a838de535baf2a1a777b054ae -> e3132ec60adbc2b29c1086dddf4bba345ac24fa9 }
Cherrypick commits SHA are -> 
67468eb3478e509f7d44babd57ed8f82e1d1e19a - cherrypick - e3132ec60adbc2b29c1086dddf4bba345ac24fa9
---> The cherrypicked commit sha is - 67468eb3478e509f7d44babd57ed8f82e1d1e19a
Commit message - Issues list will be opened up if someone wants to step up as the manager of it
---> The original commit sha is - e3132ec60adbc2b29c1086dddf4bba345ac24fa9
Commit message - Issues list will be opened up if someone wants to step up as the manager of it
-----------------------------------------------------------------

