# of merges = 156
Merge commit 1 is -> 
{ 3f27555971ac1f22f9c929cdc8043d4b44af3847 is a merge commit
---> Commit message - Merge pull request #2 from adzenith/master

Readme changes
-----------------------------------------------------------------

Merge commit 2 is -> 
{ 12471dcc931b0c971986e90e746c166cdab5013a is a merge commit
---> Commit message - Merge branch 'master' of git://github.com/jason-riddle/lime into jason-riddle-master

Conflicts:
	README.md
-----------------------------------------------------------------

Merge commit 3 is -> 
{ dd66f48498a73a91a42c3e7d4bb1faf6502ae292 is a merge commit
---> Commit message - Merge pull request #4 from jaseg/patch-1

Sprinkled some unicode over the README.md
-----------------------------------------------------------------

Merge commit 4 is -> 
{ 738a5d1a5450546d0e2fb3043657c8702439b51e is a merge commit
---> Commit message - Merge pull request #5 from apeacox/patch-1

Update README.md
-----------------------------------------------------------------

Merge commit 5 is -> 
{ c0a940c8022dffa6b8169da3a80394764eace238 is a merge commit
---> Commit message - Merge pull request #6 from saschagehlich/fix/readme-git-clone

added /lime to the git clone path
-----------------------------------------------------------------

Merge commit 6 is -> 
{ 92de3fdbf09939ca29b903b73850d022ad0f9f3a is a merge commit
---> Commit message - Merge branch 'alt'

Conflicts:
	README.md
-----------------------------------------------------------------

Merge commit 7 is -> 
{ 9dfc7e2425f4d93d8406192e18e6153971f5820d is a merge commit
---> Commit message - Merge pull request #7 from adzenith/master

README: Add note about using go 1.2 on Mavericks
-----------------------------------------------------------------

Merge commit 8 is -> 
{ 6e9583a5d911cb9997da64408228dc9a5bef5784 is a merge commit
---> Commit message - Merge branch 'master' of github.com:quarnster/lime
-----------------------------------------------------------------

Merge commit 9 is -> 
{ 21671e69cd113c0b220d787e8f77eec2a03d297c is a merge commit
---> Commit message - Merge pull request #121 from jj56/patch-1

Change clone url from SSH to HTTPS
-----------------------------------------------------------------

Merge commit 10 is -> 
{ bf4fcab69bb1646fe2cf7fad8ff32e26e00b9bee is a merge commit
---> Commit message - Merge branch 'master' of github.com:quarnster/lime
-----------------------------------------------------------------

Merge commit 11 is -> 
{ 1021641338f86dac4cbc96976bca57c38e71f273 is a merge commit
---> Commit message - Merge branch 'master' of github.com:arbrown/lime
-----------------------------------------------------------------

Merge commit 12 is -> 
{ bdc1f9842c21e469ab1d22a44397095e7043ad61 is a merge commit
---> Commit message - Merge pull request #143 from arbrown/master

Adding Commands for Swap Case and Title Case. Fixes #73. Let's keep #72 open until the "He'Ll" is fixed either by the go team or us
-----------------------------------------------------------------

Merge commit 13 is -> 
{ baa7b1719b2cf55823ec045f38109a73ff32e82d is a merge commit
---> Commit message - Merge pull request #147 from robbintt/master

Added mercurial to the dependencies in README.md
-----------------------------------------------------------------

Merge commit 14 is -> 
{ d002b1150cf17c3e81dccebe110d70fc948eae24 is a merge commit
---> Commit message - Merge pull request #150 from EdVanDance/restructure

Restructure build files (use build instead of build2 for building)
-----------------------------------------------------------------

Merge commit 15 is -> 
{ 10e2acdb8853db7bd4abde57296a4b5e92edc19d is a merge commit
---> Commit message - Merge pull request #151 from EdVanDance/restructure2

Restructure Part 2: Move and rename build tasks
-----------------------------------------------------------------

Merge commit 16 is -> 
{ e1d0bbb6711344e4832929367f1a5dfe3397c7ac is a merge commit
---> Commit message - Merge pull request #152 from EdVanDance/travis-fold-output

Fold build output in travis-ci
-----------------------------------------------------------------

Merge commit 17 is -> 
{ b75c9b78d13530dfb0770be41956a9354efe98b1 is a merge commit
---> Commit message - Merge pull request #163 from Dparker1990/prefer_description_var_name

Modify EndEdit to use a more descriptive edit var name
-----------------------------------------------------------------

Merge commit 18 is -> 
{ 87abdb926bbeb4ee9f46baf1e000518aaf91867b is a merge commit
---> Commit message - Merge pull request #162 from Dparker1990/remove_unused_const_assignment

Remove unused const assignment
-----------------------------------------------------------------

Merge commit 19 is -> 
{ 2295d4c68adbd61b54f89b0f7e4eeb86065c5551 is a merge commit
---> Commit message - Merge pull request #166 from Dparker1990/add_tests_to_config

Add tests around the loading of settings
-----------------------------------------------------------------

Merge commit 20 is -> 
{ 99b5c2f0d3e27b6fa3ee51ea18d1c640b1aa2665 is a merge commit
---> Commit message - Merge pull request #170 from Dparker1990/ignore_unmarshalJSON_in_python_api

Ignore UnmarshalJSON in python api generation
-----------------------------------------------------------------

Merge commit 21 is -> 
{ 19913bc6b90627472b150b4ee7fc99c74634da8d is a merge commit
---> Commit message - Merge pull request #172 from Dparker1990/add_copyright_info_to_editor_test

Add copyright information to editor_test.go
-----------------------------------------------------------------

Merge commit 22 is -> 
{ 30723364f6a25954adf15147b3e7cce079125825 is a merge commit
---> Commit message - Merge pull request #171 from Dparker1990/add_line_numbers_to_termbox_frontend

Add line numbers to termbox frontend
-----------------------------------------------------------------

Merge commit 23 is -> 
{ 03667a6224ee5502b6fca0845eabd6399912a2c6 is a merge commit
---> Commit message - Merge pull request #177 from Dparker1990/add_titles_to_profile_output

Add descriptive titles to profiler output
-----------------------------------------------------------------

Merge commit 24 is -> 
{ 7006bbdb95e991c5404e3454df5be3254ada743e is a merge commit
---> Commit message - Merge pull request #178 from Dparker1990/responsive_cursor

Set blink to false so cursor seems more responsive
-----------------------------------------------------------------

Merge commit 25 is -> 
{ 84832a5d6dd05623672684e8eeff1d54036a488d is a merge commit
---> Commit message - Merge pull request #183 from RoelVanNyen/refactor_case_test

Refactor the title and swap case tests.
-----------------------------------------------------------------

Merge commit 26 is -> 
{ 0296214ce90323c28c8b037f574c6f4044a0ecfe is a merge commit
---> Commit message - Merge pull request #182 from RoelVanNyen/110-singleselection_test

Add tests for the SingleSelection command
-----------------------------------------------------------------

Merge commit 27 is -> 
{ 640066281f00a3ae0d371227fb87fab01a329dad is a merge commit
---> Commit message - Merge pull request #181 from RoelVanNyen/112-moveto_test

Add tests for the MoveTo command
-----------------------------------------------------------------

Merge commit 28 is -> 
{ 4be4d5a8081483722f3dc9ba3c4befb948f4038f is a merge commit
---> Commit message - Merge pull request #184 from RoelVanNyen/39-select_all

Implement the select_all command and add tests
-----------------------------------------------------------------

Merge commit 29 is -> 
{ 9b9fa3d38938e3042f6ccd0df29a42bfd168b987 is a merge commit
---> Commit message - Merge pull request #189 from RoelVanNyen/silence_tests

Tests should not print to the output for no reason. 
-----------------------------------------------------------------

Merge commit 30 is -> 
{ d45d38741cebce1f1a3d818d8977f6341c276332 is a merge commit
---> Commit message - Merge pull request #188 from RoelVanNyen/upper_lower_case

Implement upper_case and lower_case command and add the tests.
-----------------------------------------------------------------

Merge commit 31 is -> 
{ 0330d51d5f5486ba3fe12e5665378c68dfbf3e2c is a merge commit
---> Commit message - Merge pull request #213 from sieben07/readme

Added links to the Webpage, IRC and Documentation
-----------------------------------------------------------------

Merge commit 32 is -> 
{ 6cbbff8aaaeba6b72409bd6d2a578acfdd9a77d3 is a merge commit
---> Commit message - Merge pull request #215 from EdVanDance/qml_clipping

qml: enable clipping
-----------------------------------------------------------------

Merge commit 33 is -> 
{ c2560bb01c2e7076e4918270015094e6578f1d10 is a merge commit
---> Commit message - Merge pull request #214 from Dparker1990/detect_file_changes

Detect change of file and reload
-----------------------------------------------------------------

Merge commit 34 is -> 
{ ca7a3da0cbb04994b5b774b900a0625248313426 is a merge commit
---> Commit message - Merge pull request #218 from Dparker1990/update_year_in_copyright

Update Copyright year
-----------------------------------------------------------------

Merge commit 35 is -> 
{ 9b6992f235c1cff6bda6f0ca4acfbda0f4e5bfeb is a merge commit
---> Commit message - Merge pull request #223 from Dparker1990/remove_commented_code

Remove commented code from termbox frontend
-----------------------------------------------------------------

Merge commit 36 is -> 
{ b855ea159bdccd3ed2e839566de607ed6e29127a is a merge commit
---> Commit message - Merge pull request #225 from EdVanDance/qml_cleanup

Qml cleanup
-----------------------------------------------------------------

Merge commit 37 is -> 
{ 9ff12fc98fcb825c63b3d970331108e43ffb6a89 is a merge commit
---> Commit message - Merge pull request #229 from Dparker1990/refactor_termbox_frontend

Refactor termbox frontend
-----------------------------------------------------------------

Merge commit 38 is -> 
{ 0ad6f9a663e900a5772e4f70dd5e1b3602b4de05 is a merge commit
---> Commit message - Merge pull request #231 from vially/qml-tabs

* Rebased and squashed.
-----------------------------------------------------------------

Merge commit 39 is -> 
{ 4c04683262137b8de7676ff32c168ac36ca35bb4 is a merge commit
---> Commit message - Merge pull request #238 from vivekgalatage/patch-1

Use https over git to clone submodules.
-----------------------------------------------------------------

Merge commit 40 is -> 
{ a7855d42ca4e6e980dff860158f29c98b66e10f0 is a merge commit
---> Commit message - Merge pull request #235 from Dparker1990/update_visible_with_delta

Update visible region with insert/erase delta
-----------------------------------------------------------------

Merge commit 41 is -> 
{ da323af9cf41d43137ccac5d89efce4e25698194 is a merge commit
---> Commit message - Merge pull request #236 from Dparker1990/ignore_submodule_changes

Ignore dirty submodules
-----------------------------------------------------------------

Merge commit 42 is -> 
{ 7f5647eff5bf3f4bc516c48a92b003c1890adcc0 is a merge commit
---> Commit message - Merge pull request #245 from EdVanDance/go-get-patch

Go get patch
-----------------------------------------------------------------

Merge commit 43 is -> 
{ 38cf3d6156956a9db36a1927b85072265ce1b009 is a merge commit
---> Commit message - Merge branch 'qml_hookup_keyboard' of https://github.com/EdVanDance/lime into EdVanDance-qml_hookup_keyboard

Conflicts:
	frontend/qml/main.go
-----------------------------------------------------------------

Merge commit 44 is -> 
{ 3cce642d87ffd56f976bc0c0417db37656382890 is a merge commit
---> Commit message - Merge pull request #249 from irachex/indent

Implement indent command and add tests
-----------------------------------------------------------------

Merge commit 45 is -> 
{ 097f014aa8136c5180c235c2c5ac8aad8bf41da9 is a merge commit
---> Commit message - Merge pull request #251 from zguangyu0000/master

Add "New" and "Open" function to the qml frontend
-----------------------------------------------------------------

Merge commit 46 is -> 
{ db79f1f9284ff41bea392f116dc18a854c250796 is a merge commit
---> Commit message - Merge pull request #257 from zguangyu0000/master

Refresh qml when the file name changed
-----------------------------------------------------------------

Merge commit 47 is -> 
{ 9569bfc241740d542dec031b0ec64f88f18589a8 is a merge commit
---> Commit message - Merge pull request #259 from bitdivision/iss258

Fixed qml import line to new version
-----------------------------------------------------------------

Merge commit 48 is -> 
{ 4df3065b2cec2bb485b3ec5800f43c5db816be51 is a merge commit
---> Commit message - Merge pull request #265 from tummychow/master

Add gofmt test script. Fixes #264
-----------------------------------------------------------------

Merge commit 49 is -> 
{ 92613f6ec2fc243b3fb5e23a8facafe224df0b41 is a merge commit
---> Commit message - Merge pull request #267 from ZiDoMs/feature/LineCommands

Line Commands
-----------------------------------------------------------------

Merge commit 50 is -> 
{ 5a5dd908e291d6c502b6d5cbb72ce7401b4a9277 is a merge commit
---> Commit message - Merge branch 'feature/LineCommands' into develop

* feature/LineCommands:
  Added split_selection_into_lines command iss #91
  Added select_lines command iss #92
  Added swap_line_up iss #64 and swap_line_down iss #65 command
  added basic tests for line commands
-----------------------------------------------------------------

Merge commit 51 is -> 
{ a6a6294ac1625af3df5fed617a12a2de88f6bad4 is a merge commit
---> Commit message - Merge branch 'master' of https://github.com/limetext/lime into develop

* 'master' of https://github.com/limetext/lime:
  bundle galore
  backend/commands/line*: remove executable mode bits
  Add python.tmbundle subproject
  Add gofmt script for testing
  gofmt fixes
  travis: Add rubex directory to PKG_CONFIG_PATH search directory.
  backend/textmate: Fixes for go1.3-ish map changes.
  Fixed formatting on import statements
  fixed qml import line to new version
  Refresh qml when the file name changed
-----------------------------------------------------------------

Merge commit 52 is -> 
{ 42f118b4742e445499d9f0a5af95dd1ed965375e is a merge commit
---> Commit message - Merge pull request #272 from ZiDoMs/feature/ReloadSettings

Feature/reload settings
-----------------------------------------------------------------

Merge commit 53 is -> 
{ 1160a520217f431702dbf3fe1381ab0cc06423cb is a merge commit
---> Commit message - Merge pull request #271 from BenedictEggers/master

Minor comment cleanups
-----------------------------------------------------------------

Merge commit 54 is -> 
{ 4248bf09e2ba97c4b7f4441b2e1efb73c02b024d is a merge commit
---> Commit message - Merge pull request #275 from ZiDoMs/develop

atomic save not working
-----------------------------------------------------------------

Merge commit 55 is -> 
{ 5933c8145976d56ff6fbe7ab25757a8bf5e0418b is a merge commit
---> Commit message - Merge branch 'develop' into feature/save

* develop:
  Fixed atomic save problem, added tests for pre and post save events
  Documentation
  atomic save not working
-----------------------------------------------------------------

Merge commit 56 is -> 
{ 338302f5a5c0af5d626131e03be13a7b99adc469 is a merge commit
---> Commit message - Merge pull request #277 from ZiDoMs/develop

Fixed window.Views() bug
-----------------------------------------------------------------

Merge commit 57 is -> 
{ 2eeb0f434c7824588ac21df762ba955ee0d26b35 is a merge commit
---> Commit message - Merge branch 'develop' into feature/save

* develop:
  Fixed window.Views() bug
-----------------------------------------------------------------

Merge commit 58 is -> 
{ 49fe0f86784ac1a53beb73dde17334576fae8b43 is a merge commit
---> Commit message - Merge pull request #278 from ZiDoMs/feature/save

Save commands
Fixes #222
Fixes #38
Fixes #87
-----------------------------------------------------------------

Merge commit 59 is -> 
{ 34f4b181f473f2e5470ce98009d9f5efc9c46899 is a merge commit
---> Commit message - Fixing conflicts
-----------------------------------------------------------------

Merge commit 60 is -> 
{ 736dfa16c1802495323737972681dcd5bd05b04c is a merge commit
---> Commit message - fixed merging
-----------------------------------------------------------------

Merge commit 61 is -> 
{ 87130781e4466c239a3c3e154aa42fc6214cc6cc is a merge commit
---> Commit message - Merge branch 'feature/save' into develop

* feature/save:
  Fixed watching on save as problem
  Showing some info about the error
  Watching the new save as files
  Completed save_all command
  Finished Save & SaveAs command
  Adding save and save_as command but there is a problem with view SaveAs method
  Fixed watching on save as problem
-----------------------------------------------------------------

Merge commit 62 is -> 
{ dbd2d9f6d0ea3f28b763b40c7d505d03570bd779 is a merge commit
---> Commit message - Merge pull request #280 from ZiDoMs/develop

Separate atomic and non atomic save
-----------------------------------------------------------------

Merge commit 63 is -> 
{ a7cb51fdaa4b098422219879625e8a819ece523d is a merge commit
---> Commit message - Merge branch 'sonph-master'
-----------------------------------------------------------------

Merge commit 64 is -> 
{ 2ab5cd064a052637809e7ef6e20dc961acf599d9 is a merge commit
---> Commit message - Merge remote-tracking branch 'fork/feature/lime-packages' into feature/lime-packages

* fork/feature/lime-packages:
  Bugfixes in packages.go specialy the Pckts type and loading plugin Packets
  replacing os.PathSeparator whith path.Join
  Scaning for settings menus commands closes #198
  Implemented reloading plugins closes #221, changed WhatchedFile interface name to Watched
  Merging keymap and setting to Packet now all packages with one file will be a packet
  bug fixes, testing and logging for packages
  Reloading packages
  Loading settings and keybyingings from packages
  Added some comments, plugins will now accept multiple settings and keymaps
  Added access for plugin settings and keymap also some comments on Package interface methods
  Using the new approach for adding plugins
  Complete Plugin ,Setting and KeyMap type
-----------------------------------------------------------------

Merge commit 65 is -> 
{ dc202462f224f475b699bc922e9de8b67aed3621 is a merge commit
---> Commit message - Merge pull request #281 from ZiDoMs/feature/lime-packages

New approach for lime package management
-----------------------------------------------------------------

Merge commit 66 is -> 
{ 19c5cd0b4f389ed8d8984946694b4ae26777cefc is a merge commit
---> Commit message - Merge branch 'stev-0-master'
-----------------------------------------------------------------

Merge commit 67 is -> 
{ 4dda5e0018918c190d824fe05a7624308ba0492d is a merge commit
---> Commit message - Merge pull request #297 from PotatoesMaster/settings-commands

Settings commands + return errors in CommandHandler
-----------------------------------------------------------------

Merge commit 68 is -> 
{ 7bcb15fd18e2d3d9c7de0733f5e2889f0e4a675b is a merge commit
---> Commit message - Merge pull request #298 from PotatoesMaster/unindent

Unindent command, fixes #62
-----------------------------------------------------------------

Merge commit 69 is -> 
{ 17cdd637c931626adf96c70435553434fa5b08e5 is a merge commit
---> Commit message - Merge branch 'master' of github.com:limetext/lime

* 'master' of github.com:limetext/lime:
  Add unindent command and tests
  Extract functions for reuse by the unindent command
  CommandHandler: make Run*Command return the logged errors
  Add toggle_setting and set_setting commands
-----------------------------------------------------------------

Merge commit 70 is -> 
{ e82c9ac7307e400aaec736f737bca8e7386894e4 is a merge commit
---> Commit message - Merge pull request #299 from V0idExp/docfixes

Doc typo fix
-----------------------------------------------------------------

Merge commit 71 is -> 
{ a68baec03780934fad9f387fee1aca23fde6cebb is a merge commit
---> Commit message - Merge pull request #305 from zidoms/master

View: Implemented Classify method
-----------------------------------------------------------------

Merge commit 72 is -> 
{ cfb75583738d7379b63bbba10a536bac1b7f2b77 is a merge commit
---> Commit message - Merge branch 'master' of github.com:limetext/lime

* 'master' of github.com:limetext/lime:
  frontend/qml: Disable text selection MouseArea for minimap
-----------------------------------------------------------------

Merge commit 73 is -> 
{ f13813709a4c3c7cd334381e87325883157f3245 is a merge commit
---> Commit message - Merge pull request #309 from zidoms/master

close_window and new_window command closes #88, #90
-----------------------------------------------------------------

Merge commit 74 is -> 
{ af79c0201f6a27d33b21d1750d496cd7edcc2bcb is a merge commit
---> Commit message - Merge pull request #312 from onetwogoo/master

Fix: indent blocks that selected reversely
-----------------------------------------------------------------

Merge commit 75 is -> 
{ 35d21792cadcb997fa80c12add1f22f810954d7b is a merge commit
---> Commit message - Merge branch 'master' of github.com:limetext/lime

* 'master' of github.com:limetext/lime:
  Fix unindent for the same reason
  Fix: indent blocks that selected reversely
-----------------------------------------------------------------

Merge commit 76 is -> 
{ 450f9b847fb1b56df5582eace333345b6b072a71 is a merge commit
---> Commit message - Merge pull request #313 from onetwogoo/master

sort_lines and sort_selection command closes #50
-----------------------------------------------------------------

Merge commit 77 is -> 
{ 20f2d4cbe637f496c29d8b973f37a9b002a8c03c is a merge commit
---> Commit message - Merge pull request #319 from erbridge/new_file

Add a new_file command
-----------------------------------------------------------------

Merge commit 78 is -> 
{ e7e06aadcdda0251ea05b127333927f9b7027c1e is a merge commit
---> Commit message - Merge pull request #316 from erbridge/editor_test

Editor tests clipboard, remove and SetFrontend.
-----------------------------------------------------------------

Merge commit 79 is -> 
{ d58d4233a4596e34768c462a5d8dd5032ee703ca is a merge commit
---> Commit message - Merge pull request #317 from erbridge/view_test

View tests setBuffer SetScratch SetOverwriteStatus IsDirty and Close.
-----------------------------------------------------------------

Merge commit 80 is -> 
{ c92b26d5ba3511fa9497a13d9bf54b20d4e10de1 is a merge commit
---> Commit message - Merge branch 'master' of github.com:limetext/lime

* 'master' of github.com:limetext/lime:
  Add a new_file command.
  Fix the clipboard test.
  Test closing a view.
  Test IsDirty.
  Test SetOverwriteStatus.
  Test SetScratch.
  Add a test for a view's window.
  Move the benchmarks to the bottom of view_test.go.
  Test setBuffer.
  Add a clipboard test.
  Add a test for remove.
  Add a test for SetFrontend.
-----------------------------------------------------------------

Merge commit 81 is -> 
{ 913a24b3619a1ddaa979f6ad22042f21b803a960 is a merge commit
---> Commit message - Merge pull request #318 from erbridge/commandhandler_test

Commandhandler tests
-----------------------------------------------------------------

Merge commit 82 is -> 
{ 4c385a100fa83e485421e22c70fc617d5eb0589e is a merge commit
---> Commit message - Merge pull request #315 from erbridge/editor_tests

Close Window Test
-----------------------------------------------------------------

Merge commit 83 is -> 
{ a5ad640d8ab0191b9d121756cf2b9b31139099e8 is a merge commit
---> Commit message - Merge branch 'master' of github.com:limetext/lime

* 'master' of github.com:limetext/lime:
  Fix typo.
  Add tests for unregistering the commands.
  Rename the tests to better represent what they do.
  Add a TextCommand registration test.
  Add an WindowCommand registration test.
  Add an ApplicationCommand registration test.
  Add tests for PascalCaseToSnakeCase.
  Move the close window test to window_test.go.
  Add a test for window close.
  Tidy up a comment
-----------------------------------------------------------------

Merge commit 84 is -> 
{ 737205ae8935bb0e479668011f93e7710061066f is a merge commit
---> Commit message - Merge pull request #314 from erbridge/shellcheck

Fix most shellcheck warnings in lime.sh
-----------------------------------------------------------------

Merge commit 85 is -> 
{ 8df088a000c181a4870d30bcbb5d82cde596fe9a is a merge commit
---> Commit message - Merge pull request #320 from erbridge/travis_build

Allow forks to build on travis
-----------------------------------------------------------------

Merge commit 86 is -> 
{ d1ab307143aa4319622beb2a17de185ba594bc14 is a merge commit
---> Commit message - Merge pull request #321 from erbridge/readme_update

Tidy up README.md
-----------------------------------------------------------------

Merge commit 87 is -> 
{ 10da6eb9c6c35dab97b6a35027e059f7934c0f2e is a merge commit
---> Commit message - Merge pull request #324 from erbridge/report_coverage_on_success

Report coverage on success
-----------------------------------------------------------------

Merge commit 88 is -> 
{ 026df701539e4b16cf1f2bcbde881468388ac0b3 is a merge commit
---> Commit message - Merge pull request #325 from erbridge/improve_ci_script

Improve tasks/ci/lime.sh
-----------------------------------------------------------------

Merge commit 89 is -> 
{ b70a60a750f7efdb8fad62034e6dd18c0d62f695 is a merge commit
---> Commit message - Merge pull request #326 from erbridge/sort_test

Sort tests
-----------------------------------------------------------------

Merge commit 90 is -> 
{ fccde1f224bdf17494cd61c9238cf2dc303bbb2a is a merge commit
---> Commit message - Merge pull request #327 from erbridge/commandhandler_unregister

Reorganize Unregister to be more readable
-----------------------------------------------------------------

Merge commit 91 is -> 
{ c9d1e48dedf9d7692894f867451f5fea91a78380 is a merge commit
---> Commit message - Merge pull request #330 from elProxy/patch-1

Fix a typo in Helvetica
-----------------------------------------------------------------

Merge commit 92 is -> 
{ d415cf80adfc417ba143211f22dd700c17ce6826 is a merge commit
---> Commit message - Merge pull request #332 from scotchfield/right_delete_test

Add a test for right_delete based on left_delete.
-----------------------------------------------------------------

Merge commit 93 is -> 
{ f05d26f2225847e842abfe4786c3d7fa637bb0f5 is a merge commit
---> Commit message - Merge pull request #338 from erbridge/register_test

Add a register test file
-----------------------------------------------------------------

Merge commit 94 is -> 
{ c4d03c5d45523a2a6494d8b628d9037df23c91d6 is a merge commit
---> Commit message - Merge pull request #340 from erbridge/find_test

Add FindUnderExpand tests
-----------------------------------------------------------------

Merge commit 95 is -> 
{ 7c30bdf4d2b187acbc4e557460424fab1e3fb766 is a merge commit
---> Commit message - Merge pull request #339 from erbridge/default_name

Default command name
-----------------------------------------------------------------

Merge commit 96 is -> 
{ 898a4811c7cca6ce970fb2ea64ef72512da3d27e is a merge commit
---> Commit message - Merge pull request #342 from erbridge/default_font

Set the default fonts on different OSes
-----------------------------------------------------------------

Merge commit 97 is -> 
{ 65573158a34861703739feac8ad92b6ea0e0f281 is a merge commit
---> Commit message - Merge pull request #345 from uroborus/master

found a typo in a comment
-----------------------------------------------------------------

Merge commit 98 is -> 
{ 8eca6ce36cde44709eb1a7c309768142970269d7 is a merge commit
---> Commit message - Merge pull request #348 from erbridge/fix_formatting

Fix formatting in insdel_test
-----------------------------------------------------------------

Merge commit 99 is -> 
{ 425a11671d5ed2c3840dcaf31265f7f088e76555 is a merge commit
---> Commit message - Merge pull request #347 from Joushou/filefromcli

Add support for file parameter in termbox
-----------------------------------------------------------------

Merge commit 100 is -> 
{ 9c4400e660333259ebd61fc53e8f61f3f5c7289e is a merge commit
---> Commit message - Merge pull request #349 from bmathews/screenshot

updates readme with correct screenshot date alt-text
-----------------------------------------------------------------

Merge commit 101 is -> 
{ e64e6549f0f2c418bee4aad3903e3b712734e44c is a merge commit
---> Commit message - Merge pull request #351 from erbridge/editor_test

More editor tests
-----------------------------------------------------------------

Merge commit 102 is -> 
{ b27e43915bef3c419f8c92a25e71a4caac6b4173 is a merge commit
---> Commit message - Merge pull request #341 from erbridge/move_test

Multiregion move to tests
-----------------------------------------------------------------

Merge commit 103 is -> 
{ f1a03c77600d4364ed82087890cc98a7c9b7b818 is a merge commit
---> Commit message - Merge pull request #350 from erbridge/theme_test

Add LoadTheme tests
-----------------------------------------------------------------

Merge commit 104 is -> 
{ 4865e615883dd8d23242aa1e50507f393d7bf2f6 is a merge commit
---> Commit message - Merge upstream
-----------------------------------------------------------------

Merge commit 105 is -> 
{ 46442448739046bd4f424dd34453046a65bd87e9 is a merge commit
---> Commit message - Merge pull request #354 from erbridge/util_case

Pull PascalCaseToSnakeCase into the util package
-----------------------------------------------------------------

Merge commit 106 is -> 
{ 0c0cba294a58f1ef669e89df8a008afb73d300a2 is a merge commit
---> Commit message - Merge pull request #355 from erbridge/diff_test

Make a util.Diff add context before and after the diff
-----------------------------------------------------------------

Merge commit 107 is -> 
{ bfb2484468185c1d94f41b821f1b9fe617440a55 is a merge commit
---> Commit message - Merge pull request #356 from erbridge/render_view_test

Add some tests for render/view
-----------------------------------------------------------------

Merge commit 108 is -> 
{ 468d19fed4bd8229f0b64735de45ab086a13579b is a merge commit
---> Commit message - Merge pull request #353 from zidoms/master

Settings parent child hierarchy
-----------------------------------------------------------------

Merge commit 109 is -> 
{ d1504521dd5cfff07b3b77043cc2fd83713ddb80 is a merge commit
---> Commit message - Merge pull request #358 from erbridge/next_prev_view

Add next_view and prev_view commands
-----------------------------------------------------------------

Merge commit 110 is -> 
{ f478d51ec3cec68fbf137421aa456c1aacf44d97 is a merge commit
---> Commit message - Merge branch 'master' of github.com:limetext/lime

* 'master' of github.com:limetext/lime:
  Specify how the sublime generated files were built.
  Add next_view and prev_view commands.
-----------------------------------------------------------------

Merge commit 111 is -> 
{ 7ec702487314c558e5e392b6533691a3244a9ad8 is a merge commit
---> Commit message - Merge pull request #359 from erbridge/improve_ci

Improve the Travis CI script
-----------------------------------------------------------------

Merge commit 112 is -> 
{ 7d79d4fd8e11045d15ded95fc6a9e6e46018aa16 is a merge commit
---> Commit message - Merge pull request #365 from snowiow/master

added Undo/Redo Test on initial Stack
-----------------------------------------------------------------

Merge commit 113 is -> 
{ 649937822814774b7711c91c448c5dadc78c3fc0 is a merge commit
---> Commit message - Merge pull request #367 from Joushou/termbox-flag

Use "flag" for command line arguments
-----------------------------------------------------------------

Merge commit 114 is -> 
{ 85bda60531d22e8a57aea66d804de294cb2bba5e is a merge commit
---> Commit message - Merge pull request #366 from erbridge/copycutpaste

Basic copy, cut and paste commands
-----------------------------------------------------------------

Merge commit 115 is -> 
{ 0e095d862658145b67130319174f297a4a3e5ad3 is a merge commit
---> Commit message - Merge pull request #369 from Joushou/glitchytermbox

Fix some glitchy output in termbox frontend
-----------------------------------------------------------------

Merge commit 116 is -> 
{ 1e2aca4f650a2e4f8903cdfa6b310d0fdc20e622 is a merge commit
---> Commit message - Merge pull request #370 from Joushou/resizesupport

Handle termbox.EventResize
-----------------------------------------------------------------

Merge commit 117 is -> 
{ 945f1758bc423ec352f406e0a7d44968bd262dd6 is a merge commit
---> Commit message - Merge pull request #372 from nflick/expand-by-class

Implemented expand_by_class. Closes #362.
-----------------------------------------------------------------

Merge commit 118 is -> 
{ b189f30c84fc380667458398dd07957153e656f2 is a merge commit
---> Commit message - Merge pull request #382 from Joushou/moreglitches

Make sure that that termbox is set up before renderThread starts.
-----------------------------------------------------------------

Merge commit 119 is -> 
{ ceaa7552d9312223ac76308d19045eb4871605c9 is a merge commit
---> Commit message - Merge pull request #384 from Joushou/prettycursor

Extend tab-fix for inverse cursor
-----------------------------------------------------------------

Merge commit 120 is -> 
{ c9117290e9737856d5655fb73c9620f1b2a93924 is a merge commit
---> Commit message - Merge branch 'master' of https://github.com/limetext/lime
merge master
-----------------------------------------------------------------

Merge commit 121 is -> 
{ 9c2d6bdae20dfc27b8258b74042c6bb8677f548e is a merge commit
---> Commit message - merge master
-----------------------------------------------------------------

Merge commit 122 is -> 
{ ea2129d242874a5a133e96e9e1263b8970e0f100 is a merge commit
---> Commit message - Merge pull request #381 from snowiow/master

resolve #85 and added open file dialog functionality to qml frontend
-----------------------------------------------------------------

Merge commit 123 is -> 
{ 67f526fb0c976cdbf8e577fdbf5281cb15b36b8b is a merge commit
---> Commit message - Merge pull request #386 from linktohack/master

Submodules change the rest url to https
-----------------------------------------------------------------

Merge commit 124 is -> 
{ 38b55c228fb6eac7157c8ba4161b5ccbe91c8d0c is a merge commit
---> Commit message - Merge pull request #387 from snowiow/master

Open multiple Files at once in qml frontend
-----------------------------------------------------------------

Merge commit 125 is -> 
{ 0091bab097cc66f4fb7ca1ba23bbf70483f5a017 is a merge commit
---> Commit message - Merge pull request #388 from Joushou/minorstuff

Minor stuff
-----------------------------------------------------------------

Merge commit 126 is -> 
{ a275f58adc50c136dbc5f5d27a7e20926d27cb76 is a merge commit
---> Commit message - Merge pull request #389 from Joushou/dorender

Handle closed channel without bogus vars
-----------------------------------------------------------------

Merge commit 127 is -> 
{ a167f7f5fbc59b9fda97c3ea82f3a358d609c28c is a merge commit
---> Commit message - Merge branch 'move_packages'

Conflicts:
	backend/editor_test.go
-----------------------------------------------------------------

Merge commit 128 is -> 
{ 3ac9ae093f46e20310810bcb6f43777c7280cf29 is a merge commit
---> Commit message - Merge pull request #392 from snowiow/master

resolve #390, added close_view command and link to qml
-----------------------------------------------------------------

Merge commit 129 is -> 
{ 5bf6b6cd9e02099258404ed2a6b9301958d73439 is a merge commit
---> Commit message - Merge pull request #397 from mmstick/patch-1

html: Implement Port Flag
-----------------------------------------------------------------

Merge commit 130 is -> 
{ 597cb842e0a9e2396888658e8bb63c955b3a90f1 is a merge commit
---> Commit message - Merge pull request #399 from Joushou/separation2

First move in isolating logic
-----------------------------------------------------------------

Merge commit 131 is -> 
{ 33280fa604f0630c9a098402fd4a58b89d793436 is a merge commit
---> Commit message - Merge pull request #403 from zigal/patch-1

added an window title to the ApplicationWindow
-----------------------------------------------------------------

Merge commit 132 is -> 
{ 35369dddeaafa0583e88d1d00266d1f9953bd869 is a merge commit
---> Commit message - Merge branch 'master' of github.com:limetext/lime

* 'master' of github.com:limetext/lime:
  Make sure the test checks that all the views are closed.
  Merge pull request #401 from snowiow/master
  added an window title to the ApplicationWindow
-----------------------------------------------------------------

Merge commit 133 is -> 
{ b4b9394412b4f1a69e4f9fa57bfbc2ab4ed08c9e is a merge commit
---> Commit message - Merge pull request #415 from erbridge/abort_close_all

Interrupt closing if a view doesn't close
-----------------------------------------------------------------

Merge commit 134 is -> 
{ 41833f69c8d61d085bf1225531c340c6bbe7c982 is a merge commit
---> Commit message - Merge pull request #419 from emersion/master

Adds Websocket support to HTML frontend
-----------------------------------------------------------------

Merge commit 135 is -> 
{ efd10c8cc193c9ea93cb93ad9d9c408f75d27aeb is a merge commit
---> Commit message - Merge pull request #420 from emersion/master

[frontend][html] Adds HTML file, dialogs, bug fixes
-----------------------------------------------------------------

Merge commit 136 is -> 
{ d671f3b181c88f17b53ffe396226294586e60f50 is a merge commit
---> Commit message - Merge pull request #421 from emersion/master

[frontend][html] Fixes keyboard support
-----------------------------------------------------------------

Merge commit 137 is -> 
{ cea940d241c495733296a33e449645e9a90fb8d9 is a merge commit
---> Commit message - Merge pull request #423 from emersion/master

frontend/html: status bar, compatibility fixes
-----------------------------------------------------------------

Merge commit 138 is -> 
{ 9cd2fecc4946b21b14f891097356aa9c2c4cdbc1 is a merge commit
---> Commit message - Merge pull request #417 from erbridge/system_clipboard

Use the system clipboard
-----------------------------------------------------------------

Merge commit 139 is -> 
{ e54b0e7e089a5bbc967f39a7c3bbed4bf0da61c3 is a merge commit
---> Commit message - Merge pull request #426 from emersion/master

frontend/html: text cursor
-----------------------------------------------------------------

Merge commit 140 is -> 
{ 86d9d2070d9cff618461a22548349240736e4e94 is a merge commit
---> Commit message - Merge pull request #1 from limetext/master

Update to latest commit
-----------------------------------------------------------------

Merge commit 141 is -> 
{ 0eb59cd072a9baaf14bc7ef35ba043ab8825f3ff is a merge commit
---> Commit message - Merge pull request #430 from erbridge/logger

Wrap log4go in a backend/log package
-----------------------------------------------------------------

Merge commit 142 is -> 
{ 08774f82f7f9505cda464a0edec798aaeb239c43 is a merge commit
---> Commit message - Merge pull request #431 from emersion/master

frontend/html: cursor improvements
-----------------------------------------------------------------

Merge commit 143 is -> 
{ 5cbdd19139de26bf9fba5e32fd95382878c7b1e7 is a merge commit
---> Commit message - Merging changes from master
-----------------------------------------------------------------

Merge commit 144 is -> 
{ 7af7c776cadcc3c8746619d6762a2f09f837f81b is a merge commit
---> Commit message - Merge remote-tracking branch 'upstream/master'
-----------------------------------------------------------------

Merge commit 145 is -> 
{ c27687afc588855092088bfe5d0933049f853415 is a merge commit
---> Commit message - Merge branch 'master' of github.com:limetext/lime into watcher

* 'master' of github.com:limetext/lime:
  [frontend/termbox] Add some extra information to a failed test.
  Add a gitter.im webhook for travis builds.
  Move translations to i18n.
  Add a Gitter badge.
-----------------------------------------------------------------

Merge commit 146 is -> 
{ 270a677da3f0dffe5df1ae25e9faaa741475161f is a merge commit
---> Commit message - Merge pull request #435 from trapgate/master

Transpose Command
-----------------------------------------------------------------

Merge commit 147 is -> 
{ 87e864c0b5a00f54d23511a9f11f1c4dc3633cdb is a merge commit
---> Commit message - Merge branch 'master' of github.com:limetext/lime
-----------------------------------------------------------------

Merge commit 148 is -> 
{ 43e660c2352b6e81dc43785afa3e58615e6ba7c5 is a merge commit
---> Commit message - Merge branch 'master' of github.com:limetext/lime into watcher

* 'master' of github.com:limetext/lime:
  Benchmarking + some profile entries for #425.
  Not for the cover tool.
  Use golang.org/x/* over code.google.com/p/go.*.
  Rewrite new transpose code.
  Fix formatting of transpose sources (gofmt)
  Add tests for the transpose command.
  Implement transpose command (Issue #47)
-----------------------------------------------------------------

Merge commit 149 is -> 
{ 53ed14ec7788fddb90922eaca6b3c20d78a1443a is a merge commit
---> Commit message - Merge pull request #433 from zidoms/watcher

New watch package, better and cleaner watchers for lime packages
-----------------------------------------------------------------

Merge commit 150 is -> 
{ c2dd608f78a5f42cfe5196d4698c5d09136b3424 is a merge commit
---> Commit message - Merge branch 'master' of github.com:limetext/lime

* 'master' of github.com:limetext/lime:
  Add bountysource badge
-----------------------------------------------------------------

Merge commit 151 is -> 
{ 87a5429263334a846b3f1360c7c0b18b50e5d480 is a merge commit
---> Commit message - Merge pull request #441 from mmstick/patch-3

Fix line number on new line
-----------------------------------------------------------------

Merge commit 152 is -> 
{ 00ddbd30084b3a7fad5a377738377808cbba276f is a merge commit
---> Commit message - Merge pull request #443 from alexandershov/master

Fix TestLoadKeyBinding test
-----------------------------------------------------------------

Merge commit 153 is -> 
{ 69a2fba6e8aabe13fb0f121b3b005e20725499ee is a merge commit
---> Commit message - Merge pull request #447 from MontakOleg/master

Code cleanup: Replace BufferChangedCallbacks with BufferObservers (#427)
-----------------------------------------------------------------

Merge commit 154 is -> 
{ 9580d77f01ce656ee74088c0b2706952b8a0746b is a merge commit
---> Commit message - Merge branch 'master' into buffer_observer

Conflicts:
	frontend/html/main.go
	packages/Diff.tmbundle
	packages/ini.tmbundle
	packages/monokai.tmbundle
-----------------------------------------------------------------

Merge commit 155 is -> 
{ 2d226f24b5dc220e625f5bde088f83062ca54f42 is a merge commit
---> Commit message - Merge pull request #449 from MontakOleg/buffer_observer

Replace BufferChangedCallbacks to BufferObservers in frontend code (issue #427)
-----------------------------------------------------------------

Merge commit 156 is -> 
{ 414943ddb105812b29e331af4ecb5c1422816d77 is a merge commit
---> Commit message - Merge pull request #448 from trapgate/master

Resolve #25: Implement the find_next command
-----------------------------------------------------------------

