# of merges = 224
Merge commit 1 is -> 
{ 313ac3810285e95e3f5ead65a9ed54beb9cb8f0e is a merge commit
---> Commit message - Merge pull request #2 from finaiized/master

Updated/Corrected Tutorial on MelonJS, thanks to finaiized !
-----------------------------------------------------------------

Merge commit 2 is -> 
{ 139ee0689d87dc59cce5dab169237ed158112749 is a merge commit
---> Commit message - Merge pull request #13 from lancelotsix/master

Awesome !
-----------------------------------------------------------------

Merge commit 3 is -> 
{ 5b5d32a801dfe698f2f2d159af250bba8dd590d6 is a merge commit
---> Commit message - Merge pull request #19 from scan/master

Added package.json and Cakefile
-----------------------------------------------------------------

Merge commit 4 is -> 
{ 843bf96c7968b1d735d7da7914314a2acf6681a8 is a merge commit
---> Commit message - Merge pull request #20 from scan/master

Makefile now takes version from version.js
-----------------------------------------------------------------

Merge commit 5 is -> 
{ ea60b8088d2d410bcadc7104f8cf1d9448fa6fc0 is a merge commit
---> Commit message - Merge pull request #53 from shaneriley/master

me.gamestat add/setValue/updateValue now support objects as arguments for faster value setting
-----------------------------------------------------------------

Merge commit 6 is -> 
{ 97743a97d8305beb248ade496fe4bd08b18c65d8 is a merge commit
---> Commit message - Merge pull request #61 from parasyte/master

Fix a bad bug in the way requestAnimFrame() is used
-----------------------------------------------------------------

Merge commit 7 is -> 
{ c6ca42542c3554fe0fc1d7dde226e09aac9695b2 is a merge commit
---> Commit message - Merge pull request #62 from parasyte/master

Add me.debug.renderCollisionMap setting.
-----------------------------------------------------------------

Merge commit 8 is -> 
{ d0d9bcf84e49a0db74b88f673f9bc480a05d1c55 is a merge commit
---> Commit message - Merge pull request #68 from parasyte/master

Parse TMX polygon and polyline objects
-----------------------------------------------------------------

Merge commit 9 is -> 
{ cd8473430a6fa3f8715c1b7baa6f050ebd5e9f95 is a merge commit
---> Commit message - Merge pull request #70 from parasyte/master

Fix strange behavior case in me.input with Shift key
-----------------------------------------------------------------

Merge commit 10 is -> 
{ 4b3f522dd4f8e5c0c0bd67465059d8f0f18ec88f is a merge commit
---> Commit message - Merge pull request #71 from parasyte/master

Add animation pause to me.AnimationSheet; closes issue #60
-----------------------------------------------------------------

Merge commit 11 is -> 
{ a73a3d9e8939de96ee0d4ceeae3a31a64fbf3245 is a merge commit
---> Commit message - Merge pull request #78 from parasyte/master

Fix me.Font `align` argument.
-----------------------------------------------------------------

Merge commit 12 is -> 
{ 753d2a9e8d36905a389c4c5e889e81142b17e24e is a merge commit
---> Commit message - Merge pull request #79 from bsparks/master

fix spelling error
-----------------------------------------------------------------

Merge commit 13 is -> 
{ a97eb26747df8bc2fbf5087c0c78163aebcbf09f is a merge commit
---> Commit message - Merge pull request #82 from parasyte/master

Two small bug fixes.
-----------------------------------------------------------------

Merge commit 14 is -> 
{ 69c1c5848d1343be1a4f4a3d615877660079b13c is a merge commit
---> Commit message - Merge pull request #87 from parasyte/master

General pull request
-----------------------------------------------------------------

Merge commit 15 is -> 
{ 577bc76578a07479475c91b3de559a855e0e3421 is a merge commit
---> Commit message - Merge pull request #89 from parasyte/master

Fix #88: me.Tween cannot be paused
-----------------------------------------------------------------

Merge commit 16 is -> 
{ d2a10511f538b653beca9ebb42ebb64cdef89630 is a merge commit
---> Commit message - Merge pull request #92 from parasyte/2d6453b8ae18aad6daa386c1bc742e7c1e380895

Implement more pieces of issue #85, and various changes.
-----------------------------------------------------------------

Merge commit 17 is -> 
{ 183327d796bfc125dfbfb0916720cb4e3e157dd5 is a merge commit
---> Commit message - Merge pull request #95 from parasyte/master

Small fixes: Attempt 3!
-----------------------------------------------------------------

Merge commit 18 is -> 
{ bb44c02e2a9ee3aa523ea0deadabf5c5ea09626e is a merge commit
---> Commit message - Merge pull request #97 from parasyte/master

Publish on keydown and keyup events
-----------------------------------------------------------------

Merge commit 19 is -> 
{ d04c94030e34d5ff155f726601825bbd1e5fa6ec is a merge commit
---> Commit message - Merge pull request #113 from eberan/lowered_audio

Lowering names for audio files in tutorials.
-----------------------------------------------------------------

Merge commit 20 is -> 
{ 2df1c822b9ad8e2ffd3e19b78d9e837b1b4daca2 is a merge commit
---> Commit message - Merge pull request #128 from obiot/ticket-85

Ticket #85 - Implement an official plugin mechanism
-----------------------------------------------------------------

Merge commit 21 is -> 
{ 2c063814502bb63dad4f2935b6661e17a095fce9 is a merge commit
---> Commit message - Merge pull request #137 from obiot/ticket-4

Merging Ticket 4 into main Branch
-----------------------------------------------------------------

Merge commit 22 is -> 
{ 6de96785acf54986e21ff13e1d20a935b67903f5 is a merge commit
---> Commit message - Merge branch 'ImageLayer-cleaning' of https://github.com/obiot/melonJS into ImageLayer-cleaning
-----------------------------------------------------------------

Merge commit 23 is -> 
{ c8069ec997f1cc176334519b630ae12a2ec8771e is a merge commit
---> Commit message - Merge branch 'master' of https://github.com/obiot/melonJS
-----------------------------------------------------------------

Merge commit 24 is -> 
{ 250a5f9c681149bfd97fb308704b92550fd35ca7 is a merge commit
---> Commit message - Merge branch 'master' of https://github.com/obiot/melonJS
-----------------------------------------------------------------

Merge commit 25 is -> 
{ 2cb5fce04674d6bb9945056a0cef88158c940b6d is a merge commit
---> Commit message - Merge remote-tracking branch 'origin/master' into ImageLayer-cleaning
-----------------------------------------------------------------

Merge commit 26 is -> 
{ ccfad83b92ada8c42fbc8222897e5bd68c8427cd is a merge commit
---> Commit message - Merge branch 'master' of https://github.com/obiot/melonJS
-----------------------------------------------------------------

Merge commit 27 is -> 
{ 6b5484b4dd86d21a2456f0bd7c43f77e65157ded is a merge commit
---> Commit message - Merge pull request #142 from agmcleod/master

Changes to me.Font.set()
-----------------------------------------------------------------

Merge commit 28 is -> 
{ 11cc479d0796c0c7d5f8b7e4bcb5c944607e40c9 is a merge commit
---> Commit message - Merge pull request #143 from DblK/master

Spacing and margin capacities
-----------------------------------------------------------------

Merge commit 29 is -> 
{ 8f12450d204a98fe631735eb760b3175272890f9 is a merge commit
---> Commit message - Merge pull request #150 from vegar/master

Fix issue #149,#150  TileMap.getObjectGroupByName(name)
-----------------------------------------------------------------

Merge commit 30 is -> 
{ 1b5bcfb727a784c521951c3b66402a85dd92d8d2 is a merge commit
---> Commit message - Merge branch 'master' of https://github.com/obiot/melonJS
-----------------------------------------------------------------

Merge commit 31 is -> 
{ cefefb6fa4ff6ec392eac2613210de5c4d4c890f is a merge commit
---> Commit message - Merge pull request #151 from nvlbg/master

Adds object pooling into me.entityPool
-----------------------------------------------------------------

Merge commit 32 is -> 
{ 08accfe129dcac96704591a029a6d700e0f17d74 is a merge commit
---> Commit message - Merge remote-tracking branch 'origin/master' into ImageLayer-cleaning

Conflicts:
	examples/alexkidd/data/map/zone1/1.tmx
	examples/alexkidd/data/map/zone1/2.tmx
	examples/alexkidd/data/map/zone1/3.tmx
	src/level/TMXTiledMap.js
-----------------------------------------------------------------

Merge commit 33 is -> 
{ b139b1be7afe1a71b2c9d6b341917d0c018551ee is a merge commit
---> Commit message - Merge remote-tracking branch 'origin/ImageLayer-cleaning'

Conflicts:
	examples/tiled_example_loader/index.html
	examples/tiled_example_loader/style/bullet.png
	examples/tiled_example_loader/style/content.png
	examples/tiled_example_loader/style/footer.png
	examples/tiled_example_loader/style/graphic.png
	examples/tiled_example_loader/style/link.png
	examples/tiled_example_loader/style/logo.png
	examples/tiled_example_loader/style/menu.png
	examples/tiled_example_loader/style/menu_select.png
	examples/tiled_example_loader/style/search.png
	examples/tiled_example_loader/style/style.css
-----------------------------------------------------------------

Merge commit 34 is -> 
{ eb32f2e470b1775705592855bb4e14d4192d667b is a merge commit
---> Commit message - merged upstream with local changes
-----------------------------------------------------------------

Merge commit 35 is -> 
{ a5f79bef02303913b965c612a394d59118860a12 is a merge commit
---> Commit message - Merge pull request #154 from agmcleod/master

Added volume option to audio.play()
-----------------------------------------------------------------

Merge commit 36 is -> 
{ f28e6e455af199e63b432184a3a9243fbf34f613 is a merge commit
---> Commit message - Merge pull request #156 from agmcleod/master

new `animationspeed` parameter for the `addAnimation()` function, allowing to specify a different animation speed per animation
-----------------------------------------------------------------

Merge commit 37 is -> 
{ 86c110eb1a6e52d059304ec6d8eefd51aa791268 is a merge commit
---> Commit message - Merge branch 'master' into ticket-15

Conflicts:
	src/entity/entity.js
-----------------------------------------------------------------

Merge commit 38 is -> 
{ a8bbea884697467c38c5f0f9a019c5666e370fe5 is a merge commit
---> Commit message - Merge pull request #165 from obiot/ticket-15

Ticket #15 - inheritance / composition
-----------------------------------------------------------------

Merge commit 39 is -> 
{ f7b89a4e3d87f339a76c1ab4ab36f092840ff936 is a merge commit
---> Commit message - Merge pull request #168 from obiot/ticket-140

Ticket #140 : support JSON map formats
-----------------------------------------------------------------

Merge commit 40 is -> 
{ 2e530b45556c18b7cb31000e19683870bfde714e is a merge commit
---> Commit message - merged upstream 0.9.7
-----------------------------------------------------------------

Merge commit 41 is -> 
{ 6fea2f9c44e45df74f157506fd77f7e7d5ea2fe6 is a merge commit
---> Commit message - Merge branch 'master' of github.com:/obiot/melonJS
-----------------------------------------------------------------

Merge commit 42 is -> 
{ e46d6eb3408cd09dec1730cd0ecd4f0f58c5c32e is a merge commit
---> Commit message - Merge pull request #180 from DblK/master

Update Font listing character
-----------------------------------------------------------------

Merge commit 43 is -> 
{ f9f97770dab405d1b43a7be26b65b316e9137a92 is a merge commit
---> Commit message - Merge pull request #183 from DblK/getEntityByProp

Add new function getEntityByProp
-----------------------------------------------------------------

Merge commit 44 is -> 
{ f8cf7731cc5f83240a357ea2dd4d98bc73cd79e2 is a merge commit
---> Commit message - Merge pull request #185 from DblK/makefile

Update Makefile to work on Windows
-----------------------------------------------------------------

Merge commit 45 is -> 
{ cd130aa9ab9ad88c31277a1170f4284d1f01b6ab is a merge commit
---> Commit message - Merge pull request #182 from DblK/Issue_38

Fixing Issue #38
-----------------------------------------------------------------

Merge commit 46 is -> 
{ fad1f6393a7bdabf23410b3582f665edcd9ce13c is a merge commit
---> Commit message - Merge pull request #186 from DblK/getEntityByProp

Update getEntityByProp to return an Array of Entity
-----------------------------------------------------------------

Merge commit 47 is -> 
{ 86e10696cbf2f6bae99ad1ad98adc36243b77ba0 is a merge commit
---> Commit message - Merge pull request #188 from DblK/collidable

Set default collidable property to true for ObjectEntity
-----------------------------------------------------------------

Merge commit 48 is -> 
{ bcb928b26306b05fe65622a21652fd30bf5537ba is a merge commit
---> Commit message - Merge pull request #189 from jvalduvieco/fix_clone_bug

Fix access to inherited properties
-----------------------------------------------------------------

Merge commit 49 is -> 
{ 4dffb6aee6eeb4c62af4a71a424fda416eff77f1 is a merge commit
---> Commit message - Merge branch 'master' of github.com:melonjs/melonJS
-----------------------------------------------------------------

Merge commit 50 is -> 
{ 59c414ad412d7c1aed40d5f28f890e005e2b1690 is a merge commit
---> Commit message - Merge branch 'master' of github.com:melonjs/melonJS
-----------------------------------------------------------------

Merge commit 51 is -> 
{ 6d14b864ff975b3427297fc940e0d477ce5a5e3a is a merge commit
---> Commit message - Merge branch 'master' of github.com:agmcleod/melonJS
-----------------------------------------------------------------

Merge commit 52 is -> 
{ 67db8c7b15112f4a1ea7a9b1d979c3efbbdfd154 is a merge commit
---> Commit message - Merge branch 'master' of github.com:melonjs/melonJS
-----------------------------------------------------------------

Merge commit 53 is -> 
{ a8825b8c792fc53af195ca78574edded7d9df810 is a merge commit
---> Commit message - merged and removed conflicts
-----------------------------------------------------------------

Merge commit 54 is -> 
{ dcc3f245aaa16614795ca9079ee6ded0b65fb7fc is a merge commit
---> Commit message - Merge remote-tracking branch 'obiot/master'
-----------------------------------------------------------------

Merge commit 55 is -> 
{ ddb0a2bf87f14b5ffd61274c7e1e58b50a5e4b46 is a merge commit
---> Commit message - Merge pull request #204 from andyveliz/master

Fixed default objects positioning for Isometric maps (andyveliz)
-----------------------------------------------------------------

Merge commit 56 is -> 
{ 514a912b1ce1b720afb68adec810aa0638cce4e9 is a merge commit
---> Commit message - merged documentation and atlas->json changes
-----------------------------------------------------------------

Merge commit 57 is -> 
{ d3cd9854c47a95048001f3631f5a4d7d4533f80b is a merge commit
---> Commit message - Merge pull request #221 from agmcleod/master

Replaced TPS type with generic JSON (agmcleod)
-----------------------------------------------------------------

Merge commit 58 is -> 
{ 9898711e556655bb4b24b9612fd8fc7e589b1ded is a merge commit
---> Commit message - Merge pull request #225 from thurn/patch-3

Explicitly attach `me` to the `window` object scope
-----------------------------------------------------------------

Merge commit 59 is -> 
{ 6d950257d51f95eef9220928c022b548784e7beb is a merge commit
---> Commit message - Merge pull request #242 from swmuron/ticket-159

Ticket #159 : better implementation of the pause/resume function (by swmuron)
-----------------------------------------------------------------

Merge commit 60 is -> 
{ a615fc38dc49e13b2c3002d0ce0426cf497b0cf9 is a merge commit
---> Commit message - Merge pull request #247 from swmuron/onClick-issue

fix GUI_Object docs
-----------------------------------------------------------------

Merge commit 61 is -> 
{ f3443f1c6346dced7cdc6a91363e999faa633f6b is a merge commit
---> Commit message - Merge pull request #249 from MrHalfman/ticket-194

[#194] Added accelerometer support on Windows 8 devices
-----------------------------------------------------------------

Merge commit 62 is -> 
{ 5c3e7c8c707c277f2fdba7b1868fe9a804e75b66 is a merge commit
---> Commit message - Merge pull request #265 from agmcleod/feature/tabkey-binding

added in tab key to the input bindings
-----------------------------------------------------------------

Merge commit 63 is -> 
{ f2a455c35b11d3e3c1f39a4749774c863a4bd3f6 is a merge commit
---> Commit message - Merge pull request #270 from nvlbg/master

Improves build process and linting (by nvlbg)
-----------------------------------------------------------------

Merge commit 64 is -> 
{ 5861fbccfdb6b6977e256948fc1d9adb3fadcef4 is a merge commit
---> Commit message - Merge pull request #268 from agmcleod/feature/fix-preloadbinary

set binary load to async, and removed the usage of dataType (by agmcleod)
-----------------------------------------------------------------

Merge commit 65 is -> 
{ 521585626f6a14bebdff2b616a855894f8811405 is a merge commit
---> Commit message - Merge pull request #275 from nvlbg/master

Fixes the documentation build process to display correct source files in the generated documentation
-----------------------------------------------------------------

Merge commit 66 is -> 
{ 6c6ae1737cf6dc17a53c47becca3fd226be37737 is a merge commit
---> Commit message - Merge pull request #281 from agmcleod/device-orientation

added a new `me.device` singleton object that will hold device capabilities/information and device specific event management (devicemotion, orientation)
-----------------------------------------------------------------

Merge commit 67 is -> 
{ 986e6f8ae07b5aefeccb0827d7c79bac9088b14d is a merge commit
---> Commit message - Merge remote-tracking branch 'origin/master' into 1.0.0-dev
-----------------------------------------------------------------

Merge commit 68 is -> 
{ db096e471562c62e0e8ca69d6c6fcffb6eab751f is a merge commit
---> Commit message - Merge pull request #288 from Buffer-Overflow/drag-and-drop

Drag and drop
-----------------------------------------------------------------

Merge commit 69 is -> 
{ e3268912e399c4f5bf334324c6c1c9bba2f915ec is a merge commit
---> Commit message - Merge pull request #292 from agmcleod/anim-array-to-hash

Anim array to hash
-----------------------------------------------------------------

Merge commit 70 is -> 
{ df00a390766f95e03ecfdb00d861b3998ab898b0 is a merge commit
---> Commit message - Merge with master
-----------------------------------------------------------------

Merge commit 71 is -> 
{ 90aafc4409d0abf4afde4f434bcff19d08bd14b2 is a merge commit
---> Commit message - Merge pull request #305 from agmcleod/hotfix/localstorage-null

added null check on localstorage
-----------------------------------------------------------------

Merge commit 72 is -> 
{ e8ea07af99a116c1b9f69ff7fce6b1c3d2cd55cc is a merge commit
---> Commit message - Merge pull request #306 from melonjs/hotfix/localstorage-handle-falsey

changed to double bang to ensure we are getting a truthy/falsey return
-----------------------------------------------------------------

Merge commit 73 is -> 
{ dfb5af6ab48f5fd53f5a2dc9f3da8656f0f55762 is a merge commit
---> Commit message - Merge remote-tracking branch 'origin/master' into 1.0.0-dev
-----------------------------------------------------------------

Merge commit 74 is -> 
{ c1128f9c93d359e8c828b73c0afbeb8221ee1063 is a merge commit
---> Commit message - Sync'ed with Master
-----------------------------------------------------------------

Merge commit 75 is -> 
{ 900163d83a4028ef2d5d71ce209520a3e3937c55 is a merge commit
---> Commit message - Merge branch 'master' into 1.0.0-dev
-----------------------------------------------------------------

Merge commit 76 is -> 
{ 81dcff221e6db7b7746f619cc308026ed26dbb41 is a merge commit
---> Commit message - Merge branch 'master' into 1.0.0-dev
-----------------------------------------------------------------

Merge commit 77 is -> 
{ bc82d3e4f0f92f9ac97ddd58949a56261f6ee8bc is a merge commit
---> Commit message - Merge branch 'master' into 1.0.0-dev
-----------------------------------------------------------------

Merge commit 78 is -> 
{ d621f70b5c717afb2fd8723377a8606e4cbc3732 is a merge commit
---> Commit message - Merge branch 'master' into 1.0.0-dev
-----------------------------------------------------------------

Merge commit 79 is -> 
{ cb2e69285a42ac0bd892787025b4cb0f9a0cabab is a merge commit
---> Commit message - Merge remote-tracking branch 'origin/deepcopy'
-----------------------------------------------------------------

Merge commit 80 is -> 
{ e4c0bbc5e7216cfa50fb47194a76c127c3f95595 is a merge commit
---> Commit message - Merge branch 'master' into 1.0.0-dev
-----------------------------------------------------------------

Merge commit 81 is -> 
{ eaf66ac91359dc1bc1a5c24fbdaede3369cb1fe0 is a merge commit
---> Commit message - Merge branch '1.0.0-dev' of github.com:melonjs/melonJS into 1.0.0-dev
-----------------------------------------------------------------

Merge commit 82 is -> 
{ 44e1065d2be1bfd7d347523acbb387a9db63e33d is a merge commit
---> Commit message - Merge branch '1.0.0-dev' of https://github.com/melonjs/melonJS into 1.0.0-dev
-----------------------------------------------------------------

Merge commit 83 is -> 
{ d30bfab9f4d5d6e4c31279cbbfa5942e2fc84670 is a merge commit
---> Commit message - Sync'ed with master
-----------------------------------------------------------------

Merge commit 84 is -> 
{ 0f8e335b014a2d716172339830a006099a0fd001 is a merge commit
---> Commit message - Merge remote-tracking branch 'origin/master' into 1.0.0-dev
-----------------------------------------------------------------

Merge commit 85 is -> 
{ e3367a2ed5e54b495ec25cc9823520a3aa53ab7c is a merge commit
---> Commit message - Combo update :

- sync’ed with master
- removed all deprectated/obsolete function from `me.game`
-----------------------------------------------------------------

Merge commit 86 is -> 
{ 6bc2094d516d7581f5f095267fe75c4c750ad6fd is a merge commit
---> Commit message - Merge remote-tracking branch 'origin/master' into 1.0.0-dev
-----------------------------------------------------------------

Merge commit 87 is -> 
{ 678868db973cf5108511f72bb6ad00cd6a2a5290 is a merge commit
---> Commit message - Merge remote-tracking branch 'origin/master' into 1.0.0-dev
-----------------------------------------------------------------

Merge commit 88 is -> 
{ 5e2d18744a9e084da35e6bc6e74307cb3486daf9 is a merge commit
---> Commit message - Merge remote-tracking branch 'origin/master' into 1.0.0-dev
-----------------------------------------------------------------

Merge commit 89 is -> 
{ 872a5b771b880046b32e60c2434454528658fed3 is a merge commit
---> Commit message - Merge branch '1.0.0-dev' of https://github.com/melonjs/melonJS into 1.0.0-dev
-----------------------------------------------------------------

Merge commit 90 is -> 
{ 36f637f061ca9540d3298232df79d6b1073126ba is a merge commit
---> Commit message - Merge branch '1.0.0-viewport-update' into 1.0.0-dev
-----------------------------------------------------------------

Merge commit 91 is -> 
{ 0036e46b5a8344afe999ef697646d6aa54c75955 is a merge commit
---> Commit message - Merge branch 'master' into 1.0.0-dev
-----------------------------------------------------------------

Merge commit 92 is -> 
{ a2028fed747f3410459ffa6e74645423e028321e is a merge commit
---> Commit message - Merge branch 'master' into 1.0.0-dev
-----------------------------------------------------------------

Merge commit 93 is -> 
{ 9898aafe7fdc88b9f06047e92ac54041ed84d0b1 is a merge commit
---> Commit message - Merge branch '1.0.0-dev' of github.com:melonjs/melonJS into 1.0.0-dev
-----------------------------------------------------------------

Merge commit 94 is -> 
{ 7f3459d3ddb60a364a67d303305fd721504805e7 is a merge commit
---> Commit message - Merge branch 'master' into 1.0.0-dev
-----------------------------------------------------------------

Merge commit 95 is -> 
{ e51ab09f12b2b3f64559ff8a9995b9e3b816511d is a merge commit
---> Commit message - Merge pull request #339 from melonjs/update-track-volume

added in volume change to current track
-----------------------------------------------------------------

Merge commit 96 is -> 
{ 7883a1b73849721af7e563048d191cc3a0a6df38 is a merge commit
---> Commit message - Merge branch 'master' into 1.0.0-dev
-----------------------------------------------------------------

Merge commit 97 is -> 
{ d257a64fd1cc7655fc10a42b583c0e4c63e96c5a is a merge commit
---> Commit message - Merge pull request #338 from Warpten/1.0.0-dev

Added resource information to me.loader.onProgress and LOADER_PROGRESS
-----------------------------------------------------------------

Merge commit 98 is -> 
{ 0d8986c6cda631e85b82d6fcd567287b21b3ba9c is a merge commit
---> Commit message - merged in 1.0
-----------------------------------------------------------------

Merge commit 99 is -> 
{ 6c901a28693eac6b5a0ec13de9fc861e554eff6f is a merge commit
---> Commit message - Merge pull request #340 from melonjs/cleanup-restore-save

removal of save/restore for certain objects
-----------------------------------------------------------------

Merge commit 100 is -> 
{ 467ff55641f8eada33dce687e7676255dfb83f6e is a merge commit
---> Commit message - Merge pull request #343 from melonjs/feature/remove-functionality

stripped out game.remove/removAll
-----------------------------------------------------------------

Merge commit 101 is -> 
{ bacdfd7a8fca0bc169f4f049d93253b24b66ccf1 is a merge commit
---> Commit message - Merge pull request #344 from melonjs/removechildnow

Removechildnow
-----------------------------------------------------------------

Merge commit 102 is -> 
{ 19a93414fdedb41d105e128420d288d0982f020d is a merge commit
---> Commit message - Merge pull request #360 from insidiator/ticket-356

updated the defer method to take the execution context as first parameter
-----------------------------------------------------------------

Merge commit 103 is -> 
{ 2e4e2e1d4861c91e331baabdcaf49405681bf411 is a merge commit
---> Commit message - Merge remote-tracking branch 'origin/1.0.0-dev-shapes' into 1.0.0-dev
-----------------------------------------------------------------

Merge commit 104 is -> 
{ 068d881f3ba9a77a222603c14ef4feda05d68317 is a merge commit
---> Commit message - Merge pull request #363 from melonjs/feature/howler-audio

Feature/howler audio
-----------------------------------------------------------------

Merge commit 105 is -> 
{ d2f1a32045cfc05d4fec1edc1c9bcf0f1a2288d5 is a merge commit
---> Commit message - Merge branch '1.0.0-dev' of https://github.com/melonjs/melonJS into particles
-----------------------------------------------------------------

Merge commit 106 is -> 
{ 5517744983d0499864616aa645a85b511fbe3540 is a merge commit
---> Commit message - Merge branch '1.0.0-dev' of https://github.com/melonjs/melonJS into particles
-----------------------------------------------------------------

Merge commit 107 is -> 
{ 4bc96fb3094da062d8e75b1cbb3164c5a3616595 is a merge commit
---> Commit message - Merge pull request #367 from ciangames/particles

Add a Particle System (thanks ciangames!)
-----------------------------------------------------------------

Merge commit 108 is -> 
{ 6204c25bf22318f51ff1a16ddded83e9890a7029 is a merge commit
---> Commit message - merged in 1.0.0-dev latest
-----------------------------------------------------------------

Merge commit 109 is -> 
{ 4845a1656bb08684f46053b833cd2f149993e6ce is a merge commit
---> Commit message - Merge pull request #376 from melonjs/feature/howler-audio

Feature/howler audio
-----------------------------------------------------------------

Merge commit 110 is -> 
{ 42bf8ed0b07627c5028b1e3f5d8d1009f6a84e4e is a merge commit
---> Commit message - Merge remote-tracking branch 'origin/1.0.0-dev' into
particle-performance

Conflicts:
	Gruntfile.js
-----------------------------------------------------------------

Merge commit 111 is -> 
{ 2abc7ee4d2e8b2975f6282dcc36b208fcdf36ba4 is a merge commit
---> Commit message - Merge remote-tracking branch 'origin/1.0.0-dev' into particle-performance
-----------------------------------------------------------------

Merge commit 112 is -> 
{ f41a83fbc0f0b5bbaf9a359c4dba71e5d4735daa is a merge commit
---> Commit message - Merge pull request #372 from insidiator/particle-performance

improved particle system performance (Insidiator)
-----------------------------------------------------------------

Merge commit 113 is -> 
{ 2d7c42831766fe3a1aa77705acfdd79e2d99fff2 is a merge commit
---> Commit message - Merge pull request #397 from melonjs/feature/howler-improvements

Feature/howler improvements
-----------------------------------------------------------------

Merge commit 114 is -> 
{ f1048bf5c7f0c48d4f581fb15e6c5ac58fdda414 is a merge commit
---> Commit message - Merge branch '1.0.0-dev' of https://github.com/melonjs/melonJS.git into particle-effect-editor
-----------------------------------------------------------------

Merge commit 115 is -> 
{ 584f4cc5bbbea93de2076ab64bf86b1b54380dc0 is a merge commit
---> Commit message - Merge pull request #403 from paulmedwal/loadnoxhr

allow loading tmx data from javascript objects instead of only from xhr (paulmedwal)
-----------------------------------------------------------------

Merge commit 116 is -> 
{ a3da2062d061444062eca2ed10f35dff44e4f004 is a merge commit
---> Commit message - Merge branch '1.0.0-dev' of https://github.com/melonjs/melonJS.git into particle-effect-editor
-----------------------------------------------------------------

Merge commit 117 is -> 
{ 7f324105022e73d9ffba04a2b7ddeec8a3930bee is a merge commit
---> Commit message - Merge pull request #410 from evinugur/master

<br> on bindMouse doc string
-----------------------------------------------------------------

Merge commit 118 is -> 
{ 904e837c7c38b4991a0cc3e41483362523f59d6a is a merge commit
---> Commit message - Merge branch '1.0.0-dev' of https://github.com/melonjs/melonJS into 1.0.0-dev
-----------------------------------------------------------------

Merge commit 119 is -> 
{ ffe15f522faf5a79254cc5f10c5365682b90a30d is a merge commit
---> Commit message - Merge branch '1.0.0-dev' of https://github.com/melonjs/melonJS.git into particle-effect-editor
-----------------------------------------------------------------

Merge commit 120 is -> 
{ d19423c27ad2b69430419ddd64bedbdcdad8f329 is a merge commit
---> Commit message - Merge pull request #393 from insidiator/particle-effect-editor

Particle Effect Editor
-----------------------------------------------------------------

Merge commit 121 is -> 
{ 13820d257a8f85e5041e48535c0587119ad2b1cf is a merge commit
---> Commit message - Merge pull request #417 from insidiator/particle-effects

changed how the default image is generated in particle emitter
-----------------------------------------------------------------

Merge commit 122 is -> 
{ 3fc029a6df2e96cbdbe2b05f357773dd00006359 is a merge commit
---> Commit message - Merge pull request #420 from insidiator/viewport-moveTo

Added viewport moveTo method (insidiator)
-----------------------------------------------------------------

Merge commit 123 is -> 
{ 20192d529f574f7bfa1b75b49b1cfb46a78003ea is a merge commit
---> Commit message - Merge pull request #418 from insidiator/install-script

changed install script to work on windows systems too
-----------------------------------------------------------------

Merge commit 124 is -> 
{ ca70e25b83aa232b9a722572d2aa7c9be2823476 is a merge commit
---> Commit message - Merge pull request #436 from insidiator/color-clone

me.Color clone method
-----------------------------------------------------------------

Merge commit 125 is -> 
{ dcc628b84418e460129542af8afa5ed6fa9304a8 is a merge commit
---> Commit message - Merge pull request #416 from melonjs/feature/remove-visible

Feature/remove visible (use `setOpacity(0.0)` to make a renderable invisible)
-----------------------------------------------------------------

Merge commit 126 is -> 
{ c870076ffb060de9596fe6edc852c967e6761446 is a merge commit
---> Commit message - Merge branch '1.0.0-dev' of https://github.com/melonjs/melonJS.git into
1.0.0-dev

Conflicts:
	Gruntfile.js
	src/core.js
-----------------------------------------------------------------

Merge commit 127 is -> 
{ 77a851a7c3b8c2f0d55560610993c0afedb57c09 is a merge commit
---> Commit message - Merge pull request #442 from insidiator/build-system

Some small changes to help loading melonJS sources directly
-----------------------------------------------------------------

Merge commit 128 is -> 
{ 42304c5474993c2ebc6cb093ce8291aeab7e5a17 is a merge commit
---> Commit message - Merge pull request #445 from insidiator/1.0.0-dev

fixed GUI_Object using invalid event type after latest changes
-----------------------------------------------------------------

Merge commit 129 is -> 
{ a53afccaf72a00af0745c223315f4964a1ca038c is a merge commit
---> Commit message - fixed merge conflicts
-----------------------------------------------------------------

Merge commit 130 is -> 
{ 041dcb6f7a54082e325edfc45068b5bc7d3fcc15 is a merge commit
---> Commit message - Merge pull request #450 from TheSisb/patch-1

Updating year to 2014
-----------------------------------------------------------------

Merge commit 131 is -> 
{ 0321aea9e5db5d2e3b281465aec51ee84008e09a is a merge commit
---> Commit message - Merge branch 'tmx-loader' into 1.0.0-dev
-----------------------------------------------------------------

Merge commit 132 is -> 
{ 7af27d3287b61a41e1b34ea29537c610e22a839d is a merge commit
---> Commit message - Merge branch '1.1.0-dev' into feature/texturepacker-animationsheet
-----------------------------------------------------------------

Merge commit 133 is -> 
{ e7f43dbdee374c828b41cebfa4494ec10233023d is a merge commit
---> Commit message - Merge pull request #458 from melonjs/feature/tp-animationsheet

Feature/tp animationsheet
-----------------------------------------------------------------

Merge commit 134 is -> 
{ efd6e5a1e5e9322f956e4c1ccf1fd96282db6c98 is a merge commit
---> Commit message - Merge branch 'feature/texturepacker-animationsheet' into 1.1.0-dev
-----------------------------------------------------------------

Merge commit 135 is -> 
{ d435bcc93dfd13f19bebda9a3358f6c3c1ce4bed is a merge commit
---> Commit message - Merge branch '1.1.0-dev' of https://github.com/melonjs/melonJS into 1.1.0-dev
-----------------------------------------------------------------

Merge commit 136 is -> 
{ 2cfbcc7cb25010a9cf76d00938b5428fa82eea9a is a merge commit
---> Commit message - Merge remote-tracking branch 'origin/1.0.0-dev' into 1.1.0-dev
-----------------------------------------------------------------

Merge commit 137 is -> 
{ f792f43a5f01a71798f64c750816cc1ca02a7e6a is a merge commit
---> Commit message - Merge branch '1.0.0-dev'

Conflicts:
	README.md
	src/input/input.js
	src/state/state.js
	src/vendors/tween.js
-----------------------------------------------------------------

Merge commit 138 is -> 
{ 44ae95a11c815d8dfcdfcf535d33254959be223f is a merge commit
---> Commit message - Merge pull request #464 from ellisonleao/master

Update the "building the docs" section on README.
-----------------------------------------------------------------

Merge commit 139 is -> 
{ 4cfd13aef4b8cfe6898286a409b61b26aa19c6d5 is a merge commit
---> Commit message - Merge branch 'master' into 1.1.0-dev
-----------------------------------------------------------------

Merge commit 140 is -> 
{ 3acbca10f75de93e11d9a6fd9d65b160982a18b6 is a merge commit
---> Commit message - Merge branch '1.1.0-dev' into ticket-430
-----------------------------------------------------------------

Merge commit 141 is -> 
{ 3ee51d88c585d90cdae5e31ecf349ea80be44b3f is a merge commit
---> Commit message - Merge branch 'master' into 1.1.0-dev

Conflicts:
	src/entity/entity.js
	src/renderable/sprite.js
	src/renderable/textureatlas.js
-----------------------------------------------------------------

Merge commit 142 is -> 
{ 4ba1e38be40ee4a51942697fb3ff0a73f7a99e17 is a merge commit
---> Commit message - fixed whitespace merge conflicts
-----------------------------------------------------------------

Merge commit 143 is -> 
{ e7cbcfc4baa04c2424890449d66c5a8889a63b72 is a merge commit
---> Commit message - Merge pull request #468 from DuckyCrayfish/1.1.0-dev

Renamed singleton variables from obj to api
-----------------------------------------------------------------

Merge commit 144 is -> 
{ 2c4c8614e530f68a877972c41a6c2e3eb39ff682 is a merge commit
---> Commit message - Merge branch 'master' into 1.1.0-dev
-----------------------------------------------------------------

Merge commit 145 is -> 
{ 25d0bbf489a75c346e435e09a25b9f168fd19eda is a merge commit
---> Commit message - Merge branch 'master' into 1.1.0-dev
-----------------------------------------------------------------

Merge commit 146 is -> 
{ 0580376dc3e88b49a700a0b81717b64c4ed2365c is a merge commit
---> Commit message - Fixed merge conflict on bug fix
-----------------------------------------------------------------

Merge commit 147 is -> 
{ cb3e03450e309046d4af8f98af8c30adbe34cef4 is a merge commit
---> Commit message - Merge 1.1-dev branch
-----------------------------------------------------------------

Merge commit 148 is -> 
{ 3bd57d6ef6fc6fb6c635ad3ad9f6fe2de0d0f9ed is a merge commit
---> Commit message - Merge remote-tracking branch 'upstream/master'
-----------------------------------------------------------------

Merge commit 149 is -> 
{ 81af089cac4436ebb5423beebb89084bcb4c9380 is a merge commit
---> Commit message - Merge branch 'master' into 1.1.0-dev
-----------------------------------------------------------------

Merge commit 150 is -> 
{ 6b9357c9ced67feb3beee6a780f797c155fd4ba8 is a merge commit
---> Commit message - Merge pull request #466 from melonjs/ticket-430

Improved Inheritance AKA Jay Inheritance
-----------------------------------------------------------------

Merge commit 151 is -> 
{ 3152186d0a8b0435c13582e48f390f19175698ba is a merge commit
---> Commit message - fix conflicts
-----------------------------------------------------------------

Merge commit 152 is -> 
{ 4644e20d8097fac8e8a1cdf1494121fe34945b30 is a merge commit
---> Commit message - Merge branch 'master' into 1.1.0-dev
-----------------------------------------------------------------

Merge commit 153 is -> 
{ c9580440d900025151c85f630d947eab00875bcb is a merge commit
---> Commit message - Merge branch 'master' into 1.1.0-dev

Conflicts:
	src/state/state.js
-----------------------------------------------------------------

Merge commit 154 is -> 
{ 0068726bacaf838c33fbeea60ab28da9fdf7060c is a merge commit
---> Commit message - Merge pull request #472 from ellisonleao/1.1.0-dev

Updated tests environment : travis,  grunt jasmine task (ellisonleao)
-----------------------------------------------------------------

Merge commit 155 is -> 
{ 1ac4617dc03fc2361f6327298ba598015aa8206a is a merge commit
---> Commit message - Merge branch 'master' into 1.1.0-dev

Conflicts:
	src/system/device.js
-----------------------------------------------------------------

Merge commit 156 is -> 
{ bca2f2e728d0892890def40becdda88a7524af73 is a merge commit
---> Commit message - Merge pull request #474 from ellisonleao/dev

Add testing section on README / Remove version badge for now
-----------------------------------------------------------------

Merge commit 157 is -> 
{ ba06a61335a7bf1948a812f7fb4a788de4cb32b8 is a merge commit
---> Commit message - Merge branch 'master' into 1.1.0-dev
-----------------------------------------------------------------

Merge commit 158 is -> 
{ 7b444729c2311f0ee6ae41a1f11bc494f22f60d9 is a merge commit
---> Commit message - Fixes sync issue
-----------------------------------------------------------------

Merge commit 159 is -> 
{ 397a1347acb662134a6ecd9f107763b8e66ee61b is a merge commit
---> Commit message - Sync'ed with master branch
-----------------------------------------------------------------

Merge commit 160 is -> 
{ 80b8b8ba174a122647234ca05f5890f70f49a106 is a merge commit
---> Commit message - Merge branch '1.1.0-dev' into debug-panel-scaling
-----------------------------------------------------------------

Merge commit 161 is -> 
{ 5e8901a82668fc4526127a73cc83df6bf8a0881a is a merge commit
---> Commit message - Merge pull request #491 from melonjs/debug-panel-scaling

Debug panel scaling
-----------------------------------------------------------------

Merge commit 162 is -> 
{ 45c2c0635c314439faaed03be41f090c98d95b51 is a merge commit
---> Commit message - Merge branch '1.1.0-dev'
-----------------------------------------------------------------

Merge commit 163 is -> 
{ 3411c7cc92e451c2f6e52d97af9d00ae4f9faa32 is a merge commit
---> Commit message - Merge branch '1.0.0-dev' into 1.0.x
-----------------------------------------------------------------

Merge commit 164 is -> 
{ e48a6aa8dd1bf8f880a2f0260ac712e86adcacd9 is a merge commit
---> Commit message - Merge pull request #496 from juhanapaavola/1.0.x

added tap and hold feature to the `me.GUI_Object` object (juhanapaavola)
-----------------------------------------------------------------

Merge commit 165 is -> 
{ a857cbe740963f796b863ad4d1e36513ec2e3428 is a merge commit
---> Commit message - merging 1.0.1 branch into master
-----------------------------------------------------------------

Merge commit 166 is -> 
{ 90be579313f06ec2d67d7606291e1f4cc4c8cce2 is a merge commit
---> Commit message - Merge pull request #502 from aaschmitz/1.0.x

Fixes in ParticleEmitter and New Keys Bidings in Input
-----------------------------------------------------------------

Merge commit 167 is -> 
{ 4091409f3133904d04d6b4fe5bc06cd7a33f2f22 is a merge commit
---> Commit message - Merge pull request #503 from aaschmitz/1.0.x

Fixed particles examples and editor
-----------------------------------------------------------------

Merge commit 168 is -> 
{ 5fe492340a741a6302e3e80664db9b0880efa060 is a merge commit
---> Commit message - Merge #503

Conflicts:
	src/input/keyboard.js
	src/particles/emitter.js
-----------------------------------------------------------------

Merge commit 169 is -> 
{ e95f7ec1cf419db03d148b542501cf1fcd5c448b is a merge commit
---> Commit message - Merge pull request #505 from aaschmitz/1.0.x

Fixed issue with the drag-points on the particle editor
-----------------------------------------------------------------

Merge commit 170 is -> 
{ d531e2a53dcd47dbad1ad2b491fc5ce4f4f58d75 is a merge commit
---> Commit message - Merge branch '1.0.x'
-----------------------------------------------------------------

Merge commit 171 is -> 
{ 22b727037050e9d6c6128fd2d4c1b37ae89de08d is a merge commit
---> Commit message - merged in change for loader functions from 1.0.x
-----------------------------------------------------------------

Merge commit 172 is -> 
{ 8262fe3a1ae32106a97a92452222a3827dd79906 is a merge commit
---> Commit message - Sync' with 1.0.1 branch
-----------------------------------------------------------------

Merge commit 173 is -> 
{ 7cd823bb748bac15a66dd5be7843b11c5f58b6c5 is a merge commit
---> Commit message - Merge pull request #510 from ellisonleao/master

Some changes on lint checking
-----------------------------------------------------------------

Merge commit 174 is -> 
{ 5d3ad834cc8e5a3d881e34989f0d1977e2572fad is a merge commit
---> Commit message - Merge pull request #509 from mik01aj/1.0-master

Optimized me.Rect constructor
-----------------------------------------------------------------

Merge commit 175 is -> 
{ 15014f6400227ef7438ec9e013826591a7ff57d1 is a merge commit
---> Commit message - Merge pull request #511 from aaschmitz/1.0.x

Normalized the CHANGELOG
-----------------------------------------------------------------

Merge commit 176 is -> 
{ d71cef663728434400282c85229493368a72c652 is a merge commit
---> Commit message - Sync'ed with the last 1.0.1 branch
-----------------------------------------------------------------

Merge commit 177 is -> 
{ 1999ec9faa4765f1fcd0f45769941a9d7902ba8f is a merge commit
---> Commit message - Merge remote-tracking branch 'origin/1.0.x'
-----------------------------------------------------------------

Merge commit 178 is -> 
{ 078b7f4e77a9176ba75eb1ce44d5a88f477ae19f is a merge commit
---> Commit message - Merge remote-tracking branch 'origin/master' into ticket-364
-----------------------------------------------------------------

Merge commit 179 is -> 
{ 128f252b640f83a3199871da32c6e94b3cde8364 is a merge commit
---> Commit message - sync;ed with master
-----------------------------------------------------------------

Merge commit 180 is -> 
{ b5356bf1575506f77ec27a1986f2d6cdbec0d897 is a merge commit
---> Commit message - Merge pull request #522 from johnrayner/master

Removed unused variable
-----------------------------------------------------------------

Merge commit 181 is -> 
{ 9ff024615ae0ed8742072446faf902e4d39b3cf6 is a merge commit
---> Commit message - merged back relevant fixes from the 1.0.x branch
-----------------------------------------------------------------

Merge commit 182 is -> 
{ 9f832c3b70ecbb5a8f54a88af4b4ca2c4aef042e is a merge commit
---> Commit message - last leftover tidbits from the 1.0.2 branch
-----------------------------------------------------------------

Merge commit 183 is -> 
{ d7fb6fa52510f0dc9b6525209fb4c147385c00a8 is a merge commit
---> Commit message - Merge branch 'master' of https://github.com/melonjs/melonJS
-----------------------------------------------------------------

Merge commit 184 is -> 
{ 584dc445ee33d0f9da990b264cfc0bd4c4b3ad7c is a merge commit
---> Commit message - Merge branch 'master' of github.com:melonjs/melonJS into ticket-144
-----------------------------------------------------------------

Merge commit 185 is -> 
{ b7f2a90a4a9a5915e9b80e918ef0065d4491afe9 is a merge commit
---> Commit message - Merge branch 'ticket-144' of github.com:melonjs/melonJS into ticket-144
-----------------------------------------------------------------

Merge commit 186 is -> 
{ 43af04c209441f9a121c65b9d10458e62c83adbe is a merge commit
---> Commit message - Merged branch "ticket-364
-----------------------------------------------------------------

Merge commit 187 is -> 
{ 3abd91e27e413856a4209afa030a81587782595f is a merge commit
---> Commit message - Merge pull request #529 from aaschmitz/master

Added random and weightedRandom for array elements
-----------------------------------------------------------------

Merge commit 188 is -> 
{ f2472d9f00818a372a8d68714d24b8514c480361 is a merge commit
---> Commit message - Merge pull request #530 from aaschmitz/master

Added a Base64 Encode function
-----------------------------------------------------------------

Merge commit 189 is -> 
{ faa18f6d1ba83e6b4cd457c3b7422a93bd72f361 is a merge commit
---> Commit message - Merge branch 'polygonToPolygon'
-----------------------------------------------------------------

Merge commit 190 is -> 
{ 114c2df01984012d6eb57f95db20f57acb2e0cf7 is a merge commit
---> Commit message - Merge pull request #534 from juhanapaavola/master

Viewport bounds not set with isometric map #2
-----------------------------------------------------------------

Merge commit 191 is -> 
{ 9b3700c05885e99855d5f6c4f1cd645f448bca63 is a merge commit
---> Commit message - merged in master
-----------------------------------------------------------------

Merge commit 192 is -> 
{ 80b845be937d0f8ce309d9b131a5a63790ef0e94 is a merge commit
---> Commit message - Merge pull request #535 from gravypod/patch-1

Remove unneeded code from src/lang/string.js (gravypod)
-----------------------------------------------------------------

Merge commit 193 is -> 
{ 79103b4a6da3a74df126f3233b86fbe4663e7f9c is a merge commit
---> Commit message - Merge branch 'master' of github.com:melonjs/melonJS into new-jsdoc-template
-----------------------------------------------------------------

Merge commit 194 is -> 
{ 1a66f5603e954250b55db23586f40596625584ec is a merge commit
---> Commit message - Merge pull request #545 from codename-/new-jsdoc-template

 [#429] new documentation template (codename)
-----------------------------------------------------------------

Merge commit 195 is -> 
{ 2f511d6e834af5ec07aaf534baf0e5701ec93a15 is a merge commit
---> Commit message - Merge branch 'master' into ticket-144
-----------------------------------------------------------------

Merge commit 196 is -> 
{ ebcfe8e5b11460d5146509d858bd5a3970188ede is a merge commit
---> Commit message - Merge branch 'master' into ticket-144
-----------------------------------------------------------------

Merge commit 197 is -> 
{ 37824297bb7ed8a265ad9ad55234600fdffc01b1 is a merge commit
---> Commit message - Merge branch 'master' into ticket-144
-----------------------------------------------------------------

Merge commit 198 is -> 
{ e616f55a5a2b66f7273b90cadd92809c568be264 is a merge commit
---> Commit message - merged in changes, fixed conflicts
-----------------------------------------------------------------

Merge commit 199 is -> 
{ d0414d90d60807e67de3edf09885367d78d45140 is a merge commit
---> Commit message - merged in master with debug panel fix.
-----------------------------------------------------------------

Merge commit 200 is -> 
{ cbb43a2cb6d0b3cd52368400b23cdcd9a914c215 is a merge commit
---> Commit message - Merge remote-tracking branch 'origin/1.1.x'
-----------------------------------------------------------------

Merge commit 201 is -> 
{ f93673f1e00cd178c82257e3c5cb0ad236680aa6 is a merge commit
---> Commit message - Merge remote-tracking branch 'origin/1.1.x'
-----------------------------------------------------------------

Merge commit 202 is -> 
{ 21c92e116a0a7837107b3dd3a8d085146ce2127c is a merge commit
---> Commit message - Merge branch '1.1.x'
-----------------------------------------------------------------

Merge commit 203 is -> 
{ fdbad98b6344174de1baba1188969dfce7627b48 is a merge commit
---> Commit message - merged in master.
-----------------------------------------------------------------

Merge commit 204 is -> 
{ d839b3170aff3fe972490035c2125fba51fa3495 is a merge commit
---> Commit message - Merge remote-tracking branch 'origin/1.1.x'
-----------------------------------------------------------------

Merge commit 205 is -> 
{ ceb3784ebf784ac976e2ee290bfa07bbe09b6e48 is a merge commit
---> Commit message - Merge remote-tracking branch 'origin/1.1.x'
-----------------------------------------------------------------

Merge commit 206 is -> 
{ 684c85972eac26cfa6c7c1e51823a3f938ad01ab is a merge commit
---> Commit message - Merge remote-tracking branch 'origin/1.1.x'
-----------------------------------------------------------------

Merge commit 207 is -> 
{ 8ac0c45ad87597cc3c6e08d27102324f71024193 is a merge commit
---> Commit message - merged in latest changes from ticket-144, and fixes to canvas renderer
-----------------------------------------------------------------

Merge commit 208 is -> 
{ eac53976422fba41e1b90009b11fa15287ba9b10 is a merge commit
---> Commit message - Merge branch 'ticket-144'
-----------------------------------------------------------------

Merge commit 209 is -> 
{ 066ccd44c17be8210b59e6403ccfcd54c1004561 is a merge commit
---> Commit message - Merge branch 'ticket-539'
-----------------------------------------------------------------

Merge commit 210 is -> 
{ ffc6a6f910c8213e54b0ea5ad079d88bb2d18bff is a merge commit
---> Commit message - Merge branch 'master' into ticket-144
-----------------------------------------------------------------

Merge commit 211 is -> 
{ aebbc4dabab597ed1dbdf89c515b4890ae052d8f is a merge commit
---> Commit message - Merge branch 'master' into ticket-144
-----------------------------------------------------------------

Merge commit 212 is -> 
{ d8f90e93996ee5df4af7d072e3e385f2e94bc82d is a merge commit
---> Commit message - Merge branch 'master' into ticket-144
-----------------------------------------------------------------

Merge commit 213 is -> 
{ 7bac23f693159d7bd81cbbe5b82098d52ee6aaaa is a merge commit
---> Commit message - Merge branch 'master' into ticket-144
-----------------------------------------------------------------

Merge commit 214 is -> 
{ cc2bad8f9ea13ef38c20987d491004d08c40791b is a merge commit
---> Commit message - Merge branch 'master' into ticket-144-v2
-----------------------------------------------------------------

Merge commit 215 is -> 
{ 0b411041938d751ed72c4d0879ce2c8daf30861b is a merge commit
---> Commit message - Merge branch 'master' into ticket-144
-----------------------------------------------------------------

Merge commit 216 is -> 
{ db2b9edb985b4b8393108e7f66fac7713b09cdf8 is a merge commit
---> Commit message - Merge branch 'ticket-144'
-----------------------------------------------------------------

Merge commit 217 is -> 
{ 65082d4470973edd82a2a00619c5f67f3ee2bb0d is a merge commit
---> Commit message - Merge remote-tracking branch 'origin/Howler_2.0'
-----------------------------------------------------------------

Merge commit 218 is -> 
{ 5be146b61379f6cacdc335d002a5842503603198 is a merge commit
---> Commit message - merged 2.0.x into master
-----------------------------------------------------------------

Merge commit 219 is -> 
{ 120b97fdee92a5ef2afa2ce82aa410725718cdad is a merge commit
---> Commit message - Merge remote-tracking branch 'origin/2.0.x'
-----------------------------------------------------------------

Merge commit 220 is -> 
{ f414140ded3af01cf73f3e820b80912f83be1b66 is a merge commit
---> Commit message - Merge branch '2.0.x'
-----------------------------------------------------------------

Merge commit 221 is -> 
{ 61116a57cb8ee0cce3291a000263a011457c03e4 is a merge commit
---> Commit message - Merge branch '2.0.x'
-----------------------------------------------------------------

Merge commit 222 is -> 
{ 5b68d1b4c3fabd474b4f99729697b090e551c3f7 is a merge commit
---> Commit message - Merge remote-tracking branch 'origin/2.0.x'
-----------------------------------------------------------------

Merge commit 223 is -> 
{ 0a44437c6520d91abcd36343b7cb679bf010d411 is a merge commit
---> Commit message - merged into master
-----------------------------------------------------------------

Merge commit 224 is -> 
{ b629e5c61582f1cc85bd43287668aa95a481f3a2 is a merge commit
---> Commit message - Merge branch 'master' of https://github.com/melonjs/melonJS
-----------------------------------------------------------------

