# of cherry-picks = 107
Cherry-pick diff pair 1 is -> 
{ e06698802873c216695472c913f6f2422e5b6c1b -> 5be146b61379f6cacdc335d002a5842503603198 } is a cherrypick
{ a2a65d6c73e9d31b12c394115617f07ca38cd7cf -> 0a44437c6520d91abcd36343b7cb679bf010d411 }
Cherrypick commits SHA are -> 
5be146b61379f6cacdc335d002a5842503603198 - cherrypick - 0a44437c6520d91abcd36343b7cb679bf010d411
---> The cherrypicked commit sha is - 5be146b61379f6cacdc335d002a5842503603198
Commit message - merged 2.0.x into master
---> The original commit sha is - 0a44437c6520d91abcd36343b7cb679bf010d411
Commit message - merged into master
-----------------------------------------------------------------

Cherry-pick diff pair 2 is -> 
{ 72c874127559c8a9de76eeee9c6d75ab04b0a7ee -> 120b97fdee92a5ef2afa2ce82aa410725718cdad } is a cherrypick
{ a2a65d6c73e9d31b12c394115617f07ca38cd7cf -> 0a44437c6520d91abcd36343b7cb679bf010d411 }
Cherrypick commits SHA are -> 
120b97fdee92a5ef2afa2ce82aa410725718cdad - cherrypick - 0a44437c6520d91abcd36343b7cb679bf010d411
---> The cherrypicked commit sha is - 120b97fdee92a5ef2afa2ce82aa410725718cdad
Commit message - Merge remote-tracking branch 'origin/2.0.x'
---> The original commit sha is - 0a44437c6520d91abcd36343b7cb679bf010d411
Commit message - merged into master
-----------------------------------------------------------------

Cherry-pick diff pair 3 is -> 
{ b7fde03ebd1ddc2f328071adff67752822ef66ad -> f414140ded3af01cf73f3e820b80912f83be1b66 } is a cherrypick
{ a2a65d6c73e9d31b12c394115617f07ca38cd7cf -> 0a44437c6520d91abcd36343b7cb679bf010d411 }
Cherrypick commits SHA are -> 
f414140ded3af01cf73f3e820b80912f83be1b66 - cherrypick - 0a44437c6520d91abcd36343b7cb679bf010d411
---> The cherrypicked commit sha is - f414140ded3af01cf73f3e820b80912f83be1b66
Commit message - Merge branch '2.0.x'
---> The original commit sha is - 0a44437c6520d91abcd36343b7cb679bf010d411
Commit message - merged into master
-----------------------------------------------------------------

Cherry-pick diff pair 4 is -> 
{ 0ec9ed855ee93eac3d69f9d3b38dad1dfaab87a3 -> 61116a57cb8ee0cce3291a000263a011457c03e4 } is a cherrypick
{ a2a65d6c73e9d31b12c394115617f07ca38cd7cf -> 0a44437c6520d91abcd36343b7cb679bf010d411 }
Cherrypick commits SHA are -> 
61116a57cb8ee0cce3291a000263a011457c03e4 - cherrypick - 0a44437c6520d91abcd36343b7cb679bf010d411
---> The cherrypicked commit sha is - 61116a57cb8ee0cce3291a000263a011457c03e4
Commit message - Merge branch '2.0.x'
---> The original commit sha is - 0a44437c6520d91abcd36343b7cb679bf010d411
Commit message - merged into master
-----------------------------------------------------------------

Cherry-pick diff pair 5 is -> 
{ 5abf86b0083a94cedd5ae30989b3d1d0203474eb -> 5b68d1b4c3fabd474b4f99729697b090e551c3f7 } is a cherrypick
{ a2a65d6c73e9d31b12c394115617f07ca38cd7cf -> 0a44437c6520d91abcd36343b7cb679bf010d411 }
Cherrypick commits SHA are -> 
5b68d1b4c3fabd474b4f99729697b090e551c3f7 - cherrypick - 0a44437c6520d91abcd36343b7cb679bf010d411
---> The cherrypicked commit sha is - 5b68d1b4c3fabd474b4f99729697b090e551c3f7
Commit message - Merge remote-tracking branch 'origin/2.0.x'
---> The original commit sha is - 0a44437c6520d91abcd36343b7cb679bf010d411
Commit message - merged into master
-----------------------------------------------------------------

Cherry-pick diff pair 6 is -> 
{ e06698802873c216695472c913f6f2422e5b6c1b -> 5be146b61379f6cacdc335d002a5842503603198 } is a cherrypick
{ 5abf86b0083a94cedd5ae30989b3d1d0203474eb -> 5b68d1b4c3fabd474b4f99729697b090e551c3f7 }
Cherrypick commits SHA are -> 
5be146b61379f6cacdc335d002a5842503603198 - cherrypick - 5b68d1b4c3fabd474b4f99729697b090e551c3f7
---> The cherrypicked commit sha is - 5be146b61379f6cacdc335d002a5842503603198
Commit message - merged 2.0.x into master
---> The original commit sha is - 5b68d1b4c3fabd474b4f99729697b090e551c3f7
Commit message - Merge remote-tracking branch 'origin/2.0.x'
-----------------------------------------------------------------

Cherry-pick diff pair 7 is -> 
{ 72c874127559c8a9de76eeee9c6d75ab04b0a7ee -> 120b97fdee92a5ef2afa2ce82aa410725718cdad } is a cherrypick
{ 5abf86b0083a94cedd5ae30989b3d1d0203474eb -> 5b68d1b4c3fabd474b4f99729697b090e551c3f7 }
Cherrypick commits SHA are -> 
120b97fdee92a5ef2afa2ce82aa410725718cdad - cherrypick - 5b68d1b4c3fabd474b4f99729697b090e551c3f7
---> The cherrypicked commit sha is - 120b97fdee92a5ef2afa2ce82aa410725718cdad
Commit message - Merge remote-tracking branch 'origin/2.0.x'
---> The original commit sha is - 5b68d1b4c3fabd474b4f99729697b090e551c3f7
Commit message - Merge remote-tracking branch 'origin/2.0.x'
-----------------------------------------------------------------

Cherry-pick diff pair 8 is -> 
{ b7fde03ebd1ddc2f328071adff67752822ef66ad -> f414140ded3af01cf73f3e820b80912f83be1b66 } is a cherrypick
{ 5abf86b0083a94cedd5ae30989b3d1d0203474eb -> 5b68d1b4c3fabd474b4f99729697b090e551c3f7 }
Cherrypick commits SHA are -> 
f414140ded3af01cf73f3e820b80912f83be1b66 - cherrypick - 5b68d1b4c3fabd474b4f99729697b090e551c3f7
---> The cherrypicked commit sha is - f414140ded3af01cf73f3e820b80912f83be1b66
Commit message - Merge branch '2.0.x'
---> The original commit sha is - 5b68d1b4c3fabd474b4f99729697b090e551c3f7
Commit message - Merge remote-tracking branch 'origin/2.0.x'
-----------------------------------------------------------------

Cherry-pick diff pair 9 is -> 
{ 0ec9ed855ee93eac3d69f9d3b38dad1dfaab87a3 -> 61116a57cb8ee0cce3291a000263a011457c03e4 } is a cherrypick
{ 5abf86b0083a94cedd5ae30989b3d1d0203474eb -> 5b68d1b4c3fabd474b4f99729697b090e551c3f7 }
Cherrypick commits SHA are -> 
61116a57cb8ee0cce3291a000263a011457c03e4 - cherrypick - 5b68d1b4c3fabd474b4f99729697b090e551c3f7
---> The cherrypicked commit sha is - 61116a57cb8ee0cce3291a000263a011457c03e4
Commit message - Merge branch '2.0.x'
---> The original commit sha is - 5b68d1b4c3fabd474b4f99729697b090e551c3f7
Commit message - Merge remote-tracking branch 'origin/2.0.x'
-----------------------------------------------------------------

Cherry-pick diff pair 10 is -> 
{ e06698802873c216695472c913f6f2422e5b6c1b -> 5be146b61379f6cacdc335d002a5842503603198 } is a cherrypick
{ 0ec9ed855ee93eac3d69f9d3b38dad1dfaab87a3 -> 61116a57cb8ee0cce3291a000263a011457c03e4 }
Cherrypick commits SHA are -> 
5be146b61379f6cacdc335d002a5842503603198 - cherrypick - 61116a57cb8ee0cce3291a000263a011457c03e4
---> The cherrypicked commit sha is - 5be146b61379f6cacdc335d002a5842503603198
Commit message - merged 2.0.x into master
---> The original commit sha is - 61116a57cb8ee0cce3291a000263a011457c03e4
Commit message - Merge branch '2.0.x'
-----------------------------------------------------------------

Cherry-pick diff pair 11 is -> 
{ 72c874127559c8a9de76eeee9c6d75ab04b0a7ee -> 120b97fdee92a5ef2afa2ce82aa410725718cdad } is a cherrypick
{ 0ec9ed855ee93eac3d69f9d3b38dad1dfaab87a3 -> 61116a57cb8ee0cce3291a000263a011457c03e4 }
Cherrypick commits SHA are -> 
120b97fdee92a5ef2afa2ce82aa410725718cdad - cherrypick - 61116a57cb8ee0cce3291a000263a011457c03e4
---> The cherrypicked commit sha is - 120b97fdee92a5ef2afa2ce82aa410725718cdad
Commit message - Merge remote-tracking branch 'origin/2.0.x'
---> The original commit sha is - 61116a57cb8ee0cce3291a000263a011457c03e4
Commit message - Merge branch '2.0.x'
-----------------------------------------------------------------

Cherry-pick diff pair 12 is -> 
{ b7fde03ebd1ddc2f328071adff67752822ef66ad -> f414140ded3af01cf73f3e820b80912f83be1b66 } is a cherrypick
{ 0ec9ed855ee93eac3d69f9d3b38dad1dfaab87a3 -> 61116a57cb8ee0cce3291a000263a011457c03e4 }
Cherrypick commits SHA are -> 
f414140ded3af01cf73f3e820b80912f83be1b66 - cherrypick - 61116a57cb8ee0cce3291a000263a011457c03e4
---> The cherrypicked commit sha is - f414140ded3af01cf73f3e820b80912f83be1b66
Commit message - Merge branch '2.0.x'
---> The original commit sha is - 61116a57cb8ee0cce3291a000263a011457c03e4
Commit message - Merge branch '2.0.x'
-----------------------------------------------------------------

Cherry-pick diff pair 13 is -> 
{ e06698802873c216695472c913f6f2422e5b6c1b -> 5be146b61379f6cacdc335d002a5842503603198 } is a cherrypick
{ b7fde03ebd1ddc2f328071adff67752822ef66ad -> f414140ded3af01cf73f3e820b80912f83be1b66 }
Cherrypick commits SHA are -> 
5be146b61379f6cacdc335d002a5842503603198 - cherrypick - f414140ded3af01cf73f3e820b80912f83be1b66
---> The cherrypicked commit sha is - 5be146b61379f6cacdc335d002a5842503603198
Commit message - merged 2.0.x into master
---> The original commit sha is - f414140ded3af01cf73f3e820b80912f83be1b66
Commit message - Merge branch '2.0.x'
-----------------------------------------------------------------

Cherry-pick diff pair 14 is -> 
{ 72c874127559c8a9de76eeee9c6d75ab04b0a7ee -> 120b97fdee92a5ef2afa2ce82aa410725718cdad } is a cherrypick
{ b7fde03ebd1ddc2f328071adff67752822ef66ad -> f414140ded3af01cf73f3e820b80912f83be1b66 }
Cherrypick commits SHA are -> 
120b97fdee92a5ef2afa2ce82aa410725718cdad - cherrypick - f414140ded3af01cf73f3e820b80912f83be1b66
---> The cherrypicked commit sha is - 120b97fdee92a5ef2afa2ce82aa410725718cdad
Commit message - Merge remote-tracking branch 'origin/2.0.x'
---> The original commit sha is - f414140ded3af01cf73f3e820b80912f83be1b66
Commit message - Merge branch '2.0.x'
-----------------------------------------------------------------

Cherry-pick diff pair 15 is -> 
{ e06698802873c216695472c913f6f2422e5b6c1b -> 5be146b61379f6cacdc335d002a5842503603198 } is a cherrypick
{ 72c874127559c8a9de76eeee9c6d75ab04b0a7ee -> 120b97fdee92a5ef2afa2ce82aa410725718cdad }
Cherrypick commits SHA are -> 
5be146b61379f6cacdc335d002a5842503603198 - cherrypick - 120b97fdee92a5ef2afa2ce82aa410725718cdad
---> The cherrypicked commit sha is - 5be146b61379f6cacdc335d002a5842503603198
Commit message - merged 2.0.x into master
---> The original commit sha is - 120b97fdee92a5ef2afa2ce82aa410725718cdad
Commit message - Merge remote-tracking branch 'origin/2.0.x'
-----------------------------------------------------------------

Cherry-pick diff pair 16 is -> 
{ 2a9783b39ec309673acf1bb304143e53ca67e78b -> 6056cb900ef928dbe6006a78ba024aa38931dcf7 } is a cherrypick
{ f2821ea5c234123f93cb7014fff1a1ccdf7ea404 -> 65082d4470973edd82a2a00619c5f67f3ee2bb0d }
Cherrypick commits SHA are -> 
6056cb900ef928dbe6006a78ba024aa38931dcf7 - cherrypick - 65082d4470973edd82a2a00619c5f67f3ee2bb0d
---> The cherrypicked commit sha is - 6056cb900ef928dbe6006a78ba024aa38931dcf7
Commit message - documentation : fixed parameters description for `me.CollectableEntity`

I'm wondering if this is still useful to keep this class ?
---> The original commit sha is - 65082d4470973edd82a2a00619c5f67f3ee2bb0d
Commit message - Merge remote-tracking branch 'origin/Howler_2.0'
-----------------------------------------------------------------

Cherry-pick diff pair 17 is -> 
{ c879316ed124f2cd8d0093119db6a5952958788e -> d839b3170aff3fe972490035c2125fba51fa3495 } is a cherrypick
{ 99f76f40a20f64ff070695b3fb534567e95ee92d -> ceb3784ebf784ac976e2ee290bfa07bbe09b6e48 }
Cherrypick commits SHA are -> 
d839b3170aff3fe972490035c2125fba51fa3495 - cherrypick - ceb3784ebf784ac976e2ee290bfa07bbe09b6e48
---> The cherrypicked commit sha is - d839b3170aff3fe972490035c2125fba51fa3495
Commit message - Merge remote-tracking branch 'origin/1.1.x'
---> The original commit sha is - ceb3784ebf784ac976e2ee290bfa07bbe09b6e48
Commit message - Merge remote-tracking branch 'origin/1.1.x'
-----------------------------------------------------------------

Cherry-pick diff pair 18 is -> 
{ a339a210a5fbdf2095c1a8725b89230e1fc8f86c -> cbb43a2cb6d0b3cd52368400b23cdcd9a914c215 } is a cherrypick
{ 464dabdcf8524b2023dc1f418cf8e95403f9f8f5 -> 21c92e116a0a7837107b3dd3a8d085146ce2127c }
Cherrypick commits SHA are -> 
cbb43a2cb6d0b3cd52368400b23cdcd9a914c215 - cherrypick - 21c92e116a0a7837107b3dd3a8d085146ce2127c
---> The cherrypicked commit sha is - cbb43a2cb6d0b3cd52368400b23cdcd9a914c215
Commit message - Merge remote-tracking branch 'origin/1.1.x'
---> The original commit sha is - 21c92e116a0a7837107b3dd3a8d085146ce2127c
Commit message - Merge branch '1.1.x'
-----------------------------------------------------------------

Cherry-pick diff pair 19 is -> 
{ 1633711424c156a3dc7f468a36598ce3c7106e75 -> f93673f1e00cd178c82257e3c5cb0ad236680aa6 } is a cherrypick
{ 464dabdcf8524b2023dc1f418cf8e95403f9f8f5 -> 21c92e116a0a7837107b3dd3a8d085146ce2127c }
Cherrypick commits SHA are -> 
f93673f1e00cd178c82257e3c5cb0ad236680aa6 - cherrypick - 21c92e116a0a7837107b3dd3a8d085146ce2127c
---> The cherrypicked commit sha is - f93673f1e00cd178c82257e3c5cb0ad236680aa6
Commit message - Merge remote-tracking branch 'origin/1.1.x'
---> The original commit sha is - 21c92e116a0a7837107b3dd3a8d085146ce2127c
Commit message - Merge branch '1.1.x'
-----------------------------------------------------------------

Cherry-pick diff pair 20 is -> 
{ a339a210a5fbdf2095c1a8725b89230e1fc8f86c -> cbb43a2cb6d0b3cd52368400b23cdcd9a914c215 } is a cherrypick
{ 1633711424c156a3dc7f468a36598ce3c7106e75 -> f93673f1e00cd178c82257e3c5cb0ad236680aa6 }
Cherrypick commits SHA are -> 
cbb43a2cb6d0b3cd52368400b23cdcd9a914c215 - cherrypick - f93673f1e00cd178c82257e3c5cb0ad236680aa6
---> The cherrypicked commit sha is - cbb43a2cb6d0b3cd52368400b23cdcd9a914c215
Commit message - Merge remote-tracking branch 'origin/1.1.x'
---> The original commit sha is - f93673f1e00cd178c82257e3c5cb0ad236680aa6
Commit message - Merge remote-tracking branch 'origin/1.1.x'
-----------------------------------------------------------------

Cherry-pick diff pair 21 is -> 
{ 10e9d122fe4ed3028198a74c538da19f65eb221a -> e616f55a5a2b66f7273b90cadd92809c568be264 } is a cherrypick
{ b16ef76283b7818989fec8ecf018586b856a569c -> d0414d90d60807e67de3edf09885367d78d45140 }
Cherrypick commits SHA are -> 
e616f55a5a2b66f7273b90cadd92809c568be264 - cherrypick - d0414d90d60807e67de3edf09885367d78d45140
---> The cherrypicked commit sha is - e616f55a5a2b66f7273b90cadd92809c568be264
Commit message - merged in changes, fixed conflicts
---> The original commit sha is - d0414d90d60807e67de3edf09885367d78d45140
Commit message - merged in master with debug panel fix.
-----------------------------------------------------------------

Cherry-pick diff pair 22 is -> 
{ 65ed4dd406f9eb16b28a8cfd6548775e561d7a86 -> 6845a6b77249e9ba5bad16f39b1e87669b66d99d } is a cherrypick
{ 25263e4c39af42289eb04ac420330255e7797dfa -> 114c2df01984012d6eb57f95db20f57acb2e0cf7 }
Cherrypick commits SHA are -> 
6845a6b77249e9ba5bad16f39b1e87669b66d99d - cherrypick - 114c2df01984012d6eb57f95db20f57acb2e0cf7
---> The cherrypicked commit sha is - 6845a6b77249e9ba5bad16f39b1e87669b66d99d
Commit message - Viewport bounds not set with isometric map #2

Init map sets viewport bounds according to orthogonal map which is not
right for isometric map.
---> The original commit sha is - 114c2df01984012d6eb57f95db20f57acb2e0cf7
Commit message - Merge pull request #534 from juhanapaavola/master

Viewport bounds not set with isometric map #2
-----------------------------------------------------------------

Cherry-pick diff pair 23 is -> 
{ 8262fe3a1ae32106a97a92452222a3827dd79906 -> 8bcf2df57dcb1d9c4dfb77b3608e5c7b52d25b58 } is a cherrypick
{ d4eb1d639fe4c7eb1f6f906ff2b87bdecccab855 -> 5d3ad834cc8e5a3d881e34989f0d1977e2572fad }
Cherrypick commits SHA are -> 
8bcf2df57dcb1d9c4dfb77b3608e5c7b52d25b58 - cherrypick - 5d3ad834cc8e5a3d881e34989f0d1977e2572fad
---> The cherrypicked commit sha is - 8bcf2df57dcb1d9c4dfb77b3608e5c7b52d25b58
Commit message - Optimized me.Rect constructor (this makes TMX map loading roughly 2x faster!).
---> The original commit sha is - 5d3ad834cc8e5a3d881e34989f0d1977e2572fad
Commit message - Merge pull request #509 from mik01aj/1.0-master

Optimized me.Rect constructor
-----------------------------------------------------------------

Cherry-pick diff pair 24 is -> 
{ 62a089c1c763306ab1e050b09a6611a5460a1106 -> b31d3d481a1b5142e4be381df9fa851cec7084e5 } is a cherrypick
{ 6f123df6a276a226884996fd7cb4de62e1938d2a -> e15cd41419024ca9a6ba4fce2af3680f0da07dbb }
Cherrypick commits SHA are -> 
b31d3d481a1b5142e4be381df9fa851cec7084e5 - cherrypick - e15cd41419024ca9a6ba4fce2af3680f0da07dbb
---> The cherrypicked commit sha is - b31d3d481a1b5142e4be381df9fa851cec7084e5
Commit message - [#507] Update CHANGELOG
---> The original commit sha is - e15cd41419024ca9a6ba4fce2af3680f0da07dbb
Commit message - [#507] Update CHANGELOG
-----------------------------------------------------------------

Cherry-pick diff pair 25 is -> 
{ b49f91504360e9952b190d84c0d3171436f5eeae -> e95f7ec1cf419db03d148b542501cf1fcd5c448b } is a cherrypick
{ bc5733526d743d70977d662cb93d44b5f441e94f -> d531e2a53dcd47dbad1ad2b491fc5ce4f4f58d75 }
Cherrypick commits SHA are -> 
e95f7ec1cf419db03d148b542501cf1fcd5c448b - cherrypick - d531e2a53dcd47dbad1ad2b491fc5ce4f4f58d75
---> The cherrypicked commit sha is - e95f7ec1cf419db03d148b542501cf1fcd5c448b
Commit message - Merge pull request #505 from aaschmitz/1.0.x

Fixed issue with the drag-points on the particle editor
---> The original commit sha is - d531e2a53dcd47dbad1ad2b491fc5ce4f4f58d75
Commit message - Merge branch '1.0.x'
-----------------------------------------------------------------

Cherry-pick diff pair 26 is -> 
{ 90be579313f06ec2d67d7606291e1f4cc4c8cce2 -> 9b3b8dfbf56803961f6224fd3a642468effe85de } is a cherrypick
{ 4a533f35a67115ff33967738a1f4e664e6ed8cd3 -> e34964396462f26bbdbfbecb9ad92594104d8ebf }
Cherrypick commits SHA are -> 
9b3b8dfbf56803961f6224fd3a642468effe85de - cherrypick - e34964396462f26bbdbfbecb9ad92594104d8ebf
---> The cherrypicked commit sha is - 9b3b8dfbf56803961f6224fd3a642468effe85de
Commit message - removed zero ratio from background
---> The original commit sha is - e34964396462f26bbdbfbecb9ad92594104d8ebf
Commit message - removed zero ratio from background
-----------------------------------------------------------------

Cherry-pick diff pair 27 is -> 
{ 80b8b8ba174a122647234ca05f5890f70f49a106 -> 658122d77e3f42424b413d39a057fbcc2fe90780 } is a cherrypick
{ 975e7f2cf751f3e0db0782aa7ffe7c8dcad7a591 -> 5ef68967d054eb264f2db00a15a0f4d704cdc1c9 }
Cherrypick commits SHA are -> 
658122d77e3f42424b413d39a057fbcc2fe90780 - cherrypick - 5ef68967d054eb264f2db00a15a0f4d704cdc1c9
---> The cherrypicked commit sha is - 658122d77e3f42424b413d39a057fbcc2fe90780
Commit message - switched the loop to have an escape
---> The original commit sha is - 5ef68967d054eb264f2db00a15a0f4d704cdc1c9
Commit message - switched the loop to have an escape
-----------------------------------------------------------------

Cherry-pick diff pair 28 is -> 
{ 7af27d3287b61a41e1b34ea29537c610e22a839d -> 89ff878fccf7fa252993076bc628425bac49a960 } is a cherrypick
{ e7f43dbdee374c828b41cebfa4494ec10233023d -> efd6e5a1e5e9322f956e4c1ccf1fd96282db6c98 }
Cherrypick commits SHA are -> 
89ff878fccf7fa252993076bc628425bac49a960 - cherrypick - efd6e5a1e5e9322f956e4c1ccf1fd96282db6c98
---> The cherrypicked commit sha is - 89ff878fccf7fa252993076bc628425bac49a960
Commit message - updated examples
---> The original commit sha is - efd6e5a1e5e9322f956e4c1ccf1fd96282db6c98
Commit message - Merge branch 'feature/texturepacker-animationsheet' into 1.1.0-dev
-----------------------------------------------------------------

Cherry-pick diff pair 29 is -> 
{ 3432f0f88866f63fcde244069efb225f93c3ca0c -> c430425f3a3bf1de84f22473ab40057a8cbdf149 } is a cherrypick
{ df7c597a238b296d12fc4591c6064b6512312acc -> 9889beeb3a9471bc24a9a28413a14f95bb37eaf5 }
Cherrypick commits SHA are -> 
c430425f3a3bf1de84f22473ab40057a8cbdf149 - cherrypick - 9889beeb3a9471bc24a9a28413a14f95bb37eaf5
---> The cherrypicked commit sha is - c430425f3a3bf1de84f22473ab40057a8cbdf149
Commit message - updated docs
---> The original commit sha is - 9889beeb3a9471bc24a9a28413a14f95bb37eaf5
Commit message - updated docs
-----------------------------------------------------------------

Cherry-pick diff pair 30 is -> 
{ 802ebc2441b1a2f9c687216b6b14f439b95408b6 -> 3432f0f88866f63fcde244069efb225f93c3ca0c } is a cherrypick
{ 0058ef50dce9219261bee60189a735757419804b -> df7c597a238b296d12fc4591c6064b6512312acc }
Cherrypick commits SHA are -> 
3432f0f88866f63fcde244069efb225f93c3ca0c - cherrypick - df7c597a238b296d12fc4591c6064b6512312acc
---> The cherrypicked commit sha is - 3432f0f88866f63fcde244069efb225f93c3ca0c
Commit message - added optional offset to work with region data
---> The original commit sha is - df7c597a238b296d12fc4591c6064b6512312acc
Commit message - added optional offset to work with region data
-----------------------------------------------------------------

Cherry-pick diff pair 31 is -> 
{ 9adc65c5f64adc0c92adbac1892c397088138353 -> a3be8c341f77a8067bb4a58ced0ce9d00154cf59 } is a cherrypick
{ 20cd2c851e5bc7d553627645f167f11d15a2bc70 -> ca70e25b83aa232b9a722572d2aa7c9be2823476 }
Cherrypick commits SHA are -> 
a3be8c341f77a8067bb4a58ced0ce9d00154cf59 - cherrypick - ca70e25b83aa232b9a722572d2aa7c9be2823476
---> The cherrypicked commit sha is - a3be8c341f77a8067bb4a58ced0ce9d00154cf59
Commit message - added clone method to me.Color
---> The original commit sha is - ca70e25b83aa232b9a722572d2aa7c9be2823476
Commit message - Merge pull request #436 from insidiator/color-clone

me.Color clone method
-----------------------------------------------------------------

Cherry-pick diff pair 32 is -> 
{ 4eb04d2cab62fb68263944d515a9d3aef1c1c621 -> c716918fbedf723235ff40bddc6e22ba234e3f61 } is a cherrypick
{ 77748161fadc1cf60f9785230adb7239e2d47406 -> 20192d529f574f7bfa1b75b49b1cfb46a78003ea }
Cherrypick commits SHA are -> 
c716918fbedf723235ff40bddc6e22ba234e3f61 - cherrypick - 20192d529f574f7bfa1b75b49b1cfb46a78003ea
---> The cherrypicked commit sha is - c716918fbedf723235ff40bddc6e22ba234e3f61
Commit message - changed install script to work on windows systems too
---> The original commit sha is - 20192d529f574f7bfa1b75b49b1cfb46a78003ea
Commit message - Merge pull request #418 from insidiator/install-script

changed install script to work on windows systems too
-----------------------------------------------------------------

Cherry-pick diff pair 33 is -> 
{ 31c47fd66dfe52e0323ed0b153d2ca3d13ffb39f -> acac9443b989de39cd2b4617a1a8c3e5e23f1280 } is a cherrypick
{ 0b4a208f82bdcf61a71558ba485b78d09d18494e -> 904e837c7c38b4991a0cc3e41483362523f59d6a }
Cherrypick commits SHA are -> 
acac9443b989de39cd2b4617a1a8c3e5e23f1280 - cherrypick - 904e837c7c38b4991a0cc3e41483362523f59d6a
---> The cherrypicked commit sha is - acac9443b989de39cd2b4617a1a8c3e5e23f1280
Commit message - Fixed event detection with base renderable objects

the input code expect the given object to have a child collision shape,
which is not the case when passing basic renderable, we then just
translate back the given BB object to be relative to the renderable
(actually pos 0,0)
---> The original commit sha is - 904e837c7c38b4991a0cc3e41483362523f59d6a
Commit message - Merge branch '1.0.0-dev' of https://github.com/melonjs/melonJS into 1.0.0-dev
-----------------------------------------------------------------

Cherry-pick diff pair 34 is -> 
{ b7c40b7e67ccdf995a416ec6499e2cd4304b5f97 -> b95d3926aa78284a1ad4fea2871a5e64f1a911a8 } is a cherrypick
{ fa092e5bef2a19ab5b36e37d52d7ce7da928b303 -> 584f4cc5bbbea93de2076ab64bf86b1b54380dc0 }
Cherrypick commits SHA are -> 
b95d3926aa78284a1ad4fea2871a5e64f1a911a8 - cherrypick - 584f4cc5bbbea93de2076ab64bf86b1b54380dc0
---> The cherrypicked commit sha is - b95d3926aa78284a1ad4fea2871a5e64f1a911a8
Commit message - allow loading tmx data from javascript objects instead of only from xhr
---> The original commit sha is - 584f4cc5bbbea93de2076ab64bf86b1b54380dc0
Commit message - Merge pull request #403 from paulmedwal/loadnoxhr

allow loading tmx data from javascript objects instead of only from xhr (paulmedwal)
-----------------------------------------------------------------

Cherry-pick diff pair 35 is -> 
{ 61b482e57397890b8c7475c139b8d4855ac83215 -> 0036e46b5a8344afe999ef697646d6aa54c75955 } is a cherrypick
{ 62651fcb82de223b6732260bb7dca96fa2b0121f -> a2028fed747f3410459ffa6e74645423e028321e }
Cherrypick commits SHA are -> 
0036e46b5a8344afe999ef697646d6aa54c75955 - cherrypick - a2028fed747f3410459ffa6e74645423e028321e
---> The cherrypicked commit sha is - 0036e46b5a8344afe999ef697646d6aa54c75955
Commit message - Merge branch 'master' into 1.0.0-dev
---> The original commit sha is - a2028fed747f3410459ffa6e74645423e028321e
Commit message - Merge branch 'master' into 1.0.0-dev
-----------------------------------------------------------------

Cherry-pick diff pair 36 is -> 
{ 678868db973cf5108511f72bb6ad00cd6a2a5290 -> ebf833ca4a325456765f313505943ca1c63611f6 } is a cherrypick
{ 5e2d18744a9e084da35e6bc6e74307cb3486daf9 -> 872a5b771b880046b32e60c2434454528658fed3 }
Cherrypick commits SHA are -> 
ebf833ca4a325456765f313505943ca1c63611f6 - cherrypick - 872a5b771b880046b32e60c2434454528658fed3
---> The cherrypicked commit sha is - ebf833ca4a325456765f313505943ca1c63611f6
Commit message - [#315] added a `me.device.isFullScreen` property
---> The original commit sha is - 872a5b771b880046b32e60c2434454528658fed3
Commit message - Merge branch '1.0.0-dev' of https://github.com/melonjs/melonJS into 1.0.0-dev
-----------------------------------------------------------------

Cherry-pick diff pair 37 is -> 
{ b7960eb701e86cf183a4c548620d86e7871e4697 -> 678868db973cf5108511f72bb6ad00cd6a2a5290 } is a cherrypick
{ 4cceadb91ace18740d429e80ed31268b7715e603 -> 5e2d18744a9e084da35e6bc6e74307cb3486daf9 }
Cherrypick commits SHA are -> 
678868db973cf5108511f72bb6ad00cd6a2a5290 - cherrypick - 5e2d18744a9e084da35e6bc6e74307cb3486daf9
---> The cherrypicked commit sha is - 678868db973cf5108511f72bb6ad00cd6a2a5290
Commit message - Merge remote-tracking branch 'origin/master' into 1.0.0-dev
---> The original commit sha is - 5e2d18744a9e084da35e6bc6e74307cb3486daf9
Commit message - Merge remote-tracking branch 'origin/master' into 1.0.0-dev
-----------------------------------------------------------------

Cherry-pick diff pair 38 is -> 
{ dad0dd26113cea1af9a2c972d63d068c8814920f -> e3367a2ed5e54b495ec25cc9823520a3aa53ab7c } is a cherrypick
{ 453065fce00a726cfe0c60be5121bb51efc159bb -> 6bc2094d516d7581f5f095267fe75c4c750ad6fd }
Cherrypick commits SHA are -> 
e3367a2ed5e54b495ec25cc9823520a3aa53ab7c - cherrypick - 6bc2094d516d7581f5f095267fe75c4c750ad6fd
---> The cherrypicked commit sha is - e3367a2ed5e54b495ec25cc9823520a3aa53ab7c
Commit message - Combo update :

- sync’ed with master
- removed all deprectated/obsolete function from `me.game`
---> The original commit sha is - 6bc2094d516d7581f5f095267fe75c4c750ad6fd
Commit message - Merge remote-tracking branch 'origin/master' into 1.0.0-dev
-----------------------------------------------------------------

Cherry-pick diff pair 39 is -> 
{ eb2bc32a758db15205e1d905b02fc077d5e278e4 -> d30bfab9f4d5d6e4c31279cbbfa5942e2fc84670 } is a cherrypick
{ a0c26b586cb1e8055e6fddc6793aeee4218feb41 -> 0f8e335b014a2d716172339830a006099a0fd001 }
Cherrypick commits SHA are -> 
d30bfab9f4d5d6e4c31279cbbfa5942e2fc84670 - cherrypick - 0f8e335b014a2d716172339830a006099a0fd001
---> The cherrypicked commit sha is - d30bfab9f4d5d6e4c31279cbbfa5942e2fc84670
Commit message - Sync'ed with master
---> The original commit sha is - 0f8e335b014a2d716172339830a006099a0fd001
Commit message - Merge remote-tracking branch 'origin/master' into 1.0.0-dev
-----------------------------------------------------------------

Cherry-pick diff pair 40 is -> 
{ d92100ac929d4de1857fcaeda8e410d71081da80 -> 54ccf043947678775dfde10bb355732a89401cf0 } is a cherrypick
{ 3ed50b3d6387b44f0074bf1ac81897ca47232b3c -> a1e87197dd9cfe4067b221174ba41cbfd8d28977 }
Cherrypick commits SHA are -> 
54ccf043947678775dfde10bb355732a89401cf0 - cherrypick - a1e87197dd9cfe4067b221174ba41cbfd8d28977
---> The cherrypicked commit sha is - 54ccf043947678775dfde10bb355732a89401cf0
Commit message - sync'ed with master
---> The original commit sha is - a1e87197dd9cfe4067b221174ba41cbfd8d28977
Commit message - sync'ed with master
-----------------------------------------------------------------

Cherry-pick diff pair 41 is -> 
{ fb982cc68844fdf4bd913d6d431f0b64873642ea -> e830d140b82a9b969577304001dff11f8b71f1cd } is a cherrypick
{ 1465b08f19b01ce53719444fe28973d0cdc6e844 -> eaf66ac91359dc1bc1a5c24fbdaede3369cb1fe0 }
Cherrypick commits SHA are -> 
e830d140b82a9b969577304001dff11f8b71f1cd - cherrypick - eaf66ac91359dc1bc1a5c24fbdaede3369cb1fe0
---> The cherrypicked commit sha is - e830d140b82a9b969577304001dff11f8b71f1cd
Commit message - Updated the jshint plugin to latest version, giving us more options to play with

turning the 'unused' one to true, gives funny results :)
---> The original commit sha is - eaf66ac91359dc1bc1a5c24fbdaede3369cb1fe0
Commit message - Merge branch '1.0.0-dev' of github.com:melonjs/melonJS into 1.0.0-dev
-----------------------------------------------------------------

Cherry-pick diff pair 42 is -> 
{ ba3dc52bade106955d83ecd3b96585fbd278b9be -> d621f70b5c717afb2fd8723377a8606e4cbc3732 } is a cherrypick
{ 735451af3baea4bef62dd18b7b1d0b78c3b3418d -> e4c0bbc5e7216cfa50fb47194a76c127c3f95595 }
Cherrypick commits SHA are -> 
d621f70b5c717afb2fd8723377a8606e4cbc3732 - cherrypick - e4c0bbc5e7216cfa50fb47194a76c127c3f95595
---> The cherrypicked commit sha is - d621f70b5c717afb2fd8723377a8606e4cbc3732
Commit message - Merge branch 'master' into 1.0.0-dev
---> The original commit sha is - e4c0bbc5e7216cfa50fb47194a76c127c3f95595
Commit message - Merge branch 'master' into 1.0.0-dev
-----------------------------------------------------------------

Cherry-pick diff pair 43 is -> 
{ f6c3f2c824d507f1fc8ef215d761714ef8e95d34 -> c1128f9c93d359e8c828b73c0afbeb8221ee1063 } is a cherrypick
{ 02666be0aff0cea8a41c75ac361f6a679cd8361f -> 51da52ff6644b4a8269aacc00feabd1c280b4660 }
Cherrypick commits SHA are -> 
c1128f9c93d359e8c828b73c0afbeb8221ee1063 - cherrypick - 51da52ff6644b4a8269aacc00feabd1c280b4660
---> The cherrypicked commit sha is - c1128f9c93d359e8c828b73c0afbeb8221ee1063
Commit message - Sync'ed with Master
---> The original commit sha is - 51da52ff6644b4a8269aacc00feabd1c280b4660
Commit message - Merge branch 'master' into 1.0.0-dev
-----------------------------------------------------------------

Cherry-pick diff pair 44 is -> 
{ 1b8ab5717ef4a7ec0213bf4b25be46fbfa428d60 -> d5b00dc09ea0db9b86d396d99a17e19f8696f27a } is a cherrypick
{ 82a9ca2b51249dae5f659c389229ab97dfd9d5e0 -> 986e6f8ae07b5aefeccb0827d7c79bac9088b14d }
Cherrypick commits SHA are -> 
d5b00dc09ea0db9b86d396d99a17e19f8696f27a - cherrypick - 986e6f8ae07b5aefeccb0827d7c79bac9088b14d
---> The cherrypicked commit sha is - d5b00dc09ea0db9b86d396d99a17e19f8696f27a
Commit message - version bump to 1.0.0 !

finally :P
---> The original commit sha is - 986e6f8ae07b5aefeccb0827d7c79bac9088b14d
Commit message - Merge remote-tracking branch 'origin/master' into 1.0.0-dev
-----------------------------------------------------------------

Cherry-pick diff pair 45 is -> 
{ 8af7dabe98dace1b5fefb9be63b5d15e2a31846a -> c581f56372ea15cc9db13fa761482e00b23a505d } is a cherrypick
{ f2a455c35b11d3e3c1f39a4749774c863a4bd3f6 -> 5861fbccfdb6b6977e256948fc1d9adb3fadcef4 }
Cherrypick commits SHA are -> 
c581f56372ea15cc9db13fa761482e00b23a505d - cherrypick - 5861fbccfdb6b6977e256948fc1d9adb3fadcef4
---> The cherrypicked commit sha is - c581f56372ea15cc9db13fa761482e00b23a505d
Commit message - set binary load to async, and removed the usage of dataType
---> The original commit sha is - 5861fbccfdb6b6977e256948fc1d9adb3fadcef4
Commit message - Merge pull request #268 from agmcleod/feature/fix-preloadbinary

set binary load to async, and removed the usage of dataType (by agmcleod)
-----------------------------------------------------------------

Cherry-pick diff pair 46 is -> 
{ 59bd7f2817d23555e7cce505455a5295c61cc023 -> 4377303347e1e28a05ba1238a4023346e1d4f7e9 } is a cherrypick
{ a2c57f1d22c5334d091e52ce626f3a4403860015 -> 9ba8151c70466d729f1983fa900fb5f640fd258a }
Cherrypick commits SHA are -> 
4377303347e1e28a05ba1238a4023346e1d4f7e9 - cherrypick - 9ba8151c70466d729f1983fa900fb5f640fd258a
---> The cherrypicked commit sha is - 4377303347e1e28a05ba1238a4023346e1d4f7e9
Commit message - Documentation: `me.AnimationSheet` constructor does not accept a string for the `image` argument.
---> The original commit sha is - 9ba8151c70466d729f1983fa900fb5f640fd258a
Commit message - Documentation: `me.AnimationSheet` constructor does not accept a string for the `image` argument.
-----------------------------------------------------------------

Cherry-pick diff pair 47 is -> 
{ 747838e27e38832c11cc127a3001c698f989a0e8 -> 59bd7f2817d23555e7cce505455a5295c61cc023 } is a cherrypick
{ 2afce2e8e0ab8e49f10ab0615d0ad197ddec774b -> a2c57f1d22c5334d091e52ce626f3a4403860015 }
Cherrypick commits SHA are -> 
59bd7f2817d23555e7cce505455a5295c61cc023 - cherrypick - a2c57f1d22c5334d091e52ce626f3a4403860015
---> The cherrypicked commit sha is - 59bd7f2817d23555e7cce505455a5295c61cc023
Commit message - Fix `me.debug.renderVelocity`
---> The original commit sha is - a2c57f1d22c5334d091e52ce626f3a4403860015
Commit message - Fix `me.debug.renderVelocity`
-----------------------------------------------------------------

Cherry-pick diff pair 48 is -> 
{ 8e27b23cdb20e3fb8b17c9ff7eadc0daa7f6359e -> 747838e27e38832c11cc127a3001c698f989a0e8 } is a cherrypick
{ ec90ee8d4b5803a2e92652cb855a19e7bdb86b1e -> 2afce2e8e0ab8e49f10ab0615d0ad197ddec774b }
Cherrypick commits SHA are -> 
747838e27e38832c11cc127a3001c698f989a0e8 - cherrypick - 2afce2e8e0ab8e49f10ab0615d0ad197ddec774b
---> The cherrypicked commit sha is - 747838e27e38832c11cc127a3001c698f989a0e8
Commit message - [#66] Another big round of documentation fixes and additions
---> The original commit sha is - 2afce2e8e0ab8e49f10ab0615d0ad197ddec774b
Commit message - [#66] Another big round of documentation fixes and additions
-----------------------------------------------------------------

Cherry-pick diff pair 49 is -> 
{ b12709e8a244aa45eb335616718fe8a869e38ce9 -> 8e27b23cdb20e3fb8b17c9ff7eadc0daa7f6359e } is a cherrypick
{ e100917881a38e680824119b47b351bca656e172 -> ec90ee8d4b5803a2e92652cb855a19e7bdb86b1e }
Cherrypick commits SHA are -> 
8e27b23cdb20e3fb8b17c9ff7eadc0daa7f6359e - cherrypick - ec90ee8d4b5803a2e92652cb855a19e7bdb86b1e
---> The cherrypicked commit sha is - 8e27b23cdb20e3fb8b17c9ff7eadc0daa7f6359e
Commit message - Mark `me.SpriteObject.setTransparency()` as deprecated.

- This function is slow, and it's always better to use PNG or GIF transparency.
---> The original commit sha is - ec90ee8d4b5803a2e92652cb855a19e7bdb86b1e
Commit message - Mark `me.SpriteObject.setTransparency()` as deprecated.

- This function is slow, and it's always better to use PNG or GIF transparency.
-----------------------------------------------------------------

Cherry-pick diff pair 50 is -> 
{ 1c9022739b9fb28519407022262efe1419c01702 -> b12709e8a244aa45eb335616718fe8a869e38ce9 } is a cherrypick
{ c65f63a9a1299b6a85bd644c901859eab6079326 -> e100917881a38e680824119b47b351bca656e172 }
Cherrypick commits SHA are -> 
b12709e8a244aa45eb335616718fe8a869e38ce9 - cherrypick - e100917881a38e680824119b47b351bca656e172
---> The cherrypicked commit sha is - b12709e8a244aa45eb335616718fe8a869e38ce9
Commit message - [#66] Navigation sidebar background
---> The original commit sha is - e100917881a38e680824119b47b351bca656e172
Commit message - [#66] Navigation sidebar background
-----------------------------------------------------------------

Cherry-pick diff pair 51 is -> 
{ a4dfea23406cd576f62e9b43526ba50bb98228cf -> 1c9022739b9fb28519407022262efe1419c01702 } is a cherrypick
{ 8b6f3d14c91a399da68d486b86fafb131ddff8e0 -> c65f63a9a1299b6a85bd644c901859eab6079326 }
Cherrypick commits SHA are -> 
1c9022739b9fb28519407022262efe1419c01702 - cherrypick - c65f63a9a1299b6a85bd644c901859eab6079326
---> The cherrypicked commit sha is - 1c9022739b9fb28519407022262efe1419c01702
Commit message - [#66] Fix jsdoc style page width
---> The original commit sha is - c65f63a9a1299b6a85bd644c901859eab6079326
Commit message - [#66] Fix jsdoc style page width
-----------------------------------------------------------------

Cherry-pick diff pair 52 is -> 
{ ebede8c7a365cc717ec750f7d5c8b6dd7ebe9be0 -> a4dfea23406cd576f62e9b43526ba50bb98228cf } is a cherrypick
{ d40b2cb976b534e06bdef1380aa2b43014f47847 -> 8b6f3d14c91a399da68d486b86fafb131ddff8e0 }
Cherrypick commits SHA are -> 
a4dfea23406cd576f62e9b43526ba50bb98228cf - cherrypick - 8b6f3d14c91a399da68d486b86fafb131ddff8e0
---> The cherrypicked commit sha is - a4dfea23406cd576f62e9b43526ba50bb98228cf
Commit message - [#66] Fix doc comments in `me.AnimationSheet`
---> The original commit sha is - 8b6f3d14c91a399da68d486b86fafb131ddff8e0
Commit message - [#66] Fix doc comments in `me.AnimationSheet`
-----------------------------------------------------------------

Cherry-pick diff pair 53 is -> 
{ aeba85ba8b7337ff548673dd3642f3c4864d7418 -> ebede8c7a365cc717ec750f7d5c8b6dd7ebe9be0 } is a cherrypick
{ e6c5a9381e00a72d1e6afea18dbf9ff007a4317e -> d40b2cb976b534e06bdef1380aa2b43014f47847 }
Cherrypick commits SHA are -> 
ebede8c7a365cc717ec750f7d5c8b6dd7ebe9be0 - cherrypick - d40b2cb976b534e06bdef1380aa2b43014f47847
---> The cherrypicked commit sha is - ebede8c7a365cc717ec750f7d5c8b6dd7ebe9be0
Commit message - updated README to fix the link issue in the title

(Moved the link to the next occurences of melonJS)
---> The original commit sha is - d40b2cb976b534e06bdef1380aa2b43014f47847
Commit message - updated README to fix the link issue in the title

(Moved the link to the next occurences of melonJS)
-----------------------------------------------------------------

Cherry-pick diff pair 54 is -> 
{ e190f3850923001cab4862c05a8a92faaf9dbebf -> aeba85ba8b7337ff548673dd3642f3c4864d7418 } is a cherrypick
{ 49502886a7bd4227c566618793caf51946d236e7 -> e6c5a9381e00a72d1e6afea18dbf9ff007a4317e }
Cherrypick commits SHA are -> 
aeba85ba8b7337ff548673dd3642f3c4864d7418 - cherrypick - e6c5a9381e00a72d1e6afea18dbf9ff007a4317e
---> The cherrypicked commit sha is - aeba85ba8b7337ff548673dd3642f3c4864d7418
Commit message - [#66] Fix parameter list for `me.SpriteObject` constructor
---> The original commit sha is - e6c5a9381e00a72d1e6afea18dbf9ff007a4317e
Commit message - [#66] Fix parameter list for `me.SpriteObject` constructor
-----------------------------------------------------------------

Cherry-pick diff pair 55 is -> 
{ d3e473af51f1eb2fbfedfa177822c04e0b7fd037 -> e190f3850923001cab4862c05a8a92faaf9dbebf } is a cherrypick
{ f3ed1a32bf8e0fceed77a3afa392a248d0679557 -> 49502886a7bd4227c566618793caf51946d236e7 }
Cherrypick commits SHA are -> 
e190f3850923001cab4862c05a8a92faaf9dbebf - cherrypick - 49502886a7bd4227c566618793caf51946d236e7
---> The cherrypicked commit sha is - e190f3850923001cab4862c05a8a92faaf9dbebf
Commit message - Fix typo in README
---> The original commit sha is - 49502886a7bd4227c566618793caf51946d236e7
Commit message - Fix typo in README
-----------------------------------------------------------------

Cherry-pick diff pair 56 is -> 
{ 7c44b81e4da1b7f6eeee183ce813bbb4d5e589bd -> d3e473af51f1eb2fbfedfa177822c04e0b7fd037 } is a cherrypick
{ 9e445c85a49664d2e1a41f08172e9355aa6ff7be -> f3ed1a32bf8e0fceed77a3afa392a248d0679557 }
Cherrypick commits SHA are -> 
d3e473af51f1eb2fbfedfa177822c04e0b7fd037 - cherrypick - f3ed1a32bf8e0fceed77a3afa392a248d0679557
---> The cherrypicked commit sha is - d3e473af51f1eb2fbfedfa177822c04e0b7fd037
Commit message - Update README
---> The original commit sha is - f3ed1a32bf8e0fceed77a3afa392a248d0679557
Commit message - Update README
-----------------------------------------------------------------

Cherry-pick diff pair 57 is -> 
{ b6cbe34ee4cb4212ddca307cdd14e5b7e61e474b -> 7c44b81e4da1b7f6eeee183ce813bbb4d5e589bd } is a cherrypick
{ bacf3e2403784d3c1b542bdb03ec8bb1044a3a13 -> 9e445c85a49664d2e1a41f08172e9355aa6ff7be }
Cherrypick commits SHA are -> 
7c44b81e4da1b7f6eeee183ce813bbb4d5e589bd - cherrypick - 9e445c85a49664d2e1a41f08172e9355aa6ff7be
---> The cherrypicked commit sha is - 7c44b81e4da1b7f6eeee183ce813bbb4d5e589bd
Commit message - Minor change to README
---> The original commit sha is - 9e445c85a49664d2e1a41f08172e9355aa6ff7be
Commit message - Minor change to README
-----------------------------------------------------------------

Cherry-pick diff pair 58 is -> 
{ 468d9aa1245bad1d442eedc122e047e2220892a5 -> b6cbe34ee4cb4212ddca307cdd14e5b7e61e474b } is a cherrypick
{ c7198f7e9114428d74cc383c022c5983d92ead5c -> bacf3e2403784d3c1b542bdb03ec8bb1044a3a13 }
Cherrypick commits SHA are -> 
b6cbe34ee4cb4212ddca307cdd14e5b7e61e474b - cherrypick - bacf3e2403784d3c1b542bdb03ec8bb1044a3a13
---> The cherrypicked commit sha is - b6cbe34ee4cb4212ddca307cdd14e5b7e61e474b
Commit message - [#66] Add README to jsdoc index.html
---> The original commit sha is - bacf3e2403784d3c1b542bdb03ec8bb1044a3a13
Commit message - [#66] Add README to jsdoc index.html
-----------------------------------------------------------------

Cherry-pick diff pair 59 is -> 
{ 7fda2eef601e8652ca9d6f8d0a0cf8bb22188760 -> 468d9aa1245bad1d442eedc122e047e2220892a5 } is a cherrypick
{ 733646a7136ddd18d18f2628e8c17fb9ac87f167 -> c7198f7e9114428d74cc383c022c5983d92ead5c }
Cherrypick commits SHA are -> 
468d9aa1245bad1d442eedc122e047e2220892a5 - cherrypick - c7198f7e9114428d74cc383c022c5983d92ead5c
---> The cherrypicked commit sha is - 468d9aa1245bad1d442eedc122e047e2220892a5
Commit message - [#66] melonJS-ify the jsdoc CSS
---> The original commit sha is - c7198f7e9114428d74cc383c022c5983d92ead5c
Commit message - [#66] melonJS-ify the jsdoc CSS
-----------------------------------------------------------------

Cherry-pick diff pair 60 is -> 
{ fc92dc61bffdde99e2c84042d0e4d58ff41c3510 -> 7fda2eef601e8652ca9d6f8d0a0cf8bb22188760 } is a cherrypick
{ b73661a82a7384a85b6c60b195633eb3d41de493 -> 733646a7136ddd18d18f2628e8c17fb9ac87f167 }
Cherrypick commits SHA are -> 
7fda2eef601e8652ca9d6f8d0a0cf8bb22188760 - cherrypick - 733646a7136ddd18d18f2628e8c17fb9ac87f167
---> The cherrypicked commit sha is - 7fda2eef601e8652ca9d6f8d0a0cf8bb22188760
Commit message - [#66] Fix argument lists in doc comments
---> The original commit sha is - 733646a7136ddd18d18f2628e8c17fb9ac87f167
Commit message - [#66] Fix argument lists in doc comments
-----------------------------------------------------------------

Cherry-pick diff pair 61 is -> 
{ 9cdbe38b336f1f297aa7fd43863622054a3aac36 -> fc92dc61bffdde99e2c84042d0e4d58ff41c3510 } is a cherrypick
{ 546d20bfc6ab879274ed1a61951dfb57515475af -> b73661a82a7384a85b6c60b195633eb3d41de493 }
Cherrypick commits SHA are -> 
fc92dc61bffdde99e2c84042d0e4d58ff41c3510 - cherrypick - b73661a82a7384a85b6c60b195633eb3d41de493
---> The cherrypicked commit sha is - fc92dc61bffdde99e2c84042d0e4d58ff41c3510
Commit message - [#66] Update jsdoc template and style
---> The original commit sha is - b73661a82a7384a85b6c60b195633eb3d41de493
Commit message - [#66] Update jsdoc template and style
-----------------------------------------------------------------

Cherry-pick diff pair 62 is -> 
{ b2ede0ecb69f90494a8b32f5de408faea351a808 -> b2d970508894d58e54dd812d0719a9f9c8031192 } is a cherrypick
{ 4194ab8141c4cb0f550dc970ed766caac3167417 -> ce0f5e78b695d2ed1e46b7acc96b1b7fab42390f }
Cherrypick commits SHA are -> 
b2d970508894d58e54dd812d0719a9f9c8031192 - cherrypick - ce0f5e78b695d2ed1e46b7acc96b1b7fab42390f
---> The cherrypicked commit sha is - b2d970508894d58e54dd812d0719a9f9c8031192
Commit message - Protect against undefined ScreenObject in `me.state.change()`
---> The original commit sha is - ce0f5e78b695d2ed1e46b7acc96b1b7fab42390f
Commit message - Protect against undefined ScreenObject in `me.state.change()`
-----------------------------------------------------------------

Cherry-pick diff pair 63 is -> 
{ 1ef02935563080c83626bfb9abc6cb8e02604cba -> b2ede0ecb69f90494a8b32f5de408faea351a808 } is a cherrypick
{ 52fcf218c4c218c4c58f1ebb93bb5b934f022a5d -> 4194ab8141c4cb0f550dc970ed766caac3167417 }
Cherrypick commits SHA are -> 
b2ede0ecb69f90494a8b32f5de408faea351a808 - cherrypick - 4194ab8141c4cb0f550dc970ed766caac3167417
---> The cherrypicked commit sha is - b2ede0ecb69f90494a8b32f5de408faea351a808
Commit message - Removed `json.js` from the source tree, as it's anyway natively supported by all recent browsers

and anyway it was never included in any build since the beginning ;)
---> The original commit sha is - 4194ab8141c4cb0f550dc970ed766caac3167417
Commit message - Removed `json.js` from the source tree, as it's anyway natively supported by all recent browsers

and anyway it was never included in any build since the beginning ;)
-----------------------------------------------------------------

Cherry-pick diff pair 64 is -> 
{ c99059bc110d18f52821cf62de0018ce8fb1161b -> 1ef02935563080c83626bfb9abc6cb8e02604cba } is a cherrypick
{ a440586ab83267ec8b4c1ff8772cacb8e392d410 -> 52fcf218c4c218c4c58f1ebb93bb5b934f022a5d }
Cherrypick commits SHA are -> 
1ef02935563080c83626bfb9abc6cb8e02604cba - cherrypick - 52fcf218c4c218c4c58f1ebb93bb5b934f022a5d
---> The cherrypicked commit sha is - 1ef02935563080c83626bfb9abc6cb8e02604cba
Commit message - Also removed the call to 'setImageSmoothing' from the platformer example
---> The original commit sha is - 52fcf218c4c218c4c58f1ebb93bb5b934f022a5d
Commit message - Also removed the call to 'setImageSmoothing' from the platformer example
-----------------------------------------------------------------

Cherry-pick diff pair 65 is -> 
{ b23df12beb9485c1d9e337a71e61d57331b98474 -> c99059bc110d18f52821cf62de0018ce8fb1161b } is a cherrypick
{ fa0dc8324a7eec2eb2f8418e98a7466e3eebecaa -> a440586ab83267ec8b4c1ff8772cacb8e392d410 }
Cherrypick commits SHA are -> 
c99059bc110d18f52821cf62de0018ce8fb1161b - cherrypick - a440586ab83267ec8b4c1ff8772cacb8e392d410
---> The cherrypicked commit sha is - c99059bc110d18f52821cf62de0018ce8fb1161b
Commit message - removed unused code from the collision-performance example

also removed the call to `setImageSmoothing` since this is done
automatically now by the engine
---> The original commit sha is - a440586ab83267ec8b4c1ff8772cacb8e392d410
Commit message - removed unused code from the collision-performance example

also removed the call to `setImageSmoothing` since this is done
automatically now by the engine
-----------------------------------------------------------------

Cherry-pick diff pair 66 is -> 
{ 8bba7a72ac408738e09cd0da33cd4493f718f578 -> 4abce74697f114ade5a1a8dc581de03205174ece } is a cherrypick
{ 0e249980c161e0ab4fd551c7a7a8f54227081c80 -> 868f3067bc17be9107c4864d28b35494f131ae54 }
Cherrypick commits SHA are -> 
4abce74697f114ade5a1a8dc581de03205174ece - cherrypick - 868f3067bc17be9107c4864d28b35494f131ae54
---> The cherrypicked commit sha is - 4abce74697f114ade5a1a8dc581de03205174ece
Commit message - Updated README
---> The original commit sha is - 868f3067bc17be9107c4864d28b35494f131ae54
Commit message - Updated README
-----------------------------------------------------------------

Cherry-pick diff pair 67 is -> 
{ b265a9f36795f01ce40221dba9065aee0c4822f7 -> 8bba7a72ac408738e09cd0da33cd4493f718f578 } is a cherrypick
{ 2cb19936fb43980a807f8b060dfeb1812e711d03 -> 0e249980c161e0ab4fd551c7a7a8f54227081c80 }
Cherrypick commits SHA are -> 
8bba7a72ac408738e09cd0da33cd4493f718f578 - cherrypick - 0e249980c161e0ab4fd551c7a7a8f54227081c80
---> The cherrypicked commit sha is - 8bba7a72ac408738e09cd0da33cd4493f718f578
Commit message - [#66] More fun in fixing the documentation generation

that might it this time, only now missing some nice template :)
---> The original commit sha is - 0e249980c161e0ab4fd551c7a7a8f54227081c80
Commit message - [#66] More fun in fixing the documentation generation

that might it this time, only now missing some nice template :)
-----------------------------------------------------------------

Cherry-pick diff pair 68 is -> 
{ b9afcbcf2fa185271e9a5a0ba31c9789b3ee14ab -> b265a9f36795f01ce40221dba9065aee0c4822f7 } is a cherrypick
{ 50427f68a83e04955030617d8da21ced464b7f44 -> 2cb19936fb43980a807f8b060dfeb1812e711d03 }
Cherrypick commits SHA are -> 
b265a9f36795f01ce40221dba9065aee0c4822f7 - cherrypick - 2cb19936fb43980a807f8b060dfeb1812e711d03
---> The cherrypicked commit sha is - b265a9f36795f01ce40221dba9065aee0c4822f7
Commit message - Updaded README
---> The original commit sha is - 2cb19936fb43980a807f8b060dfeb1812e711d03
Commit message - Updaded README
-----------------------------------------------------------------

Cherry-pick diff pair 69 is -> 
{ 465cd59b5644670d13b91accaaca13641685de03 -> b9afcbcf2fa185271e9a5a0ba31c9789b3ee14ab } is a cherrypick
{ c938f640b1327d207075b929b011edd6127e01e9 -> 50427f68a83e04955030617d8da21ced464b7f44 }
Cherrypick commits SHA are -> 
b9afcbcf2fa185271e9a5a0ba31c9789b3ee14ab - cherrypick - 50427f68a83e04955030617d8da21ced464b7f44
---> The cherrypicked commit sha is - b9afcbcf2fa185271e9a5a0ba31c9789b3ee14ab
Commit message - Also updated CHANGELOG :P
---> The original commit sha is - 50427f68a83e04955030617d8da21ced464b7f44
Commit message - Also updated CHANGELOG :P
-----------------------------------------------------------------

Cherry-pick diff pair 70 is -> 
{ 7d29a92e579d5e5e0488ee2a63a0f9c02684f17a -> bde5369427b51189a5cd8afb0e5f21ee39f65f1b } is a cherrypick
{ 7e383a761d0f0e7d1782175387b49b33886e62f9 -> 84837c333eea21d252d96db67365c32eb8278344 }
Cherrypick commits SHA are -> 
bde5369427b51189a5cd8afb0e5f21ee39f65f1b - cherrypick - 84837c333eea21d252d96db67365c32eb8278344
---> The cherrypicked commit sha is - bde5369427b51189a5cd8afb0e5f21ee39f65f1b
Commit message - Fix dead Tween objects collecting in the gameObjects list (only affects slower platforms like mobile phones)
---> The original commit sha is - 84837c333eea21d252d96db67365c32eb8278344
Commit message - Fix dead Tween objects collecting in the gameObjects list (only affects slower platforms like mobile phones)
-----------------------------------------------------------------

Cherry-pick diff pair 71 is -> 
{ 8b1c232ecf9d3ba83b5309795022f7346e2caa7d -> 7d29a92e579d5e5e0488ee2a63a0f9c02684f17a } is a cherrypick
{ a9defdd7fd4f475f94b4d811d0fd47502fe5c2e4 -> 7e383a761d0f0e7d1782175387b49b33886e62f9 }
Cherrypick commits SHA are -> 
7d29a92e579d5e5e0488ee2a63a0f9c02684f17a - cherrypick - 7e383a761d0f0e7d1782175387b49b33886e62f9
---> The cherrypicked commit sha is - 7d29a92e579d5e5e0488ee2a63a0f9c02684f17a
Commit message - Update CHANGELOG
---> The original commit sha is - 7e383a761d0f0e7d1782175387b49b33886e62f9
Commit message - Update CHANGELOG
-----------------------------------------------------------------

Cherry-pick diff pair 72 is -> 
{ 521fec2048aab7a1efbf5ff4b37fa821e1d8d101 -> 8b1c232ecf9d3ba83b5309795022f7346e2caa7d } is a cherrypick
{ 1c96d7fb3f103512ab8d43b96415e62c219a3a23 -> a9defdd7fd4f475f94b4d811d0fd47502fe5c2e4 }
Cherrypick commits SHA are -> 
8b1c232ecf9d3ba83b5309795022f7346e2caa7d - cherrypick - a9defdd7fd4f475f94b4d811d0fd47502fe5c2e4
---> The cherrypicked commit sha is - 8b1c232ecf9d3ba83b5309795022f7346e2caa7d
Commit message - [#205] Followup: Remove explicit inViewport check from SpriteObject, and check alwaysUpdate in `me.game.collide`
---> The original commit sha is - a9defdd7fd4f475f94b4d811d0fd47502fe5c2e4
Commit message - [#205] Followup: Remove explicit inViewport check from SpriteObject, and check alwaysUpdate in `me.game.collide`
-----------------------------------------------------------------

Cherry-pick diff pair 73 is -> 
{ f9db64baf9afdc5928e3d319df6256fab24b946e -> 521fec2048aab7a1efbf5ff4b37fa821e1d8d101 } is a cherrypick
{ 72908b56e407a932413e5f2071db6db91d90c15f -> 1c96d7fb3f103512ab8d43b96415e62c219a3a23 }
Cherrypick commits SHA are -> 
521fec2048aab7a1efbf5ff4b37fa821e1d8d101 - cherrypick - 1c96d7fb3f103512ab8d43b96415e62c219a3a23
---> The cherrypicked commit sha is - 521fec2048aab7a1efbf5ff4b37fa821e1d8d101
Commit message - Updated the platformer example to use the new `alwaysUpdate` flag
---> The original commit sha is - 1c96d7fb3f103512ab8d43b96415e62c219a3a23
Commit message - Updated the platformer example to use the new `alwaysUpdate` flag
-----------------------------------------------------------------

Cherry-pick diff pair 74 is -> 
{ 2ba0f885cb99f9ecf0d6e4df32ddb19ff5cf0905 -> f9db64baf9afdc5928e3d319df6256fab24b946e } is a cherrypick
{ afd0a2789df50578b2afb161aa0b62d32e732083 -> 72908b56e407a932413e5f2071db6db91d90c15f }
Cherrypick commits SHA are -> 
f9db64baf9afdc5928e3d319df6256fab24b946e - cherrypick - 72908b56e407a932413e5f2071db6db91d90c15f
---> The cherrypicked commit sha is - f9db64baf9afdc5928e3d319df6256fab24b946e
Commit message - [#205] fixed flag used to detect if the object is within the viewport or not
---> The original commit sha is - 72908b56e407a932413e5f2071db6db91d90c15f
Commit message - [#205] fixed flag used to detect if the object is within the viewport or not
-----------------------------------------------------------------

Cherry-pick diff pair 75 is -> 
{ a541c3c93e755e319c73c910a46752d67c803fd2 -> 2ba0f885cb99f9ecf0d6e4df32ddb19ff5cf0905 } is a cherrypick
{ 076d23c0862ffe89d872bb165e30f8aef0df6118 -> afd0a2789df50578b2afb161aa0b62d32e732083 }
Cherrypick commits SHA are -> 
2ba0f885cb99f9ecf0d6e4df32ddb19ff5cf0905 - cherrypick - afd0a2789df50578b2afb161aa0b62d32e732083
---> The cherrypicked commit sha is - 2ba0f885cb99f9ecf0d6e4df32ddb19ff5cf0905
Commit message - [#205] Add `alwaysUpdate` property that allows `me.Renderable` objects to update even when outside of the viewport.
---> The original commit sha is - afd0a2789df50578b2afb161aa0b62d32e732083
Commit message - [#205] Add `alwaysUpdate` property that allows `me.Renderable` objects to update even when outside of the viewport.
-----------------------------------------------------------------

Cherry-pick diff pair 76 is -> 
{ 40a7d7c1beddbe3ac579ad70c878096871c1bb39 -> a541c3c93e755e319c73c910a46752d67c803fd2 } is a cherrypick
{ c84471b9f9b6c1d219682459a7e29a0a6b714eeb -> 076d23c0862ffe89d872bb165e30f8aef0df6118 }
Cherrypick commits SHA are -> 
a541c3c93e755e319c73c910a46752d67c803fd2 - cherrypick - 076d23c0862ffe89d872bb165e30f8aef0df6118
---> The cherrypicked commit sha is - a541c3c93e755e319c73c910a46752d67c803fd2
Commit message - Workaround for CocoonJS bug; context2d.canvas is not available
---> The original commit sha is - 076d23c0862ffe89d872bb165e30f8aef0df6118
Commit message - Workaround for CocoonJS bug; context2d.canvas is not available
-----------------------------------------------------------------

Cherry-pick diff pair 77 is -> 
{ 1f350c0f88696e8ec8627618222b8a981a7675a5 -> 40a7d7c1beddbe3ac579ad70c878096871c1bb39 } is a cherrypick
{ 43caa1af49a972b03a8dd43128584dea52daf88a -> c84471b9f9b6c1d219682459a7e29a0a6b714eeb }
Cherrypick commits SHA are -> 
40a7d7c1beddbe3ac579ad70c878096871c1bb39 - cherrypick - c84471b9f9b6c1d219682459a7e29a0a6b714eeb
---> The cherrypicked commit sha is - 40a7d7c1beddbe3ac579ad70c878096871c1bb39
Commit message - [#8] follow-up on commit 6c2362fd31e1925e5702b5b7967ccd311df4d741

also fixed documentation
---> The original commit sha is - c84471b9f9b6c1d219682459a7e29a0a6b714eeb
Commit message - [#8] follow-up on commit 6c2362fd31e1925e5702b5b7967ccd311df4d741

also fixed documentation
-----------------------------------------------------------------

Cherry-pick diff pair 78 is -> 
{ 1019121e7f94fa108049a8aa751cec76c81cea3c -> 1f350c0f88696e8ec8627618222b8a981a7675a5 } is a cherrypick
{ 64f27cd72e1e79eaa70247637797d1de361a13c8 -> 43caa1af49a972b03a8dd43128584dea52daf88a }
Cherrypick commits SHA are -> 
1f350c0f88696e8ec8627618222b8a981a7675a5 - cherrypick - 43caa1af49a972b03a8dd43128584dea52daf88a
---> The cherrypicked commit sha is - 1f350c0f88696e8ec8627618222b8a981a7675a5
Commit message - [#8] added a `getRegion()` and `getTexture()` function

question : any better way to return the region information ? (maybe
through a me.Renderable object ?)
---> The original commit sha is - 43caa1af49a972b03a8dd43128584dea52daf88a
Commit message - [#8] added a `getRegion()` and `getTexture()` function

question : any better way to return the region information ? (maybe
through a me.Renderable object ?)
-----------------------------------------------------------------

Cherry-pick diff pair 79 is -> 
{ 646d01250bddfb743a4901dba4792295072209e4 -> 1019121e7f94fa108049a8aa751cec76c81cea3c } is a cherrypick
{ 266785d409283eaffeec625646b034a6d2d8639e -> 64f27cd72e1e79eaa70247637797d1de361a13c8 }
Cherrypick commits SHA are -> 
1019121e7f94fa108049a8aa751cec76c81cea3c - cherrypick - 64f27cd72e1e79eaa70247637797d1de361a13c8
---> The cherrypicked commit sha is - 1019121e7f94fa108049a8aa751cec76c81cea3c
Commit message - Updated `AUTHORS` file (so that I don't forget later)
---> The original commit sha is - 64f27cd72e1e79eaa70247637797d1de361a13c8
Commit message - Updated `AUTHORS` file (so that I don't forget later)
-----------------------------------------------------------------

Cherry-pick diff pair 80 is -> 
{ 8bc99a67c760b67b647d55f6d5d062ec281d1485 -> 646d01250bddfb743a4901dba4792295072209e4 } is a cherrypick
{ 1843f4ba75830e7eff0a4c4e96e90499c8fd58b9 -> 266785d409283eaffeec625646b034a6d2d8639e }
Cherrypick commits SHA are -> 
646d01250bddfb743a4901dba4792295072209e4 - cherrypick - 266785d409283eaffeec625646b034a6d2d8639e
---> The cherrypicked commit sha is - 646d01250bddfb743a4901dba4792295072209e4
Commit message - [#66] fixed proper documentation generation for me.game

* `game` namespace does not appear however under `me`
---> The original commit sha is - 266785d409283eaffeec625646b034a6d2d8639e
Commit message - [#66] fixed proper documentation generation for me.game

* `game` namespace does not appear however under `me`
-----------------------------------------------------------------

Cherry-pick diff pair 81 is -> 
{ c1e4a3c4198a8d1a6b1a11d940e451593b41c116 -> 8bc99a67c760b67b647d55f6d5d062ec281d1485 } is a cherrypick
{ 563c45255a9cf405f9cfdcf36afae1da60754d7c -> 1843f4ba75830e7eff0a4c4e96e90499c8fd58b9 }
Cherrypick commits SHA are -> 
8bc99a67c760b67b647d55f6d5d062ec281d1485 - cherrypick - 1843f4ba75830e7eff0a4c4e96e90499c8fd58b9
---> The cherrypicked commit sha is - 8bc99a67c760b67b647d55f6d5d062ec281d1485
Commit message - [#167] changed uglify options to preserve license information (and removed the banner option)
---> The original commit sha is - 1843f4ba75830e7eff0a4c4e96e90499c8fd58b9
Commit message - [#167] changed uglify options to preserve license information (and removed the banner option)
-----------------------------------------------------------------

Cherry-pick diff pair 82 is -> 
{ 0b3379552880c6efa82997354942a6f0931050b3 -> 4537a39a3716ac81f417204c3a64581d68b2efa5 } is a cherrypick
{ f4698df58eab9e6661cafff8767729e885dc73ef -> 71c6b75af360ff40fd004ae764720e3d9b45c422 }
Cherrypick commits SHA are -> 
4537a39a3716ac81f417204c3a64581d68b2efa5 - cherrypick - 71c6b75af360ff40fd004ae764720e3d9b45c422
---> The cherrypicked commit sha is - 4537a39a3716ac81f417204c3a64581d68b2efa5
Commit message - [#66] small change in the default css to lower the font size
---> The original commit sha is - 71c6b75af360ff40fd004ae764720e3d9b45c422
Commit message - [#66] small change in the default css to lower the font size
-----------------------------------------------------------------

Cherry-pick diff pair 83 is -> 
{ 6c2362fd31e1925e5702b5b7967ccd311df4d741 -> 0b3379552880c6efa82997354942a6f0931050b3 } is a cherrypick
{ 5a98f7b944f17360f4232cc3756d8239efd33d53 -> f4698df58eab9e6661cafff8767729e885dc73ef }
Cherrypick commits SHA are -> 
0b3379552880c6efa82997354942a6f0931050b3 - cherrypick - f4698df58eab9e6661cafff8767729e885dc73ef
---> The cherrypicked commit sha is - 0b3379552880c6efa82997354942a6f0931050b3
Commit message - [#201] fixed parameter's type in documentation
---> The original commit sha is - f4698df58eab9e6661cafff8767729e885dc73ef
Commit message - [#201] fixed parameter's type in documentation
-----------------------------------------------------------------

Cherry-pick diff pair 84 is -> 
{ 87bee8600319f24cea034bcf03b22fa7ec7ef6a5 -> 6c2362fd31e1925e5702b5b7967ccd311df4d741 } is a cherrypick
{ 2742332fee9e8672e5f0da9b19272929e69f71b0 -> 5a98f7b944f17360f4232cc3756d8239efd33d53 }
Cherrypick commits SHA are -> 
6c2362fd31e1925e5702b5b7967ccd311df4d741 - cherrypick - 5a98f7b944f17360f4232cc3756d8239efd33d53
---> The cherrypicked commit sha is - 6c2362fd31e1925e5702b5b7967ccd311df4d741
Commit message - [#201] allow string parameters for `renderable.addAnimation()` when used with TexturePacker

- I'm not really happy with it yet, as passing string values, currently
make the code parsing the atlas for each of them, but I did not come
with a better way (except of adding one more dictionary with the
name/index correspondence)

- Also simplified a bit the implementation for "fixed-size cells"
spritesheets, and got rid of `this.spritecount` (one less useless object
property per entity!)
---> The original commit sha is - 5a98f7b944f17360f4232cc3756d8239efd33d53
Commit message - [#201] allow string parameters for `renderable.addAnimation()` when used with TexturePacker

- I'm not really happy with it yet, as passing string values, currently
make the code parsing the atlas for each of them, but I did not come
with a better way (except of adding one more dictionary with the
name/index correspondence)

- Also simplified a bit the implementation for "fixed-size cells"
spritesheets, and got rid of `this.spritecount` (one less useless object
property per entity!)
-----------------------------------------------------------------

Cherry-pick diff pair 85 is -> 
{ 9325305bc916a52d832866a8c98a4f2b698eae8c -> 87bee8600319f24cea034bcf03b22fa7ec7ef6a5 } is a cherrypick
{ cf4111f1fc7c91512505e951b78e587c6a279477 -> 2742332fee9e8672e5f0da9b19272929e69f71b0 }
Cherrypick commits SHA are -> 
87bee8600319f24cea034bcf03b22fa7ec7ef6a5 - cherrypick - 2742332fee9e8672e5f0da9b19272929e69f71b0
---> The cherrypicked commit sha is - 87bee8600319f24cea034bcf03b22fa7ec7ef6a5
Commit message - [#204} fixed (bis) `adjustPosition`  when gid is equal to `0`
---> The original commit sha is - 2742332fee9e8672e5f0da9b19272929e69f71b0
Commit message - [#204} fixed (bis) `adjustPosition`  when gid is equal to `0`
-----------------------------------------------------------------

Cherry-pick diff pair 86 is -> 
{ 87211211b4957edef43edccf3d3ff23a5a646f65 -> b48d270630399244bcc7090d642a3d410d7743ac } is a cherrypick
{ 90e1b58ccabdf739daf17f2ae0d3229d83eb1147 -> f8dbdb2da959215141d3d3f42ba07bcf6cca705f }
Cherrypick commits SHA are -> 
b48d270630399244bcc7090d642a3d410d7743ac - cherrypick - f8dbdb2da959215141d3d3f42ba07bcf6cca705f
---> The cherrypicked commit sha is - b48d270630399244bcc7090d642a3d410d7743ac
Commit message - Fix "rgba" colors in `me.video.clearSurface()`

- Use the proper width/height for the given context.
- Clear the context before filling to fix additive alpha bugs.
---> The original commit sha is - f8dbdb2da959215141d3d3f42ba07bcf6cca705f
Commit message - Fix "rgba" colors in `me.video.clearSurface()`

- Use the proper width/height for the given context.
- Clear the context before filling to fix additive alpha bugs.
-----------------------------------------------------------------

Cherry-pick diff pair 87 is -> 
{ 5733beb7fbafbe01cfcbdd6e5816d0ec98ac6ac3 -> 87211211b4957edef43edccf3d3ff23a5a646f65 } is a cherrypick
{ 0b37dec5467733531ece16e1805b913495f2d0bc -> 90e1b58ccabdf739daf17f2ae0d3229d83eb1147 }
Cherrypick commits SHA are -> 
87211211b4957edef43edccf3d3ff23a5a646f65 - cherrypick - 90e1b58ccabdf739daf17f2ae0d3229d83eb1147
---> The cherrypicked commit sha is - 87211211b4957edef43edccf3d3ff23a5a646f65
Commit message - Add TMX levels in preload order

- Fixes out-of-order levels with async loading
- For `me.levelDirector.nextLevel()` and `previousLevel()`
---> The original commit sha is - 90e1b58ccabdf739daf17f2ae0d3229d83eb1147
Commit message - Add TMX levels in preload order

- Fixes out-of-order levels with async loading
- For `me.levelDirector.nextLevel()` and `previousLevel()`
-----------------------------------------------------------------

Cherry-pick diff pair 88 is -> 
{ ddb0a2bf87f14b5ffd61274c7e1e58b50a5e4b46 -> 5733beb7fbafbe01cfcbdd6e5816d0ec98ac6ac3 } is a cherrypick
{ 2bf806f27c56c32d9a1ed8e1cfa52fc78e76b217 -> 0b37dec5467733531ece16e1805b913495f2d0bc }
Cherrypick commits SHA are -> 
5733beb7fbafbe01cfcbdd6e5816d0ec98ac6ac3 - cherrypick - 0b37dec5467733531ece16e1805b913495f2d0bc
---> The cherrypicked commit sha is - 5733beb7fbafbe01cfcbdd6e5816d0ec98ac6ac3
Commit message - [#204] fixed the `adjustPosition` function for orthogonal maps

@andyveliz, we really appreciate the patch, but please next time do more
testing before before proposing a pull request !
---> The original commit sha is - 0b37dec5467733531ece16e1805b913495f2d0bc
Commit message - [#204] fixed the `adjustPosition` function for orthogonal maps

@andyveliz, we really appreciate the patch, but please next time do more
testing before before proposing a pull request !
-----------------------------------------------------------------

Cherry-pick diff pair 89 is -> 
{ 0a7ec4876ae8cab5d92c089b52facb807a542b38 -> 564880cc219a973e32f7a7bf318cfcc54595a616 } is a cherrypick
{ 2483050a4c0c880834eb985af0a2d54bdc468000 -> e2a9bdc8493272d06b312a7fd18db27bd0987ef9 }
Cherrypick commits SHA are -> 
564880cc219a973e32f7a7bf318cfcc54595a616 - cherrypick - e2a9bdc8493272d06b312a7fd18db27bd0987ef9
---> The cherrypicked commit sha is - 564880cc219a973e32f7a7bf318cfcc54595a616
Commit message - .
---> The original commit sha is - e2a9bdc8493272d06b312a7fd18db27bd0987ef9
Commit message - .
-----------------------------------------------------------------

Cherry-pick diff pair 90 is -> 
{ fbe689dba7bcac6ef3557688264c600447dc63fe -> 91ee0dd1edc971ec062870576701d5845f666f3e } is a cherrypick
{ 929f33756edfefbf5599f9c618f4126f30b7b692 -> 6a3280379608c02fe0c2f6387f10e4654feffcc1 }
Cherrypick commits SHA are -> 
91ee0dd1edc971ec062870576701d5845f666f3e - cherrypick - 6a3280379608c02fe0c2f6387f10e4654feffcc1
---> The cherrypicked commit sha is - 91ee0dd1edc971ec062870576701d5845f666f3e
Commit message - [#200] added the possibility to specify TMX property value to be JSON decoded

value must be prefixed by `json:`
---> The original commit sha is - 6a3280379608c02fe0c2f6387f10e4654feffcc1
Commit message - [#200] added the possibility to specify TMX property value to be JSON decoded

value must be prefixed by `json:`
-----------------------------------------------------------------

Cherry-pick diff pair 91 is -> 
{ 307bbabd72bb871a353126996eef79c2804deb47 -> fbe689dba7bcac6ef3557688264c600447dc63fe } is a cherrypick
{ 0912aa687f049a2a60d450780e61083db7e402d7 -> 929f33756edfefbf5599f9c618f4126f30b7b692 }
Cherrypick commits SHA are -> 
fbe689dba7bcac6ef3557688264c600447dc63fe - cherrypick - 929f33756edfefbf5599f9c618f4126f30b7b692
---> The cherrypicked commit sha is - fbe689dba7bcac6ef3557688264c600447dc63fe
Commit message - [#203] Fixed disabling interpolation when using preRendering
---> The original commit sha is - 929f33756edfefbf5599f9c618f4126f30b7b692
Commit message - [#203] Fixed disabling interpolation when using preRendering
-----------------------------------------------------------------

Cherry-pick diff pair 92 is -> 
{ a4ea32391968b3679cd5ce9a7ae8a9965de40e7f -> 307bbabd72bb871a353126996eef79c2804deb47 } is a cherrypick
{ 10834232ea09e9e82c7fe7b7deef06cb6ea57d1e -> 0912aa687f049a2a60d450780e61083db7e402d7 }
Cherrypick commits SHA are -> 
307bbabd72bb871a353126996eef79c2804deb47 - cherrypick - 0912aa687f049a2a60d450780e61083db7e402d7
---> The cherrypicked commit sha is - 307bbabd72bb871a353126996eef79c2804deb47
Commit message - [#203] Disabled video scaling interpolation by default

Also change the way it was currently implemented, to be sure the setting
is applied to all created context (that can potentially be scaled).
---> The original commit sha is - 0912aa687f049a2a60d450780e61083db7e402d7
Commit message - [#203] Disabled video scaling interpolation by default

Also change the way it was currently implemented, to be sure the setting
is applied to all created context (that can potentially be scaled).
-----------------------------------------------------------------

Cherry-pick diff pair 93 is -> 
{ 37abab13562a6a9071c16a7127e93c1fa51a2dc5 -> 21d503f196977d82944ef6a9ec5fc210d779326e } is a cherrypick
{ 0cb6ad33ec08c2052fe7bf659988157a3ec781b4 -> 035733c6b6dd151c683ca5b4fd7c9d262c3b7529 }
Cherrypick commits SHA are -> 
21d503f196977d82944ef6a9ec5fc210d779326e - cherrypick - 035733c6b6dd151c683ca5b4fd7c9d262c3b7529
---> The cherrypicked commit sha is - 21d503f196977d82944ef6a9ec5fc210d779326e
Commit message - Typo
---> The original commit sha is - 035733c6b6dd151c683ca5b4fd7c9d262c3b7529
Commit message - Typo
-----------------------------------------------------------------

Cherry-pick diff pair 94 is -> 
{ 80e183f14b02a382ffcdc0589a56be4ec56cf775 -> 32357445e3c46a0f7b401746b542a3325e28dd7c } is a cherrypick
{ 6a8309f2e510e88c87ab32f53068f274643f7e16 -> 4f1d747399ec4b51559103a9cca5ad24836b63c0 }
Cherrypick commits SHA are -> 
32357445e3c46a0f7b401746b542a3325e28dd7c - cherrypick - 4f1d747399ec4b51559103a9cca5ad24836b63c0
---> The cherrypicked commit sha is - 32357445e3c46a0f7b401746b542a3325e28dd7c
Commit message - [#202] - Fix me.Renderable width/height/angle on TexturePacker rotated===true

- Use a private variable for the "source rotation" angle.
- Set the width and height properties on the object as expected.
- Swap width and height when drawing and the "source angle" is set.
---> The original commit sha is - 4f1d747399ec4b51559103a9cca5ad24836b63c0
Commit message - [#202] - Fix me.Renderable width/height/angle on TexturePacker rotated===true

- Use a private variable for the "source rotation" angle.
- Set the width and height properties on the object as expected.
- Swap width and height when drawing and the "source angle" is set.
-----------------------------------------------------------------

Cherry-pick diff pair 95 is -> 
{ 5e2b11af5e9200aaeef6deff58bd863b3184c84c -> 80e183f14b02a382ffcdc0589a56be4ec56cf775 } is a cherrypick
{ 88dd0e48aeb9c33e858f27113db8f6e5d9fc7500 -> 6a8309f2e510e88c87ab32f53068f274643f7e16 }
Cherrypick commits SHA are -> 
80e183f14b02a382ffcdc0589a56be4ec56cf775 - cherrypick - 6a8309f2e510e88c87ab32f53068f274643f7e16
---> The cherrypicked commit sha is - 80e183f14b02a382ffcdc0589a56be4ec56cf775
Commit message - typo / url fixes
---> The original commit sha is - 6a8309f2e510e88c87ab32f53068f274643f7e16
Commit message - typo / url fixes
-----------------------------------------------------------------

Cherry-pick diff pair 96 is -> 
{ 9c44cd1dfc4398538a5d57a494b2a437954ecf98 -> 5e2b11af5e9200aaeef6deff58bd863b3184c84c } is a cherrypick
{ 216ede539ab0cf00a8c11d4813749b350ccc53ca -> 88dd0e48aeb9c33e858f27113db8f6e5d9fc7500 }
Cherrypick commits SHA are -> 
5e2b11af5e9200aaeef6deff58bd863b3184c84c - cherrypick - 88dd0e48aeb9c33e858f27113db8f6e5d9fc7500
---> The cherrypicked commit sha is - 5e2b11af5e9200aaeef6deff58bd863b3184c84c
Commit message - updated changelog
---> The original commit sha is - 88dd0e48aeb9c33e858f27113db8f6e5d9fc7500
Commit message - updated changelog
-----------------------------------------------------------------

Cherry-pick diff pair 97 is -> 
{ 86459200bc96ccd6de7a645a6519be5e8ae72192 -> 2e530b45556c18b7cb31000e19683870bfde714e } is a cherrypick
{ fc15623935c19877dfb26169833ae37f737a6cee -> 4dffb6aee6eeb4c62af4a71a424fda416eff77f1 }
Cherrypick commits SHA are -> 
2e530b45556c18b7cb31000e19683870bfde714e - cherrypick - 4dffb6aee6eeb4c62af4a71a424fda416eff77f1
---> The cherrypicked commit sha is - 2e530b45556c18b7cb31000e19683870bfde714e
Commit message - merged upstream 0.9.7
---> The original commit sha is - 4dffb6aee6eeb4c62af4a71a424fda416eff77f1
Commit message - Merge branch 'master' of github.com:melonjs/melonJS
-----------------------------------------------------------------

Cherry-pick diff pair 98 is -> 
{ e89f944a6e757e6db1ce83f08c378e6ae0f7ba8c -> 6fea2f9c44e45df74f157506fd77f7e7d5ea2fe6 } is a cherrypick
{ fc15623935c19877dfb26169833ae37f737a6cee -> 4dffb6aee6eeb4c62af4a71a424fda416eff77f1 }
Cherrypick commits SHA are -> 
6fea2f9c44e45df74f157506fd77f7e7d5ea2fe6 - cherrypick - 4dffb6aee6eeb4c62af4a71a424fda416eff77f1
---> The cherrypicked commit sha is - 6fea2f9c44e45df74f157506fd77f7e7d5ea2fe6
Commit message - Merge branch 'master' of github.com:/obiot/melonJS
---> The original commit sha is - 4dffb6aee6eeb4c62af4a71a424fda416eff77f1
Commit message - Merge branch 'master' of github.com:melonjs/melonJS
-----------------------------------------------------------------

Cherry-pick diff pair 99 is -> 
{ 86459200bc96ccd6de7a645a6519be5e8ae72192 -> 2e530b45556c18b7cb31000e19683870bfde714e } is a cherrypick
{ e89f944a6e757e6db1ce83f08c378e6ae0f7ba8c -> 6fea2f9c44e45df74f157506fd77f7e7d5ea2fe6 }
Cherrypick commits SHA are -> 
2e530b45556c18b7cb31000e19683870bfde714e - cherrypick - 6fea2f9c44e45df74f157506fd77f7e7d5ea2fe6
---> The cherrypicked commit sha is - 2e530b45556c18b7cb31000e19683870bfde714e
Commit message - merged upstream 0.9.7
---> The original commit sha is - 6fea2f9c44e45df74f157506fd77f7e7d5ea2fe6
Commit message - Merge branch 'master' of github.com:/obiot/melonJS
-----------------------------------------------------------------

Cherry-pick diff pair 100 is -> 
{ 7c13ed3bcd9f6080fdd1eef9b9be75d51662bee8 -> eb32f2e470b1775705592855bb4e14d4192d667b } is a cherrypick
{ 1b88c028141e1faf2a73e8c3a7220be66f052658 -> a5f79bef02303913b965c612a394d59118860a12 }
Cherrypick commits SHA are -> 
eb32f2e470b1775705592855bb4e14d4192d667b - cherrypick - a5f79bef02303913b965c612a394d59118860a12
---> The cherrypicked commit sha is - eb32f2e470b1775705592855bb4e14d4192d667b
Commit message - merged upstream with local changes
---> The original commit sha is - a5f79bef02303913b965c612a394d59118860a12
Commit message - Merge pull request #154 from agmcleod/master

Added volume option to audio.play()
-----------------------------------------------------------------

Cherry-pick diff pair 101 is -> 
{ b191f263480d139a3d9f5e0764193084fdfc4321 -> ce3d6822d0baac47ed16212b417ab99ce1a85489 } is a cherrypick
{ b8386ff53ebd3a9a8b9bcade2ab0240532cd9466 -> 1b5bcfb727a784c521951c3b66402a85dd92d8d2 }
Cherrypick commits SHA are -> 
ce3d6822d0baac47ed16212b417ab99ce1a85489 - cherrypick - 1b5bcfb727a784c521951c3b66402a85dd92d8d2
---> The cherrypicked commit sha is - ce3d6822d0baac47ed16212b417ab99ce1a85489
Commit message - getObjectGroupByName( )
---> The original commit sha is - 1b5bcfb727a784c521951c3b66402a85dd92d8d2
Commit message - Merge branch 'master' of https://github.com/obiot/melonJS
-----------------------------------------------------------------

Cherry-pick diff pair 102 is -> 
{ c083d903542235149416155f5bcd0f91bd4b623b -> 840ae698e25ffae5225f88952c247ae334776401 } is a cherrypick
{ b5994dbe4ff73448c907c96c9dd32188c3a5ad96 -> ccfad83b92ada8c42fbc8222897e5bd68c8427cd }
Cherrypick commits SHA are -> 
840ae698e25ffae5225f88952c247ae334776401 - cherrypick - ccfad83b92ada8c42fbc8222897e5bd68c8427cd
---> The cherrypicked commit sha is - 840ae698e25ffae5225f88952c247ae334776401
Commit message - Tutorial: Fix CoinEntity.onCollision() in Part 5 -- Thanks to Soelen for spotting it!

- Also small cleanups in Parts 6 and 7.
---> The original commit sha is - ccfad83b92ada8c42fbc8222897e5bd68c8427cd
Commit message - Merge branch 'master' of https://github.com/obiot/melonJS
-----------------------------------------------------------------

Cherry-pick diff pair 103 is -> 
{ c8069ec997f1cc176334519b630ae12a2ec8771e -> 91c33185d535267056429d797ca7269082eedd68 } is a cherrypick
{ 3b067e36c9a65ce7aa9ee636f64e4f74056f321a -> 250a5f9c681149bfd97fb308704b92550fd35ca7 }
Cherrypick commits SHA are -> 
91c33185d535267056429d797ca7269082eedd68 - cherrypick - 250a5f9c681149bfd97fb308704b92550fd35ca7
---> The cherrypicked commit sha is - 91c33185d535267056429d797ca7269082eedd68
Commit message - Tween : small fixes & tweaks (from the official repo)

they are as well other improvements that might be interesting (a bit
longer to apply with the "custom" version we have now)
---> The original commit sha is - 250a5f9c681149bfd97fb308704b92550fd35ca7
Commit message - Merge branch 'master' of https://github.com/obiot/melonJS
-----------------------------------------------------------------

Cherry-pick diff pair 104 is -> 
{ 6eb98bafc965be96a8bb51a454f7d678ceeb13be -> d7eaab7fc49295abb973ab098a5b232e8331f463 } is a cherrypick
{ 90b1df2c53e85eee1ea5520507165a5dd9685195 -> c8069ec997f1cc176334519b630ae12a2ec8771e }
Cherrypick commits SHA are -> 
d7eaab7fc49295abb973ab098a5b232e8331f463 - cherrypick - c8069ec997f1cc176334519b630ae12a2ec8771e
---> The cherrypicked commit sha is - d7eaab7fc49295abb973ab098a5b232e8331f463
Commit message - Throw an exception in me.audio.init() if run before melonJS initialization.
---> The original commit sha is - c8069ec997f1cc176334519b630ae12a2ec8771e
Commit message - Merge branch 'master' of https://github.com/obiot/melonJS
-----------------------------------------------------------------

Cherry-pick diff pair 105 is -> 
{ 8b92bc2f4e6bae5075f2a3ea48e044ec08167168 -> 8bae7d0ed6d02ece9a65e0a25067f98cc7b6fd36 } is a cherrypick
{ c57e61620124f0e7fbe1e8cbe69627c5121d423f -> d04c94030e34d5ff155f726601825bbd1e5fa6ec }
Cherrypick commits SHA are -> 
8bae7d0ed6d02ece9a65e0a25067f98cc7b6fd36 - cherrypick - d04c94030e34d5ff155f726601825bbd1e5fa6ec
---> The cherrypicked commit sha is - 8bae7d0ed6d02ece9a65e0a25067f98cc7b6fd36
Commit message - Ticket #111 - added opacity value to SpriteObject
---> The original commit sha is - d04c94030e34d5ff155f726601825bbd1e5fa6ec
Commit message - Merge pull request #113 from eberan/lowered_audio

Lowering names for audio files in tutorials.
-----------------------------------------------------------------

Cherry-pick diff pair 106 is -> 
{ 96a3698b4b23d317a578f20623b97e63e0cd2bb4 -> c9d15572847be029517a10488f6f88ded0508a4e } is a cherrypick
{ a7f6077c8ff0886f70bb60406d167a3cfc9d5d88 -> a73a3d9e8939de96ee0d4ceeae3a31a64fbf3245 }
Cherrypick commits SHA are -> 
c9d15572847be029517a10488f6f88ded0508a4e - cherrypick - a73a3d9e8939de96ee0d4ceeae3a31a64fbf3245
---> The cherrypicked commit sha is - c9d15572847be029517a10488f6f88ded0508a4e
Commit message - Fix me.Font `align` argument.

- The context.textBaseline attribute is case-sensitive.
- Also update me.DefaultLoadingScreen to use the baseline.
---> The original commit sha is - a73a3d9e8939de96ee0d4ceeae3a31a64fbf3245
Commit message - Merge pull request #78 from parasyte/master

Fix me.Font `align` argument.
-----------------------------------------------------------------

Cherry-pick diff pair 107 is -> 
{ fa57b4b83dd80169a1f9d8bfd845181b70d8e613 -> 9a843dd35ce4fd7cfbeb0bfd55692ea6236ee28b } is a cherrypick
{ a83fefadb4565dd1edd62ad5d7b871dac05edd9f -> 49f47dc22cf306dbc1e0a78b3fcf331d34fda9d4 }
Cherrypick commits SHA are -> 
9a843dd35ce4fd7cfbeb0bfd55692ea6236ee28b - cherrypick - 49f47dc22cf306dbc1e0a78b3fcf331d34fda9d4
---> The cherrypicked commit sha is - 9a843dd35ce4fd7cfbeb0bfd55692ea6236ee28b
Commit message - Fixed wrong mouse position detection (#Issue 43)
---> The original commit sha is - 49f47dc22cf306dbc1e0a78b3fcf331d34fda9d4
Commit message - Fixed wrong mouse position detection (Issue #43)
-----------------------------------------------------------------

