# of cherry-picks = 6
Cherry-pick diff pair 1 is -> 
{ 4c5fafbd4926f398880e627b7ce02168d2e6777e -> a1088aebe49e87e2db5ffb3275ef4afffe827c0f } is a cherrypick
{ 165edb5bffcdedf2952c3114631786d494a3a178 -> d54eadc6d11987cc1eddf7d68d67a8bca5151dd9 }
Cherrypick commits SHA are -> 
a1088aebe49e87e2db5ffb3275ef4afffe827c0f - cherrypick - d54eadc6d11987cc1eddf7d68d67a8bca5151dd9
---> The cherrypicked commit sha is - a1088aebe49e87e2db5ffb3275ef4afffe827c0f
Commit message - [minor] fix: use upstream lib

s/jvehent\/service/kardianos\/service/
both are identical but kardianos is upstream
---> The original commit sha is - d54eadc6d11987cc1eddf7d68d67a8bca5151dd9
Commit message - Merge branch 'master' of github.com:mozilla/mig
-----------------------------------------------------------------

Cherry-pick diff pair 2 is -> 
{ 91dc584a32c0e910fa0bd4fb594e7742c1020f5e -> 69c5c2f5cea54757d4206f87f45d79782c901599 } is a cherrypick
{ b4ab3dda520e52e12e12ba2b8492e7e0fefd30b3 -> 2632acc4b55d9c8cc4650feec42eaa141bf98109 }
Cherrypick commits SHA are -> 
69c5c2f5cea54757d4206f87f45d79782c901599 - cherrypick - 2632acc4b55d9c8cc4650feec42eaa141bf98109
---> The cherrypicked commit sha is - 69c5c2f5cea54757d4206f87f45d79782c901599
Commit message - [minor] add check reference
---> The original commit sha is - 2632acc4b55d9c8cc4650feec42eaa141bf98109
Commit message - Merge branch 'master' of github.com:mozilla/mig
-----------------------------------------------------------------

Cherry-pick diff pair 3 is -> 
{ 65ca27b5bafba49bae36a7e550f0bb5be40418a4 -> 9ab8b331ab51171bed4d40df461a2610f0d7d658 } is a cherrypick
{ b4ab3dda520e52e12e12ba2b8492e7e0fefd30b3 -> 2632acc4b55d9c8cc4650feec42eaa141bf98109 }
Cherrypick commits SHA are -> 
9ab8b331ab51171bed4d40df461a2610f0d7d658 - cherrypick - 2632acc4b55d9c8cc4650feec42eaa141bf98109
---> The cherrypicked commit sha is - 9ab8b331ab51171bed4d40df461a2610f0d7d658
Commit message - Merge pull request #18 from netantho/averez-threat-ref

[minor] add check reference
---> The original commit sha is - 2632acc4b55d9c8cc4650feec42eaa141bf98109
Commit message - Merge branch 'master' of github.com:mozilla/mig
-----------------------------------------------------------------

Cherry-pick diff pair 4 is -> 
{ 91dc584a32c0e910fa0bd4fb594e7742c1020f5e -> 69c5c2f5cea54757d4206f87f45d79782c901599 } is a cherrypick
{ 65ca27b5bafba49bae36a7e550f0bb5be40418a4 -> 9ab8b331ab51171bed4d40df461a2610f0d7d658 }
Cherrypick commits SHA are -> 
69c5c2f5cea54757d4206f87f45d79782c901599 - cherrypick - 9ab8b331ab51171bed4d40df461a2610f0d7d658
---> The cherrypicked commit sha is - 69c5c2f5cea54757d4206f87f45d79782c901599
Commit message - [minor] add check reference
---> The original commit sha is - 9ab8b331ab51171bed4d40df461a2610f0d7d658
Commit message - Merge pull request #18 from netantho/averez-threat-ref

[minor] add check reference
-----------------------------------------------------------------

Cherry-pick diff pair 5 is -> 
{ 78b522c5fcd279113df7ee370f72a5bde21e4fc5 -> 4b026a3bcc7749162665dbd5d4dc1cbdd2a42840 } is a cherrypick
{ 3b20d67fa2100434145a75f40073fbd62a0743d3 -> 947b1a3419ce03de296e08a46332bec64fca680e }
Cherrypick commits SHA are -> 
4b026a3bcc7749162665dbd5d4dc1cbdd2a42840 - cherrypick - 947b1a3419ce03de296e08a46332bec64fca680e
---> The cherrypicked commit sha is - 4b026a3bcc7749162665dbd5d4dc1cbdd2a42840
Commit message - [medium] add support to automatically start mig_agent
when installing the rpm
---> The original commit sha is - 947b1a3419ce03de296e08a46332bec64fca680e
Commit message - Merge pull request #2 from gdestuynder/master

[medium] add support to automatically start mig_agent after rpm install
-----------------------------------------------------------------

Cherry-pick diff pair 6 is -> 
{ 5de7bcd32811253b6297e71d39502caeec267d82 -> 46316892ac32ab7f56defef8173151223aadd8b8 } is a cherrypick
{ d78ca3e9c84a5e021b43915b2e5f6e1aafb89dd4 -> 6af329b44d38daf33f60ed94f5155188507cfa87 }
Cherrypick commits SHA are -> 
46316892ac32ab7f56defef8173151223aadd8b8 - cherrypick - 6af329b44d38daf33f60ed94f5155188507cfa87
---> The cherrypicked commit sha is - 46316892ac32ab7f56defef8173151223aadd8b8
Commit message - Checks update
---> The original commit sha is - 6af329b44d38daf33f60ed94f5155188507cfa87
Commit message - Merge branch 'pgp'
-----------------------------------------------------------------

