# of cherry-picks = 2
Cherry-pick diff pair 1 is -> 
{ 08139415f64b58c44d91a9cc99361c4bd4e15adf -> b62b5d5ef3e74e5673b49fcec7e78bd3acea2f4e } is a cherrypick
{ 1abacbb19952a08ee0495404cbc59f422af132af -> d7bddbb7a6dd87c937b75590a04f35c01339a96f }
Cherrypick commits SHA are -> 
b62b5d5ef3e74e5673b49fcec7e78bd3acea2f4e - cherrypick - d7bddbb7a6dd87c937b75590a04f35c01339a96f
---> The cherrypicked commit sha is - b62b5d5ef3e74e5673b49fcec7e78bd3acea2f4e
Commit message - Update README.md
---> The original commit sha is - d7bddbb7a6dd87c937b75590a04f35c01339a96f
Commit message - Merge branch 'master' of github.com:nikolaypavlov/MLPNeuralNet
-----------------------------------------------------------------

Cherry-pick diff pair 2 is -> 
{ b7656079de5207acb1dd7780ea87784caa0671ca -> 984f1fe79d5c7a5a4b1f9e65f644ea34aa3065dd } is a cherrypick
{ 1dde6f2291c3e795046c1aa8846094e7350bbcc1 -> d05f24c3df287f1fad3221b712f6998550ee9460 }
Cherrypick commits SHA are -> 
984f1fe79d5c7a5a4b1f9e65f644ea34aa3065dd - cherrypick - d05f24c3df287f1fad3221b712f6998550ee9460
---> The cherrypicked commit sha is - 984f1fe79d5c7a5a4b1f9e65f644ea34aa3065dd
Commit message - import Accelerate.h directly to MLPNeuralNet.h
---> The original commit sha is - d05f24c3df287f1fad3221b712f6998550ee9460
Commit message - Podspec for v 0.0.3
-----------------------------------------------------------------

