# of merges = 7
Merge commit 1 is -> 
{ e153007fc0d52c14b5c6a94bbfe8604d86886a51 is a merge commit
---> Commit message - Merge branch 'master' of github.com:nikolaypavlov/neural-net-for-iOS
-----------------------------------------------------------------

Merge commit 2 is -> 
{ 40137906f607205ac90caa72cc74d432af8c4142 is a merge commit
---> Commit message - Merge branch 'master' of github.com:nikolaypavlov/neural-net-for-iOS
-----------------------------------------------------------------

Merge commit 3 is -> 
{ b9b0794b1d0b4cdcd4cfaab464e4648bcc0ac0c0 is a merge commit
---> Commit message - Merge branch 'master' of github.com:nikolaypavlov/MLPNeuralNet
-----------------------------------------------------------------

Merge commit 4 is -> 
{ 13ee99c8d200f8f04e11bfe62f61d9df62b48b54 is a merge commit
---> Commit message - Merge branch 'master' of github.com:nikolaypavlov/MLPNeuralNet

Conflicts:
	MLPNeuralNet.podspec
-----------------------------------------------------------------

Merge commit 5 is -> 
{ d7bddbb7a6dd87c937b75590a04f35c01339a96f is a merge commit
---> Commit message - Merge branch 'master' of github.com:nikolaypavlov/MLPNeuralNet
-----------------------------------------------------------------

Merge commit 6 is -> 
{ b3623f87862db16d129a196e749ecb04e97b84ab is a merge commit
---> Commit message - Merge pull request #1 from zavg/master

Typo in README.md
-----------------------------------------------------------------

Merge commit 7 is -> 
{ a70d51708cd235bebbb9c4ef70aaab68d5c02b49 is a merge commit
---> Commit message - Merge pull request #2 from remzr7/master

Sample code now runs without compile errors
-----------------------------------------------------------------

