# of merges = 88
Merge commit 1 is -> 
{ 7084d1502e52ae2a4d892121ef5693775bc57a42 is a merge commit
---> Commit message - Merged pull request #124 from metaperl/master.

refer to Mojolicious::Commands instead of just Mojolicious
-----------------------------------------------------------------

Merge commit 2 is -> 
{ 272e76cbdde104ecf0b70837b0dc8bc4461172b9 is a merge commit
---> Commit message - Merge pull request #134 from metaperl/master

fix typo
-----------------------------------------------------------------

Merge commit 3 is -> 
{ 453df5301be6e02146d69164e10e79ddf8d71d94 is a merge commit
---> Commit message - Merge pull request #141 from Akron/5472f3c62236bd7f62bba28fe8c564ac860b231d

Fixed a small xml flag bug
-----------------------------------------------------------------

Merge commit 4 is -> 
{ 3e58bf47100c9f47d0fffaf4d3f20e73dbaaf623 is a merge commit
---> Commit message - Merge pull request #142 from garu/patch-1

noting potential risks when using 5.8
-----------------------------------------------------------------

Merge commit 5 is -> 
{ 24b30f27c812a72b8f419bc382582b7b32ecaa1e is a merge commit
---> Commit message - Merge pull request #144 from Akron/typos

Fixing Typos
-----------------------------------------------------------------

Merge commit 6 is -> 
{ 296458e70dacbd999614e8740a82469f1f7e7e84 is a merge commit
---> Commit message - Merge pull request #149 from simotrone/master

Methods in script/app output
-----------------------------------------------------------------

Merge commit 7 is -> 
{ efbb49fb22fc421e3832475ac9fd01f915eefc98 is a merge commit
---> Commit message - Merge pull request #150 from jamadam/master

Mojolicious error console corrupted with Japanese charactors in file.
-----------------------------------------------------------------

Merge commit 8 is -> 
{ 41258729877cc2b3aa3f00c2dcf259e2cb9e1164 is a merge commit
---> Commit message - Merge pull request #152 from audreyt/master

Small patch to support "plackup -s Feersum"
-----------------------------------------------------------------

Merge commit 9 is -> 
{ 5d28abc6d432bb5a626ebc294596659d7f788151 is a merge commit
---> Commit message - Merge pull request #156 from Akron/windows-lineendings

Windows line endings
-----------------------------------------------------------------

Merge commit 10 is -> 
{ 5b14ad03d558dd5dbc31c9c29487a047e435bb0b is a merge commit
---> Commit message - Merge pull request #163 from chromatic/master

Improved README.pod (second try)
-----------------------------------------------------------------

Merge commit 11 is -> 
{ dc5f7166f32bda865561f6b60c50999978a52718 is a merge commit
---> Commit message - Merge pull request #177 from shiftycow/master

Added type declaration for XSL documents 
-----------------------------------------------------------------

Merge commit 12 is -> 
{ fa09bb25f4b0fc8e030302788adc9338d6831668 is a merge commit
---> Commit message - Merge pull request #180 from amenonsen/master

Add expires/cache_control accessors to Mojo::Headers
-----------------------------------------------------------------

Merge commit 13 is -> 
{ 757a71c73d1da356d35e5529d5be5eca3d0c104b is a merge commit
---> Commit message - Merge pull request #187 from amenonsen/master

Issue a warning that 'daemon --reload' has no effect
-----------------------------------------------------------------

Merge commit 14 is -> 
{ e2411b5b49e425369a580d6fdf1b3da4e0359207 is a merge commit
---> Commit message - Merge pull request #191 from Akron/doc-bug

Little doc bug
-----------------------------------------------------------------

Merge commit 15 is -> 
{ 7ee85c765fc6a567f7fcac43d9b642b30f94943e is a merge commit
---> Commit message - Merge pull request #201 from lammel/feature-plugin-nocamelcase

Allow plugin names with uppercase letters to be expanded also in the name
-----------------------------------------------------------------

Merge commit 16 is -> 
{ 62b486e477b090414021aacc65966439747366db is a merge commit
---> Commit message - Merge pull request #213 from Akron/typos

Some typos
-----------------------------------------------------------------

Merge commit 17 is -> 
{ c089bbc76bfad843b66496192d4ce9334584060f is a merge commit
---> Commit message - Merge pull request #217 from viliampucik/master

Run tests in alphabetical order to make the testing flow predictive
-----------------------------------------------------------------

Merge commit 18 is -> 
{ 8cc7655108ca6d30fe4b73a4378c1891fe25c28f is a merge commit
---> Commit message - Merge pull request #220 from bduggan/patch-1

small documentation change for auth header
-----------------------------------------------------------------

Merge commit 19 is -> 
{ 9a4cee95bd834b8eeddec60a42f0bff683df31b6 is a merge commit
---> Commit message - Merge pull request #231 from GunioRobot/clean

Hi! I cleaned up your code for you!
-----------------------------------------------------------------

Merge commit 20 is -> 
{ f9047e5d7e19565d1e3ba50a31fdcac5a867e874 is a merge commit
---> Commit message - Merge pull request #243 from augensalat/master

"0" filename upload bug
-----------------------------------------------------------------

Merge commit 21 is -> 
{ 9fd1cd2d6b8c039af58f3cfbd9ec7f64802f4751 is a merge commit
---> Commit message - Merge pull request #252 from kraih/fix_live_tests

Fix live tests
-----------------------------------------------------------------

Merge commit 22 is -> 
{ 2989e0a003ef1ef1d0c5a10f8865f5387004f4ce is a merge commit
---> Commit message - Merge pull request #255 from nwatkiss/multiproc-safe

Make it safe to run many SSL tests in parallel.
-----------------------------------------------------------------

Merge commit 23 is -> 
{ acead55d71b31775cfa19d238f0c8dd45c8c98ec is a merge commit
---> Commit message - Merge pull request #259 from olegwtf/master

easier Mojo::Exception subclassing
-----------------------------------------------------------------

Merge commit 24 is -> 
{ 22ae14463edac19661659afdaae6208b9be5adc9 is a merge commit
---> Commit message - Merge pull request #268 from dougwilson/feature/parse-html-empty-attribute-value

Parse HTML attributes without a value.
-----------------------------------------------------------------

Merge commit 25 is -> 
{ 0807b83e15ac39d6d8fed27e7c94da9991746584 is a merge commit
---> Commit message - Merge pull request #272 from bfaist/patch-1

Added pdf type
-----------------------------------------------------------------

Merge commit 26 is -> 
{ f2f2040f4ac88501f27c2481d9cbcca861dd5a38 is a merge commit
---> Commit message - Merge branch 'ifimbres-collection-merge' of git://github.com/ifimbres/mojo into collection-union
-----------------------------------------------------------------

Merge commit 27 is -> 
{ 018f10c807948ac2ddf5aa793f79c88122256822 is a merge commit
---> Commit message - Merge branch 'hypnoconf'
-----------------------------------------------------------------

Merge commit 28 is -> 
{ 14d91b2bf367f50b081a19c97af1782dbc8cbcd7 is a merge commit
---> Commit message - Merge pull request #283 from wcravens/depricated_max_redirects_in_Guides_Growing

Remove deprecated use of max_redirects from Growing.pod
-----------------------------------------------------------------

Merge commit 29 is -> 
{ 1cb4e0b239f87143ab8b11981eba9f8097a1b9c3 is a merge commit
---> Commit message - Merged in master
-----------------------------------------------------------------

Merge commit 30 is -> 
{ 0fb979385c3265c5d1fb87e372fc7b86b300bbb4 is a merge commit
---> Commit message - Merge pull request #292 from kraih/fix_cookie_jar

Fix cookie jar
-----------------------------------------------------------------

Merge commit 31 is -> 
{ 0c7c3dcf88f399e011292f67d0b58f645cb6e181 is a merge commit
---> Commit message - Merge pull request #305 from dotandimet/patch-1

fixed typos in Mojo::Reactor
-----------------------------------------------------------------

Merge commit 32 is -> 
{ 9070c5895995280c4e8d132a6f7697ffa6fafe3d is a merge commit
---> Commit message - Merge pull request #308 from memowe/master

minor inflate command bug
-----------------------------------------------------------------

Merge commit 33 is -> 
{ f761bcc822aa1514215718477dfeb492c38d3972 is a merge commit
---> Commit message - Merge pull request #315 from Akron/patch-1

Update lib/Mojolicious/Guides/Rendering.pod
-----------------------------------------------------------------

Merge commit 34 is -> 
{ 27ee5a86d19c7767a718d0c014f6b072b41823c1 is a merge commit
---> Commit message - Merge pull request #320 from diegok/patch-1

Small documentation improvement on transaction error method.
-----------------------------------------------------------------

Merge commit 35 is -> 
{ f49c56cde529988e9653d15a55f84f99ba5732fc is a merge commit
---> Commit message - Merge pull request #325 from Akron/endpoints

Bugfix end.* helpers
-----------------------------------------------------------------

Merge commit 36 is -> 
{ e2f44bd993ae6c05cd3438932bb5518bbdfa2e5e is a merge commit
---> Commit message - Merge pull request #333 from avkhozov/get_json_bug

Commands::get with JSON::Pointer return nothing if data is 0
-----------------------------------------------------------------

Merge commit 37 is -> 
{ 92a83e97ba67d4feed8e4f06354f64f801cf8bfb is a merge commit
---> Commit message - Merge pull request #336 from ichesnokov/master

This is just a small POD fix.
-----------------------------------------------------------------

Merge commit 38 is -> 
{ c3745d244014fba84f3abf9881ed9d6bd6df7858 is a merge commit
---> Commit message - Merge pull request #341 from spiros/master

Typo correction in FAQ.
-----------------------------------------------------------------

Merge commit 39 is -> 
{ c4dae0c921c2b64ad54dfef52d2e3218a4b41a9b is a merge commit
---> Commit message - Merge pull request #351 from scottw/master

finer SSL_verify_mode control
-----------------------------------------------------------------

Merge commit 40 is -> 
{ 78d140c32486dd0ca5c224ddae244dc5f0dbb696 is a merge commit
---> Commit message - Merge pull request #352 from scottw/master

TLS peer verification test from UserAgent
-----------------------------------------------------------------

Merge commit 41 is -> 
{ 48b614e8b54b91214ad82fbd578b51293b9f7f6a is a merge commit
---> Commit message - Merge pull request #355 from niczero/master

Improved handling of mulitple ->set in Mojo::Cache
-----------------------------------------------------------------

Merge commit 42 is -> 
{ a8ace86df5238a2c0e2d50af8b5d196d3297a8a7 is a merge commit
---> Commit message - Merge pull request #360 from jberger/master

Soften Config message
-----------------------------------------------------------------

Merge commit 43 is -> 
{ f9acff331b6e1322b8ad309e21c972fc6685d717 is a merge commit
---> Commit message - Merge pull request #364 from bjoernfan/master

Fixed a typo in Cookbook
-----------------------------------------------------------------

Merge commit 44 is -> 
{ b095cafe613d383e9349782bd02b539259dfba49 is a merge commit
---> Commit message - Merge pull request #385 from pwaring/master

Fixing minor typos in FAQ
-----------------------------------------------------------------

Merge commit 45 is -> 
{ 72a439723cf65ebcb6ebd4cba99df0d5aee0a4a1 is a merge commit
---> Commit message - Merge pull request #388 from weltonrodrigo/param_charset_doc

Document use of charset when encoding parameters.
-----------------------------------------------------------------

Merge commit 46 is -> 
{ e7b97c4aabe161923203fa247a57ab82bcbb0f7b is a merge commit
---> Commit message - Merge pull request #390 from jberger/html4-comments

HTML4 allows whitespace between the -- and > ending a comment
-----------------------------------------------------------------

Merge commit 47 is -> 
{ 415623108168f6960b9bf982f3b584b526903632 is a merge commit
---> Commit message - Merge pull request #399 from dmw397/master

encode '%' in Mojo::Parameters string output
-----------------------------------------------------------------

Merge commit 48 is -> 
{ 426428e9887dd17bf5db840d93831f62ddede196 is a merge commit
---> Commit message - Merge pull request #421 from kraih/smooth_morbo

Smooth restarting for Morbo
-----------------------------------------------------------------

Merge commit 49 is -> 
{ 0c24468a36485ed3c2bb1b63f3701d698cd8a079 is a merge commit
---> Commit message - Merge pull request #433 from jberger/monkey_patch_hashref

monkey_patch can take hashref of name => subref pairs to patch
-----------------------------------------------------------------

Merge commit 50 is -> 
{ 2acdad75f8b7036e64c1f93d7f7db74ca515a254 is a merge commit
---> Commit message - Merge pull request #445 from augensalat/master

Issue with huge file uploads on 32-bit Perl
-----------------------------------------------------------------

Merge commit 51 is -> 
{ 1a70da3b7285f58510e3d6ee4df132d6adc3f869 is a merge commit
---> Commit message - Merge pull request #450 from chromatic/master

Clarify param() documentation for multi-valued parameters
-----------------------------------------------------------------

Merge commit 52 is -> 
{ d1757649cc4532a3decc75e13afe4451089dfb14 is a merge commit
---> Commit message - Merge pull request #452 from chromatic/master

Typo fix in Mojo::Message::Response
-----------------------------------------------------------------

Merge commit 53 is -> 
{ 68f31169106089a79d24e106c2bc41e2279d5664 is a merge commit
---> Commit message - Merge, update changes
-----------------------------------------------------------------

Merge commit 54 is -> 
{ b0fc0f3058fc53b42b5d18300e5fe79f8a52245c is a merge commit
---> Commit message - Merge pull request #457 from kraih/fatal_deprecations

Fatal deprecations
-----------------------------------------------------------------

Merge commit 55 is -> 
{ 3b633927dc1d3185db27213e79dc057102ffa428 is a merge commit
---> Commit message - Merge pull request #460 from pangyre/master

Simple typo—extra semi-colon out of synopsis example
-----------------------------------------------------------------

Merge commit 56 is -> 
{ 12fb4875501bf5380a81c838dc5a819122ee5e98 is a merge commit
---> Commit message - Merge pull request #470 from kraih/ws_send_stringify

Mojo::Transaction::WebSocket::send forces stringification on object
-----------------------------------------------------------------

Merge commit 57 is -> 
{ 7861cc0dcc4b9f002847204085857e02110914a1 is a merge commit
---> Commit message - Merge pull request #483 from kraih/form_get_2

Improved form content generator for GET and HEAD requests
-----------------------------------------------------------------

Merge commit 58 is -> 
{ 0dfde68d08c2d0bfe2b83bd3b1c6730f15bcf1b1 is a merge commit
---> Commit message - Merge pull request #489 from dsteinbrunner/master

Spelling corrections
-----------------------------------------------------------------

Merge commit 59 is -> 
{ 13f200347b247d9bcc84641d914fa5513e0419df is a merge commit
---> Commit message - Merge pull request #490 from dsteinbrunner/patch-1

typo fixes
-----------------------------------------------------------------

Merge commit 60 is -> 
{ 892044d610150f7e3ba0fcb9d94d776d009013ce is a merge commit
---> Commit message - Merge pull request #506 from trinitum/replace-each-with-keys

use keys instead of each to workaround bug in perl
-----------------------------------------------------------------

Merge commit 61 is -> 
{ 31f1846a38bb9473fcf0b166c358487c1d8df914 is a merge commit
---> Commit message - Merge pull request #510 from yakubori/url-pod

Mojo::URL pod build example.
-----------------------------------------------------------------

Merge commit 62 is -> 
{ 04c7d0c9e98c85bc3c28f4bb308ea7fe970f358d is a merge commit
---> Commit message - Merge branch 'master' of git://github.com/kraih/mojo
-----------------------------------------------------------------

Merge commit 63 is -> 
{ 473699f2a3763ae7b7d3034a3fdaf5fcc8006352 is a merge commit
---> Commit message - Merge pull request #536 from jamadam/master

fix for v4.40 test failure on older perls
-----------------------------------------------------------------

Merge commit 64 is -> 
{ fe0f3551ca91a6a3c3b59b2be5ecc6131e4aee37 is a merge commit
---> Commit message - Merge pull request #545 from niczero/master

Made build impervious to temp dir privileges
-----------------------------------------------------------------

Merge commit 65 is -> 
{ d8f46b7f0030a3fd5449ebb5342667e1b0a882f7 is a merge commit
---> Commit message - Merge pull request #550 from memememomo/master

POD typo
-----------------------------------------------------------------

Merge commit 66 is -> 
{ 76bcb8015c9f4f35347bc39265f33e38384e0134 is a merge commit
---> Commit message - Merge pull request #561 from ig3/JSON_b

Mojo::JSON encoding and decoding of binary data "\a\b"
-----------------------------------------------------------------

Merge commit 67 is -> 
{ de229a5ae6754cbdd7e57ca0be1339d327889fe2 is a merge commit
---> Commit message - Merge pull request #567 from kraih/fix_gender

Fix gentrification of the pumpking
-----------------------------------------------------------------

Merge commit 68 is -> 
{ e02be4d4f3e811aaddc1a614797c7110302e0dc6 is a merge commit
---> Commit message - Merge pull request #569 from dsteinbrunner/patch-1

typo fixes
-----------------------------------------------------------------

Merge commit 69 is -> 
{ 5881f9c3f626966ff88a4839a9e676bf875f25af is a merge commit
---> Commit message - Merge pull request #578 from iiSeymour/patch-1

Syntax highlight the Perl for readability.
-----------------------------------------------------------------

Merge commit 70 is -> 
{ 9c36280e3955bda4437051e9ab290c65835fcd04 is a merge commit
---> Commit message - Merge pull request #579 from kraih/sort_commands

sort commands by name
-----------------------------------------------------------------

Merge commit 71 is -> 
{ 4f8ccf3f6df657f9419292ee17f5269c822282c9 is a merge commit
---> Commit message - Merge pull request #582 from ravengerUA/master

Html5 custom data attributes in tag helpers
-----------------------------------------------------------------

Merge commit 72 is -> 
{ 8cc2d1c3e293d13c0846f5b30f44084e20e27ed1 is a merge commit
---> Commit message - Merge pull request #596 from neyasov/master

fixed typo
-----------------------------------------------------------------

Merge commit 73 is -> 
{ 1a0eeb76fc6df6e77c7fe3b84b42583638b17c72 is a merge commit
---> Commit message - Merge pull request #613 from s1037989/master

fixed typo in documentation
-----------------------------------------------------------------

Merge commit 74 is -> 
{ d5b0a8ced68f344b2dec72af2f787788efc6b900 is a merge commit
---> Commit message - Merge pull request #615 from Akron/patch-2

Typo in POD
-----------------------------------------------------------------

Merge commit 75 is -> 
{ fc1819bdd2b18d7e9d7ac595c9ed1d29835a4aca is a merge commit
---> Commit message - Merge pull request #620 from kraih/better_json

smarter number and string detection for Mojo::JSON
-----------------------------------------------------------------

Merge commit 76 is -> 
{ 9a9947fa5a305558178ef1731cf47dbc68e373d6 is a merge commit
---> Commit message - Merge pull request #625 from rick-delaney/SSL_verify_mode

Fix verify param of Mojo::Server::Daemon::listen.
-----------------------------------------------------------------

Merge commit 77 is -> 
{ 40e04b7bfcd24c0a9cad1cd84f6fd5f6ded6b817 is a merge commit
---> Commit message - Merge pull request #637 from Akron/patch-3

steady_time seems to be no important import
-----------------------------------------------------------------

Merge commit 78 is -> 
{ 0779e1a09ab69c30773354ab9ad1ed10261d7c0f is a merge commit
---> Commit message - Merge pull request #643 from kraih/fix_fork

fix forking while iterating over file handles with events, specifically using $_
-----------------------------------------------------------------

Merge commit 79 is -> 
{ 1924f6340df3a09055b15cfe2d440dc1c75e7ba9 is a merge commit
---> Commit message - Merge pull request #654 from avkhozov/proxy_doc

Fixed typo in proxy doc
-----------------------------------------------------------------

Merge commit 80 is -> 
{ 8ed915978543c80c562485a13654260be74c2034 is a merge commit
---> Commit message - Merge branch 'socks'
-----------------------------------------------------------------

Merge commit 81 is -> 
{ 11f9d5ebbf3e6e9a92f8cd79ea30217236e1cb8d is a merge commit
---> Commit message - Merge pull request #664 from jamadam/master

fixed typo
-----------------------------------------------------------------

Merge commit 82 is -> 
{ f5598d496f1603175844df7169e165fb369e89c2 is a merge commit
---> Commit message - Merge pull request #670 from jamadam/master

fixed typo in comment
-----------------------------------------------------------------

Merge commit 83 is -> 
{ 79c5645275229c655afb1963ec224a722d2398ce is a merge commit
---> Commit message - Merge branch 'no_safety'
-----------------------------------------------------------------

Merge commit 84 is -> 
{ 85108060ed348e97b59821f58b7f204c7f9105cc is a merge commit
---> Commit message - Merge pull request #678 from s1037989/patch-1

Fix typo
-----------------------------------------------------------------

Merge commit 85 is -> 
{ 09a96b83b9176615ffef6bac1481d4718194460b is a merge commit
---> Commit message - Merge pull request #681 from oalders/master

Fixes typo.
-----------------------------------------------------------------

Merge commit 86 is -> 
{ 9d06a539aa37472b81a06fd792328f76c4e83b03 is a merge commit
---> Commit message - Merge pull request #688 from 2shortplanks/master

Fixes for nested <dd>
-----------------------------------------------------------------

Merge commit 87 is -> 
{ 6c8e9faefc23e8783fab6c6828718900df724a63 is a merge commit
---> Commit message - Merge pull request #699 from kraih/less_autoload

Deprecate Mojo::DOM::AUTOLOAD and Mojo::Collection::AUTOLOAD
-----------------------------------------------------------------

Merge commit 88 is -> 
{ 03390479b7e096bc2c60048eb569672e24cc69e9 is a merge commit
---> Commit message - Merge pull request #710 from kraih/installable

use #!perl for installation and recommend it for installable scripts
-----------------------------------------------------------------

