# of partial reverts = 7
Partial Revert diff pair 1 is -> 
{ a5834a01adce8d4e0ee149a3ead633aaf7de098f -> 2a08f94cfd667834ed37477cb77c1c77148b21cf } is a revert
{ 2a08f94cfd667834ed37477cb77c1c77148b21cf -> 4b411c483890251edac76cc53b29835de9a034f8 }
Partial Revert commits SHA are -> 
2a08f94cfd667834ed37477cb77c1c77148b21cf - revert - 4b411c483890251edac76cc53b29835de9a034f8
---> The reverted commit sha is - 2a08f94cfd667834ed37477cb77c1c77148b21cf
Commit message - multies supports ES 1.3
---> The original commit sha is - 4b411c483890251edac76cc53b29835de9a034f8
Commit message - Merge branch 'master' of github.com:aol/moloch
---> The files with partial_reverts are:-
README.rst
-----------------------------------------------------------------

Partial Revert diff pair 2 is -> 
{ fbb6a9ec6ec0eaa92c3ac793f43ea2b1bcb513cf -> 3c9d9c9431e3a6c0eaf47f098417c58379b461e3 } is a revert
{ 4dead26b3a59356b0ccc5e521e2d49ea7ef0c422 -> cc99eb21c52407da209a723abf55b3cff2a1f54d }
Partial Revert commits SHA are -> 
3c9d9c9431e3a6c0eaf47f098417c58379b461e3 - revert - cc99eb21c52407da209a723abf55b3cff2a1f54d
---> The reverted commit sha is - 3c9d9c9431e3a6c0eaf47f098417c58379b461e3
Commit message - viewer regression, http reverse fix, http.hasheader fix

* Start of viewer regression testing
* Fix reverse http header parsi
* useragent had wrong expression
* http.hasheader didn't work correctly
* require node 10.21
---> The original commit sha is - cc99eb21c52407da209a723abf55b3cff2a1f54d
Commit message - Merge branch 'master' of github.com:aol/moloch
---> The files with partial_reverts are:-
config.ini
single-host/etc/config.ini.template
-----------------------------------------------------------------

Partial Revert diff pair 3 is -> 
{ fbb6a9ec6ec0eaa92c3ac793f43ea2b1bcb513cf -> 3c9d9c9431e3a6c0eaf47f098417c58379b461e3 } is a revert
{ a6569687a3a347a53d8b5407ef02edd4b808820d -> 923779fc36b82257a4fa53d5a0b594470414eed1 }
Partial Revert commits SHA are -> 
3c9d9c9431e3a6c0eaf47f098417c58379b461e3 - revert - 923779fc36b82257a4fa53d5a0b594470414eed1
---> The reverted commit sha is - 3c9d9c9431e3a6c0eaf47f098417c58379b461e3
Commit message - viewer regression, http reverse fix, http.hasheader fix

* Start of viewer regression testing
* Fix reverse http header parsi
* useragent had wrong expression
* http.hasheader didn't work correctly
* require node 10.21
---> The original commit sha is - 923779fc36b82257a4fa53d5a0b594470414eed1
Commit message - Merge pull request #233 from TNogisto/master

Accesslogging to a file
---> The files with partial_reverts are:-
config.ini
single-host/etc/config.ini.template
-----------------------------------------------------------------

Partial Revert diff pair 4 is -> 
{ 454b25a7af584d92e5eccf3f61e53a9f5e2ce017 -> 427e31b4411618dcdaec55c6d1768354d1c95d55 } is a revert
{ ffcde109c2461a93888c0570f74723c10668b826 -> b54995682c2b09637dcf00bbd745c637ee7e8ce0 }
Partial Revert commits SHA are -> 
427e31b4411618dcdaec55c6d1768354d1c95d55 - revert - b54995682c2b09637dcf00bbd745c637ee7e8ce0
---> The reverted commit sha is - 427e31b4411618dcdaec55c6d1768354d1c95d55
Commit message - support https_proxy and setting npm proxy (issue #204)
---> The original commit sha is - b54995682c2b09637dcf00bbd745c637ee7e8ce0
Commit message - Merge pull request #211 from TNogisto/patch-1

antiSynDrop as option
---> The files with partial_reverts are:-
capture/config.c
capture/moloch.h
capture/nids.c
config.ini
-----------------------------------------------------------------

Partial Revert diff pair 5 is -> 
{ 6cd06ce20f528711191ef7ef670bb6c2f009e95e -> 0a4ce71fa8f8ebda17b1be6e6db9dc2f996ef443 } is a revert
{ 0a4ce71fa8f8ebda17b1be6e6db9dc2f996ef443 -> 2eb133b77e58366f66616f2460e84913a30921d4 }
Partial Revert commits SHA are -> 
0a4ce71fa8f8ebda17b1be6e6db9dc2f996ef443 - revert - 2eb133b77e58366f66616f2460e84913a30921d4
---> The reverted commit sha is - 0a4ce71fa8f8ebda17b1be6e6db9dc2f996ef443
Commit message - Added missing packages
---> The original commit sha is - 2eb133b77e58366f66616f2460e84913a30921d4
Commit message - Merge pull request #45 from jpvlsmv/master

libGeoIP detection not working
---> The files with partial_reverts are:-
configure.ac
-----------------------------------------------------------------

Partial Revert diff pair 6 is -> 
{ 746e0d5cb87ea0d132427030673757cbef69ad40 -> 70ab5ccbd389920e11ddfd7290363cdcd752e7e0 } is a revert
{ 70ab5ccbd389920e11ddfd7290363cdcd752e7e0 -> 87be7b753108b760ac273ac17832674c42c131f8 }
Partial Revert commits SHA are -> 
70ab5ccbd389920e11ddfd7290363cdcd752e7e0 - revert - 87be7b753108b760ac273ac17832674c42c131f8
---> The reverted commit sha is - 70ab5ccbd389920e11ddfd7290363cdcd752e7e0
Commit message - 0.6.1, ASNumber support, different graphs

* Now lookup ASNumber for src,dst,xff ips.
* ASNumber is searchable with asn, asn.src, asn.dst, asn.xff commands
* Can display packets, databytes, and sessions graphs
---> The original commit sha is - 87be7b753108b760ac273ac17832674c42c131f8
Commit message - Merge branch 'master' of github.com:aol/moloch
---> The files with partial_reverts are:-
db/init.sh
easybutton-config.sh
single-host/bin/run_capture.sh
single-host/bin/run_es.sh
single-host/bin/run_viewer.sh
single-host/etc/elasticsearch.yml
-----------------------------------------------------------------

Partial Revert diff pair 7 is -> 
{ 199b40f41d250335958517d3c1b84ac3ac2f363a -> 4fe3997d9840d6c8e40c91ea5e487119e36ee60b } is a revert
{ 4fe3997d9840d6c8e40c91ea5e487119e36ee60b -> 746e0d5cb87ea0d132427030673757cbef69ad40 }
Partial Revert commits SHA are -> 
4fe3997d9840d6c8e40c91ea5e487119e36ee60b - revert - 746e0d5cb87ea0d132427030673757cbef69ad40
---> The reverted commit sha is - 4fe3997d9840d6c8e40c91ea5e487119e36ee60b
Commit message - Improved easybutton-singlehost to create fake cert, init db and start everything
---> The original commit sha is - 746e0d5cb87ea0d132427030673757cbef69ad40
Commit message - Merge branch 'master' of https://github.com/aol/moloch
---> The files with partial_reverts are:-
README
viewer/molochparser.jison
viewer/molochparser.js
viewer/public/LICENSES
viewer/public/jquery.autocomplete.js
viewer/viewer.js
viewer/views/about.jade
viewer/views/index.jade
viewer/views/sessionDetail.jade
-----------------------------------------------------------------

