# of cherry-picks = 4
Cherry-pick diff pair 1 is -> 
{ 9e96483a7eff7ccc55c736e43c4c9547ad1773ff -> a5834a01adce8d4e0ee149a3ead633aaf7de098f } is a cherrypick
{ 2a08f94cfd667834ed37477cb77c1c77148b21cf -> 4b411c483890251edac76cc53b29835de9a034f8 }
Cherrypick commits SHA are -> 
a5834a01adce8d4e0ee149a3ead633aaf7de098f - cherrypick - 4b411c483890251edac76cc53b29835de9a034f8
---> The cherrypicked commit sha is - a5834a01adce8d4e0ee149a3ead633aaf7de098f
Commit message - Updated to recommend 1.3.2
---> The original commit sha is - 4b411c483890251edac76cc53b29835de9a034f8
Commit message - Merge branch 'master' of github.com:aol/moloch
-----------------------------------------------------------------

Cherry-pick diff pair 2 is -> 
{ 1938e90a9681cca3a1d0774337213ba537a3cd8d -> fbb6a9ec6ec0eaa92c3ac793f43ea2b1bcb513cf } is a cherrypick
{ 4dead26b3a59356b0ccc5e521e2d49ea7ef0c422 -> cc99eb21c52407da209a723abf55b3cff2a1f54d }
Cherrypick commits SHA are -> 
fbb6a9ec6ec0eaa92c3ac793f43ea2b1bcb513cf - cherrypick - cc99eb21c52407da209a723abf55b3cff2a1f54d
---> The cherrypicked commit sha is - fbb6a9ec6ec0eaa92c3ac793f43ea2b1bcb513cf
Commit message - Accesslogging to a file
---> The original commit sha is - cc99eb21c52407da209a723abf55b3cff2a1f54d
Commit message - Merge branch 'master' of github.com:aol/moloch
-----------------------------------------------------------------

Cherry-pick diff pair 3 is -> 
{ a6569687a3a347a53d8b5407ef02edd4b808820d -> 923779fc36b82257a4fa53d5a0b594470414eed1 } is a cherrypick
{ 4dead26b3a59356b0ccc5e521e2d49ea7ef0c422 -> cc99eb21c52407da209a723abf55b3cff2a1f54d }
Cherrypick commits SHA are -> 
923779fc36b82257a4fa53d5a0b594470414eed1 - cherrypick - cc99eb21c52407da209a723abf55b3cff2a1f54d
---> The cherrypicked commit sha is - 923779fc36b82257a4fa53d5a0b594470414eed1
Commit message - Merge pull request #233 from TNogisto/master

Accesslogging to a file
---> The original commit sha is - cc99eb21c52407da209a723abf55b3cff2a1f54d
Commit message - Merge branch 'master' of github.com:aol/moloch
-----------------------------------------------------------------

Cherry-pick diff pair 4 is -> 
{ 1938e90a9681cca3a1d0774337213ba537a3cd8d -> fbb6a9ec6ec0eaa92c3ac793f43ea2b1bcb513cf } is a cherrypick
{ a6569687a3a347a53d8b5407ef02edd4b808820d -> 923779fc36b82257a4fa53d5a0b594470414eed1 }
Cherrypick commits SHA are -> 
fbb6a9ec6ec0eaa92c3ac793f43ea2b1bcb513cf - cherrypick - 923779fc36b82257a4fa53d5a0b594470414eed1
---> The cherrypicked commit sha is - fbb6a9ec6ec0eaa92c3ac793f43ea2b1bcb513cf
Commit message - Accesslogging to a file
---> The original commit sha is - 923779fc36b82257a4fa53d5a0b594470414eed1
Commit message - Merge pull request #233 from TNogisto/master

Accesslogging to a file
-----------------------------------------------------------------

