# of partial reverts = 95
Partial Revert diff pair 1 is -> 
{ 67e5f9e963bb070bb684b193037618378c3a9551 -> 779205e322331c744d9a0c56567ca40587134609 } is a revert
{ 43d22324a8e546d1549a696a32f5441adf01224c -> 003a2f3bfc07fc222ca57f369ac9a4f9e33d9154 }
Partial Revert commits SHA are -> 
779205e322331c744d9a0c56567ca40587134609 - revert - 003a2f3bfc07fc222ca57f369ac9a4f9e33d9154
---> The reverted commit sha is - 779205e322331c744d9a0c56567ca40587134609
Commit message - simple sample script for generating and posing an event directly to rabbit
---> The original commit sha is - 003a2f3bfc07fc222ca57f369ac9a4f9e33d9154
Commit message - Merge pull request #203 from jvehent/migpgpauth

Replace client cert with PGP token in mig2mozdef.py
---> The files with partial_reverts are:-
cron/mig2mozdef.py
-----------------------------------------------------------------

Partial Revert diff pair 2 is -> 
{ 2c491c0a38899121dfc48c48d1a5fbe44de5c1f2 -> 671975e8939bf5bf002c6d07c7444c5f4ae237b5 } is a revert
{ c7c1d20d226c9918fe7f5abc1a5c36a8b071c3ef -> 8c678b2431b502a120e149bc7fbd5867e121e397 }
Partial Revert commits SHA are -> 
671975e8939bf5bf002c6d07c7444c5f4ae237b5 - revert - 8c678b2431b502a120e149bc7fbd5867e121e397
---> The reverted commit sha is - 671975e8939bf5bf002c6d07c7444c5f4ae237b5
Commit message - averez-heka-snippets: some warnings, documentation and refactoring for syslog snippets
---> The original commit sha is - 8c678b2431b502a120e149bc7fbd5867e121e397
Commit message - remove regex examples since heka deprecated regex
---> The files with partial_reverts are:-
examples/heka-regex-syslog/README.md
examples/heka-regex-syslog/heka.toml
-----------------------------------------------------------------

Partial Revert diff pair 3 is -> 
{ 9fb9e9130d0f2cd47c251c9d7096bf7b24934cb0 -> bae4dab97d83bdeb9ad8e064c13ced4b338b23ff } is a revert
{ c7c1d20d226c9918fe7f5abc1a5c36a8b071c3ef -> 8c678b2431b502a120e149bc7fbd5867e121e397 }
Partial Revert commits SHA are -> 
bae4dab97d83bdeb9ad8e064c13ced4b338b23ff - revert - 8c678b2431b502a120e149bc7fbd5867e121e397
---> The reverted commit sha is - bae4dab97d83bdeb9ad8e064c13ced4b338b23ff
Commit message - Merge pull request #43 from BjornArnelid/master

Adding missing dependencies for mozdefbot. Closes issue #40
---> The original commit sha is - 8c678b2431b502a120e149bc7fbd5867e121e397
Commit message - remove regex examples since heka deprecated regex
---> The files with partial_reverts are:-
examples/heka-regex-syslog/README.md
examples/heka-regex-syslog/heka.toml
-----------------------------------------------------------------

Partial Revert diff pair 4 is -> 
{ eee701fe682f9faabe7850d7bea928d8e96ceaa5 -> 885697714e45b861247b7bfff4661199c3438d1a } is a revert
{ 885697714e45b861247b7bfff4661199c3438d1a -> 3b6797beb09726adfe9995787bacd63882921b92 }
Partial Revert commits SHA are -> 
885697714e45b861247b7bfff4661199c3438d1a - revert - 3b6797beb09726adfe9995787bacd63882921b92
---> The reverted commit sha is - 885697714e45b861247b7bfff4661199c3438d1a
Commit message - add sample data conf file to default to creating sample alerts every 10 mins
---> The original commit sha is - 3b6797beb09726adfe9995787bacd63882921b92
Commit message - merge upstream doc changes
---> The files with partial_reverts are:-
docs/source/overview.rst
-----------------------------------------------------------------

Partial Revert diff pair 5 is -> 
{ ba7432a63a7797657ab8e8c2cd0d94da9401a79f -> dad1f600391dd3495c611eb961f5b7015488f78f } is a revert
{ 498df2cc9b626fd129c7210eee0f3a50aa7bad0e -> c1c7441345a6d3c9155e9078f7d322103ed0f2e1 }
Partial Revert commits SHA are -> 
dad1f600391dd3495c611eb961f5b7015488f78f - revert - c1c7441345a6d3c9155e9078f7d322103ed0f2e1
---> The reverted commit sha is - dad1f600391dd3495c611eb961f5b7015488f78f
Commit message - Fix the hostname
---> The original commit sha is - c1c7441345a6d3c9155e9078f7d322103ed0f2e1
Commit message - Merge pull request #192 from 2xyo/patch-1

Bump to the latest version of elasticserach and kibana
---> The files with partial_reverts are:-
docker/Dockerfile
-----------------------------------------------------------------

Partial Revert diff pair 6 is -> 
{ ff5ea1ee519cddcade083ed8a069f3e66ce4c368 -> d8000f767e605f6849b1873b5b71194344b35d88 } is a revert
{ dc10161bda705df0a960d38eb7bc70f83729313e -> 9f372cdef41cae263c7fb9ea620ec3ecd58e4819 }
Partial Revert commits SHA are -> 
d8000f767e605f6849b1873b5b71194344b35d88 - revert - 9f372cdef41cae263c7fb9ea620ec3ecd58e4819
---> The reverted commit sha is - d8000f767e605f6849b1873b5b71194344b35d88
Commit message - Ignore the results/ directory in git
---> The original commit sha is - 9f372cdef41cae263c7fb9ea620ec3ecd58e4819
Commit message - Merge pull request #189 from mseguin/master

Missing a ">" at the end of the nxlog.conf file
---> The files with partial_reverts are:-
examples/nxlog-syslog/nxlog.conf
-----------------------------------------------------------------

Partial Revert diff pair 7 is -> 
{ ff5ea1ee519cddcade083ed8a069f3e66ce4c368 -> d8000f767e605f6849b1873b5b71194344b35d88 } is a revert
{ b2806374eacab8f3a4132f9cd9e9015fda1642c5 -> dc10161bda705df0a960d38eb7bc70f83729313e }
Partial Revert commits SHA are -> 
d8000f767e605f6849b1873b5b71194344b35d88 - revert - dc10161bda705df0a960d38eb7bc70f83729313e
---> The reverted commit sha is - d8000f767e605f6849b1873b5b71194344b35d88
Commit message - Ignore the results/ directory in git
---> The original commit sha is - dc10161bda705df0a960d38eb7bc70f83729313e
Commit message - internz mix they tabs and spaces
---> The files with partial_reverts are:-
alerts/bro_intel.py
alerts/bro_notice.py
alerts/bruteforce_ssh.py
alerts/bruteforce_ssh_pyes.py
alerts/cloudtrail.py
alerts/cloudtrail_pyes.py
alerts/fail2ban.py
alerts/fail2ban_pyes.py
-----------------------------------------------------------------

Partial Revert diff pair 8 is -> 
{ ff5ea1ee519cddcade083ed8a069f3e66ce4c368 -> d8000f767e605f6849b1873b5b71194344b35d88 } is a revert
{ 111a4e26985b59d414c939dda63799c2cb3ca48a -> b2806374eacab8f3a4132f9cd9e9015fda1642c5 }
Partial Revert commits SHA are -> 
d8000f767e605f6849b1873b5b71194344b35d88 - revert - b2806374eacab8f3a4132f9cd9e9015fda1642c5
---> The reverted commit sha is - d8000f767e605f6849b1873b5b71194344b35d88
Commit message - Ignore the results/ directory in git
---> The original commit sha is - b2806374eacab8f3a4132f9cd9e9015fda1642c5
Commit message - explicitly set the timezone to get actual iso format and allow folks to run in whatever timezone
---> The files with partial_reverts are:-
alerts/lib/alerttask.py
-----------------------------------------------------------------

Partial Revert diff pair 9 is -> 
{ 3c4276c0b5bfa1cccd1f9b5b8a02fbaf2f417323 -> 457d1ccf4ca7b68926b5209cdea701fcbebf6b50 } is a revert
{ 457d1ccf4ca7b68926b5209cdea701fcbebf6b50 -> f80d224e71091941e0b79bbd48ea542d38bc906d }
Partial Revert commits SHA are -> 
457d1ccf4ca7b68926b5209cdea701fcbebf6b50 - revert - f80d224e71091941e0b79bbd48ea542d38bc906d
---> The reverted commit sha is - 457d1ccf4ca7b68926b5209cdea701fcbebf6b50
Commit message - don't assume default timezone
---> The original commit sha is - f80d224e71091941e0b79bbd48ea542d38bc906d
Commit message - upstream doc changes
---> The files with partial_reverts are:-
docs/source/overview.rst
-----------------------------------------------------------------

Partial Revert diff pair 10 is -> 
{ 1c74570cae9e4921457882b9f7e44cca7ec27aeb -> 99e2ad1c812d98bb5c952780b78097ef56fdccdc } is a revert
{ 13ac6341da59db9da583f1db9e2707f495172370 -> eeb62ea2463505e927052ec231e2abe350c36bbb }
Partial Revert commits SHA are -> 
99e2ad1c812d98bb5c952780b78097ef56fdccdc - revert - eeb62ea2463505e927052ec231e2abe350c36bbb
---> The reverted commit sha is - 99e2ad1c812d98bb5c952780b78097ef56fdccdc
Commit message - averez-netflow: add netflow listener
---> The original commit sha is - eeb62ea2463505e927052ec231e2abe350c36bbb
Commit message - Merge pull request #185 from netantho/averez-netflow

netflow v5
---> The files with partial_reverts are:-
mq/plugins/observium.py
-----------------------------------------------------------------

Partial Revert diff pair 11 is -> 
{ d716de4a69ed90c85ed25509f091b53e2096f606 -> 7c82967ca5c578383678afb3dadb24f856af0fa2 } is a revert
{ 7c82967ca5c578383678afb3dadb24f856af0fa2 -> 1baf2f59d3bdcd91c47f53c0c602cb10e70181e8 }
Partial Revert commits SHA are -> 
7c82967ca5c578383678afb3dadb24f856af0fa2 - revert - 1baf2f59d3bdcd91c47f53c0c602cb10e70181e8
---> The reverted commit sha is - 7c82967ca5c578383678afb3dadb24f856af0fa2
Commit message - averez-133-attackers-globe: initial working version of the globe view
---> The original commit sha is - 1baf2f59d3bdcd91c47f53c0c602cb10e70181e8
Commit message - Merge pull request #179 from netantho/averez-133-attackers-globe

averez-133-attackers-globe: initial working version of the globe view
---> The files with partial_reverts are:-
cron/mig2mozdef.py
meteor/app/client/incidentAdd.html
meteor/app/client/incidentEdit.html
meteor/app/client/incidents.js
meteor/app/client/mozdef.js
meteor/app/client/mozdefhealth.js
meteor/app/client/verisTags.html
meteor/app/lib/collections.js
meteor/app/lib/models.js
meteor/app/server/mozdef.js
meteor/public/css/mozdef.css
-----------------------------------------------------------------

Partial Revert diff pair 12 is -> 
{ 470b3face48dced1553f0b04ad3bb36f7c55c751 -> 730715e858b4dea23f5e1383e21cc307c9e3eabc } is a revert
{ b06479a15466fe8f7c9aa891c911135bd3b0bf24 -> f167251c642e1124eb182b51b958de4ce8df3577 }
Partial Revert commits SHA are -> 
730715e858b4dea23f5e1383e21cc307c9e3eabc - revert - f167251c642e1124eb182b51b958de4ce8df3577
---> The reverted commit sha is - 730715e858b4dea23f5e1383e21cc307c9e3eabc
Commit message - averez-docker-settings: add settings.js in conf/ to be able to adapt it and fix ipwhois crazy dep bug
---> The original commit sha is - f167251c642e1124eb182b51b958de4ce8df3577
Commit message - merge upstream changes
---> The files with partial_reverts are:-
docker/settings.js
-----------------------------------------------------------------

Partial Revert diff pair 13 is -> 
{ 0890fa12d1f129930ef0139347b3d94c26078e1d -> 8e92d0c6b2081cf64c049a343cf5776963acaf3e } is a revert
{ b06479a15466fe8f7c9aa891c911135bd3b0bf24 -> f167251c642e1124eb182b51b958de4ce8df3577 }
Partial Revert commits SHA are -> 
8e92d0c6b2081cf64c049a343cf5776963acaf3e - revert - f167251c642e1124eb182b51b958de4ce8df3577
---> The reverted commit sha is - 8e92d0c6b2081cf64c049a343cf5776963acaf3e
Commit message - upstream merge
---> The original commit sha is - f167251c642e1124eb182b51b958de4ce8df3577
Commit message - merge upstream changes
---> The files with partial_reverts are:-
docker/settings.js
-----------------------------------------------------------------

Partial Revert diff pair 14 is -> 
{ 024520b2de03f9cfacc92b5f59851cab5828eb4c -> ba7040c80456f3b7638a24cc43d07bf7c82e4755 } is a revert
{ b06479a15466fe8f7c9aa891c911135bd3b0bf24 -> f167251c642e1124eb182b51b958de4ce8df3577 }
Partial Revert commits SHA are -> 
ba7040c80456f3b7638a24cc43d07bf7c82e4755 - revert - f167251c642e1124eb182b51b958de4ce8df3577
---> The reverted commit sha is - ba7040c80456f3b7638a24cc43d07bf7c82e4755
Commit message - smarter collection count subscriptions/reactions for alerts
---> The original commit sha is - f167251c642e1124eb182b51b958de4ce8df3577
Commit message - merge upstream changes
---> The files with partial_reverts are:-
docker/settings.js
-----------------------------------------------------------------

Partial Revert diff pair 15 is -> 
{ f96e4848b20ed149e1a5fcc774a891806a8ac533 -> cadcc5b15378a9e506f49588166a80f64f32f3c6 } is a revert
{ b06479a15466fe8f7c9aa891c911135bd3b0bf24 -> f167251c642e1124eb182b51b958de4ce8df3577 }
Partial Revert commits SHA are -> 
cadcc5b15378a9e506f49588166a80f64f32f3c6 - revert - f167251c642e1124eb182b51b958de4ce8df3577
---> The reverted commit sha is - cadcc5b15378a9e506f49588166a80f64f32f3c6
Commit message - add dshield IP lookup, zindex the ip menus
---> The original commit sha is - f167251c642e1124eb182b51b958de4ce8df3577
Commit message - merge upstream changes
---> The files with partial_reverts are:-
docker/settings.js
-----------------------------------------------------------------

Partial Revert diff pair 16 is -> 
{ 6440917ebeaf5d8d78559376b66907d2e76a180f -> 5ece6b25262582d28284c9b33db1a0fadc63e928 } is a revert
{ b06479a15466fe8f7c9aa891c911135bd3b0bf24 -> f167251c642e1124eb182b51b958de4ce8df3577 }
Partial Revert commits SHA are -> 
5ece6b25262582d28284c9b33db1a0fadc63e928 - revert - f167251c642e1124eb182b51b958de4ce8df3577
---> The reverted commit sha is - 5ece6b25262582d28284c9b33db1a0fadc63e928
Commit message - allow alert to pick an irc channel, closes 150
---> The original commit sha is - f167251c642e1124eb182b51b958de4ce8df3577
Commit message - merge upstream changes
---> The files with partial_reverts are:-
docker/settings.js
-----------------------------------------------------------------

Partial Revert diff pair 17 is -> 
{ 96316bf54b735f3ccefe3d9a9049bd80ba0e1cd7 -> 0d1b28848816d820ff7c522533f9fcf890f482fc } is a revert
{ b06479a15466fe8f7c9aa891c911135bd3b0bf24 -> f167251c642e1124eb182b51b958de4ce8df3577 }
Partial Revert commits SHA are -> 
0d1b28848816d820ff7c522533f9fcf890f482fc - revert - f167251c642e1124eb182b51b958de4ce8df3577
---> The reverted commit sha is - 0d1b28848816d820ff7c522533f9fcf890f482fc
Commit message - no clicks for EPS/load average charts, closes 168
---> The original commit sha is - f167251c642e1124eb182b51b958de4ce8df3577
Commit message - merge upstream changes
---> The files with partial_reverts are:-
docker/settings.js
-----------------------------------------------------------------

Partial Revert diff pair 18 is -> 
{ 9e9f40baf34e79d7bbfca501d7d6caa6546379d2 -> b06479a15466fe8f7c9aa891c911135bd3b0bf24 } is a revert
{ b06479a15466fe8f7c9aa891c911135bd3b0bf24 -> f167251c642e1124eb182b51b958de4ce8df3577 }
Partial Revert commits SHA are -> 
b06479a15466fe8f7c9aa891c911135bd3b0bf24 - revert - f167251c642e1124eb182b51b958de4ce8df3577
---> The reverted commit sha is - b06479a15466fe8f7c9aa891c911135bd3b0bf24
Commit message - correct docker settings inside docker/conf
---> The original commit sha is - f167251c642e1124eb182b51b958de4ce8df3577
Commit message - merge upstream changes
---> The files with partial_reverts are:-
docker/settings.js
-----------------------------------------------------------------

Partial Revert diff pair 19 is -> 
{ 548f7c81b04cb1df973c51a9d19ccd1fe27cb0fe -> 6440917ebeaf5d8d78559376b66907d2e76a180f } is a revert
{ 9e9f40baf34e79d7bbfca501d7d6caa6546379d2 -> b06479a15466fe8f7c9aa891c911135bd3b0bf24 }
Partial Revert commits SHA are -> 
6440917ebeaf5d8d78559376b66907d2e76a180f - revert - b06479a15466fe8f7c9aa891c911135bd3b0bf24
---> The reverted commit sha is - 6440917ebeaf5d8d78559376b66907d2e76a180f
Commit message - averez-147-celery-alerts: fix copy paste bug in the docker config
---> The original commit sha is - b06479a15466fe8f7c9aa891c911135bd3b0bf24
Commit message - correct docker settings inside docker/conf
---> The files with partial_reverts are:-
docker/settings.js
-----------------------------------------------------------------

Partial Revert diff pair 20 is -> 
{ 5ece6b25262582d28284c9b33db1a0fadc63e928 -> 96316bf54b735f3ccefe3d9a9049bd80ba0e1cd7 } is a revert
{ 9e9f40baf34e79d7bbfca501d7d6caa6546379d2 -> b06479a15466fe8f7c9aa891c911135bd3b0bf24 }
Partial Revert commits SHA are -> 
96316bf54b735f3ccefe3d9a9049bd80ba0e1cd7 - revert - b06479a15466fe8f7c9aa891c911135bd3b0bf24
---> The reverted commit sha is - 96316bf54b735f3ccefe3d9a9049bd80ba0e1cd7
Commit message - averez-147-celery-alerts: fix dashboard paths
---> The original commit sha is - b06479a15466fe8f7c9aa891c911135bd3b0bf24
Commit message - correct docker settings inside docker/conf
---> The files with partial_reverts are:-
docker/settings.js
-----------------------------------------------------------------

Partial Revert diff pair 21 is -> 
{ 470b3face48dced1553f0b04ad3bb36f7c55c751 -> 730715e858b4dea23f5e1383e21cc307c9e3eabc } is a revert
{ c8aca1c1c27f55ca7ae4bb73434ab9906f356be1 -> ba69c2ce1d4237a4759e2bebe12a736161405fc1 }
Partial Revert commits SHA are -> 
730715e858b4dea23f5e1383e21cc307c9e3eabc - revert - ba69c2ce1d4237a4759e2bebe12a736161405fc1
---> The reverted commit sha is - 730715e858b4dea23f5e1383e21cc307c9e3eabc
Commit message - averez-docker-settings: add settings.js in conf/ to be able to adapt it and fix ipwhois crazy dep bug
---> The original commit sha is - ba69c2ce1d4237a4759e2bebe12a736161405fc1
Commit message - docker cleanup settings.js
---> The files with partial_reverts are:-
docker/settings.js
-----------------------------------------------------------------

Partial Revert diff pair 22 is -> 
{ 0890fa12d1f129930ef0139347b3d94c26078e1d -> 8e92d0c6b2081cf64c049a343cf5776963acaf3e } is a revert
{ c8aca1c1c27f55ca7ae4bb73434ab9906f356be1 -> ba69c2ce1d4237a4759e2bebe12a736161405fc1 }
Partial Revert commits SHA are -> 
8e92d0c6b2081cf64c049a343cf5776963acaf3e - revert - ba69c2ce1d4237a4759e2bebe12a736161405fc1
---> The reverted commit sha is - 8e92d0c6b2081cf64c049a343cf5776963acaf3e
Commit message - upstream merge
---> The original commit sha is - ba69c2ce1d4237a4759e2bebe12a736161405fc1
Commit message - docker cleanup settings.js
---> The files with partial_reverts are:-
docker/settings.js
-----------------------------------------------------------------

Partial Revert diff pair 23 is -> 
{ 024520b2de03f9cfacc92b5f59851cab5828eb4c -> ba7040c80456f3b7638a24cc43d07bf7c82e4755 } is a revert
{ c8aca1c1c27f55ca7ae4bb73434ab9906f356be1 -> ba69c2ce1d4237a4759e2bebe12a736161405fc1 }
Partial Revert commits SHA are -> 
ba7040c80456f3b7638a24cc43d07bf7c82e4755 - revert - ba69c2ce1d4237a4759e2bebe12a736161405fc1
---> The reverted commit sha is - ba7040c80456f3b7638a24cc43d07bf7c82e4755
Commit message - smarter collection count subscriptions/reactions for alerts
---> The original commit sha is - ba69c2ce1d4237a4759e2bebe12a736161405fc1
Commit message - docker cleanup settings.js
---> The files with partial_reverts are:-
docker/settings.js
-----------------------------------------------------------------

Partial Revert diff pair 24 is -> 
{ f96e4848b20ed149e1a5fcc774a891806a8ac533 -> cadcc5b15378a9e506f49588166a80f64f32f3c6 } is a revert
{ c8aca1c1c27f55ca7ae4bb73434ab9906f356be1 -> ba69c2ce1d4237a4759e2bebe12a736161405fc1 }
Partial Revert commits SHA are -> 
cadcc5b15378a9e506f49588166a80f64f32f3c6 - revert - ba69c2ce1d4237a4759e2bebe12a736161405fc1
---> The reverted commit sha is - cadcc5b15378a9e506f49588166a80f64f32f3c6
Commit message - add dshield IP lookup, zindex the ip menus
---> The original commit sha is - ba69c2ce1d4237a4759e2bebe12a736161405fc1
Commit message - docker cleanup settings.js
---> The files with partial_reverts are:-
docker/settings.js
-----------------------------------------------------------------

Partial Revert diff pair 25 is -> 
{ 6440917ebeaf5d8d78559376b66907d2e76a180f -> 5ece6b25262582d28284c9b33db1a0fadc63e928 } is a revert
{ c8aca1c1c27f55ca7ae4bb73434ab9906f356be1 -> ba69c2ce1d4237a4759e2bebe12a736161405fc1 }
Partial Revert commits SHA are -> 
5ece6b25262582d28284c9b33db1a0fadc63e928 - revert - ba69c2ce1d4237a4759e2bebe12a736161405fc1
---> The reverted commit sha is - 5ece6b25262582d28284c9b33db1a0fadc63e928
Commit message - allow alert to pick an irc channel, closes 150
---> The original commit sha is - ba69c2ce1d4237a4759e2bebe12a736161405fc1
Commit message - docker cleanup settings.js
---> The files with partial_reverts are:-
docker/settings.js
-----------------------------------------------------------------

Partial Revert diff pair 26 is -> 
{ 96316bf54b735f3ccefe3d9a9049bd80ba0e1cd7 -> 0d1b28848816d820ff7c522533f9fcf890f482fc } is a revert
{ c8aca1c1c27f55ca7ae4bb73434ab9906f356be1 -> ba69c2ce1d4237a4759e2bebe12a736161405fc1 }
Partial Revert commits SHA are -> 
0d1b28848816d820ff7c522533f9fcf890f482fc - revert - ba69c2ce1d4237a4759e2bebe12a736161405fc1
---> The reverted commit sha is - 0d1b28848816d820ff7c522533f9fcf890f482fc
Commit message - no clicks for EPS/load average charts, closes 168
---> The original commit sha is - ba69c2ce1d4237a4759e2bebe12a736161405fc1
Commit message - docker cleanup settings.js
---> The files with partial_reverts are:-
docker/settings.js
-----------------------------------------------------------------

Partial Revert diff pair 27 is -> 
{ 470b3face48dced1553f0b04ad3bb36f7c55c751 -> 730715e858b4dea23f5e1383e21cc307c9e3eabc } is a revert
{ 730715e858b4dea23f5e1383e21cc307c9e3eabc -> 092b62fdd91b37aa6e8cfb926dd6cc7bd2e952bd }
Partial Revert commits SHA are -> 
730715e858b4dea23f5e1383e21cc307c9e3eabc - revert - 092b62fdd91b37aa6e8cfb926dd6cc7bd2e952bd
---> The reverted commit sha is - 730715e858b4dea23f5e1383e21cc307c9e3eabc
Commit message - averez-docker-settings: add settings.js in conf/ to be able to adapt it and fix ipwhois crazy dep bug
---> The original commit sha is - 092b62fdd91b37aa6e8cfb926dd6cc7bd2e952bd
Commit message - Merge pull request #153 from netantho/averez-docker-settings

averez-docker-settings: add settings.js in conf/ to be able to adapt it ...
---> The files with partial_reverts are:-
docs/source/installation.rst
meteor/app/client/mozdef.js
meteor/app/lib/collections.js
meteor/app/lib/settings.js
-----------------------------------------------------------------

Partial Revert diff pair 28 is -> 
{ 66f489af68a5a35041708a7371c35ee2fd5617fa -> 275c2d206a5dffeeac7b3d6adf49d688216ca891 } is a revert
{ a751660876300bc1dd3db24a1113eb91329f6472 -> 9aa7fce80ecf05e24f18b73b1c79cee688a4ba3e }
Partial Revert commits SHA are -> 
275c2d206a5dffeeac7b3d6adf49d688216ca891 - revert - 9aa7fce80ecf05e24f18b73b1c79cee688a4ba3e
---> The reverted commit sha is - 275c2d206a5dffeeac7b3d6adf49d688216ca891
Commit message - add helpers.js
---> The original commit sha is - 9aa7fce80ecf05e24f18b73b1c79cee688a4ba3e
Commit message - Merge pull request #129 from netantho/averez-66-unique-alert-url

Unique URL per alert
---> The files with partial_reverts are:-
docker/Dockerfile
docs/source/installation.rst
meteor/.meteor/release
requirements.txt
-----------------------------------------------------------------

Partial Revert diff pair 29 is -> 
{ a719869b050729e41504428ec89ca26df65b6155 -> 0d11b27435cd834507726e55f08bdd1e8190b6da } is a revert
{ a751660876300bc1dd3db24a1113eb91329f6472 -> 9aa7fce80ecf05e24f18b73b1c79cee688a4ba3e }
Partial Revert commits SHA are -> 
0d11b27435cd834507726e55f08bdd1e8190b6da - revert - 9aa7fce80ecf05e24f18b73b1c79cee688a4ba3e
---> The reverted commit sha is - 0d11b27435cd834507726e55f08bdd1e8190b6da
Commit message - Merge remote branch 'upstream/master' into averez-66-unique-alert-url

Conflicts:
	meteor/app/client/alertssummary.html
	meteor/app/client/mozdef.js
	meteor/app/lib/helpers.js
	meteor/app/server/mozdef.js
---> The original commit sha is - 9aa7fce80ecf05e24f18b73b1c79cee688a4ba3e
Commit message - Merge pull request #129 from netantho/averez-66-unique-alert-url

Unique URL per alert
---> The files with partial_reverts are:-
docker/Dockerfile
docs/source/installation.rst
meteor/.meteor/release
requirements.txt
-----------------------------------------------------------------

Partial Revert diff pair 30 is -> 
{ 7cb8dc105b10ea0e283b854cf3ee43a77caaa558 -> 24646fae5dc88934d807a408751e4b43b60746b4 } is a revert
{ 8a3c72d38591e8c8a7b99f3f68883a3dceb4ba22 -> 76b9f4cc8ce7dc22844f4774dfd81867eca89022 }
Partial Revert commits SHA are -> 
24646fae5dc88934d807a408751e4b43b60746b4 - revert - 76b9f4cc8ce7dc22844f4774dfd81867eca89022
---> The reverted commit sha is - 24646fae5dc88934d807a408751e4b43b60746b4
Commit message - averez-xionox-fixes: don't analyze details.sourceipgeolocation.country_name
---> The original commit sha is - 76b9f4cc8ce7dc22844f4774dfd81867eca89022
Commit message - Merge pull request #127 from netantho/averez-xionox-fixes

fixes for network logs
---> The files with partial_reverts are:-
mq/esworker.py
rest/index.py
-----------------------------------------------------------------

Partial Revert diff pair 31 is -> 
{ 81f3b450b3ac40f886e2454fc10902786fbd1c53 -> 94b9664125692c53e5ad3edfde295209703de2a3 } is a revert
{ 94b9664125692c53e5ad3edfde295209703de2a3 -> 6ca4a9644b26a2c5cd152b49cebb8efdb546e860 }
Partial Revert commits SHA are -> 
94b9664125692c53e5ad3edfde295209703de2a3 - revert - 6ca4a9644b26a2c5cd152b49cebb8efdb546e860
---> The reverted commit sha is - 94b9664125692c53e5ad3edfde295209703de2a3
Commit message - averez-mig-bugfix: Reverse list to process old compliance checks first, older later
---> The original commit sha is - 6ca4a9644b26a2c5cd152b49cebb8efdb546e860
Commit message - Merge pull request #124 from netantho/averez-mig-bugfix

averez-mig-bugfix: Reverse list to process old compliance checks first, ...
---> The files with partial_reverts are:-
cron/collectSSHFingerprints.py
examples/es-docs/events_template.json
examples/kibana/dashboards/alert.js
examples/kibana/dashboards/event.js
mq/plugins/rt_flow.py
mq/plugins/snmptt.py
mq/plugins/sshdFindIP.py
-----------------------------------------------------------------

Partial Revert diff pair 32 is -> 
{ fabc2f2fb8273773ae37080bb043d24aefda4192 -> 7341ecfce431dc01493622700a366fdecde2e766 } is a revert
{ 8d8c82a7f2260c968b9ba3c68f6527edb1dc058e -> 81f3b450b3ac40f886e2454fc10902786fbd1c53 }
Partial Revert commits SHA are -> 
7341ecfce431dc01493622700a366fdecde2e766 - revert - 81f3b450b3ac40f886e2454fc10902786fbd1c53
---> The reverted commit sha is - 7341ecfce431dc01493622700a366fdecde2e766
Commit message - averez-rtflow-plugin: add action field
---> The original commit sha is - 81f3b450b3ac40f886e2454fc10902786fbd1c53
Commit message - Merge pull request #122 from netantho/averez-scripted-dashboards

event and alert scripted kibana dashboards
---> The files with partial_reverts are:-
examples/kibana/dashboards/alert.js
examples/kibana/dashboards/event.js
-----------------------------------------------------------------

Partial Revert diff pair 33 is -> 
{ f83fde156233d8472cde8ba21887bdc5960e2b8d -> fa5b5cff5faca7e9b0ed0bcd51ddeb0d0b954b51 } is a revert
{ 6f5e8ca23b5888083e03b689f2569179988f73ba -> 506b035b463e3af83a622905a32b3378916bb593 }
Partial Revert commits SHA are -> 
fa5b5cff5faca7e9b0ed0bcd51ddeb0d0b954b51 - revert - 506b035b463e3af83a622905a32b3378916bb593
---> The reverted commit sha is - fa5b5cff5faca7e9b0ed0bcd51ddeb0d0b954b51
Commit message - averez-mig: Add mig2mozdef cron script
---> The original commit sha is - 506b035b463e3af83a622905a32b3378916bb593
Commit message - Merge pull request #118 from netantho/averez-snmptt-plugin

snmptt plugin
---> The files with partial_reverts are:-
mq/plugins/snmptt.py
-----------------------------------------------------------------

Partial Revert diff pair 34 is -> 
{ 7341ecfce431dc01493622700a366fdecde2e766 -> d719ede4de450562bec4efe0a5150124e8e5404c } is a revert
{ e386385f7ec709116b5c1a2f6b0180c17fddfabd -> 6f5e8ca23b5888083e03b689f2569179988f73ba }
Partial Revert commits SHA are -> 
d719ede4de450562bec4efe0a5150124e8e5404c - revert - 6f5e8ca23b5888083e03b689f2569179988f73ba
---> The reverted commit sha is - d719ede4de450562bec4efe0a5150124e8e5404c
Commit message - averez-auditd-long: use long instead of integers
---> The original commit sha is - 6f5e8ca23b5888083e03b689f2569179988f73ba
Commit message - Merge pull request #117 from netantho/averez-rtflow-plugin

RT_FLOW plugin
---> The files with partial_reverts are:-
mq/plugins/rt_flow.py
-----------------------------------------------------------------

Partial Revert diff pair 35 is -> 
{ ce3b4ae2dd206e05c35f37729ea82d8754118646 -> d62655861d5e8c5ae347df63c2264281f009a492 } is a revert
{ d62655861d5e8c5ae347df63c2264281f009a492 -> 7cf0538e42a2db3a3238bc06ac320f4331212e36 }
Partial Revert commits SHA are -> 
d62655861d5e8c5ae347df63c2264281f009a492 - revert - 7cf0538e42a2db3a3238bc06ac320f4331212e36
---> The reverted commit sha is - d62655861d5e8c5ae347df63c2264281f009a492
Commit message - averez-mig: fix mig script
---> The original commit sha is - 7cf0538e42a2db3a3238bc06ac320f4331212e36
Commit message - Merge pull request #119 from netantho/averez-mig

Add mig2mozdef cron script
---> The files with partial_reverts are:-
bot/mozdefbot.py
cron/broAlerts.py
cron/cloudTrailAlerts.py
cron/cloudtrail2mozdef.py
cron/healthAndStatus.py
cron/healthToMongo.py
docs/source/installation.rst
examples/es-docs/events_template.json
examples/es-docs/vulnsnitch_template.json
loginput/index.py
meteor/app/client/attackers.html
meteor/app/client/js/crossfilter.js
meteor/app/client/js/dc.css
meteor/app/client/js/dc.js
meteor/app/client/js/zCSS3DRenderer.js
meteor/app/client/js/zTrackballControls.js
meteor/app/client/mozdef.js
meteor/app/client/mozdefhealth.html
meteor/app/lib/collections.js
meteor/public/css/mozdef.css
meteor/public/other/ogro/Ogro.txt
meteor/public/other/ogro/ogro-light.js
meteor/public/other/ogro/weapon-light.js
mq/esworker.py
mq/plugins/dropMessage.py
mq/plugins/geoip.py
mq/plugins/ipFixup.py
-----------------------------------------------------------------

Partial Revert diff pair 36 is -> 
{ fa5b5cff5faca7e9b0ed0bcd51ddeb0d0b954b51 -> 305fa4f5b02cf6e07d9ba11dc61a53404723294b } is a revert
{ ce3b4ae2dd206e05c35f37729ea82d8754118646 -> d62655861d5e8c5ae347df63c2264281f009a492 }
Partial Revert commits SHA are -> 
305fa4f5b02cf6e07d9ba11dc61a53404723294b - revert - d62655861d5e8c5ae347df63c2264281f009a492
---> The reverted commit sha is - 305fa4f5b02cf6e07d9ba11dc61a53404723294b
Commit message - add dc/crossfilter/d3 driven charts to about/health screen
---> The original commit sha is - d62655861d5e8c5ae347df63c2264281f009a492
Commit message - averez-mig: fix mig script
---> The files with partial_reverts are:-
bot/mozdefbot.py
cron/broAlerts.py
cron/cloudTrailAlerts.py
cron/cloudtrail2mozdef.py
cron/healthAndStatus.py
cron/healthToMongo.py
docs/source/installation.rst
examples/es-docs/events_template.json
examples/es-docs/vulnsnitch_template.json
loginput/index.py
meteor/app/client/attackers.html
meteor/app/client/js/crossfilter.js
meteor/app/client/js/dc.css
meteor/app/client/js/dc.js
meteor/app/client/js/zCSS3DRenderer.js
meteor/app/client/js/zTrackballControls.js
meteor/app/client/mozdefhealth.html
meteor/app/lib/collections.js
meteor/public/css/mozdef.css
meteor/public/other/ogro/Ogro.txt
meteor/public/other/ogro/ogro-light.js
meteor/public/other/ogro/weapon-light.js
mq/esworker.py
mq/plugins/dropMessage.py
mq/plugins/geoip.py
mq/plugins/ipFixup.py
-----------------------------------------------------------------

Partial Revert diff pair 37 is -> 
{ 64ef5a7a1357adc72938f14d5ac845b758f7f935 -> cbc02ad5c0a006bfe1ec214a34983f478b77a39b } is a revert
{ 1c1d86fd3185d935f48ff8f37e2e5fd16ff1b03a -> 2e35a99a1eba31ae8444ab4971d26d31c031f7f3 }
Partial Revert commits SHA are -> 
cbc02ad5c0a006bfe1ec214a34983f478b77a39b - revert - 2e35a99a1eba31ae8444ab4971d26d31c031f7f3
---> The reverted commit sha is - cbc02ad5c0a006bfe1ec214a34983f478b77a39b
Commit message - remove bot coloring for mozdef keyword
---> The original commit sha is - 2e35a99a1eba31ae8444ab4971d26d31c031f7f3
Commit message - Merge pull request #116 from netantho/averez-mapping-raw-host

averez-mapping-raw-host: .raw for details.hostname and auditd mapping
---> The files with partial_reverts are:-
examples/es-docs/events_template.json
-----------------------------------------------------------------

Partial Revert diff pair 38 is -> 
{ ba5dfda492fb29b5a612b607ddca6c083a247934 -> a163836a72871a55bd806ebf483f62d75ef593a6 } is a revert
{ b071078e6858b3e6346f69b94d61aaab673a989f -> b47ecfab406ce4b34fb9efc2026ae9ef42a35202 }
Partial Revert commits SHA are -> 
a163836a72871a55bd806ebf483f62d75ef593a6 - revert - b47ecfab406ce4b34fb9efc2026ae9ef42a35202
---> The reverted commit sha is - a163836a72871a55bd806ebf483f62d75ef593a6
Commit message - averez-mig: add mappings for complianceitems index
---> The original commit sha is - b47ecfab406ce4b34fb9efc2026ae9ef42a35202
Commit message - Merge pull request #112 from netantho/averez-vulnsnitch

averez-vulnsnitch: mapping for vulnsnitch
---> The files with partial_reverts are:-
examples/es-docs/vulnsnitch_template.json
-----------------------------------------------------------------

Partial Revert diff pair 39 is -> 
{ a163836a72871a55bd806ebf483f62d75ef593a6 -> 1ae617f14dea96b62abaaa74a7becac737a24b65 } is a revert
{ 250920215db4724bcf48e24c3bbb9c82db4cb3a0 -> b071078e6858b3e6346f69b94d61aaab673a989f }
Partial Revert commits SHA are -> 
1ae617f14dea96b62abaaa74a7becac737a24b65 - revert - b071078e6858b3e6346f69b94d61aaab673a989f
---> The reverted commit sha is - 1ae617f14dea96b62abaaa74a7becac737a24b65
Commit message - Fixing format error in installation documentation.
---> The original commit sha is - b071078e6858b3e6346f69b94d61aaab673a989f
Commit message - Merge pull request #111 from netantho/averez-mig

averez-mig: add mappings for complianceitems index
---> The files with partial_reverts are:-
examples/es-docs/complianceitems_template.json
-----------------------------------------------------------------

Partial Revert diff pair 40 is -> 
{ d37402862b3043cab4a7b8ee0510d50e9967e913 -> 20da7fc9705ca0bdd6d40b6838bed09ca0b22c76 } is a revert
{ 43c552e0d2dab406b3267874816c7190f95f2c83 -> 996f9abcd6ed9929f7ed2384d86999fe93dc7c1a }
Partial Revert commits SHA are -> 
20da7fc9705ca0bdd6d40b6838bed09ca0b22c76 - revert - 996f9abcd6ed9929f7ed2384d86999fe93dc7c1a
---> The reverted commit sha is - 20da7fc9705ca0bdd6d40b6838bed09ca0b22c76
Commit message - netantho-105-ttl: try fixing config file path for esworker ttl plugin
---> The original commit sha is - 996f9abcd6ed9929f7ed2384d86999fe93dc7c1a
Commit message - Merge pull request #107 from netantho/netantho-105-ttl

enable TTL and refactor ES index template injection Closes #105
---> The files with partial_reverts are:-
mq/esworker.py
-----------------------------------------------------------------

Partial Revert diff pair 41 is -> 
{ 10af27e0b7fa0ad21f14b0af772435581fa276ba -> 8cf8de3808ed2daa42c740d81da61bb4788a2824 } is a revert
{ 1afb6f5b4b04c92ae1f3b499d4e906d931bcf303 -> 43c552e0d2dab406b3267874816c7190f95f2c83 }
Partial Revert commits SHA are -> 
8cf8de3808ed2daa42c740d81da61bb4788a2824 - revert - 43c552e0d2dab406b3267874816c7190f95f2c83
---> The reverted commit sha is - 8cf8de3808ed2daa42c740d81da61bb4788a2824
Commit message - netantho-105-ttl: try ttl field -> _ttl field to fix expiration
---> The original commit sha is - 43c552e0d2dab406b3267874816c7190f95f2c83
Commit message - netantho-105-ttl: delete the initial ttl plugin
---> The files with partial_reverts are:-
mq/plugins/ttl.json
mq/plugins/ttl.py
-----------------------------------------------------------------

Partial Revert diff pair 42 is -> 
{ bc3a28594f0155c9aff656604c9d32fc162bab80 -> 91bf2295eff944773264e8362ba2ea95dbaeb90e } is a revert
{ 748d4d5b05bd01420a38e0f142cf64df0724b6c3 -> d37402862b3043cab4a7b8ee0510d50e9967e913 }
Partial Revert commits SHA are -> 
91bf2295eff944773264e8362ba2ea95dbaeb90e - revert - d37402862b3043cab4a7b8ee0510d50e9967e913
---> The reverted commit sha is - 91bf2295eff944773264e8362ba2ea95dbaeb90e
Commit message - Added mongodb instructions for deb systems
---> The original commit sha is - d37402862b3043cab4a7b8ee0510d50e9967e913
Commit message - comments for the field_datatype convention
---> The files with partial_reverts are:-
.gitignore
bot/mozdefbot.py
cron/healthAndStatus.py
cron/healthToMongo.py
docker/Dockerfile
docker/conf/supervisor.conf
docs/source/overview.rst
initscripts/mozdefbot
lib/cefFifo2MQ.py
loginput/index.py
meteor/app/client/about.html
meteor/app/client/eshealthTable.html
meteor/app/client/mozdef.js
meteor/app/client/mozdefhealth.html
meteor/app/lib/collections.js
meteor/app/server/methods.js
meteor/app/server/mozdef.js
meteor/mozdef.html
mq/plugins/dropMessage.py
requirements.txt
-----------------------------------------------------------------

Partial Revert diff pair 43 is -> 
{ d683b567ab1f40236a0fa04638df63f4d252c555 -> 1821e1791e3d58d63af9162259980d6f53f9e688 } is a revert
{ 1469cecc17eb638a1b692b8beae9450e39ce7958 -> 088b9e9ba1efe229fcaf5a3d5665ce3db9827815 }
Partial Revert commits SHA are -> 
1821e1791e3d58d63af9162259980d6f53f9e688 - revert - 088b9e9ba1efe229fcaf5a3d5665ce3db9827815
---> The reverted commit sha is - 1821e1791e3d58d63af9162259980d6f53f9e688
Commit message - added sudo to install marvel
---> The original commit sha is - 088b9e9ba1efe229fcaf5a3d5665ce3db9827815
Commit message - fix for missing messages_ready stats in rabbitmq api
---> The files with partial_reverts are:-
bot/mozdefbot.py
cron/healthToMongo.py
initscripts/mozdefbot
lib/cefFifo2MQ.py
meteor/app/client/about.html
meteor/app/client/eshealthTable.html
meteor/app/client/mozdef.js
meteor/app/client/mozdefhealth.html
meteor/app/lib/collections.js
meteor/app/server/methods.js
meteor/app/server/mozdef.js
meteor/mozdef.html
mq/esworker.py
mq/plugins/dropMessage.py
-----------------------------------------------------------------

Partial Revert diff pair 44 is -> 
{ edf48a547ec166d6c0acbe228774ccb1eb63bb3d -> ce3c47ed2470e0d4fc0c7cb6ac869c57d22d5e5d } is a revert
{ e4b46f1bdfdf055cc6c070b23c9edc94b33f6741 -> d683b567ab1f40236a0fa04638df63f4d252c555 }
Partial Revert commits SHA are -> 
ce3c47ed2470e0d4fc0c7cb6ac869c57d22d5e5d - revert - d683b567ab1f40236a0fa04638df63f4d252c555
---> The reverted commit sha is - ce3c47ed2470e0d4fc0c7cb6ac869c57d22d5e5d
Commit message - averez-56-healthinfo: add es nodes stats in webui
---> The original commit sha is - d683b567ab1f40236a0fa04638df63f4d252c555
Commit message - Merge pull request #93 from netantho/averez-56-healthinfo

health webpage
---> The files with partial_reverts are:-
bot/mozdefbot.py
cron/setupIndexTemplates.py
initscripts/mozdefbot
lib/cefFifo2MQ.py
mq/esworker.py
mq/plugins/dropMessage.py
mq/plugins/geoip.py
mq/plugins/ipFixup.py
-----------------------------------------------------------------

Partial Revert diff pair 45 is -> 
{ ee276b4d71151e389f6d10f5c7bf4f6abdfe833f -> 0d715216a57d857c871f31d0a4ad24fd30a9a5c1 } is a revert
{ 0d715216a57d857c871f31d0a4ad24fd30a9a5c1 -> b480e3cfbeac7443b14a9e915233d1b2fa7104d2 }
Partial Revert commits SHA are -> 
0d715216a57d857c871f31d0a4ad24fd30a9a5c1 - revert - b480e3cfbeac7443b14a9e915233d1b2fa7104d2
---> The reverted commit sha is - 0d715216a57d857c871f31d0a4ad24fd30a9a5c1
Commit message - averez-83-incident-urls: Have one URL per incident URL (also fixes refresh in an incident page), Closes #83
---> The original commit sha is - b480e3cfbeac7443b14a9e915233d1b2fa7104d2
Commit message - Merge pull request #86 from netantho/averez-83-incident-urls

averez-83-incident-urls: Have one URL per incident URL (also fixes refre...
---> The files with partial_reverts are:-
mq/plugins/geoip.py
mq/plugins/ipFixup.py
-----------------------------------------------------------------

Partial Revert diff pair 46 is -> 
{ a99d5ba1359bbff7c16f5ef3a07486bed35a3486 -> 9ca37cd0f3429171525697494e648d998bd20a0d } is a revert
{ 3b2f9819566bf5e45d47da3e861de98155bffb27 -> eb3e6202f45a84669cd8ac9640f055690b9852eb }
Partial Revert commits SHA are -> 
9ca37cd0f3429171525697494e648d998bd20a0d - revert - eb3e6202f45a84669cd8ac9640f055690b9852eb
---> The reverted commit sha is - 9ca37cd0f3429171525697494e648d998bd20a0d
Commit message - averez-6-incident-dragdrop: fix tags saving
---> The original commit sha is - eb3e6202f45a84669cd8ac9640f055690b9852eb
Commit message - Merge pull request #82 from netantho/averez-6-incident-dragdrop

averez-6-incident-dragdrop: fix drag and drop on the incident page
---> The files with partial_reverts are:-
meteor/app/client/mozdef.js
-----------------------------------------------------------------

Partial Revert diff pair 47 is -> 
{ 847134da77c22792acc5d38dc30ca0c44825c9e8 -> 587020aec974c8278de916155be7ad4ae0abe942 } is a revert
{ e0e2b3464949aa2efb66e8b2ccf8fbcde0b08dcc -> 9e05052fcb31fed6b2c063945f20e9702b8bcfeb }
Partial Revert commits SHA are -> 
587020aec974c8278de916155be7ad4ae0abe942 - revert - 9e05052fcb31fed6b2c063945f20e9702b8bcfeb
---> The reverted commit sha is - 587020aec974c8278de916155be7ad4ae0abe942
Commit message - unicode fixes, plugin logic fixes, nanosecond epoch allowances
---> The original commit sha is - 9e05052fcb31fed6b2c063945f20e9702b8bcfeb
Commit message - Merge pull request #80 from netantho/averez-36-docker-console

averez-36-docker-console: document how to use nsenter to get into a dock...
---> The files with partial_reverts are:-
docs/source/installation.rst
-----------------------------------------------------------------

Partial Revert diff pair 48 is -> 
{ 3889c852464a6261f5fa3342552e5c35cb68719f -> d13e12e1843c3c68745c1e516947b6decc2b9341 } is a revert
{ a9abda469c342c4cd353e3a24875b24142484c24 -> 37f502e914464f219364dabdf7d0c86893db182a }
Partial Revert commits SHA are -> 
d13e12e1843c3c68745c1e516947b6decc2b9341 - revert - 37f502e914464f219364dabdf7d0c86893db182a
---> The reverted commit sha is - d13e12e1843c3c68745c1e516947b6decc2b9341
Commit message - averez-27-dashboards-listing: Kibana dashboards in REST api
---> The original commit sha is - 37f502e914464f219364dabdf7d0c86893db182a
Commit message - averez-27-dashboards-listing: use config file for settings for kibana urls
---> The files with partial_reverts are:-
rest/settings.py
-----------------------------------------------------------------

Partial Revert diff pair 49 is -> 
{ f9ea46265d8b08e35899b075af74c39e78570189 -> dcde5cdfda2040b1315ffa99465b41c212086c5c } is a revert
{ dcde5cdfda2040b1315ffa99465b41c212086c5c -> 82f489e6a6b2afd12d2de92d4a36b46d5d850033 }
Partial Revert commits SHA are -> 
dcde5cdfda2040b1315ffa99465b41c212086c5c - revert - 82f489e6a6b2afd12d2de92d4a36b46d5d850033
---> The reverted commit sha is - dcde5cdfda2040b1315ffa99465b41c212086c5c
Commit message - averez-22-license:  Fix license stuff (Closes #22)
---> The original commit sha is - 82f489e6a6b2afd12d2de92d4a36b46d5d850033
Commit message - Merge pull request #74 from netantho/averez-22-license

averez-22-license:  Fix license stuff (Closes #22)
---> The files with partial_reverts are:-
docs/source/code.rst
-----------------------------------------------------------------

Partial Revert diff pair 50 is -> 
{ ec57fb23b41001eabfb55f391c46c62aa31d79ec -> 6698c89e16960b59ca7341cc17827f28fe488c47 } is a revert
{ 47ad44a3324d807df1c74bc5f559b86b5ffe0170 -> 29c482aa4ce53e7f6a232c9289b204c2465a7145 }
Partial Revert commits SHA are -> 
6698c89e16960b59ca7341cc17827f28fe488c47 - revert - 29c482aa4ce53e7f6a232c9289b204c2465a7145
---> The reverted commit sha is - 6698c89e16960b59ca7341cc17827f28fe488c47
Commit message - Feedback
---> The original commit sha is - 29c482aa4ce53e7f6a232c9289b204c2465a7145
Commit message - Merge pull request #37 from netantho/averez-issue-23-contributing

averez-issue-23-contributing: add CONTRIBUTING.md
---> The files with partial_reverts are:-
CONTRIBUTING.md
-----------------------------------------------------------------

Partial Revert diff pair 51 is -> 
{ 0c6cbd996a582953ba25a0077b3e76b328a63fbd -> 27bd0691590a79d496b8c5dc5dd962f8bc6a613b } is a revert
{ 6698c89e16960b59ca7341cc17827f28fe488c47 -> 47ad44a3324d807df1c74bc5f559b86b5ffe0170 }
Partial Revert commits SHA are -> 
27bd0691590a79d496b8c5dc5dd962f8bc6a613b - revert - 47ad44a3324d807df1c74bc5f559b86b5ffe0170
---> The reverted commit sha is - 27bd0691590a79d496b8c5dc5dd962f8bc6a613b
Commit message - Import and fix Docker config
---> The original commit sha is - 47ad44a3324d807df1c74bc5f559b86b5ffe0170
Commit message - Merge pull request #39 from trink/master

Feedback
---> The files with partial_reverts are:-
docker/README.md
-----------------------------------------------------------------

Partial Revert diff pair 52 is -> 
{ e75d56098090742e535c383f2246e30c6b375da6 -> e448108d76fe3ee9b24f18f39b32aca4d89c879c } is a revert
{ 6698c89e16960b59ca7341cc17827f28fe488c47 -> 47ad44a3324d807df1c74bc5f559b86b5ffe0170 }
Partial Revert commits SHA are -> 
e448108d76fe3ee9b24f18f39b32aca4d89c879c - revert - 47ad44a3324d807df1c74bc5f559b86b5ffe0170
---> The reverted commit sha is - e448108d76fe3ee9b24f18f39b32aca4d89c879c
Commit message - Add Yohann Lepage in the contributors list
---> The original commit sha is - 47ad44a3324d807df1c74bc5f559b86b5ffe0170
Commit message - Merge pull request #39 from trink/master

Feedback
---> The files with partial_reverts are:-
docker/README.md
-----------------------------------------------------------------

Partial Revert diff pair 53 is -> 
{ 2bfb1a2d9b3e136cdc0643bfaa02f345655c2ac8 -> c5dd612c1355826f0e1c676304c7455b82c5e599 } is a revert
{ 6698c89e16960b59ca7341cc17827f28fe488c47 -> 47ad44a3324d807df1c74bc5f559b86b5ffe0170 }
Partial Revert commits SHA are -> 
c5dd612c1355826f0e1c676304c7455b82c5e599 - revert - 47ad44a3324d807df1c74bc5f559b86b5ffe0170
---> The reverted commit sha is - c5dd612c1355826f0e1c676304c7455b82c5e599
Commit message - Merge pull request #26 from netantho/netantho-docker

docker
---> The original commit sha is - 47ad44a3324d807df1c74bc5f559b86b5ffe0170
Commit message - Merge pull request #39 from trink/master

Feedback
---> The files with partial_reverts are:-
docker/README.md
-----------------------------------------------------------------

Partial Revert diff pair 54 is -> 
{ f14e2a0b2ad118ec3448fec7ac3dc622a79a827c -> 4af296ad97ea0e5841f5d6bff7a8b128db848717 } is a revert
{ 6698c89e16960b59ca7341cc17827f28fe488c47 -> 47ad44a3324d807df1c74bc5f559b86b5ffe0170 }
Partial Revert commits SHA are -> 
4af296ad97ea0e5841f5d6bff7a8b128db848717 - revert - 47ad44a3324d807df1c74bc5f559b86b5ffe0170
---> The reverted commit sha is - 4af296ad97ea0e5841f5d6bff7a8b128db848717
Commit message - Added Shell script to run static code analyzis for python code.
---> The original commit sha is - 47ad44a3324d807df1c74bc5f559b86b5ffe0170
Commit message - Merge pull request #39 from trink/master

Feedback
---> The files with partial_reverts are:-
docker/README.md
-----------------------------------------------------------------

Partial Revert diff pair 55 is -> 
{ 2b3ee9fc73e9525df9f626c03231a69bff622058 -> e50f4fc85e0d42c627bd8e90c383b25dc2c74369 } is a revert
{ 6698c89e16960b59ca7341cc17827f28fe488c47 -> 47ad44a3324d807df1c74bc5f559b86b5ffe0170 }
Partial Revert commits SHA are -> 
e50f4fc85e0d42c627bd8e90c383b25dc2c74369 - revert - 47ad44a3324d807df1c74bc5f559b86b5ffe0170
---> The reverted commit sha is - e50f4fc85e0d42c627bd8e90c383b25dc2c74369
Commit message - merging upstream changes
---> The original commit sha is - 47ad44a3324d807df1c74bc5f559b86b5ffe0170
Commit message - Merge pull request #39 from trink/master

Feedback
---> The files with partial_reverts are:-
docker/README.md
-----------------------------------------------------------------

Partial Revert diff pair 56 is -> 
{ be859fe8557867be87ff0defdb4edc3ccd411d35 -> d5cd5048bda6ffc0040554708d17adbbdccae8ef } is a revert
{ 6698c89e16960b59ca7341cc17827f28fe488c47 -> 47ad44a3324d807df1c74bc5f559b86b5ffe0170 }
Partial Revert commits SHA are -> 
d5cd5048bda6ffc0040554708d17adbbdccae8ef - revert - 47ad44a3324d807df1c74bc5f559b86b5ffe0170
---> The reverted commit sha is - d5cd5048bda6ffc0040554708d17adbbdccae8ef
Commit message - add utility to read a fifo with cef data and post to mozdef message queue(s)
---> The original commit sha is - 47ad44a3324d807df1c74bc5f559b86b5ffe0170
Commit message - Merge pull request #39 from trink/master

Feedback
---> The files with partial_reverts are:-
docker/README.md
-----------------------------------------------------------------

Partial Revert diff pair 57 is -> 
{ 1fbfd2db7bf9740f98f8d732693cf0d7fa14b843 -> 57aa8ab6e0b5d66fc6f934b41da39c7d0f7ed84e } is a revert
{ 6698c89e16960b59ca7341cc17827f28fe488c47 -> 47ad44a3324d807df1c74bc5f559b86b5ffe0170 }
Partial Revert commits SHA are -> 
57aa8ab6e0b5d66fc6f934b41da39c7d0f7ed84e - revert - 47ad44a3324d807df1c74bc5f559b86b5ffe0170
---> The reverted commit sha is - 57aa8ab6e0b5d66fc6f934b41da39c7d0f7ed84e
Commit message - allow alertworker to monitor MQ on one server and send alerts to another MQ server
---> The original commit sha is - 47ad44a3324d807df1c74bc5f559b86b5ffe0170
Commit message - Merge pull request #39 from trink/master

Feedback
---> The files with partial_reverts are:-
docker/README.md
-----------------------------------------------------------------

Partial Revert diff pair 58 is -> 
{ 558dbafe56a223a2010d8353e43a4a8e09a34e86 -> c274341bdc09d76b2b3b75bec1f13016644dbdee } is a revert
{ 6698c89e16960b59ca7341cc17827f28fe488c47 -> 47ad44a3324d807df1c74bc5f559b86b5ffe0170 }
Partial Revert commits SHA are -> 
c274341bdc09d76b2b3b75bec1f13016644dbdee - revert - 47ad44a3324d807df1c74bc5f559b86b5ffe0170
---> The reverted commit sha is - c274341bdc09d76b2b3b75bec1f13016644dbdee
Commit message - Merge remote-tracking branch 'upstream/master' into averez-doc

Conflicts:
	docs/source/usage.rst
---> The original commit sha is - 47ad44a3324d807df1c74bc5f559b86b5ffe0170
Commit message - Merge pull request #39 from trink/master

Feedback
---> The files with partial_reverts are:-
docker/README.md
-----------------------------------------------------------------

Partial Revert diff pair 59 is -> 
{ 46f665491dfc09fec4955ba2b2f9382eb96b12ec -> 57d40fc9d40c56e96dc2c7c5ea5250d618e7907f } is a revert
{ 6698c89e16960b59ca7341cc17827f28fe488c47 -> 47ad44a3324d807df1c74bc5f559b86b5ffe0170 }
Partial Revert commits SHA are -> 
57d40fc9d40c56e96dc2c7c5ea5250d618e7907f - revert - 47ad44a3324d807df1c74bc5f559b86b5ffe0170
---> The reverted commit sha is - 57d40fc9d40c56e96dc2c7c5ea5250d618e7907f
Commit message - typo, limit to current index
---> The original commit sha is - 47ad44a3324d807df1c74bc5f559b86b5ffe0170
Commit message - Merge pull request #39 from trink/master

Feedback
---> The files with partial_reverts are:-
docker/Dockerfile
docker/Makefile
docker/README.md
-----------------------------------------------------------------

Partial Revert diff pair 60 is -> 
{ 856bdae3bf58d2bc6b13add624b3d5b26322d09d -> ec57fb23b41001eabfb55f391c46c62aa31d79ec } is a revert
{ 6698c89e16960b59ca7341cc17827f28fe488c47 -> 47ad44a3324d807df1c74bc5f559b86b5ffe0170 }
Partial Revert commits SHA are -> 
ec57fb23b41001eabfb55f391c46c62aa31d79ec - revert - 47ad44a3324d807df1c74bc5f559b86b5ffe0170
---> The reverted commit sha is - ec57fb23b41001eabfb55f391c46c62aa31d79ec
Commit message - averez-issue-23-contributing: add CONTRIBUTING.md
---> The original commit sha is - 47ad44a3324d807df1c74bc5f559b86b5ffe0170
Commit message - Merge pull request #39 from trink/master

Feedback
---> The files with partial_reverts are:-
docker/Dockerfile
docker/Makefile
docker/README.md
-----------------------------------------------------------------

Partial Revert diff pair 61 is -> 
{ 0c6cbd996a582953ba25a0077b3e76b328a63fbd -> 27bd0691590a79d496b8c5dc5dd962f8bc6a613b } is a revert
{ c6a2deabeae774e6aa97f90f98888452ab2cf82a -> 856bdae3bf58d2bc6b13add624b3d5b26322d09d }
Partial Revert commits SHA are -> 
27bd0691590a79d496b8c5dc5dd962f8bc6a613b - revert - 856bdae3bf58d2bc6b13add624b3d5b26322d09d
---> The reverted commit sha is - 27bd0691590a79d496b8c5dc5dd962f8bc6a613b
Commit message - Import and fix Docker config
---> The original commit sha is - 856bdae3bf58d2bc6b13add624b3d5b26322d09d
Commit message - Merge pull request #35 from netantho/averez-issue-31

averez-issue-31: Fix docker config for docker 0.10 (Issue #31)
---> The files with partial_reverts are:-
docker/README.md
-----------------------------------------------------------------

Partial Revert diff pair 62 is -> 
{ e75d56098090742e535c383f2246e30c6b375da6 -> e448108d76fe3ee9b24f18f39b32aca4d89c879c } is a revert
{ c6a2deabeae774e6aa97f90f98888452ab2cf82a -> 856bdae3bf58d2bc6b13add624b3d5b26322d09d }
Partial Revert commits SHA are -> 
e448108d76fe3ee9b24f18f39b32aca4d89c879c - revert - 856bdae3bf58d2bc6b13add624b3d5b26322d09d
---> The reverted commit sha is - e448108d76fe3ee9b24f18f39b32aca4d89c879c
Commit message - Add Yohann Lepage in the contributors list
---> The original commit sha is - 856bdae3bf58d2bc6b13add624b3d5b26322d09d
Commit message - Merge pull request #35 from netantho/averez-issue-31

averez-issue-31: Fix docker config for docker 0.10 (Issue #31)
---> The files with partial_reverts are:-
docker/README.md
-----------------------------------------------------------------

Partial Revert diff pair 63 is -> 
{ 2bfb1a2d9b3e136cdc0643bfaa02f345655c2ac8 -> c5dd612c1355826f0e1c676304c7455b82c5e599 } is a revert
{ c6a2deabeae774e6aa97f90f98888452ab2cf82a -> 856bdae3bf58d2bc6b13add624b3d5b26322d09d }
Partial Revert commits SHA are -> 
c5dd612c1355826f0e1c676304c7455b82c5e599 - revert - 856bdae3bf58d2bc6b13add624b3d5b26322d09d
---> The reverted commit sha is - c5dd612c1355826f0e1c676304c7455b82c5e599
Commit message - Merge pull request #26 from netantho/netantho-docker

docker
---> The original commit sha is - 856bdae3bf58d2bc6b13add624b3d5b26322d09d
Commit message - Merge pull request #35 from netantho/averez-issue-31

averez-issue-31: Fix docker config for docker 0.10 (Issue #31)
---> The files with partial_reverts are:-
docker/README.md
-----------------------------------------------------------------

Partial Revert diff pair 64 is -> 
{ f14e2a0b2ad118ec3448fec7ac3dc622a79a827c -> 4af296ad97ea0e5841f5d6bff7a8b128db848717 } is a revert
{ c6a2deabeae774e6aa97f90f98888452ab2cf82a -> 856bdae3bf58d2bc6b13add624b3d5b26322d09d }
Partial Revert commits SHA are -> 
4af296ad97ea0e5841f5d6bff7a8b128db848717 - revert - 856bdae3bf58d2bc6b13add624b3d5b26322d09d
---> The reverted commit sha is - 4af296ad97ea0e5841f5d6bff7a8b128db848717
Commit message - Added Shell script to run static code analyzis for python code.
---> The original commit sha is - 856bdae3bf58d2bc6b13add624b3d5b26322d09d
Commit message - Merge pull request #35 from netantho/averez-issue-31

averez-issue-31: Fix docker config for docker 0.10 (Issue #31)
---> The files with partial_reverts are:-
docker/README.md
-----------------------------------------------------------------

Partial Revert diff pair 65 is -> 
{ 2b3ee9fc73e9525df9f626c03231a69bff622058 -> e50f4fc85e0d42c627bd8e90c383b25dc2c74369 } is a revert
{ c6a2deabeae774e6aa97f90f98888452ab2cf82a -> 856bdae3bf58d2bc6b13add624b3d5b26322d09d }
Partial Revert commits SHA are -> 
e50f4fc85e0d42c627bd8e90c383b25dc2c74369 - revert - 856bdae3bf58d2bc6b13add624b3d5b26322d09d
---> The reverted commit sha is - e50f4fc85e0d42c627bd8e90c383b25dc2c74369
Commit message - merging upstream changes
---> The original commit sha is - 856bdae3bf58d2bc6b13add624b3d5b26322d09d
Commit message - Merge pull request #35 from netantho/averez-issue-31

averez-issue-31: Fix docker config for docker 0.10 (Issue #31)
---> The files with partial_reverts are:-
docker/README.md
-----------------------------------------------------------------

Partial Revert diff pair 66 is -> 
{ be859fe8557867be87ff0defdb4edc3ccd411d35 -> d5cd5048bda6ffc0040554708d17adbbdccae8ef } is a revert
{ c6a2deabeae774e6aa97f90f98888452ab2cf82a -> 856bdae3bf58d2bc6b13add624b3d5b26322d09d }
Partial Revert commits SHA are -> 
d5cd5048bda6ffc0040554708d17adbbdccae8ef - revert - 856bdae3bf58d2bc6b13add624b3d5b26322d09d
---> The reverted commit sha is - d5cd5048bda6ffc0040554708d17adbbdccae8ef
Commit message - add utility to read a fifo with cef data and post to mozdef message queue(s)
---> The original commit sha is - 856bdae3bf58d2bc6b13add624b3d5b26322d09d
Commit message - Merge pull request #35 from netantho/averez-issue-31

averez-issue-31: Fix docker config for docker 0.10 (Issue #31)
---> The files with partial_reverts are:-
docker/README.md
-----------------------------------------------------------------

Partial Revert diff pair 67 is -> 
{ 1fbfd2db7bf9740f98f8d732693cf0d7fa14b843 -> 57aa8ab6e0b5d66fc6f934b41da39c7d0f7ed84e } is a revert
{ c6a2deabeae774e6aa97f90f98888452ab2cf82a -> 856bdae3bf58d2bc6b13add624b3d5b26322d09d }
Partial Revert commits SHA are -> 
57aa8ab6e0b5d66fc6f934b41da39c7d0f7ed84e - revert - 856bdae3bf58d2bc6b13add624b3d5b26322d09d
---> The reverted commit sha is - 57aa8ab6e0b5d66fc6f934b41da39c7d0f7ed84e
Commit message - allow alertworker to monitor MQ on one server and send alerts to another MQ server
---> The original commit sha is - 856bdae3bf58d2bc6b13add624b3d5b26322d09d
Commit message - Merge pull request #35 from netantho/averez-issue-31

averez-issue-31: Fix docker config for docker 0.10 (Issue #31)
---> The files with partial_reverts are:-
docker/README.md
-----------------------------------------------------------------

Partial Revert diff pair 68 is -> 
{ 558dbafe56a223a2010d8353e43a4a8e09a34e86 -> c274341bdc09d76b2b3b75bec1f13016644dbdee } is a revert
{ c6a2deabeae774e6aa97f90f98888452ab2cf82a -> 856bdae3bf58d2bc6b13add624b3d5b26322d09d }
Partial Revert commits SHA are -> 
c274341bdc09d76b2b3b75bec1f13016644dbdee - revert - 856bdae3bf58d2bc6b13add624b3d5b26322d09d
---> The reverted commit sha is - c274341bdc09d76b2b3b75bec1f13016644dbdee
Commit message - Merge remote-tracking branch 'upstream/master' into averez-doc

Conflicts:
	docs/source/usage.rst
---> The original commit sha is - 856bdae3bf58d2bc6b13add624b3d5b26322d09d
Commit message - Merge pull request #35 from netantho/averez-issue-31

averez-issue-31: Fix docker config for docker 0.10 (Issue #31)
---> The files with partial_reverts are:-
docker/README.md
-----------------------------------------------------------------

Partial Revert diff pair 69 is -> 
{ 46f665491dfc09fec4955ba2b2f9382eb96b12ec -> 57d40fc9d40c56e96dc2c7c5ea5250d618e7907f } is a revert
{ c6a2deabeae774e6aa97f90f98888452ab2cf82a -> 856bdae3bf58d2bc6b13add624b3d5b26322d09d }
Partial Revert commits SHA are -> 
57d40fc9d40c56e96dc2c7c5ea5250d618e7907f - revert - 856bdae3bf58d2bc6b13add624b3d5b26322d09d
---> The reverted commit sha is - 57d40fc9d40c56e96dc2c7c5ea5250d618e7907f
Commit message - typo, limit to current index
---> The original commit sha is - 856bdae3bf58d2bc6b13add624b3d5b26322d09d
Commit message - Merge pull request #35 from netantho/averez-issue-31

averez-issue-31: Fix docker config for docker 0.10 (Issue #31)
---> The files with partial_reverts are:-
docker/Dockerfile
docker/Makefile
docker/README.md
-----------------------------------------------------------------

Partial Revert diff pair 70 is -> 
{ 0c6cbd996a582953ba25a0077b3e76b328a63fbd -> 27bd0691590a79d496b8c5dc5dd962f8bc6a613b } is a revert
{ 8cf32cd6e7ca91c0b3fdeda3802c7d8b1a16c7cd -> 46f665491dfc09fec4955ba2b2f9382eb96b12ec }
Partial Revert commits SHA are -> 
27bd0691590a79d496b8c5dc5dd962f8bc6a613b - revert - 46f665491dfc09fec4955ba2b2f9382eb96b12ec
---> The reverted commit sha is - 27bd0691590a79d496b8c5dc5dd962f8bc6a613b
Commit message - Import and fix Docker config
---> The original commit sha is - 46f665491dfc09fec4955ba2b2f9382eb96b12ec
Commit message - averez-issue-31: Fix docker config for docker 0.10
---> The files with partial_reverts are:-
docker/README.md
-----------------------------------------------------------------

Partial Revert diff pair 71 is -> 
{ e75d56098090742e535c383f2246e30c6b375da6 -> e448108d76fe3ee9b24f18f39b32aca4d89c879c } is a revert
{ 8cf32cd6e7ca91c0b3fdeda3802c7d8b1a16c7cd -> 46f665491dfc09fec4955ba2b2f9382eb96b12ec }
Partial Revert commits SHA are -> 
e448108d76fe3ee9b24f18f39b32aca4d89c879c - revert - 46f665491dfc09fec4955ba2b2f9382eb96b12ec
---> The reverted commit sha is - e448108d76fe3ee9b24f18f39b32aca4d89c879c
Commit message - Add Yohann Lepage in the contributors list
---> The original commit sha is - 46f665491dfc09fec4955ba2b2f9382eb96b12ec
Commit message - averez-issue-31: Fix docker config for docker 0.10
---> The files with partial_reverts are:-
docker/README.md
-----------------------------------------------------------------

Partial Revert diff pair 72 is -> 
{ 2bfb1a2d9b3e136cdc0643bfaa02f345655c2ac8 -> c5dd612c1355826f0e1c676304c7455b82c5e599 } is a revert
{ 8cf32cd6e7ca91c0b3fdeda3802c7d8b1a16c7cd -> 46f665491dfc09fec4955ba2b2f9382eb96b12ec }
Partial Revert commits SHA are -> 
c5dd612c1355826f0e1c676304c7455b82c5e599 - revert - 46f665491dfc09fec4955ba2b2f9382eb96b12ec
---> The reverted commit sha is - c5dd612c1355826f0e1c676304c7455b82c5e599
Commit message - Merge pull request #26 from netantho/netantho-docker

docker
---> The original commit sha is - 46f665491dfc09fec4955ba2b2f9382eb96b12ec
Commit message - averez-issue-31: Fix docker config for docker 0.10
---> The files with partial_reverts are:-
docker/README.md
-----------------------------------------------------------------

Partial Revert diff pair 73 is -> 
{ f14e2a0b2ad118ec3448fec7ac3dc622a79a827c -> 4af296ad97ea0e5841f5d6bff7a8b128db848717 } is a revert
{ 8cf32cd6e7ca91c0b3fdeda3802c7d8b1a16c7cd -> 46f665491dfc09fec4955ba2b2f9382eb96b12ec }
Partial Revert commits SHA are -> 
4af296ad97ea0e5841f5d6bff7a8b128db848717 - revert - 46f665491dfc09fec4955ba2b2f9382eb96b12ec
---> The reverted commit sha is - 4af296ad97ea0e5841f5d6bff7a8b128db848717
Commit message - Added Shell script to run static code analyzis for python code.
---> The original commit sha is - 46f665491dfc09fec4955ba2b2f9382eb96b12ec
Commit message - averez-issue-31: Fix docker config for docker 0.10
---> The files with partial_reverts are:-
docker/README.md
-----------------------------------------------------------------

Partial Revert diff pair 74 is -> 
{ 2b3ee9fc73e9525df9f626c03231a69bff622058 -> e50f4fc85e0d42c627bd8e90c383b25dc2c74369 } is a revert
{ 8cf32cd6e7ca91c0b3fdeda3802c7d8b1a16c7cd -> 46f665491dfc09fec4955ba2b2f9382eb96b12ec }
Partial Revert commits SHA are -> 
e50f4fc85e0d42c627bd8e90c383b25dc2c74369 - revert - 46f665491dfc09fec4955ba2b2f9382eb96b12ec
---> The reverted commit sha is - e50f4fc85e0d42c627bd8e90c383b25dc2c74369
Commit message - merging upstream changes
---> The original commit sha is - 46f665491dfc09fec4955ba2b2f9382eb96b12ec
Commit message - averez-issue-31: Fix docker config for docker 0.10
---> The files with partial_reverts are:-
docker/README.md
-----------------------------------------------------------------

Partial Revert diff pair 75 is -> 
{ be859fe8557867be87ff0defdb4edc3ccd411d35 -> d5cd5048bda6ffc0040554708d17adbbdccae8ef } is a revert
{ 8cf32cd6e7ca91c0b3fdeda3802c7d8b1a16c7cd -> 46f665491dfc09fec4955ba2b2f9382eb96b12ec }
Partial Revert commits SHA are -> 
d5cd5048bda6ffc0040554708d17adbbdccae8ef - revert - 46f665491dfc09fec4955ba2b2f9382eb96b12ec
---> The reverted commit sha is - d5cd5048bda6ffc0040554708d17adbbdccae8ef
Commit message - add utility to read a fifo with cef data and post to mozdef message queue(s)
---> The original commit sha is - 46f665491dfc09fec4955ba2b2f9382eb96b12ec
Commit message - averez-issue-31: Fix docker config for docker 0.10
---> The files with partial_reverts are:-
docker/README.md
-----------------------------------------------------------------

Partial Revert diff pair 76 is -> 
{ 1fbfd2db7bf9740f98f8d732693cf0d7fa14b843 -> 57aa8ab6e0b5d66fc6f934b41da39c7d0f7ed84e } is a revert
{ 8cf32cd6e7ca91c0b3fdeda3802c7d8b1a16c7cd -> 46f665491dfc09fec4955ba2b2f9382eb96b12ec }
Partial Revert commits SHA are -> 
57aa8ab6e0b5d66fc6f934b41da39c7d0f7ed84e - revert - 46f665491dfc09fec4955ba2b2f9382eb96b12ec
---> The reverted commit sha is - 57aa8ab6e0b5d66fc6f934b41da39c7d0f7ed84e
Commit message - allow alertworker to monitor MQ on one server and send alerts to another MQ server
---> The original commit sha is - 46f665491dfc09fec4955ba2b2f9382eb96b12ec
Commit message - averez-issue-31: Fix docker config for docker 0.10
---> The files with partial_reverts are:-
docker/README.md
-----------------------------------------------------------------

Partial Revert diff pair 77 is -> 
{ 558dbafe56a223a2010d8353e43a4a8e09a34e86 -> c274341bdc09d76b2b3b75bec1f13016644dbdee } is a revert
{ 8cf32cd6e7ca91c0b3fdeda3802c7d8b1a16c7cd -> 46f665491dfc09fec4955ba2b2f9382eb96b12ec }
Partial Revert commits SHA are -> 
c274341bdc09d76b2b3b75bec1f13016644dbdee - revert - 46f665491dfc09fec4955ba2b2f9382eb96b12ec
---> The reverted commit sha is - c274341bdc09d76b2b3b75bec1f13016644dbdee
Commit message - Merge remote-tracking branch 'upstream/master' into averez-doc

Conflicts:
	docs/source/usage.rst
---> The original commit sha is - 46f665491dfc09fec4955ba2b2f9382eb96b12ec
Commit message - averez-issue-31: Fix docker config for docker 0.10
---> The files with partial_reverts are:-
docker/README.md
-----------------------------------------------------------------

Partial Revert diff pair 78 is -> 
{ c5dd612c1355826f0e1c676304c7455b82c5e599 -> 715ea0d8ab1fc0f7ec86a18466dbdd33c8a682c2 } is a revert
{ 2b3ee9fc73e9525df9f626c03231a69bff622058 -> e50f4fc85e0d42c627bd8e90c383b25dc2c74369 }
Partial Revert commits SHA are -> 
715ea0d8ab1fc0f7ec86a18466dbdd33c8a682c2 - revert - e50f4fc85e0d42c627bd8e90c383b25dc2c74369
---> The reverted commit sha is - 715ea0d8ab1fc0f7ec86a18466dbdd33c8a682c2
Commit message - Added Shell script to run static code analyzis for python code.
---> The original commit sha is - e50f4fc85e0d42c627bd8e90c383b25dc2c74369
Commit message - merging upstream changes
---> The files with partial_reverts are:-
docker/Dockerfile
docker/Makefile
docker/README.md
docker/conf/elasticsearch.yml
docker/conf/locale.gen
docker/conf/nginx.conf
docker/conf/supervisor.conf
docs/source/contributors.rst
docs/source/index.rst
docs/source/installation.rst
docs/source/usage.rst
-----------------------------------------------------------------

Partial Revert diff pair 79 is -> 
{ ebeb8d532ffee7e14a9361e1e0c2f5bcffcc9c9c -> 2b3ee9fc73e9525df9f626c03231a69bff622058 } is a revert
{ 2b3ee9fc73e9525df9f626c03231a69bff622058 -> e50f4fc85e0d42c627bd8e90c383b25dc2c74369 }
Partial Revert commits SHA are -> 
2b3ee9fc73e9525df9f626c03231a69bff622058 - revert - e50f4fc85e0d42c627bd8e90c383b25dc2c74369
---> The reverted commit sha is - 2b3ee9fc73e9525df9f626c03231a69bff622058
Commit message -  utility script to non-blocking tail a file with CEF messages (and only cef messages, no date/time/etc) and send to mozdef
---> The original commit sha is - e50f4fc85e0d42c627bd8e90c383b25dc2c74369
Commit message - merging upstream changes
---> The files with partial_reverts are:-
analyze_code.sh
docker/Dockerfile
docker/Makefile
docker/README.md
docker/conf/elasticsearch.yml
docker/conf/locale.gen
docker/conf/nginx.conf
docker/conf/supervisor.conf
docs/source/contributors.rst
docs/source/index.rst
docs/source/installation.rst
docs/source/usage.rst
-----------------------------------------------------------------

Partial Revert diff pair 80 is -> 
{ f14e2a0b2ad118ec3448fec7ac3dc622a79a827c -> 4af296ad97ea0e5841f5d6bff7a8b128db848717 } is a revert
{ 4af296ad97ea0e5841f5d6bff7a8b128db848717 -> b03cf71ed2cd06665ec71e8385675182eaef270c }
Partial Revert commits SHA are -> 
4af296ad97ea0e5841f5d6bff7a8b128db848717 - revert - b03cf71ed2cd06665ec71e8385675182eaef270c
---> The reverted commit sha is - 4af296ad97ea0e5841f5d6bff7a8b128db848717
Commit message - Added Shell script to run static code analyzis for python code.
---> The original commit sha is - b03cf71ed2cd06665ec71e8385675182eaef270c
Commit message - Make analyze_code skip checks that are not installed.
---> The files with partial_reverts are:-
analyze_code.sh
-----------------------------------------------------------------

Partial Revert diff pair 81 is -> 
{ c5dd612c1355826f0e1c676304c7455b82c5e599 -> 715ea0d8ab1fc0f7ec86a18466dbdd33c8a682c2 } is a revert
{ f14e2a0b2ad118ec3448fec7ac3dc622a79a827c -> 4af296ad97ea0e5841f5d6bff7a8b128db848717 }
Partial Revert commits SHA are -> 
715ea0d8ab1fc0f7ec86a18466dbdd33c8a682c2 - revert - 4af296ad97ea0e5841f5d6bff7a8b128db848717
---> The reverted commit sha is - 715ea0d8ab1fc0f7ec86a18466dbdd33c8a682c2
Commit message - Added Shell script to run static code analyzis for python code.
---> The original commit sha is - 4af296ad97ea0e5841f5d6bff7a8b128db848717
Commit message - Added Shell script to run static code analyzis for python code.
---> The files with partial_reverts are:-
cron/broAlerts.sh
docker/Dockerfile
docker/Makefile
docker/README.md
docker/conf/elasticsearch.yml
docker/conf/locale.gen
docker/conf/nginx.conf
docker/conf/supervisor.conf
docs/source/contributors.rst
docs/source/index.rst
docs/source/installation.rst
docs/source/usage.rst
lib/cefFile2Mozdef.py
mq/esworker.py
-----------------------------------------------------------------

Partial Revert diff pair 82 is -> 
{ 4cf18e499e7bfd345d119f09097f30d164e94439 -> 119bbe066091372016cecc2d25cd61e093286bf2 } is a revert
{ 2bfb1a2d9b3e136cdc0643bfaa02f345655c2ac8 -> c5dd612c1355826f0e1c676304c7455b82c5e599 }
Partial Revert commits SHA are -> 
119bbe066091372016cecc2d25cd61e093286bf2 - revert - c5dd612c1355826f0e1c676304c7455b82c5e599
---> The reverted commit sha is - 119bbe066091372016cecc2d25cd61e093286bf2
Commit message - 100% less regex for speed, async http posting improved
---> The original commit sha is - c5dd612c1355826f0e1c676304c7455b82c5e599
Commit message - Merge pull request #26 from netantho/netantho-docker

docker
---> The files with partial_reverts are:-
docker/Dockerfile
docker/Makefile
docker/README.md
docker/conf/elasticsearch.yml
docker/conf/locale.gen
docker/conf/nginx.conf
docker/conf/supervisor.conf
docs/source/contributors.rst
docs/source/index.rst
docs/source/installation.rst
docs/source/usage.rst
-----------------------------------------------------------------

Partial Revert diff pair 83 is -> 
{ f29be4612e6ebb2384c886ccb47c3d720fca11e0 -> 74665d454d25de18496265d42fa4562d4c7443f6 } is a revert
{ 74665d454d25de18496265d42fa4562d4c7443f6 -> 0c6cbd996a582953ba25a0077b3e76b328a63fbd }
Partial Revert commits SHA are -> 
74665d454d25de18496265d42fa4562d4c7443f6 - revert - 0c6cbd996a582953ba25a0077b3e76b328a63fbd
---> The reverted commit sha is - 74665d454d25de18496265d42fa4562d4c7443f6
Commit message - fix bug where no tag in event still inspects event for alert with tag criteria
---> The original commit sha is - 0c6cbd996a582953ba25a0077b3e76b328a63fbd
Commit message - Merge pull request #21 from netantho/netantho-meteortemplate

meteor 0.8.x upgrade and settings for docker config
---> The files with partial_reverts are:-
meteor/app/client/alertssummary.html
meteor/app/client/attackers.html
meteor/app/client/incidentTable.html
meteor/app/client/logincounts.html
meteor/app/client/mozdef.js
meteor/app/client/null.html
meteor/app/lib/settings.js
meteor/mozdef.html
-----------------------------------------------------------------

Partial Revert diff pair 84 is -> 
{ 0bd0718265586ea0bdecf6682e6aa5423af20f9f -> 8afc98bfd9dfd7ab4457877ad88e45965582e252 } is a revert
{ 8afc98bfd9dfd7ab4457877ad88e45965582e252 -> 0cd43fcd21fe09443cfa630b38bc9977bdd86bda }
Partial Revert commits SHA are -> 
8afc98bfd9dfd7ab4457877ad88e45965582e252 - revert - 0cd43fcd21fe09443cfa630b38bc9977bdd86bda
---> The reverted commit sha is - 8afc98bfd9dfd7ab4457877ad88e45965582e252
Commit message - twitter handles
---> The original commit sha is - 0cd43fcd21fe09443cfa630b38bc9977bdd86bda
Commit message - pull doc changes
---> The files with partial_reverts are:-
docs/source/introduction.rst
-----------------------------------------------------------------

Partial Revert diff pair 85 is -> 
{ 6e90e596da7fe1e9862f14a2c8ac9f3737c385da -> a40aa67d243388f40490f54b05dcfde1648d67de } is a revert
{ a40aa67d243388f40490f54b05dcfde1648d67de -> 840efeb606d674deb98e588fb15917f5cfb0a60e }
Partial Revert commits SHA are -> 
a40aa67d243388f40490f54b05dcfde1648d67de - revert - 840efeb606d674deb98e588fb15917f5cfb0a60e
---> The reverted commit sha is - a40aa67d243388f40490f54b05dcfde1648d67de
Commit message - allow for alerting on non-dns AWS instances..pick the best alerting text
---> The original commit sha is - 840efeb606d674deb98e588fb15917f5cfb0a60e
Commit message - merge upstream doc changes
---> The files with partial_reverts are:-
cron/backupES10.sh
docs/source/installation.rst
docs/source/overview.rst
-----------------------------------------------------------------

Partial Revert diff pair 86 is -> 
{ dd6839d74ce88f0a5bdae067ab6017c90f3359e4 -> ca75ef684557c5b16ddcd8ababef2f0fdeb79faf } is a revert
{ ca75ef684557c5b16ddcd8ababef2f0fdeb79faf -> 49a9e46f348adc2277f2cff52861544d962746ba }
Partial Revert commits SHA are -> 
ca75ef684557c5b16ddcd8ababef2f0fdeb79faf - revert - 49a9e46f348adc2277f2cff52861544d962746ba
---> The reverted commit sha is - ca75ef684557c5b16ddcd8ababef2f0fdeb79faf
Commit message - update bro alerts to account for default ES search size
---> The original commit sha is - 49a9e46f348adc2277f2cff52861544d962746ba
Commit message - merge upstream doc changes
---> The files with partial_reverts are:-
docs/source/overview.rst
docs/source/usage.rst
-----------------------------------------------------------------

Partial Revert diff pair 87 is -> 
{ 57c16b75924b05a465d99e1b07bd998a5d1f3a44 -> e6ff0ed8a217cd1fcdd6c4cb86b5fc009f32c381 } is a revert
{ a08ffaa3286b537ea7868893e29ec7fc3fb37bea -> ee496b16dc22b3d6bacad2b114246e7c2077d9ab }
Partial Revert commits SHA are -> 
e6ff0ed8a217cd1fcdd6c4cb86b5fc009f32c381 - revert - ee496b16dc22b3d6bacad2b114246e7c2077d9ab
---> The reverted commit sha is - e6ff0ed8a217cd1fcdd6c4cb86b5fc009f32c381
Commit message - asynchronously send log msgs (non-blocking)
introduce fire & forget mode (no errors even if log msg sending fails)
document usage of self-signed certs or/and non-system CA's
---> The original commit sha is - ee496b16dc22b3d6bacad2b114246e7c2077d9ab
Commit message - Merge pull request #12 from netantho/averez-doc

start documentation
---> The files with partial_reverts are:-
docs/Makefile
docs/build/.gitignore
docs/make.bat
docs/meteor.rst
docs/source/advanced_settings.rst
docs/source/code.rst
docs/source/conf.py
docs/source/index.rst
docs/source/installation.rst
docs/source/introduction.rst
docs/source/license.rst
docs/source/overview.rst
docs/source/public_api.rst
docs/source/usage.rst
requirements.txt
-----------------------------------------------------------------

Partial Revert diff pair 88 is -> 
{ bbe1c1de1374d0112acd6fb203bf30c692d6828d -> 19bcb34b70780e7ef88b789ad9cc5a3067ef7cb4 } is a revert
{ e6ff0ed8a217cd1fcdd6c4cb86b5fc009f32c381 -> a08ffaa3286b537ea7868893e29ec7fc3fb37bea }
Partial Revert commits SHA are -> 
19bcb34b70780e7ef88b789ad9cc5a3067ef7cb4 - revert - a08ffaa3286b537ea7868893e29ec7fc3fb37bea
---> The reverted commit sha is - 19bcb34b70780e7ef88b789ad9cc5a3067ef7cb4
Commit message - mozdef.py, a module to send msgs to mozdef easily:
import mozdef
msg = mozdef.MozDefMsg('hostname')
msg.send('hello world')
See the contents of the file for more information about the options.
To just test it, ./mozdef.py ;-)
---> The original commit sha is - a08ffaa3286b537ea7868893e29ec7fc3fb37bea
Commit message - Merge pull request #13 from gdestuynder/master

asynchronously send log msgs (non-blocking)
---> The files with partial_reverts are:-
meteor/app/client/mozdef.js
meteor/app/server/mozdef.js
meteor/private/veris.dotformat.txt
-----------------------------------------------------------------

Partial Revert diff pair 89 is -> 
{ 57c16b75924b05a465d99e1b07bd998a5d1f3a44 -> e6ff0ed8a217cd1fcdd6c4cb86b5fc009f32c381 } is a revert
{ e6ff0ed8a217cd1fcdd6c4cb86b5fc009f32c381 -> a08ffaa3286b537ea7868893e29ec7fc3fb37bea }
Partial Revert commits SHA are -> 
e6ff0ed8a217cd1fcdd6c4cb86b5fc009f32c381 - revert - a08ffaa3286b537ea7868893e29ec7fc3fb37bea
---> The reverted commit sha is - e6ff0ed8a217cd1fcdd6c4cb86b5fc009f32c381
Commit message - asynchronously send log msgs (non-blocking)
introduce fire & forget mode (no errors even if log msg sending fails)
document usage of self-signed certs or/and non-system CA's
---> The original commit sha is - a08ffaa3286b537ea7868893e29ec7fc3fb37bea
Commit message - Merge pull request #13 from gdestuynder/master

asynchronously send log msgs (non-blocking)
---> The files with partial_reverts are:-
meteor/app/client/mozdef.js
meteor/app/server/mozdef.js
meteor/private/veris.dotformat.txt
-----------------------------------------------------------------

Partial Revert diff pair 90 is -> 
{ bbe1c1de1374d0112acd6fb203bf30c692d6828d -> 19bcb34b70780e7ef88b789ad9cc5a3067ef7cb4 } is a revert
{ 26061f29a8934713c684ce08e6e723abee63e37f -> 9807f01e9ff066bd6b322325f64c33dc5dbbabbf }
Partial Revert commits SHA are -> 
19bcb34b70780e7ef88b789ad9cc5a3067ef7cb4 - revert - 9807f01e9ff066bd6b322325f64c33dc5dbbabbf
---> The reverted commit sha is - 19bcb34b70780e7ef88b789ad9cc5a3067ef7cb4
Commit message - mozdef.py, a module to send msgs to mozdef easily:
import mozdef
msg = mozdef.MozDefMsg('hostname')
msg.send('hello world')
See the contents of the file for more information about the options.
To just test it, ./mozdef.py ;-)
---> The original commit sha is - 9807f01e9ff066bd6b322325f64c33dc5dbbabbf
Commit message - Merge pull request #10 from netantho/averez-bugfixes

Fix a bunch of bugs
---> The files with partial_reverts are:-
meteor/app/client/mozdef.js
meteor/app/server/mozdef.js
meteor/private/veris.dotformat.txt
-----------------------------------------------------------------

Partial Revert diff pair 91 is -> 
{ 6cba0ef4c17b8b7b56f8066828c7015613ad53c8 -> 942e3b920d8543fc9767d2879598c0496e7e30fe } is a revert
{ 221757f4ed5fe190700cdd4a57f8f7fa323ff56f -> f2cf995f8e3f026079a43121ba6c51698df3ee72 }
Partial Revert commits SHA are -> 
942e3b920d8543fc9767d2879598c0496e7e30fe - revert - f2cf995f8e3f026079a43121ba6c51698df3ee72
---> The reverted commit sha is - 942e3b920d8543fc9767d2879598c0496e7e30fe
Commit message - ldap dashboard
---> The original commit sha is - f2cf995f8e3f026079a43121ba6c51698df3ee72
Commit message - Merge remote-tracking branch 'upstream/master'
---> The files with partial_reverts are:-
.gitignore
logs/.gitignore
meteor/.meteor/.gitignore
meteor/app/client/mozdef.js
meteor/app/server/methods.js
-----------------------------------------------------------------

Partial Revert diff pair 92 is -> 
{ deeeb817a6484d1e98c5341e24fe5ec86c753727 -> f0ddb98e02fb7dc120eb9d1b13acb366e44bf9e9 } is a revert
{ f87ab1d7bce0fbb5726f08b929c969d62dfc67ab -> 6cba0ef4c17b8b7b56f8066828c7015613ad53c8 }
Partial Revert commits SHA are -> 
f0ddb98e02fb7dc120eb9d1b13acb366e44bf9e9 - revert - 6cba0ef4c17b8b7b56f8066828c7015613ad53c8
---> The reverted commit sha is - f0ddb98e02fb7dc120eb9d1b13acb366e44bf9e9
Commit message - Add gitignore for .meteor folder
---> The original commit sha is - 6cba0ef4c17b8b7b56f8066828c7015613ad53c8
Commit message - minor python version change
---> The files with partial_reverts are:-
cron/cloudTrailAlerts.py
-----------------------------------------------------------------

Partial Revert diff pair 93 is -> 
{ deeeb817a6484d1e98c5341e24fe5ec86c753727 -> f0ddb98e02fb7dc120eb9d1b13acb366e44bf9e9 } is a revert
{ de2cde58913ba068de5e4daae253e1136e1f253d -> f87ab1d7bce0fbb5726f08b929c969d62dfc67ab }
Partial Revert commits SHA are -> 
f0ddb98e02fb7dc120eb9d1b13acb366e44bf9e9 - revert - f87ab1d7bce0fbb5726f08b929c969d62dfc67ab
---> The reverted commit sha is - f0ddb98e02fb7dc120eb9d1b13acb366e44bf9e9
Commit message - Add gitignore for .meteor folder
---> The original commit sha is - f87ab1d7bce0fbb5726f08b929c969d62dfc67ab
Commit message - initial pruning script, set to 10 days of history
---> The files with partial_reverts are:-
cron/pruneES.sh
-----------------------------------------------------------------

Partial Revert diff pair 94 is -> 
{ deeeb817a6484d1e98c5341e24fe5ec86c753727 -> f0ddb98e02fb7dc120eb9d1b13acb366e44bf9e9 } is a revert
{ 7a8dd64198e1940b9f1cb46a5c0870a09861d8de -> de2cde58913ba068de5e4daae253e1136e1f253d }
Partial Revert commits SHA are -> 
f0ddb98e02fb7dc120eb9d1b13acb366e44bf9e9 - revert - de2cde58913ba068de5e4daae253e1136e1f253d
---> The reverted commit sha is - f0ddb98e02fb7dc120eb9d1b13acb366e44bf9e9
Commit message - Add gitignore for .meteor folder
---> The original commit sha is - de2cde58913ba068de5e4daae253e1136e1f253d
Commit message - initial backup script for ES to S3
---> The files with partial_reverts are:-
cron/backupES.sh
-----------------------------------------------------------------

Partial Revert diff pair 95 is -> 
{ deeeb817a6484d1e98c5341e24fe5ec86c753727 -> f0ddb98e02fb7dc120eb9d1b13acb366e44bf9e9 } is a revert
{ de9844ddc7cd964cbeac98c0008fa01e0dacd430 -> 7a8dd64198e1940b9f1cb46a5c0870a09861d8de }
Partial Revert commits SHA are -> 
f0ddb98e02fb7dc120eb9d1b13acb366e44bf9e9 - revert - 7a8dd64198e1940b9f1cb46a5c0870a09861d8de
---> The reverted commit sha is - f0ddb98e02fb7dc120eb9d1b13acb366e44bf9e9
Commit message - Add gitignore for .meteor folder
---> The original commit sha is - 7a8dd64198e1940b9f1cb46a5c0870a09861d8de
Commit message - default kibana config file
---> The files with partial_reverts are:-
kibana/app/dashboards/default.json
-----------------------------------------------------------------

