# of reverts = 6
Revert diff pair 1 is -> 
{ 598dd80969996636bf36c10c81e9c9921ca15bdf -> 8a0e6f09dbbfbaccc4e9c5e77ee43f18df023fd8 } is a revert
{ 8a0e6f09dbbfbaccc4e9c5e77ee43f18df023fd8 -> 0cae4aada10cc3869ca64e983d9085fd064a6033 }
Revert commits SHA are -> 
8a0e6f09dbbfbaccc4e9c5e77ee43f18df023fd8 - revert - 0cae4aada10cc3869ca64e983d9085fd064a6033
---> The reverted commit sha is - 8a0e6f09dbbfbaccc4e9c5e77ee43f18df023fd8
Commit message - Merge pull request #125 from netantho/averez-banhammer

BanHammer integration
---> The original commit sha is - 0cae4aada10cc3869ca64e983d9085fd064a6033
Commit message - Merge pull request #126 from netantho/averez-banhammer

averez-banhammer: allow to enable/disable banhammer in rest api
-----------------------------------------------------------------

Revert diff pair 2 is -> 
{ 9e2c8c95e26d67415c2384b0cf682d7a259d6832 -> 598dd80969996636bf36c10c81e9c9921ca15bdf } is a revert
{ 598dd80969996636bf36c10c81e9c9921ca15bdf -> 8a0e6f09dbbfbaccc4e9c5e77ee43f18df023fd8 }
Revert commits SHA are -> 
598dd80969996636bf36c10c81e9c9921ca15bdf - revert - 8a0e6f09dbbfbaccc4e9c5e77ee43f18df023fd8
---> The reverted commit sha is - 598dd80969996636bf36c10c81e9c9921ca15bdf
Commit message - averez-banhammer: allow to enable/disable banhammer in rest api
---> The original commit sha is - 8a0e6f09dbbfbaccc4e9c5e77ee43f18df023fd8
Commit message - Merge pull request #125 from netantho/averez-banhammer

BanHammer integration
-----------------------------------------------------------------

Revert diff pair 3 is -> 
{ 70e1e2a20b2cf81e6386ed5bbafd4ab144944fb3 -> c83e61b2ae6d27b5d6756a58babe4b0c54856fe7 } is a revert
{ c83e61b2ae6d27b5d6756a58babe4b0c54856fe7 -> 885cd953423f16c291237a8f055f963acaa71185 }
Revert commits SHA are -> 
c83e61b2ae6d27b5d6756a58babe4b0c54856fe7 - revert - 885cd953423f16c291237a8f055f963acaa71185
---> The reverted commit sha is - c83e61b2ae6d27b5d6756a58babe4b0c54856fe7
Commit message - averez-docker: add verbose debugging for loginput :S
---> The original commit sha is - 885cd953423f16c291237a8f055f963acaa71185
Commit message - Revert "averez-docker: add verbose debugging for loginput :S"

This reverts commit c83e61b2ae6d27b5d6756a58babe4b0c54856fe7.
-----------------------------------------------------------------

Revert diff pair 4 is -> 
{ 660d05b30de99aafb87a80d2dd8cdc067c525e5a -> d2f51a0573f24f026fd07ef8e6eaa1451c69b5f2 } is a revert
{ 68bff5e60f9e8953e885bc1a6ff1ec437f4faea3 -> 7bfe23c2f5431789766d3a8727a438142470de87 }
Revert commits SHA are -> 
d2f51a0573f24f026fd07ef8e6eaa1451c69b5f2 - revert - 7bfe23c2f5431789766d3a8727a438142470de87
---> The reverted commit sha is - d2f51a0573f24f026fd07ef8e6eaa1451c69b5f2
Commit message - averez-docker: try having loginput die harder for supervisord when rabbitmq is not ready
---> The original commit sha is - 7bfe23c2f5431789766d3a8727a438142470de87
Commit message - Revert "averez-docker: try having loginput die harder for supervisord when rabbitmq is not ready"

This reverts commit d2f51a0573f24f026fd07ef8e6eaa1451c69b5f2.
-----------------------------------------------------------------

Revert diff pair 5 is -> 
{ 3b2f9819566bf5e45d47da3e861de98155bffb27 -> eb3e6202f45a84669cd8ac9640f055690b9852eb } is a revert
{ eb3e6202f45a84669cd8ac9640f055690b9852eb -> c48b560d159884f83fab0729e59ba538fce4afde }
Revert commits SHA are -> 
eb3e6202f45a84669cd8ac9640f055690b9852eb - revert - c48b560d159884f83fab0729e59ba538fce4afde
---> The reverted commit sha is - eb3e6202f45a84669cd8ac9640f055690b9852eb
Commit message - Merge pull request #82 from netantho/averez-6-incident-dragdrop

averez-6-incident-dragdrop: fix drag and drop on the incident page
---> The original commit sha is - c48b560d159884f83fab0729e59ba538fce4afde
Commit message - Merge pull request #85 from netantho/averez-6-incident-dragdrop

Fix tags saving
-----------------------------------------------------------------

Revert diff pair 6 is -> 
{ 2bb79c7026ccb6d813112f146d81e16161137012 -> c7c1ff25ae031b2cb7b15454bfbafd212f50d6ae } is a revert
{ c7c1ff25ae031b2cb7b15454bfbafd212f50d6ae -> 558c2e4ddd71250914b3aa0827712b0baf9f7378 }
Revert commits SHA are -> 
c7c1ff25ae031b2cb7b15454bfbafd212f50d6ae - revert - 558c2e4ddd71250914b3aa0827712b0baf9f7378
---> The reverted commit sha is - c7c1ff25ae031b2cb7b15454bfbafd212f50d6ae
Commit message - [averez-doc] try level 3 depth for toc
---> The original commit sha is - 558c2e4ddd71250914b3aa0827712b0baf9f7378
Commit message - Revert "[averez-doc] try level 3 depth for toc"

This reverts commit c7c1ff25ae031b2cb7b15454bfbafd212f50d6ae.
-----------------------------------------------------------------

