# of cherry-picks = 18
Cherry-pick diff pair 1 is -> 
{ 8d7b289b2f53c90ab92c1bb7e2011c0d30fa1e72 -> 498a03327822eb95eb74bda5335e702c4481752f } is a cherrypick
{ 885697714e45b861247b7bfff4661199c3438d1a -> 3b6797beb09726adfe9995787bacd63882921b92 }
Cherrypick commits SHA are -> 
498a03327822eb95eb74bda5335e702c4481752f - cherrypick - 3b6797beb09726adfe9995787bacd63882921b92
---> The cherrypicked commit sha is - 498a03327822eb95eb74bda5335e702c4481752f
Commit message - Update overview.rst

typos
---> The original commit sha is - 3b6797beb09726adfe9995787bacd63882921b92
Commit message - merge upstream doc changes
-----------------------------------------------------------------

Cherry-pick diff pair 2 is -> 
{ a4334a9255867c72a6ddc968482d822e5d285dd2 -> ba7432a63a7797657ab8e8c2cd0d94da9401a79f } is a cherrypick
{ 498df2cc9b626fd129c7210eee0f3a50aa7bad0e -> c1c7441345a6d3c9155e9078f7d322103ed0f2e1 }
Cherrypick commits SHA are -> 
ba7432a63a7797657ab8e8c2cd0d94da9401a79f - cherrypick - c1c7441345a6d3c9155e9078f7d322103ed0f2e1
---> The cherrypicked commit sha is - ba7432a63a7797657ab8e8c2cd0d94da9401a79f
Commit message - Bump to the latest version of elasticserach and kibana
---> The original commit sha is - c1c7441345a6d3c9155e9078f7d322103ed0f2e1
Commit message - Merge pull request #192 from 2xyo/patch-1

Bump to the latest version of elasticserach and kibana
-----------------------------------------------------------------

Cherry-pick diff pair 3 is -> 
{ 5f1fa17d5063ceeaebedd45b7bfcb990a6249978 -> 3c4276c0b5bfa1cccd1f9b5b8a02fbaf2f417323 } is a cherrypick
{ 457d1ccf4ca7b68926b5209cdea701fcbebf6b50 -> f80d224e71091941e0b79bbd48ea542d38bc906d }
Cherrypick commits SHA are -> 
3c4276c0b5bfa1cccd1f9b5b8a02fbaf2f417323 - cherrypick - f80d224e71091941e0b79bbd48ea542d38bc906d
---> The cherrypicked commit sha is - 3c4276c0b5bfa1cccd1f9b5b8a02fbaf2f417323
Commit message - Minor revisions to the overview
---> The original commit sha is - f80d224e71091941e0b79bbd48ea542d38bc906d
Commit message - upstream doc changes
-----------------------------------------------------------------

Cherry-pick diff pair 4 is -> 
{ 30987582e9e16284c5bd999e9f40fc6b009dfe8b -> c3899f7ad1af87dac40d0ca8a17b27ef0af0c83d } is a cherrypick
{ 13ac6341da59db9da583f1db9e2707f495172370 -> eeb62ea2463505e927052ec231e2abe350c36bbb }
Cherrypick commits SHA are -> 
c3899f7ad1af87dac40d0ca8a17b27ef0af0c83d - cherrypick - eeb62ea2463505e927052ec231e2abe350c36bbb
---> The cherrypicked commit sha is - c3899f7ad1af87dac40d0ca8a17b27ef0af0c83d
Commit message - averez-observium: Observium plugin by @XioNoX
---> The original commit sha is - eeb62ea2463505e927052ec231e2abe350c36bbb
Commit message - Merge pull request #185 from netantho/averez-netflow

netflow v5
-----------------------------------------------------------------

Cherry-pick diff pair 5 is -> 
{ c8aca1c1c27f55ca7ae4bb73434ab9906f356be1 -> ba69c2ce1d4237a4759e2bebe12a736161405fc1 } is a cherrypick
{ b06479a15466fe8f7c9aa891c911135bd3b0bf24 -> f167251c642e1124eb182b51b958de4ce8df3577 }
Cherrypick commits SHA are -> 
ba69c2ce1d4237a4759e2bebe12a736161405fc1 - cherrypick - f167251c642e1124eb182b51b958de4ce8df3577
---> The cherrypicked commit sha is - ba69c2ce1d4237a4759e2bebe12a736161405fc1
Commit message - docker cleanup settings.js
---> The original commit sha is - f167251c642e1124eb182b51b958de4ce8df3577
Commit message - merge upstream changes
-----------------------------------------------------------------

Cherry-pick diff pair 6 is -> 
{ 9e2c8c95e26d67415c2384b0cf682d7a259d6832 -> 598dd80969996636bf36c10c81e9c9921ca15bdf } is a cherrypick
{ 8a0e6f09dbbfbaccc4e9c5e77ee43f18df023fd8 -> 0cae4aada10cc3869ca64e983d9085fd064a6033 }
Cherrypick commits SHA are -> 
598dd80969996636bf36c10c81e9c9921ca15bdf - cherrypick - 0cae4aada10cc3869ca64e983d9085fd064a6033
---> The cherrypicked commit sha is - 598dd80969996636bf36c10c81e9c9921ca15bdf
Commit message - averez-banhammer: allow to enable/disable banhammer in rest api
---> The original commit sha is - 0cae4aada10cc3869ca64e983d9085fd064a6033
Commit message - Merge pull request #126 from netantho/averez-banhammer

averez-banhammer: allow to enable/disable banhammer in rest api
-----------------------------------------------------------------

Cherry-pick diff pair 7 is -> 
{ e8d3a86e2e595b06980d0b5cee6b1109c8e08c36 -> 64ef5a7a1357adc72938f14d5ac845b758f7f935 } is a cherrypick
{ 1c1d86fd3185d935f48ff8f37e2e5fd16ff1b03a -> 2e35a99a1eba31ae8444ab4971d26d31c031f7f3 }
Cherrypick commits SHA are -> 
64ef5a7a1357adc72938f14d5ac845b758f7f935 - cherrypick - 2e35a99a1eba31ae8444ab4971d26d31c031f7f3
---> The cherrypicked commit sha is - 64ef5a7a1357adc72938f14d5ac845b758f7f935
Commit message - averez-mapping-raw-host: .raw for details.hostname and auditd mapping
---> The original commit sha is - 2e35a99a1eba31ae8444ab4971d26d31c031f7f3
Commit message - Merge pull request #116 from netantho/averez-mapping-raw-host

averez-mapping-raw-host: .raw for details.hostname and auditd mapping
-----------------------------------------------------------------

Cherry-pick diff pair 8 is -> 
{ c8ecbffe47b13602cbe8bc3d9a984c66e9e31065 -> f9ea46265d8b08e35899b075af74c39e78570189 } is a cherrypick
{ dcde5cdfda2040b1315ffa99465b41c212086c5c -> 82f489e6a6b2afd12d2de92d4a36b46d5d850033 }
Cherrypick commits SHA are -> 
f9ea46265d8b08e35899b075af74c39e78570189 - cherrypick - 82f489e6a6b2afd12d2de92d4a36b46d5d850033
---> The cherrypicked commit sha is - f9ea46265d8b08e35899b075af74c39e78570189
Commit message - consistency in ordering 0,100 and plugin link
---> The original commit sha is - 82f489e6a6b2afd12d2de92d4a36b46d5d850033
Commit message - Merge pull request #74 from netantho/averez-22-license

averez-22-license:  Fix license stuff (Closes #22)
-----------------------------------------------------------------

Cherry-pick diff pair 9 is -> 
{ 8cf32cd6e7ca91c0b3fdeda3802c7d8b1a16c7cd -> 46f665491dfc09fec4955ba2b2f9382eb96b12ec } is a cherrypick
{ 6698c89e16960b59ca7341cc17827f28fe488c47 -> 47ad44a3324d807df1c74bc5f559b86b5ffe0170 }
Cherrypick commits SHA are -> 
46f665491dfc09fec4955ba2b2f9382eb96b12ec - cherrypick - 47ad44a3324d807df1c74bc5f559b86b5ffe0170
---> The cherrypicked commit sha is - 46f665491dfc09fec4955ba2b2f9382eb96b12ec
Commit message - averez-issue-31: Fix docker config for docker 0.10
---> The original commit sha is - 47ad44a3324d807df1c74bc5f559b86b5ffe0170
Commit message - Merge pull request #39 from trink/master

Feedback
-----------------------------------------------------------------

Cherry-pick diff pair 10 is -> 
{ c6a2deabeae774e6aa97f90f98888452ab2cf82a -> 856bdae3bf58d2bc6b13add624b3d5b26322d09d } is a cherrypick
{ 6698c89e16960b59ca7341cc17827f28fe488c47 -> 47ad44a3324d807df1c74bc5f559b86b5ffe0170 }
Cherrypick commits SHA are -> 
856bdae3bf58d2bc6b13add624b3d5b26322d09d - cherrypick - 47ad44a3324d807df1c74bc5f559b86b5ffe0170
---> The cherrypicked commit sha is - 856bdae3bf58d2bc6b13add624b3d5b26322d09d
Commit message - Merge pull request #35 from netantho/averez-issue-31

averez-issue-31: Fix docker config for docker 0.10 (Issue #31)
---> The original commit sha is - 47ad44a3324d807df1c74bc5f559b86b5ffe0170
Commit message - Merge pull request #39 from trink/master

Feedback
-----------------------------------------------------------------

Cherry-pick diff pair 11 is -> 
{ 8cf32cd6e7ca91c0b3fdeda3802c7d8b1a16c7cd -> 46f665491dfc09fec4955ba2b2f9382eb96b12ec } is a cherrypick
{ c6a2deabeae774e6aa97f90f98888452ab2cf82a -> 856bdae3bf58d2bc6b13add624b3d5b26322d09d }
Cherrypick commits SHA are -> 
46f665491dfc09fec4955ba2b2f9382eb96b12ec - cherrypick - 856bdae3bf58d2bc6b13add624b3d5b26322d09d
---> The cherrypicked commit sha is - 46f665491dfc09fec4955ba2b2f9382eb96b12ec
Commit message - averez-issue-31: Fix docker config for docker 0.10
---> The original commit sha is - 856bdae3bf58d2bc6b13add624b3d5b26322d09d
Commit message - Merge pull request #35 from netantho/averez-issue-31

averez-issue-31: Fix docker config for docker 0.10 (Issue #31)
-----------------------------------------------------------------

Cherry-pick diff pair 12 is -> 
{ 715ea0d8ab1fc0f7ec86a18466dbdd33c8a682c2 -> f14e2a0b2ad118ec3448fec7ac3dc622a79a827c } is a cherrypick
{ 4af296ad97ea0e5841f5d6bff7a8b128db848717 -> b03cf71ed2cd06665ec71e8385675182eaef270c }
Cherrypick commits SHA are -> 
f14e2a0b2ad118ec3448fec7ac3dc622a79a827c - cherrypick - b03cf71ed2cd06665ec71e8385675182eaef270c
---> The cherrypicked commit sha is - f14e2a0b2ad118ec3448fec7ac3dc622a79a827c
Commit message - Make analyze_code skip checks that are not installed.
---> The original commit sha is - b03cf71ed2cd06665ec71e8385675182eaef270c
Commit message - Make analyze_code skip checks that are not installed.
-----------------------------------------------------------------

Cherry-pick diff pair 13 is -> 
{ e526ca23a4a9b40c8d0f1d00ea867d1c1adebef6 -> 22b4da58484bd198cf6e03f9ee476cbc728c9ccb } is a cherrypick
{ 8afc98bfd9dfd7ab4457877ad88e45965582e252 -> 0cd43fcd21fe09443cfa630b38bc9977bdd86bda }
Cherrypick commits SHA are -> 
22b4da58484bd198cf6e03f9ee476cbc728c9ccb - cherrypick - 0cd43fcd21fe09443cfa630b38bc9977bdd86bda
---> The cherrypicked commit sha is - 22b4da58484bd198cf6e03f9ee476cbc728c9ccb
Commit message - update the ascii art to actually work.
---> The original commit sha is - 0cd43fcd21fe09443cfa630b38bc9977bdd86bda
Commit message - pull doc changes
-----------------------------------------------------------------

Cherry-pick diff pair 14 is -> 
{ 26061f29a8934713c684ce08e6e723abee63e37f -> 9807f01e9ff066bd6b322325f64c33dc5dbbabbf } is a cherrypick
{ e6ff0ed8a217cd1fcdd6c4cb86b5fc009f32c381 -> a08ffaa3286b537ea7868893e29ec7fc3fb37bea }
Cherrypick commits SHA are -> 
9807f01e9ff066bd6b322325f64c33dc5dbbabbf - cherrypick - a08ffaa3286b537ea7868893e29ec7fc3fb37bea
---> The cherrypicked commit sha is - 9807f01e9ff066bd6b322325f64c33dc5dbbabbf
Commit message - Merge pull request #10 from netantho/averez-bugfixes

Fix a bunch of bugs
---> The original commit sha is - a08ffaa3286b537ea7868893e29ec7fc3fb37bea
Commit message - Merge pull request #13 from gdestuynder/master

asynchronously send log msgs (non-blocking)
-----------------------------------------------------------------

Cherry-pick diff pair 15 is -> 
{ b5688992a033510eff0044fb80326ce042d30b9e -> deeeb817a6484d1e98c5341e24fe5ec86c753727 } is a cherrypick
{ f87ab1d7bce0fbb5726f08b929c969d62dfc67ab -> 6cba0ef4c17b8b7b56f8066828c7015613ad53c8 }
Cherrypick commits SHA are -> 
deeeb817a6484d1e98c5341e24fe5ec86c753727 - cherrypick - 6cba0ef4c17b8b7b56f8066828c7015613ad53c8
---> The cherrypicked commit sha is - deeeb817a6484d1e98c5341e24fe5ec86c753727
Commit message - minor python version change
---> The original commit sha is - 6cba0ef4c17b8b7b56f8066828c7015613ad53c8
Commit message - minor python version change
-----------------------------------------------------------------

Cherry-pick diff pair 16 is -> 
{ 75311e94dc2e41b0184bd716baa9831961a12ce5 -> b5688992a033510eff0044fb80326ce042d30b9e } is a cherrypick
{ de2cde58913ba068de5e4daae253e1136e1f253d -> f87ab1d7bce0fbb5726f08b929c969d62dfc67ab }
Cherrypick commits SHA are -> 
b5688992a033510eff0044fb80326ce042d30b9e - cherrypick - f87ab1d7bce0fbb5726f08b929c969d62dfc67ab
---> The cherrypicked commit sha is - b5688992a033510eff0044fb80326ce042d30b9e
Commit message - initial pruning script, set to 10 days of history
---> The original commit sha is - f87ab1d7bce0fbb5726f08b929c969d62dfc67ab
Commit message - initial pruning script, set to 10 days of history
-----------------------------------------------------------------

Cherry-pick diff pair 17 is -> 
{ bd4cc0ef102d535b234b7a68b2391ca534916f1b -> 75311e94dc2e41b0184bd716baa9831961a12ce5 } is a cherrypick
{ 7a8dd64198e1940b9f1cb46a5c0870a09861d8de -> de2cde58913ba068de5e4daae253e1136e1f253d }
Cherrypick commits SHA are -> 
75311e94dc2e41b0184bd716baa9831961a12ce5 - cherrypick - de2cde58913ba068de5e4daae253e1136e1f253d
---> The cherrypicked commit sha is - 75311e94dc2e41b0184bd716baa9831961a12ce5
Commit message - initial backup script for ES to S3
---> The original commit sha is - de2cde58913ba068de5e4daae253e1136e1f253d
Commit message - initial backup script for ES to S3
-----------------------------------------------------------------

Cherry-pick diff pair 18 is -> 
{ 37acecc83ee02385bb555997f0a16961e4d67778 -> 3a52f0477a21c8d266fbb37a1758527131c398ce } is a cherrypick
{ 2c078fc512890438a64bbe8748384bb04fe5d47c -> bd4cc0ef102d535b234b7a68b2391ca534916f1b }
Cherrypick commits SHA are -> 
3a52f0477a21c8d266fbb37a1758527131c398ce - cherrypick - bd4cc0ef102d535b234b7a68b2391ca534916f1b
---> The cherrypicked commit sha is - 3a52f0477a21c8d266fbb37a1758527131c398ce
Commit message - correct markup
---> The original commit sha is - bd4cc0ef102d535b234b7a68b2391ca534916f1b
Commit message - pull in doc changes
-----------------------------------------------------------------

