# of merges = 100
Merge commit 1 is -> 
{ 5dd40001e5bcba503e0e5c729253c4a7f013038b is a merge commit
---> Commit message - Merge pull request #1 from gdestuynder/master

Updated license file to conform with MPL
-----------------------------------------------------------------

Merge commit 2 is -> 
{ 0a135c556307f8bbae48a83972100bf944f5c760 is a merge commit
---> Commit message - Merge pull request #2 from netantho/master

fix syntax error bug on option parser in rest/index.py
-----------------------------------------------------------------

Merge commit 3 is -> 
{ 432526cd5ae51ad1a040633df508888060fd6db2 is a merge commit
---> Commit message - Merge pull request #3 from netantho/master

clean up python code
-----------------------------------------------------------------

Merge commit 4 is -> 
{ bd4cc0ef102d535b234b7a68b2391ca534916f1b is a merge commit
---> Commit message - pull in doc changes
-----------------------------------------------------------------

Merge commit 5 is -> 
{ f2cf995f8e3f026079a43121ba6c51698df3ee72 is a merge commit
---> Commit message - Merge remote-tracking branch 'upstream/master'
-----------------------------------------------------------------

Merge commit 6 is -> 
{ 5208800f8ab967b2fa7813137e4edbed10c2b823 is a merge commit
---> Commit message - Merge pull request #5 from netantho/master

meteor: gitignore and bug fixes
-----------------------------------------------------------------

Merge commit 7 is -> 
{ 26061f29a8934713c684ce08e6e723abee63e37f is a merge commit
---> Commit message - Merge pull request #11 from gdestuynder/master

mozdef.py, a module to send msgs to mozdef easily:
-----------------------------------------------------------------

Merge commit 8 is -> 
{ 9807f01e9ff066bd6b322325f64c33dc5dbbabbf is a merge commit
---> Commit message - Merge pull request #10 from netantho/averez-bugfixes

Fix a bunch of bugs
-----------------------------------------------------------------

Merge commit 9 is -> 
{ a08ffaa3286b537ea7868893e29ec7fc3fb37bea is a merge commit
---> Commit message - Merge pull request #13 from gdestuynder/master

asynchronously send log msgs (non-blocking)
-----------------------------------------------------------------

Merge commit 10 is -> 
{ ee496b16dc22b3d6bacad2b114246e7c2077d9ab is a merge commit
---> Commit message - Merge pull request #12 from netantho/averez-doc

start documentation
-----------------------------------------------------------------

Merge commit 11 is -> 
{ b0c972f79cd80631c00052f0020add1e1b48e844 is a merge commit
---> Commit message - Merge pull request #14 from jbrudvik/master

Fixed typo: pyhon -> python
-----------------------------------------------------------------

Merge commit 12 is -> 
{ 49a9e46f348adc2277f2cff52861544d962746ba is a merge commit
---> Commit message - merge upstream doc changes
-----------------------------------------------------------------

Merge commit 13 is -> 
{ ee0832851ae088ae7c92a44f4dd5e84c91d2b34e is a merge commit
---> Commit message - Merge pull request #15 from netantho/averez-backup10

[averez-backup10] new snapshot/restore script for ES1.0 using AWS S3
-----------------------------------------------------------------

Merge commit 14 is -> 
{ 4c5b1da253e5bbc52f21392f80b704372fef26cc is a merge commit
---> Commit message - Merge pull request #16 from skakri/bug/documentation

Small documentation fix - url without protocol.
-----------------------------------------------------------------

Merge commit 15 is -> 
{ 840efeb606d674deb98e588fb15917f5cfb0a60e is a merge commit
---> Commit message - merge upstream doc changes
-----------------------------------------------------------------

Merge commit 16 is -> 
{ c2468c1cdcb8379b47f9699fc9ed97c945996c2a is a merge commit
---> Commit message - Merge pull request #17 from netantho/averez-bench

[averez-bench] benchmarking scripts for ES
-----------------------------------------------------------------

Merge commit 17 is -> 
{ 0cd43fcd21fe09443cfa630b38bc9977bdd86bda is a merge commit
---> Commit message - pull doc changes
-----------------------------------------------------------------

Merge commit 18 is -> 
{ 0c6cbd996a582953ba25a0077b3e76b328a63fbd is a merge commit
---> Commit message - Merge pull request #21 from netantho/netantho-meteortemplate

meteor 0.8.x upgrade and settings for docker config
-----------------------------------------------------------------

Merge commit 19 is -> 
{ 89d9cb36b1a6ebecb54ba3ed5afc751518716259 is a merge commit
---> Commit message - Merge pull request #24 from gdestuynder/master

Use the submodule for the mozdef python client lib
-----------------------------------------------------------------

Merge commit 20 is -> 
{ c5dd612c1355826f0e1c676304c7455b82c5e599 is a merge commit
---> Commit message - Merge pull request #26 from netantho/netantho-docker

docker
-----------------------------------------------------------------

Merge commit 21 is -> 
{ b5a5c21416ec2f4c22b6f1b38ef58852ea2d8cb9 is a merge commit
---> Commit message - Merge branch 'master' of https://github.com/BjornArnelid/MozDef
-----------------------------------------------------------------

Merge commit 22 is -> 
{ ebeb8d532ffee7e14a9361e1e0c2f5bcffcc9c9c is a merge commit
---> Commit message - Merge pull request #28 from BjornArnelid/master

Created Shell script to generate static code analyzis for Python (related to issue #7)
-----------------------------------------------------------------

Merge commit 23 is -> 
{ e50f4fc85e0d42c627bd8e90c383b25dc2c74369 is a merge commit
---> Commit message - merging upstream changes
-----------------------------------------------------------------

Merge commit 24 is -> 
{ 8577534819a4220a88eacbd9976b56e979307369 is a merge commit
---> Commit message - Merge pull request #29 from richierichrawr/master

String formatting and variable cleanup
-----------------------------------------------------------------

Merge commit 25 is -> 
{ c274341bdc09d76b2b3b75bec1f13016644dbdee is a merge commit
---> Commit message - Merge remote-tracking branch 'upstream/master' into averez-doc

Conflicts:
	docs/source/usage.rst
-----------------------------------------------------------------

Merge commit 26 is -> 
{ 416262e09543c1286c6beab1771c52f58b9fd0ea is a merge commit
---> Commit message - Merge pull request #32 from netantho/averez-doc

Shipping and JSON structure documentation
-----------------------------------------------------------------

Merge commit 27 is -> 
{ 8cf32cd6e7ca91c0b3fdeda3802c7d8b1a16c7cd is a merge commit
---> Commit message - Merge pull request #33 from netantho/averez-issue-30

averez-issue-30: Doc for installation fix by @BjornArnelid thanks! (Issu...
-----------------------------------------------------------------

Merge commit 28 is -> 
{ 856bdae3bf58d2bc6b13add624b3d5b26322d09d is a merge commit
---> Commit message - Merge pull request #35 from netantho/averez-issue-31

averez-issue-31: Fix docker config for docker 0.10 (Issue #31)
-----------------------------------------------------------------

Merge commit 29 is -> 
{ 47ad44a3324d807df1c74bc5f559b86b5ffe0170 is a merge commit
---> Commit message - Merge pull request #39 from trink/master

Feedback
-----------------------------------------------------------------

Merge commit 30 is -> 
{ 29c482aa4ce53e7f6a232c9289b204c2465a7145 is a merge commit
---> Commit message - Merge pull request #37 from netantho/averez-issue-23-contributing

averez-issue-23-contributing: add CONTRIBUTING.md
-----------------------------------------------------------------

Merge commit 31 is -> 
{ eb48be81962814fdd4301f5ecd462c7362b8fcae is a merge commit
---> Commit message - Merge pull request #42 from netantho/averez-heka-snippets

Averez heka snippets
-----------------------------------------------------------------

Merge commit 32 is -> 
{ bae4dab97d83bdeb9ad8e064c13ced4b338b23ff is a merge commit
---> Commit message - Merge pull request #43 from BjornArnelid/master

Adding missing dependencies for mozdefbot. Closes issue #40
-----------------------------------------------------------------

Merge commit 33 is -> 
{ 82f489e6a6b2afd12d2de92d4a36b46d5d850033 is a merge commit
---> Commit message - Merge pull request #74 from netantho/averez-22-license

averez-22-license:  Fix license stuff (Closes #22)
-----------------------------------------------------------------

Merge commit 34 is -> 
{ 86cd2a9ca0c5f486c67f4f6d2284205f9738b0d0 is a merge commit
---> Commit message - Merge pull request #76 from netantho/averez-27-dashboards-listing

Dynamic Kibana dashboards listing
-----------------------------------------------------------------

Merge commit 35 is -> 
{ abe715677baac45d34d967ba2ff63c1f03511c02 is a merge commit
---> Commit message - Merge pull request #77 from netantho/averez-27-dashboards-cleanup

averez-27-dashboards-cleanup: clean up dashboards (Closes #27)
-----------------------------------------------------------------

Merge commit 36 is -> 
{ 80f940d7f628e2dd3f5eebd20cc26a8b72e15497 is a merge commit
---> Commit message - Merge pull request #79 from netantho/mozdef_lib_update

mozdef_lib_update: update lib/mozdef submodule
-----------------------------------------------------------------

Merge commit 37 is -> 
{ e0e2b3464949aa2efb66e8b2ccf8fbcde0b08dcc is a merge commit
---> Commit message - Merge pull request #78 from netantho/averez-19-samples

[WIP] averez-19-samples: Add samples Closes #19
-----------------------------------------------------------------

Merge commit 38 is -> 
{ 9e05052fcb31fed6b2c063945f20e9702b8bcfeb is a merge commit
---> Commit message - Merge pull request #80 from netantho/averez-36-docker-console

averez-36-docker-console: document how to use nsenter to get into a dock...
-----------------------------------------------------------------

Merge commit 39 is -> 
{ a99d5ba1359bbff7c16f5ef3a07486bed35a3486 is a merge commit
---> Commit message - Merge remote branch 'upstream/master' into averez-6-incident-dragdrop

Conflicts:
	meteor/app/client/mozdef.js
-----------------------------------------------------------------

Merge commit 40 is -> 
{ eb3e6202f45a84669cd8ac9640f055690b9852eb is a merge commit
---> Commit message - Merge pull request #82 from netantho/averez-6-incident-dragdrop

averez-6-incident-dragdrop: fix drag and drop on the incident page
-----------------------------------------------------------------

Merge commit 41 is -> 
{ c48b560d159884f83fab0729e59ba538fce4afde is a merge commit
---> Commit message - Merge pull request #85 from netantho/averez-6-incident-dragdrop

Fix tags saving
-----------------------------------------------------------------

Merge commit 42 is -> 
{ b480e3cfbeac7443b14a9e915233d1b2fa7104d2 is a merge commit
---> Commit message - Merge pull request #86 from netantho/averez-83-incident-urls

averez-83-incident-urls: Have one URL per incident URL (also fixes refre...
-----------------------------------------------------------------

Merge commit 43 is -> 
{ 372f2a776419f4f6fd92120a54f48d2e9fe88d81 is a merge commit
---> Commit message - Merge pull request #88 from netantho/averez-84-realtime-incident-form

Realtime incident form, Closes #84
-----------------------------------------------------------------

Merge commit 44 is -> 
{ 8530857203608e728367edcd4433a35d3bb596d8 is a merge commit
---> Commit message - Merge pull request #89 from gdestuynder/master

Workaround the epoll_wait(timeout..) cpu usage
-----------------------------------------------------------------

Merge commit 45 is -> 
{ d683b567ab1f40236a0fa04638df63f4d252c555 is a merge commit
---> Commit message - Merge pull request #93 from netantho/averez-56-healthinfo

health webpage
-----------------------------------------------------------------

Merge commit 46 is -> 
{ 926ccc23a0d62b3a016b25dfdff0d75b24efa551 is a merge commit
---> Commit message - Merge pull request #96 from netantho/averez-requirements

averez-requirements: fix requirements.txt
-----------------------------------------------------------------

Merge commit 47 is -> 
{ 660d05b30de99aafb87a80d2dd8cdc067c525e5a is a merge commit
---> Commit message - Merge pull request #98 from netantho/averez-requirements

averez-requirements: oops, remove duplicate requirements
-----------------------------------------------------------------

Merge commit 48 is -> 
{ 7658ef04c6f5485728c34c5838eb915fc18c8c4f is a merge commit
---> Commit message - Merge pull request #99 from netantho/averez-docker

frontend fixes for the docker config
-----------------------------------------------------------------

Merge commit 49 is -> 
{ 6d9620bcbdca3b3b4dd5d2f84db37a53656027de is a merge commit
---> Commit message - Merge pull request #100 from netantho/averez-docs

averez-docs: add documentation for frontend processing
-----------------------------------------------------------------

Merge commit 50 is -> 
{ bc3a28594f0155c9aff656604c9d32fc162bab80 is a merge commit
---> Commit message - Merge pull request #101 from netantho/averez-esworker-fix

esworker: cast to int/float values for fields ending with _int/_float
-----------------------------------------------------------------

Merge commit 51 is -> 
{ 996f9abcd6ed9929f7ed2384d86999fe93dc7c1a is a merge commit
---> Commit message - Merge pull request #107 from netantho/netantho-105-ttl

enable TTL and refactor ES index template injection Closes #105
-----------------------------------------------------------------

Merge commit 52 is -> 
{ 7e982d5f5ee34a1b5bd3fc53b0e805f3a1a9e5e6 is a merge commit
---> Commit message - Merge pull request #110 from BjornArnelid/master

Closes #81
-----------------------------------------------------------------

Merge commit 53 is -> 
{ 1d13264eeadb1f39948346182e2d32643bb73caa is a merge commit
---> Commit message - Merge pull request #113 from netantho/averez-id-plugins

averez-id-plugins: plugins should be able to specific metadata (index, doc_type and ID)
-----------------------------------------------------------------

Merge commit 54 is -> 
{ b071078e6858b3e6346f69b94d61aaab673a989f is a merge commit
---> Commit message - Merge pull request #111 from netantho/averez-mig

averez-mig: add mappings for complianceitems index
-----------------------------------------------------------------

Merge commit 55 is -> 
{ b47ecfab406ce4b34fb9efc2026ae9ef42a35202 is a merge commit
---> Commit message - Merge pull request #112 from netantho/averez-vulnsnitch

averez-vulnsnitch: mapping for vulnsnitch
-----------------------------------------------------------------

Merge commit 56 is -> 
{ 2e35a99a1eba31ae8444ab4971d26d31c031f7f3 is a merge commit
---> Commit message - Merge pull request #116 from netantho/averez-mapping-raw-host

averez-mapping-raw-host: .raw for details.hostname and auditd mapping
-----------------------------------------------------------------

Merge commit 57 is -> 
{ 7cf0538e42a2db3a3238bc06ac320f4331212e36 is a merge commit
---> Commit message - Merge pull request #119 from netantho/averez-mig

Add mig2mozdef cron script
-----------------------------------------------------------------

Merge commit 58 is -> 
{ e386385f7ec709116b5c1a2f6b0180c17fddfabd is a merge commit
---> Commit message - Merge pull request #123 from netantho/averez-auditd-long

averez-auditd-long: use long instead of integers
-----------------------------------------------------------------

Merge commit 59 is -> 
{ 6f5e8ca23b5888083e03b689f2569179988f73ba is a merge commit
---> Commit message - Merge pull request #117 from netantho/averez-rtflow-plugin

RT_FLOW plugin
-----------------------------------------------------------------

Merge commit 60 is -> 
{ 506b035b463e3af83a622905a32b3378916bb593 is a merge commit
---> Commit message - Merge pull request #118 from netantho/averez-snmptt-plugin

snmptt plugin
-----------------------------------------------------------------

Merge commit 61 is -> 
{ 81f3b450b3ac40f886e2454fc10902786fbd1c53 is a merge commit
---> Commit message - Merge pull request #122 from netantho/averez-scripted-dashboards

event and alert scripted kibana dashboards
-----------------------------------------------------------------

Merge commit 62 is -> 
{ 6ca4a9644b26a2c5cd152b49cebb8efdb546e860 is a merge commit
---> Commit message - Merge pull request #124 from netantho/averez-mig-bugfix

averez-mig-bugfix: Reverse list to process old compliance checks first, ...
-----------------------------------------------------------------

Merge commit 63 is -> 
{ 8a0e6f09dbbfbaccc4e9c5e77ee43f18df023fd8 is a merge commit
---> Commit message - Merge pull request #125 from netantho/averez-banhammer

BanHammer integration
-----------------------------------------------------------------

Merge commit 64 is -> 
{ 0cae4aada10cc3869ca64e983d9085fd064a6033 is a merge commit
---> Commit message - Merge pull request #126 from netantho/averez-banhammer

averez-banhammer: allow to enable/disable banhammer in rest api
-----------------------------------------------------------------

Merge commit 65 is -> 
{ 76b9f4cc8ce7dc22844f4774dfd81867eca89022 is a merge commit
---> Commit message - Merge pull request #127 from netantho/averez-xionox-fixes

fixes for network logs
-----------------------------------------------------------------

Merge commit 66 is -> 
{ a719869b050729e41504428ec89ca26df65b6155 is a merge commit
---> Commit message - Merge pull request #128 from netantho/averez-95-meteor-update

Meteor update + mysqldb dep fix
-----------------------------------------------------------------

Merge commit 67 is -> 
{ 0d11b27435cd834507726e55f08bdd1e8190b6da is a merge commit
---> Commit message - Merge remote branch 'upstream/master' into averez-66-unique-alert-url

Conflicts:
	meteor/app/client/alertssummary.html
	meteor/app/client/mozdef.js
	meteor/app/lib/helpers.js
	meteor/app/server/mozdef.js
-----------------------------------------------------------------

Merge commit 68 is -> 
{ 9aa7fce80ecf05e24f18b73b1c79cee688a4ba3e is a merge commit
---> Commit message - Merge pull request #129 from netantho/averez-66-unique-alert-url

Unique URL per alert
-----------------------------------------------------------------

Merge commit 69 is -> 
{ 987f76782386d12b9ad49950f3cafba739a2032b is a merge commit
---> Commit message - Merge pull request #131 from netantho/averez-banhammer-fixes

Fix banhammer bugs
-----------------------------------------------------------------

Merge commit 70 is -> 
{ addc1d019b1051962e0b0b14993b1a279c1ed1b4 is a merge commit
---> Commit message - Merge pull request #132 from netantho/averez-18-login

averez-18-login: more visible message for people to login
-----------------------------------------------------------------

Merge commit 71 is -> 
{ 57f8613ac412c5a182597e1c5b5fabe4060736a3 is a merge commit
---> Commit message - Merge pull request #148 from netantho/averez-mig-bugfix

averez-mig-bugfix: add threatfamily=compliance in MIG url
-----------------------------------------------------------------

Merge commit 72 is -> 
{ 092b62fdd91b37aa6e8cfb926dd6cc7bd2e952bd is a merge commit
---> Commit message - Merge pull request #153 from netantho/averez-docker-settings

averez-docker-settings: add settings.js in conf/ to be able to adapt it ...
-----------------------------------------------------------------

Merge commit 73 is -> 
{ 8e92d0c6b2081cf64c049a343cf5776963acaf3e is a merge commit
---> Commit message - upstream merge
-----------------------------------------------------------------

Merge commit 74 is -> 
{ d8e2a06afd2fb2994fd6c27189a756b03f5695e5 is a merge commit
---> Commit message - Merge pull request #159 from jvehent/master

Simplify nesting of compliance items in MIG API
-----------------------------------------------------------------

Merge commit 75 is -> 
{ 1c8e9bf55b726d9f0be002e8e5c2d7a2b16ce9e3 is a merge commit
---> Commit message - Merge pull request #169 from netantho/averez-161-docker-aws

averez-161-docker-aws: add the docker + AWS doc for command line approac...
-----------------------------------------------------------------

Merge commit 76 is -> 
{ 9fff6bfbe7b68c1fa307a25c9c4176e9838af4f0 is a merge commit
---> Commit message - Merge branch 'master' into averez-147-celery-alerts

Conflicts:
	docker/Dockerfile
-----------------------------------------------------------------

Merge commit 77 is -> 
{ 82687d5422fc8fee2f21ee26562ebbf8cf69af9f is a merge commit
---> Commit message - Merge branch 'averez-147-celery-alerts' of github.com:netantho/MozDef into averez-147-celery-alerts
-----------------------------------------------------------------

Merge commit 78 is -> 
{ cb1f89d3fae127c5cd7e595d6ccf3dea882a2401 is a merge commit
---> Commit message - Merge pull request #163 from netantho/averez-147-celery-alerts

New alerts system
-----------------------------------------------------------------

Merge commit 79 is -> 
{ 9e9f40baf34e79d7bbfca501d7d6caa6546379d2 is a merge commit
---> Commit message - Merge pull request #172 from netantho/averez-docker-cleanup

docker cleanup settings.js
-----------------------------------------------------------------

Merge commit 80 is -> 
{ f167251c642e1124eb182b51b958de4ce8df3577 is a merge commit
---> Commit message - merge upstream changes
-----------------------------------------------------------------

Merge commit 81 is -> 
{ c8aecf0601d4a6b72f3101a78c78b38b2cc55871 is a merge commit
---> Commit message - correction: adding theories panel
-----------------------------------------------------------------

Merge commit 82 is -> 
{ e1d2fd303b1de493b6477b8bc8c0743c5e553af2 is a merge commit
---> Commit message - Merge pull request #177 from jvehent/master

mig2mozdef: raise exception when api does not return a 200
-----------------------------------------------------------------

Merge commit 83 is -> 
{ 5c0e9e85267f830557b5538ad5ff977267bde503 is a merge commit
---> Commit message - Merge pull request #178 from jvehent/master

harder mig2mozdef: better timeout, faster requests, stronger errors
-----------------------------------------------------------------

Merge commit 84 is -> 
{ 1baf2f59d3bdcd91c47f53c0c602cb10e70181e8 is a merge commit
---> Commit message - Merge pull request #179 from netantho/averez-133-attackers-globe

averez-133-attackers-globe: initial working version of the globe view
-----------------------------------------------------------------

Merge commit 85 is -> 
{ e9fb3d0f692cf9c8d3d12f39ff4ba0af2e5fdb5b is a merge commit
---> Commit message - Merge pull request #181 from netantho/averez-ipwhois-fix

ipwhois fix
-----------------------------------------------------------------

Merge commit 86 is -> 
{ ed67ab4cabd341947b458e6771ff576f41d3d488 is a merge commit
---> Commit message - Merge pull request #182 from netantho/averez-globe-zoom

averez-globe-zoom: faster zoom and make it forward (not inverted)
-----------------------------------------------------------------

Merge commit 87 is -> 
{ 1c74570cae9e4921457882b9f7e44cca7ec27aeb is a merge commit
---> Commit message - Merge pull request #184 from netantho/averez-observium

averez-observium: Observium plugin by @XioNoX
-----------------------------------------------------------------

Merge commit 88 is -> 
{ eeb62ea2463505e927052ec231e2abe350c36bbb is a merge commit
---> Commit message - Merge pull request #185 from netantho/averez-netflow

netflow v5
-----------------------------------------------------------------

Merge commit 89 is -> 
{ 784b24c1bd4a57b2fdac45feb2d4f30ce3591655 is a merge commit
---> Commit message - Merge pull request #186 from netantho/averez-globe-link-attacker

add links to attacker page from the globe
-----------------------------------------------------------------

Merge commit 90 is -> 
{ 460dba269892e1748b860f0421b048110252c035 is a merge commit
---> Commit message - Merge pull request #187 from netantho/averez-celery-less-queues

Less queues due to celery
-----------------------------------------------------------------

Merge commit 91 is -> 
{ f80d224e71091941e0b79bbd48ea542d38bc906d is a merge commit
---> Commit message - upstream doc changes
-----------------------------------------------------------------

Merge commit 92 is -> 
{ 00d18b40a28e8a3adb63e111280f6932075b3e6e is a merge commit
---> Commit message - Merge pull request #188 from 2xyo/master

Ignore the results/ directory in git
-----------------------------------------------------------------

Merge commit 93 is -> 
{ 9f372cdef41cae263c7fb9ea620ec3ecd58e4819 is a merge commit
---> Commit message - Merge pull request #189 from mseguin/master

Missing a ">" at the end of the nxlog.conf file
-----------------------------------------------------------------

Merge commit 94 is -> 
{ 498df2cc9b626fd129c7210eee0f3a50aa7bad0e is a merge commit
---> Commit message - Merge pull request #193 from 2xyo/patch-2

Fix the hostname
-----------------------------------------------------------------

Merge commit 95 is -> 
{ c1c7441345a6d3c9155e9078f7d322103ed0f2e1 is a merge commit
---> Commit message - Merge pull request #192 from 2xyo/patch-1

Bump to the latest version of elasticserach and kibana
-----------------------------------------------------------------

Merge commit 96 is -> 
{ eee701fe682f9faabe7850d7bea928d8e96ceaa5 is a merge commit
---> Commit message - Merge pull request #195 from dendory/patch-1

Update overview.rst
-----------------------------------------------------------------

Merge commit 97 is -> 
{ 3b6797beb09726adfe9995787bacd63882921b92 is a merge commit
---> Commit message - merge upstream doc changes
-----------------------------------------------------------------

Merge commit 98 is -> 
{ b8975f28c09e235889f75331d96558af642a9fc8 is a merge commit
---> Commit message - Merge pull request #197 from jvehent/master

fix status value in MIG api search for mig2mozdef
-----------------------------------------------------------------

Merge commit 99 is -> 
{ 003a2f3bfc07fc222ca57f369ac9a4f9e33d9154 is a merge commit
---> Commit message - Merge pull request #203 from jvehent/migpgpauth

Replace client cert with PGP token in mig2mozdef.py
-----------------------------------------------------------------

Merge commit 100 is -> 
{ 08805587a9d4e64a30808ea5c16254e273003881 is a merge commit
---> Commit message - Merge pull request #204 from jvehent/master

minor fixes to mig2mozdef
-----------------------------------------------------------------

