# of merges = 327
Merge commit 1 is -> 
{ 930f26d1ed796c580526e71a7fd866744ad8c5fb is a merge commit
---> Commit message - Merge pull request #2 from ashleyh/master

Remove uneeded 'rt' library
-----------------------------------------------------------------

Merge commit 2 is -> 
{ 3ecece8f67b722f5c561a3008dbe68291e75dc1d is a merge commit
---> Commit message - Merge pull request #5 from jsjohns/patch-1

Fix spelling
-----------------------------------------------------------------

Merge commit 3 is -> 
{ 6307bf23fb1fa7e738c1047b8f68de5b9dbc3ef2 is a merge commit
---> Commit message - Merge pull request #7 from Coornail/osx-build-instructions

Add dependency install instructions for OsX
-----------------------------------------------------------------

Merge commit 4 is -> 
{ e519a991d6e02a7a5e59cbd6d95881416bbf11cf is a merge commit
---> Commit message - Merge pull request #6 from davertron/master

Fix misspellings/grammar in README
-----------------------------------------------------------------

Merge commit 5 is -> 
{ f29c1ffa5a3e0752a48fbca861be6d75d5c4a9ba is a merge commit
---> Commit message - Merge pull request #9 from yesmeck/patch-1

Correct cmake link in README
-----------------------------------------------------------------

Merge commit 6 is -> 
{ fcc982b6b08663b88bdc3888e41b6c664309ce70 is a merge commit
---> Commit message - Merge pull request #8 from mmcdole/patch-1

Fix spelling mistakes in README.md
-----------------------------------------------------------------

Merge commit 7 is -> 
{ 9bb4e274fdcbc26d6bf50e0876728d25df301ff7 is a merge commit
---> Commit message - Merge pull request #11 from sbeckeriv/patch-1

Remove sudo from brew command
-----------------------------------------------------------------

Merge commit 8 is -> 
{ 6d70406595e72bb5d1453b822ba7db1591b61d1c is a merge commit
---> Commit message - Merge pull request #14 from sbeckeriv/patch-2

Update README.md
-----------------------------------------------------------------

Merge commit 9 is -> 
{ f5c72880eb1236d78c2551f6b3f77913a2315ad5 is a merge commit
---> Commit message - Merge pull request #20 from andyfischer/master

Update README.md: Add libtool to OSX installs
-----------------------------------------------------------------

Merge commit 10 is -> 
{ 31d5ae42c3f910bb1fff53890157e621cc8c5f1c is a merge commit
---> Commit message - Merge pull request #32 from cweagans/patch-1

Adding note about IRC channel in README.
-----------------------------------------------------------------

Merge commit 11 is -> 
{ b17e52a9e48618f0a1153d2451ed1b92318667e1 is a merge commit
---> Commit message - Merge pull request #35 from thiderman/master

Add Arch dependency instructions to README.md.
-----------------------------------------------------------------

Merge commit 12 is -> 
{ 6e430eb63490659658cbec8ef164edc375300ce6 is a merge commit
---> Commit message - Merge pull request #47 from Coornail/ignore-test-vimrcs

Remove trailing spaces from gitignore
-----------------------------------------------------------------

Merge commit 13 is -> 
{ eaf942c5a6ce6aca0bc217063f112a177e82f417 is a merge commit
---> Commit message - Merge pull request #22 from cmrosenberg/osx-automake

Added automake as build dependency on OS X
-----------------------------------------------------------------

Merge commit 14 is -> 
{ e9420e3937225ff73a242e8f2e4bf5396ae934d6 is a merge commit
---> Commit message - Merge pull request #57 from mrshu/patch-1

Fixed travis image
-----------------------------------------------------------------

Merge commit 15 is -> 
{ b0abcda487d4f1bc7eb3f6a1edc878e576124451 is a merge commit
---> Commit message - Merge pull request #54 from mitchellwrosen/master

Clean up main.c:parse_command_name
-----------------------------------------------------------------

Merge commit 16 is -> 
{ 1bcbc42330d651f06b8a842e16fe36475afde05d is a merge commit
---> Commit message - Merge pull request #98 from davidzchen/doc-ca-bundle

Add documentation on installing root SSL certificates on OS X
-----------------------------------------------------------------

Merge commit 17 is -> 
{ f78d5aa87b8f58a19364c93aed313214054e72af is a merge commit
---> Commit message - Merge commit 'a302c65dc65896776d6cb9e2c89a6ccc77ada530' as 'third-party/libuv'
-----------------------------------------------------------------

Merge commit 18 is -> 
{ fd43e7b6201c90f46a18b58a1a4f1e7d222f7b3e is a merge commit
---> Commit message - Merge pull request #105 from waffleio/master

waffle.io Badge
-----------------------------------------------------------------

Merge commit 19 is -> 
{ 68847d78255039b8866d98140a26c183925f735d is a merge commit
---> Commit message - Merge branch 'master' of github.com:cweagans/neovim into cweagans-master

Conflicts:
	README.md
-----------------------------------------------------------------

Merge commit 20 is -> 
{ eedb6a3ad7c2fcb72ef60893478a11e3a390e152 is a merge commit
---> Commit message - Merge pull request #79 from jdiez17/has_neovim

Added 'neovim' to the feature list, following discussion on #44
-----------------------------------------------------------------

Merge commit 21 is -> 
{ a8cda69a73f11ef1905de988c1530e54ba2f40b9 is a merge commit
---> Commit message - Merge pull request #85 from jszakmeister/remove-bashisms

scripts/common.sh: remove a couple bashisms
-----------------------------------------------------------------

Merge commit 22 is -> 
{ 72c6523da58b25bcb68791d539a18bb81c5f70eb is a merge commit
---> Commit message - Merge branch 'bundle-libuv' of github.com:rjw57/neovim into rjw57-bundle-libuv
-----------------------------------------------------------------

Merge commit 23 is -> 
{ 314791dca7b80e167165694222dfc0f70dd77e5c is a merge commit
---> Commit message - Merge pull request #163 from rjw57/issue-162

Makefile: use "make -C build" idiom
-----------------------------------------------------------------

Merge commit 24 is -> 
{ 11aac0db88eaba07da2c13f1e0eafecf13b371c5 is a merge commit
---> Commit message - Merge pull request #166 from rkmathi/issue-165

#165 fix README.md for Building OS X
-----------------------------------------------------------------

Merge commit 25 is -> 
{ e51427b9a8c46b8ebd58c1dc156c28dc5afa04ad is a merge commit
---> Commit message - Merge pull request #157 from Hywan/readme

Fix Markdown syntax
-----------------------------------------------------------------

Merge commit 26 is -> 
{ eb489326772c477a8c86113dd86a351129e3170c is a merge commit
---> Commit message - Merge pull request #123 from jbranchaud/adding-contributing-doc

Following GitHub convention by adding a CONTRIBUTING.md file.
-----------------------------------------------------------------

Merge commit 27 is -> 
{ badf94eb330bdc72e4b4e6481b86b8fea2e9fa23 is a merge commit
---> Commit message - Merge pull request #134 from HungMingWu/master

add required dependency on Debian/Ubuntu system
-----------------------------------------------------------------

Merge commit 28 is -> 
{ 8b94f34cedb85fac0d058e7e678b623a8aac3cd8 is a merge commit
---> Commit message - Merge pull request #172 from rjw57/issue-171

use shared libuv library if not using the bundled version
-----------------------------------------------------------------

Merge commit 29 is -> 
{ 00ba300d3941d5e9d59ffffcb760eb0f9d1079ef is a merge commit
---> Commit message - Merge branch 'master' into pr36

Conflicts:
	README.md
-----------------------------------------------------------------

Merge commit 30 is -> 
{ b43224e06c525ee27f636bde1a17e9b79f05893c is a merge commit
---> Commit message - Merge branch 'pr36'

Conflicts:
	README.md
-----------------------------------------------------------------

Merge commit 31 is -> 
{ 653c1eb0d2c2ff8a07a68a93591c68a701ca5bd5 is a merge commit
---> Commit message - Merge pull request #180 from pmandera/readme-links

Fixed headers and links to dependencies in README.md
-----------------------------------------------------------------

Merge commit 32 is -> 
{ 97e635e8b6fba11ed1237cda3986139d2e6a2170 is a merge commit
---> Commit message - Merge pull request #184 from equalsraf/tb-curses

Use FindCurses.cmake as fallback to find curses libraries
-----------------------------------------------------------------

Merge commit 33 is -> 
{ 29f4e8ebc4f45ba65589bb1a3748f3560a1f6a6d is a merge commit
---> Commit message - Merge pull request #183 from rjw57/issue-178

README: add note on RHEL/CentOS 6
-----------------------------------------------------------------

Merge commit 34 is -> 
{ f26b0aa88cee6c3d1aababd81e3d8de20f4af283 is a merge commit
---> Commit message - Merge pull request #187 from rjw57/issue-179

Use CMAKE_C_FLAGS variable to set compiler flags.
-----------------------------------------------------------------

Merge commit 35 is -> 
{ 9a2c92e92c8bbeda6ab4a44a5d6e278669329b89 is a merge commit
---> Commit message - Merge pull request #620 from watk/remove-dead-feats

[RDY] Remove references to FEAT_{X11,CLIPBOARD} and USE_XSMP.
-----------------------------------------------------------------

Merge commit 36 is -> 
{ df4f88fe3198acea6267c6ed3b129af7d8972bf1 is a merge commit
---> Commit message - Merge pull request #644 from philix/log

Macro-based log utility for Neovim
-----------------------------------------------------------------

Merge commit 37 is -> 
{ 1a3ee71de258b416ca6b80f0a9e3b91460df8dc7 is a merge commit
---> Commit message - Merge pull request #619 from stefan991/mch_stat-cleanup

Replace `struct stat` with `FileInfo`
-----------------------------------------------------------------

Merge commit 38 is -> 
{ f24565c2b8f3df64531ab8ca9917c576612be802 is a merge commit
---> Commit message - Merge #688 'Refactoring of two-iteration anti-pattern in msg_show_console_dialog()'
-----------------------------------------------------------------

Merge commit 39 is -> 
{ 080f5dbd95942dcef47c61349ce69fb42cbafc2a is a merge commit
---> Commit message - Merge pull request #732 from tarruda/map-improvements
-----------------------------------------------------------------

Merge commit 40 is -> 
{ 32d018b57edbc75d6a70c5cd3e8012d7f924f460 is a merge commit
---> Commit message - Merge #735 'nvim namespace fixes regarding YouCompleteMe'
-----------------------------------------------------------------

Merge commit 41 is -> 
{ 0aa8b5828cc0674894681841f40c3c05bfd2f07b is a merge commit
---> Commit message - Merge pull request #699 'Remove cryptography'
-----------------------------------------------------------------

Merge commit 42 is -> 
{ e2e47803bdfd5fb40e3dbc9cdf798bb27d306c72 is a merge commit
---> Commit message - Merge #708 'Remove NULL/non-NULL tests after vim_str(n)save'

- replace alloc with xmalloc
-----------------------------------------------------------------

Merge commit 43 is -> 
{ f1e52c496ddb89f830cdbc4f23d756131106b97f is a merge commit
---> Commit message - Merge #739 'Remove OOM error handling in khash.h'
-----------------------------------------------------------------

Merge commit 44 is -> 
{ 9e95c8aa331e3872253e7a06be32103b440bc97f is a merge commit
---> Commit message - Merge branch 'use-uids-for-api-remote-objects'
-----------------------------------------------------------------

Merge commit 45 is -> 
{ f75d4bc3e16f2bb0955c58e9478b2a1418c10d1b is a merge commit
---> Commit message - Merge pull request #757 from elmart/remove-long_u

Remove project-specific integer types: long_u. (1)
-----------------------------------------------------------------

Merge commit 46 is -> 
{ 3a68a4861adcc950cdbde709d4841f8ea0c52b12 is a merge commit
---> Commit message - Merge #733 'Simplify edit.c functions replace_{push,pop}.'
-----------------------------------------------------------------

Merge commit 47 is -> 
{ fc7bc0412ee111cdea61c89f3ec2461601013fa2 is a merge commit
---> Commit message - Merge pull request #761 'fix a few strncpy calls by using xstrlcpy'
-----------------------------------------------------------------

Merge commit 48 is -> 
{ 7df7d6bb5baff62942af94f41de142159657569e is a merge commit
---> Commit message - Merge branch 'api-events'
-----------------------------------------------------------------

Merge commit 49 is -> 
{ 277554a9ebaaa34bea1862802254db9b9c0f92d1 is a merge commit
---> Commit message - Merge pull request #749 from oni-link/vim-patch-7-4-285

vim-patch:7.4.285
-----------------------------------------------------------------

Merge commit 50 is -> 
{ 1b43e5c47e3887696d53573fba7fce6221888794 is a merge commit
---> Commit message - Merge branch 'remove-multiple-protocol-support'
-----------------------------------------------------------------

Merge commit 51 is -> 
{ dcc2b25529e3e6cdd89bf7ed19e24d6a73a2e8c3 is a merge commit
---> Commit message - Merge #756 'vim-patch:7.4.267'
-----------------------------------------------------------------

Merge commit 52 is -> 
{ 1faf546ea286ae324c79cfef3b5613a0004182bb is a merge commit
---> Commit message - Merge #713 'Fix localization'
-----------------------------------------------------------------

Merge commit 53 is -> 
{ e4fe2dbd777a59a9a9b386d960eb9dddc459e84e is a merge commit
---> Commit message - Merge 'Refactor WStream to enable writing the same buffer to multiple targets'
-----------------------------------------------------------------

Merge commit 54 is -> 
{ 3dddceedceebb73b93d399f2c56b0f1b5394c645 is a merge commit
---> Commit message - Merge #674 'Extract cursor.h from misc{1,2}.h and memline.h'
-----------------------------------------------------------------

Merge commit 55 is -> 
{ 3972f6cde741a03eb04a413f61983f2d768127c2 is a merge commit
---> Commit message - Merge #500 'Remove/simplify #ifdefs on default features'
-----------------------------------------------------------------

Merge commit 56 is -> 
{ d88494553946f6f570b5004df8eae5cf9d6ee86f is a merge commit
---> Commit message - Merge branch 'generic-key-value-map'
-----------------------------------------------------------------

Merge commit 57 is -> 
{ 7eae32b3a62c4e631088e58e542c3185a215f57e is a merge commit
---> Commit message - Merge #782 'Initialize Object, Position'
-----------------------------------------------------------------

Merge commit 58 is -> 
{ a2e9580801e89f8fa6e1e3f0ccb3d4a740d7ac03 is a merge commit
---> Commit message - Merge #714 'Fix unused variable when NDEBUG is defined'
-----------------------------------------------------------------

Merge commit 59 is -> 
{ 52a9a5b0b0c53a1481d901f39ed0d1e7e86c3853 is a merge commit
---> Commit message - Merge pull request #779 'Add --api-msgpack-metadata command line option'
-----------------------------------------------------------------

Merge commit 60 is -> 
{ cab8cf970c09ea465d30e11eb356e2e5d37dc544 is a merge commit
---> Commit message - Merge pull request #710 'Automatically generate declarations'
-----------------------------------------------------------------

Merge commit 61 is -> 
{ 8d92494c7c9f2037c72dc170312324fe8690845c is a merge commit
---> Commit message - Merge branch 'make-gendeclarations-friendly-to-incremental-builds'
-----------------------------------------------------------------

Merge commit 62 is -> 
{ d5c2cee1b7aa4847b1e5269a0fa96a0114304aa1 is a merge commit
---> Commit message - Merge #744 'vim-patch:7.4.277'
-----------------------------------------------------------------

Merge commit 63 is -> 
{ 862a25f96e805aa7ef0912c3d50530a3eb350aeb is a merge commit
---> Commit message - Merge #738 'vim-patch:7.4.275'
-----------------------------------------------------------------

Merge commit 64 is -> 
{ 0d91b067aca3bf381b2d212370f962144b75614d is a merge commit
---> Commit message - Merge #777 'Constify text enc args fix mb_string2cells'
-----------------------------------------------------------------

Merge commit 65 is -> 
{ 39cdb5f214bcb1e4a918f65ccf6c0c56cbbf8f76 is a merge commit
---> Commit message - Merge #783 'Nul terminate pascal strings'
-----------------------------------------------------------------

Merge commit 66 is -> 
{ bbd75cee82b64796c040b67b3f251a066049e3da is a merge commit
---> Commit message - Merge #804 'Coverity fix resource leaks 1b'
-----------------------------------------------------------------

Merge commit 67 is -> 
{ 168575f3f73f79185db0abdb91be364c0d0f29f9 is a merge commit
---> Commit message - Merge #774 'Move defines from vim.h to other header files'
-----------------------------------------------------------------

Merge commit 68 is -> 
{ 8bbeb4b480a72d0099a18c4d8200313600045231 is a merge commit
---> Commit message - Merge #743 'Replace vim_strncpy with strlcpy'
-----------------------------------------------------------------

Merge commit 69 is -> 
{ d199d18159c624844c9c8052d1a98b91084fb803 is a merge commit
---> Commit message - Merge #787 'removal of redundant OOM error handling'
-----------------------------------------------------------------

Merge commit 70 is -> 
{ 090870ca047dee8d136f863ba742922fc265d6f4 is a merge commit
---> Commit message - Merge PR #853
-----------------------------------------------------------------

Merge commit 71 is -> 
{ f870982634e03262a928ff8fd5d610b9e7ff8e06 is a merge commit
---> Commit message - Merge pull request #845 'Testdir and top-level Makefile improvements'
-----------------------------------------------------------------

Merge commit 72 is -> 
{ 59fc9e3aec4aaa19a1f7f632b01acd70e2d3ef5c is a merge commit
---> Commit message - Merge #824 'Doxygen neovim.org theme'
-----------------------------------------------------------------

Merge commit 73 is -> 
{ 9f1b9726fb28f78fba7c50efa5316c4bf2413cf8 is a merge commit
---> Commit message - Merge pull request #872 'Add support for client-side RPC'
-----------------------------------------------------------------

Merge commit 74 is -> 
{ b083c0346234bf5c564a3036d568607fc66da045 is a merge commit
---> Commit message - Merge pull request #844:

'Fix #838: build with "USE_BUNDLED=OFF" fails to find dependencies'
-----------------------------------------------------------------

Merge commit 75 is -> 
{ 8a85b37253ccb3aa9e127a53f5a0c0ee80cd65d7 is a merge commit
---> Commit message - Merge #887 'Fix #867: cmake doesn't issue `-isystem` for versioned gcc'
-----------------------------------------------------------------

Merge commit 76 is -> 
{ 2fcc07892fcf05479fa1142e6a4fe5101c1cdf7a is a merge commit
---> Commit message - Merge #775 'Implement `FileID` struct'
-----------------------------------------------------------------

Merge commit 77 is -> 
{ 2ddeb74202633784b9ebb4b963e2df06ed7332df is a merge commit
---> Commit message - Merge #802 'implement VimL libcall with os_libcall'
-----------------------------------------------------------------

Merge commit 78 is -> 
{ e4abb9e09a0588177f99235526d3fab5d64345b2 is a merge commit
---> Commit message - Merge #830 'GA_APPEND() and GA_APPEND_VIA_PTR()'
-----------------------------------------------------------------

Merge commit 79 is -> 
{ fc8aba6077ca4d153e4bc2a3c2847e80902e499a is a merge commit
---> Commit message - Merge #892 'Update pt_BR translation'
-----------------------------------------------------------------

Merge commit 80 is -> 
{ 7d3666a123b1e413a48138d6f83dc28291d803b4 is a merge commit
---> Commit message - Merge #780 'Update German translation'
-----------------------------------------------------------------

Merge commit 81 is -> 
{ bced7a871b2928b19e091c36493cdaaae06077cd is a merge commit
---> Commit message - Merge pull request #916 'Add `feedkeys` API function'
-----------------------------------------------------------------

Merge commit 82 is -> 
{ 447f1c7b545f83aae494a1919fd0e12fff5cb9dd is a merge commit
---> Commit message - Merge #910 'Remove unnecessary PATHS from cmake modules'
-----------------------------------------------------------------

Merge commit 83 is -> 
{ 3cf435af363dc3585568e1213152e31ed6b1fc08 is a merge commit
---> Commit message - Merge pull request #922 'Improve neovim.rb'
-----------------------------------------------------------------

Merge commit 84 is -> 
{ ef70d7ccf71c5d0b00f02be9a9aee879f26e8355 is a merge commit
---> Commit message - Merge #921 'Remove includes vim.h'
-----------------------------------------------------------------

Merge commit 85 is -> 
{ 8f17da61c56f13c3cde83b381092e5897fe621ca is a merge commit
---> Commit message - Merge #933 'Avoid linking with libform(w).so'
-----------------------------------------------------------------

Merge commit 86 is -> 
{ cf18687349e2e97f2d0a4c9cb40e494c33516d37 is a merge commit
---> Commit message - Merge #913 'Update Swedish (sv) translation'
-----------------------------------------------------------------

Merge commit 87 is -> 
{ e47968537cfc958b991ff10c6be1dcda65cb95f0 is a merge commit
---> Commit message - Merge #927 'Fix stdbool.h usage'
-----------------------------------------------------------------

Merge commit 88 is -> 
{ 77db0b2bba97603e59614bb95d6eab76e42f9288 is a merge commit
---> Commit message - Merge #932 'Check lua dependencies for all lua interpreters'
-----------------------------------------------------------------

Merge commit 89 is -> 
{ 5d53c51fae483b9a4cbb3636932f7d753d67c384 is a merge commit
---> Commit message - Merge #837 'Move defines from vim.h - phase2'
-----------------------------------------------------------------

Merge commit 90 is -> 
{ bf6b0e3c0aa34beca13eee898decdf0fcde8b502 is a merge commit
---> Commit message - Merge #874 'fix TCP connection (issue #870)'
-----------------------------------------------------------------

Merge commit 91 is -> 
{ f693b4043d29ec21d990661450cdbd353da0e036 is a merge commit
---> Commit message - Merge #846 'impl mch_open with libuv'
-----------------------------------------------------------------

Merge commit 92 is -> 
{ 2b62dcddf801e096bde7d4608e090018b5227e98 is a merge commit
---> Commit message - Merge #850 'impl mkdtemp for windows, refactor vim_tempname'
-----------------------------------------------------------------

Merge commit 93 is -> 
{ 25f3cedfe60b94084a66d235e2e6a004382e1554 is a merge commit
---> Commit message - Merge #813 'Add platform checks to replace config.h.in hardcoded values'
-----------------------------------------------------------------

Merge commit 94 is -> 
{ e1075ffff94fe0ddc9eb90980ad798e68c090fc6 is a merge commit
---> Commit message - Merge #947 'Remove Clang 3.4 installation in travis.sh.'
-----------------------------------------------------------------

Merge commit 95 is -> 
{ 0412c17a6566a3cc5d324773abcf6e8a1ad40bc6 is a merge commit
---> Commit message - Merge pull request #839 from aktau/platform-abstract-time-fn

viml: impl profiling on top of uv_hrtime()
-----------------------------------------------------------------

Merge commit 96 is -> 
{ 0897277af8ef283e5a6f28d69cf21a3d22e5b8b2 is a merge commit
---> Commit message - Merge pull request #941 from aktau/improve-luajit-ffi-preproc

refactor includes + improve testing infrastructure
-----------------------------------------------------------------

Merge commit 97 is -> 
{ a3b3db8256c259d10957d45666cf4179e328f3f4 is a merge commit
---> Commit message - Merge #956 'travis.sh: move symbolizer definition into common area'
-----------------------------------------------------------------

Merge commit 98 is -> 
{ 53fba180c32724809d8ab35238eea68440b7ac97 is a merge commit
---> Commit message - Merge #928 'Move po gen to cmake'
-----------------------------------------------------------------

Merge commit 99 is -> 
{ e057676a89fb692f2569d7e586ea26d323428de4 is a merge commit
---> Commit message - Merge #928 'Move po gen to cmake'

This includes the necessary fixes to sv.po to make the build work again.
-----------------------------------------------------------------

Merge commit 100 is -> 
{ b92630c2fff7950141630f0d62b11404d0589ece is a merge commit
---> Commit message - Merge pull request #964 '[RFC] Fix #963'
-----------------------------------------------------------------

Merge commit 101 is -> 
{ 953d61cbf82d5f1acd68bd1ae2101d92f5ec5492 is a merge commit
---> Commit message - Merge PR #895 'Core service providers...'
-----------------------------------------------------------------

Merge commit 102 is -> 
{ a9d679b1d703ff6213651e54e035fcf5ee8d88d0 is a merge commit
---> Commit message - Merge #962 'Implement startuptime functions on top of profiling functions'
-----------------------------------------------------------------

Merge commit 103 is -> 
{ 845d1bfa905cf0d28d9a1a662e42525449dd1be4 is a merge commit
---> Commit message - Merge #965 'Make os_get_localtime() portable + fix bug on win'
-----------------------------------------------------------------

Merge commit 104 is -> 
{ ba04a1c30674523fb7880b3003d8087ed7852cd9 is a merge commit
---> Commit message - Merge pull request #904 from war1025/dev/buffer_tests

Add unit tests for buffer.c and fileio.c
-----------------------------------------------------------------

Merge commit 105 is -> 
{ cbe1864ab421d4fe71c19ed592318f87272af577 is a merge commit
---> Commit message - Merge pull request #987 from oni-link/fix_some_memory_leaks

Fix some memory leaks in job.c and provider.c
-----------------------------------------------------------------

Merge commit 106 is -> 
{ d5a7947e8b3fc9b8f45ad1a0f0380e22e67fe6d1 is a merge commit
---> Commit message - Merge pull request #986 from aktau/func-attr-enable-more-clang

func_attr: clang/icc support NONNULL_* attr
-----------------------------------------------------------------

Merge commit 107 is -> 
{ 9550beda61ea74a2a9738e9c10423fa817b7b897 is a merge commit
---> Commit message - Merge pull request #975 from aktau/remove-gettimeofday

remove gettimeofday() usage
-----------------------------------------------------------------

Merge commit 108 is -> 
{ 66bc13163398786c88e20b7cdd61c66978b4d3fb is a merge commit
---> Commit message - Merge pull request #978 '[RDY] implement system() with pipes'
-----------------------------------------------------------------

Merge commit 109 is -> 
{ 4f26b647223748647e2ec6127f1e13e331b7ef74 is a merge commit
---> Commit message - Merge pull request #934 from fornwall/remove-FEAT_MOUSE_JSB

Remove FEAT_MOUSE_JSB
-----------------------------------------------------------------

Merge commit 110 is -> 
{ 4bebbaa57245c9bdb78c02a97622b4efc5899dbb is a merge commit
---> Commit message - Merge pull request #998 from war1025/dev/buffer_cleanup

Minor buffer.c style cleanups
-----------------------------------------------------------------

Merge commit 111 is -> 
{ 280d0ea5d36576e2fbd1bb18cc368b3f6ed5a9bc is a merge commit
---> Commit message - Merge pull request #1005 '[RFC] Change vimdir path from vim to nvim'
-----------------------------------------------------------------

Merge commit 112 is -> 
{ acd0824a320417a1ad928171e5c7b8df1127eb9f is a merge commit
---> Commit message - Merge pull request #1038 '[RDY] Update APT package sources in travis.sh.'
-----------------------------------------------------------------

Merge commit 113 is -> 
{ 8fa4abf15a9898ee185b71b9a9a746c82b50a1b0 is a merge commit
---> Commit message - Merge PR #1040 'Fix segfault caused by default value of ipy/icpb options'
-----------------------------------------------------------------

Merge commit 114 is -> 
{ ad5ae68acd3b0edae564064dfdc2b5b950d0b4e4 is a merge commit
---> Commit message - Merge #814 'Remove dead #ifdefed code'
-----------------------------------------------------------------

Merge commit 115 is -> 
{ 4702b8a71636266cef8cc4fadc32f785d4eea962 is a merge commit
---> Commit message - Merge PR #1047 'Update libuv to 0.11.28'
-----------------------------------------------------------------

Merge commit 116 is -> 
{ 69497ad10a2b2231f2dc317b97124b9ec080a4d4 is a merge commit
---> Commit message - Merge pull request #920 'Add `feedkeys` API function part 2'
-----------------------------------------------------------------

Merge commit 117 is -> 
{ 54d49931255090ebf33c342aed6fbe9f9ca308e6 is a merge commit
---> Commit message - Merge #1046 'Refactor travis script'
-----------------------------------------------------------------

Merge commit 118 is -> 
{ 19f44fda8bc74abdcd13deca47be99b151f69239 is a merge commit
---> Commit message - Merge pull request #985 from fwalch/clang-analyzer-dead-assignments

Clang analyzer: fix dead stores / reduce scope
-----------------------------------------------------------------

Merge commit 119 is -> 
{ 17e6000007b820f4b4986e48c7274ce460daadf1 is a merge commit
---> Commit message - Merge pull request #1034 'Implement `os_mkdtemp` on top of `uv_fs_mkdtemp`'
-----------------------------------------------------------------

Merge commit 120 is -> 
{ 563f38c317908a94893727db501e325f29710edb is a merge commit
---> Commit message - Merge pull request #1050 'Setup testing infrastructure with vroom'
-----------------------------------------------------------------

Merge commit 121 is -> 
{ 5c9db00e9e8b2361a57dfdc1ca2c0e3e9ee01efc is a merge commit
---> Commit message - Merge pull request #1064 from mraghavan/coverity-22-07

coverity/71508: Fix potential null dereference.
-----------------------------------------------------------------

Merge commit 122 is -> 
{ 6d4530979745aae216909f066c930893bbfbae81 is a merge commit
---> Commit message - Merge pull request #970 from atwupack/vp-7.4.328

vim-patch:7.4.328
-----------------------------------------------------------------

Merge commit 123 is -> 
{ 6675a71fe4adb0ea21c842c6bba5e950d05a5f2c is a merge commit
---> Commit message - Merge pull request #972 from munshkr/p7.4.293

vim-patch:7.4.293, vim-patch:7.4.294
-----------------------------------------------------------------

Merge commit 124 is -> 
{ 933602b1882c6596f06125fc621825c357409899 is a merge commit
---> Commit message - Merge pull request #971 from munshkr/p7.4.314

vim-patch:7.4.314
-----------------------------------------------------------------

Merge commit 125 is -> 
{ 19207762fd6dccd83b89c96bb1163b0d0440defb is a merge commit
---> Commit message - Merge pull request #1068 from atwupack/vp-7.4.201

vim-patch:7.4.201
-----------------------------------------------------------------

Merge commit 126 is -> 
{ 640bced2f8bf64098d52841947a3145554d41041 is a merge commit
---> Commit message - Merge pull request #950 from Hinidu/os_fchown

Implement os_fchown and remove HAVE_FCHOWN
-----------------------------------------------------------------

Merge commit 127 is -> 
{ d067ad66ac2b6eb22eef3bfb7efa0007b7af9e5b is a merge commit
---> Commit message - Merge pull request #977 from splinterofchaos/fish

vim-patch:7.4.276
-----------------------------------------------------------------

Merge commit 128 is -> 
{ a0e593e26163c730e75a362dcc9e34a645021aff is a merge commit
---> Commit message - Merge pull request #1019 from splinterofchaos/globpath

vim-patch:7.4.279
-----------------------------------------------------------------

Merge commit 129 is -> 
{ 0b7bff5bb71ddc2e9c41863ec41b9aea74d0fe75 is a merge commit
---> Commit message - Merge pull request #1085 from paulburlumi/master

coverity/13749: fix negative array index read
-----------------------------------------------------------------

Merge commit 130 is -> 
{ e1c330a486c184152cb48d637c6d04caba5290bd is a merge commit
---> Commit message - Merge pull request #1024 from war1025/dev/for_all_buffers

Add FOR_ALL_BUFFERS helper
-----------------------------------------------------------------

Merge commit 131 is -> 
{ bbefc73c553d681f78f40df9d97ec89ae9b06520 is a merge commit
---> Commit message - Merge pull request #1062 from atwupack/vp-7.4.230+231

vim-patch:7.4.231
-----------------------------------------------------------------

Merge commit 132 is -> 
{ 118a31c24c7ce76da909026cd10a94feb88803bc is a merge commit
---> Commit message - Merge pull request #691 from fmoralesc/master

Port vim's breakindent patch to neovim's codebase. (vim patches 7.4.338, 7.4.346, 7.4.352, 7.4.353, 7.4.370, 7.4.371, 7.4.388)
-----------------------------------------------------------------

Merge commit 133 is -> 
{ fe706a9d1b368ae141a18949349c3382f0070ba9 is a merge commit
---> Commit message - Merge pull request #1095 from fwalch/fix-clang-badge-url

Readme: Fix clang badge URL.
-----------------------------------------------------------------

Merge commit 134 is -> 
{ 51ae9c643744995c2d3b6a466b6ad2333e1cba8c is a merge commit
---> Commit message - Merge pull request #840 from ZyX-I/generate-ex_cmds

Use lua generator in place of ex_cmds_defs header trick
-----------------------------------------------------------------

Merge commit 135 is -> 
{ 7df4ed3a5b8779ca7fa9f42e0f0455b033461b82 is a merge commit
---> Commit message - Merge pull request #1100 from atwupack/vp-7.4.296

vim-patch:7.4.296
-----------------------------------------------------------------

Merge commit 136 is -> 
{ fd46f22d019035cb8166a78cb92ade66f5c6ebf8 is a merge commit
---> Commit message - Merge pull request #1101 from atwupack/vp-7.4.339

vim-patch:7.4.339
-----------------------------------------------------------------

Merge commit 137 is -> 
{ 057f26f0a6278845d5a295cdae1b6e92617d41f9 is a merge commit
---> Commit message - Merge pull request #1103 from Hinidu/na-patches

Mark patches 176, 185 and 189 as NA
-----------------------------------------------------------------

Merge commit 138 is -> 
{ 8b5f148b55ede833b67bb9a49b500dbe49c329b5 is a merge commit
---> Commit message - Merge #954 'Fix the policy warning CMP0026 in CMake 3.0.'
-----------------------------------------------------------------

Merge commit 139 is -> 
{ 866d547cfccf8b3f3d5029ede78fab86fdaa6f74 is a merge commit
---> Commit message - Merge #1106 'CMake: Generate helptags during install step.'
-----------------------------------------------------------------

Merge commit 140 is -> 
{ ae1788d55d5f465891e1b72f7d49101b96e8b013 is a merge commit
---> Commit message - Merge #1110 'CMake: Use DESTDIR for helptags generation.'
-----------------------------------------------------------------

Merge commit 141 is -> 
{ 3623a028263fa321f0790fe1132ac2934d6d5dc7 is a merge commit
---> Commit message - Merge pull request #1093 from paulburlumi/coverity-62620

coverity/62620: fix uninitialized scalar variable
-----------------------------------------------------------------

Merge commit 142 is -> 
{ 92d27b7290914585f11d3a07e9bbbc504b8c9ca1 is a merge commit
---> Commit message - Merge pull request #1111 from epmatsw/spellcheck2

More Typo Fixes
-----------------------------------------------------------------

Merge commit 143 is -> 
{ 665c3cc3345ed766bf085a841806d6f0606ee12a is a merge commit
---> Commit message - Merge pull request #1104 from Hinidu/vim-patch-7.4.220

vim-patch:7.4.220
-----------------------------------------------------------------

Merge commit 144 is -> 
{ e11b23e357ca797211c4e11f3f87ddb0dac98a99 is a merge commit
---> Commit message - Merge pull request #1082 from fornwall/remove-os-msdos-txt

Remove os_msdos.txt due to dropped MS-DOS support
-----------------------------------------------------------------

Merge commit 145 is -> 
{ c2a8f06bbaa5a8a187b1b9ca80676c20dc7a0a49 is a merge commit
---> Commit message - Merge pull request #1087 from fwalch/archlinux-filetypes

Runtime: Support Arch Linux/Pacman file types.
-----------------------------------------------------------------

Merge commit 146 is -> 
{ db598c5790eefac9ce414f4348d2bae2c6d25484 is a merge commit
---> Commit message - Merge pull request #1116 from fornwall/remove-versions-txt

Remove version{4,5,6,7}.txt
-----------------------------------------------------------------

Merge commit 147 is -> 
{ 7f9ec6c04f3949e6d666c1586efc20a4a79be257 is a merge commit
---> Commit message - Merge pull request #1088 from justinmk/upgradeluarocks

upgrade luarocks
-----------------------------------------------------------------

Merge commit 148 is -> 
{ e0d812ab649c40b8cc0efbfbe5214fb5dd407e8f is a merge commit
---> Commit message - Merge PR #1060 'Implement --embedded-mode command-line option'
-----------------------------------------------------------------

Merge commit 149 is -> 
{ f26e621ff6765aebe84ff0b07295a3fe58538c93 is a merge commit
---> Commit message - Merge #1123 "Add 'bit' to the list of lua dependencies"
-----------------------------------------------------------------

Merge commit 150 is -> 
{ 9d5e2c34c95739c8130f33aad8a18b19a281a1ad is a merge commit
---> Commit message - Merge pull request #1124 from fwalch/luarocks-version-number

Update luarocks: Use commit with correct version number.
-----------------------------------------------------------------

Merge commit 151 is -> 
{ df64c0f932c8c9d4cfbec8b54aefb6c5cc7c359e is a merge commit
---> Commit message - Merge PR #1121 'Full compliance with msgpack-RPC'
-----------------------------------------------------------------

Merge commit 152 is -> 
{ 3a766d2c504c3b91de4936855ef44daa176ed04b is a merge commit
---> Commit message - Merge PR #1127 'Fix segfault when calling methods in a client that already exited'
-----------------------------------------------------------------

Merge commit 153 is -> 
{ 3051015f8907445bbb193a0781c75f9cdc54236e is a merge commit
---> Commit message - Merge #1128 'Drop moonscript'
-----------------------------------------------------------------

Merge commit 154 is -> 
{ d66cd61b79d6d592436c4552dbdddb904dd1c22e is a merge commit
---> Commit message - Merge pull request #1054 from stefan991/fileinfo-getter

FileInfo getters for `filesize`, `hardlinks` and `blocksize`
-----------------------------------------------------------------

Merge commit 155 is -> 
{ 3f5482d3251b3bbdc7c4df8a8e64eb3af7e5922c is a merge commit
---> Commit message - Merge pull request #1107 from fmoralesc/matchaddpos

Add matchaddpos()-related vim patches. [vim-patch: 7.4.330, 7.4.334, 7.4.343, 7.4.344, 7.4.362]
-----------------------------------------------------------------

Merge commit 156 is -> 
{ 9fa467a9b227243c9c534ae0df1bdaf8235551a0 is a merge commit
---> Commit message - Merge pull request #1096 from war1025/dev/local_for_all_windows

Convert FOR_ALL_WINDOWS to use a locally declared pointer
-----------------------------------------------------------------

Merge commit 157 is -> 
{ 7738e723e98b53ee6694bba454f43770850a6125 is a merge commit
---> Commit message - Merge pull request #1149 from splinterofchaos/vim-patch-7.4.278

vim-patch:7.4.278
-----------------------------------------------------------------

Merge commit 158 is -> 
{ 34c418fceb457bb21bf365311ce558d2d616b24a is a merge commit
---> Commit message - Merge pull request #1154 from Shougo/fix-NAs

Fix #1147 version numbers
-----------------------------------------------------------------

Merge commit 159 is -> 
{ 867bdae5c2399040af9a6885c279ec1838fc756a is a merge commit
---> Commit message - Merge pull request #1158 from atwupack/vp-7.4.337

vim-patch:7.4.337
-----------------------------------------------------------------

Merge commit 160 is -> 
{ c54baaa319c95fa5fb7544ce7282ffb14a976902 is a merge commit
---> Commit message - Merge pull request #1159 from atwupack/vp-7.4.345

vim-patch:7.4.345
-----------------------------------------------------------------

Merge commit 161 is -> 
{ 7577c31ed08b0f4e1426f9e6a1da7d5fd55440bb is a merge commit
---> Commit message - Merge pull request #1143 from mkwork/readme

README.md: link to libuv
-----------------------------------------------------------------

Merge commit 162 is -> 
{ 1da3398095b81a1f579a2d8d19864fdad8de0bde is a merge commit
---> Commit message - Merge pull request #1144 from justinmk/fixtests

fix unittest issues with busted 2.x
-----------------------------------------------------------------

Merge commit 163 is -> 
{ 053a13d2a4ee0188c851ed58539c0fa5cb2c71b8 is a merge commit
---> Commit message - Merge #1033 'Automatic dependency rebuilding: Pass CMAKE_C_COMPILER_ARG1 to deps building.'
-----------------------------------------------------------------

Merge commit 164 is -> 
{ ba4acce341d7c289ca84a7e5422c4a4d5fca2ed2 is a merge commit
---> Commit message - Merge pull request #1160 from atwupack/vp-7.4.348

vim-patch:7.4.348
-----------------------------------------------------------------

Merge commit 165 is -> 
{ 32543726026e245dd2a6238c6730c646945e2a48 is a merge commit
---> Commit message - Merge pull request #1161 from atwupack/vp-7.4.349

vim-patch:7.4.349
-----------------------------------------------------------------

Merge commit 166 is -> 
{ 5ca1f974620fd8922aba4bde2a318ad8bf3a9d51 is a merge commit
---> Commit message - Merge pull request #1037 from fwalch/automatic-deps-paths

Travis: Add subdirectories to dependency paths.
-----------------------------------------------------------------

Merge commit 167 is -> 
{ 042aca6eb4d0fe9e6ddf3bcfb96a39838b2633d1 is a merge commit
---> Commit message - Merge pull request #1098 from fwalch/update-busted

Update busted to version 2.
-----------------------------------------------------------------

Merge commit 168 is -> 
{ 6a8932aa588b8631e66255fb24e2776acdd46c8e is a merge commit
---> Commit message - Merge PR #1130 'Update to the experimental msgpack v5 branch'
-----------------------------------------------------------------

Merge commit 169 is -> 
{ 1761a4af711410076e6fdb5f727a83ee54ff5988 is a merge commit
---> Commit message - Merge pull request #1162 from atwupack/vp-7.4.357

vim-patch:7.4.357, 7.4.367, 7.4.376
-----------------------------------------------------------------

Merge commit 170 is -> 
{ 5778c25c019f01c3e0249da18398abdca3f9b002 is a merge commit
---> Commit message - Merge pull request #1167 from atwupack/fix-issue-1164

ex_cmds2.c:fix for issue #1164
-----------------------------------------------------------------

Merge commit 171 is -> 
{ 06390208f3480f108591988602c46d4926a2e9ae is a merge commit
---> Commit message - Merge PR #1163 'Initial documentation of nvim features'
-----------------------------------------------------------------

Merge commit 172 is -> 
{ 0838b9773958d06b87e4b290b2716f19f904fa95 is a merge commit
---> Commit message - Merge pull request #1165 from splinterofchaos/fix-patch-371

7.4.371.
-----------------------------------------------------------------

Merge commit 173 is -> 
{ 53ef7038d84ead3094b828ac0fc540d10e99c1fe is a merge commit
---> Commit message - Merge pull request #1173 from jszakmeister/build-portability-fix

third-party: avoid using `rm` in the install command

closes #1171
-----------------------------------------------------------------

Merge commit 174 is -> 
{ 5d35484203cb950a7ba0ed0d9428cb58b37212ff is a merge commit
---> Commit message - Merge pull request #1169 from splinterofchaos/arglistid

vim-patch:7.4.312
-----------------------------------------------------------------

Merge commit 175 is -> 
{ 3ec4e18cd00700abdffb564835dd4cd7e68a0093 is a merge commit
---> Commit message - Merge PR #1175 'Some fixes to nvim initial documentation'
-----------------------------------------------------------------

Merge commit 176 is -> 
{ 874296331b70f233e0fbd292e459b84d81d8349c is a merge commit
---> Commit message - Merge pull request #1177 from NOLFXceptMe/vp-7.4.387

vim-patch:7.4.387
-----------------------------------------------------------------

Merge commit 177 is -> 
{ 3b7b79e37d3479633701ad1d2ea4912d5c17c93b is a merge commit
---> Commit message - Merge pull request #1140 from atwupack/vp-7.4.341

vim-patch:7.4.341, 7.4.347, 7.4.351, 7.4.358
-----------------------------------------------------------------

Merge commit 178 is -> 
{ 36d3a7dc78181cd865f9e5a592efc77978bd1cb8 is a merge commit
---> Commit message - Merge PR #1185 'Some fixes and missing changes'
-----------------------------------------------------------------

Merge commit 179 is -> 
{ fd60b8ee7e2496d08e3aa1166d171e87cb3314b9 is a merge commit
---> Commit message - Merge pull request #1183 from Shougo/vim-patch-7.4.368

vim-patch:7.4.368
-----------------------------------------------------------------

Merge commit 180 is -> 
{ 7fcc504fa689c7cfdd27d7bed10cc46cc81d16d0 is a merge commit
---> Commit message - Merge pull request #1184 from Shougo/vim-patch-7.4.369

vim-patch:7.4.369
-----------------------------------------------------------------

Merge commit 181 is -> 
{ 8d6540f8764c4a691e22890258599d74b43b52e6 is a merge commit
---> Commit message - Merge pull request #1129 from justinmk/clang

clang: Null pointer passed as an argument to a 'nonnull' parameter
-----------------------------------------------------------------

Merge commit 182 is -> 
{ 8249e4ac72b54d00addb597a124d0f55566b2466 is a merge commit
---> Commit message - Merge pull request #919 from munshkr/p7.4.310

vim-patch:7.4.310, vim-patch:7.4.313
-----------------------------------------------------------------

Merge commit 183 is -> 
{ a447160a6ca43181158bce8117f2af37f4e9fc85 is a merge commit
---> Commit message - Merge pull request #953 from splinterofchaos/patch235-exepath

vim-patch:7.4.235
-----------------------------------------------------------------

Merge commit 184 is -> 
{ 39882b85b6e32b0250f4188f165669a6ac37849c is a merge commit
---> Commit message - Merge pull request #1168 from atwupack/vp-7.4.365

vim-patch:7.4.365, 7.4.372, 7.4.373, 7.4.377
-----------------------------------------------------------------

Merge commit 185 is -> 
{ e2c111384b97532d7601519e3501f480e932c0cd is a merge commit
---> Commit message - Merge pull request #1195 from Shougo/vim-patch-7.4.379

vim-patch:7.4.379
-----------------------------------------------------------------

Merge commit 186 is -> 
{ fe446c86cf752961fab84f92aa4956aaa4dc3f6f is a merge commit
---> Commit message - Merge pull request #1196 from Shougo/vim-patch-7.4.381

vim-patch: 7.4.381
-----------------------------------------------------------------

Merge commit 187 is -> 
{ 67a16384a46c5eb51ba43d9150e95a1742cffbde is a merge commit
---> Commit message - Merge pull request #1193 from Shougo/vim-patch-7.4.383

vim-patch:7.4.383
-----------------------------------------------------------------

Merge commit 188 is -> 
{ 53d15c2c25199f8e44e9a8a74898f06a85e7c83b is a merge commit
---> Commit message - Merge PR #1199 'Improvements to API error handling'
-----------------------------------------------------------------

Merge commit 189 is -> 
{ 6cc6b0ff9eb5bba50d125199b984cb1a374e4f77 is a merge commit
---> Commit message - Merge pull request #1192 from Shougo/vim-patch-7.4.382

vim-patch:7.4.382
-----------------------------------------------------------------

Merge commit 190 is -> 
{ 8eef40deafdb373c271edf2d8ac6be22b7451523 is a merge commit
---> Commit message - Merge pull request #1187 from Shougo/vim-patch-7.4.361

vim-patch:7.4.361
-----------------------------------------------------------------

Merge commit 191 is -> 
{ 1fdfe3a484bf8f1c452023439ce2c9e61b856299 is a merge commit
---> Commit message - Merge pull request #1188 from Shougo/vim-patch-7.4.364

vim-patch:7.4.364
-----------------------------------------------------------------

Merge commit 192 is -> 
{ a85f7d35d805f05b6b432d167c129448ffc83fa4 is a merge commit
---> Commit message - Merge pull request #1189 from Shougo/vim-patch-7.4.374

vim-patch:7.4.374
-----------------------------------------------------------------

Merge commit 193 is -> 
{ dc6db20febf1ce1848e87f8950c48a78aaffd8f6 is a merge commit
---> Commit message - Merge pull request #1194 from Shougo/vim-patch-7.4.410

vim-patch:7.4.410
-----------------------------------------------------------------

Merge commit 194 is -> 
{ 0375128377ef89d833e19a5e58a69f628a0e5d6c is a merge commit
---> Commit message - Merge pull request #1150 from splinterofchaos/vim-patch-7.4.305

Vim patch 7.4.305 + Vim patch 7.4.359
-----------------------------------------------------------------

Merge commit 195 is -> 
{ 9d4e8fffa11f1794a385165a14a9a84e69ac26ec is a merge commit
---> Commit message - Merge pull request #1204 from Shougo/version-7.4.444

Update version.c to Vim 7.4.444
-----------------------------------------------------------------

Merge commit 196 is -> 
{ 0ed9f3ec8338783466b0a6ab2661d9a061a436fa is a merge commit
---> Commit message - Merge pull request #1197 from Shougo/vim-patch-7.4.392

vim-patch:7.4.392
-----------------------------------------------------------------

Merge commit 197 is -> 
{ 2f212ca2ebec9a735c3ae4904fc1a1adbeb5d908 is a merge commit
---> Commit message - Merge pull request #1011 from stefan991/cleanup-docs

Cleanup user documentation build
-----------------------------------------------------------------

Merge commit 198 is -> 
{ a4b9e0df67ae95777f8f7d833e7d4c6b8fc3840c is a merge commit
---> Commit message - Merge #1213 'Fix install permissions'
-----------------------------------------------------------------

Merge commit 199 is -> 
{ 1c84a0e09093d728408024a6baa9967df596be54 is a merge commit
---> Commit message - Merge pull request #1108 from war1025/dev/for_all_tabs

FOR_ALL_TAB_WINDOWS cleanup. Add FOR_ALL_TABS and FOR_ALL_WINDOWS_IN_TAB.
-----------------------------------------------------------------

Merge commit 200 is -> 
{ 3b0437916424cde16ce4c4dd13faa70b68a84a7d is a merge commit
---> Commit message - Merge pull request #1210 from atwupack/vp-7.4.360

vim-patch:7.4.360
-----------------------------------------------------------------

Merge commit 201 is -> 
{ 21f1802b8af60878c5c83032732cb1b4e1ef7f34 is a merge commit
---> Commit message - Merge pull request #1207 from atwupack/vp-7.4.407

vim-patch:7.4.407
-----------------------------------------------------------------

Merge commit 202 is -> 
{ 7e330496a78e04dd7551b2b27954b6757c62ea87 is a merge commit
---> Commit message - Merge pull request #1224 from mhinz/p7.4.405

vim-patch:7.4.405
-----------------------------------------------------------------

Merge commit 203 is -> 
{ bd1ecad4f13c75bd10daf0b542fdc95aaa347dc4 is a merge commit
---> Commit message - Merge #1229 'Only use CMAKE_C_COMPILER_ARG1 if it is set'
-----------------------------------------------------------------

Merge commit 204 is -> 
{ ea26283cf6fc594d0de4ae4cc3dcd5018f55dd4d is a merge commit
---> Commit message - Merge pull request #1238 from joshhartigan/zero-division-patch

clang: Division by zero
-----------------------------------------------------------------

Merge commit 205 is -> 
{ d41eb83019ccaf78fe172da3477a07aaf645ba3d is a merge commit
---> Commit message - Merge pull request #1236 from atwupack/vp-7.4.391

vim-patch:7.4.391
-----------------------------------------------------------------

Merge commit 206 is -> 
{ 176f16066b52f437b098d3d4d8dee5c5bf2e8865 is a merge commit
---> Commit message - Merge pull request #1219 from atwupack/vp-7.4.386

vim-patch:7.4.386
-----------------------------------------------------------------

Merge commit 207 is -> 
{ f7bb349848de3be4013e30e8a5f603aa7db5a4a8 is a merge commit
---> Commit message - Merge pull request #1220 from atwupack/vp-7.4.411

vim-patch:7.4.411
-----------------------------------------------------------------

Merge commit 208 is -> 
{ d97a8e312e506b710284ca3495ed1eb4ea172f73 is a merge commit
---> Commit message - Merge pull request #1209 from atwupack/vp-7.4.320

vim-patch:7.4.320
-----------------------------------------------------------------

Merge commit 209 is -> 
{ 4b0f524915ee0e94bf9ca24fb1c1014921e610d5 is a merge commit
---> Commit message - Merge pull request #1225 from mhinz/p7.4.454

vim-patch:7.4.454
-----------------------------------------------------------------

Merge commit 210 is -> 
{ afe7ba1e71f0fe43817ae9abac56c721c99f95c6 is a merge commit
---> Commit message - Merge PR #1258 'Replace vroom by lua/busted for functional tests'
-----------------------------------------------------------------

Merge commit 211 is -> 
{ 8a14268ab97e0245a014282c8bb1ccfdf17d014e is a merge commit
---> Commit message - Merge pull request #1141 from splinterofchaos/system-nl

vim-patch:7.4.247 + vim-patch:7.4.248 + vim-patch:7.4.256 + f_system() bug fix
-----------------------------------------------------------------

Merge commit 212 is -> 
{ 1f622d63bcd3018e5e714c02e6d0b58431c658e4 is a merge commit
---> Commit message - Merge PR #1257 'Use line-specific method names where possible'
-----------------------------------------------------------------

Merge commit 213 is -> 
{ 60e5d8d1ccd5a07038138f18752620edebeb8a3d is a merge commit
---> Commit message - Merge pull request #1260 from tarruda/system-specs

Fix coverity defect(Resource leak) and add some specs which expose the bug to valgrind
-----------------------------------------------------------------

Merge commit 214 is -> 
{ 5e65e3eae079d4765124ce791ce79649444ca403 is a merge commit
---> Commit message - Merge pull request #1208 from war1025/dev/remove_for_all_windows

Remove FOR_ALL_WINDOWS and replace with FOR_ALL_WINDOWS_IN_TAB(curtab)
-----------------------------------------------------------------

Merge commit 215 is -> 
{ 66ec1a448e4f1602ab9b552ad590a8fadb3b98ae is a merge commit
---> Commit message - Merge pull request #1268 from stefan991/cleanup-docs-2

Cleanup user documentation
-----------------------------------------------------------------

Merge commit 216 is -> 
{ 04b298ee754bad9917cd910b59299c5be2cd59e0 is a merge commit
---> Commit message - Merge pull request #1254 from splinterofchaos/na-patches

Mark patches 363 and 366 NA; vim-patch:7.4.375
-----------------------------------------------------------------

Merge commit 217 is -> 
{ aff24964f1ab2ef770745520aa7524798a616535 is a merge commit
---> Commit message - Merge pull request #1267 from justinmk/version

version refactor
-----------------------------------------------------------------

Merge commit 218 is -> 
{ 7e229e78e9e9976783fab14d21f2605169f93193 is a merge commit
---> Commit message - Merge pull request #1273 from fwalch/fix-homebrew

homebrew: fix install prefix
-----------------------------------------------------------------

Merge commit 219 is -> 
{ 7ff71b5790e942ecf9fad4093d2cbb0abac0a591 is a merge commit
---> Commit message - Merge pull request #1279 from splinterofchaos/matchparen

vim-patch:7.4.397
-----------------------------------------------------------------

Merge commit 220 is -> 
{ 867aff3d2d59e84caa914c84063862b07d306f4c is a merge commit
---> Commit message - Merge pull request #1280 from splinterofchaos/visual-mb

vim-patch:7.4.408
-----------------------------------------------------------------

Merge commit 221 is -> 
{ f68e7aba2c6ac3fe90a5f550e4b16e385882d16a is a merge commit
---> Commit message - Merge pull request #1265 from dkns/vp-7.4.444

vim-patch:7.4.444
-----------------------------------------------------------------

Merge commit 222 is -> 
{ 97d2fbde7366073035ff11f93c6bc7c1879e5713 is a merge commit
---> Commit message - Merge pull request #1293 from justinmk/homebrew

handle missing git or .git/
-----------------------------------------------------------------

Merge commit 223 is -> 
{ 388e75e4b0f602ac5dd70e1ceeb1d1a18a37c51e is a merge commit
---> Commit message - Merge PR #1296 'Use the lua client to run functional tests'
-----------------------------------------------------------------

Merge commit 224 is -> 
{ 7e17eb49b00fc4d7b0d0c7f0c0b002c710a70596 is a merge commit
---> Commit message - Merge pull request #1298 from splinterofchaos/418

vim-patch:7.4.418
-----------------------------------------------------------------

Merge commit 225 is -> 
{ 587101a3746fac401c3fdace35d09cbcb8d38571 is a merge commit
---> Commit message - Merge pull request #1299 from jszakmeister/add-missing-luajit-flags

Add missing linker flags required for LuaJIT on 64-bit Mac OS X.
-----------------------------------------------------------------

Merge commit 226 is -> 
{ 56ef9e86688e79dc6a6bffe73c505eaaddf3be2d is a merge commit
---> Commit message - Merge pull request #1297 from splinterofchaos/server-errors

server: Improve error reporting.
-----------------------------------------------------------------

Merge commit 227 is -> 
{ fb34028c1e2274d668eb7d7912ada2b163898520 is a merge commit
---> Commit message - Merge PR #1300 'Refactor input buffer'
-----------------------------------------------------------------

Merge commit 228 is -> 
{ 77e918bc1f0067e0d15de8db13bfbc64bf2cf82b is a merge commit
---> Commit message - Merge PR #1306 'RBuffer fixes'
-----------------------------------------------------------------

Merge commit 229 is -> 
{ 1eb3dae04a8fd703dcbc6257a3cf22a460e0d967 is a merge commit
---> Commit message - Merge PR #1310 'Improve YCM contrib.'
-----------------------------------------------------------------

Merge commit 230 is -> 
{ 56339036a741cb5ae8681bf73aec8f8d24cb1786 is a merge commit
---> Commit message - Merge pull request #1311 from GokuITA/issue1295

Fixed sign column redraw
-----------------------------------------------------------------

Merge commit 231 is -> 
{ 7e1b285c575aefc6120c1444f8d781f956d3cac8 is a merge commit
---> Commit message - Merge pull request #1313 from fwalch/runtime-programs

CMake: Set execute permissions during installation.
-----------------------------------------------------------------

Merge commit 232 is -> 
{ 6e268cd0d40a3652a68b486bdbb421d39295ab48 is a merge commit
---> Commit message - Merge pull request #1319 '[RFC] A few fixes for YCM contrib docs and code'
-----------------------------------------------------------------

Merge commit 233 is -> 
{ 5cd9b6474287650790e97187058c81b176fbc7c9 is a merge commit
---> Commit message - Merge PR #1316 'Refactor event deferral'
-----------------------------------------------------------------

Merge commit 234 is -> 
{ 2f31c3d6ce665ea9aceea700b29858e6e2bc7e62 is a merge commit
---> Commit message - Merge PR #1326 'Add verification of log macros'
-----------------------------------------------------------------

Merge commit 235 is -> 
{ b8401550a739b6007c0e6fe3ace583dde3001379 is a merge commit
---> Commit message - Merge pull request #1330 from splinterofchaos/na-patches

N/A patches
-----------------------------------------------------------------

Merge commit 236 is -> 
{ d1e063a8af57661c37da31954346b2b9f73dd9b5 is a merge commit
---> Commit message - Merge pull request #1332 from splinterofchaos/listbr

vim-patch:7.4.422
-----------------------------------------------------------------

Merge commit 237 is -> 
{ 65942d3a8d84510fcee2dd1c6306a5af13296c84 is a merge commit
---> Commit message - Merge PR #1331 'Fixes to job and channel modules'
-----------------------------------------------------------------

Merge commit 238 is -> 
{ 7797991ba50c0d76f7750cb821dca085a1f40c7e is a merge commit
---> Commit message - Merge PR #1354 'Fixes to channel.c, input.c and helpers.lua'
-----------------------------------------------------------------

Merge commit 239 is -> 
{ c28adf15e6c2079c732bb77fb99c50b80a4d7fe2 is a merge commit
---> Commit message - Merge PR #1350 'valgrind/jobs: Fix invalid reads.'
-----------------------------------------------------------------

Merge commit 240 is -> 
{ 72c54db443aad66dd5f71ce25d7ec8896715e233 is a merge commit
---> Commit message - Merge #1342 "signs bugfix"
-----------------------------------------------------------------

Merge commit 241 is -> 
{ 3fc542b45bc6b3b826f7c2eabffe1ede3cb7afbf is a merge commit
---> Commit message - Merge pull request #1347 from splinterofchaos/433

vim-patch:7.4.433
-----------------------------------------------------------------

Merge commit 242 is -> 
{ 713c3ae5aeaf081b041769a18f264e3e52ee0b8a is a merge commit
---> Commit message - Merge PR #1357 'Fixes to input/job modules'
-----------------------------------------------------------------

Merge commit 243 is -> 
{ 181e652ee152d90aaff17a1985b05a98d6b69515 is a merge commit
---> Commit message - Merge pull request #1312 from GokuITA/coverity1289

coverity/71507: Unchecked return value (CHECKED_RETURN)
-----------------------------------------------------------------

Merge commit 244 is -> 
{ 34ec5a9f81b797381136e0ecc192c5a2ca7595f6 is a merge commit
---> Commit message - Merge pull request #1361 from splinterofchaos/silent-system

Mark patch 427 as included. 
-----------------------------------------------------------------

Merge commit 245 is -> 
{ 4b0f8f2a4d8f1f1db1900079061cad2098bf0ac0 is a merge commit
---> Commit message - Merge pull request #1349 from stefan991/fix-cimport-pragma-pack

Fix handling of `#pragma pack` in `cimport` lua helper
-----------------------------------------------------------------

Merge commit 246 is -> 
{ 822d813575e53ac16bdc93a656a509adcbaadb2a is a merge commit
---> Commit message - Merge PR #1358 'Fix python setup'
-----------------------------------------------------------------

Merge commit 247 is -> 
{ 1b9e4d77310cd5e85d2fb9f2bd56b13550f9d2d7 is a merge commit
---> Commit message - Merge pull request #1364 from fwalch/cla

CONTRIBUTING.md: Add link to CLA.
-----------------------------------------------------------------

Merge commit 248 is -> 
{ a8656ed50acecddafb1cb2f359ba0090154137fb is a merge commit
---> Commit message - Merge pull request #1367 from elmart/python-setup-fix

Fix python setup: Fix issue for users not using python.
-----------------------------------------------------------------

Merge commit 249 is -> 
{ 591391b9bc9a28fc1052d6fb22e297bca32555f7 is a merge commit
---> Commit message - Merge PR #1365 'Refactor os_call_shell to use os_system'
-----------------------------------------------------------------

Merge commit 250 is -> 
{ 92173edbc0d35420056034d5139a71575e370538 is a merge commit
---> Commit message - Merge pull request #1371 from GokuITA/coverity74362

coverity/74362: Initialized Array using ARRAY_DICT_INIT
-----------------------------------------------------------------

Merge commit 251 is -> 
{ 48847fbafc41d93bbc42d7bf5711a47c4982e08c is a merge commit
---> Commit message - Merge pull request #951 from bfredl/curfix

api: window_set_cursor doesn't always update position.
-----------------------------------------------------------------

Merge commit 252 is -> 
{ 5a52bcfa22f83278928d18898cb1df0b3d1a00d9 is a merge commit
---> Commit message - Merge PR #1369 'Assert libuv event loop is properly cleaned up'
-----------------------------------------------------------------

Merge commit 253 is -> 
{ 50590ba54ecbbf8b57019215bcb82fd9905b8790 is a merge commit
---> Commit message - Merge pull request #1379 from xu-cheng/GenerateHelptags_fix

GenerateHelptags: check whether DESTDIR exists
-----------------------------------------------------------------

Merge commit 254 is -> 
{ 33d3a7c83b2f1d2cda22b53bf82d68267154cdfd is a merge commit
---> Commit message - Merge pull request #1366 from fwalch/homebrew-release

Homebrew: Compile as release build.
-----------------------------------------------------------------

Merge commit 255 is -> 
{ 6c0a596dacd7672e650847f1ed15e6a2a67b1483 is a merge commit
---> Commit message - Merge pull request #1381 from xzfc/master

GenerateHelptags: Fix checking of DESTDIR
-----------------------------------------------------------------

Merge commit 256 is -> 
{ c4e112e13bcdf7374c5a5a9e763f6eb0bf95b012 is a merge commit
---> Commit message - Merge pull request #1387 from fwalch/fix-installation

Fix installation.
-----------------------------------------------------------------

Merge commit 257 is -> 
{ eeaac9f639483e10b9d9db103bb1eb0da5d4bfe6 is a merge commit
---> Commit message - Merge pull request #1377 from Pyrohh/msgpack_rpc-doc-fixes

Misc. msgpack-rpc doc fixes
-----------------------------------------------------------------

Merge commit 258 is -> 
{ 13a38ff688cbe7a5e6d499cc8d3d1642b61cdf9e is a merge commit
---> Commit message - Merge PR #1384 'Add core dump reporting to travis'
-----------------------------------------------------------------

Merge commit 259 is -> 
{ 5f99be1efe7eff66c947e10eeb6138bb06f070d2 is a merge commit
---> Commit message - Merge pull request #1376 '[RDY] Passing current range to provider calls'
-----------------------------------------------------------------

Merge commit 260 is -> 
{ 1d250cddb87546c0470462738d546c9d061dff56 is a merge commit
---> Commit message - Merge pull request #1287 '[RFC] Add legacy test conversion script.'
-----------------------------------------------------------------

Merge commit 261 is -> 
{ 04633e3e6bb0da1489050fee2c7514f9a1808327 is a merge commit
---> Commit message - Merge PR #1328 'Migrate legacy tests'
-----------------------------------------------------------------

Merge commit 262 is -> 
{ 83d9b362142a801599ecfe95c326bc4f4d7f9ceb is a merge commit
---> Commit message - Merge pull request #1390 from jszakmeister/turn-down-fortify-source

build: turn down the _FORTIFY_SOURCE level on gcc >= 4.0
-----------------------------------------------------------------

Merge commit 263 is -> 
{ d1675de0a924695cb682e189728531f152e1dff8 is a merge commit
---> Commit message - Merge pull request #1392 from fwalch/fix-build-warnings

Fix build warnings.
-----------------------------------------------------------------

Merge commit 264 is -> 
{ e0628dab497fbfa62f0ab2dcc3d7eb785b5cc137 is a merge commit
---> Commit message - Merge pull request #1395 from jszakmeister/fix-run-functional-tests

build: fix running of functional tests directly with CMake
-----------------------------------------------------------------

Merge commit 265 is -> 
{ 3972715ce791466c1ea3c873f78e95e13eba6e58 is a merge commit
---> Commit message - Merge pull request #1397 from fwalch/fix-test_file

Restore TEST_FILE functionality for running individual tests.
-----------------------------------------------------------------

Merge commit 266 is -> 
{ 4cc26fba249361cccd791a76fc35c46d851096a5 is a merge commit
---> Commit message - Merge PR #1398 'Tests and msgpack rpc improvements'
-----------------------------------------------------------------

Merge commit 267 is -> 
{ 37d608b8c179dd7a68bdf6edf985e4df453231cc is a merge commit
---> Commit message - Merge pull request #1370 from aktau/enable-iconv

re-enable iconv
-----------------------------------------------------------------

Merge commit 268 is -> 
{ 7c7874d11b07167e3ed2b5a2fc21484ff1c6be34 is a merge commit
---> Commit message - Merge pull request #1412 from fwalch/startup-help

version: Refer to nvim help on startup screen.
-----------------------------------------------------------------

Merge commit 269 is -> 
{ 8455fd5e338624a76bd2e4b3176f51eeac76ff7b is a merge commit
---> Commit message - Merge pull request #1340 from elmart/remove-long_u

Remove project-specific integer types: long_u. (2)
-----------------------------------------------------------------

Merge commit 270 is -> 
{ 7ded32ad3b869b429a617367ea9af4c66a50df1e is a merge commit
---> Commit message - Merge PR #1421 'Improve test error handling and reporting'
-----------------------------------------------------------------

Merge commit 271 is -> 
{ 7edd68e635041e06ca4d21cda57a8fc5efaf1a19 is a merge commit
---> Commit message - Merge PR #1422 'Pass --show-possibly-lost=no to valgrind'
-----------------------------------------------------------------

Merge commit 272 is -> 
{ f7a468c1e76a1b2fb4ccf436fc9d50174b88b412 is a merge commit
---> Commit message - Merge pull request #1414 from xu-cheng/sha1_md5

Prefer to SHA1 other than MD5 in third-party downloads
-----------------------------------------------------------------

Merge commit 273 is -> 
{ 6f8c916d8408a89996ce8fbd86e48194b5a46b3e is a merge commit
---> Commit message - Merge PR #1424 'Only force-close stdout/stderr when the job exits'
-----------------------------------------------------------------

Merge commit 274 is -> 
{ 07775c07c0c269fe70effa0489f65fb98143c12c is a merge commit
---> Commit message - Merge pull request #1411 from xu-cheng/homebrew-formula

Let homebrew handle external resources download
-----------------------------------------------------------------

Merge commit 275 is -> 
{ 05ae9781b5d1dbff7bf82051e9ba6f8e3a68953b is a merge commit
---> Commit message - Merge PR #1255 '[RDY] Set `v:job_data[2]` line-wise and `jobsend(,[list]). (#1243)'
-----------------------------------------------------------------

Merge commit 276 is -> 
{ 847d5ffa7c21321765df1021465a20a96de8bfef is a merge commit
---> Commit message - Merge PR #1399 'Better handling for invalid msgpack-rpc'
-----------------------------------------------------------------

Merge commit 277 is -> 
{ 7d0a689476fdffc1e027ff0205fa404ba9d81602 is a merge commit
---> Commit message - Merge pull request #1434 from xu-cheng/fix-1433

DownloadAndExtractFile.cmake: only skip if directory is not empty.
-----------------------------------------------------------------

Merge commit 278 is -> 
{ 2aeda4ba6f033707dd96daabd2084d239ac82b3d is a merge commit
---> Commit message - Merge pull request #1426 from jszakmeister/change-release-opt-default

build: default to using -O2 for release builds
-----------------------------------------------------------------

Merge commit 279 is -> 
{ c9df7ba308434be02365a35458d67840fcba4c7e is a merge commit
---> Commit message - Merge pull request #1383 from fwalch/nvim-buildtype

CMake: Set custom RelWithDebInfo compile flags.
-----------------------------------------------------------------

Merge commit 280 is -> 
{ 1ea90f697113cc5a98e63df3f89552f0837561b1 is a merge commit
---> Commit message - Merge pull request #1400 from jszakmeister/install-helpers-destdir

build: fix the usage of DESTDIR in InstallHelpers.cmake
-----------------------------------------------------------------

Merge commit 281 is -> 
{ 66f16619e4a8ccd42bc0811f73924482a6207292 is a merge commit
---> Commit message - Merge pull request #1428 from xu-cheng/relocate-formula

Homebrew: move formula to neovim/homebrew-neovim
-----------------------------------------------------------------

Merge commit 282 is -> 
{ c744bb8144b5dd14c014817b9250aa5325d53cfe is a merge commit
---> Commit message - Merge pull request #1440 from jszakmeister/fix-og-flag-usage

build: only attempt to use -Og if it's supported
-----------------------------------------------------------------

Merge commit 283 is -> 
{ dcccc1a50de3caea62ab12f9e15fc6f3e242b5c4 is a merge commit
---> Commit message - Merge pull request #1437 from jszakmeister/build-search-fixes

A few fixes for some build-related issues.
-----------------------------------------------------------------

Merge commit 284 is -> 
{ e9ac693bcde8e09e943b1e4a0e8a534c813501b8 is a merge commit
---> Commit message - Merge pull request #1389 from elmart/clang-analysis-fixes

Fix clang analysis warnings.
-----------------------------------------------------------------

Merge commit 285 is -> 
{ 8a0074d9b8da6112bb5e0f200f4bd17ef192bf9d is a merge commit
---> Commit message - Merge pull request #1403 from fwalch/version-flags

version: Add compilation info.
-----------------------------------------------------------------

Merge commit 286 is -> 
{ 57140446174a1e547b4799d75d6182a24ad78b44 is a merge commit
---> Commit message - Merge pull request #1441 from jszakmeister/remove-redundant-define

Remove redundant USE_ICONV define from config.h.in.
-----------------------------------------------------------------

Merge commit 287 is -> 
{ 8e281b3f70f92535925332207061385f4d1935bc is a merge commit
---> Commit message - Merge pull request #1429 from oni-link/fix.job_start.leak

Fix memory leak in job_start().
-----------------------------------------------------------------

Merge commit 288 is -> 
{ 911c5518a5ff6c621f9e681b66920107c2bcbe72 is a merge commit
---> Commit message - Merge pull request #1443 from jszakmeister/allow-root-dir-installs

build: allow installing into the root directory (/)
-----------------------------------------------------------------

Merge commit 289 is -> 
{ 20b895e624489903fc79f956234039eaaecb6e46 is a merge commit
---> Commit message - Merge pull request #1442 from fwalch/improve-legacy2luatest

Improve legacy2luatest script.
-----------------------------------------------------------------

Merge commit 290 is -> 
{ b0cd397a43ae18942e12b1c76f838aac135b18cf is a merge commit
---> Commit message - Merge pull request #1416 from jondkinney/master

Fix the nvim-clipboard help instructions
-----------------------------------------------------------------

Merge commit 291 is -> 
{ 3080672650b1a6583684edfdafef7e07c0c7cf56 is a merge commit
---> Commit message - Merge pull request #1448 from tarruda/shell-systemlist-test-fixes

Fixes to shell.c, systemlist and functional tests
-----------------------------------------------------------------

Merge commit 292 is -> 
{ fc19f0c4c6773ff8b10c14492da2acf3601d8cbc is a merge commit
---> Commit message - Merge pull request #1431 from elmart/clang-analysis-fixes-2

Fix clang analysis warnings. (2)
-----------------------------------------------------------------

Merge commit 293 is -> 
{ 85842b29eb9f525ee78c153713e9f55e503d82b7 is a merge commit
---> Commit message - Merge pull request #1449 from jszakmeister/fix-cmake-module-path-usage

build: fix CMAKE_MODULE_PATH usage
-----------------------------------------------------------------

Merge commit 294 is -> 
{ e450c541ddfe1266d3d56b594f83ab197e747584 is a merge commit
---> Commit message - Merge pull request #1439 from jszakmeister/shuffle-some-includes

Move many includes down to the EXITFREE block.
-----------------------------------------------------------------

Merge commit 295 is -> 
{ b027e1ed0c92ed49961ecbd24228967d916c2bbd is a merge commit
---> Commit message - Merge pull request #923 from splinterofchaos/normal-bool

Use bool in normal.h and .c.
-----------------------------------------------------------------

Merge commit 296 is -> 
{ b1e06c6d60f4947794851982eb73db6ef3b64fbf is a merge commit
---> Commit message - Merge pull request #1282 from splinterofchaos/cmd-undef

vim-patch:7.4.414 + vim-patch:7.4.415
-----------------------------------------------------------------

Merge commit 297 is -> 
{ 8da78bc3ae694aa2a6edaac97756211374491471 is a merge commit
---> Commit message - Merge pull request #1320 from splinterofchaos/ll-lock

vim-patch:7.4.419
-----------------------------------------------------------------

Merge commit 298 is -> 
{ 205ac8d176f67514e3bc8fa069c8e7d92be69094 is a merge commit
---> Commit message - Merge pull request #1345 from war1025/dev/wininfo_bools

Convert some values into bools
-----------------------------------------------------------------

Merge commit 299 is -> 
{ c5d7d75bb10a3d41bd2c502b010f2148c5e7b796 is a merge commit
---> Commit message - Merge pull request #1283 from splinterofchaos/breakindent-tab

vim-patch:7.4.416 + vim-patch:7.4.417
-----------------------------------------------------------------

Merge commit 300 is -> 
{ c7a3109dd3e747438f46ce6cc404006e27be79ff is a merge commit
---> Commit message - Merge #1322 'vim-patch:7.4.421 + vim-patch:7.4.437'
-----------------------------------------------------------------

Merge commit 301 is -> 
{ c347d9226a00d1ff8015fcdab1fb414e2c3e4c0a is a merge commit
---> Commit message - Merge pull request #1473 from alexgenco/patch-1

Fix api metadata function name in docs
-----------------------------------------------------------------

Merge commit 302 is -> 
{ bc812a82f87644e184b17517936fddf6ff1221e3 is a merge commit
---> Commit message - Merge pull request #1460 from elmart/clang-analysis-fixes-3

Fix clang analysis warnings. (3)
-----------------------------------------------------------------

Merge commit 303 is -> 
{ 7465fc6ee9f94912db5d4d688de738dbe99f31fb is a merge commit
---> Commit message - Merge pull request #1471 from splinterofchaos/fix-jobstart

jobstart: Check prg arguments for NULL.
-----------------------------------------------------------------

Merge commit 304 is -> 
{ 0fcb867981463372675f3dd31d5753123f1bfa54 is a merge commit
---> Commit message - Merge pull request #1479 from Pyrohh/fix_comments_and_use_stdbool

{farsi.c,arabic.c}: Fix comments and use stdbool
-----------------------------------------------------------------

Merge commit 305 is -> 
{ 75f4451d570deef2127913d554de0d6e1a9c8f47 is a merge commit
---> Commit message - Merge pull request #1483 from oni-link/fix.mch_print_begin.memory.leak.stackversion

coverity/13765,13766,13767,13768: Fix memory leaks in hardcopy.c
-----------------------------------------------------------------

Merge commit 306 is -> 
{ cdf85dcc12bf227b5f4831b2b58c0b11f743aedf is a merge commit
---> Commit message - Merge pull request #1157 from fwalch/remove-coverity

Travis: Remove Coverity build.
-----------------------------------------------------------------

Merge commit 307 is -> 
{ 3b8661745b2c5ed8b4b9a7bfe4fa75935eb1afeb is a merge commit
---> Commit message - Merge pull request #1485 from equalsraf/tb-no-make-prg

Use cmake --build inside CMake scripts instead of calling Make directly
-----------------------------------------------------------------

Merge commit 308 is -> 
{ a67fd6f21378bc01b41e5349abff2eb214f6c288 is a merge commit
---> Commit message - Merge pull request #1487 from jszakmeister/search-gettext-subdir

Fix #1484: search gettext subdir for header
-----------------------------------------------------------------

Merge commit 309 is -> 
{ 9e37c1d3b6b9d0d35d7f7558d3efb555757278c0 is a merge commit
---> Commit message - Merge PR #1454 'Refactor plugin system'
-----------------------------------------------------------------

Merge commit 310 is -> 
{ e8e3e6e798b789acc659b19f0c422c6444fc167c is a merge commit
---> Commit message - Merge pull request #1478 from elmart/clang-analysis-fixes-4

Fix clang analysis warnings. (4)
-----------------------------------------------------------------

Merge commit 311 is -> 
{ 32ec851270ff93d3453450cba54162841f519283 is a merge commit
---> Commit message - Merge pull request #1488 from fwalch/invert-wconversion

Invert -Wconversion handling & fix some warnings.
-----------------------------------------------------------------

Merge commit 312 is -> 
{ 2f02f6c53571869e07d175b518d7222093dbb31a is a merge commit
---> Commit message - Merge PR #1504 'Change external plugin dir, manifest and improve docs'
-----------------------------------------------------------------

Merge commit 313 is -> 
{ bc1b9c1d90898a322cf43fd80f225105a5c7a122 is a merge commit
---> Commit message - Merge PR #1420 'Migrate legacy tests (2nd batch)'
-----------------------------------------------------------------

Merge commit 314 is -> 
{ 9a774e726c362083691476a42ab6eac0b536397a is a merge commit
---> Commit message - Merge pull request #1373 from elmart/fix-outofdate-doc

Fix outdated doc: Connecting to nvim through python REPL.
-----------------------------------------------------------------

Merge commit 315 is -> 
{ 2c29b20af767bd7ebebeb41da14df4d66a19d5a0 is a merge commit
---> Commit message - Merge PR #1515 'Refer to plugins running outside Nvim as "remote plugins"'
-----------------------------------------------------------------

Merge commit 316 is -> 
{ af5eaf22c529205ea75665df4a917b9294419f12 is a merge commit
---> Commit message - Merge PR #1518 'Improve functional tests and perform explicit K_EVENT handling'
-----------------------------------------------------------------

Merge commit 317 is -> 
{ 699a19ab302da2f08ab9f9a377b0910b2c233e6d is a merge commit
---> Commit message - Merge pull request #1513 from fwalch/vimpatch-script

Add helper script for porting vim patches.
-----------------------------------------------------------------

Merge commit 318 is -> 
{ 412c71444876a887cfef74a031e8d1df3a05e9ee is a merge commit
---> Commit message - Merge pull request #1521 from three-comrades/valgrind

Fix Makefile for running valgrind with old tests.
-----------------------------------------------------------------

Merge commit 319 is -> 
{ 4b89903a22894c8f0847ed6c206f2dfcae60b4d1 is a merge commit
---> Commit message - Merge pull request #1520 from elmart/fix-func-tests

Fix functional tests failing on OSX.
-----------------------------------------------------------------

Merge commit 320 is -> 
{ f4e125de2dd92e149510e300c139568fc5e83f9d is a merge commit
---> Commit message - Merge PR #1527 'Add gdbserver support on helpers.lua'
-----------------------------------------------------------------

Merge commit 321 is -> 
{ 1c25f1d9475ad763138c67f538aee37ef9ab5aee is a merge commit
---> Commit message - Merge pull request #1525 from justinmk/clipboardX

clipboard: check for X on every invocation
-----------------------------------------------------------------

Merge commit 322 is -> 
{ 657601a04c589eefbc1080aae9de2e99f103bd30 is a merge commit
---> Commit message - Merge pull request #1526 from elmart/mem-func-impr

Memory functions: Improve style.
-----------------------------------------------------------------

Merge commit 323 is -> 
{ bcab2905d83c4b6c0def50462752b1beb5548f10 is a merge commit
---> Commit message - Merge pull request #1539 from Floobits/master

Print an error and exit when there are no plugins.
-----------------------------------------------------------------

Merge commit 324 is -> 
{ c2479a1e63b047d89d3cec9d1d45885d8c669d79 is a merge commit
---> Commit message - Merge PR #1547 'Update bundled lua client version'
-----------------------------------------------------------------

Merge commit 325 is -> 
{ 3bbbeaf2c9658222f31c29bc0ab27b9f125fb27c is a merge commit
---> Commit message - Merge pull request #1552 from equalsraf/tb-fix-1530

add missing refcount increment for systemlist()
-----------------------------------------------------------------

Merge commit 326 is -> 
{ c83dfa20bd275ad7f5ea92a4aac2686f9111e602 is a merge commit
---> Commit message - Merge pull request #1543 from jszakmeister/fix-broken-functional-tests

Fix broken functional test.
-----------------------------------------------------------------

Merge commit 327 is -> 
{ 68fcd8b696dae33897303c9f8265629a31afbf17 is a merge commit
---> Commit message - Merge pull request #1544 from jszakmeister/run-tests-error-code

build: print the error result when the tests fail
-----------------------------------------------------------------

