# of merges = 98
Merge commit 1 is -> 
{ bad21d9cd893c3cbf0327f71fd7a36df488a639c is a merge commit
---> Commit message - Merge branch 'master' of longyiqi.com:oclint
-----------------------------------------------------------------

Merge commit 2 is -> 
{ 02ae3c48387a4580da266343646dfbbeda959c46 is a merge commit
---> Commit message - Merge pull request #1 from lqi/master

Use Hamcrest style in all test cases
-----------------------------------------------------------------

Merge commit 3 is -> 
{ bec464efcb3de32e756206a723091a2c1ca442db is a merge commit
---> Commit message - Merge branch 'rule_carrier' into freebsd
-----------------------------------------------------------------

Merge commit 4 is -> 
{ 4dd14ca62df019fe843aa837d9d632e68218c618 is a merge commit
---> Commit message - Merge pull request #3 from lqi/rule_carrier

Introduce RuleCarrier
-----------------------------------------------------------------

Merge commit 5 is -> 
{ 46b62e73834ee2e80290c04b864217e86a6903f2 is a merge commit
---> Commit message - Merge pull request #4 from lqi/freebsd

FreeBSD Support
-----------------------------------------------------------------

Merge commit 6 is -> 
{ 57106d2bc228422fd1bbfb294c0e256a8a152656 is a merge commit
---> Commit message - Merge pull request #6 from lqi/reporters_module

Reporters module
-----------------------------------------------------------------

Merge commit 7 is -> 
{ 1fa5ca99bdaa20a015b6007002bf613f39adf06a is a merge commit
---> Commit message - Merge pull request #9 from lqi/experimental_ast_matcher

Experimental AST Matcher Rules
-----------------------------------------------------------------

Merge commit 8 is -> 
{ 5af94fac7382c51b2d18a86bc718aade1e2afd55 is a merge commit
---> Commit message - Merge from lqi/reporters_module
-----------------------------------------------------------------

Merge commit 9 is -> 
{ c14cbe754898766972f650230e4f537bf9c15a5b is a merge commit
---> Commit message - Merge pull request #13 from lqi/master

Fix CollapsableIfStatements False Positive
-----------------------------------------------------------------

Merge commit 10 is -> 
{ 435e75daca310b3d4ce956a0cfb195e9d6a4f685 is a merge commit
---> Commit message - Merge pull request #17 from lqi/master

Fixes False Positive in MissingBreakInSwitchStatementRule
-----------------------------------------------------------------

Merge commit 11 is -> 
{ 4a6dfe2f40b9ca5abf0c123b6dc5b13c548c1ba7 is a merge commit
---> Commit message - Merge pull request #18 from lqi/master

Switch to clang_rt.profile library for testing
-----------------------------------------------------------------

Merge commit 12 is -> 
{ 090f42bf68eeb1b04f79670ab10e059338c9c7dc is a merge commit
---> Commit message - Merge pull request #19 from lqi/reporters_module

Add Report Generated Time to XML and JSON Reporters
-----------------------------------------------------------------

Merge commit 13 is -> 
{ 17500f48d23a3a03e7e2d9cb07809ab80f33df95 is a merge commit
---> Commit message - Merge pull request #20 from aleffert/master

Add custom rules directory to build process.
-----------------------------------------------------------------

Merge commit 14 is -> 
{ 79e61b3bd44b0c87a8cbab2574745d813ab9cc7e is a merge commit
---> Commit message - Merge pull request #21 from lqi/clang_tooling_module

ClangTooling Frontend Module Extraction
-----------------------------------------------------------------

Merge commit 15 is -> 
{ c5ea7d9c2d1c6bdabb4d7e71af60d7c4cd677e54 is a merge commit
---> Commit message - Merge pull request #23 from lqi/master

Use std::map in RuleConfiguration
-----------------------------------------------------------------

Merge commit 16 is -> 
{ a43f66498fb029dae75d50d5b1c6acfd2648c2c6 is a merge commit
---> Commit message - Merge pull request #22 from lqi/scaffold

Rule Scaffolding
-----------------------------------------------------------------

Merge commit 17 is -> 
{ c25de0411d905c28f65b618fad0e207b7f57543e is a merge commit
---> Commit message - Merge pull request #25 from lqi/scaffold

Add Scaffold Script for Reporter
-----------------------------------------------------------------

Merge commit 18 is -> 
{ e9a1e9bbab1aa93f6009ac55e8a81323b32e0ffc is a merge commit
---> Commit message - Merge pull request #26 from lqi/master

Fix False Positive #24
-----------------------------------------------------------------

Merge commit 19 is -> 
{ 25a10706fb3a77525e3e3241e5b0ea7ccf6f4db9 is a merge commit
---> Commit message - Merge pull request #27 from lqi/suppress

Suppress Unused Method Parameter
-----------------------------------------------------------------

Merge commit 20 is -> 
{ 02a53e5e6381006829770ffff9fdd84e171eec6f is a merge commit
---> Commit message - Merge pull request #28 from lqi/master

Code Quality Enhancements
-----------------------------------------------------------------

Merge commit 21 is -> 
{ 3cd9ed66c31647bc9a4ea4ec3cf1aa2add0767b5 is a merge commit
---> Commit message - Merge pull request #30 from lqi/release_07

Added LLVM/Clang 3.3 release to checkout script
-----------------------------------------------------------------

Merge commit 22 is -> 
{ 451d204c39dcdff900586b40776a3683d3717a5c is a merge commit
---> Commit message - Merge branch 'master' of https://github.com/lqi/oclint
-----------------------------------------------------------------

Merge commit 23 is -> 
{ cc4407f8e95f7cf36272f6dd66cfa02bd9bf1f2a is a merge commit
---> Commit message - Merge pull request #31 from lqi/master

Feature Sets for 0.7 RC
-----------------------------------------------------------------

Merge commit 24 is -> 
{ d450fbc34ad2bc0611928692ae672ae2ebc627cd is a merge commit
---> Commit message - Merge branch 'driver_module' of https://github.com/lqi/oclint into driver_module
-----------------------------------------------------------------

Merge commit 25 is -> 
{ e216f7dd6020a02e212fadabc579d1cd002c71bb is a merge commit
---> Commit message - Merge from lqi/driver_module
-----------------------------------------------------------------

Merge commit 26 is -> 
{ 14b8364f1bb1a097f93a3d45dd3be8d4d09e82e6 is a merge commit
---> Commit message - Merge pull request #62 from lqi/master

Enable release build for OCLint code
-----------------------------------------------------------------

Merge commit 27 is -> 
{ 80ded61d0b24d0c7aa365a27359617a57befd4c2 is a merge commit
---> Commit message - Merge pull request #63 from lqi/clang-static-analyzer-integration

Clang Static Analyzer Integration
-----------------------------------------------------------------

Merge commit 28 is -> 
{ 0bcdade777659518337e5b75b8c324fabaed8266 is a merge commit
---> Commit message - Merge pull request #73 from chrta/master

Fixed memory leak in Driver.cpp
-----------------------------------------------------------------

Merge commit 29 is -> 
{ d09e807eb880fcfe1072f7e8ce1c80846536ff25 is a merge commit
---> Commit message - Merge pull request #69 from lqi/duplicated-matchers-patch

Fix the duplicated matchers issue
-----------------------------------------------------------------

Merge commit 30 is -> 
{ 4d966f9c7398e4aa0c09b91b8ac95ce34469bd64 is a merge commit
---> Commit message - Merge pull request #77 from chrta/fix-pmd-exporter

Added endcolumn and endline to pmd output.
-----------------------------------------------------------------

Merge commit 31 is -> 
{ 62693b66037f3fb7f809fa5bfd9a56deb45b2bf1 is a merge commit
---> Commit message - Merge latest master changes to c++11-migrate
-----------------------------------------------------------------

Merge commit 32 is -> 
{ 8652da46c906c9adda3a71385967649297383715 is a merge commit
---> Commit message - Merge pull request #70 from lqi/isa-dyn_cast-null-check

Use dyn_cast_or_null API, and complement null check for isa<> and dyn_cast<>
-----------------------------------------------------------------

Merge commit 33 is -> 
{ 4dfaef5e173cc9d5e0e2b8da3ae505ac645137db is a merge commit
---> Commit message - Merge pull request #84 from lqi/ignore-template-function-parameters

Ignore parameters in template functions
-----------------------------------------------------------------

Merge commit 34 is -> 
{ a4b378c097a83b157a56a96787214783b5e97d3f is a merge commit
---> Commit message - Merge from lqi/c++11-migration
-----------------------------------------------------------------

Merge commit 35 is -> 
{ 234e9a0d21b3f53abedba6a2eb83496c1caabb68 is a merge commit
---> Commit message - Merge from upstream/master
-----------------------------------------------------------------

Merge commit 36 is -> 
{ d6bfa7cbfeb971a6c1fc3e818cfffff7f561076d is a merge commit
---> Commit message - Merge pull request #85 from lqi/optional-global-analysis

Make global analysis optional
-----------------------------------------------------------------

Merge commit 37 is -> 
{ fa0a8cbed2a495d515030b8b885f696691ab57f1 is a merge commit
---> Commit message - Merge branch 'master' of https://github.com/oclint/oclint into better-suppress
-----------------------------------------------------------------

Merge commit 38 is -> 
{ 0cbd6c125784a0d33a6bfae29558c286dd44e321 is a merge commit
---> Commit message - Merge pull request #64 from lqi/better-suppress

Comment-based Suppression and Context-based Suppression
-----------------------------------------------------------------

Merge commit 39 is -> 
{ 063269f09dcc0578f2a32a1f6c78a5801e44e052 is a merge commit
---> Commit message - Merge with recent c++11 changes
-----------------------------------------------------------------

Merge commit 40 is -> 
{ 5f6f4d0a39348764fa7bfc6c43d03b79d32894ff is a merge commit
---> Commit message - Merge from Jarod42/master
-----------------------------------------------------------------

Merge commit 41 is -> 
{ edcc4c95310d23a91f18862ca6130b3fd07bec41 is a merge commit
---> Commit message - Merge branch 'master' of https://github.com/Jarod42/oclint into windows
-----------------------------------------------------------------

Merge commit 42 is -> 
{ fa74bb1785f89587d075fca569b4f612a09c3be5 is a merge commit
---> Commit message - Merge branch 'master' of https://github.com/oclint/oclint into new-scripts
-----------------------------------------------------------------

Merge commit 43 is -> 
{ ec9a67a44c669ca944637c9e6581939d5fe23da6 is a merge commit
---> Commit message - Merge pull request #78 from nschum/config

Configuration persistence
-----------------------------------------------------------------

Merge commit 44 is -> 
{ b6387e746ba08b9556b2381c7e7c2e11efe9e6fc is a merge commit
---> Commit message - Merge pull request #89 from joekain/posix-sh-string-compare

Use single "=" for string compare.
-----------------------------------------------------------------

Merge commit 45 is -> 
{ 8fff29cef5f3aa87d875254fa0e30b03f58351ac is a merge commit
---> Commit message - Merge pull request #90 from joekain/scaffold-tests

Scaffold tests
-----------------------------------------------------------------

Merge commit 46 is -> 
{ 62ed2ba750c8a140be0a6120d5782bae114708dd is a merge commit
---> Commit message - Merge from lqi/new-scripts
-----------------------------------------------------------------

Merge commit 47 is -> 
{ 7a4e29536e112b56940312475c919abbfb551823 is a merge commit
---> Commit message - Merge branch 'scaffold-tests' of https://github.com/joekain/oclint into joekain-scaffold-tests
-----------------------------------------------------------------

Merge commit 48 is -> 
{ 055fe01068a6945185e1c3e1fb922105c5cf59ca is a merge commit
---> Commit message - Merge pull request #96 from Jarod42/Fix_Compilation

Fix compilation with gcc.
-----------------------------------------------------------------

Merge commit 49 is -> 
{ 65125461e70fd48de95ed35afbbd23dab261e236 is a merge commit
---> Commit message - Merge branch 'reduce_dll_size' of https://github.com/Jarod42/oclint into Jarod42-reduce_dll_size
-----------------------------------------------------------------

Merge commit 50 is -> 
{ e10080d7a0026e33d8d0fc3a4df16b016b37d30e is a merge commit
---> Commit message - Merge branch 'Fix_for_python_3.X' of https://github.com/Jarod42/oclint into Jarod42-Fix_for_python_3.X
-----------------------------------------------------------------

Merge commit 51 is -> 
{ b6221a263353b5220530680fa307864db71f7287 is a merge commit
---> Commit message - Merge pull request #101 from Jarod42/GccWarningFix

Fix some gcc warnings.
-----------------------------------------------------------------

Merge commit 52 is -> 
{ c728dafe63a4a127218b1a916841c6b38cd94485 is a merge commit
---> Commit message - Merge pull request #104 from lqi/master

Enable LLVM Runtime for Mac and Linux Builds
-----------------------------------------------------------------

Merge commit 53 is -> 
{ 7aa7b109462e5bb2e1bc6b0fbf835cf23d78c212 is a merge commit
---> Commit message - Merge pull request #105 from Jarod42/TestC++11

Add testRuleOnCXX11Code to be able to test c++11 code.
-----------------------------------------------------------------

Merge commit 54 is -> 
{ 8380b24d63b217196575eefc02a8a5e9b66d6197 is a merge commit
---> Commit message - Merge pull request #102 from Jarod42/WarningFix

Fix some warnings
-----------------------------------------------------------------

Merge commit 55 is -> 
{ f23a93f4a2b78501118b50ae5f0aa8958a7a12e5 is a merge commit
---> Commit message - Merge branch 'DeleteNullptrIsSafeRule' of https://github.com/Jarod42/oclint into Jarod42-DeleteNullptrIsSafeRule
-----------------------------------------------------------------

Merge commit 56 is -> 
{ 34238ac52afba0f4ad20acf1bc84cdb75e12a83d is a merge commit
---> Commit message - Merge branch 'PreferEarlyExitRule' of https://github.com/yachoor/oclint.git
-----------------------------------------------------------------

Merge commit 57 is -> 
{ 85a27d52e6d14af9b34739eea3ba3a7349302d3b is a merge commit
---> Commit message - Merge pull request #120 from lqi/debug-enhancement

Added emitLine method for debug message ending with linebreak
-----------------------------------------------------------------

Merge commit 58 is -> 
{ 3f06d357ca79a0b87e884a1f8f91ea3a2ed446fe is a merge commit
---> Commit message - Merge pull request #119 from lqi/verbose-message-for-broken-execution

Show verbose message for broken build
-----------------------------------------------------------------

Merge commit 59 is -> 
{ 8ef11c452e77ef6317c653a9dffed51c0a7189e6 is a merge commit
---> Commit message - Merge branch 'FeatureEnvy2' of https://github.com/joekain/oclint into joekain-FeatureEnvy2
-----------------------------------------------------------------

Merge commit 60 is -> 
{ e7e7e4038f9dea2825fa471931fc569048d90728 is a merge commit
---> Commit message - Merge branch 'must-call-super' of https://github.com/aleffert/oclint into aleffert-must-call-super
-----------------------------------------------------------------

Merge commit 61 is -> 
{ 5b180a072a71ab9fb497ab8a49f884999019ed6a is a merge commit
---> Commit message - Merge branch 'assign-ivars' of https://github.com/aleffert/oclint into aleffert-assign-ivars
-----------------------------------------------------------------

Merge commit 62 is -> 
{ 05a3caabb0bc4ce42e0f40159e269aaf909a23a2 is a merge commit
---> Commit message - Merge branch 'fix-cocoa-make' of https://github.com/aleffert/oclint into aleffert-fix-cocoa-make
-----------------------------------------------------------------

Merge commit 63 is -> 
{ fe5ca678610fd23b343bbddf00c31b6dfc84d0e7 is a merge commit
---> Commit message - Merge pull request #127 from aleffert/attribute-factor

Factor attribute checking code and add a new attributeName property to RuleBase
-----------------------------------------------------------------

Merge commit 64 is -> 
{ 5cb3917a9d389a29543223efa143ca34ab4b5f0a is a merge commit
---> Commit message - Merge branch 'language-specific-rules' of https://github.com/lqi/oclint into lqi-language-specific-rules
-----------------------------------------------------------------

Merge commit 65 is -> 
{ b0a905143a8ce90f5b6b5fcf58239d41ee658d4e is a merge commit
---> Commit message - Merge branch 'improvement-to-short-variable-name-rule' of https://github.com/lqi/oclint into lqi-improvement-to-short-variable-name-rule
-----------------------------------------------------------------

Merge commit 66 is -> 
{ 0094a004638d80090f7956fb4cd6dcb61bcaf849 is a merge commit
---> Commit message - Merge branch 'FixComplexFunction' of https://github.com/yachoor/oclint into yachoor-FixComplexFunction
-----------------------------------------------------------------

Merge commit 67 is -> 
{ d1446eb60db5071672a9580463e15365fc7aac01 is a merge commit
---> Commit message - Merge branch 'subclass-must-implement' of https://github.com/aleffert/oclint into aleffert-subclass-must-implement
-----------------------------------------------------------------

Merge commit 68 is -> 
{ fb0e023d9055f8244dd4cddc9d0c614529efb252 is a merge commit
---> Commit message - Merge branch 'must-call-super-cleanup' of https://github.com/aleffert/oclint
-----------------------------------------------------------------

Merge commit 69 is -> 
{ a6810d3c077a4f12845c2bf977f372eb26404a6b is a merge commit
---> Commit message - Merge branch 'TestWithTagLocation' of https://github.com/Jarod42/oclint into Jarod42-TestWithTagLocation
-----------------------------------------------------------------

Merge commit 70 is -> 
{ 1b58e163f20246f012898eb41d90f1af0b2be82e is a merge commit
---> Commit message - Merge branch 'Jarod42-TestWithTagLocation'
-----------------------------------------------------------------

Merge commit 71 is -> 
{ adf009d03fc3728aa7b19a310f9faab48c08be90 is a merge commit
---> Commit message - Merge branch 'feature-envy-protocol-decl-patch'
-----------------------------------------------------------------

Merge commit 72 is -> 
{ d24acf40d59ec08a0d7bcaec975fb55acf405ff1 is a merge commit
---> Commit message - Merge branch 'CoveredDefaults' of https://github.com/maplesteve/oclint into maplesteve-CoveredDefaults
-----------------------------------------------------------------

Merge commit 73 is -> 
{ 8825054ff844d14f3f5d7ddee16f2b652168e4ba is a merge commit
---> Commit message - Merge branch 'master' into FixUnusedParameters

# By Longyi Qi (2) and Jarod42 (1)
# Via Longyi Qi
* master:
  Remove the redundant default
  Fix the long line warning
  Some fixes and improvement of DeadCodeRule.
-----------------------------------------------------------------

Merge commit 74 is -> 
{ 46cfc3772e22c8401ed1b42304809af2bd29ad79 is a merge commit
---> Commit message - Merge branch 'FixUnusedParameters' of https://github.com/maplesteve/oclint into maplesteve-FixUnusedParameters
-----------------------------------------------------------------

Merge commit 75 is -> 
{ d4c1a44c5c8dfccac9a0efd5cc4b260f3f88cf05 is a merge commit
---> Commit message - Merge branch 'DestructorOfVirtualClass' of https://github.com/Jarod42/oclint into Jarod42-DestructorOfVirtualClass
-----------------------------------------------------------------

Merge commit 76 is -> 
{ 5d08210658bdc8498c4912c791d478c76abab838 is a merge commit
---> Commit message - Merge branch `protected-method2` from https://github.com/aleffert/oclint.git
-----------------------------------------------------------------

Merge commit 77 is -> 
{ 463ecb670bc171b37732da703f67c285256d4c6a is a merge commit
---> Commit message - Merge branch 'EmitUnusedParam' of https://github.com/maplesteve/oclint into maplesteve-EmitUnusedParam
-----------------------------------------------------------------

Merge commit 78 is -> 
{ b562d69c4492d800aeb98f3ddd0ca2cba3566cc4 is a merge commit
---> Commit message - Merge branch 'UnusedLocalVariableRuleFix' of https://github.com/Jarod42/oclint into Jarod42-UnusedLocalVariableRuleFix
-----------------------------------------------------------------

Merge commit 79 is -> 
{ d6b92035fe99fa77253842b45be39546c61ca931 is a merge commit
---> Commit message - Merge pull request #146 from Jarod42/FixBuildForWindows

[Win32] Add missing files for OCLintAbstractRule lib.
-----------------------------------------------------------------

Merge commit 80 is -> 
{ 3f9355e03bfb439e31a202ddb3a4f061b9fd539d is a merge commit
---> Commit message - Merge pull request #166 from lqi/use-out-of-tree-llvm

Enable building and bundling with an external llvm/clang build
-----------------------------------------------------------------

Merge commit 81 is -> 
{ f6ccbf5e67b8d36ac9ebf9493e2d2828be77cc19 is a merge commit
---> Commit message - Merge branch 'master' into NoDefaultArgumentsOnVirtualFunctions
-----------------------------------------------------------------

Merge commit 82 is -> 
{ e6015511c47858e6ba4ad18a7d234fec97a062bd is a merge commit
---> Commit message - Merge branch 'master' into AvoidPrivateStaticMembers
-----------------------------------------------------------------

Merge commit 83 is -> 
{ 509618a46d21a0ae92bc8cf5c99ce788a31ae694 is a merge commit
---> Commit message - Merge pull request #171 from yachoor/NoDefaultArgumentsOnVirtualFunctions

New rule to avoid default arguments on virtual functions
-----------------------------------------------------------------

Merge commit 84 is -> 
{ cccf486ab283d12742bfaee54c933b8d57383673 is a merge commit
---> Commit message - Merge pull request #165 from aleffert/prohibited-method

Prohibited method checker
-----------------------------------------------------------------

Merge commit 85 is -> 
{ 855a4148af2e33926def782eac9fbb6d25f378e5 is a merge commit
---> Commit message - Merge pull request #173 from yachoor/modernize

Migrating to C++11 - run clang-modernize.
-----------------------------------------------------------------

Merge commit 86 is -> 
{ a90ef43851b50e81d0c7d00224965c2e0121e26e is a merge commit
---> Commit message - Merge pull request #176 from sylvestre/master

Improve the various scripts for error checks
-----------------------------------------------------------------

Merge commit 87 is -> 
{ 867a4dcba56daad5b4cdb1b298f11750a431799a is a merge commit
---> Commit message - Merge branch 'headerReorder' of https://github.com/yachoor/oclint into yachoor-headerReorder
-----------------------------------------------------------------

Merge commit 88 is -> 
{ 66b4f92c464de81aa442eb5e769f16d2035eeecc is a merge commit
---> Commit message - Merge from yachoor/AvoidPrivateStaticMembers
-----------------------------------------------------------------

Merge commit 89 is -> 
{ 24ae82b3ce5083c81bd1e6c485dc2367ad07a8b2 is a merge commit
---> Commit message - Merge pull request #179 from lqi/add-oclint-version

Add basic oclint version to -version option
-----------------------------------------------------------------

Merge commit 90 is -> 
{ 8c6d7767bde0124b542e0f4f4b9e791e9774677b is a merge commit
---> Commit message - Merge branch 'BaseClassDestructorShouldBeVirtualOrProtectedRule' of https://github.com/Jarod42/oclint into Jarod42-BaseClassDestructorShouldBeVirtualOrProtectedRule
-----------------------------------------------------------------

Merge commit 91 is -> 
{ 525ebe0d61b5dcf47c237be83860cebd7b5d568d is a merge commit
---> Commit message - Merge branch 'Jarod42-BaseClassDestructorShouldBeVirtualOrProtectedRule'
-----------------------------------------------------------------

Merge commit 92 is -> 
{ 8ffc8b18031aef942c53ac39792d0386d26d8694 is a merge commit
---> Commit message - Merge branch 'remove_duplicate_violations' of https://github.com/chrta/oclint into chrta-remove_duplicate_violations
-----------------------------------------------------------------

Merge commit 93 is -> 
{ bce7e07d282264729be5d3535ce87b376677942f is a merge commit
---> Commit message - Merge from chrta/fix_setup_teardown_test_case
-----------------------------------------------------------------

Merge commit 94 is -> 
{ 6a4451b6c78abef03f1a97d05f30e82d6a813616 is a merge commit
---> Commit message - Merge pull request #201 from RobotsAndPencils/text-reporter-grammar

Minor grammar fix for compiler errors in the text reporter
-----------------------------------------------------------------

Merge commit 95 is -> 
{ 90b12cad863651afa1c3942e516609bcdf34caeb is a merge commit
---> Commit message - Merge pull request #194 from lqi/logger

Enable logging for debugging and verbose information
-----------------------------------------------------------------

Merge commit 96 is -> 
{ e1b365a6335e9a67738c7dd72b40162b9e494013 is a merge commit
---> Commit message - Merge pull request #223 from mgu/master

Handle violations located in macro
-----------------------------------------------------------------

Merge commit 97 is -> 
{ 22b0bdf753ce3f8982b97a8a522499df97ac6bc7 is a merge commit
---> Commit message - Merge branch 'dev/recognize-unused' of https://github.com/doug-w/oclint into doug-w-dev/recognize-unused
-----------------------------------------------------------------

Merge commit 98 is -> 
{ 6fd153faaab072f8eb0ee1b4d1d06e7adfd6b43a is a merge commit
---> Commit message - Merge branch 'doug-w-dev/recognize-unused'
-----------------------------------------------------------------

