# of cherry-picks = 6
Cherry-pick diff pair 1 is -> 
{ 855a4148af2e33926def782eac9fbb6d25f378e5 -> f061f78e099e9f644054b890b9c14df0868a7c24 } is a cherrypick
{ 53bbb9acafe468cae12ee56886741a852c904a9c -> 867a4dcba56daad5b4cdb1b298f11750a431799a }
Cherrypick commits SHA are -> 
f061f78e099e9f644054b890b9c14df0868a7c24 - cherrypick - 867a4dcba56daad5b4cdb1b298f11750a431799a
---> The cherrypicked commit sha is - f061f78e099e9f644054b890b9c14df0868a7c24
Commit message - Reorder #includes (current file header first, than C and C++ standard library, than llvm, clang and finally oclint headers).
---> The original commit sha is - 867a4dcba56daad5b4cdb1b298f11750a431799a
Commit message - Merge branch 'headerReorder' of https://github.com/yachoor/oclint into yachoor-headerReorder
-----------------------------------------------------------------

Cherry-pick diff pair 2 is -> 
{ a662d650b350e665c6a253d50494450c6be88316 -> e6015511c47858e6ba4ad18a7d234fec97a062bd } is a cherrypick
{ b804a0d1ad1b431bdcdefb4c844fd963f5ca2078 -> 2032322f672fa69bbe67594c37025ce9dd1b054a }
Cherrypick commits SHA are -> 
e6015511c47858e6ba4ad18a7d234fec97a062bd - cherrypick - 2032322f672fa69bbe67594c37025ce9dd1b054a
---> The cherrypicked commit sha is - e6015511c47858e6ba4ad18a7d234fec97a062bd
Commit message - Merge branch 'master' into AvoidPrivateStaticMembers
---> The original commit sha is - 2032322f672fa69bbe67594c37025ce9dd1b054a
Commit message - Add C++11 override keyword on overriding methods.
-----------------------------------------------------------------

Cherry-pick diff pair 3 is -> 
{ adf009d03fc3728aa7b19a310f9faab48c08be90 -> a20b3dc6221c1d08e240c8c287ffc33bc279d25f } is a cherrypick
{ e614e12e4ee37440b661baf4ce8ddd35924931f1 -> d24acf40d59ec08a0d7bcaec975fb55acf405ff1 }
Cherrypick commits SHA are -> 
a20b3dc6221c1d08e240c8c287ffc33bc279d25f - cherrypick - d24acf40d59ec08a0d7bcaec975fb55acf405ff1
---> The cherrypicked commit sha is - a20b3dc6221c1d08e240c8c287ffc33bc279d25f
Commit message - Some fixes and improvement of DeadCodeRule.
---> The original commit sha is - d24acf40d59ec08a0d7bcaec975fb55acf405ff1
Commit message - Merge branch 'CoveredDefaults' of https://github.com/maplesteve/oclint into maplesteve-CoveredDefaults
-----------------------------------------------------------------

Cherry-pick diff pair 4 is -> 
{ 4afd02d8e240fe2ece40a8352874a93bdd259a7b -> bfb90a6a0608c1349772143b5e0f65083cf0861d } is a cherrypick
{ fe0bb791e839254367644b76e8ad089abd7ab2ea -> b4bfbd44fa8f004e85b3b68cecfe402ab7e6d214 }
Cherrypick commits SHA are -> 
bfb90a6a0608c1349772143b5e0f65083cf0861d - cherrypick - b4bfbd44fa8f004e85b3b68cecfe402ab7e6d214
---> The cherrypicked commit sha is - bfb90a6a0608c1349772143b5e0f65083cf0861d
Commit message - Fix scaffolded cmake files
---> The original commit sha is - b4bfbd44fa8f004e85b3b68cecfe402ab7e6d214
Commit message - Fix file order
-----------------------------------------------------------------

Cherry-pick diff pair 5 is -> 
{ 940406a5e228e41c015f717d9e4168648625cac2 -> 05909dd255a068f01cb2cd1479ecdb968af2b129 } is a cherrypick
{ 97e7a4f2e80653c17dd38c0c54ace5f6ecca901b -> 055fe01068a6945185e1c3e1fb922105c5cf59ca }
Cherrypick commits SHA are -> 
05909dd255a068f01cb2cd1479ecdb968af2b129 - cherrypick - 055fe01068a6945185e1c3e1fb922105c5cf59ca
---> The cherrypicked commit sha is - 05909dd255a068f01cb2cd1479ecdb968af2b129
Commit message - Fix compilation with gcc.
---> The original commit sha is - 055fe01068a6945185e1c3e1fb922105c5cf59ca
Commit message - Merge pull request #96 from Jarod42/Fix_Compilation

Fix compilation with gcc.
-----------------------------------------------------------------

Cherry-pick diff pair 6 is -> 
{ be62a86019ae33a3d313d39b2861c48c42b53b31 -> f8266d84ad2a56453f57c6044239deb18bc273bd } is a cherrypick
{ 91ae2cf24f021a13585f45c5ecd372cdbddde55e -> 451d204c39dcdff900586b40776a3683d3717a5c }
Cherrypick commits SHA are -> 
f8266d84ad2a56453f57c6044239deb18bc273bd - cherrypick - 451d204c39dcdff900586b40776a3683d3717a5c
---> The cherrypicked commit sha is - f8266d84ad2a56453f57c6044239deb18bc273bd
Commit message - Move test function implementations inline
---> The original commit sha is - 451d204c39dcdff900586b40776a3683d3717a5c
Commit message - Merge branch 'master' of https://github.com/lqi/oclint
-----------------------------------------------------------------

