# of partial cherrypicks = 21
Partial Cherry-pick diff pair 1 is -> 
{ 00baee33a7733384fc3b9780abd917f0240856b0 -> b9e71bcad7160a21e206c992825edd8b9afd7a14 } is a cherrypick
{ 1159a71085536f5b4b160ae415025fc19b69a5e9 -> f043e8b06cc5de882eeffde336844baf9d353fb7 }
Partial Cherry-pick commits SHA are -> 
b9e71bcad7160a21e206c992825edd8b9afd7a14 - cherrypick - f043e8b06cc5de882eeffde336844baf9d353fb7
---> The cherrypicked commit sha is - b9e71bcad7160a21e206c992825edd8b9afd7a14
Commit message - No longer setting emitter to inactive when removed
---> The original commit sha is - f043e8b06cc5de882eeffde336844baf9d353fb7
Commit message - Merge pull request #101 from sandymacpherson/develop

Emitter cleans up particles when removed
---> The files with partial_cherrypicks are:-
src/engine/particle.js
-----------------------------------------------------------------

Partial Cherry-pick diff pair 2 is -> 
{ 883d7473d764432e9bab1b607ea50e866dd700e2 -> 803aa06c382d8d6b1cea6966165f2f5874ec18f4 } is a cherrypick
{ 52b962497e20995597a77f4454d04515f04024c6 -> 73e9845796bed23e0db3a23efcfa56c817d16aa8 }
Partial Cherry-pick commits SHA are -> 
803aa06c382d8d6b1cea6966165f2f5874ec18f4 - cherrypick - 73e9845796bed23e0db3a23efcfa56c817d16aa8
---> The cherrypicked commit sha is - 803aa06c382d8d6b1cea6966165f2f5874ec18f4
Commit message - Particle/physics optimization and DebugDraw fixes.
---> The original commit sha is - 73e9845796bed23e0db3a23efcfa56c817d16aa8
Commit message - Added addTo method to TilingSprite
---> The files with partial_cherrypicks are:-
src/engine/sprite.js
-----------------------------------------------------------------

Partial Cherry-pick diff pair 3 is -> 
{ 883d7473d764432e9bab1b607ea50e866dd700e2 -> 803aa06c382d8d6b1cea6966165f2f5874ec18f4 } is a cherrypick
{ f15f73a77ad8b6d9e82964c0113ab65edb8b5279 -> 65ae80f1f9d7a415356e7625e32a1019977a548d }
Partial Cherry-pick commits SHA are -> 
803aa06c382d8d6b1cea6966165f2f5874ec18f4 - cherrypick - 65ae80f1f9d7a415356e7625e32a1019977a548d
---> The cherrypicked commit sha is - 803aa06c382d8d6b1cea6966165f2f5874ec18f4
Commit message - Particle/physics optimization and DebugDraw fixes.
---> The original commit sha is - 65ae80f1f9d7a415356e7625e32a1019977a548d
Commit message - Added addTo method to game.Container
---> The files with partial_cherrypicks are:-
src/engine/sprite.js
-----------------------------------------------------------------

Partial Cherry-pick diff pair 4 is -> 
{ 4f084b1bbada560f0a919e9b95b5a5b42b619ae9 -> f053fc8337ebe89e10864518275635ddf5ca6b6f } is a cherrypick
{ 27c34f487a59bde45f220494ab50c6b88cb85044 -> 8d38b015ec2d99ce69b4f5552aad490166cd8ac2 }
Partial Cherry-pick commits SHA are -> 
f053fc8337ebe89e10864518275635ddf5ca6b6f - cherrypick - 8d38b015ec2d99ce69b4f5552aad490166cd8ac2
---> The cherrypicked commit sha is - f053fc8337ebe89e10864518275635ddf5ca6b6f
Commit message - Update tween.js to include onRepeat callback
---> The original commit sha is - 8d38b015ec2d99ce69b4f5552aad490166cd8ac2
Commit message - Merge pull request #71 from justinmccombs/develop

Update tween.js to include onRepeat callback
---> The files with partial_cherrypicks are:-
src/engine/tween.js
-----------------------------------------------------------------

Partial Cherry-pick diff pair 5 is -> 
{ 3900ae8fc2ea789d2381392fd998805b8ef6bd80 -> 881c4f13600fd7ba972fba448477d71b9d878b0f } is a cherrypick
{ 49b1b2ffb2518fa38cd7f81f61f6b75ee628d343 -> 1f579d2664d398b53ca9f884afaf354488c5df62 }
Partial Cherry-pick commits SHA are -> 
881c4f13600fd7ba972fba448477d71b9d878b0f - cherrypick - 1f579d2664d398b53ca9f884afaf354488c5df62
---> The cherrypicked commit sha is - 881c4f13600fd7ba972fba448477d71b9d878b0f
Commit message - Updated version number
---> The original commit sha is - 1f579d2664d398b53ca9f884afaf354488c5df62
Commit message - Merge branch '1.2.1' into develop
---> The files with partial_cherrypicks are:-
src/engine/core.js
src/engine/particle.js
-----------------------------------------------------------------

Partial Cherry-pick diff pair 6 is -> 
{ d5e2ed29c4fbd163359c55756d443b0a3762f5e7 -> 95007419babb201f5fb6ddbbf5b631ce128cae2e } is a cherrypick
{ c9cf8b4389202c42cd5cc0d25d72099232476f5d -> 56a2c2007e06c87ec1811b805e126c27ffc6c2ff }
Partial Cherry-pick commits SHA are -> 
95007419babb201f5fb6ddbbf5b631ce128cae2e - cherrypick - 56a2c2007e06c87ec1811b805e126c27ffc6c2ff
---> The cherrypicked commit sha is - 95007419babb201f5fb6ddbbf5b631ce128cae2e
Commit message - Fixed version number in core
---> The original commit sha is - 56a2c2007e06c87ec1811b805e126c27ffc6c2ff
Commit message - Removed offline module
---> The files with partial_cherrypicks are:-
src/engine/offline.js
-----------------------------------------------------------------

Partial Cherry-pick diff pair 7 is -> 
{ 7c191616bd32d0b364c71f4346c6aa0a2acc40bb -> 1cc2ad61abd03dfcad560cf6c05094926c1f6786 } is a cherrypick
{ c9cf8b4389202c42cd5cc0d25d72099232476f5d -> 56a2c2007e06c87ec1811b805e126c27ffc6c2ff }
Partial Cherry-pick commits SHA are -> 
1cc2ad61abd03dfcad560cf6c05094926c1f6786 - cherrypick - 56a2c2007e06c87ec1811b805e126c27ffc6c2ff
---> The cherrypicked commit sha is - 1cc2ad61abd03dfcad560cf6c05094926c1f6786
Commit message - Update README.md
---> The original commit sha is - 56a2c2007e06c87ec1811b805e126c27ffc6c2ff
Commit message - Removed offline module
---> The files with partial_cherrypicks are:-
src/engine/offline.js
-----------------------------------------------------------------

Partial Cherry-pick diff pair 8 is -> 
{ fcf320534b8b03625c1b03b3d7b58febc31894fc -> c7b52c4e608db3c42e74226a42dd4d7d498db540 } is a cherrypick
{ c9cf8b4389202c42cd5cc0d25d72099232476f5d -> 56a2c2007e06c87ec1811b805e126c27ffc6c2ff }
Partial Cherry-pick commits SHA are -> 
c7b52c4e608db3c42e74226a42dd4d7d498db540 - cherrypick - 56a2c2007e06c87ec1811b805e126c27ffc6c2ff
---> The cherrypicked commit sha is - c7b52c4e608db3c42e74226a42dd4d7d498db540
Commit message - Update README.md
---> The original commit sha is - 56a2c2007e06c87ec1811b805e126c27ffc6c2ff
Commit message - Removed offline module
---> The files with partial_cherrypicks are:-
src/engine/offline.js
-----------------------------------------------------------------

Partial Cherry-pick diff pair 9 is -> 
{ 883d7473d764432e9bab1b607ea50e866dd700e2 -> 803aa06c382d8d6b1cea6966165f2f5874ec18f4 } is a cherrypick
{ 305b1142bd761a8e4d059ca583756cbd6a9b6578 -> a28fcb35a332ccb14adaeb5a69e07884f3e6cb8f }
Partial Cherry-pick commits SHA are -> 
803aa06c382d8d6b1cea6966165f2f5874ec18f4 - cherrypick - a28fcb35a332ccb14adaeb5a69e07884f3e6cb8f
---> The cherrypicked commit sha is - 803aa06c382d8d6b1cea6966165f2f5874ec18f4
Commit message - Particle/physics optimization and DebugDraw fixes.
---> The original commit sha is - a28fcb35a332ccb14adaeb5a69e07884f3e6cb8f
Commit message - Added debugDraw to game.Sprite addChild()
---> The files with partial_cherrypicks are:-
src/engine/sprite.js
-----------------------------------------------------------------

Partial Cherry-pick diff pair 10 is -> 
{ 59f83e9b25133f83ef26364e670d7fbfda1baa0c -> 26318585b1d2da2f766bd331f52576871b78238a } is a cherrypick
{ c13a0e6699e10488a5ced8d3995222f9b1a44544 -> e82e239bd41bcac0e60eb0e4242d25d94326839a }
Partial Cherry-pick commits SHA are -> 
26318585b1d2da2f766bd331f52576871b78238a - cherrypick - e82e239bd41bcac0e60eb0e4242d25d94326839a
---> The cherrypicked commit sha is - 26318585b1d2da2f766bd331f52576871b78238a
Commit message - Changed super to _super to support Android 2.3
---> The original commit sha is - e82e239bd41bcac0e60eb0e4242d25d94326839a
Commit message - Fixed core version number
---> The files with partial_cherrypicks are:-
src/engine/tween.js
-----------------------------------------------------------------

Partial Cherry-pick diff pair 11 is -> 
{ 59f83e9b25133f83ef26364e670d7fbfda1baa0c -> 26318585b1d2da2f766bd331f52576871b78238a } is a cherrypick
{ 2de3747921b2d2338438499763f2ea5af1c1f471 -> 27db86a3587fc617d874f26b64e115cb25d79f20 }
Partial Cherry-pick commits SHA are -> 
26318585b1d2da2f766bd331f52576871b78238a - cherrypick - 27db86a3587fc617d874f26b64e115cb25d79f20
---> The cherrypicked commit sha is - 26318585b1d2da2f766bd331f52576871b78238a
Commit message - Changed super to _super to support Android 2.3
---> The original commit sha is - 27db86a3587fc617d874f26b64e115cb25d79f20
Commit message - fnTest fix
---> The files with partial_cherrypicks are:-
src/engine/tween.js
-----------------------------------------------------------------

Partial Cherry-pick diff pair 12 is -> 
{ 2adf62e1b6639abceb3fd751b2213ee9122d5833 -> 5f1854adeacf106e8c34c3c9ef2bbaee8a48bbd2 } is a cherrypick
{ 91851a2abf5bbfe65b6efc355aa979360929e83b -> 397e5b3a898015e9d2715f3b1e411e63f1f073e3 }
Partial Cherry-pick commits SHA are -> 
5f1854adeacf106e8c34c3c9ef2bbaee8a48bbd2 - cherrypick - 397e5b3a898015e9d2715f3b1e411e63f1f073e3
---> The cherrypicked commit sha is - 5f1854adeacf106e8c34c3c9ef2bbaee8a48bbd2
Commit message - Added delayOnStart function
---> The original commit sha is - 397e5b3a898015e9d2715f3b1e411e63f1f073e3
Commit message - Merge branch 'develop' into audio

Conflicts:
	src/game/scenes.js
---> The files with partial_cherrypicks are:-
src/engine/timer.js
-----------------------------------------------------------------

Partial Cherry-pick diff pair 13 is -> 
{ cb7c19576d3a145e5695c8eb4415a9745201a85f -> a2984f0991e6f9ce5050fe7151a0927d7202db4e } is a cherrypick
{ 91851a2abf5bbfe65b6efc355aa979360929e83b -> 397e5b3a898015e9d2715f3b1e411e63f1f073e3 }
Partial Cherry-pick commits SHA are -> 
a2984f0991e6f9ce5050fe7151a0927d7202db4e - cherrypick - 397e5b3a898015e9d2715f3b1e411e63f1f073e3
---> The cherrypicked commit sha is - a2984f0991e6f9ce5050fe7151a0927d7202db4e
Commit message - Adde TweenGroup to new tween module
---> The original commit sha is - 397e5b3a898015e9d2715f3b1e411e63f1f073e3
Commit message - Merge branch 'develop' into audio

Conflicts:
	src/game/scenes.js
---> The files with partial_cherrypicks are:-
src/engine/scene.js
src/engine/timer.js
src/engine/tween.js
-----------------------------------------------------------------

Partial Cherry-pick diff pair 14 is -> 
{ 75bea8eff57218dcf46c732515aa1462c7083cca -> cb7c19576d3a145e5695c8eb4415a9745201a85f } is a cherrypick
{ e8018230d2479606dea21cc0d96661fa6c4767cb -> 777e35d9392e1e850ae7c0b08d1a6b163cf9b82c }
Partial Cherry-pick commits SHA are -> 
cb7c19576d3a145e5695c8eb4415a9745201a85f - cherrypick - 777e35d9392e1e850ae7c0b08d1a6b163cf9b82c
---> The cherrypicked commit sha is - cb7c19576d3a145e5695c8eb4415a9745201a85f
Commit message - Audio documentation
---> The original commit sha is - 777e35d9392e1e850ae7c0b08d1a6b163cf9b82c
Commit message - Fixed loader
---> The files with partial_cherrypicks are:-
src/engine/audio.js
src/engine/loader.js
src/engine/scene.js
src/engine/timer.js
src/game/scenes.js
-----------------------------------------------------------------

Partial Cherry-pick diff pair 15 is -> 
{ 2adf62e1b6639abceb3fd751b2213ee9122d5833 -> 5f1854adeacf106e8c34c3c9ef2bbaee8a48bbd2 } is a cherrypick
{ cb7c19576d3a145e5695c8eb4415a9745201a85f -> a2984f0991e6f9ce5050fe7151a0927d7202db4e }
Partial Cherry-pick commits SHA are -> 
5f1854adeacf106e8c34c3c9ef2bbaee8a48bbd2 - cherrypick - a2984f0991e6f9ce5050fe7151a0927d7202db4e
---> The cherrypicked commit sha is - 5f1854adeacf106e8c34c3c9ef2bbaee8a48bbd2
Commit message - Added delayOnStart function
---> The original commit sha is - a2984f0991e6f9ce5050fe7151a0927d7202db4e
Commit message - Adde TweenGroup to new tween module
---> The files with partial_cherrypicks are:-
src/engine/core.js
src/engine/loader.js
src/engine/timer.js
-----------------------------------------------------------------

Partial Cherry-pick diff pair 16 is -> 
{ 87d6db25d9741a92fc939880f28d60e9d74097e0 -> c205aa3b074a2530e581f5f517f689e0ac41e81a } is a cherrypick
{ ebdfb094784c001371008faf80fdd439940502d2 -> 75bea8eff57218dcf46c732515aa1462c7083cca }
Partial Cherry-pick commits SHA are -> 
c205aa3b074a2530e581f5f517f689e0ac41e81a - cherrypick - 75bea8eff57218dcf46c732515aa1462c7083cca
---> The cherrypicked commit sha is - c205aa3b074a2530e581f5f517f689e0ac41e81a
Commit message - Moved new audio module to own branch
---> The original commit sha is - 75bea8eff57218dcf46c732515aa1462c7083cca
Commit message - Merge branch 'tween' into develop
---> The files with partial_cherrypicks are:-
src/engine/audio.js
-----------------------------------------------------------------

Partial Cherry-pick diff pair 17 is -> 
{ fcf320534b8b03625c1b03b3d7b58febc31894fc -> c7b52c4e608db3c42e74226a42dd4d7d498db540 } is a cherrypick
{ d502385f6e4038a0114ab54529a9745236643ea4 -> 2546cbc55d9c426f2df61fd7510aa16cce8afb75 }
Partial Cherry-pick commits SHA are -> 
c7b52c4e608db3c42e74226a42dd4d7d498db540 - cherrypick - 2546cbc55d9c426f2df61fd7510aa16cce8afb75
---> The cherrypicked commit sha is - c7b52c4e608db3c42e74226a42dd4d7d498db540
Commit message - Update README.md
---> The original commit sha is - 2546cbc55d9c426f2df61fd7510aa16cce8afb75
Commit message - Merge branch 'master' into develop
---> The files with partial_cherrypicks are:-
README.md
-----------------------------------------------------------------

Partial Cherry-pick diff pair 18 is -> 
{ 95007419babb201f5fb6ddbbf5b631ce128cae2e -> 4ed7c2cb842c7890bc6840c6e77141aa0cc6b392 } is a cherrypick
{ 15222d946faef72c9c4b0f0b59b92fe6d1b81231 -> b3f7c8c40dc195f49adbe6c178177a4ede09e960 }
Partial Cherry-pick commits SHA are -> 
4ed7c2cb842c7890bc6840c6e77141aa0cc6b392 - cherrypick - b3f7c8c40dc195f49adbe6c178177a4ede09e960
---> The cherrypicked commit sha is - 4ed7c2cb842c7890bc6840c6e77141aa0cc6b392
Commit message - Merge branch 'master' into develop
---> The original commit sha is - b3f7c8c40dc195f49adbe6c178177a4ede09e960
Commit message - Merge branch 'master' into develop
---> The files with partial_cherrypicks are:-
src/engine/analytics.js
src/engine/build.js
src/engine/core.js
src/engine/keyboard.js
src/engine/loader.js
src/engine/offline.js
src/engine/particle.js
src/engine/physics.js
src/engine/scene.js
src/engine/sound.js
src/engine/sprite.js
src/engine/storage.js
src/engine/system.js
src/engine/timer.js
src/engine/tween.js
-----------------------------------------------------------------

Partial Cherry-pick diff pair 19 is -> 
{ d5e2ed29c4fbd163359c55756d443b0a3762f5e7 -> 95007419babb201f5fb6ddbbf5b631ce128cae2e } is a cherrypick
{ 7c191616bd32d0b364c71f4346c6aa0a2acc40bb -> 1cc2ad61abd03dfcad560cf6c05094926c1f6786 }
Partial Cherry-pick commits SHA are -> 
95007419babb201f5fb6ddbbf5b631ce128cae2e - cherrypick - 1cc2ad61abd03dfcad560cf6c05094926c1f6786
---> The cherrypicked commit sha is - 95007419babb201f5fb6ddbbf5b631ce128cae2e
Commit message - Fixed version number in core
---> The original commit sha is - 1cc2ad61abd03dfcad560cf6c05094926c1f6786
Commit message - Update README.md
---> The files with partial_cherrypicks are:-
src/engine/analytics.js
src/engine/build.js
src/engine/keyboard.js
src/engine/loader.js
src/engine/offline.js
src/engine/particle.js
src/engine/physics.js
src/engine/scene.js
src/engine/sound.js
src/engine/sprite.js
src/engine/storage.js
src/engine/system.js
src/engine/timer.js
src/engine/tween.js
-----------------------------------------------------------------

Partial Cherry-pick diff pair 20 is -> 
{ 0a99c3c405255ec09163d9bf14e210bfba547036 -> 3627dbbd55abe750ea65acc5c4c09e01a229b202 } is a cherrypick
{ 55b3450eaa42f2d05692af34625c8d55f822b5c9 -> 62521e656caada1cd9473f16d457d2c5a73c0da6 }
Partial Cherry-pick commits SHA are -> 
3627dbbd55abe750ea65acc5c4c09e01a229b202 - cherrypick - 62521e656caada1cd9473f16d457d2c5a73c0da6
---> The cherrypicked commit sha is - 3627dbbd55abe750ea65acc5c4c09e01a229b202
Commit message - Update README.md
---> The original commit sha is - 62521e656caada1cd9473f16d457d2c5a73c0da6
Commit message - Merge branch 'dev'
---> The files with partial_cherrypicks are:-
README.md
-----------------------------------------------------------------

Partial Cherry-pick diff pair 21 is -> 
{ 0a99c3c405255ec09163d9bf14e210bfba547036 -> 3627dbbd55abe750ea65acc5c4c09e01a229b202 } is a cherrypick
{ 2a7e56b0040b1fd48a2da406ea7a0a2cc485aeb4 -> 36bc042b6fc81694e325b15aa3ef9ca7dec5c7b1 }
Partial Cherry-pick commits SHA are -> 
3627dbbd55abe750ea65acc5c4c09e01a229b202 - cherrypick - 36bc042b6fc81694e325b15aa3ef9ca7dec5c7b1
---> The cherrypicked commit sha is - 3627dbbd55abe750ea65acc5c4c09e01a229b202
Commit message - Update README.md
---> The original commit sha is - 36bc042b6fc81694e325b15aa3ef9ca7dec5c7b1
Commit message - Merge branch 'dev'
---> The files with partial_cherrypicks are:-
README.md
-----------------------------------------------------------------

