# of cherry-picks = 15
Cherry-pick diff pair 1 is -> 
{ 565f8579a91e29bb914a5a80c6d9ef964ee898a9 -> b83d3405359c6f4ed61ce996ac52bba308f240b1 } is a cherrypick
{ 0004f010a8a50a47caa7eb9a846687fabda4fdf6 -> 3857b2ca92d6b2387999c1056088617ec255d95d }
Cherrypick commits SHA are -> 
b83d3405359c6f4ed61ce996ac52bba308f240b1 - cherrypick - 3857b2ca92d6b2387999c1056088617ec255d95d
---> The cherrypicked commit sha is - b83d3405359c6f4ed61ce996ac52bba308f240b1
Commit message - Fixed bitmap font loading on IE
---> The original commit sha is - 3857b2ca92d6b2387999c1056088617ec255d95d
Commit message - Fixed BitmapFont loading on IE
-----------------------------------------------------------------

Cherry-pick diff pair 2 is -> 
{ 305b1142bd761a8e4d059ca583756cbd6a9b6578 -> a28fcb35a332ccb14adaeb5a69e07884f3e6cb8f } is a cherrypick
{ 52b962497e20995597a77f4454d04515f04024c6 -> 73e9845796bed23e0db3a23efcfa56c817d16aa8 }
Cherrypick commits SHA are -> 
a28fcb35a332ccb14adaeb5a69e07884f3e6cb8f - cherrypick - 73e9845796bed23e0db3a23efcfa56c817d16aa8
---> The cherrypicked commit sha is - a28fcb35a332ccb14adaeb5a69e07884f3e6cb8f
Commit message - Added debugDraw to game.Sprite addChild()
---> The original commit sha is - 73e9845796bed23e0db3a23efcfa56c817d16aa8
Commit message - Added addTo method to TilingSprite
-----------------------------------------------------------------

Cherry-pick diff pair 3 is -> 
{ f15f73a77ad8b6d9e82964c0113ab65edb8b5279 -> 65ae80f1f9d7a415356e7625e32a1019977a548d } is a cherrypick
{ 52b962497e20995597a77f4454d04515f04024c6 -> 73e9845796bed23e0db3a23efcfa56c817d16aa8 }
Cherrypick commits SHA are -> 
65ae80f1f9d7a415356e7625e32a1019977a548d - cherrypick - 73e9845796bed23e0db3a23efcfa56c817d16aa8
---> The cherrypicked commit sha is - 65ae80f1f9d7a415356e7625e32a1019977a548d
Commit message - Added addTo method to game.Container
---> The original commit sha is - 73e9845796bed23e0db3a23efcfa56c817d16aa8
Commit message - Added addTo method to TilingSprite
-----------------------------------------------------------------

Cherry-pick diff pair 4 is -> 
{ 305b1142bd761a8e4d059ca583756cbd6a9b6578 -> a28fcb35a332ccb14adaeb5a69e07884f3e6cb8f } is a cherrypick
{ f15f73a77ad8b6d9e82964c0113ab65edb8b5279 -> 65ae80f1f9d7a415356e7625e32a1019977a548d }
Cherrypick commits SHA are -> 
a28fcb35a332ccb14adaeb5a69e07884f3e6cb8f - cherrypick - 65ae80f1f9d7a415356e7625e32a1019977a548d
---> The cherrypicked commit sha is - a28fcb35a332ccb14adaeb5a69e07884f3e6cb8f
Commit message - Added debugDraw to game.Sprite addChild()
---> The original commit sha is - 65ae80f1f9d7a415356e7625e32a1019977a548d
Commit message - Added addTo method to game.Container
-----------------------------------------------------------------

Cherry-pick diff pair 5 is -> 
{ 8c43465968e06c0538725e14312dd46166ce1bf5 -> f92984c0943f3c3632a99344dba2464e12b516a1 } is a cherrypick
{ 1fbc11097058db3f3cc44598b628595928f9f846 -> fe8e0dc2e369658ac040f2caa28424ca21688b33 }
Cherrypick commits SHA are -> 
f92984c0943f3c3632a99344dba2464e12b516a1 - cherrypick - fe8e0dc2e369658ac040f2caa28424ca21688b33
---> The cherrypicked commit sha is - f92984c0943f3c3632a99344dba2464e12b516a1
Commit message - system.js - doc update rotateImg
---> The original commit sha is - fe8e0dc2e369658ac040f2caa28424ca21688b33
Commit message - Merge branch 'develop' of https://github.com/ekelokorpi/panda.js into develop
-----------------------------------------------------------------

Cherry-pick diff pair 6 is -> 
{ 6ae8506740f2dd430c210ddd5c1bfc79fc1b1d10 -> 750c6b9f23f1d917d4ed91f1e23679f9ce603e71 } is a cherrypick
{ ea0fedcab15b495a3257aa62889bd284af005efe -> d486fc612ec660c35c80351257abd27b54562333 }
Cherrypick commits SHA are -> 
750c6b9f23f1d917d4ed91f1e23679f9ce603e71 - cherrypick - d486fc612ec660c35c80351257abd27b54562333
---> The cherrypicked commit sha is - 750c6b9f23f1d917d4ed91f1e23679f9ce603e71
Commit message - core.js - add iPod detection
---> The original commit sha is - d486fc612ec660c35c80351257abd27b54562333
Commit message - Merge branch 'develop' of https://github.com/ekelokorpi/panda.js into develop
-----------------------------------------------------------------

Cherry-pick diff pair 7 is -> 
{ 4a7f3759f26a2deb39bb8c84dc366dbd727eb7a5 -> 7b42af27eed22765719d671696ccd702ab7d0012 } is a cherrypick
{ 4a058320993a8d520942a0719d4da1fb1f408888 -> 55f9704284f29f6f767038343485cec0d218663c }
Cherrypick commits SHA are -> 
7b42af27eed22765719d671696ccd702ab7d0012 - cherrypick - 55f9704284f29f6f767038343485cec0d218663c
---> The cherrypicked commit sha is - 7b42af27eed22765719d671696ccd702ab7d0012
Commit message - Scene fix
---> The original commit sha is - 55f9704284f29f6f767038343485cec0d218663c
Commit message - Fixed game.scene not accessible (#73)
-----------------------------------------------------------------

Cherry-pick diff pair 8 is -> 
{ a38acd2aba81f75d0e4a54b0139293b9d5e45312 -> 7af22e2cbfdf2c65e196c3bbad76308dbde008af } is a cherrypick
{ 29ab464b9075641437a05622c545e98f8e901c2e -> 63ec63b9fa3a0b677c5443fce6604f5955cc0e3a }
Cherrypick commits SHA are -> 
7af22e2cbfdf2c65e196c3bbad76308dbde008af - cherrypick - 63ec63b9fa3a0b677c5443fce6604f5955cc0e3a
---> The cherrypicked commit sha is - 7af22e2cbfdf2c65e196c3bbad76308dbde008af
Commit message - refix game.TweenGroup add method
---> The original commit sha is - 63ec63b9fa3a0b677c5443fce6604f5955cc0e3a
Commit message - Merge pull request #44 from blaspix/patch-1

Fixed game.TweenGroup.add() method
-----------------------------------------------------------------

Cherry-pick diff pair 9 is -> 
{ 4c353230158961f5dd2c5f97991a9390696db4c6 -> 59f83e9b25133f83ef26364e670d7fbfda1baa0c } is a cherrypick
{ e82e239bd41bcac0e60eb0e4242d25d94326839a -> fcf9e276edd493602b78d64b6218aa577066e6c1 }
Cherrypick commits SHA are -> 
59f83e9b25133f83ef26364e670d7fbfda1baa0c - cherrypick - fcf9e276edd493602b78d64b6218aa577066e6c1
---> The cherrypicked commit sha is - 59f83e9b25133f83ef26364e670d7fbfda1baa0c
Commit message - Added tween documentation
---> The original commit sha is - fcf9e276edd493602b78d64b6218aa577066e6c1
Commit message - Merge branch 'master' into develop
-----------------------------------------------------------------

Cherry-pick diff pair 10 is -> 
{ 26318585b1d2da2f766bd331f52576871b78238a -> 2de3747921b2d2338438499763f2ea5af1c1f471 } is a cherrypick
{ e82e239bd41bcac0e60eb0e4242d25d94326839a -> fcf9e276edd493602b78d64b6218aa577066e6c1 }
Cherrypick commits SHA are -> 
2de3747921b2d2338438499763f2ea5af1c1f471 - cherrypick - fcf9e276edd493602b78d64b6218aa577066e6c1
---> The cherrypicked commit sha is - 2de3747921b2d2338438499763f2ea5af1c1f471
Commit message - Merge branch 'master' into develop
---> The original commit sha is - fcf9e276edd493602b78d64b6218aa577066e6c1
Commit message - Merge branch 'master' into develop
-----------------------------------------------------------------

Cherry-pick diff pair 11 is -> 
{ 27db86a3587fc617d874f26b64e115cb25d79f20 -> c13a0e6699e10488a5ced8d3995222f9b1a44544 } is a cherrypick
{ e82e239bd41bcac0e60eb0e4242d25d94326839a -> fcf9e276edd493602b78d64b6218aa577066e6c1 }
Cherrypick commits SHA are -> 
c13a0e6699e10488a5ced8d3995222f9b1a44544 - cherrypick - fcf9e276edd493602b78d64b6218aa577066e6c1
---> The cherrypicked commit sha is - c13a0e6699e10488a5ced8d3995222f9b1a44544
Commit message - Merge branch 'master' into develop
---> The original commit sha is - fcf9e276edd493602b78d64b6218aa577066e6c1
Commit message - Merge branch 'master' into develop
-----------------------------------------------------------------

Cherry-pick diff pair 12 is -> 
{ 4c353230158961f5dd2c5f97991a9390696db4c6 -> 59f83e9b25133f83ef26364e670d7fbfda1baa0c } is a cherrypick
{ 27db86a3587fc617d874f26b64e115cb25d79f20 -> c13a0e6699e10488a5ced8d3995222f9b1a44544 }
Cherrypick commits SHA are -> 
59f83e9b25133f83ef26364e670d7fbfda1baa0c - cherrypick - c13a0e6699e10488a5ced8d3995222f9b1a44544
---> The cherrypicked commit sha is - 59f83e9b25133f83ef26364e670d7fbfda1baa0c
Commit message - Added tween documentation
---> The original commit sha is - c13a0e6699e10488a5ced8d3995222f9b1a44544
Commit message - Merge branch 'master' into develop
-----------------------------------------------------------------

Cherry-pick diff pair 13 is -> 
{ 26318585b1d2da2f766bd331f52576871b78238a -> 2de3747921b2d2338438499763f2ea5af1c1f471 } is a cherrypick
{ 27db86a3587fc617d874f26b64e115cb25d79f20 -> c13a0e6699e10488a5ced8d3995222f9b1a44544 }
Cherrypick commits SHA are -> 
2de3747921b2d2338438499763f2ea5af1c1f471 - cherrypick - c13a0e6699e10488a5ced8d3995222f9b1a44544
---> The cherrypicked commit sha is - 2de3747921b2d2338438499763f2ea5af1c1f471
Commit message - Merge branch 'master' into develop
---> The original commit sha is - c13a0e6699e10488a5ced8d3995222f9b1a44544
Commit message - Merge branch 'master' into develop
-----------------------------------------------------------------

Cherry-pick diff pair 14 is -> 
{ 4c353230158961f5dd2c5f97991a9390696db4c6 -> 59f83e9b25133f83ef26364e670d7fbfda1baa0c } is a cherrypick
{ 26318585b1d2da2f766bd331f52576871b78238a -> 2de3747921b2d2338438499763f2ea5af1c1f471 }
Cherrypick commits SHA are -> 
59f83e9b25133f83ef26364e670d7fbfda1baa0c - cherrypick - 2de3747921b2d2338438499763f2ea5af1c1f471
---> The cherrypicked commit sha is - 59f83e9b25133f83ef26364e670d7fbfda1baa0c
Commit message - Added tween documentation
---> The original commit sha is - 2de3747921b2d2338438499763f2ea5af1c1f471
Commit message - Merge branch 'master' into develop
-----------------------------------------------------------------

Cherry-pick diff pair 15 is -> 
{ 2a7e56b0040b1fd48a2da406ea7a0a2cc485aeb4 -> 36bc042b6fc81694e325b15aa3ef9ca7dec5c7b1 } is a cherrypick
{ 55b3450eaa42f2d05692af34625c8d55f822b5c9 -> 62521e656caada1cd9473f16d457d2c5a73c0da6 }
Cherrypick commits SHA are -> 
36bc042b6fc81694e325b15aa3ef9ca7dec5c7b1 - cherrypick - 62521e656caada1cd9473f16d457d2c5a73c0da6
---> The cherrypicked commit sha is - 36bc042b6fc81694e325b15aa3ef9ca7dec5c7b1
Commit message - Merge branch 'dev'
---> The original commit sha is - 62521e656caada1cd9473f16d457d2c5a73c0da6
Commit message - Merge branch 'dev'
-----------------------------------------------------------------

