# of reverts = 5
Revert diff pair 1 is -> 
{ 5ef110c6b9f3287d351b08223c7af1aefbd83625 -> 4ba76f61de96d1a1fb2434f8a2bde02c1eec3490 } is a revert
{ 810d1125ab21e41a3d29a60dd876a9f430fb8375 -> 46e6d3ca123f41a74ab75e0cf5a6da9cfcafb0c4 }
Revert commits SHA are -> 
4ba76f61de96d1a1fb2434f8a2bde02c1eec3490 - revert - 46e6d3ca123f41a74ab75e0cf5a6da9cfcafb0c4
---> The reverted commit sha is - 4ba76f61de96d1a1fb2434f8a2bde02c1eec3490
Commit message - Added default orientation to config file
---> The original commit sha is - 46e6d3ca123f41a74ab75e0cf5a6da9cfcafb0c4
Commit message - Default orientation to landscape
-----------------------------------------------------------------

Revert diff pair 2 is -> 
{ 8b030ee824f71b38df0dfd9a7ce43627d8cc319c -> 40c3cfda7cdabc20406f88c3109bc53dc412be35 } is a revert
{ 0e873ed7627958d19675d8c3941023de8d609dd7 -> f1259d9f74b89e2c175f66a2d3ecc05a2c1410f8 }
Revert commits SHA are -> 
40c3cfda7cdabc20406f88c3109bc53dc412be35 - revert - f1259d9f74b89e2c175f66a2d3ecc05a2c1410f8
---> The reverted commit sha is - 40c3cfda7cdabc20406f88c3109bc53dc412be35
Commit message - Fixed iOS8 orientation bug
---> The original commit sha is - f1259d9f74b89e2c175f66a2d3ecc05a2c1410f8
Commit message - Removed iOS8 fix
-----------------------------------------------------------------

Revert diff pair 3 is -> 
{ 51e86bebeb51d05aa53a5d9665519be020218f02 -> fe696a4297459d7368a43fae7a9c9bba31c8c7c1 } is a revert
{ c9cf8b4389202c42cd5cc0d25d72099232476f5d -> 56a2c2007e06c87ec1811b805e126c27ffc6c2ff }
Revert commits SHA are -> 
fe696a4297459d7368a43fae7a9c9bba31c8c7c1 - revert - 56a2c2007e06c87ec1811b805e126c27ffc6c2ff
---> The reverted commit sha is - fe696a4297459d7368a43fae7a9c9bba31c8c7c1
Commit message - New: Offline support, close #9
---> The original commit sha is - 56a2c2007e06c87ec1811b805e126c27ffc6c2ff
Commit message - Removed offline module
-----------------------------------------------------------------

Revert diff pair 4 is -> 
{ 979ec8ba46051a079ee5753128a8aaae6a971367 -> 356ef57b6b3980dcbb5db9d846e6233a609371a7 } is a revert
{ ea4216d0dcdfd42e7838e37e59bd13d4aa0aa4f5 -> 3a465cbd6ef4765533a997b490447644d80abcdc }
Revert commits SHA are -> 
356ef57b6b3980dcbb5db9d846e6233a609371a7 - revert - 3a465cbd6ef4765533a997b490447644d80abcdc
---> The reverted commit sha is - 356ef57b6b3980dcbb5db9d846e6233a609371a7
Commit message - Added minimal-ui to index
---> The original commit sha is - 3a465cbd6ef4765533a997b490447644d80abcdc
Commit message - Removed minimal-ui from index
-----------------------------------------------------------------

Revert diff pair 5 is -> 
{ b3f7c8c40dc195f49adbe6c178177a4ede09e960 -> ea53842f9216d160a5647b7c48927426321a0ded } is a revert
{ 7b1dafcb2eff3d18ee7350d2f9d028bab7f92e2e -> 90bf64e6beb25ec28bcd50a93587275bf750343a }
Revert commits SHA are -> 
ea53842f9216d160a5647b7c48927426321a0ded - revert - 90bf64e6beb25ec28bcd50a93587275bf750343a
---> The reverted commit sha is - ea53842f9216d160a5647b7c48927426321a0ded
Commit message - New: Added easing helper functions
---> The original commit sha is - 90bf64e6beb25ec28bcd50a93587275bf750343a
Commit message - Tween fix
-----------------------------------------------------------------

