# of merges = 36
Merge commit 1 is -> 
{ 36bc042b6fc81694e325b15aa3ef9ca7dec5c7b1 is a merge commit
---> Commit message - Merge branch 'dev'
-----------------------------------------------------------------

Merge commit 2 is -> 
{ 62521e656caada1cd9473f16d457d2c5a73c0da6 is a merge commit
---> Commit message - Merge branch 'dev'
-----------------------------------------------------------------

Merge commit 3 is -> 
{ 4ed7c2cb842c7890bc6840c6e77141aa0cc6b392 is a merge commit
---> Commit message - Merge branch 'master' into develop
-----------------------------------------------------------------

Merge commit 4 is -> 
{ b3f7c8c40dc195f49adbe6c178177a4ede09e960 is a merge commit
---> Commit message - Merge branch 'master' into develop
-----------------------------------------------------------------

Merge commit 5 is -> 
{ 2546cbc55d9c426f2df61fd7510aa16cce8afb75 is a merge commit
---> Commit message - Merge branch 'master' into develop
-----------------------------------------------------------------

Merge commit 6 is -> 
{ 75bea8eff57218dcf46c732515aa1462c7083cca is a merge commit
---> Commit message - Merge branch 'tween' into develop
-----------------------------------------------------------------

Merge commit 7 is -> 
{ 397e5b3a898015e9d2715f3b1e411e63f1f073e3 is a merge commit
---> Commit message - Merge branch 'develop' into audio

Conflicts:
	src/game/scenes.js
-----------------------------------------------------------------

Merge commit 8 is -> 
{ 292d2d06726e286b37285c820d1bead3c2ac2750 is a merge commit
---> Commit message - Merge pull request #35 from ellisonleao/develop

Put analytics id on pandaConfig and remove the id constructor param
-----------------------------------------------------------------

Merge commit 9 is -> 
{ 2de3747921b2d2338438499763f2ea5af1c1f471 is a merge commit
---> Commit message - Merge branch 'master' into develop
-----------------------------------------------------------------

Merge commit 10 is -> 
{ c13a0e6699e10488a5ced8d3995222f9b1a44544 is a merge commit
---> Commit message - Merge branch 'master' into develop
-----------------------------------------------------------------

Merge commit 11 is -> 
{ fcf9e276edd493602b78d64b6218aa577066e6c1 is a merge commit
---> Commit message - Merge branch 'master' into develop
-----------------------------------------------------------------

Merge commit 12 is -> 
{ 92267345fbcd645e75f365b611aab3125cef0023 is a merge commit
---> Commit message - Merge pull request #42 from log2-hwan/develop

Fixed _remove to false in game.Scene.addObject() for reusing object
-----------------------------------------------------------------

Merge commit 13 is -> 
{ 63ec63b9fa3a0b677c5443fce6604f5955cc0e3a is a merge commit
---> Commit message - Merge pull request #44 from blaspix/patch-1

Fixed game.TweenGroup.add() method
-----------------------------------------------------------------

Merge commit 14 is -> 
{ 458c45762e66f7379ac7c2a29627812eddd312f9 is a merge commit
---> Commit message - Merge pull request #47 from codeitloadit/develop

Updated Vector.angle to return the correct value.
-----------------------------------------------------------------

Merge commit 15 is -> 
{ 23f96ee22b5b34806461010ca2655ac80450d8a1 is a merge commit
---> Commit message - Merge pull request #49 from blaspix/patch-2

scene.js - update method
-----------------------------------------------------------------

Merge commit 16 is -> 
{ 6df56edee86f04931de22476d5f5c3dd9735d5d6 is a merge commit
---> Commit message - Merge branch 'master' into develop
-----------------------------------------------------------------

Merge commit 17 is -> 
{ 92cd6277e8cf515f52f8dc732250f13b738d3bbd is a merge commit
---> Commit message - Merge pull request #52 from blaspix/patch-4

timer.js - rename unpause method by resume
-----------------------------------------------------------------

Merge commit 18 is -> 
{ 953a5d20c8ff4026cca30057d95450a9a720b692 is a merge commit
---> Commit message - Merge pull request #54 from blaspix/develop

renderer.js - fix spine time update
-----------------------------------------------------------------

Merge commit 19 is -> 
{ f22c4cc5d25a5125574e0f6011f94b7678a0a24c is a merge commit
---> Commit message - Merge pull request #55 from blaspix/develop

loader.js - fix onPercentChange method
-----------------------------------------------------------------

Merge commit 20 is -> 
{ 44950bd8c3e1458916ea38b869751106debd18a1 is a merge commit
---> Commit message - Merge branch 'develop'
-----------------------------------------------------------------

Merge commit 21 is -> 
{ 1f579d2664d398b53ca9f884afaf354488c5df62 is a merge commit
---> Commit message - Merge branch '1.2.1' into develop
-----------------------------------------------------------------

Merge commit 22 is -> 
{ a76d1c23dd2143b89f288f31d6e06552b3ab7b8c is a merge commit
---> Commit message - Merge pull request #68 from rcadena/issue-66-particle-error

Fix for issue #66.
-----------------------------------------------------------------

Merge commit 23 is -> 
{ ca0a3a859aade1e4e3d035dbd9353a806b7dfa18 is a merge commit
---> Commit message - Merge branch 'master' into develop
-----------------------------------------------------------------

Merge commit 24 is -> 
{ 8d38b015ec2d99ce69b4f5552aad490166cd8ac2 is a merge commit
---> Commit message - Merge pull request #71 from justinmccombs/develop

Update tween.js to include onRepeat callback
-----------------------------------------------------------------

Merge commit 25 is -> 
{ 7f280e8805e7af3c9fb960398a192613c2826026 is a merge commit
---> Commit message - Merge pull request #76 from blaspix/patch-3

core.js - add iPod detection
-----------------------------------------------------------------

Merge commit 26 is -> 
{ d486fc612ec660c35c80351257abd27b54562333 is a merge commit
---> Commit message - Merge branch 'develop' of https://github.com/ekelokorpi/panda.js into develop
-----------------------------------------------------------------

Merge commit 27 is -> 
{ 3e5275caf4f07c103a2fe0f7c0a59ee7a55dedf5 is a merge commit
---> Commit message - Merge pull request #77 from blaspix/patch-4

Fixed analytics on CocoonJS
-----------------------------------------------------------------

Merge commit 28 is -> 
{ 7a8bb015589b79772fba0f4a624553b83cf4e16e is a merge commit
---> Commit message - Merge pull request #83 from bkhrupa/develop

Added JSON serialization functions to Storage
-----------------------------------------------------------------

Merge commit 29 is -> 
{ 1a3417561c584b62df6d5df9b8cdf50291f3d9e9 is a merge commit
---> Commit message - Merge pull request #84 from blaspix/patch-6

system.js - doc update rotateImg
-----------------------------------------------------------------

Merge commit 30 is -> 
{ fe8e0dc2e369658ac040f2caa28424ca21688b33 is a merge commit
---> Commit message - Merge branch 'develop' of https://github.com/ekelokorpi/panda.js into develop
-----------------------------------------------------------------

Merge commit 31 is -> 
{ 5e538491d070ca36a33c4541c06ff24e38394a42 is a merge commit
---> Commit message - Merge pull request #87 from blaspix/patch-9

core.js - specific config for apple devices
-----------------------------------------------------------------

Merge commit 32 is -> 
{ 04ee35733d4bc21f2fd521e05bf1b78f96145b31 is a merge commit
---> Commit message - Merge branch '1.5.1' into develop
-----------------------------------------------------------------

Merge commit 33 is -> 
{ 5b6b0dd0b0c1afd3e6058f66256a40d07bfe3eea is a merge commit
---> Commit message - Merge pull request #92 from Hypher/develop

storage.js - some fixes and improvements
-----------------------------------------------------------------

Merge commit 34 is -> 
{ f69e0b0b2bdc48ea53faf4e07990f272acc247d2 is a merge commit
---> Commit message - Merge pull request #95 from blaspix/patch-11

Added Data URI support to rotate image
-----------------------------------------------------------------

Merge commit 35 is -> 
{ f043e8b06cc5de882eeffde336844baf9d353fb7 is a merge commit
---> Commit message - Merge pull request #101 from sandymacpherson/develop

Emitter cleans up particles when removed
-----------------------------------------------------------------

Merge commit 36 is -> 
{ 07eb929fbe73e903e6b8f5e6b3139fc76db90a7c is a merge commit
---> Commit message - Merge pull request #102 from sandymacpherson/develop

Loader fires the completion code even if nothing was loaded
-----------------------------------------------------------------

