# of cherry-picks = 36
Cherry-pick diff pair 1 is -> 
{ 3672fbe22c94bb71f532ee813c62ba9360d07038 -> efcb1a15074743fa925f580533047951f7991bc2 } is a cherrypick
{ a23ea1e683c346805b679f3fe04f7bb671321ed4 -> fc3b80ad33ba2e0471c23840d724dc7e2f502812 }
Cherrypick commits SHA are -> 
efcb1a15074743fa925f580533047951f7991bc2 - cherrypick - fc3b80ad33ba2e0471c23840d724dc7e2f502812
---> The cherrypicked commit sha is - efcb1a15074743fa925f580533047951f7991bc2
Commit message - Fixes polymer #672
---> The original commit sha is - fc3b80ad33ba2e0471c23840d724dc7e2f502812
Commit message - Merge pull request #84 from Polymer/hash

Fixes polymer #672
-----------------------------------------------------------------

Cherry-pick diff pair 2 is -> 
{ 4b38cdf39f7b54fcd56e84b981c2819273bbdf08 -> b35efdd429dc6e7fb35684711a1e5668582a5c2a } is a cherrypick
{ f281429a6369010f3e2cf44134078042736d0cf1 -> 93a61290e68d000bb768a4085a9c5d59428e716a }
Cherrypick commits SHA are -> 
b35efdd429dc6e7fb35684711a1e5668582a5c2a - cherrypick - 93a61290e68d000bb768a4085a9c5d59428e716a
---> The cherrypicked commit sha is - b35efdd429dc6e7fb35684711a1e5668582a5c2a
Commit message - polymer-body now requires use of a template element inside it.
---> The original commit sha is - 93a61290e68d000bb768a4085a9c5d59428e716a
Commit message - Merge branch 'master' of https://github.com/Polymer/polymer-dev
-----------------------------------------------------------------

Cherry-pick diff pair 3 is -> 
{ cea51a602cd3ec82ccda16beeb8774e4de4fc77e -> 67b47526d41bebdb043da7c25b0517529580a8c6 } is a cherrypick
{ 69f364c8a9074aee2f4e882f6f22263ea1ab48f8 -> ad291ad29a665b42161fcd4bcb775c43c91df8c1 }
Cherrypick commits SHA are -> 
67b47526d41bebdb043da7c25b0517529580a8c6 - cherrypick - ad291ad29a665b42161fcd4bcb775c43c91df8c1
---> The cherrypicked commit sha is - 67b47526d41bebdb043da7c25b0517529580a8c6
Commit message - Add MutationObservers to audit log
---> The original commit sha is - ad291ad29a665b42161fcd4bcb775c43c91df8c1
Commit message - Merge branch 'master' of github.com:Polymer/polymer
-----------------------------------------------------------------

Cherry-pick diff pair 4 is -> 
{ c8edc7593c86024d691aadb42035b967b5a9fbc2 -> 3a749f848ee6374fe57822b1923ad40b572648b8 } is a cherrypick
{ d8bfaa509b6d1ce39463b870cada7ffbd66571e8 -> a6f23782e388dfddca64691e98c89844f629255c }
Cherrypick commits SHA are -> 
3a749f848ee6374fe57822b1923ad40b572648b8 - cherrypick - a6f23782e388dfddca64691e98c89844f629255c
---> The cherrypicked commit sha is - 3a749f848ee6374fe57822b1923ad40b572648b8
Commit message - - Merge branch 'master' into compoundpathobserver
- custom property observer methods
- de-duping of property observers
- subpath property observers
---> The original commit sha is - a6f23782e388dfddca64691e98c89844f629255c
Commit message - Merge branch 'master' into compoundpathobserver
-----------------------------------------------------------------

Cherry-pick diff pair 5 is -> 
{ 4dc481c11505991a7c43228d3797d28f21267779 -> 4b0ef4161ec058921beec7405ae0cc37f1ad551d } is a cherrypick
{ 93765e63174db0a5657ae2b26d5b8f21aed28d4e -> 401e71b185f8690ba39094e5ad1546be0d70923e }
Cherrypick commits SHA are -> 
4b0ef4161ec058921beec7405ae0cc37f1ad551d - cherrypick - 401e71b185f8690ba39094e5ad1546be0d70923e
---> The cherrypicked commit sha is - 4b0ef4161ec058921beec7405ae0cc37f1ad551d
Commit message - small fix to bubbles parameter -- if supplied should not be treated as false
---> The original commit sha is - 401e71b185f8690ba39094e5ad1546be0d70923e
Commit message - Merge pull request #284 from jmesserly/fix_utils_fire_bubbles

small fix to bubbles parameter of utils.fire
-----------------------------------------------------------------

Cherry-pick diff pair 6 is -> 
{ c440c8e0ff032587ccf22860dcc20f1b9520bf1c -> 161d99f4941b247833226248383b48515ad91569 } is a cherrypick
{ 06dd147af5c8472c960d6e05e8cf311c51cf192f -> dd1c789c0b0f47e24393c6d3fa06d576589ce047 }
Cherrypick commits SHA are -> 
161d99f4941b247833226248383b48515ad91569 - cherrypick - dd1c789c0b0f47e24393c6d3fa06d576589ce047
---> The cherrypicked commit sha is - 161d99f4941b247833226248383b48515ad91569
Commit message - defer all create-time preparation work if we have no defaultView unless forceReady flag is set. Otherwise perform this work at enteredDocument time. This is a stand in for an ownerDocumentChangedCallback.
---> The original commit sha is - dd1c789c0b0f47e24393c6d3fa06d576589ce047
Commit message - Merge branch 'master' into ready-if-defaultView
-----------------------------------------------------------------

Cherry-pick diff pair 7 is -> 
{ c5e9bae6772d08820086ed12cd26d5fc534c46e4 -> c3b59225087d0ab37d06e6e5bface4d4ec1ceb2b } is a cherrypick
{ 06dd147af5c8472c960d6e05e8cf311c51cf192f -> dd1c789c0b0f47e24393c6d3fa06d576589ce047 }
Cherrypick commits SHA are -> 
c3b59225087d0ab37d06e6e5bface4d4ec1ceb2b - cherrypick - dd1c789c0b0f47e24393c6d3fa06d576589ce047
---> The cherrypicked commit sha is - c3b59225087d0ab37d06e6e5bface4d4ec1ceb2b
Commit message - Merge branch 'master' into ready-if-defaultView
---> The original commit sha is - dd1c789c0b0f47e24393c6d3fa06d576589ce047
Commit message - Merge branch 'master' into ready-if-defaultView
-----------------------------------------------------------------

Cherry-pick diff pair 8 is -> 
{ f339d4dc97c3f373fc17cb3148d03c0fb0c91e4f -> b415332c9d96634e4e53be36e5a2c825b114e27d } is a cherrypick
{ 06dd147af5c8472c960d6e05e8cf311c51cf192f -> dd1c789c0b0f47e24393c6d3fa06d576589ce047 }
Cherrypick commits SHA are -> 
b415332c9d96634e4e53be36e5a2c825b114e27d - cherrypick - dd1c789c0b0f47e24393c6d3fa06d576589ce047
---> The cherrypicked commit sha is - b415332c9d96634e4e53be36e5a2c825b114e27d
Commit message - Merge branch 'master' into ready-if-defaultView
---> The original commit sha is - dd1c789c0b0f47e24393c6d3fa06d576589ce047
Commit message - Merge branch 'master' into ready-if-defaultView
-----------------------------------------------------------------

Cherry-pick diff pair 9 is -> 
{ c440c8e0ff032587ccf22860dcc20f1b9520bf1c -> 161d99f4941b247833226248383b48515ad91569 } is a cherrypick
{ f339d4dc97c3f373fc17cb3148d03c0fb0c91e4f -> b415332c9d96634e4e53be36e5a2c825b114e27d }
Cherrypick commits SHA are -> 
161d99f4941b247833226248383b48515ad91569 - cherrypick - b415332c9d96634e4e53be36e5a2c825b114e27d
---> The cherrypicked commit sha is - 161d99f4941b247833226248383b48515ad91569
Commit message - defer all create-time preparation work if we have no defaultView unless forceReady flag is set. Otherwise perform this work at enteredDocument time. This is a stand in for an ownerDocumentChangedCallback.
---> The original commit sha is - b415332c9d96634e4e53be36e5a2c825b114e27d
Commit message - Merge branch 'master' into ready-if-defaultView
-----------------------------------------------------------------

Cherry-pick diff pair 10 is -> 
{ c5e9bae6772d08820086ed12cd26d5fc534c46e4 -> c3b59225087d0ab37d06e6e5bface4d4ec1ceb2b } is a cherrypick
{ f339d4dc97c3f373fc17cb3148d03c0fb0c91e4f -> b415332c9d96634e4e53be36e5a2c825b114e27d }
Cherrypick commits SHA are -> 
c3b59225087d0ab37d06e6e5bface4d4ec1ceb2b - cherrypick - b415332c9d96634e4e53be36e5a2c825b114e27d
---> The cherrypicked commit sha is - c3b59225087d0ab37d06e6e5bface4d4ec1ceb2b
Commit message - Merge branch 'master' into ready-if-defaultView
---> The original commit sha is - b415332c9d96634e4e53be36e5a2c825b114e27d
Commit message - Merge branch 'master' into ready-if-defaultView
-----------------------------------------------------------------

Cherry-pick diff pair 11 is -> 
{ c440c8e0ff032587ccf22860dcc20f1b9520bf1c -> 161d99f4941b247833226248383b48515ad91569 } is a cherrypick
{ c5e9bae6772d08820086ed12cd26d5fc534c46e4 -> c3b59225087d0ab37d06e6e5bface4d4ec1ceb2b }
Cherrypick commits SHA are -> 
161d99f4941b247833226248383b48515ad91569 - cherrypick - c3b59225087d0ab37d06e6e5bface4d4ec1ceb2b
---> The cherrypicked commit sha is - 161d99f4941b247833226248383b48515ad91569
Commit message - defer all create-time preparation work if we have no defaultView unless forceReady flag is set. Otherwise perform this work at enteredDocument time. This is a stand in for an ownerDocumentChangedCallback.
---> The original commit sha is - c3b59225087d0ab37d06e6e5bface4d4ec1ceb2b
Commit message - Merge branch 'master' into ready-if-defaultView
-----------------------------------------------------------------

Cherry-pick diff pair 12 is -> 
{ fbae382197772afc123207ab8fc9379583ae50b0 -> 35e59abf3b806fb58a15d2f50a57ecd50918ec6b } is a cherrypick
{ 7c794216559263926663f82d409876d46cb7e62d -> b5cb903a41dc65e8092f92e1cc642dfee93aacbf }
Cherrypick commits SHA are -> 
35e59abf3b806fb58a15d2f50a57ecd50918ec6b - cherrypick - b5cb903a41dc65e8092f92e1cc642dfee93aacbf
---> The cherrypicked commit sha is - 35e59abf3b806fb58a15d2f50a57ecd50918ec6b
Commit message - remove broken submodule
---> The original commit sha is - b5cb903a41dc65e8092f92e1cc642dfee93aacbf
Commit message - Merge branch 'polymer-element' of https://github.com/Polymer/polymer into polymer-element
-----------------------------------------------------------------

Cherry-pick diff pair 13 is -> 
{ 96284ae10cc492a899d2154a3c09101c1868452e -> cc1a5c3d9c3c8ff6f0f552a730f61c4d4c852ec9 } is a cherrypick
{ f8b5e66c40b1095faa3d59751549aa4faef0a9f9 -> dff8b03f5dc180f1322e9ff47bc31d8ef2461912 }
Cherrypick commits SHA are -> 
cc1a5c3d9c3c8ff6f0f552a730f61c4d4c852ec9 - cherrypick - dff8b03f5dc180f1322e9ff47bc31d8ef2461912
---> The cherrypicked commit sha is - cc1a5c3d9c3c8ff6f0f552a730f61c4d4c852ec9
Commit message - slight refactoring
---> The original commit sha is - dff8b03f5dc180f1322e9ff47bc31d8ef2461912
Commit message - Merge branch 'master' of https://github.com/Polymer/polymer
-----------------------------------------------------------------

Cherry-pick diff pair 14 is -> 
{ 89a21b529f92edfa157e9142eaf415315078179b -> 9ead74bbc38feb3f69f45412bbe2703a14ef72de } is a cherrypick
{ 67cd9a77ba851adc0294ccf37d98c83de416a980 -> a1111e543a1cf34fb6161cfed37f650c2e62437d }
Cherrypick commits SHA are -> 
9ead74bbc38feb3f69f45412bbe2703a14ef72de - cherrypick - a1111e543a1cf34fb6161cfed37f650c2e62437d
---> The cherrypicked commit sha is - 9ead74bbc38feb3f69f45412bbe2703a14ef72de
Commit message - freshen build.
---> The original commit sha is - a1111e543a1cf34fb6161cfed37f650c2e62437d
Commit message - Merge branch 'master' of github.com:Polymer/polymer
-----------------------------------------------------------------

Cherry-pick diff pair 15 is -> 
{ a3b47e97eaaed95210b34c4c0d7ce432c60bdaa2 -> 6e55beb39ea0f5b6abacf51ed80303933a5a8198 } is a cherrypick
{ b023a258cd11fd17bf6436fcfdba512d3f49414b -> c7690e585cb35156e5ca1e7408bd83cd6fe84959 }
Cherrypick commits SHA are -> 
6e55beb39ea0f5b6abacf51ed80303933a5a8198 - cherrypick - c7690e585cb35156e5ca1e7408bd83cd6fe84959
---> The cherrypicked commit sha is - 6e55beb39ea0f5b6abacf51ed80303933a5a8198
Commit message - test: correct browser config in karma:browserstack
---> The original commit sha is - c7690e585cb35156e5ca1e7408bd83cd6fe84959
Commit message - Merge branch 'master' of github.com:toolkitchen/toolkit
-----------------------------------------------------------------

Cherry-pick diff pair 16 is -> 
{ 7e738bf53fe0b867d74053b4dc3d457021b86648 -> e7b66b9978d071eedc470e1baf7058ccbd5ad007 } is a cherrypick
{ ac72b8aab923d2468be2056c1d03ec4fdef7b26d -> 2806a9afb48968051db63006a01c0f25dd63c9be }
Cherrypick commits SHA are -> 
e7b66b9978d071eedc470e1baf7058ccbd5ad007 - cherrypick - 2806a9afb48968051db63006a01c0f25dd63c9be
---> The cherrypicked commit sha is - e7b66b9978d071eedc470e1baf7058ccbd5ad007
Commit message - make test compatible with Firefox.
---> The original commit sha is - 2806a9afb48968051db63006a01c0f25dd63c9be
Commit message - Merge branch 'master' of github.com:toolkitchen/toolkit
-----------------------------------------------------------------

Cherry-pick diff pair 17 is -> 
{ 39e7e8e1930934242f310c2cf6fe6231bce7e994 -> 81a5af5c5dcea83f5e5031af1573a4cf7594de79 } is a cherrypick
{ 509357972f13e28ffc9da7a9b0273f63d2e1b4bf -> 87ac045b630e13ef550958ebf88d0d7f4ac616d2 }
Cherrypick commits SHA are -> 
81a5af5c5dcea83f5e5031af1573a4cf7594de79 - cherrypick - 87ac045b630e13ef550958ebf88d0d7f4ac616d2
---> The cherrypicked commit sha is - 81a5af5c5dcea83f5e5031af1573a4cf7594de79
Commit message - modrnize platform submodule.
---> The original commit sha is - 87ac045b630e13ef550958ebf88d0d7f4ac616d2
Commit message - Merge branch 'dev' of github.com:toolkitchen/toolkit into dev
-----------------------------------------------------------------

Cherry-pick diff pair 18 is -> 
{ dfeff6279cba17cf88e8e135ba8976649049d255 -> 54a871a317dbe7d5f1ee3f7121a830840bb67577 } is a cherrypick
{ e370094dbf280a2987eaf3abdb23fbad1e3cfe4e -> fd40d9a600fab0a53a6b6292476a1305a8fc6295 }
Cherrypick commits SHA are -> 
54a871a317dbe7d5f1ee3f7121a830840bb67577 - cherrypick - fd40d9a600fab0a53a6b6292476a1305a8fc6295
---> The cherrypicked commit sha is - 54a871a317dbe7d5f1ee3f7121a830840bb67577
Commit message - updated gestures
---> The original commit sha is - fd40d9a600fab0a53a6b6292476a1305a8fc6295
Commit message - Merge branch 'dev' of github.com:toolkitchen/toolkit into dev
-----------------------------------------------------------------

Cherry-pick diff pair 19 is -> 
{ f077a6e8c9bf801995c93a3dd4458dec867f03f8 -> 12350f089ef53869a3531a37405a297b44bda9e8 } is a cherrypick
{ 2ebc5e4bbbbcfc30f616a6dc96d1219123dfdfca -> e9971732ca40c1b0f31d2f5abc00f646d9346521 }
Cherrypick commits SHA are -> 
12350f089ef53869a3531a37405a297b44bda9e8 - cherrypick - e9971732ca40c1b0f31d2f5abc00f646d9346521
---> The cherrypicked commit sha is - 12350f089ef53869a3531a37405a297b44bda9e8
Commit message - Use XMLHttpRequest directly

The ActiveX object is only needed before IE7.
---> The original commit sha is - e9971732ca40c1b0f31d2f5abc00f646d9346521
Commit message - Merge pull request #75 from arv/xhr

Use XMLHttpRequest directly
-----------------------------------------------------------------

Cherry-pick diff pair 20 is -> 
{ e4d10e0b22345f85144477e0c5e92484b0c6c672 -> a8932722224b9a4bab348e9834817c5b7961a998 } is a cherrypick
{ 4eccf7488e49ed9a25cd757e159d30bc077b1b83 -> 728b8a5e77cb13ecc77454b5528f7c2fd14411c3 }
Cherrypick commits SHA are -> 
a8932722224b9a4bab348e9834817c5b7961a998 - cherrypick - 728b8a5e77cb13ecc77454b5528f7c2fd14411c3
---> The cherrypicked commit sha is - a8932722224b9a4bab348e9834817c5b7961a998
Commit message - updated unit tests
---> The original commit sha is - 728b8a5e77cb13ecc77454b5528f7c2fd14411c3
Commit message - Merge branch 'dev' of github.com:toolkitchen/toolkit into dev
-----------------------------------------------------------------

Cherry-pick diff pair 21 is -> 
{ aa6b44bb2ffda3a5f09ad242290820128a0756d6 -> 362263968430550bf586bd42cb8377f23d239c7b } is a cherrypick
{ 170504b2a2c67736db6cd473f34ae8b212f8baa8 -> 5a3427187c4957d6d6c437abb2e19996bfd5ed89 }
Cherrypick commits SHA are -> 
362263968430550bf586bd42cb8377f23d239c7b - cherrypick - 5a3427187c4957d6d6c437abb2e19996bfd5ed89
---> The cherrypicked commit sha is - 362263968430550bf586bd42cb8377f23d239c7b
Commit message - updated icon to be 32x32 to align with pica design
---> The original commit sha is - 5a3427187c4957d6d6c437abb2e19996bfd5ed89
Commit message - updated icon to be 32x32 to align with pica design
-----------------------------------------------------------------

Cherry-pick diff pair 22 is -> 
{ 9899acd72c6d9bf3912a3d40fa5d356dbf4ee075 -> aa6b44bb2ffda3a5f09ad242290820128a0756d6 } is a cherrypick
{ e70df3ce6456542aaba7735ff697c3b70fc23338 -> 170504b2a2c67736db6cd473f34ae8b212f8baa8 }
Cherrypick commits SHA are -> 
aa6b44bb2ffda3a5f09ad242290820128a0756d6 - cherrypick - 170504b2a2c67736db6cd473f34ae8b212f8baa8
---> The cherrypicked commit sha is - aa6b44bb2ffda3a5f09ad242290820128a0756d6
Commit message - updated components for the new changes in g-component
---> The original commit sha is - 170504b2a2c67736db6cd473f34ae8b212f8baa8
Commit message - updated components for the new changes in g-component
-----------------------------------------------------------------

Cherry-pick diff pair 23 is -> 
{ 308d84757eadd6c9021f080d008efd11d64fb455 -> da1a9ad621844b8cd2f434ca294e1de300153d7c } is a cherrypick
{ 62cd0bff24a540e40b67201facfa714c6eff6f17 -> c1e7851de25fba071bc08fd5bb2cd06b2bd2f17d }
Cherrypick commits SHA are -> 
da1a9ad621844b8cd2f434ca294e1de300153d7c - cherrypick - c1e7851de25fba071bc08fd5bb2cd06b2bd2f17d
---> The cherrypicked commit sha is - da1a9ad621844b8cd2f434ca294e1de300153d7c
Commit message - added g-menu-button and g-toolbar
---> The original commit sha is - c1e7851de25fba071bc08fd5bb2cd06b2bd2f17d
Commit message - added g-menu-button and g-toolbar
-----------------------------------------------------------------

Cherry-pick diff pair 24 is -> 
{ f47986411a2f2b2a9d53b43dfab80c9e49f94f50 -> f7a0fc4bf05fa5a3794d299b27e7dcf2a0416dda } is a cherrypick
{ 7f7cabf51b6090f9ab0acdf213885cc3edea4888 -> 4b1b7b421615236edfae321af662e979b30f60b8 }
Cherrypick commits SHA are -> 
f7a0fc4bf05fa5a3794d299b27e7dcf2a0416dda - cherrypick - 4b1b7b421615236edfae321af662e979b30f60b8
---> The cherrypicked commit sha is - f7a0fc4bf05fa5a3794d299b27e7dcf2a0416dda
Commit message - g-overlay: simplify and add basic support for managing focus and z-index.
---> The original commit sha is - 4b1b7b421615236edfae321af662e979b30f60b8
Commit message - g-overlay: simplify and add basic support for managing focus and z-index.
-----------------------------------------------------------------

Cherry-pick diff pair 25 is -> 
{ fb98e4a32342b6bcf0c8eb946390b38adbf3f8eb -> 2193d4760767f67ccc9feed92ddb5cff7c3a9650 } is a cherrypick
{ 7c22b494e6de81fe66cfb390848963e62b4725f7 -> c34d8a0d0ad4db198e4dae4afd609c6445e27aac }
Cherrypick commits SHA are -> 
2193d4760767f67ccc9feed92ddb5cff7c3a9650 - cherrypick - c34d8a0d0ad4db198e4dae4afd609c6445e27aac
---> The cherrypicked commit sha is - 2193d4760767f67ccc9feed92ddb5cff7c3a9650
Commit message - update to use the new g-component sugar
---> The original commit sha is - c34d8a0d0ad4db198e4dae4afd609c6445e27aac
Commit message - update to use the new g-component sugar
-----------------------------------------------------------------

Cherry-pick diff pair 26 is -> 
{ 9ce6132cf1b28c7391f6b4f76eaad85d24c01aa0 -> eb8e6b71531df3a55b9dbcbab593eecc9cf4ec6c } is a cherrypick
{ 367f5ee3320ba21a211366b8d8924312ef02ae25 -> 7397c22c82d738f4c4b43bc4bf97d392754b9793 }
Cherrypick commits SHA are -> 
eb8e6b71531df3a55b9dbcbab593eecc9cf4ec6c - cherrypick - 7397c22c82d738f4c4b43bc4bf97d392754b9793
---> The cherrypicked commit sha is - eb8e6b71531df3a55b9dbcbab593eecc9cf4ec6c
Commit message - g-panels: push more info to canTransition; g-panel-transition: slight factoring.
---> The original commit sha is - 7397c22c82d738f4c4b43bc4bf97d392754b9793
Commit message - Merge branch 'master' of https://github.com/toolkitchen/toolkit

Conflicts:
	src/g-component.html
-----------------------------------------------------------------

Cherry-pick diff pair 27 is -> 
{ 30f3504cd6539762bf4958892ac592228060229b -> 25a3a2aada82c15399504d271167d15925cd5cbf } is a cherrypick
{ 48a0c1f6fbfc8e63f7865c72d0fc01f7c6ffbaed -> 2eff28db5bd5c108ab66d04c9cb412137a52f833 }
Cherrypick commits SHA are -> 
25a3a2aada82c15399504d271167d15925cd5cbf - cherrypick - 2eff28db5bd5c108ab66d04c9cb412137a52f833
---> The cherrypicked commit sha is - 25a3a2aada82c15399504d271167d15925cd5cbf
Commit message - g-panels
- displays a set of panels and supports transitioning between panels.
- uses a transition component to manage transitioning
- keyframe transition uses css animations to transition between panels
- flow transition shows a set of panels arranged left-to-right
- g-panels.css contains the beginnings of a library of transition animations
---> The original commit sha is - 2eff28db5bd5c108ab66d04c9cb412137a52f833
Commit message - Merge pull request #28 from sorvell/master

add g-panels
-----------------------------------------------------------------

Cherry-pick diff pair 28 is -> 
{ 1b054f9b3be900d2e982768c9caf57373abc0c5e -> 30f3504cd6539762bf4958892ac592228060229b } is a cherrypick
{ b4fc5f9b1cbc96c8611ee8c7483644e3893a52eb -> 48a0c1f6fbfc8e63f7865c72d0fc01f7c6ffbaed }
Cherrypick commits SHA are -> 
30f3504cd6539762bf4958892ac592228060229b - cherrypick - 48a0c1f6fbfc8e63f7865c72d0fc01f7c6ffbaed
---> The cherrypicked commit sha is - 30f3504cd6539762bf4958892ac592228060229b
Commit message - g-overlay:
- rename 'showing' property to 'opened'
- simplify event listeners
- style animations based on 'opened' and 'animating' attributes
- add beginnings of library of open/close animations
---> The original commit sha is - 48a0c1f6fbfc8e63f7865c72d0fc01f7c6ffbaed
Commit message - Merge pull request #27 from sorvell/30f3504cd6539762bf4958892ac592228060229b

g-overlay: refactor/simplify
-----------------------------------------------------------------

Cherry-pick diff pair 29 is -> 
{ 40f45ed9618164c8a41c311178eb3a10a68b7012 -> 6c423bc98c904de769f699556b78ec000cb99754 } is a cherrypick
{ f6e8800bacd5525440c342fc00a1b8847feea470 -> 6673c11b9e0ddf06afc9f6838a68b4452ce1be70 }
Cherrypick commits SHA are -> 
6c423bc98c904de769f699556b78ec000cb99754 - cherrypick - 6673c11b9e0ddf06afc9f6838a68b4452ce1be70
---> The cherrypicked commit sha is - 6c423bc98c904de769f699556b78ec000cb99754
Commit message - menu component and workbench file
---> The original commit sha is - 6673c11b9e0ddf06afc9f6838a68b4452ce1be70
Commit message - menu component and workbench file
-----------------------------------------------------------------

Cherry-pick diff pair 30 is -> 
{ 6f1eb45cbd50f0f916cac608710932cda292cdfe -> d1af5a61dd00a30b8898555d86d05c5e6765bf41 } is a cherrypick
{ c073e71e35d1374aa0db74969c600109fe5adba3 -> 952630e6bc7858f6146a45597ca1a3eae0de33dd }
Cherrypick commits SHA are -> 
d1af5a61dd00a30b8898555d86d05c5e6765bf41 - cherrypick - 952630e6bc7858f6146a45597ca1a3eae0de33dd
---> The cherrypicked commit sha is - d1af5a61dd00a30b8898555d86d05c5e6765bf41
Commit message - DOMTokenList.enable was renamed to toggle at platform
---> The original commit sha is - 952630e6bc7858f6146a45597ca1a3eae0de33dd
Commit message - Merge branch 'master' of https://github.com/toolkitchen/toolkit
-----------------------------------------------------------------

Cherry-pick diff pair 31 is -> 
{ ee7c412ac8bbb385822e3f8fdbcbf7ac18f602f2 -> 618e39d94a211b8ab4874affbdbc27274df057e4 } is a cherrypick
{ 2263eabfc091604928515816b1def99977b9c3d5 -> 56d4c7bb1c02d6ecd0a09c9717061c3b2cb74996 }
Cherrypick commits SHA are -> 
618e39d94a211b8ab4874affbdbc27274df057e4 - cherrypick - 56d4c7bb1c02d6ecd0a09c9717061c3b2cb74996
---> The cherrypicked commit sha is - 618e39d94a211b8ab4874affbdbc27274df057e4
Commit message - g-ratings component and workbench file
---> The original commit sha is - 56d4c7bb1c02d6ecd0a09c9717061c3b2cb74996
Commit message - g-ratings component and workbench file
-----------------------------------------------------------------

Cherry-pick diff pair 32 is -> 
{ 9bb4ea4e8aa69506c5830a12b0ef43764aa7ac3a -> ee7c412ac8bbb385822e3f8fdbcbf7ac18f602f2 } is a cherrypick
{ d1ba7ba331d4a3c3451a218a55d51e481a378369 -> 2263eabfc091604928515816b1def99977b9c3d5 }
Cherrypick commits SHA are -> 
ee7c412ac8bbb385822e3f8fdbcbf7ac18f602f2 - cherrypick - 2263eabfc091604928515816b1def99977b9c3d5
---> The cherrypicked commit sha is - ee7c412ac8bbb385822e3f8fdbcbf7ac18f602f2
Commit message - call shadowRootCreated in the right scope
---> The original commit sha is - 2263eabfc091604928515816b1def99977b9c3d5
Commit message - call shadowRootCreated in the right scope
-----------------------------------------------------------------

Cherry-pick diff pair 33 is -> 
{ 1780b045832d6d083e25f675d099895041eb58e1 -> 58e9c5438f52ebbf4a37f4eb7d050c71637bbc55 } is a cherrypick
{ 64a8d370eceeaf8bde6e8a1ea85a30564e91bf39 -> d1ba7ba331d4a3c3451a218a55d51e481a378369 }
Cherrypick commits SHA are -> 
58e9c5438f52ebbf4a37f4eb7d050c71637bbc55 - cherrypick - d1ba7ba331d4a3c3451a218a55d51e481a378369
---> The cherrypicked commit sha is - 58e9c5438f52ebbf4a37f4eb7d050c71637bbc55
Commit message - update because of the name changes in polyfill
---> The original commit sha is - d1ba7ba331d4a3c3451a218a55d51e481a378369
Commit message - update because of the name changes in polyfill
-----------------------------------------------------------------

Cherry-pick diff pair 34 is -> 
{ 2a7224122c6fe28d8e543e124bcb019dc2a8d629 -> 4c32ee8bdbab963320a48f93cd2694f1fc454871 } is a cherrypick
{ 5dff0fdfcaa748cf51e900c80278da4b902696f4 -> 64a8d370eceeaf8bde6e8a1ea85a30564e91bf39 }
Cherrypick commits SHA are -> 
4c32ee8bdbab963320a48f93cd2694f1fc454871 - cherrypick - 64a8d370eceeaf8bde6e8a1ea85a30564e91bf39
---> The cherrypicked commit sha is - 4c32ee8bdbab963320a48f93cd2694f1fc454871
Commit message - update based on pull request comments:
- separate g-xhr to a component (component-as-module-pattern)
- dispatch Events instead
- add jsdoc to public methods
- update comment
- use classList.enable
- use handlers="click: clickHandler" instead of experimental event
binding
---> The original commit sha is - 64a8d370eceeaf8bde6e8a1ea85a30564e91bf39
Commit message - update based on pull request comments:
- separate g-xhr to a component (component-as-module-pattern)
- dispatch Events instead
- add jsdoc to public methods
- update comment
- use classList.enable
- use handlers="click: clickHandler" instead of experimental event
binding
-----------------------------------------------------------------

Cherry-pick diff pair 35 is -> 
{ 431716ef8394931ece3d515492956b14f63c2c12 -> 31de5a1a3d83b1377bfe6b1c6995c0580e435d55 } is a cherrypick
{ 64dbbce6824395b4126a558167c27d1543213f1c -> 2a7224122c6fe28d8e543e124bcb019dc2a8d629 }
Cherrypick commits SHA are -> 
31de5a1a3d83b1377bfe6b1c6995c0580e435d55 - cherrypick - 2a7224122c6fe28d8e543e124bcb019dc2a8d629
---> The cherrypicked commit sha is - 31de5a1a3d83b1377bfe6b1c6995c0580e435d55
Commit message - add ajax and togglebutton components
---> The original commit sha is - 2a7224122c6fe28d8e543e124bcb019dc2a8d629
Commit message - Merge remote-tracking branch 'upstream/master'
-----------------------------------------------------------------

Cherry-pick diff pair 36 is -> 
{ eb5abe2bbd45f7f71f5f9bb47f5064974deaa342 -> a62a46bdbdf96a8161c60171429ef08f3c71e6b9 } is a cherrypick
{ fdf37963ced40632292bfd8851b2765a901e6f8a -> 94f043b231fba11fc74d77bd838aee3f6e19489a }
Cherrypick commits SHA are -> 
a62a46bdbdf96a8161c60171429ef08f3c71e6b9 - cherrypick - 94f043b231fba11fc74d77bd838aee3f6e19489a
---> The cherrypicked commit sha is - a62a46bdbdf96a8161c60171429ef08f3c71e6b9
Commit message - take care of the case when there is no 'attributes'
---> The original commit sha is - 94f043b231fba11fc74d77bd838aee3f6e19489a
Commit message - Merge remote-tracking branch 'upstream/master'
-----------------------------------------------------------------

