# of merges = 144
Merge commit 1 is -> 
{ ba5e8cd0719ea8d776cf638c244087efabf37f2e is a merge commit
---> Commit message - Merge pull request #1 from sjmiles/master

Initial Components
-----------------------------------------------------------------

Merge commit 2 is -> 
{ 1281934d555d97c22b869052b325d043af0c1dc0 is a merge commit
---> Commit message - Merge pull request #2 from sjmiles/master

make workBench live with toollkit
-----------------------------------------------------------------

Merge commit 3 is -> 
{ eb5abe2bbd45f7f71f5f9bb47f5064974deaa342 is a merge commit
---> Commit message - Merge pull request #3 from sjmiles/master

fix path
-----------------------------------------------------------------

Merge commit 4 is -> 
{ fdf37963ced40632292bfd8851b2765a901e6f8a is a merge commit
---> Commit message - Merge pull request #4 from sjmiles/master

add g-icon-button
-----------------------------------------------------------------

Merge commit 5 is -> 
{ 94f043b231fba11fc74d77bd838aee3f6e19489a is a merge commit
---> Commit message - Merge remote-tracking branch 'upstream/master'
-----------------------------------------------------------------

Merge commit 6 is -> 
{ 6b716972729fed029dd6dbdd18aaff841fa631b2 is a merge commit
---> Commit message - Merge pull request #6 from sjmiles/master

various changes to enable g-overlay
-----------------------------------------------------------------

Merge commit 7 is -> 
{ 431716ef8394931ece3d515492956b14f63c2c12 is a merge commit
---> Commit message - Merge remote-tracking branch 'upstream/master'

Conflicts:
	src/g-component.html
-----------------------------------------------------------------

Merge commit 8 is -> 
{ 64dbbce6824395b4126a558167c27d1543213f1c is a merge commit
---> Commit message - Merge pull request #9 from sjmiles/master

add g-selection and g-selector components
-----------------------------------------------------------------

Merge commit 9 is -> 
{ 2a7224122c6fe28d8e543e124bcb019dc2a8d629 is a merge commit
---> Commit message - Merge remote-tracking branch 'upstream/master'
-----------------------------------------------------------------

Merge commit 10 is -> 
{ 1780b045832d6d083e25f675d099895041eb58e1 is a merge commit
---> Commit message - Merge pull request #8 from frankiefu/master

add ajax and togglebutton components
-----------------------------------------------------------------

Merge commit 11 is -> 
{ 9bb4ea4e8aa69506c5830a12b0ef43764aa7ac3a is a merge commit
---> Commit message - Merge pull request #12 from frankiefu/master

update for names changes in polyfill
-----------------------------------------------------------------

Merge commit 12 is -> 
{ 8a45af8468f59efc85e04d930e615be2c0d4a090 is a merge commit
---> Commit message - Merge pull request #13 from frankiefu/master

call shadowRootCreated in the right scope and add g-ratings component
-----------------------------------------------------------------

Merge commit 13 is -> 
{ 7c1a11f47335b837ef6a16cf7b59cd90f0a9fa34 is a merge commit
---> Commit message - Merge branch 'master' of https://github.com/toolkitchen/toolkit
-----------------------------------------------------------------

Merge commit 14 is -> 
{ 0b47b894e829a90546dcdfd40e04cca7433d25ac is a merge commit
---> Commit message - Merge pull request #14 from sjmiles/master

change property automation to be property-first instead of attribute-first
-----------------------------------------------------------------

Merge commit 15 is -> 
{ a0cd7553e212494e1cf58a8e9df76405e5ae964c is a merge commit
---> Commit message - Merge pull request #16 from sjmiles/master

use shadow="shim" instead of shimShadow for compatibility with URL override
-----------------------------------------------------------------

Merge commit 16 is -> 
{ bdd339bffb0f40c069f1fd3239f0bc09b8bab0bb is a merge commit
---> Commit message - Merge pull request #17 from frankiefu/master

unit test harness
-----------------------------------------------------------------

Merge commit 17 is -> 
{ 1b5484788ede331fd461439eae1b43700c24c44d is a merge commit
---> Commit message - Merge pull request #19 from frankiefu/master

tabs component, simplify togglebutton and more unit tests
-----------------------------------------------------------------

Merge commit 18 is -> 
{ 6f1eb45cbd50f0f916cac608710932cda292cdfe is a merge commit
---> Commit message - Merge branch 'master' of https://github.com/toolkitchen/toolkit
-----------------------------------------------------------------

Merge commit 19 is -> 
{ c073e71e35d1374aa0db74969c600109fe5adba3 is a merge commit
---> Commit message - Merge pull request #20 from sjmiles/e334f1293f394165dd1e53e7527bc624f99ec4f7

use MutationObserver to maintain custom event bindings, bug fixes
-----------------------------------------------------------------

Merge commit 20 is -> 
{ 952630e6bc7858f6146a45597ca1a3eae0de33dd is a merge commit
---> Commit message - Merge branch 'master' of https://github.com/toolkitchen/toolkit
-----------------------------------------------------------------

Merge commit 21 is -> 
{ f05b74f6d96d656f031ae4c8596dae194543bc95 is a merge commit
---> Commit message - Merge pull request #21 from sjmiles/master

"DOMTokenList.enable" was renamed to "toggle" at platform, update polyfill
-----------------------------------------------------------------

Merge commit 22 is -> 
{ 2958f612ea9dc4fc8829ace23869a2face2d95d9 is a merge commit
---> Commit message - Merge pull request #22 from frankiefu/master

menu component and basic component unit tests
-----------------------------------------------------------------

Merge commit 23 is -> 
{ 6696b851d2f8582d74c5aa64b80f85475d845216 is a merge commit
---> Commit message - Merge pull request #23 from sjmiles/master

MDV sugaring 
-----------------------------------------------------------------

Merge commit 24 is -> 
{ d34e93bfde04e6bfa739473a711ff1be48cb3e0d is a merge commit
---> Commit message - Merge pull request #25 from frankiefu/master

update components based on changes in g-component
-----------------------------------------------------------------

Merge commit 25 is -> 
{ b4fc5f9b1cbc96c8611ee8c7483644e3893a52eb is a merge commit
---> Commit message - Merge pull request #26 from sorvell/1b054f9b3be900d2e982768c9caf57373abc0c5e

g-component: fix typo
-----------------------------------------------------------------

Merge commit 26 is -> 
{ 48a0c1f6fbfc8e63f7865c72d0fc01f7c6ffbaed is a merge commit
---> Commit message - Merge pull request #27 from sorvell/30f3504cd6539762bf4958892ac592228060229b

g-overlay: refactor/simplify
-----------------------------------------------------------------

Merge commit 27 is -> 
{ 2eff28db5bd5c108ab66d04c9cb412137a52f833 is a merge commit
---> Commit message - Merge pull request #28 from sorvell/master

add g-panels
-----------------------------------------------------------------

Merge commit 28 is -> 
{ 63cbe38b8498d3932e577670306b40d8452617b1 is a merge commit
---> Commit message - Merge pull request #29 from sorvell/master

g-panels minor bug fixes
-----------------------------------------------------------------

Merge commit 29 is -> 
{ 60fab55931151721b937f2005b8ec19cda382052 is a merge commit
---> Commit message - Merge pull request #31 from frankiefu/master

minor updates/fixes to g-component, selector and menu
-----------------------------------------------------------------

Merge commit 30 is -> 
{ 1ce994cd33657ee488624d8e6a026698dd496779 is a merge commit
---> Commit message - Merge branch 'master' of https://github.com/toolkitchen/toolkit
-----------------------------------------------------------------

Merge commit 31 is -> 
{ 72c4d52cfd75c46ed1511e36594ffac0773fd421 is a merge commit
---> Commit message - Merge pull request #32 from sjmiles/master

bug fixes, more indirection around 'conventions'
-----------------------------------------------------------------

Merge commit 32 is -> 
{ fe450af736c9c3cacc098613f459d2fabea6f856 is a merge commit
---> Commit message - Merge pull request #33 from sorvell/master

g-component attribute parsing fix; g-panels & g-overlay & g-ajax minor fixes
-----------------------------------------------------------------

Merge commit 33 is -> 
{ 73d5ef5e15e9e8f3b5275f474b4f3225ef9f8af6 is a merge commit
---> Commit message - Merge pull request #34 from sorvell/master

added g-page component
-----------------------------------------------------------------

Merge commit 34 is -> 
{ a4126f772db1948b783909b032c722a515fbb00b is a merge commit
---> Commit message - Merge pull request #35 from sorvell/master

g-page: use external stylesheet
-----------------------------------------------------------------

Merge commit 35 is -> 
{ 2dd3d5c86746c8c557c1d147040813fbd6e4ce96 is a merge commit
---> Commit message - Merge branch 'master' of https://github.com/toolkitchen/toolkit
-----------------------------------------------------------------

Merge commit 36 is -> 
{ 60a091ab60996b7a2d578cba1898928737a9c2fd is a merge commit
---> Commit message - Merge pull request #36 from sjmiles/master

filter mustaches in takeAttributes, other minor tweaks
-----------------------------------------------------------------

Merge commit 37 is -> 
{ 6fc1a4a3d5a6d28824136ab1c7816ad8ec50703f is a merge commit
---> Commit message - Merge pull request #37 from sorvell/master

g-component and g-panels minor changes
-----------------------------------------------------------------

Merge commit 38 is -> 
{ 7397c22c82d738f4c4b43bc4bf97d392754b9793 is a merge commit
---> Commit message - Merge branch 'master' of https://github.com/toolkitchen/toolkit

Conflicts:
	src/g-component.html
-----------------------------------------------------------------

Merge commit 39 is -> 
{ 7400f9e06cb3cbea664a0d80c47d40d311989c55 is a merge commit
---> Commit message - Merge pull request #38 from sjmiles/master

implement new 'protected' syntax
-----------------------------------------------------------------

Merge commit 40 is -> 
{ fb98e4a32342b6bcf0c8eb946390b38adbf3f8eb is a merge commit
---> Commit message - Merge pull request #39 from sorvell/master

g-component minor fixup; updates for g-page and g-panels
-----------------------------------------------------------------

Merge commit 41 is -> 
{ 69795943b41927212a2ed1accc3f71c537ad22b5 is a merge commit
---> Commit message - Merge pull request #40 from frankiefu/master

update to use the new g-component sugar
-----------------------------------------------------------------

Merge commit 42 is -> 
{ 6885c567c7e70ab9b5a8e01eff7b822668984751 is a merge commit
---> Commit message - Merge pull request #42 from sorvell/master

update g-ajax and minor g-panels and g-page fixes
-----------------------------------------------------------------

Merge commit 43 is -> 
{ f47986411a2f2b2a9d53b43dfab80c9e49f94f50 is a merge commit
---> Commit message - Merge pull request #44 from sjmiles/master

fixes issue #30: allow findController to step out of lightDOM
-----------------------------------------------------------------

Merge commit 44 is -> 
{ 7f7cabf51b6090f9ab0acdf213885cc3edea4888 is a merge commit
---> Commit message - Merge pull request #45 from frankiefu/master

add unit tests to cover more components and the latest sugaring in g-components
-----------------------------------------------------------------

Merge commit 45 is -> 
{ 8e6334d6e19a33c24461008c4274f1c44c25ea24 is a merge commit
---> Commit message - Merge branch 'master' of https://github.com/sorvell/toolkit
-----------------------------------------------------------------

Merge commit 46 is -> 
{ b3334ac4cda8fc5cc87255602800d6d8e8c26070 is a merge commit
---> Commit message - Merge pull request #46 from sorvell/master

g-overlay update: simplify and add basic management for focus and z-index.
-----------------------------------------------------------------

Merge commit 47 is -> 
{ 308d84757eadd6c9021f080d008efd11d64fb455 is a merge commit
---> Commit message - Merge pull request #47 from sorvell/master

g-overlay: simplify styling.
-----------------------------------------------------------------

Merge commit 48 is -> 
{ cb18a89023d5c27eb9f5b394dfc9fda7de455d70 is a merge commit
---> Commit message - Merge pull request #48 from frankiefu/master

added g-menu-button and g-toolbar
-----------------------------------------------------------------

Merge commit 49 is -> 
{ 740a2f7c9fadf49f5ef4ad5bd2ff797cc80f611f is a merge commit
---> Commit message - Merge branch 'master' of https://github.com/toolkitchen/toolkit

Conflicts:
	workbench/menu-button.html
	workbench/toolbar.html
-----------------------------------------------------------------

Merge commit 50 is -> 
{ c0fe862ed8da70e645e0f2f0dab4150a99394e4f is a merge commit
---> Commit message - Merge pull request #49 from sorvell/master

minor fixes to support app development
-----------------------------------------------------------------

Merge commit 51 is -> 
{ 2ec853933477d254333d292c728d08901e7b9f3c is a merge commit
---> Commit message - Merge branch 'master' of github.com:toolkitchen/toolkit
-----------------------------------------------------------------

Merge commit 52 is -> 
{ 9899acd72c6d9bf3912a3d40fa5d356dbf4ee075 is a merge commit
---> Commit message - Merge pull request #51 from sjmiles/master

Merge polybinding branch into master
-----------------------------------------------------------------

Merge commit 53 is -> 
{ 7c986e8025e19e3f5cb8230cbe840e030ea9ae2d is a merge commit
---> Commit message - Merge pull request #52 from frankiefu/master

updated components for the new changes in g-component
-----------------------------------------------------------------

Merge commit 54 is -> 
{ 8f60519b92cc640973bdf1edfb0727f16163ba4f is a merge commit
---> Commit message - Merge pull request #53 from sjmiles/master

g-component tweaks to improve data-binding
-----------------------------------------------------------------

Merge commit 55 is -> 
{ f1e11d2657b7186a6365a0c612de1474ed53a075 is a merge commit
---> Commit message - Merge pull request #54 from sorvell/master

g-panels updates
-----------------------------------------------------------------

Merge commit 56 is -> 
{ c12d9fec3d61ba28c8e32969521d8090f190f4c3 is a merge commit
---> Commit message - Merge pull request #55 from sjmiles/master

latest event handling scheme
-----------------------------------------------------------------

Merge commit 57 is -> 
{ 728b8a5e77cb13ecc77454b5528f7c2fd14411c3 is a merge commit
---> Commit message - Merge branch 'dev' of github.com:toolkitchen/toolkit into dev
-----------------------------------------------------------------

Merge commit 58 is -> 
{ 6017b7a2e0807a7d298e405bcf116c2a13433ef9 is a merge commit
---> Commit message - Merge branch 'dev' of github.com:toolkitchen/toolkit into dev
-----------------------------------------------------------------

Merge commit 59 is -> 
{ a648bfbd6a5c605e297621e36cf1bb4d97f8d200 is a merge commit
---> Commit message - Merge pull request #58 from ebidel/dev

Tweaks to README.
-----------------------------------------------------------------

Merge commit 60 is -> 
{ 388bb6b8f4cb298999e4ad3a78840dd9c6200a36 is a merge commit
---> Commit message - Merge pull request #60 from ebidel/dev

Adding Contributors guide
-----------------------------------------------------------------

Merge commit 61 is -> 
{ 80e8f1abb82cdf4cf2c4b343739311412a385632 is a merge commit
---> Commit message - Merge pull request #61 from ebidel/dev

Updating meta tag
-----------------------------------------------------------------

Merge commit 62 is -> 
{ 2ebc5e4bbbbcfc30f616a6dc96d1219123dfdfca is a merge commit
---> Commit message - Merge pull request #76 from arv/fix-copy-property

Stop using __{lookup,define}{G,S}etter__
-----------------------------------------------------------------

Merge commit 63 is -> 
{ e9971732ca40c1b0f31d2f5abc00f646d9346521 is a merge commit
---> Commit message - Merge pull request #75 from arv/xhr

Use XMLHttpRequest directly
-----------------------------------------------------------------

Merge commit 64 is -> 
{ fd40d9a600fab0a53a6b6292476a1305a8fc6295 is a merge commit
---> Commit message - Merge branch 'dev' of github.com:toolkitchen/toolkit into dev
-----------------------------------------------------------------

Merge commit 65 is -> 
{ 34c4fba28999678f9aa050f02d5aeceb1c359839 is a merge commit
---> Commit message - Merge branch 'dev' of github.com:toolkitchen/toolkit into dev
-----------------------------------------------------------------

Merge commit 66 is -> 
{ 87ac045b630e13ef550958ebf88d0d7f4ac616d2 is a merge commit
---> Commit message - Merge branch 'dev' of github.com:toolkitchen/toolkit into dev
-----------------------------------------------------------------

Merge commit 67 is -> 
{ 1e0d6f4b1d79512292c683c27f3b8a4213d70347 is a merge commit
---> Commit message - Merge branch 'dev' of https://github.com/toolkitchen/toolkit into dev
-----------------------------------------------------------------

Merge commit 68 is -> 
{ 9129993eaff568a7b42bb93c6cf138fb4bcebb23 is a merge commit
---> Commit message - Merge pull request #85 from toolkitchen/alt-test

Bring experimental test harness in from alt-test branch
-----------------------------------------------------------------

Merge commit 69 is -> 
{ e77d4473c1f14544a7740128e25297070a9e04a1 is a merge commit
---> Commit message - Merge branch 'dev' of github.com:toolkitchen/toolkit into dev
-----------------------------------------------------------------

Merge commit 70 is -> 
{ ee789e5c0cf3e4156107946e7a7497264b2fa52f is a merge commit
---> Commit message - Merge branch 'stable' of https://github.com/toolkitchen/toolkit into stable
-----------------------------------------------------------------

Merge commit 71 is -> 
{ 617ac582c348d8a7c8a5d19d1c6c3b65c363d0d1 is a merge commit
---> Commit message - Merge branch 'stable'

Conflicts:
	lib/test
	platform
-----------------------------------------------------------------

Merge commit 72 is -> 
{ f3badfd739aae9fd8b9cce462684f54273084491 is a merge commit
---> Commit message - Merge pull request #99 from toolkitchen/master

4/17 master -> stable
-----------------------------------------------------------------

Merge commit 73 is -> 
{ 2806a9afb48968051db63006a01c0f25dd63c9be is a merge commit
---> Commit message - Merge branch 'master' of github.com:toolkitchen/toolkit
-----------------------------------------------------------------

Merge commit 74 is -> 
{ 4dab527c199916ab8593a7e38a718433b35e2c0f is a merge commit
---> Commit message - Merge branch 'master' of https://github.com/toolkitchen/toolkit into observer
-----------------------------------------------------------------

Merge commit 75 is -> 
{ df6da5cbd665197d382dd8a803551b04579a53ea is a merge commit
---> Commit message - Merge pull request #113 from toolkitchen/observer

merge Observer branch
-----------------------------------------------------------------

Merge commit 76 is -> 
{ c7690e585cb35156e5ca1e7408bd83cd6fe84959 is a merge commit
---> Commit message - Merge branch 'master' of github.com:toolkitchen/toolkit
-----------------------------------------------------------------

Merge commit 77 is -> 
{ 1b833dcbc95e9b55f6274a79994937d4cd47c8e3 is a merge commit
---> Commit message - Merge branch 'master' of https://github.com/toolkitchen/toolkit
-----------------------------------------------------------------

Merge commit 78 is -> 
{ ec15352311f39594f2cc43d42d40db017e9293a8 is a merge commit
---> Commit message - add basic Date deserialization support
-----------------------------------------------------------------

Merge commit 79 is -> 
{ 55a7a2f0ed31b9cb99b25c9412af662ee0241137 is a merge commit
---> Commit message - Merge pull request #122 from bsatrom/date-attrs

added deserialization of Date attributes for custom elements
-----------------------------------------------------------------

Merge commit 80 is -> 
{ 9a974714bef80a869335c36554535f02cbe4e293 is a merge commit
---> Commit message - Merge pull request #125 from toolkitchen/master

5/9 master -> stable
-----------------------------------------------------------------

Merge commit 81 is -> 
{ 89ee0dfcb6e28571198e714eb912e8242d3bd139 is a merge commit
---> Commit message - Merge branch 'master' of https://github.com/toolkitchen/toolkit
-----------------------------------------------------------------

Merge commit 82 is -> 
{ 7fa92a5bba5dafa46348dc4b410b36cb121f0a3c is a merge commit
---> Commit message - Merge remote-tracking branch 'origin/master'
-----------------------------------------------------------------

Merge commit 83 is -> 
{ 8e2b510fff4e1ae7784456e1bb318cf0325f0105 is a merge commit
---> Commit message - Merge remote-tracking branch 'origin/stable'
-----------------------------------------------------------------

Merge commit 84 is -> 
{ 61fc04087683228b55bd8e9a928b2e4a6635f8b3 is a merge commit
---> Commit message - Merge pull request #134 from Polymer/master

5/14 master -> stable
-----------------------------------------------------------------

Merge commit 85 is -> 
{ 4dcbec03e936746a236baab6566d1d8f1ced1c75 is a merge commit
---> Commit message - Merge pull request #135 from Polymer/master

5/15 master -> stable
-----------------------------------------------------------------

Merge commit 86 is -> 
{ 7e8d1ee2dceff9b3f3036d0d368c9956c58138cf is a merge commit
---> Commit message - Merge branch 'stable'
-----------------------------------------------------------------

Merge commit 87 is -> 
{ d14278cfceb87f68b2d0241ec704c6a646f246bf is a merge commit
---> Commit message - Merge pull request #144 from markhealey/stable

Fix link in CONTRIBUTING.md
-----------------------------------------------------------------

Merge commit 88 is -> 
{ f8c1c5e265ed3ef71fec22300facbc4edbd175f4 is a merge commit
---> Commit message - Merge branch 'stable'
-----------------------------------------------------------------

Merge commit 89 is -> 
{ 09badeece541a5c740c19d579acbc4b96e4afa0f is a merge commit
---> Commit message - install polymer MDV syntax
-----------------------------------------------------------------

Merge commit 90 is -> 
{ a1111e543a1cf34fb6161cfed37f650c2e62437d is a merge commit
---> Commit message - Merge branch 'master' of github.com:Polymer/polymer
-----------------------------------------------------------------

Merge commit 91 is -> 
{ d4f2d603834993ccbc44a90391acf850506b6e59 is a merge commit
---> Commit message - Merge branch 'master' into flattened-repos

Conflicts:
	platform
	polymer.min.js
	polymer.min.js.map
	polymer.native.min.js
	polymer.native.min.js.map
	polymer.sandbox.min.js.map
-----------------------------------------------------------------

Merge commit 92 is -> 
{ e92d318b8c96076b5643ce31d93ed1dc366d82a9 is a merge commit
---> Commit message - Merge pull request #174 from Polymer/flattened-repos

Flatten repos
-----------------------------------------------------------------

Merge commit 93 is -> 
{ 63a1e0d5f54eea10ad2ab68d7a7e015b552f7a0d is a merge commit
---> Commit message - Merge branch 'shimStyling'
-----------------------------------------------------------------

Merge commit 94 is -> 
{ 15443743a9d4e1e8db9f94e1d2a38b9c7ac094a1 is a merge commit
---> Commit message - Merge branch 'attrs-refactor' of git://github.com/bsatrom/polymer into bsatrom-attrs-refactor

Conflicts:
	polymer.min.js
	polymer.min.js.map
	polymer.native.min.js
	polymer.native.min.js.map
	src/attrs.js
-----------------------------------------------------------------

Merge commit 95 is -> 
{ 07d73bfe94b0062e0ba7534b5fef6cf60ce04151 is a merge commit
---> Commit message - Merge branch 'master' into parser

# By Steve Orvell (19) and others
# Via Daniel Freedman (1) and others
* master: (27 commits)
  test: fix for flattened repo
  buildbot.git no longer required
  use mdv provided syntax, remove polymer syntax
  add tests to runner, add license
  add tests for MDV syntax
  re-use regex
  warn on missing files for uglify
  freshen
  add more tests + make tests more x-browser
  make pseudos polyfill compatible with browsers that don't parse the pseudo css correctly.
  use full LICENSE in builds
  - ensure controller styles are added only 1x per controller  - add 1 style element for stylesheets  - slight refactoring
  - only fix content property if it is set  - correctly scope [is=name] .foo
  element stylesheet refactoring (wip)
  support [is=name] syntax for @host styles; minor factoring
  add test for host styles for type extension elements
  - @polyfill can contain @host  - some refactoring of scope application
  test for @polyfill
  fix content property so it round-trips correctly (https://code.google.com/p/chromium/issues/detail?id=247231)
  support [is=name] syntax.
  ...
-----------------------------------------------------------------

Merge commit 96 is -> 
{ 26e8b147f4da40a31811d627ffdc4e302493a9dd is a merge commit
---> Commit message - Merge branch 'parser'
-----------------------------------------------------------------

Merge commit 97 is -> 
{ dff8b03f5dc180f1322e9ff47bc31d8ef2461912 is a merge commit
---> Commit message - Merge branch 'master' of https://github.com/Polymer/polymer
-----------------------------------------------------------------

Merge commit 98 is -> 
{ 24689e70b7ebb122909d4ed17b53a2b2a455a2e5 is a merge commit
---> Commit message - Merge pull request #183 from alexhancock/patch-1

Fix a typo in contributing.md
-----------------------------------------------------------------

Merge commit 99 is -> 
{ 0d9d3cba972de7b4291cf5344e432355b6c051cc is a merge commit
---> Commit message - Merge branch 'master' of https://github.com/Polymer/polymer

Conflicts:
	src/register.js
-----------------------------------------------------------------

Merge commit 100 is -> 
{ b5cb903a41dc65e8092f92e1cc642dfee93aacbf is a merge commit
---> Commit message - Merge branch 'polymer-element' of https://github.com/Polymer/polymer into polymer-element
-----------------------------------------------------------------

Merge commit 101 is -> 
{ dbed5fec79e25558b68c6ca38c42fd93f8d266e1 is a merge commit
---> Commit message - Merge pull request #192 from Polymer/polymer-element

Switch to <polymer-element>
-----------------------------------------------------------------

Merge commit 102 is -> 
{ 411d53c34c9121952f0be66f761a1a1a13f8c78e is a merge commit
---> Commit message - Merge pull request #200 from ebidel/resetStyleInheritance-feature

Fixes issue #199 - adds support for resetStyleInheritance on prototype
-----------------------------------------------------------------

Merge commit 103 is -> 
{ df788c33c9d27f5ecef64d54ce47225ee8ad7033 is a merge commit
---> Commit message - Merge pull request #201 from ebidel/fixtest

Correct test to check global div
-----------------------------------------------------------------

Merge commit 104 is -> 
{ 51e386ea89d3e2051b9c256067a6a0812a7e7111 is a merge commit
---> Commit message - Merge pull request #232 from chrisbu/polymer-register-fixes

Fixes for some of the workbench samples
-----------------------------------------------------------------

Merge commit 105 is -> 
{ ff2521022aae6e4dd030203918b00da6d352d362 is a merge commit
---> Commit message - Merge pull request #250 from azakus/master

Recursive build for polymer
-----------------------------------------------------------------

Merge commit 106 is -> 
{ c3b59225087d0ab37d06e6e5bface4d4ec1ceb2b is a merge commit
---> Commit message - Merge branch 'master' into ready-if-defaultView
-----------------------------------------------------------------

Merge commit 107 is -> 
{ b415332c9d96634e4e53be36e5a2c825b114e27d is a merge commit
---> Commit message - Merge branch 'master' into ready-if-defaultView
-----------------------------------------------------------------

Merge commit 108 is -> 
{ dd1c789c0b0f47e24393c6d3fa06d576589ce047 is a merge commit
---> Commit message - Merge branch 'master' into ready-if-defaultView
-----------------------------------------------------------------

Merge commit 109 is -> 
{ 70891672ac9d901048a3840c8b62b3ac526f45f5 is a merge commit
---> Commit message - Merge branch 'master' into optimize-reflection
-----------------------------------------------------------------

Merge commit 110 is -> 
{ b80495d0586b6cd439f7604adf875fe434daa70f is a merge commit
---> Commit message - Merge branch 'master' into optimize-reflection

Conflicts:
	src/declaration/polymer-element.js
	test/html/attr-mustache.html
	test/html/bind-object-repeat.html
	test/html/callbacks.html
	test/html/element-import.html
	test/html/element-registration.html
	test/html/element-script.html
	test/html/event-path-declarative.html
	test/html/event-path.html
	test/html/mdv-syntax.html
	test/html/parser-rules-import.html
	test/html/parser-rules.html
	test/html/prop-attr-reflection.html
	test/html/prop-bind-oo.html
	test/html/publish-attributes.html
	test/html/styling/apply-reset-styles.html
	test/html/styling/sheet-main-doc.html
	test/html/styling/sheet-order.html
	test/html/styling/sheet-scope.html
	test/html/take-attributes.html
	test/html/template-distribute-dynamic.html
	test/html/unbind.html
	test/runner.html
-----------------------------------------------------------------

Merge commit 111 is -> 
{ 336f635c264b837f133e752e6dd45a23273f69c3 is a merge commit
---> Commit message - Merge branch 'optimize-reflection' of https://github.com/Polymer/polymer into optimize-reflection
-----------------------------------------------------------------

Merge commit 112 is -> 
{ 6180e9a247f3cea7fbc4e5bb91be13938bcf798a is a merge commit
---> Commit message - Merge branch 'master' into ready-if-defaultView
-----------------------------------------------------------------

Merge commit 113 is -> 
{ 5388406dd48093e749fa70cb5cc2516488dddb5b is a merge commit
---> Commit message - Merge pull request #289 from mrmrs/remove-unneeded-px-declarations

Removes unneccessary px declarations in coordinate attributes.
-----------------------------------------------------------------

Merge commit 114 is -> 
{ 93765e63174db0a5657ae2b26d5b8f21aed28d4e is a merge commit
---> Commit message - Merge pull request #286 from jmesserly/rm_unused_arg

remove extra argument to unbindProperty that was ignored
-----------------------------------------------------------------

Merge commit 115 is -> 
{ 401e71b185f8690ba39094e5ad1546be0d70923e is a merge commit
---> Commit message - Merge pull request #284 from jmesserly/fix_utils_fire_bubbles

small fix to bubbles parameter of utils.fire
-----------------------------------------------------------------

Merge commit 116 is -> 
{ 3a749f848ee6374fe57822b1923ad40b572648b8 is a merge commit
---> Commit message - - Merge branch 'master' into compoundpathobserver
- custom property observer methods
- de-duping of property observers
- subpath property observers
-----------------------------------------------------------------

Merge commit 117 is -> 
{ d8bfaa509b6d1ce39463b870cada7ffbd66571e8 is a merge commit
---> Commit message - Merge pull request #319 from jmesserly/fix_reflectPropToAttr

fix Node.bind to pass the property name to reflectPropertyToAttribute
-----------------------------------------------------------------

Merge commit 118 is -> 
{ a6f23782e388dfddca64691e98c89844f629255c is a merge commit
---> Commit message - Merge branch 'master' into compoundpathobserver
-----------------------------------------------------------------

Merge commit 119 is -> 
{ aaad3d00e4ccf99e197082a8ce2dd7389db743a9 is a merge commit
---> Commit message - Merge pull request #322 from azakus/master

Remove SideTable dependency
-----------------------------------------------------------------

Merge commit 120 is -> 
{ ad291ad29a665b42161fcd4bcb775c43c91df8c1 is a merge commit
---> Commit message - Merge branch 'master' of github.com:Polymer/polymer
-----------------------------------------------------------------

Merge commit 121 is -> 
{ b7200854b2441a22ce89f6563963f36c50f5150d is a merge commit
---> Commit message - Merge pull request #328 from Polymer/event-bindings

Event bindings
-----------------------------------------------------------------

Merge commit 122 is -> 
{ 809286bacd968e42893f2b59f552567bde27b029 is a merge commit
---> Commit message - Merge branch 'master' of github.com:Polymer/polymer

Conflicts:
	polymer.js
	polymer.js.map
-----------------------------------------------------------------

Merge commit 123 is -> 
{ 9284f432df6577a1ba92eb3be4220e6d2a281ef7 is a merge commit
---> Commit message - Merge branch 'master' into real-imports
-----------------------------------------------------------------

Merge commit 124 is -> 
{ 592328261a4a32ca752c3d30dd38c4e2d5bc4ca4 is a merge commit
---> Commit message - Merge branch 'master' into real-imports
-----------------------------------------------------------------

Merge commit 125 is -> 
{ 75f6ab2396d92d16cc81a4cc7adda51963a75f5f is a merge commit
---> Commit message - Merge branch 'master' into real-imports
-----------------------------------------------------------------

Merge commit 126 is -> 
{ 8a53defceeffe754e9a7ad41d5a19559f62a272f is a merge commit
---> Commit message - Merge pull request #412 from gdi2290/patch-1

update copyright year
-----------------------------------------------------------------

Merge commit 127 is -> 
{ 46adcc73af904cd9a419c2d1f902d355a5711094 is a merge commit
---> Commit message - Merge pull request #428 from kentaromiura/master

Update README.md
-----------------------------------------------------------------

Merge commit 128 is -> 
{ 88711ed5a3b874a170477a3529f4d642208dcf0b is a merge commit
---> Commit message - Merge pull request #15 from azakus/async-id

Use bitwise not to handle differentiating rAF and timeout
-----------------------------------------------------------------

Merge commit 129 is -> 
{ 93a61290e68d000bb768a4085a9c5d59428e716a is a merge commit
---> Commit message - Merge branch 'master' of https://github.com/Polymer/polymer-dev
-----------------------------------------------------------------

Merge commit 130 is -> 
{ 287de28510bca0d6e7fd1a1c39107d6661aae80b is a merge commit
---> Commit message - Merge pull request #51 from Polymer/ergo-gesture

Use the new per-element gesture registration
-----------------------------------------------------------------

Merge commit 131 is -> 
{ b93ff1fda0e770a10f16d55647da79f3f7aedf18 is a merge commit
---> Commit message - Merge pull request #64 from ajklein/avoid-window-references

Cache window.ShadowDOMPolyfill value in closures
-----------------------------------------------------------------

Merge commit 132 is -> 
{ 946032d3c9b6b33325020efd1d47fa2492c6cddd is a merge commit
---> Commit message - Merge branch 'master' into platform-less
-----------------------------------------------------------------

Merge commit 133 is -> 
{ 06af60dfa94fe6a61af910ec79911a6c46c25ae6 is a merge commit
---> Commit message - Merge pull request #80 from Polymer/basis

Force flex-basis to be 0; avoid x-browser bugs by using a sub-pixel valu...
-----------------------------------------------------------------

Merge commit 134 is -> 
{ 3c9780c0f99dfa1400a03c88d62873eedc00000c is a merge commit
---> Commit message - Merge branch 'master' into basis
-----------------------------------------------------------------

Merge commit 135 is -> 
{ d62a0e45f954c4b7ba6c1b43e0ad0da379cb00eb is a merge commit
---> Commit message - Merge pull request #88 from Polymer/issue_638

allow computed properties to be bindable
-----------------------------------------------------------------

Merge commit 136 is -> 
{ 22aa097115f94c1d7c7a93a84b6638f297ca7094 is a merge commit
---> Commit message - Merge pull request #100 from Polymer/customElements_131_compat

fix one test that is affected by the CustomElements.takeRecords change
-----------------------------------------------------------------

Merge commit 137 is -> 
{ 9e1f6356de701be2abcaa98b56693dd75b7587cf is a merge commit
---> Commit message - Merge pull request #92 from florianv/bowerrc

Add a .bowerrc file
-----------------------------------------------------------------

Merge commit 138 is -> 
{ a23ea1e683c346805b679f3fe04f7bb671321ed4 is a merge commit
---> Commit message - Merge pull request #105 from Polymer/platform_88_take2

blacklist problematic DOM property names
-----------------------------------------------------------------

Merge commit 139 is -> 
{ fc3b80ad33ba2e0471c23840d724dc7e2f502812 is a merge commit
---> Commit message - Merge pull request #84 from Polymer/hash

Fixes polymer #672
-----------------------------------------------------------------

Merge commit 140 is -> 
{ 32a871f66b8b2e757c6970e45da26ee59477d61b is a merge commit
---> Commit message - Merge pull request #778 from jodytate/patch-1

add space between "go" and "to"
-----------------------------------------------------------------

Merge commit 141 is -> 
{ b2bfaaa33f0e84f18ee8d57657db2be7bcca2cc8 is a merge commit
---> Commit message - Merge pull request #103 from Polymer/wct

Convert over to web-component-tester (compat mode)
-----------------------------------------------------------------

Merge commit 142 is -> 
{ 80197155e883e1a7d3faf6bcd51e8484d291dfcc is a merge commit
---> Commit message - Merge pull request #769 from rictic/patch-1

Create a basic jsdoc externs file for Polymer
-----------------------------------------------------------------

Merge commit 143 is -> 
{ 8e8babfda1f0fd4e1812ebe3e15adad8ddf144ad is a merge commit
---> Commit message - master now contains dev sources; original history preserved.
-----------------------------------------------------------------

Merge commit 144 is -> 
{ 2d000d10fec1b2415fa4edabfed2b8641264deee is a merge commit
---> Commit message - Merge pull request #927 from rottina/master

README update
-----------------------------------------------------------------

