# of reverts = 27
Revert diff pair 1 is -> 
{ 9830e06fe9f780f65a0a4d3f19829e089afcb087 -> 31a4840addb95cd079591a42a36ac17547bdba82 } is a revert
{ c803877dd1e7a191fae3f2f5530fe0c269fd209f -> 67238951a8e3b03bac6d239be024777497817393 }
Revert commits SHA are -> 
31a4840addb95cd079591a42a36ac17547bdba82 - revert - 67238951a8e3b03bac6d239be024777497817393
---> The reverted commit sha is - 31a4840addb95cd079591a42a36ac17547bdba82
Commit message - (#3010) - Reenable ie
---> The original commit sha is - 67238951a8e3b03bac6d239be024777497817393
Commit message - (#3010) - Disable ie again ...

This reverts commit 31a4840addb95cd079591a42a36ac17547bdba82.
-----------------------------------------------------------------

Revert diff pair 2 is -> 
{ a1a24f3629985a72fa4979c8106b66043323613d -> 33a9029a89d5c7724f8d1b006b99508053af9e37 } is a revert
{ 9830e06fe9f780f65a0a4d3f19829e089afcb087 -> 31a4840addb95cd079591a42a36ac17547bdba82 }
Revert commits SHA are -> 
33a9029a89d5c7724f8d1b006b99508053af9e37 - revert - 31a4840addb95cd079591a42a36ac17547bdba82
---> The reverted commit sha is - 33a9029a89d5c7724f8d1b006b99508053af9e37
Commit message - (#3010) - Disable ie while saucelabs is faily
---> The original commit sha is - 31a4840addb95cd079591a42a36ac17547bdba82
Commit message - (#3010) - Reenable ie
-----------------------------------------------------------------

Revert diff pair 3 is -> 
{ f1a52ddd9ad06922854e92202cd3d0ba1a7b12fd -> d9429d1587dd0c50a963972f79c730389330ded2 } is a revert
{ d9429d1587dd0c50a963972f79c730389330ded2 -> 52dd16b6de7e5cce2576b7475dd8f3793e256a73 }
Revert commits SHA are -> 
d9429d1587dd0c50a963972f79c730389330ded2 - revert - 52dd16b6de7e5cce2576b7475dd8f3793e256a73
---> The reverted commit sha is - d9429d1587dd0c50a963972f79c730389330ded2
Commit message - (#2867) - do not stack notify change listeners
---> The original commit sha is - 52dd16b6de7e5cce2576b7475dd8f3793e256a73
Commit message - Revert "(#2867) - do not stack notify change listeners"

This reverts commit d9429d1587dd0c50a963972f79c730389330ded2.
-----------------------------------------------------------------

Revert diff pair 4 is -> 
{ 375c668c9c3c7fd7ffa5eb735d7d494731077a94 -> 0e1f651ec3caf84be71cdcb2bec7d3fbac5e3b99 } is a revert
{ 179ae256d5aeb7cf7f5cba4bfdfd43c82e2b8335 -> a6e1ef10c80162fc3171c4137646af8fafcce378 }
Revert commits SHA are -> 
0e1f651ec3caf84be71cdcb2bec7d3fbac5e3b99 - revert - a6e1ef10c80162fc3171c4137646af8fafcce378
---> The reverted commit sha is - 0e1f651ec3caf84be71cdcb2bec7d3fbac5e3b99
Commit message - Revert "(#2798) - add some attachment tests"

This reverts commit 976c606c12b0da7217e0cad4fae431cef0d7129d.
---> The original commit sha is - a6e1ef10c80162fc3171c4137646af8fafcce378
Commit message - (#2798) - Add some attachment tests
-----------------------------------------------------------------

Revert diff pair 5 is -> 
{ 50cb1e8cfd5f69fb7086cbd936b877e4417332b1 -> 976c606c12b0da7217e0cad4fae431cef0d7129d } is a revert
{ 375c668c9c3c7fd7ffa5eb735d7d494731077a94 -> 0e1f651ec3caf84be71cdcb2bec7d3fbac5e3b99 }
Revert commits SHA are -> 
976c606c12b0da7217e0cad4fae431cef0d7129d - revert - 0e1f651ec3caf84be71cdcb2bec7d3fbac5e3b99
---> The reverted commit sha is - 976c606c12b0da7217e0cad4fae431cef0d7129d
Commit message - (#2798) - add some attachment tests
---> The original commit sha is - 0e1f651ec3caf84be71cdcb2bec7d3fbac5e3b99
Commit message - Revert "(#2798) - add some attachment tests"

This reverts commit 976c606c12b0da7217e0cad4fae431cef0d7129d.
-----------------------------------------------------------------

Revert diff pair 6 is -> 
{ eedf8018dfbb6ecdc27a95d096ce0be2cf10ac6d -> 458ccdcce3c1f2477815dbc73a1f56639133f485 } is a revert
{ 458ccdcce3c1f2477815dbc73a1f56639133f485 -> 575146ce03483b2d278400646b564385bd4c2ce3 }
Revert commits SHA are -> 
458ccdcce3c1f2477815dbc73a1f56639133f485 - revert - 575146ce03483b2d278400646b564385bd4c2ce3
---> The reverted commit sha is - 458ccdcce3c1f2477815dbc73a1f56639133f485
Commit message - Revert "(#2577) - add some attachments tests"

This reverts commit 9e5d826e65b361c907a6650e7eed9bc4dd6f049e.
---> The original commit sha is - 575146ce03483b2d278400646b564385bd4c2ce3
Commit message - Revert "Revert "(#2577) - add some attachments tests""

This reverts commit 458ccdcce3c1f2477815dbc73a1f56639133f485.
-----------------------------------------------------------------

Revert diff pair 7 is -> 
{ 8c2782fc14845bdca23a3fb502436982f9ff4872 -> 9e5d826e65b361c907a6650e7eed9bc4dd6f049e } is a revert
{ eedf8018dfbb6ecdc27a95d096ce0be2cf10ac6d -> 458ccdcce3c1f2477815dbc73a1f56639133f485 }
Revert commits SHA are -> 
9e5d826e65b361c907a6650e7eed9bc4dd6f049e - revert - 458ccdcce3c1f2477815dbc73a1f56639133f485
---> The reverted commit sha is - 9e5d826e65b361c907a6650e7eed9bc4dd6f049e
Commit message - (#2577) - add some attachments tests
---> The original commit sha is - 458ccdcce3c1f2477815dbc73a1f56639133f485
Commit message - Revert "(#2577) - add some attachments tests"

This reverts commit 9e5d826e65b361c907a6650e7eed9bc4dd6f049e.
-----------------------------------------------------------------

Revert diff pair 8 is -> 
{ 74772cbf71dfc00c8dea0d65fa1b4c511b63eab1 -> 9d4435de21d996a0a2271a217479af916be05519 } is a revert
{ 81c29fdcd47765e7ceebefd3d2ddf77e5848ca0a -> a3e8946562690a5d943a783805c083c82659ec94 }
Revert commits SHA are -> 
9d4435de21d996a0a2271a217479af916be05519 - revert - a3e8946562690a5d943a783805c083c82659ec94
---> The reverted commit sha is - 9d4435de21d996a0a2271a217479af916be05519
Commit message - (#2035) - get rid of cors proxy
---> The original commit sha is - a3e8946562690a5d943a783805c083c82659ec94
Commit message - Revert "(#2035) - get rid of cors proxy"

This reverts commit 9d4435de21d996a0a2271a217479af916be05519.
-----------------------------------------------------------------

Revert diff pair 9 is -> 
{ 40026aeffdc1e6064a906a67e62af8969e78661f -> f356c62b05a865a0b427196033318bdcc893806c } is a revert
{ 26ad256d4e522cc340bb1c77a2f4b91e4bc5b59c -> f46cb5304de8d5bf7fbc6552764dfa6e203714f8 }
Revert commits SHA are -> 
f356c62b05a865a0b427196033318bdcc893806c - revert - f46cb5304de8d5bf7fbc6552764dfa6e203714f8
---> The reverted commit sha is - f356c62b05a865a0b427196033318bdcc893806c
Commit message - (#2198) - temp workaround for IE10 console.trace
---> The original commit sha is - f46cb5304de8d5bf7fbc6552764dfa6e203714f8
Commit message - (#2242) - remove custom events dep
-----------------------------------------------------------------

Revert diff pair 10 is -> 
{ 4fbc69b8582bf0c8448a747570cecf71c109171f -> bee0eb8015f38a684c063d16180533a72287ca56 } is a revert
{ bee0eb8015f38a684c063d16180533a72287ca56 -> d9c3cf942cd301d97861bf297656e06a445a1504 }
Revert commits SHA are -> 
bee0eb8015f38a684c063d16180533a72287ca56 - revert - d9c3cf942cd301d97861bf297656e06a445a1504
---> The reverted commit sha is - bee0eb8015f38a684c063d16180533a72287ca56
Commit message - (#1449) - move uuid files into folders (backwards compatibly) also smooth out creation process to make it async and adds db.destroy
---> The original commit sha is - d9c3cf942cd301d97861bf297656e06a445a1504
Commit message - Revert "(#1449) - move uuid files into folders (backwards compatibly) also smooth out creation process to make it async and adds db.destroy"

This reverts commit bee0eb8015f38a684c063d16180533a72287ca56.
-----------------------------------------------------------------

Revert diff pair 11 is -> 
{ 5b85577f719cd66099dcc916df3ec2eb9a811837 -> bccef2fcb1124359848116cece8d5a4e488826f6 } is a revert
{ f8b26aef5fcd1f97867245a9d43e10f424f9bc60 -> dcc122105697bbdf7110b9409087b5d6689ecba1 }
Revert commits SHA are -> 
bccef2fcb1124359848116cece8d5a4e488826f6 - revert - dcc122105697bbdf7110b9409087b5d6689ecba1
---> The reverted commit sha is - bccef2fcb1124359848116cece8d5a4e488826f6
Commit message - (#1021) use browserify to insert globals
---> The original commit sha is - dcc122105697bbdf7110b9409087b5d6689ecba1
Commit message - Revert "(#1021) use browserify to insert globals"

This reverts commit bccef2fcb1124359848116cece8d5a4e488826f6.
-----------------------------------------------------------------

Revert diff pair 12 is -> 
{ b7eeaef2231a239f9309cbbe958857c8c5c0c6a9 -> f2ded78e67fe6ad8e325635f5ecb1be360b88a35 } is a revert
{ 61c101803fba5e5a22e056740460de36b110282c -> c971420b994cd4e9e08b375e25f02af6b88ebcf6 }
Revert commits SHA are -> 
f2ded78e67fe6ad8e325635f5ecb1be360b88a35 - revert - c971420b994cd4e9e08b375e25f02af6b88ebcf6
---> The reverted commit sha is - f2ded78e67fe6ad8e325635f5ecb1be360b88a35
Commit message - Yield on destroying of pouch to eliminate race conditions
---> The original commit sha is - c971420b994cd4e9e08b375e25f02af6b88ebcf6
Commit message - Revert "Yield on destroying of pouch to eliminate race conditions"

This reverts commit 223f6a193d6af42141341a818fd43556d5fd5d68.
-----------------------------------------------------------------

Revert diff pair 13 is -> 
{ fbdb49121eb8f5879b751e0c4e05c95bf7318ce4 -> d57bf3d871f9138b2c442ae6bc7a49da7af0d8d9 } is a revert
{ d57bf3d871f9138b2c442ae6bc7a49da7af0d8d9 -> e051a9abf2334f4c3b67faa4655001fddf30fcce }
Revert commits SHA are -> 
d57bf3d871f9138b2c442ae6bc7a49da7af0d8d9 - revert - e051a9abf2334f4c3b67faa4655001fddf30fcce
---> The reverted commit sha is - d57bf3d871f9138b2c442ae6bc7a49da7af0d8d9
Commit message - Fix rev when getting doc
---> The original commit sha is - e051a9abf2334f4c3b67faa4655001fddf30fcce
Commit message - Merge pull request #502 from daleharvey/100-use-blobs-for-attachments

100 use blobs for attachments
-----------------------------------------------------------------

Revert diff pair 14 is -> 
{ f28c1995f72eda23a3874859515f7c07c99f2c4f -> fbdb49121eb8f5879b751e0c4e05c95bf7318ce4 } is a revert
{ fbdb49121eb8f5879b751e0c4e05c95bf7318ce4 -> d57bf3d871f9138b2c442ae6bc7a49da7af0d8d9 }
Revert commits SHA are -> 
fbdb49121eb8f5879b751e0c4e05c95bf7318ce4 - revert - d57bf3d871f9138b2c442ae6bc7a49da7af0d8d9
---> The reverted commit sha is - fbdb49121eb8f5879b751e0c4e05c95bf7318ce4
Commit message - (#100) - Blobs: fix typo
---> The original commit sha is - d57bf3d871f9138b2c442ae6bc7a49da7af0d8d9
Commit message - Fix rev when getting doc
-----------------------------------------------------------------

Revert diff pair 15 is -> 
{ 744533867e5597b2189327b2407094021e35cccf -> 8928916d998b1cdee0b4f2b6f54bef9ccd9abbde } is a revert
{ 8928916d998b1cdee0b4f2b6f54bef9ccd9abbde -> 76b803f1d0641aca351329de5d611bcfe9865a1c }
Revert commits SHA are -> 
8928916d998b1cdee0b4f2b6f54bef9ccd9abbde - revert - 76b803f1d0641aca351329de5d611bcfe9865a1c
---> The reverted commit sha is - 8928916d998b1cdee0b4f2b6f54bef9ccd9abbde
Commit message - Fix _local checks - introduce isLocalId into utils

Edit all adapters to use isLocalId
---> The original commit sha is - 76b803f1d0641aca351329de5d611bcfe9865a1c
Commit message - Merge pull request #420 from calvinmetcalf/build-edge

grunt to optionally add spatial
-----------------------------------------------------------------

Revert diff pair 16 is -> 
{ d29f34085feb697ae984b3717ed573aaaabd8c6a -> e338c0b467599f241342f469d18a63fa074cbb4b } is a revert
{ e338c0b467599f241342f469d18a63fa074cbb4b -> 1c9eb88c25f14fecf289de28f8266c67bf463fe1 }
Revert commits SHA are -> 
e338c0b467599f241342f469d18a63fa074cbb4b - revert - 1c9eb88c25f14fecf289de28f8266c67bf463fe1
---> The reverted commit sha is - e338c0b467599f241342f469d18a63fa074cbb4b
Commit message - Merge branch 'master' of https://github.com/daleharvey/pouchdb into remove-with-no-options
---> The original commit sha is - 1c9eb88c25f14fecf289de28f8266c67bf463fe1
Commit message - Merge pull request #417 from daleharvey/416-linting-to-tests

#416 Added Linting to grunt
-----------------------------------------------------------------

Revert diff pair 17 is -> 
{ a88b57f34f4ca06284b07421ccf03a6e48f04f12 -> ca1956586661592e21fe0246dd71b1c82755ca44 } is a revert
{ ca1956586661592e21fe0246dd71b1c82755ca44 -> cd88e1224ec9ebcf00d343b6dcf43cf468d9cddf }
Revert commits SHA are -> 
ca1956586661592e21fe0246dd71b1c82755ca44 - revert - cd88e1224ec9ebcf00d343b6dcf43cf468d9cddf
---> The reverted commit sha is - ca1956586661592e21fe0246dd71b1c82755ca44
Commit message - #379 check for existence of READ_WRITE constants on IDBTransaction
---> The original commit sha is - cd88e1224ec9ebcf00d343b6dcf43cf468d9cddf
Commit message - Merge pull request #373 from daleharvey/372-plain-xhr

replacing zepto with plain xhr
-----------------------------------------------------------------

Revert diff pair 18 is -> 
{ 1e7cc2161307a1762d0a72b020064e529c9d420e -> 3a45cadeb34ad808c4bc0cb7a9a8465ae78947df } is a revert
{ 3a45cadeb34ad808c4bc0cb7a9a8465ae78947df -> e085ac14c1cd0c93adf9a89a157a4106256e2d4f }
Revert commits SHA are -> 
3a45cadeb34ad808c4bc0cb7a9a8465ae78947df - revert - e085ac14c1cd0c93adf9a89a157a4106256e2d4f
---> The reverted commit sha is - 3a45cadeb34ad808c4bc0cb7a9a8465ae78947df
Commit message - Catch errors retrieving revisions during replication
---> The original commit sha is - e085ac14c1cd0c93adf9a89a157a4106256e2d4f
Commit message - Merge pull request #316 from jlaxson/315-support-view-filters

Support opts.{key, startkey, endkey} in view queries.  Issue #315
-----------------------------------------------------------------

Revert diff pair 19 is -> 
{ e54916aba7870d7417c5264a169266c7a193ba8f -> 1a9ab1896ad45b00d29af18a65d8a0bac0941c1f } is a revert
{ 1a9ab1896ad45b00d29af18a65d8a0bac0941c1f -> 216f957520da35a638eb9759168b3f446a297f67 }
Revert commits SHA are -> 
1a9ab1896ad45b00d29af18a65d8a0bac0941c1f - revert - 216f957520da35a638eb9759168b3f446a297f67
---> The reverted commit sha is - 1a9ab1896ad45b00d29af18a65d8a0bac0941c1f
Commit message - disable client-level request timeout for _changes, fixes #303
---> The original commit sha is - 216f957520da35a638eb9759168b3f446a297f67
Commit message - Merge pull request #306 from natevw/305-android-chrome-rw-flag

Support older integer constant for 'readwrite' transaction
-----------------------------------------------------------------

Revert diff pair 20 is -> 
{ 21e471910b557a18abc9a7d64fd9b957f2958434 -> ee8f2302d87f68dce629f2fb0321e28e8f9707c1 } is a revert
{ ee8f2302d87f68dce629f2fb0321e28e8f9707c1 -> ad1082814debe6c89fab55ee9842b7662d0b9cbe }
Revert commits SHA are -> 
ee8f2302d87f68dce629f2fb0321e28e8f9707c1 - revert - ad1082814debe6c89fab55ee9842b7662d0b9cbe
---> The reverted commit sha is - ee8f2302d87f68dce629f2fb0321e28e8f9707c1
Commit message - Refactor grunt.js to fit in with existing code style
---> The original commit sha is - ad1082814debe6c89fab55ee9842b7662d0b9cbe
Commit message - Use status 412 for db not open
-----------------------------------------------------------------

Revert diff pair 21 is -> 
{ bf99f43ce0b6871dc10381e9cc06fe174e9ffab7 -> f1ce1e4b1131d826da85674abbbfacc12e2325ac } is a revert
{ f1ce1e4b1131d826da85674abbbfacc12e2325ac -> 79a3e0cbb029f354f289c84cbfa4bcff42e9923e }
Revert commits SHA are -> 
f1ce1e4b1131d826da85674abbbfacc12e2325ac - revert - 79a3e0cbb029f354f289c84cbfa4bcff42e9923e
---> The reverted commit sha is - f1ce1e4b1131d826da85674abbbfacc12e2325ac
Commit message - #227 Updated version of grunt-saucelabs, added testInterval
---> The original commit sha is - 79a3e0cbb029f354f289c84cbfa4bcff42e9923e
Commit message - Merge pull request #280 from daleharvey/test-races-retry

Fix race condition in issue221 tests
-----------------------------------------------------------------

Revert diff pair 22 is -> 
{ 210322a63846c1a5aa33a7ee5fd2c429fc7563ed -> e89533f6186f6a7061cc1e91cc6794fdf0b6bb1a } is a revert
{ e89533f6186f6a7061cc1e91cc6794fdf0b6bb1a -> 9ccddde7492b022bea00c297778ef1413e2d3aa7 }
Revert commits SHA are -> 
e89533f6186f6a7061cc1e91cc6794fdf0b6bb1a - revert - 9ccddde7492b022bea00c297778ef1413e2d3aa7
---> The reverted commit sha is - e89533f6186f6a7061cc1e91cc6794fdf0b6bb1a
Commit message - #260 Added disable-file-cache flag for Chrome browser config
---> The original commit sha is - 9ccddde7492b022bea00c297778ef1413e2d3aa7
Commit message - Merge pull request #266 from calvinmetcalf/uuids

Fetch uuids from remote http for use in POST requests
-----------------------------------------------------------------

Revert diff pair 23 is -> 
{ 19481c34833123f4b0386a99511b4787ce0490ae -> a65edaeed470738c6edf8665d6405270058f9487 } is a revert
{ a65edaeed470738c6edf8665d6405270058f9487 -> 52fef28f97e231b2daf88f3d3c694faeb10f666c }
Revert commits SHA are -> 
a65edaeed470738c6edf8665d6405270058f9487 - revert - 52fef28f97e231b2daf88f3d3c694faeb10f666c
---> The reverted commit sha is - a65edaeed470738c6edf8665d6405270058f9487
Commit message - don't try to btoa attachments that are Buffer objects

also, a couple of typo fixes in attachment tests and test utils
---> The original commit sha is - 52fef28f97e231b2daf88f3d3c694faeb10f666c
Commit message - Merge pull request #178 from ryanramage/master

Update package.json to include jam information used for publishing
-----------------------------------------------------------------

Revert diff pair 24 is -> 
{ 45ff83a6c0ce409067b00ead0734d07dec81ca2e -> 4a052fca87b0855295c3479158892ee0d21d5e64 } is a revert
{ 4a052fca87b0855295c3479158892ee0d21d5e64 -> 3e44615079bfdbea814fe511ec3d390eb79b357c }
Revert commits SHA are -> 
4a052fca87b0855295c3479158892ee0d21d5e64 - revert - 3e44615079bfdbea814fe511ec3d390eb79b357c
---> The reverted commit sha is - 4a052fca87b0855295c3479158892ee0d21d5e64
Commit message - additional replication conflict test

#108 demonstrates consistency problem after independent changes made to local and remote databases are replicated (push/pull)
---> The original commit sha is - 3e44615079bfdbea814fe511ec3d390eb79b357c
Commit message - Merge pull request #104 from pixelcort/master

Fix #101 speed up api.changes' deduping
-----------------------------------------------------------------

Revert diff pair 25 is -> 
{ 2d966370c2ba5cf4d0829785ebec692f5ee7f294 -> adb684da705d869d8899ab9b9ca8061ed6ad73b0 } is a revert
{ 981ef249b2c741a80d6402096fd04c2195cd043a -> 17a0ee950101577d8c84c8c838a3b22dbcc75dc1 }
Revert commits SHA are -> 
adb684da705d869d8899ab9b9ca8061ed6ad73b0 - revert - 17a0ee950101577d8c84c8c838a3b22dbcc75dc1
---> The reverted commit sha is - adb684da705d869d8899ab9b9ca8061ed6ad73b0
Commit message - Minor refactoring
---> The original commit sha is - 17a0ee950101577d8c84c8c838a3b22dbcc75dc1
Commit message - Revert commit adb684da
-----------------------------------------------------------------

Revert diff pair 26 is -> 
{ 78186154081b82cb23ce9e3c47d4e16dae55dd79 -> 48244cdffd400c6996304b5697b1fa2cae10f5f2 } is a revert
{ 56a3200eae8e27795be6e827589eaf17532ad8e7 -> 5130ddafced0e823582e06ce727960d3d83be707 }
Revert commits SHA are -> 
48244cdffd400c6996304b5697b1fa2cae10f5f2 - revert - 5130ddafced0e823582e06ce727960d3d83be707
---> The reverted commit sha is - 48244cdffd400c6996304b5697b1fa2cae10f5f2
Commit message - Added alpha release targets
---> The original commit sha is - 5130ddafced0e823582e06ce727960d3d83be707
Commit message - Remove release files from repo
-----------------------------------------------------------------

Revert diff pair 27 is -> 
{ 87dd4bcd7e4323f5b6b5566ecba1d88fb042d983 -> d7adc099093762392c142dd4d0cb11b8c6643dc9 } is a revert
{ 9e306760429f48e5b2fa15d0c89ce7b44960e82e -> 9d8a886b0ee53d1dc310960c847470fc5fd0f8b1 }
Revert commits SHA are -> 
d7adc099093762392c142dd4d0cb11b8c6643dc9 - revert - 9d8a886b0ee53d1dc310960c847470fc5fd0f8b1
---> The reverted commit sha is - d7adc099093762392c142dd4d0cb11b8c6643dc9
Commit message - Add kanso config, need to upload to couch to test
---> The original commit sha is - 9d8a886b0ee53d1dc310960c847470fc5fd0f8b1
Commit message - Removed unneeded kando config
-----------------------------------------------------------------

