# of merges = 281
Merge commit 1 is -> 
{ 70bfcb0d90c2b2c03d7f31fd927e3d7b77875a0b is a merge commit
---> Commit message - Merge pull request #2 from tilgovi/deterministicrevs

Deterministicrevs
-----------------------------------------------------------------

Merge commit 2 is -> 
{ a1f01c5640df013a9d8a0a446cfd0863ff3fdbe3 is a merge commit
---> Commit message - Merge branch 'master' of github.com:mikeal/pouchdb
-----------------------------------------------------------------

Merge commit 3 is -> 
{ 46879ac36a98c7e8089248ee05498c388134c4fb is a merge commit
---> Commit message - Merge pull request #4 from maxogden/patch-1

fixing typo
-----------------------------------------------------------------

Merge commit 4 is -> 
{ 9fe617fda86a51a6cc07cd56748824199cae2612 is a merge commit
---> Commit message - Merge remote-tracking branch 'maxogden/master'

I left in fileserver.js because FF doesn't let us use IDB from file:///

Conflicts:
	test.html
-----------------------------------------------------------------

Merge commit 5 is -> 
{ e47d968ad529285842ca490463fc6e425b029b67 is a merge commit
---> Commit message - Merge pull request #13 from daleharvey/master

Get PouchDB working basically, started implementing more of the CRUD API
-----------------------------------------------------------------

Merge commit 6 is -> 
{ da9f8af55beb71fcbd6dc3ed640a922c222089c4 is a merge commit
---> Commit message - Merge pull request #17 from daleharvey/master

All fixed in firefox now
-----------------------------------------------------------------

Merge commit 7 is -> 
{ 09d55f9a90d42c40483bac10bc2738e6d67a1d1c is a merge commit
---> Commit message - Merge branch 'master' of https://github.com/mikeal/pouchdb
-----------------------------------------------------------------

Merge commit 8 is -> 
{ 3b2366e342f874e694ff9ba11da9368f6c5f4484 is a merge commit
---> Commit message - Updated replication test
-----------------------------------------------------------------

Merge commit 9 is -> 
{ ce21c69137153722b5dbee8aa887ef409d80885d is a merge commit
---> Commit message - Merge pull request #52 from gabrielmancini/master

just a gitignore update
-----------------------------------------------------------------

Merge commit 10 is -> 
{ 06f38caf6f52ea6c6c123f20423760edd5e60f53 is a merge commit
---> Commit message - Merge branch 'master' of github.com:daleharvey/pouchdb
-----------------------------------------------------------------

Merge commit 11 is -> 
{ 0e14d01ff3f1588ebf080d2b65182008a3a64585 is a merge commit
---> Commit message - Merge pull request #74 from molnarg/callee-deprecation

Replace deprecated arguments.callee with simple self-references.
-----------------------------------------------------------------

Merge commit 12 is -> 
{ 981ef249b2c741a80d6402096fd04c2195cd043a is a merge commit
---> Commit message - Merge pull request #80 from jo/master

doc in continuous changes without _rev & info.update_seq is always 0
-----------------------------------------------------------------

Merge commit 13 is -> 
{ 944389db99e48cd0af5a599a658fbfde1b5b1742 is a merge commit
---> Commit message - Merge pull request #85 from trisapeace/master

Added comments to HttpPouch
-----------------------------------------------------------------

Merge commit 14 is -> 
{ 7ab6e19afefe31ecf8db08aa8aeb3d7605cb24eb is a merge commit
---> Commit message - Merge pull request #91 from ryanramage/ee28ae

Only AMD commits
-----------------------------------------------------------------

Merge commit 15 is -> 
{ 306ef943984f86f8beae325179d0763478f4ef3b is a merge commit
---> Commit message - Merge pull request #92 from ryanramage/master

Travis/Saucelabs support for running CI testing
-----------------------------------------------------------------

Merge commit 16 is -> 
{ 6151cc7f4f8a9382a5636b1d2beb2910bcca774e is a merge commit
---> Commit message - Merge pull request #105 from pixelcort/patch-1

Example replicate should show being used on Pouch
-----------------------------------------------------------------

Merge commit 17 is -> 
{ 3e44615079bfdbea814fe511ec3d390eb79b357c is a merge commit
---> Commit message - Merge pull request #104 from pixelcort/master

Fix #101 speed up api.changes' deduping
-----------------------------------------------------------------

Merge commit 18 is -> 
{ 6bc71463dba04eb5a9f735c8c96279a4b3a0d672 is a merge commit
---> Commit message - Merge branch 'replication-conflict-tests' of git://github.com/jamesmayes/pouchdb into jamesmayes-replication-conflict-tests
-----------------------------------------------------------------

Merge commit 19 is -> 
{ 77808e734577f5f6ddd2ceae341bd63996db1116 is a merge commit
---> Commit message - Merge remote-tracking branch 'daleharvey/master'
-----------------------------------------------------------------

Merge commit 20 is -> 
{ 659134ef5eeca7d9b8be78fe50e01ba76f579d73 is a merge commit
---> Commit message - Commited Dale's changes
-----------------------------------------------------------------

Merge commit 21 is -> 
{ 2fc0a0efbb267a9e043cc4b1684c29a501b4a3a6 is a merge commit
---> Commit message - Merge pull request #118 from chendricks/FileAPIAttach-Store

In the IDB adapter, store attachments using the File API, but only if the browser supports the File API
-----------------------------------------------------------------

Merge commit 22 is -> 
{ 0872559df9f8200b7029750074bda3bf5e5ce697 is a merge commit
---> Commit message - Merge pull request #122 from daleharvey/http-tmp-views

Added ability to query temporary views in couchdb - #98
-----------------------------------------------------------------

Merge commit 23 is -> 
{ edd9dc9f5e0cea5a0d28e32f35daaacd5f6b7f77 is a merge commit
---> Commit message - Merge changes from trunk
-----------------------------------------------------------------

Merge commit 24 is -> 
{ 8002842fdfb8db02693afcc72cdd9ae6562b55af is a merge commit
---> Commit message - Merge pull request #127 from chendricks/DeleteIDFromLocalStorage2

Added delete of database id from localStorage when idb_destroy is called...
-----------------------------------------------------------------

Merge commit 25 is -> 
{ 50be7d75b6dd958dadaae6869ef0f668325eb033 is a merge commit
---> Commit message - Merge pull request #128 from chendricks/DeleteIDFromLocalStorage2

Always delete localStorage id even if there is no IDB still there to del...
-----------------------------------------------------------------

Merge commit 26 is -> 
{ dce072385bf142b86689a576a487a49937e9804c is a merge commit
---> Commit message - Merge remote-tracking branch 'daleharvey/master'
-----------------------------------------------------------------

Merge commit 27 is -> 
{ 6a2e3986b212b7e8e528de8ca77c15bab5abc546 is a merge commit
---> Commit message - Merge branch 'master' of git://github.com/ryanramage/pouchdb into ryanramage-master
-----------------------------------------------------------------

Merge commit 28 is -> 
{ a7629e5521ee9057c15fcc9a58ef907dd70ab77a is a merge commit
---> Commit message - Merge pull request #137 from ryanramage/master

Moving attachment tests around to get ci build working better.
-----------------------------------------------------------------

Merge commit 29 is -> 
{ 8f8de762c57bac0c94fe8dbbf697061a1e15da09 is a merge commit
---> Commit message - Merge pull request #139 from ryanramage/master

Fix broken attachment replication test, better test result handling.
-----------------------------------------------------------------

Merge commit 30 is -> 
{ eb23e5381b3227fee5f2b861820026a60dda8f9f is a merge commit
---> Commit message - Merge pull request #140 from ryanramage/master

Actually fail the tests if tests dont pass. It feels wrong to merge an failing test, but in this case it is ohh so right.
-----------------------------------------------------------------

Merge commit 31 is -> 
{ 20ab7edd285081e993ec19a893aecdd04d3ff438 is a merge commit
---> Commit message - Merge pull request #141 from daleharvey/remove-settimeout-in-tests

Remove setTimeout from tests to improve stability
-----------------------------------------------------------------

Merge commit 32 is -> 
{ 6ecbea308352de7ebb701b5028594bbb8bb45f92 is a merge commit
---> Commit message - Merge pull request #147 from daleharvey/143-bulkdocs

Dont crash bulkDocs in http if only one argument is provided (fixes #143...
-----------------------------------------------------------------

Merge commit 33 is -> 
{ c6f09558bc2afb9b886c79f5c9de499693c5c28a is a merge commit
---> Commit message - Merge pull request #155 from daleharvey/153-expects-to-tests

Add timeout and start adding expects #'s to tests (fixes #153)
-----------------------------------------------------------------

Merge commit 34 is -> 
{ 177e3ce8575db6fd6e2f88aba73074ab9c3e1437 is a merge commit
---> Commit message - Merge pull request #156 from daleharvey/conflict-resolution

Conflict resolution
-----------------------------------------------------------------

Merge commit 35 is -> 
{ 000ae194df33f1b0b819032c3fa051db2ada9b95 is a merge commit
---> Commit message - Merge pull request #158 from jo/master

Test suite improvements and cross window changes feed test
-----------------------------------------------------------------

Merge commit 36 is -> 
{ a054d041ff32ed7d504af5a00f09fe78b5f73f92 is a merge commit
---> Commit message - Merge pull request #160 from daleharvey/145-test-release

Have CI run tests against release build (fixes #145)
-----------------------------------------------------------------

Merge commit 37 is -> 
{ ff98d0a8601030980f8a57c270a36d66bd5e68bf is a merge commit
---> Commit message - Merge pull request #162 from jo/master

Improve cross window changes test
-----------------------------------------------------------------

Merge commit 38 is -> 
{ 451b9e02e8a0c7bb355b73d56fdb142d0b19c749 is a merge commit
---> Commit message - Initial merge
-----------------------------------------------------------------

Merge commit 39 is -> 
{ 17e30458ebab483e665e1103954b4bcf11ee3be1 is a merge commit
---> Commit message - Merge pull request #165 from daleharvey/merge-node

Merge node
-----------------------------------------------------------------

Merge commit 40 is -> 
{ 2056f121a9734aee0e9ad436951b45f03cab2723 is a merge commit
---> Commit message - Merge pull request #166 from chesles/master

update node.js section in README
-----------------------------------------------------------------

Merge commit 41 is -> 
{ 94f7bbfc46b21c382a1a70fae3921f4dc78b06ff is a merge commit
---> Commit message - Merge pull request #169 from daleharvey/move-cors

Move cors proxy into tests dir
-----------------------------------------------------------------

Merge commit 42 is -> 
{ fef9a69c9ec0253249a7b68f87ecfaad10c215c7 is a merge commit
---> Commit message - Merge pull request #171 from daleharvey/tests-refactoring

Minor refactoring of tests
-----------------------------------------------------------------

Merge commit 43 is -> 
{ 25aa82f9a44429dcb2cb61d92219cf200f48d17a is a merge commit
---> Commit message - Merge pull request #172 from daleharvey/travis-config

Only test pull requests and commits to master
-----------------------------------------------------------------

Merge commit 44 is -> 
{ 52fef28f97e231b2daf88f3d3c694faeb10f666c is a merge commit
---> Commit message - Merge pull request #178 from ryanramage/master

Update package.json to include jam information used for publishing
-----------------------------------------------------------------

Merge commit 45 is -> 
{ 4a4af0d56cfaf53b2cb4a8e268fd576a23e507cb is a merge commit
---> Commit message - Merge remote-tracking branch 'upstream/master'
-----------------------------------------------------------------

Merge commit 46 is -> 
{ 48a3472d2a2bc7e7fbe0a087ac5197f40e8fdfd7 is a merge commit
---> Commit message - Merge pull request #182 from chesles/master

Fixes for #180 and #181
-----------------------------------------------------------------

Merge commit 47 is -> 
{ 7eda849cd748dfbd0e598e81db271a8dc4262b13 is a merge commit
---> Commit message - Merge pull request #189 from daleharvey/tests-refactor

Refactor the test runner to include a new ./pouch command
-----------------------------------------------------------------

Merge commit 48 is -> 
{ d8955dd82fc39078e70ae170da9e540322012229 is a merge commit
---> Commit message - Merge pull request #187 from chesles/185-old-revisions

add a rev_map object to doc metadata, mapping revision ids to sequence ids
-----------------------------------------------------------------

Merge commit 49 is -> 
{ c4e5e60077da4765f6ac121b823b486f1fe7e911 is a merge commit
---> Commit message - Merge pull request #191 from chesles/master

npm version bump
-----------------------------------------------------------------

Merge commit 50 is -> 
{ 4f46dc125c337e71c01a8d321b4b396747f8e0a1 is a merge commit
---> Commit message - Merge remote-tracking branch 'upstream/master' into test_replication_with_deleted_docs
-----------------------------------------------------------------

Merge commit 51 is -> 
{ eeb0e0e041f3d7b387f17a6fe1a693cca1af22f6 is a merge commit
---> Commit message - Merge pull request #193 from daleharvey/154-serialise-saucelab

#154 - Make sure we only trigger one saucelabs set of tests at a time
-----------------------------------------------------------------

Merge commit 52 is -> 
{ 3ad2c9e2c48739060e226c5462051ad090632e3a is a merge commit
---> Commit message - Merge pull request #197 from axemclion/Fix-colors

Commented out colors as it was breaking pouch build
-----------------------------------------------------------------

Merge commit 53 is -> 
{ 3ded98c819d7c4aa59f80980989130a32e4410f6 is a merge commit
---> Commit message - Merge pull request #201 from daleharvey/200-idb-filesystem

#200 - Warn and invalidate idb adapter if running from filesystem
-----------------------------------------------------------------

Merge commit 54 is -> 
{ d6f0bf52c82a33ac7b03cf944eccff6012a2b359 is a merge commit
---> Commit message - Merge pull request #202 from daleharvey/151-parallel-tests

#151 - Add uuid to test databases so tests can be run in parallel
-----------------------------------------------------------------

Merge commit 55 is -> 
{ 561cf75e53d3e54e7c4b84d519fd7b4a9a095d47 is a merge commit
---> Commit message - Merge pull request #204 from chesles/node-http-fix-authorization

set Basic Authorization header for requests made through request
-----------------------------------------------------------------

Merge commit 56 is -> 
{ 5dee088b0191df7870f3c03c9b379dc4acbb306b is a merge commit
---> Commit message - Merge pull request #203 from chesles/master

Disallow adding docs with leading underscore in id
-----------------------------------------------------------------

Merge commit 57 is -> 
{ 7387fd108f5dc83e0d53094102a8a92782e344d5 is a merge commit
---> Commit message - Merge pull request #208 from daleharvey/207-add-couch-flag

#207 - Add a flag so users can point to alternative CouchDB when testing
-----------------------------------------------------------------

Merge commit 58 is -> 
{ a6384a77b06d7cec6f39eb4fefa259e99f7b828f is a merge commit
---> Commit message - Merge branch 'RemoveTest' of git://github.com/chendricks/pouchdb into chendricks-RemoveTest
-----------------------------------------------------------------

Merge commit 59 is -> 
{ 17b3491a196397c53dcb578e9e468d2285172b26 is a merge commit
---> Commit message - Merge pull request #210 from daleharvey/chendricks-RemoveTest

Chendricks remove test
-----------------------------------------------------------------

Merge commit 60 is -> 
{ 7429eac86fc473916b01995a74a6ab5c60263b59 is a merge commit
---> Commit message - Merge pull request #209 from chesles/206-fix-replicate-options

check for missing/optional arguments
-----------------------------------------------------------------

Merge commit 61 is -> 
{ 61549a95bfb9769c7587e56658f551d297e5285f is a merge commit
---> Commit message - Merge branch 'test_replication_with_deleted_docs' of git://github.com/jamesmayes/pouchdb into jamesmayes-test_replication_with_deleted_docs
-----------------------------------------------------------------

Merge commit 62 is -> 
{ 5978a95aff56aa14aea54359a0e105984961fb07 is a merge commit
---> Commit message - Merge pull request #211 from daleharvey/jamesmayes-test_replication_with_deleted_docs

Jamesmayes test replication with deleted docs
-----------------------------------------------------------------

Merge commit 63 is -> 
{ 17270d9c543fbd370a7f0ab4131a92724fc41d4e is a merge commit
---> Commit message - Merge pull request #216 from daleharvey/viewtests-leveldb

Run replication + view test in leveldb
-----------------------------------------------------------------

Merge commit 64 is -> 
{ 9c86b7aadbfb82a9efc090dc9c96a30a672cd10f is a merge commit
---> Commit message - Merge pull request #215 from tilgovi/142-attachment-deletion

142 attachment deletion
-----------------------------------------------------------------

Merge commit 65 is -> 
{ 90d3df7d88d92fa7f37ffac9bccf2cd0229c1113 is a merge commit
---> Commit message - Merge pull request #222 from daleharvey/219-remove-transaction-constants

#219 - Remove use of transaction constants
-----------------------------------------------------------------

Merge commit 66 is -> 
{ 5c23f13088be7907fbac58918ab96594372c41f7 is a merge commit
---> Commit message - Merge pull request #226 from daleharvey/testrunner-startend

Add a started + completed time to the testrunner report
-----------------------------------------------------------------

Merge commit 67 is -> 
{ f38050814a605f9f1d698faecab0ab0fb603c955 is a merge commit
---> Commit message - Merge pull request #228 from daleharvey/dont-stringify-dates

Dont double encode dates
-----------------------------------------------------------------

Merge commit 68 is -> 
{ d810503e109d40646f3d01eb19f7ae5121183f67 is a merge commit
---> Commit message - Merge pull request #233 from calvinmetcalf/readme

updated api documenation in readme
-----------------------------------------------------------------

Merge commit 69 is -> 
{ bc5e0d09996cf82bc61090d41036be61f4063f73 is a merge commit
---> Commit message - Merge pull request #235 from daleharvey/add-branch-to-resultsdoc

Add branch name to CI result document
-----------------------------------------------------------------

Merge commit 70 is -> 
{ e9e85e96e005cedc11706353f2f77273e443bf37 is a merge commit
---> Commit message - Merge pull request #236 from daleharvey/travis-env

Add travis build env to results
-----------------------------------------------------------------

Merge commit 71 is -> 
{ 2c872b5248c511eca9872732de092929ccfe3244 is a merge commit
---> Commit message - Merge pull request #237 from daleharvey/add-limit-http

Add limit parameter to http view api
-----------------------------------------------------------------

Merge commit 72 is -> 
{ 153a4e8483abf11a00dc14918f2c0c066480c1d4 is a merge commit
---> Commit message - Merge pull request #238 from daleharvey/view-build-status

#144 - Add a UI to see the current build status
-----------------------------------------------------------------

Merge commit 73 is -> 
{ 4be0e517b9d2b967cc8c0d1a9b096dc20f45e74b is a merge commit
---> Commit message - Merge pull request #241 from daleharvey/http-auth

Dont sent http auth if no credentials
-----------------------------------------------------------------

Merge commit 74 is -> 
{ 10ff8e167ccb69ecc00b62a7e25e00cf1173a015 is a merge commit
---> Commit message - Merge pull request #244 from hassy/master

Flashcards performance test
-----------------------------------------------------------------

Merge commit 75 is -> 
{ c7719f3c860e0b64f6c5365169c346b3d586eca4 is a merge commit
---> Commit message - Merge pull request #243 from calvinmetcalf/http

checks if http db exists before creating a new one
-----------------------------------------------------------------

Merge commit 76 is -> 
{ 447beefcaf5b836bb3e7f1bb0e69a380e751320b is a merge commit
---> Commit message - Merge pull request #246 from daleharvey/docs-rework

First implementation of site that can be built
-----------------------------------------------------------------

Merge commit 77 is -> 
{ c3bb3728bde92022c9872c4595240aa3a72b9b4c is a merge commit
---> Commit message - Merge pull request #247 from chesles/245-rename-ldb-adapter

rename "ldb" to "leveldb"
-----------------------------------------------------------------

Merge commit 78 is -> 
{ 3ba8676a7c3c0996df95cade32cc7e440a5fdec9 is a merge commit
---> Commit message - Merge pull request #248 from chesles/master

wrap error callbacks in Pouch.replicate
-----------------------------------------------------------------

Merge commit 79 is -> 
{ b3921468b7ae4184d500ea1b81d67525c6c32bfd is a merge commit
---> Commit message - Merge pull request #249 from chesles/213-remove-metadata.deleted

remove references to metadata.deleted (use metadata.deletions[rev] instead
-----------------------------------------------------------------

Merge commit 80 is -> 
{ c59c8056c27ba760c52bbd50e26603d509a6aa6a is a merge commit
---> Commit message - Merge pull request #252 from axemclion/master

Added Grunt as the build system
-----------------------------------------------------------------

Merge commit 81 is -> 
{ fee56396a0c44bc5a602fa5919f8c88c22eb0229 is a merge commit
---> Commit message - Merge pull request #254 from axemclion/master

Changed the location of saucelabs module
-----------------------------------------------------------------

Merge commit 82 is -> 
{ f180c16309454f623e830e3e045aaa2749cdf2ac is a merge commit
---> Commit message - Merge pull request #256 from jchris/master

Support for query_params on replication definitions
-----------------------------------------------------------------

Merge commit 83 is -> 
{ e0273e821e0055229eaea48281c1c54fcdf77c9d is a merge commit
---> Commit message - Merge pull request #259 from daleharvey/revisions-order

Fix revisions order and add test for replication after compaction (#221)
-----------------------------------------------------------------

Merge commit 84 is -> 
{ a7d3cd695086da1dc3ce133315fe07f59c24a49a is a merge commit
---> Commit message - Merge pull request #258 from daleharvey/257-fix-local-tests

#257 Dont report tests results if not told where to report to
-----------------------------------------------------------------

Merge commit 85 is -> 
{ 98eeb1423f12d2ebc63dc8c3e51f90cc4c1a6e2e is a merge commit
---> Commit message - Merge remote branch 'upstream/master' into uuids
-----------------------------------------------------------------

Merge commit 86 is -> 
{ 9ccddde7492b022bea00c297778ef1413e2d3aa7 is a merge commit
---> Commit message - Merge pull request #266 from calvinmetcalf/uuids

Fetch uuids from remote http for use in POST requests
-----------------------------------------------------------------

Merge commit 87 is -> 
{ 3848e057f8535bd36a1592c65b2788dffdb31d41 is a merge commit
---> Commit message - Merge pull request #268 from daleharvey/260-Dont-run-attachment-tests-in-chrome-on-CI

#260 Added disable-file-cache flag for Chrome browser config
-----------------------------------------------------------------

Merge commit 88 is -> 
{ 76db13d3be8febd7dc94d56f24bd0b2d7c4e43f4 is a merge commit
---> Commit message - Merge pull request #267 from daleharvey/253-Chrome-results-are-not-reported

#253 Browser test results now read only using grunt, not in webrunner
-----------------------------------------------------------------

Merge commit 89 is -> 
{ 2286c9994dc156c80ab2f2dc687ec7052601f2cc is a merge commit
---> Commit message - Merge pull request #270 from daleharvey/remove-chrome-polyfill

Remove chrome polyfill for older browsers
-----------------------------------------------------------------

Merge commit 90 is -> 
{ 68b268c936a8252c614b596d7a895e861f6a8cd9 is a merge commit
---> Commit message - Merge pull request #272 from daleharvey/271-fix-uud

Fix uuid code to generate correct urls
-----------------------------------------------------------------

Merge commit 91 is -> 
{ 924b4cf1ca2ad97cbb67a5ada5bcdf69ed43fd91 is a merge commit
---> Commit message - Merge pull request #275 from daleharvey/strict-transactions

Be stricter about ensuring we only callback once a transaction is comple...
-----------------------------------------------------------------

Merge commit 92 is -> 
{ 73e99a659e0e3bd547d9b6dec329c766f8592c44 is a merge commit
---> Commit message - Merge pull request #276 from daleharvey/readd-polyfill

Readd polyfill until sauce upgrades, fix another misused transaction
-----------------------------------------------------------------

Merge commit 93 is -> 
{ 9563b4964b91e5809fd8e5cfd4116b8681396c32 is a merge commit
---> Commit message - Merge pull request #277 from daleharvey/changes-transactions

Move change notifications out of transaction
-----------------------------------------------------------------

Merge commit 94 is -> 
{ 79a3e0cbb029f354f289c84cbfa4bcff42e9923e is a merge commit
---> Commit message - Merge pull request #280 from daleharvey/test-races-retry

Fix race condition in issue221 tests
-----------------------------------------------------------------

Merge commit 95 is -> 
{ 978f75a232bd84fe71c85c5adb2cb8c00dffa0e4 is a merge commit
---> Commit message - Merge pull request #281 from daleharvey/227-Reduce-polling-interval-for-tests-completed

#227 Updated version of grunt-saucelabs, added testInterval
-----------------------------------------------------------------

Merge commit 96 is -> 
{ 363b86b74c84abdc2c4df93be128d1fc1f1d8aa6 is a merge commit
---> Commit message - Merge pull request #284 from daleharvey/revert-gruntsaucelabs-upgrade

Revert qunit upgrade till it passes tests
-----------------------------------------------------------------

Merge commit 97 is -> 
{ ebf93c6c70af8968bf0fec589e827191fffb874c is a merge commit
---> Commit message - Merge pull request #285 from davedoesdev/add-close

Add api.close
-----------------------------------------------------------------

Merge commit 98 is -> 
{ 3a10c02802444af40e8769e2585d32c7e50be81b is a merge commit
---> Commit message - Merge pull request #286 from daleharvey/grunt-refactor

Refactor grunt.js to fit in with existing code style
-----------------------------------------------------------------

Merge commit 99 is -> 
{ 3eb0c649b0daff395a2f064ed4d2833920b18eee is a merge commit
---> Commit message - Merge pull request #287 from chesles/269-reject-put-without-id

no puts without _ids allowed
-----------------------------------------------------------------

Merge commit 100 is -> 
{ 4fc25057c7302bc5abec147021ddc626024ef8c5 is a merge commit
---> Commit message - Merge pull request #290 from daleharvey/undefined-reference

Fix incorrect reference to missing doc variable
-----------------------------------------------------------------

Merge commit 101 is -> 
{ f7b779e657529eabfa012dd98b4f608bb52790ff is a merge commit
---> Commit message - Merge pull request #289 from daleharvey/fix-grunt-test-issues

Fixes for Grunt test issues
-----------------------------------------------------------------

Merge commit 102 is -> 
{ 6fcc0f1d101660ae3f9d853fbefe95fbd6aba2a0 is a merge commit
---> Commit message - Merge pull request #291 from daleharvey/262-remove-unused-build-files

#262-Remove-unused-build-files
-----------------------------------------------------------------

Merge commit 103 is -> 
{ a66bb73fb67c3147ddbe9972e4b1dc95b7da2711 is a merge commit
---> Commit message - Merge pull request #297 from daleharvey/fix-cors

Cors preflight should only return with 200 status
-----------------------------------------------------------------

Merge commit 104 is -> 
{ 6b9d911760b1a307fcb0c9dc51a849c1a8a712b6 is a merge commit
---> Commit message - Merge pull request #298 from daleharvey/fix-delete-test

Create database before deleting it
-----------------------------------------------------------------

Merge commit 105 is -> 
{ ccd6022f8f9d01882a4ef4c2215d2bda027042bc is a merge commit
---> Commit message - Merge pull request #299 from daleharvey/extract-viewquery

Extract viewQuery into new plugin system
-----------------------------------------------------------------

Merge commit 106 is -> 
{ 216f957520da35a638eb9759168b3f446a297f67 is a merge commit
---> Commit message - Merge pull request #306 from natevw/305-android-chrome-rw-flag

Support older integer constant for 'readwrite' transaction
-----------------------------------------------------------------

Merge commit 107 is -> 
{ bb488ccd453435862b36b57c628d3fdc9ebee687 is a merge commit
---> Commit message - Merge pull request #311 from daleharvey/websql-support

Add a native webSql adapter - #63
-----------------------------------------------------------------

Merge commit 108 is -> 
{ be49a756c8320795c0506560090d6a93e13602ce is a merge commit
---> Commit message - Merge pull request #307 from natevw/303-patient-replication

Disable client-level request timeout for _changes
-----------------------------------------------------------------

Merge commit 109 is -> 
{ e085ac14c1cd0c93adf9a89a157a4106256e2d4f is a merge commit
---> Commit message - Merge pull request #316 from jlaxson/315-support-view-filters

Support opts.{key, startkey, endkey} in view queries.  Issue #315
-----------------------------------------------------------------

Merge commit 110 is -> 
{ 1a9b9391692345d0e6dbbe340f0dfa7e23c29fcc is a merge commit
---> Commit message - Merge pull request #318 from jlaxson/catch-failed-replication

Catch errors retrieving revisions during replication
-----------------------------------------------------------------

Merge commit 111 is -> 
{ bf4691df74089c8a4077032334397ea33e46367c is a merge commit
---> Commit message - Merge pull request #319 from daleharvey/configurable-log

Make logging configurable - #265
-----------------------------------------------------------------

Merge commit 112 is -> 
{ 36b45cc7c50175a28bdb687103d20839a7b209b1 is a merge commit
---> Commit message - Merge pull request #304 from natevw/302-changes-backoff

exponential backoff for HTTP continuous _changes feed
-----------------------------------------------------------------

Merge commit 113 is -> 
{ b95e5fae73bb00628b3a6540da8967534ee8dfed is a merge commit
---> Commit message - Merge pull request #321 from daleharvey/update_seq

Make websql persist update_seq
-----------------------------------------------------------------

Merge commit 114 is -> 
{ 7cebf05b5e15e9a4a6e0340979b4d8a7b7df42e0 is a merge commit
---> Commit message - Merge branch 'fixed-revtree' of git://github.com/jlaxson/pouchdb into jlaxson-fixed-revtree
-----------------------------------------------------------------

Merge commit 115 is -> 
{ d5c4a19eb05d43479ac6c22f2fabaafffcfc6175 is a merge commit
---> Commit message - Merge pull request #327 from daleharvey/jlaxson-fixed-revtree

Jlaxson fixed revtree
-----------------------------------------------------------------

Merge commit 116 is -> 
{ 1683d484e7c195be48694de8d2cecd69fb0bdb99 is a merge commit
---> Commit message - Merge pull request #326 from calvinmetcalf/325-IE-8-Support-for-HTTP-adapter

#325 polyfills for ie8 support
-----------------------------------------------------------------

Merge commit 117 is -> 
{ 56283a39cd53903420fa568ff6b16d0c55fc90f2 is a merge commit
---> Commit message - Merge remote branch 'upstream/master' into 325-IE-8-Support-for-HTTP-adapter
-----------------------------------------------------------------

Merge commit 118 is -> 
{ 347709b0dead47071bc7ed6e8c91799908075ec4 is a merge commit
---> Commit message - Merge pull request #328 from calvinmetcalf/325-IE-8-Support-for-HTTP-adapter

Forgot the attribution
-----------------------------------------------------------------

Merge commit 119 is -> 
{ a76555527b0aa55916125ae2287dd4132b08c3a6 is a merge commit
---> Commit message - merging
-----------------------------------------------------------------

Merge commit 120 is -> 
{ 4c6ea7250c164ffe6e3c82ea7e1cdcf1233da7e9 is a merge commit
---> Commit message - Merge pull request #330 from daleharvey/cleanup-test-dbs

Clean up test databases once tests are complete
-----------------------------------------------------------------

Merge commit 121 is -> 
{ c74cddbb05bf9c776e57a558c0316b57edeb16bf is a merge commit
---> Commit message - Merge pull request #340 from daleharvey/fix-safari

Various minor fixes to websql adapter
-----------------------------------------------------------------

Merge commit 122 is -> 
{ a8e698bdc99b09421b353c3441905d70509e4a8f is a merge commit
---> Commit message - Merge pull request #335 from jlaxson/iterative-tree-algorithms

Iterative tree algorithms
-----------------------------------------------------------------

Merge commit 123 is -> 
{ 41421cbcf68b301a38ed934ba2c44f6ab29b4348 is a merge commit
---> Commit message - Merge pull request #336 from jlaxson/out-of-order-changes

Out of order changes
-----------------------------------------------------------------

Merge commit 124 is -> 
{ f2eee7cbeadb3426086257323fe0c6a2c63d34fd is a merge commit
---> Commit message - Merge pull request #347 from ssured/patch-1

Read config from supplied opts, if specified
-----------------------------------------------------------------

Merge commit 125 is -> 
{ 43c8a91f1d62e56406ed785c7be14825f0502131 is a merge commit
---> Commit message - Merge pull request #348 from ssured/patch-2

Allow to specify auth data in options
-----------------------------------------------------------------

Merge commit 126 is -> 
{ cc3a96a2cee35573da1191dd3361ddd544854261 is a merge commit
---> Commit message - Merge pull request #349 from ssured/patch-3

Implement find many in allDocs
-----------------------------------------------------------------

Merge commit 127 is -> 
{ 4041b526662f0f5e334e685d3f02a59fd4c04051 is a merge commit
---> Commit message - Merge pull request #353 from ymichael/fixed-pouch.merge-tests

fixed pouch.merge tests
-----------------------------------------------------------------

Merge commit 128 is -> 
{ 00e7aed552aab07e87ed738de6f70c107b2f88a1 is a merge commit
---> Commit message - Merge pull request #355 from benrudolph/issue103

Issue103
-----------------------------------------------------------------

Merge commit 129 is -> 
{ abbeebd8577ee101e58e24277faa1f1c9ca380e2 is a merge commit
---> Commit message - Merge branch 'master' into 337-extend-method
-----------------------------------------------------------------

Merge commit 130 is -> 
{ 7286b25c6315ed5afedf6557df94147d41bef78b is a merge commit
---> Commit message - Merge branch 'master' of github.com:daleharvey/pouchdb into 111-_conflicts-omitted
-----------------------------------------------------------------

Merge commit 131 is -> 
{ 3b78518660d6460a777bac7ce811f8effcfb1bd7 is a merge commit
---> Commit message - Merge https://github.com/daleharvey/pouchdb
-----------------------------------------------------------------

Merge commit 132 is -> 
{ 8460d3ee5409674eec9109fb52f6106a2af018b4 is a merge commit
---> Commit message - Merge pull request #354 from ymichael/337-extend-method

#337 added jQuery extend method to Pouch.utils
-----------------------------------------------------------------

Merge commit 133 is -> 
{ 5bfcc1a807e1b325b88a2f55b2d060d1cf1be2c3 is a merge commit
---> Commit message - Merge branch 'master' of github.com:daleharvey/pouchdb into 111-_conflicts-omitted
-----------------------------------------------------------------

Merge commit 134 is -> 
{ 10c4570a01dcd09c0002ce202c8405f307ccaddd is a merge commit
---> Commit message - Merge branch 'master' of github.com:daleharvey/pouchdb
-----------------------------------------------------------------

Merge commit 135 is -> 
{ b838290b32941e73cdbb36c961a14e966b053bef is a merge commit
---> Commit message - Merge pull request #356 from adampolak/232-changes-api-confusion

232 changes api confusion
-----------------------------------------------------------------

Merge commit 136 is -> 
{ d2717da727db74b5a309a105360c67844c4f9025 is a merge commit
---> Commit message - Merge pull request #357 from chunmun/master

#308  Add filter into replication identifier with 2 tests
-----------------------------------------------------------------

Merge commit 137 is -> 
{ 4e5019d2096fc28880ea38166892b67224959979 is a merge commit
---> Commit message - Merge pull request #352 from zichun/111-_conflicts-omitted

#111 api.query for idb omits _conflicts
-----------------------------------------------------------------

Merge commit 138 is -> 
{ 2549c6812d106d805150524c6339b2e455f9bd4f is a merge commit
---> Commit message - Merge pull request #362 from daleharvey/fix-tests

Follow up: Add conflicts true parameter to tests
-----------------------------------------------------------------

Merge commit 139 is -> 
{ 93589dbd29dd3966c6b52eae80bbf5f03c2e2c51 is a merge commit
---> Commit message - Merge pull request #361 from howonlee/nginx-reverse-proxy-error

did issue 346, added content-length to request headers
-----------------------------------------------------------------

Merge commit 140 is -> 
{ 6fb123bbabe9986b4f94e122beb9d58178c069c2 is a merge commit
---> Commit message - Merge pull request #363 from dscape/travis

Make .travis.yml use node 0.8
-----------------------------------------------------------------

Merge commit 141 is -> 
{ 3401138a1b9993403af52b6d1551bd2ccc296f4a is a merge commit
---> Commit message - Merge pull request #364 from briantoth/106-map-reduce-join

#106 - Map reduce join implemented. Test uncommented
-----------------------------------------------------------------

Merge commit 142 is -> 
{ 559505b845e9ecb0e8dddfdf5dd38e0469ff6c12 is a merge commit
---> Commit message - Merge pull request #365 from benrudolph/apicompact

Added api.compact to HttpPouch
-----------------------------------------------------------------

Merge commit 143 is -> 
{ cc9adea65c44e740774c2022e51d48d83bf17eaa is a merge commit
---> Commit message - Merge pull request #360 from benrudolph/replacelocalstorage

Replace Local Storage for api.id
-----------------------------------------------------------------

Merge commit 144 is -> 
{ 0ed753b5716bf173488031b1a0fe9c33e0ef2a6d is a merge commit
---> Commit message - Merge pull request #367 from neojski/186-2-todo-list

Added todo-list tutorial
-----------------------------------------------------------------

Merge commit 145 is -> 
{ a9a9cb61d4f3ed24de7605f97d38a49ca4fb37a6 is a merge commit
---> Commit message - Merge pull request #343 from trokster/338-opts-complete--continuous

#338 fix-changes continuous opts.complete for websql and indexeddb
-----------------------------------------------------------------

Merge commit 146 is -> 
{ 7f677bb0cd580c5e3d23048191526725f9ae801d is a merge commit
---> Commit message - Merge pull request #329 from calvinmetcalf/89-remove-jquery

replace jquery with zepto
-----------------------------------------------------------------

Merge commit 147 is -> 
{ aab3df493a47656c68a7dcb95d3f9e25a138795f is a merge commit
---> Commit message - Merge pull request #369 from daleharvey/changes-test2

Add a simple test for changes since
-----------------------------------------------------------------

Merge commit 148 is -> 
{ cd88e1224ec9ebcf00d343b6dcf43cf468d9cddf is a merge commit
---> Commit message - Merge pull request #373 from daleharvey/372-plain-xhr

replacing zepto with plain xhr
-----------------------------------------------------------------

Merge commit 149 is -> 
{ 81894f732c79c9b54b63c18ad14b02ee3e57b378 is a merge commit
---> Commit message - Merge pull request #379 from nick-thompson/379-transaction-mode

IDB Transaction Mode Chrome Canary
-----------------------------------------------------------------

Merge commit 150 is -> 
{ 534394c86179043d11e3825cc6267ddbb05681f9 is a merge commit
---> Commit message - Merge pull request #382 from jo/view-tests

Test view result row has id, key and value
-----------------------------------------------------------------

Merge commit 151 is -> 
{ db88e5d9f8aa57d60071c127c79bbe861715be93 is a merge commit
---> Commit message - Merge pull request #386 from daleharvey/use-cors-package

Swtch to npms corsproxy package instead of packaging our own
-----------------------------------------------------------------

Merge commit 152 is -> 
{ cb8fc15c952b5cef6d54a26408a665447d02c64d is a merge commit
---> Commit message - Merge pull request #387 from daleharvey/rename-dist-files

Rename and change output of build artifacts
-----------------------------------------------------------------

Merge commit 153 is -> 
{ 5425138a45800aaa77cdd68a9df3fdbc72d33561 is a merge commit
---> Commit message - Merge pull request #388 from daleharvey/update-site

Update with links to new downloads
-----------------------------------------------------------------

Merge commit 154 is -> 
{ 0fda5975a0a5d4b3cc9b008fc56a177a62254589 is a merge commit
---> Commit message - Merge branch 'spatial' of git://github.com/vmx/pouchdb into vmx-spatial

Conflicts:
	tests/webrunner.js
-----------------------------------------------------------------

Merge commit 155 is -> 
{ 308ea21e1c61681a87f5144bdffb213625e86635 is a merge commit
---> Commit message - Merge pull request #401 from daleharvey/vmx-spatial

Vmx spatial
-----------------------------------------------------------------

Merge commit 156 is -> 
{ bfea2c40e89a7ead3a39ec43b43766feaeba2dda is a merge commit
---> Commit message - Updated coding style
-----------------------------------------------------------------

Merge commit 157 is -> 
{ 6f3334bc8768baa14ab0b6fdfb75ef0c6d0e319d is a merge commit
---> Commit message - Merge branch 'patch-4' of github.com:ssured/pouchdb into patch-4
-----------------------------------------------------------------

Merge commit 158 is -> 
{ c80192f8b2ebe921830d1a83ea0dfb7bfec0ed47 is a merge commit
---> Commit message - Merge pull request #371 from ssured/patch-4

Implement POST for finding multiple records
-----------------------------------------------------------------

Merge commit 159 is -> 
{ 7fa327676716746ca3a54ca28ab9ae3e6b0b9995 is a merge commit
---> Commit message - Merge pull request #398 from ssured/patch-5

Allow multiple keys for query to http
-----------------------------------------------------------------

Merge commit 160 is -> 
{ 4ebdb55acd4d94730652f5e70f09c06059fa02d9 is a merge commit
---> Commit message - Merge pull request #390 from daleharvey/374-redux

374 redux
-----------------------------------------------------------------

Merge commit 161 is -> 
{ 297df97a8535127ac2b325bec248fa1d5cb17f67 is a merge commit
---> Commit message - Merge pull request #411 from neojski/documentation-changes-fix

Fix changes documentation
-----------------------------------------------------------------

Merge commit 162 is -> 
{ 4bd4478fd9a20e5051ee5204a4b9f338fe0b7629 is a merge commit
---> Commit message - Merge branch 'master' of https://github.com/daleharvey/pouchdb into remove-with-no-options
-----------------------------------------------------------------

Merge commit 163 is -> 
{ a2cb865a3122737c3595a9080f3f5579d0fa9e99 is a merge commit
---> Commit message - Merge pull request #413 from daleharvey/407-node-qunit-path-undefined

#407 Corrected path requirement for grunt-node-qunit
-----------------------------------------------------------------

Merge commit 164 is -> 
{ cd62feced5baf1f771bcea4899c171e855e2fee0 is a merge commit
---> Commit message - Merge branch 'master' of https://github.com/daleharvey/pouchdb into remove-with-no-options
-----------------------------------------------------------------

Merge commit 165 is -> 
{ 1b1d0e1ae083c49df4b6eda77e6575d8e5a5ee5f is a merge commit
---> Commit message - Merge pull request #408 from nick-thompson/401-revsdiff-docs

api.revsDiff undocumented
-----------------------------------------------------------------

Merge commit 166 is -> 
{ ef2bae45856e33205ee5f0092595da087e8dccae is a merge commit
---> Commit message - Merge pull request #414 from daleharvey/fix-node-tests

Fix node tests
-----------------------------------------------------------------

Merge commit 167 is -> 
{ 5523ffb948a6c299286a2ac1da30c3f6bd5eb5ee is a merge commit
---> Commit message - Merge pull request #391 from adampolak/87-notifications-across-tabs

#87 - Changes to other tabs are delivered through Local Storage Events
-----------------------------------------------------------------

Merge commit 168 is -> 
{ a0f9e8eb0e8244ca4588f74522c52da712dfd8c9 is a merge commit
---> Commit message - Merge pull request #415 from daleharvey/remove-node-cruft

Bug 392 - Remove node specific adapters in tests
-----------------------------------------------------------------

Merge commit 169 is -> 
{ d29f34085feb697ae984b3717ed573aaaabd8c6a is a merge commit
---> Commit message - #416 Added Linting to grunt
-----------------------------------------------------------------

Merge commit 170 is -> 
{ e338c0b467599f241342f469d18a63fa074cbb4b is a merge commit
---> Commit message - Merge branch 'master' of https://github.com/daleharvey/pouchdb into remove-with-no-options
-----------------------------------------------------------------

Merge commit 171 is -> 
{ 1c9eb88c25f14fecf289de28f8266c67bf463fe1 is a merge commit
---> Commit message - Merge pull request #417 from daleharvey/416-linting-to-tests

#416 Added Linting to grunt
-----------------------------------------------------------------

Merge commit 172 is -> 
{ 6f902b8827c5ab6a82bd6097d27ee96a5cb64059 is a merge commit
---> Commit message - Merge pull request #418 from calvinmetcalf/doc_touchup

remove reference to change callback
-----------------------------------------------------------------

Merge commit 173 is -> 
{ f6fc46db5c8d287c00a96fe9f7efd3f8a5208851 is a merge commit
---> Commit message - Merge pull request #419 from daleharvey/minor-cleanup

Removed unused yui compressor
-----------------------------------------------------------------

Merge commit 174 is -> 
{ dd88ee5b0f18f94802806c7bf23c9b45b808f476 is a merge commit
---> Commit message - Merge branch 'master' of https://github.com/daleharvey/pouchdb into remove-with-no-options
-----------------------------------------------------------------

Merge commit 175 is -> 
{ d9dd3b0999b660a6760e344c914100d480810528 is a merge commit
---> Commit message - Merge pull request #423 from neojski/changes-doc-continous

Improvements of changes api
-----------------------------------------------------------------

Merge commit 176 is -> 
{ 57176a873638b4054438444744fa5d65df81a10b is a merge commit
---> Commit message - Merge pull request #421 from daleharvey/jam-fix

fixing the jam section, and removing the unused jquery from the AMD section
-----------------------------------------------------------------

Merge commit 177 is -> 
{ bc0cefb4b3e662265cfab1d9f7110a7f44df15d3 is a merge commit
---> Commit message - Merge pull request #412 from neojski/remove-with-no-options

Remove with no options
-----------------------------------------------------------------

Merge commit 178 is -> 
{ 18b283823872fcafb735caf4dc8098b3180b20c4 is a merge commit
---> Commit message - Merge pull request #424 from daleharvey/disable-tests

Remove spatial and auth_replication tests for all automated builds
-----------------------------------------------------------------

Merge commit 179 is -> 
{ da8d07445550e07329094490425fe8de5541d7ff is a merge commit
---> Commit message - Merge pull request #403 from nick-thompson/403-leveldb-adapter-changes-bug

LevelDB adapter api.changes bug
-----------------------------------------------------------------

Merge commit 180 is -> 
{ 0acd975cd402b68e942a2aa45bf3bb100c975d68 is a merge commit
---> Commit message - Merge branch 'master' of github.com:daleharvey/pouchdb into skip_setup
-----------------------------------------------------------------

Merge commit 181 is -> 
{ 3df7a60c9021a6d90dc4ef4eba16119acdd09352 is a merge commit
---> Commit message - Merge remote branch 'upstream/master' into build-edge
-----------------------------------------------------------------

Merge commit 182 is -> 
{ 76b803f1d0641aca351329de5d611bcfe9865a1c is a merge commit
---> Commit message - Merge pull request #420 from calvinmetcalf/build-edge

grunt to optionally add spatial
-----------------------------------------------------------------

Merge commit 183 is -> 
{ 28e02c898dd0222edcd1763e6ef1f88c971ebd8b is a merge commit
---> Commit message - Merge pull request #426 from neojski/fix-testing-for-_local

Fix _local checks - introduce isLocalId into utils
-----------------------------------------------------------------

Merge commit 184 is -> 
{ 9bed45c2785eecfe4b3c68fd9c9e2ba881a7d9eb is a merge commit
---> Commit message - Merge branch 'master' of https://github.com/daleharvey/pouchdb into 410-allDocs-keys-option
-----------------------------------------------------------------

Merge commit 185 is -> 
{ 9bed2e10a02200ef02682453d0ba50b00b7ed9f8 is a merge commit
---> Commit message - Merge pull request #425 from benrudolph/skip_setup

Test for skip setup flag
-----------------------------------------------------------------

Merge commit 186 is -> 
{ cb4ead7c11ace6bba59f79d3c8fa51b6ff7f6a17 is a merge commit
---> Commit message - Merge pull request #428 from daleharvey/version-0.0.9

bump package.json to 0.0.9
-----------------------------------------------------------------

Merge commit 187 is -> 
{ 312c0590de597ffe032e1b4fe877fcde44ce112a is a merge commit
---> Commit message - Merge branch '410-allDocs-keys-option' of github.com:neojski/pouchdb into 410-allDocs-keys-option
-----------------------------------------------------------------

Merge commit 188 is -> 
{ 0b0d3559eb24daa01b926730e66dd62f20e87620 is a merge commit
---> Commit message - Merge branch 'master' of https://github.com/daleharvey/pouchdb into 410-allDocs-keys-option
-----------------------------------------------------------------

Merge commit 189 is -> 
{ d1d5b541044479a448e96098c90332ea12726a44 is a merge commit
---> Commit message - Merge pull request #429 from neojski/410-allDocs-keys-option

410 all docs keys option
-----------------------------------------------------------------

Merge commit 190 is -> 
{ 4d904daee66b6ee493fe9b27520fbf56bbef518f is a merge commit
---> Commit message - Merge pull request #431 from daleharvey/reset-package-version

Reset version field in package.json
-----------------------------------------------------------------

Merge commit 191 is -> 
{ 4828ae88cfc7b169125e6702e3dc1c8189dbd80e is a merge commit
---> Commit message - Merge pull request #433 from nick-thompson/433-bulkdocs-documentation

Improve documentation on api.bulkDocs
-----------------------------------------------------------------

Merge commit 192 is -> 
{ 770c8f0946169998716eb49c028d5219f5cdad02 is a merge commit
---> Commit message - Merge branch 'master' of github.com:daleharvey/pouchdb into replication-abstraction
-----------------------------------------------------------------

Merge commit 193 is -> 
{ 6d2c4fe922bb7fcc5b9d0dbbe146cd60cc92ab94 is a merge commit
---> Commit message - Merge pull request #449 from benrudolph/replication-abstraction

Replication abstraction
-----------------------------------------------------------------

Merge commit 194 is -> 
{ d00f71cca531c32298b653479a3e44d1780ea837 is a merge commit
---> Commit message - Merge pull request #453 from daleharvey/fix-grunt

Lock grunt version
-----------------------------------------------------------------

Merge commit 195 is -> 
{ 79f0b513d86745b45b431bea94f7ef502677d67e is a merge commit
---> Commit message - Merge pull request #450 from neojski/visualize-rev-tree

Visualize rev tree
-----------------------------------------------------------------

Merge commit 196 is -> 
{ 0c10c4151738c87d85dc687c7f1335d6e8196732 is a merge commit
---> Commit message - Merge pull request #455 from benrudolph/api-abstraction

Api abstraction
-----------------------------------------------------------------

Merge commit 197 is -> 
{ 2b2d96d56756a0e3873e735fa766b3a2e3585416 is a merge commit
---> Commit message - Merge pull request #458 from daleharvey/jshint-stuff

Jshint stuff
-----------------------------------------------------------------

Merge commit 198 is -> 
{ 3fe05a31dd7053e4de21154b37972957794868d9 is a merge commit
---> Commit message - Merge pull request #459 from daleharvey/fix-lint-errors

Fix lint errors
-----------------------------------------------------------------

Merge commit 199 is -> 
{ 5f6fc7a978d477fd00c84dd1155d1c27b4c0d9e9 is a merge commit
---> Commit message - Merge pull request #461 from benrudolph/websql-return-api

Return api object in websql adapter
-----------------------------------------------------------------

Merge commit 200 is -> 
{ 5630008e356b80588b57e69b3e60e9dad1da70f7 is a merge commit
---> Commit message - Merge pull request #462 from daleharvey/last-grunt-error

Last grunt error
-----------------------------------------------------------------

Merge commit 201 is -> 
{ e4be4d0adcd32255f3d16a409cf9e2b2f3283090 is a merge commit
---> Commit message - Merge branch '312-persist-deletions-fix' of git://github.com/chunmun/pouchdb into chunmun-312-persist-deletions-fix
-----------------------------------------------------------------

Merge commit 202 is -> 
{ 6e9bff39db1a9e0b7ca516ee0540d7e9968f765d is a merge commit
---> Commit message - Merge pull request #464 from daleharvey/chunmun-312-persist-deletions-fix

Chunmun 312 persist deletions fix
-----------------------------------------------------------------

Merge commit 203 is -> 
{ b4065e6a205bb8cb573c9a9bcdfebc38f51dd92c is a merge commit
---> Commit message - Merge branch 'master' into 19-all_dbs-method

Conflicts:
	src/adapters/pouch.idb.js
	src/pouch.js
-----------------------------------------------------------------

Merge commit 204 is -> 
{ 6993025b8150acef0854b1b14287c71abef018df is a merge commit
---> Commit message - Merge branch 'master' of https://github.com/daleharvey/pouchdb into 468-allDocs-uses-seq
-----------------------------------------------------------------

Merge commit 205 is -> 
{ c16988e47d3234ac764a0b50f2b1f5d2f45edc12 is a merge commit
---> Commit message - Merge pull request #473 from daleharvey/471-bulkDocs-errors

471 bulk docs errors
-----------------------------------------------------------------

Merge commit 206 is -> 
{ 6af6672b5b1183b73a72bed5e414447111cd3fe1 is a merge commit
---> Commit message - Merge branch 'master' of https://github.com/daleharvey/pouchdb into visualize-rev-tree
-----------------------------------------------------------------

Merge commit 207 is -> 
{ fbd8bd728fa2085a0badcff97b478a6bf68a44ac is a merge commit
---> Commit message - Merge pull request #475 from vmx/402-wonky-bbox

(#402) - Fix wonky bounding box calculations
-----------------------------------------------------------------

Merge commit 208 is -> 
{ cad5551d36268db7f5379b9df281c58c61be8f5e is a merge commit
---> Commit message - Merge pull request #481 from benrudolph/api-abstraction2

Api abstraction2
-----------------------------------------------------------------

Merge commit 209 is -> 
{ 7f39b27223a06bb35497c65b76b1452f199e2b93 is a merge commit
---> Commit message - Merge pull request #482 from daleharvey/454-grunt-upgrade

Upgrade to grunt 0.4
-----------------------------------------------------------------

Merge commit 210 is -> 
{ 4274cd59a7459b4405cc18a90440372f3b79863f is a merge commit
---> Commit message - Merge pull request #486 from daleharvey/484-grunt-upgrade-fix

Fix #484  upgrade Grunt 0.4 - correcting browser tests to run
-----------------------------------------------------------------

Merge commit 211 is -> 
{ f73dc5e66fcbff0582f915a041c9458f23307f91 is a merge commit
---> Commit message - Merge pull request #489 from adampolak/488-implicit-reduce-false

(#488) - Implicit reduce:false when no reduce specified
-----------------------------------------------------------------

Merge commit 212 is -> 
{ ca51b5a22d247a635b2fd874b035748af4c378b5 is a merge commit
---> Commit message - Merge branch 'master' of https://github.com/daleharvey/pouchdb into 468-allDocs-uses-seq
-----------------------------------------------------------------

Merge commit 213 is -> 
{ a75269b66fbaea75d58c8c161f0f67573d0ff9cf is a merge commit
---> Commit message - Merge pull request #479 from neojski/visualize-rev-tree

Visualize rev tree
-----------------------------------------------------------------

Merge commit 214 is -> 
{ add87dc39647631a6a19fedd2be4b36fff070ece is a merge commit
---> Commit message - Merge pull request #496 from calvinmetcalf/494-fix-spatial-globals

494 fix spatial globals
-----------------------------------------------------------------

Merge commit 215 is -> 
{ 05835666322a98c15ebb95a331484273ede0a9ad is a merge commit
---> Commit message - Merge pull request #501 from neojski/grunt-upgrade-server-missing

server got renamed to connect
-----------------------------------------------------------------

Merge commit 216 is -> 
{ 10812a513200d65e82c8e43ff5c8075c78ee62f3 is a merge commit
---> Commit message - Merge branch '468-allDocs-uses-seq' of git://github.com/neojski/pouchdb into neojski-468-allDocs-uses-seq

Conflicts:
	src/pouch.utils.js
-----------------------------------------------------------------

Merge commit 217 is -> 
{ 3d2283be4d74213a4cc3c0ff5bd578a649992462 is a merge commit
---> Commit message - Merge pull request #503 from daleharvey/neojski-468-allDocs-uses-seq

Neojski 468 all docs uses seq
-----------------------------------------------------------------

Merge commit 218 is -> 
{ e051a9abf2334f4c3b67faa4655001fddf30fcce is a merge commit
---> Commit message - Merge pull request #502 from daleharvey/100-use-blobs-for-attachments

100 use blobs for attachments
-----------------------------------------------------------------

Merge commit 219 is -> 
{ 9fbb425862eb5f7f2bc5bfcb54952fa5080be69f is a merge commit
---> Commit message - Merge pull request #505 from natevw/bad-extend

fix module check so it behaves as intended
-----------------------------------------------------------------

Merge commit 220 is -> 
{ 0bc708e7669aefaa2d058ab30faf8b484fbed49e is a merge commit
---> Commit message - Merge pull request #507 from daleharvey/506-putAttachment-not-respect-rev-parameter

(#506) - putAttachment don't respect rev parameter
-----------------------------------------------------------------

Merge commit 221 is -> 
{ 032fefe5d2e73ea98059efe5a6ddc15dfd052efd is a merge commit
---> Commit message - Merge branch 'master' of https://github.com/daleharvey/pouchdb into visualize-rev-tree
-----------------------------------------------------------------

Merge commit 222 is -> 
{ 6dda09865d72f86caf8d13c1781bdb0532bf4f41 is a merge commit
---> Commit message - Merge pull request #516 from daleharvey/469-attachment-api-docs

(#469) - api docs: removeAttachment, getAttachment
-----------------------------------------------------------------

Merge commit 223 is -> 
{ 9c93c2643ad9eee3c312c156d34954ab024cc441 is a merge commit
---> Commit message - Merge pull request #515 from daleharvey/510-putAttachment-create-doc

putAttachment should create doc if it does not exist
-----------------------------------------------------------------

Merge commit 224 is -> 
{ 083604dc06ffd0c3bf106b73dcd51a93ba19a0b1 is a merge commit
---> Commit message - Merge pull request #517 from adampolak/490-491-no-auto-fallback-to-http

490 491 no auto fallback to http
-----------------------------------------------------------------

Merge commit 225 is -> 
{ 086d8b5f4d2d67e93c1bfec87cd4130e439d5df8 is a merge commit
---> Commit message - Merge pull request #518 from neojski/visualize-rev-tree

Visualize rev tree
-----------------------------------------------------------------

Merge commit 226 is -> 
{ 0cf3e14cc0b90b93d0c711f3f4cfe223b23709c9 is a merge commit
---> Commit message - Merge pull request #526 from neojski/visualize-rev-tree

Fix positioning problem
-----------------------------------------------------------------

Merge commit 227 is -> 
{ 3567a4187150ecae70f05657df14eaca3bd841c0 is a merge commit
---> Commit message - Merge pull request #519 from natevw/adapter_tweaks

Adapter tweaks
-----------------------------------------------------------------

Merge commit 228 is -> 
{ cbbc5d6558685cb2104a4ba210c2bfdbb6c1276c is a merge commit
---> Commit message - Resolved merge conflict
-----------------------------------------------------------------

Merge commit 229 is -> 
{ 2904b8745c7ccf3b54069a8eeff80388b3f9fccc is a merge commit
---> Commit message - Merge pull request #521 from jlaxson/improve-error-handling

Improve error handling
-----------------------------------------------------------------

Merge commit 230 is -> 
{ e0a0b37a8224f49cd9c1c8598ed8d8ab90d21426 is a merge commit
---> Commit message - Merge pull request #528 from benrudolph/task-queue

Task queuing
-----------------------------------------------------------------

Merge commit 231 is -> 
{ 3007a9aaf9aa65fb19e6b9b512160069a2580621 is a merge commit
---> Commit message - Merge branch 'master' into 19-all_dbs-method

Conflicts:
	src/pouch.js
-----------------------------------------------------------------

Merge commit 232 is -> 
{ 0684ae88feb1e762b436f339bee15a03189bff48 is a merge commit
---> Commit message - Merge pull request #520 from adampolak/477-fix-race-condition

(#477) - Fix race condition in db.changes
-----------------------------------------------------------------

Merge commit 233 is -> 
{ 0282927e78636fe7bbddfd018406c506eb5ce112 is a merge commit
---> Commit message - Merge pull request #534 from daleharvey/533-lock-levelup

(#533) - Lock levelup version
-----------------------------------------------------------------

Merge commit 234 is -> 
{ e8f79ba6ee2b154efc82d6031e5781cf918954fc is a merge commit
---> Commit message - Merge pull request #532 from daleharvey/531-fix-websql

(#531) - Correct idb typo in WebSQL adapter
-----------------------------------------------------------------

Merge commit 235 is -> 
{ bf32ee7ee7d7fab9af63e4e427d62eb94edc88c0 is a merge commit
---> Commit message - Revert changes to pouch.js by task queue
Merge branch 'master' into 19-all_dbs-method

Conflicts:
	src/pouch.js
-----------------------------------------------------------------

Merge commit 236 is -> 
{ 2c4f7923014227ae23b6968d45de34b9c8af7d1b is a merge commit
---> Commit message - Merge pull request #536 from nick-thompson/536-fix-extend-bug

`extend` missing in Pouch.utils.js
-----------------------------------------------------------------

Merge commit 237 is -> 
{ d8a55bc255a47c616845b90670a015f1df4cd0bd is a merge commit
---> Commit message - Merge branch 'master' into 19-all_dbs-method
-----------------------------------------------------------------

Merge commit 238 is -> 
{ b5acbb97e51610865ba7214a1d1dc5a11dce3c1a is a merge commit
---> Commit message - Merge pull request #499 from nick-thompson/499-adapt-test-suite

Adapt the test suite to suit pouchdb-server
-----------------------------------------------------------------

Merge commit 239 is -> 
{ d8ad4763ef5ccd6be43fa270f1627d99b9f95b5b is a merge commit
---> Commit message - Merge pull request #539 from vmx/add-grunt-cli

(#514) - Add grunt-cli to build instructions
-----------------------------------------------------------------

Merge commit 240 is -> 
{ 43ef60d6bded41ca549af54b53f375a10c543c67 is a merge commit
---> Commit message - Merge pull request #543 from nick-thompson/543-leveldb-getattachment-encode

LevelDB adapter _getAttachment ignores opts.encode when returning an empty attachment buffer
-----------------------------------------------------------------

Merge commit 241 is -> 
{ bcf600949d7d80054ed1c6fd4a29e39eed674f9c is a merge commit
---> Commit message - fixed webrunner conflicts
-----------------------------------------------------------------

Merge commit 242 is -> 
{ a6fca8506185df3e21a6a2154a18a2dce79cd575 is a merge commit
---> Commit message - Merge pull request #540 from daleharvey/513-closure

(#513) correctly add closure (again).
-----------------------------------------------------------------

Merge commit 243 is -> 
{ 870e548435d9ed5e7e59dd04adcb3fe0ac3ce015 is a merge commit
---> Commit message - Merge branch 'master' of https://github.com/daleharvey/pouchdb
-----------------------------------------------------------------

Merge commit 244 is -> 
{ f946de651418137f1dd12d8bea95a82462fed6a6 is a merge commit
---> Commit message - Merge branch 'master' into 19-all_dbs-method
-----------------------------------------------------------------

Merge commit 245 is -> 
{ 9737d77554d87db2648214b15e8d5b9f1f2fdb13 is a merge commit
---> Commit message - Merge pull request #544 from neojski/535-bulk_docs-conflicts

(#535) - bulk docs conflicts
-----------------------------------------------------------------

Merge commit 246 is -> 
{ e252cde8b8d8d423dadb827cac7c95bf822e98ec is a merge commit
---> Commit message - Merge pull request #530 from daleharvey/217-bulk-doc-replication

(#217) - Queue db requests during replications and using bulk docs
-----------------------------------------------------------------

Merge commit 247 is -> 
{ 261995372add4fd2712983788a3c0152d0adc194 is a merge commit
---> Commit message - Merge pull request #549 from ymichael/gruntfile_changes

Gruntfile changes
-----------------------------------------------------------------

Merge commit 248 is -> 
{ 1913da95e2a3f28b6b941303c9007bf1ef59752d is a merge commit
---> Commit message - Merge pull request #466 from daleharvey/19-all_dbs-method

WIP - 19 all dbs method
-----------------------------------------------------------------

Merge commit 249 is -> 
{ 3a64926faa9c02ea77bceb968795abc46db40c6f is a merge commit
---> Commit message - Merge pull request #550 from crodjer/jshint-fixes

JSHint configuration fixes
-----------------------------------------------------------------

Merge commit 250 is -> 
{ 77e131d3d2dc24049ec7a3ff48d4842b7d5040ab is a merge commit
---> Commit message - took out some unnecessary comments, put mapreduce default back
-----------------------------------------------------------------

Merge commit 251 is -> 
{ 93b2d60b08828fa758d9da865b86b7e7fc013bfc is a merge commit
---> Commit message - Merge pull request #547 from daleharvey/gql_pullready

Gql pullready
-----------------------------------------------------------------

Merge commit 252 is -> 
{ 482a55e16d292fb706049f12e9dbad86884f9a0e is a merge commit
---> Commit message - Merge pull request #551 from daleharvey/unlock-leveldb

(#533) - Revert version lock on levelup
-----------------------------------------------------------------

Merge commit 253 is -> 
{ 692c32fc6adedc2a22cf3501fe7d956f65ee412a is a merge commit
---> Commit message - Merge pull request #554 from neojski/single-test-files-docs

(#549) - documentation
-----------------------------------------------------------------

Merge commit 254 is -> 
{ 8fe3349abded947d3365012677787510b85e41a7 is a merge commit
---> Commit message - Merge pull request #556 from howonlee/master

(#548) - allow simple map function to .query
-----------------------------------------------------------------

Merge commit 255 is -> 
{ 7493920cdfe9cfe8ea5b4482ff5fa6dc65f8c647 is a merge commit
---> Commit message - Merge pull request #560 from natevw/issue-559

Fix multiple continuous change watchers
-----------------------------------------------------------------

Merge commit 256 is -> 
{ 219f2bdd54ba95f7f5d5e34824dd72d4a2bc180a is a merge commit
---> Commit message - Merge pull request #561 from benrudolph/taskqueue-revised

Taskqueue revised
-----------------------------------------------------------------

Merge commit 257 is -> 
{ 1255a74fb99414edb942944639dc0b9741801552 is a merge commit
---> Commit message - Merge pull request #566 from daleharvey/564-allDbs-api

Updated allDbs api
-----------------------------------------------------------------

Merge commit 258 is -> 
{ 6f973d5ee45235aebe389697f8c981f184bc0b77 is a merge commit
---> Commit message - Merge pull request #568 from adampolak/559-multiple-watchers-websql

Fix #559 in WebSQL adapter
-----------------------------------------------------------------

Merge commit 259 is -> 
{ e2d60c3ea9a4ae0bf20677009aace7f53854fd8f is a merge commit
---> Commit message - Merge pull request #571 from daleharvey/remove-filesystem-check

(#377) - Remove filesystem warning and check, idb works from fs now
-----------------------------------------------------------------

Merge commit 260 is -> 
{ 9ca32527f5db90994b0f65b8296d6609f106fda1 is a merge commit
---> Commit message - Merge pull request #555 from neojski/114-implement-compaction

(#114) - implement compaction
-----------------------------------------------------------------

Merge commit 261 is -> 
{ d5870282c88c4ea293eba56c7ee2f12914e4b390 is a merge commit
---> Commit message - Merge pull request #574 from benrudolph/async-callback

Handle undefined callback function
-----------------------------------------------------------------

Merge commit 262 is -> 
{ 484925641295366b9960fa4b6ff66c58db6c0969 is a merge commit
---> Commit message - Merge pull request #582 from daleharvey/509-error-method

(#509) add pouch error code back in
-----------------------------------------------------------------

Merge commit 263 is -> 
{ 8b888d4dbcefed1794088473ec3413aacc75c762 is a merge commit
---> Commit message - Merge pull request #584 from neojski/576-cleanup-get

(#576) - cleanup get
-----------------------------------------------------------------

Merge commit 264 is -> 
{ 767a05817f492e4024739c9f0651d4945c9caf35 is a merge commit
---> Commit message - Merge pull request #580 from howonlee/master

(#552) rudimentary app testing, took more localstorage out
-----------------------------------------------------------------

Merge commit 265 is -> 
{ 6fc9ebf6ecff2e79749262c4b410af07af3e8e99 is a merge commit
---> Commit message - Merge pull request #588 from neojski/587-open_revs-nonexistent-doc

587 open revs nonexistent doc
-----------------------------------------------------------------

Merge commit 266 is -> 
{ 9113aca3feefa843cbc91626b5d81f4f14d32e3d is a merge commit
---> Commit message - Merge pull request #590 from benrudolph/async-docs-update

Update docs for new async pouch creation
-----------------------------------------------------------------

Merge commit 267 is -> 
{ 62887f91b824af30e2614b29c298750e88e834c2 is a merge commit
---> Commit message - Merge pull request #593 from neojski/583-call-compact-callback-when-done

583 call compact callback when done
-----------------------------------------------------------------

Merge commit 268 is -> 
{ 0bb6d1915411a00eaa98168dd888e42f582f76d0 is a merge commit
---> Commit message - Merge pull request #601 from daleharvey/gruntfile-improvements

Gruntfile improvements
-----------------------------------------------------------------

Merge commit 269 is -> 
{ 7ce05227af46347925a6f15a5732e856fed67be6 is a merge commit
---> Commit message - Merge pull request #602 from daleharvey/570-allDbs-protocol-prefix

#570 allDbs protocol prefix
-----------------------------------------------------------------

Merge commit 270 is -> 
{ 58f2c08a5af7d178f1d426a66d3a1a463dd7b2db is a merge commit
---> Commit message - Merge pull request #605 from neojski/603-open_revs-with-revs

(#603) - fix + test
-----------------------------------------------------------------

Merge commit 271 is -> 
{ 5279121a58b161718a212cce8f18c416bf8e5647 is a merge commit
---> Commit message - Merge pull request #607 from daleharvey/fix-gql-tests

(#606) - Ensure tests start() is called after completion
-----------------------------------------------------------------

Merge commit 272 is -> 
{ 2266133b2233d83c901010293895d6d6687dd90b is a merge commit
---> Commit message - Merge pull request #595 from chunmun/572-broken-replicate

572 broken replicate
-----------------------------------------------------------------

Merge commit 273 is -> 
{ 514c702b1e9228895fac89ed345670427cb226f7 is a merge commit
---> Commit message - Merge pull request #617 from neojski/583-call-compact-callback-when-done

(#583) - call compact callback when done
-----------------------------------------------------------------

Merge commit 274 is -> 
{ d147a4d18b69caf6f1decc78e7b29e016fea78c5 is a merge commit
---> Commit message - Merge pull request #619 from daleharvey/attach-tests

(#538) - WIP testing if linux is more stable
-----------------------------------------------------------------

Merge commit 275 is -> 
{ eb1cf66b12d0cbe7bea320b43e3c3f24ce0dada2 is a merge commit
---> Commit message - Merge pull request #631 from daleharvey/628-changes-to-allDbs

changes to all dbs
-----------------------------------------------------------------

Merge commit 276 is -> 
{ 163e954576bef439012e2342a46ca49b03c4f7c7 is a merge commit
---> Commit message - Resolved chagnes
-----------------------------------------------------------------

Merge commit 277 is -> 
{ 5e53db2c114e3e5e5624c0cfdc9093258a5920af is a merge commit
---> Commit message - Merge pull request #651 from benrudolph/query-params

query_params functionality (#525)
-----------------------------------------------------------------

Merge commit 278 is -> 
{ 583f6c6bf92e80aa11f5f8cfe30d8ae0f1a83f97 is a merge commit
---> Commit message - Merge pull request #670 from howonlee/master

(#589) fix phonegap/cordova adapter api not filling bug
-----------------------------------------------------------------

Merge commit 279 is -> 
{ d165788e83e6d0ec1eace3aa32801b9463a85aa2 is a merge commit
---> Commit message - Merge pull request #784 from kalafut/master

One character typo fix in the API docs
-----------------------------------------------------------------

Merge commit 280 is -> 
{ 8c30516b2c23c58409f5003c4b4ac73d6cc1d8be is a merge commit
---> Commit message - Merge pull request #904 from commandoline/documentation-typos

Fixed two documentation links.
-----------------------------------------------------------------

Merge commit 281 is -> 
{ be80260784bd50a96ffa0967e0ed5fe0ce84cb8c is a merge commit
---> Commit message - Merge pull request #1584 from daleharvey/1404

(#1404) - Report errors writing checkpoints during replication
-----------------------------------------------------------------

