# of cherry-picks = 5
Cherry-pick diff pair 1 is -> 
{ 4c8bf4b4d2914fdff8fb2ca3ee4bdf88c191ddca -> 446761f8d47c271dba61835587bd3e0c9ff48c24 } is a cherrypick
{ 52d615fcc38876303f1536185d7222aca81e383a -> 8357d7d60f09e2c3e10736676b4f9117b63b9f72 }
Cherrypick commits SHA are -> 
446761f8d47c271dba61835587bd3e0c9ff48c24 - cherrypick - 8357d7d60f09e2c3e10736676b4f9117b63b9f72
---> The cherrypicked commit sha is - 446761f8d47c271dba61835587bd3e0c9ff48c24
Commit message - Add changelog entry for allow_single_line_padding

Change-Id: Iff15ec96f45f97f86c3289561bbf2a3cff7cbe6d
Reviewed-on: http://gerrit.causes.com/36831
Tested-by: jenkins <jenkins@causes.com>
Reviewed-by: Shane da Silva <shane@causes.com>
---> The original commit sha is - 8357d7d60f09e2c3e10736676b4f9117b63b9f72
Commit message - Update changelog

Change-Id: I8f988581f5aaee4e79e884325655d4252ff30f9d
Reviewed-on: http://gerrit.causes.com/41278
Tested-by: jenkins <jenkins@causes.com>
Reviewed-by: Shane da Silva <shane.dasilva@brigade.com>
-----------------------------------------------------------------

Cherry-pick diff pair 2 is -> 
{ 7f69c9543368d0cad7d910a4c0851f5e1a18d10e -> bb6fcea64073c99c0cf49af958fb158b1de4e0ce } is a cherrypick
{ 52d615fcc38876303f1536185d7222aca81e383a -> 8357d7d60f09e2c3e10736676b4f9117b63b9f72 }
Cherrypick commits SHA are -> 
bb6fcea64073c99c0cf49af958fb158b1de4e0ce - cherrypick - 8357d7d60f09e2c3e10736676b4f9117b63b9f72
---> The cherrypicked commit sha is - bb6fcea64073c99c0cf49af958fb158b1de4e0ce
Commit message - Update changelog with TrailingSemicolonAfterPropertyValue fix

Change-Id: Ie7421b80b49c1b89bff433d35efaa78a8da88b35
Reviewed-on: http://gerrit.causes.com/37992
Tested-by: jenkins <jenkins@causes.com>
Reviewed-by: Shane da Silva <shane@causes.com>
---> The original commit sha is - 8357d7d60f09e2c3e10736676b4f9117b63b9f72
Commit message - Update changelog

Change-Id: I8f988581f5aaee4e79e884325655d4252ff30f9d
Reviewed-on: http://gerrit.causes.com/41278
Tested-by: jenkins <jenkins@causes.com>
Reviewed-by: Shane da Silva <shane.dasilva@brigade.com>
-----------------------------------------------------------------

Cherry-pick diff pair 3 is -> 
{ 4f4a2c51a57359fcdc79460ca3fb28865dbc175d -> 574a26c9e8fa44de48b167096ce2cb0df6dd53fe } is a cherrypick
{ 38a857a8ab4c47e14d9ec265d0cfbd3ff5693563 -> 8ddf32c656475d0b163c7103fca09c35060d516e }
Cherrypick commits SHA are -> 
574a26c9e8fa44de48b167096ce2cb0df6dd53fe - cherrypick - 8ddf32c656475d0b163c7103fca09c35060d516e
---> The cherrypicked commit sha is - 574a26c9e8fa44de48b167096ce2cb0df6dd53fe
Commit message - Update CHANGELOG

Add documentation of the new features added to `scss-lint`.

Change-Id: Ic5189c724a2267ef68cc5ce9fa1d34c83708a13f
Reviewed-on: https://gerrit.causes.com/30931
Tested-by: jenkins <jenkins@causes.com>
Reviewed-by: Greg Hurrell <greg@causes.com>
Reviewed-by: Joe Lencioni <joe.lencioni@causes.com>
---> The original commit sha is - 8ddf32c656475d0b163c7103fca09c35060d516e
Commit message - Update changelog

Change-Id: I788dae1282c7d20344c92bca8c57bbc957f76d4e
Reviewed-on: http://gerrit.causes.com/41072
Tested-by: jenkins <jenkins@causes.com>
Reviewed-by: Shane da Silva <shane.dasilva@brigade.com>
-----------------------------------------------------------------

Cherry-pick diff pair 4 is -> 
{ dc4e1ad2e69645a29450ec5f6a6737f9f99cc892 -> 24c0b795817f68b52577933d00634e6dad5d4997 } is a cherrypick
{ 11bd045d2c386efbf20f59c34b92a1e647016209 -> 07f4d4e0708bfc5e56c6e48aa583e1e10cf87bad }
Cherrypick commits SHA are -> 
24c0b795817f68b52577933d00634e6dad5d4997 - cherrypick - 07f4d4e0708bfc5e56c6e48aa583e1e10cf87bad
---> The cherrypicked commit sha is - 24c0b795817f68b52577933d00634e6dad5d4997
Commit message - Add Ruby 2.1.0 testing in TravisCI

We've technically supported this for a while, but let's make it
official.

Change-Id: Iee4191deca9b2677d5116374581f63cd53a32ec5
Reviewed-on: http://gerrit.causes.com/36032
Tested-by: jenkins <jenkins@causes.com>
Reviewed-by: Shane da Silva <shane@causes.com>
---> The original commit sha is - 07f4d4e0708bfc5e56c6e48aa583e1e10cf87bad
Commit message - Add Ruby 2.1.0 to Travis build matrix

Change-Id: I89c3a5d825e42195c901e15c6b1c150df4689601
Reviewed-on: http://gerrit.causes.com/38458
Reviewed-by: Shane da Silva <shane@causes.com>
Tested-by: jenkins <jenkins@causes.com>
-----------------------------------------------------------------

Cherry-pick diff pair 5 is -> 
{ 4c8bf4b4d2914fdff8fb2ca3ee4bdf88c191ddca -> 446761f8d47c271dba61835587bd3e0c9ff48c24 } is a cherrypick
{ 7f69c9543368d0cad7d910a4c0851f5e1a18d10e -> bb6fcea64073c99c0cf49af958fb158b1de4e0ce }
Cherrypick commits SHA are -> 
446761f8d47c271dba61835587bd3e0c9ff48c24 - cherrypick - bb6fcea64073c99c0cf49af958fb158b1de4e0ce
---> The cherrypicked commit sha is - 446761f8d47c271dba61835587bd3e0c9ff48c24
Commit message - Add changelog entry for allow_single_line_padding

Change-Id: Iff15ec96f45f97f86c3289561bbf2a3cff7cbe6d
Reviewed-on: http://gerrit.causes.com/36831
Tested-by: jenkins <jenkins@causes.com>
Reviewed-by: Shane da Silva <shane@causes.com>
---> The original commit sha is - bb6fcea64073c99c0cf49af958fb158b1de4e0ce
Commit message - Update changelog with TrailingSemicolonAfterPropertyValue fix

Change-Id: Ie7421b80b49c1b89bff433d35efaa78a8da88b35
Reviewed-on: http://gerrit.causes.com/37992
Tested-by: jenkins <jenkins@causes.com>
Reviewed-by: Shane da Silva <shane@causes.com>
-----------------------------------------------------------------

