# of partial reverts = 5
Partial Revert diff pair 1 is -> 
{ fbb33bda0f64350678b038e7461b1af9abbc3915 -> c4030030307d9616fae2f1005b6d883574d87323 } is a revert
{ f204c5d44066b36c1efab8d55e2f49dd113a785e -> 7713de24dc1af5f1c5f1eb8698c5c0fcaa0ab602 }
Partial Revert commits SHA are -> 
c4030030307d9616fae2f1005b6d883574d87323 - revert - 7713de24dc1af5f1c5f1eb8698c5c0fcaa0ab602
---> The reverted commit sha is - c4030030307d9616fae2f1005b6d883574d87323
Commit message - Remove latexmk intall instructions from README.
---> The original commit sha is - 7713de24dc1af5f1c5f1eb8698c5c0fcaa0ab602
Commit message - Merge pull request #52 from cirosantilli/add-nvmrc

Add .nvmrc
---> The files with partial_reverts are:-
.nvmrc
-----------------------------------------------------------------

Partial Revert diff pair 2 is -> 
{ 61bb54a2be9ce0f11315ed0ce602a1779797a98f -> fbb33bda0f64350678b038e7461b1af9abbc3915 } is a revert
{ fbb33bda0f64350678b038e7461b1af9abbc3915 -> c4030030307d9616fae2f1005b6d883574d87323 }
Partial Revert commits SHA are -> 
fbb33bda0f64350678b038e7461b1af9abbc3915 - revert - c4030030307d9616fae2f1005b6d883574d87323
---> The reverted commit sha is - fbb33bda0f64350678b038e7461b1af9abbc3915
Commit message - Add .nvmrc
---> The original commit sha is - c4030030307d9616fae2f1005b6d883574d87323
Commit message - Remove latexmk intall instructions from README.
---> The files with partial_reverts are:-
.nvmrc
package.json
-----------------------------------------------------------------

Partial Revert diff pair 3 is -> 
{ 217e5f74ca098fedfbaa72a4c22dbf6ae28d5842 -> 0b3224c05f8d8b980596991d04de25bc72456361 } is a revert
{ 94aae3702513ef083e57e20a91ab81384aa02d0e -> 61bb54a2be9ce0f11315ed0ce602a1779797a98f }
Partial Revert commits SHA are -> 
0b3224c05f8d8b980596991d04de25bc72456361 - revert - 61bb54a2be9ce0f11315ed0ce602a1779797a98f
---> The reverted commit sha is - 0b3224c05f8d8b980596991d04de25bc72456361
Commit message - Remove dollars from readme bash code.
---> The original commit sha is - 61bb54a2be9ce0f11315ed0ce602a1779797a98f
Commit message - Merge pull request #53 from cirosantilli/add-dummy-version

Add dummy version to package.json to fix install.
---> The files with partial_reverts are:-
package.json
-----------------------------------------------------------------

Partial Revert diff pair 4 is -> 
{ 20866189abcb0f314e5d72a4322304630255c92f -> 6280a5a002a5fdcf457a2026d1829473e09bd756 } is a revert
{ b1eaa975301eb8b9a753332a63a5e93921c812c1 -> dec7347f0821bbca01c849f8a25d58f241cefede }
Partial Revert commits SHA are -> 
6280a5a002a5fdcf457a2026d1829473e09bd756 - revert - dec7347f0821bbca01c849f8a25d58f241cefede
---> The reverted commit sha is - 6280a5a002a5fdcf457a2026d1829473e09bd756
Commit message - Update wiki link
---> The original commit sha is - dec7347f0821bbca01c849f8a25d58f241cefede
Commit message - Merge pull request #46 from kbasten/patch-1

Update settings.development.coffee.example
---> The files with partial_reverts are:-
config/settings.development.coffee.example
-----------------------------------------------------------------

Partial Revert diff pair 5 is -> 
{ 6e150b1edc8b1cdb2ffee1f1536cfaff49e21aed -> a440b5435a296dcd7c3b98f1bb0892979f11c18d } is a revert
{ a440b5435a296dcd7c3b98f1bb0892979f11c18d -> 34796ac0401d5653f3b416172954188a2f9453c0 }
Partial Revert commits SHA are -> 
a440b5435a296dcd7c3b98f1bb0892979f11c18d - revert - 34796ac0401d5653f3b416172954188a2f9453c0
---> The reverted commit sha is - a440b5435a296dcd7c3b98f1bb0892979f11c18d
Commit message - Add in filestore
---> The original commit sha is - 34796ac0401d5653f3b416172954188a2f9453c0
Commit message - Merge branch 'master' of github.com:sharelatex/sharelatex
---> The files with partial_reverts are:-
CONTRIBUTING.md
README.md
-----------------------------------------------------------------

