# of partial reverts = 20
Partial Revert diff pair 1 is -> 
{ 669fdf8e5e641b76095238a22cc695434a3b56e5 -> 6b84b35ec047d87ec81d9916443756964ce24fcb } is a revert
{ 6b84b35ec047d87ec81d9916443756964ce24fcb -> 9e8a11e57cc8923e3edb6cf28875f84914ae0985 }
Partial Revert commits SHA are -> 
6b84b35ec047d87ec81d9916443756964ce24fcb - revert - 9e8a11e57cc8923e3edb6cf28875f84914ae0985
---> The reverted commit sha is - 6b84b35ec047d87ec81d9916443756964ce24fcb
Commit message - Don't crash on empty files with -f gcc.
---> The original commit sha is - 9e8a11e57cc8923e3edb6cf28875f84914ae0985
Commit message - Merge branch 'master' of github.com:koalaman/shellcheck
---> The files with partial_reverts are:-
ShellCheck.cabal
-----------------------------------------------------------------

Partial Revert diff pair 2 is -> 
{ e0d3c6923a82642e0eb3d49a2913ad12e200c379 -> fc421adb450dcd696a343ab596a695a17830e2bc } is a revert
{ aac7d76047a5b28d064b17a5d0fac022054d05a0 -> d9c622ae33512794d5dddf267617e1fa916a692e }
Partial Revert commits SHA are -> 
fc421adb450dcd696a343ab596a695a17830e2bc - revert - d9c622ae33512794d5dddf267617e1fa916a692e
---> The reverted commit sha is - fc421adb450dcd696a343ab596a695a17830e2bc
Commit message - Reworked arithmetics to allow composite terms
---> The original commit sha is - d9c622ae33512794d5dddf267617e1fa916a692e
Commit message - Merge pull request #172 from jbnicolai/master

Adds homebrew installation steps to README.
---> The files with partial_reverts are:-
README.md
-----------------------------------------------------------------

Partial Revert diff pair 3 is -> 
{ 6699109ab816ea551ffaf04a52cb7da6b57052b1 -> 2c1e414ac595d65560de1db3f4260d453b69f495 } is a revert
{ 2c1e414ac595d65560de1db3f4260d453b69f495 -> 5f568dd207ffb4d963d04fb809b9947dabe7e101 }
Partial Revert commits SHA are -> 
2c1e414ac595d65560de1db3f4260d453b69f495 - revert - 5f568dd207ffb4d963d04fb809b9947dabe7e101
---> The reverted commit sha is - 2c1e414ac595d65560de1db3f4260d453b69f495
Commit message - Only get vars after the last option in read
---> The original commit sha is - 5f568dd207ffb4d963d04fb809b9947dabe7e101
Commit message - Merge branch 'master' of github.com:koalaman/shellcheck
---> The files with partial_reverts are:-
README.md
-----------------------------------------------------------------

Partial Revert diff pair 4 is -> 
{ f92f93468815dc71be971bd017ea3351c8738c6f -> 67f4a0d6eb842829a832580a3b7110f1d6221b67 } is a revert
{ 2a9c9ae0ad081c8ef8dd0a23bf0609c0de1ee570 -> 503cac3bb363e66998dc985df5a4e210360fc5ce }
Partial Revert commits SHA are -> 
67f4a0d6eb842829a832580a3b7110f1d6221b67 - revert - 503cac3bb363e66998dc985df5a4e210360fc5ce
---> The reverted commit sha is - 67f4a0d6eb842829a832580a3b7110f1d6221b67
Commit message - Accept and warn about capitalization in keywords.
---> The original commit sha is - 503cac3bb363e66998dc985df5a4e210360fc5ce
Commit message - Merge branch 'master' of github.com:koalaman/shellcheck
---> The files with partial_reverts are:-
README
README.md
-----------------------------------------------------------------

Partial Revert diff pair 5 is -> 
{ def4551991476d14d9d2e49f4142391e9e61fe87 -> 2a9c9ae0ad081c8ef8dd0a23bf0609c0de1ee570 } is a revert
{ 2a9c9ae0ad081c8ef8dd0a23bf0609c0de1ee570 -> 503cac3bb363e66998dc985df5a4e210360fc5ce }
Partial Revert commits SHA are -> 
2a9c9ae0ad081c8ef8dd0a23bf0609c0de1ee570 - revert - 503cac3bb363e66998dc985df5a4e210360fc5ce
---> The reverted commit sha is - 2a9c9ae0ad081c8ef8dd0a23bf0609c0de1ee570
Commit message - Warn about using <=/>=, and don't warn about -gt 1.2 in ksh/zsh
---> The original commit sha is - 503cac3bb363e66998dc985df5a4e210360fc5ce
Commit message - Merge branch 'master' of github.com:koalaman/shellcheck
---> The files with partial_reverts are:-
README
README.md
-----------------------------------------------------------------

Partial Revert diff pair 6 is -> 
{ f92f93468815dc71be971bd017ea3351c8738c6f -> 67f4a0d6eb842829a832580a3b7110f1d6221b67 } is a revert
{ 67f4a0d6eb842829a832580a3b7110f1d6221b67 -> def4551991476d14d9d2e49f4142391e9e61fe87 }
Partial Revert commits SHA are -> 
67f4a0d6eb842829a832580a3b7110f1d6221b67 - revert - def4551991476d14d9d2e49f4142391e9e61fe87
---> The reverted commit sha is - 67f4a0d6eb842829a832580a3b7110f1d6221b67
Commit message - Accept and warn about capitalization in keywords.
---> The original commit sha is - def4551991476d14d9d2e49f4142391e9e61fe87
Commit message - Merge pull request #117 from mcandre/master

readme: markdown for link rendering
---> The files with partial_reverts are:-
README
README.md
-----------------------------------------------------------------

Partial Revert diff pair 7 is -> 
{ 948b75075478f3a3618c7df76c9d58c1b66fc2e0 -> d07294810b2485e292a2aa8dd0575661418a08d9 } is a revert
{ 632c1614a1fbb5c2a6ff868f7dbcd04d22710aaa -> 1b806f6c9f9f116913d54b80aab53b7ef3c15938 }
Partial Revert commits SHA are -> 
d07294810b2485e292a2aa8dd0575661418a08d9 - revert - 1b806f6c9f9f116913d54b80aab53b7ef3c15938
---> The reverted commit sha is - d07294810b2485e292a2aa8dd0575661418a08d9
Commit message - Allow \n before and after ||/&& in [[ ]]
---> The original commit sha is - 1b806f6c9f9f116913d54b80aab53b7ef3c15938
Commit message - Merge branch 'master' of github.com:koalaman/shellcheck
---> The files with partial_reverts are:-
ShellCheck.cabal
-----------------------------------------------------------------

Partial Revert diff pair 8 is -> 
{ 00d9ef12e7d4f37a34eba98076e2589ab1dc73f8 -> 632c1614a1fbb5c2a6ff868f7dbcd04d22710aaa } is a revert
{ 632c1614a1fbb5c2a6ff868f7dbcd04d22710aaa -> 1b806f6c9f9f116913d54b80aab53b7ef3c15938 }
Partial Revert commits SHA are -> 
632c1614a1fbb5c2a6ff868f7dbcd04d22710aaa - revert - 1b806f6c9f9f116913d54b80aab53b7ef3c15938
---> The reverted commit sha is - 632c1614a1fbb5c2a6ff868f7dbcd04d22710aaa
Commit message - Added support for |&
---> The original commit sha is - 1b806f6c9f9f116913d54b80aab53b7ef3c15938
Commit message - Merge branch 'master' of github.com:koalaman/shellcheck
---> The files with partial_reverts are:-
ShellCheck.cabal
-----------------------------------------------------------------

Partial Revert diff pair 9 is -> 
{ 948b75075478f3a3618c7df76c9d58c1b66fc2e0 -> d07294810b2485e292a2aa8dd0575661418a08d9 } is a revert
{ d07294810b2485e292a2aa8dd0575661418a08d9 -> 00d9ef12e7d4f37a34eba98076e2589ab1dc73f8 }
Partial Revert commits SHA are -> 
d07294810b2485e292a2aa8dd0575661418a08d9 - revert - 00d9ef12e7d4f37a34eba98076e2589ab1dc73f8
---> The reverted commit sha is - d07294810b2485e292a2aa8dd0575661418a08d9
Commit message - Allow \n before and after ||/&& in [[ ]]
---> The original commit sha is - 00d9ef12e7d4f37a34eba98076e2589ab1dc73f8
Commit message - Merge pull request #105 from Dridi/dynamic_link

Dynamic linking to libShellCheck
---> The files with partial_reverts are:-
ShellCheck.cabal
-----------------------------------------------------------------

Partial Revert diff pair 10 is -> 
{ 5b58da72498fc524437ff9a4118beafa0ae39ffd -> 82328cd86e4f2dd748c50b275d3d3abd87ec4e5c } is a revert
{ 82328cd86e4f2dd748c50b275d3d3abd87ec4e5c -> 0ec62390d57480a449afb7d450054a28de63fc8a }
Partial Revert commits SHA are -> 
82328cd86e4f2dd748c50b275d3d3abd87ec4e5c - revert - 0ec62390d57480a449afb7d450054a28de63fc8a
---> The reverted commit sha is - 82328cd86e4f2dd748c50b275d3d3abd87ec4e5c
Commit message - Warn about literal "\ " just like literal quotes.

Also, do it recursively.
---> The original commit sha is - 0ec62390d57480a449afb7d450054a28de63fc8a
Commit message - Merge branch 'master' of github.com:koalaman/shellcheck
---> The files with partial_reverts are:-
README
-----------------------------------------------------------------

Partial Revert diff pair 11 is -> 
{ 8c3d8d7cfa18c88b7b8e8f1b7cac26c949ec9a76 -> e294db171e22d6c8de57ad87522d331c82b461ff } is a revert
{ e294db171e22d6c8de57ad87522d331c82b461ff -> b7ee5f4410aaae892d366693a58d6f96dbb2715a }
Partial Revert commits SHA are -> 
e294db171e22d6c8de57ad87522d331c82b461ff - revert - b7ee5f4410aaae892d366693a58d6f96dbb2715a
---> The reverted commit sha is - e294db171e22d6c8de57ad87522d331c82b461ff
Commit message - Added Mac OS instructions with brew (relates #11)

Un-Markdown text
---> The original commit sha is - b7ee5f4410aaae892d366693a58d6f96dbb2715a
Commit message - Merge pull request #67 from michaelsanford/master

Added cabal setup instructions for Mac OS X to README
---> The files with partial_reverts are:-
Setup.hs
ShellCheck.cabal
-----------------------------------------------------------------

Partial Revert diff pair 12 is -> 
{ 8c00850134e10cab953828e881b2044715b68564 -> d540a98d332c131550c8c7f7d4d180f2f00b3248 } is a revert
{ 78d9a7ad97d29cda25fbbb8ffbc042771182aff5 -> b936f287632c87f18a92189e4a4ee8d89fe2ecf9 }
Partial Revert commits SHA are -> 
d540a98d332c131550c8c7f7d4d180f2f00b3248 - revert - b936f287632c87f18a92189e4a4ee8d89fe2ecf9
---> The reverted commit sha is - d540a98d332c131550c8c7f7d4d180f2f00b3248
Commit message - Merge branch 'man_page' of https://github.com/Dridi/shellcheck into manpage
---> The original commit sha is - b936f287632c87f18a92189e4a4ee8d89fe2ecf9
Commit message - Merge branch 'manpage'
---> The files with partial_reverts are:-
ShellCheck/Parser.hs
-----------------------------------------------------------------

Partial Revert diff pair 13 is -> 
{ 91fc4a046cb0c196ccc4d46e089ce2f01fd082c6 -> d1990e3396dcad6ea867cc353f22fdd5be706e23 } is a revert
{ 8c00850134e10cab953828e881b2044715b68564 -> d540a98d332c131550c8c7f7d4d180f2f00b3248 }
Partial Revert commits SHA are -> 
d1990e3396dcad6ea867cc353f22fdd5be706e23 - revert - d540a98d332c131550c8c7f7d4d180f2f00b3248
---> The reverted commit sha is - d1990e3396dcad6ea867cc353f22fdd5be706e23
Commit message - Warn about 'i=i+1' and 'i=i + 1'
---> The original commit sha is - d540a98d332c131550c8c7f7d4d180f2f00b3248
Commit message - Merge branch 'man_page' of https://github.com/Dridi/shellcheck into manpage
---> The files with partial_reverts are:-
.gitignore
Makefile
shellcheck.1.md
-----------------------------------------------------------------

Partial Revert diff pair 14 is -> 
{ 95ebe1cd075adfc35ca959b36477868cdf5a805d -> 91fc4a046cb0c196ccc4d46e089ce2f01fd082c6 } is a revert
{ 91fc4a046cb0c196ccc4d46e089ce2f01fd082c6 -> d1990e3396dcad6ea867cc353f22fdd5be706e23 }
Partial Revert commits SHA are -> 
91fc4a046cb0c196ccc4d46e089ce2f01fd082c6 - revert - d1990e3396dcad6ea867cc353f22fdd5be706e23
---> The reverted commit sha is - 91fc4a046cb0c196ccc4d46e089ce2f01fd082c6
Commit message - Added a shellcheck(1) man page

The manual is mainly a copy/paste from the current documentation. It is
builded with pandoc, and written in markdown.

closes #50
---> The original commit sha is - d1990e3396dcad6ea867cc353f22fdd5be706e23
Commit message - Warn about 'i=i+1' and 'i=i + 1'
---> The files with partial_reverts are:-
.gitignore
Makefile
ShellCheck/Parser.hs
shellcheck.1.md
-----------------------------------------------------------------

Partial Revert diff pair 15 is -> 
{ d6b903e6cc007a76a3ecdf124fa1df4203a97dbe -> 3a9ae0ebf1c008a5710f4286db2d7b4f96b3357a } is a revert
{ 83c3dd341861ac2d3d925e6b83011cd0b67eb0be -> b75fe02aac5afba14214e6645081ea149464d682 }
Partial Revert commits SHA are -> 
3a9ae0ebf1c008a5710f4286db2d7b4f96b3357a - revert - b75fe02aac5afba14214e6645081ea149464d682
---> The reverted commit sha is - 3a9ae0ebf1c008a5710f4286db2d7b4f96b3357a
Commit message - Accept dir-/basename due to edge cases like "/" and "foo"
---> The original commit sha is - b75fe02aac5afba14214e6645081ea149464d682
Commit message - Merge branch 'master' of github.com:koalaman/shellcheck
---> The files with partial_reverts are:-
.gitignore
Makefile
-----------------------------------------------------------------

Partial Revert diff pair 16 is -> 
{ 020850dbbb72f96f4ff4c0100fec867ae03c564c -> 83c3dd341861ac2d3d925e6b83011cd0b67eb0be } is a revert
{ 83c3dd341861ac2d3d925e6b83011cd0b67eb0be -> b75fe02aac5afba14214e6645081ea149464d682 }
Partial Revert commits SHA are -> 
83c3dd341861ac2d3d925e6b83011cd0b67eb0be - revert - b75fe02aac5afba14214e6645081ea149464d682
---> The reverted commit sha is - 83c3dd341861ac2d3d925e6b83011cd0b67eb0be
Commit message - Accept ./? in function names
---> The original commit sha is - b75fe02aac5afba14214e6645081ea149464d682
Commit message - Merge branch 'master' of github.com:koalaman/shellcheck
---> The files with partial_reverts are:-
.gitignore
Makefile
-----------------------------------------------------------------

Partial Revert diff pair 17 is -> 
{ d6b903e6cc007a76a3ecdf124fa1df4203a97dbe -> 3a9ae0ebf1c008a5710f4286db2d7b4f96b3357a } is a revert
{ 8d265aa25e13b592ba4d08113286964bb2e8bae2 -> 020850dbbb72f96f4ff4c0100fec867ae03c564c }
Partial Revert commits SHA are -> 
3a9ae0ebf1c008a5710f4286db2d7b4f96b3357a - revert - 020850dbbb72f96f4ff4c0100fec867ae03c564c
---> The reverted commit sha is - 3a9ae0ebf1c008a5710f4286db2d7b4f96b3357a
Commit message - Accept dir-/basename due to edge cases like "/" and "foo"
---> The original commit sha is - 020850dbbb72f96f4ff4c0100fec867ae03c564c
Commit message - Merge pull request #16 from carenas/master

gitignore and makefile for building with cabal and make
---> The files with partial_reverts are:-
.gitignore
Makefile
-----------------------------------------------------------------

Partial Revert diff pair 18 is -> 
{ 794a5523d1b81316ca5f1259ac6a230a785cda97 -> 206900fb6470f81b704fec0f115432610c21e019 } is a revert
{ 206900fb6470f81b704fec0f115432610c21e019 -> a0a58d432adb654e4a660617d135421d81778796 }
Partial Revert commits SHA are -> 
206900fb6470f81b704fec0f115432610c21e019 - revert - a0a58d432adb654e4a660617d135421d81778796
---> The reverted commit sha is - 206900fb6470f81b704fec0f115432610c21e019
Commit message - Use exit status and stderr properly in terminal tool
---> The original commit sha is - a0a58d432adb654e4a660617d135421d81778796
Commit message - Merge branch 'master' of github.com:koalaman/shellcheck
---> The files with partial_reverts are:-
README
-----------------------------------------------------------------

Partial Revert diff pair 19 is -> 
{ 58b8e0ab707255ddc41d2098ef9be2d6b4878b88 -> 31907ca51d106e36521e3bf1fc271e367a7f436f } is a revert
{ c229d3929a4614e79bc611bf7acf58161c041bdb -> 5828abe324cfcc96f5a1142a69e99d01b8c04842 }
Partial Revert commits SHA are -> 
31907ca51d106e36521e3bf1fc271e367a7f436f - revert - 5828abe324cfcc96f5a1142a69e99d01b8c04842
---> The reverted commit sha is - 31907ca51d106e36521e3bf1fc271e367a7f436f
Commit message - build: include all binaries for clean
---> The original commit sha is - 5828abe324cfcc96f5a1142a69e99d01b8c04842
Commit message - Merge pull request #7 from carenas/master

Include jsoncheck in 'make clean' target and update required ubuntu package list.
---> The files with partial_reverts are:-
ShellCheck/AST.hs
ShellCheck/Analytics.hs
ShellCheck/Parser.hs
-----------------------------------------------------------------

Partial Revert diff pair 20 is -> 
{ a7a19fa3669052f6e375278a3a041faaa3b03995 -> 258a13721edf0418c365dcb8b8fde85eebb56011 } is a revert
{ 258a13721edf0418c365dcb8b8fde85eebb56011 -> 07b29dceb4cd11a9fb60bd79e27b2e0f5333202c }
Partial Revert commits SHA are -> 
258a13721edf0418c365dcb8b8fde85eebb56011 - revert - 07b29dceb4cd11a9fb60bd79e27b2e0f5333202c
---> The reverted commit sha is - 258a13721edf0418c365dcb8b8fde85eebb56011
Commit message - Added readme and licenses
---> The original commit sha is - 07b29dceb4cd11a9fb60bd79e27b2e0f5333202c
Commit message - Never mind quackCheck
---> The files with partial_reverts are:-
test/quackCheck.hs
-----------------------------------------------------------------

