# of partial cherrypicks = 6
Partial Cherry-pick diff pair 1 is -> 
{ 3fcc6c44d8178ccf749e99cdf7371cab66c358e2 -> b18ee3fdef6890e6325771042f7ec6aabfa29078 } is a cherrypick
{ cde364c97b296e456306a612817618283fea1a82 -> 2364fd58b658fd1030a3ada610903543abe6c59b }
Partial Cherry-pick commits SHA are -> 
b18ee3fdef6890e6325771042f7ec6aabfa29078 - cherrypick - 2364fd58b658fd1030a3ada610903543abe6c59b
---> The cherrypicked commit sha is - b18ee3fdef6890e6325771042f7ec6aabfa29078
Commit message - Using a more complete Haskell .gitignore

Specially for using cabal sandbox.
---> The original commit sha is - 2364fd58b658fd1030a3ada610903543abe6c59b
Commit message - Merge pull request #166 from rodrigosetti/better-gitignore

Using a more complete Haskell .gitignore
---> The files with partial_cherrypicks are:-
.gitignore
-----------------------------------------------------------------

Partial Cherry-pick diff pair 2 is -> 
{ b68de7f42b61744275ed895ee39c3b8d0ad09633 -> d4059c30b7739d5f6ac5d94433680ac99dd278d3 } is a cherrypick
{ 2a9c9ae0ad081c8ef8dd0a23bf0609c0de1ee570 -> 503cac3bb363e66998dc985df5a4e210360fc5ce }
Partial Cherry-pick commits SHA are -> 
d4059c30b7739d5f6ac5d94433680ac99dd278d3 - cherrypick - 503cac3bb363e66998dc985df5a4e210360fc5ce
---> The cherrypicked commit sha is - d4059c30b7739d5f6ac5d94433680ac99dd278d3
Commit message - readme: markdown for link rendering
---> The original commit sha is - 503cac3bb363e66998dc985df5a4e210360fc5ce
Commit message - Merge branch 'master' of github.com:koalaman/shellcheck
---> The files with partial_cherrypicks are:-
README
-----------------------------------------------------------------

Partial Cherry-pick diff pair 3 is -> 
{ b68de7f42b61744275ed895ee39c3b8d0ad09633 -> d4059c30b7739d5f6ac5d94433680ac99dd278d3 } is a cherrypick
{ 67f4a0d6eb842829a832580a3b7110f1d6221b67 -> def4551991476d14d9d2e49f4142391e9e61fe87 }
Partial Cherry-pick commits SHA are -> 
d4059c30b7739d5f6ac5d94433680ac99dd278d3 - cherrypick - def4551991476d14d9d2e49f4142391e9e61fe87
---> The cherrypicked commit sha is - d4059c30b7739d5f6ac5d94433680ac99dd278d3
Commit message - readme: markdown for link rendering
---> The original commit sha is - def4551991476d14d9d2e49f4142391e9e61fe87
Commit message - Merge pull request #117 from mcandre/master

readme: markdown for link rendering
---> The files with partial_cherrypicks are:-
README
-----------------------------------------------------------------

Partial Cherry-pick diff pair 4 is -> 
{ 16bd52333a893a2584059c38ac14f21eb50aa496 -> 380d6c3317bb2c6a46ab10ec6644456a35aabac4 } is a cherrypick
{ e294db171e22d6c8de57ad87522d331c82b461ff -> b7ee5f4410aaae892d366693a58d6f96dbb2715a }
Partial Cherry-pick commits SHA are -> 
380d6c3317bb2c6a46ab10ec6644456a35aabac4 - cherrypick - b7ee5f4410aaae892d366693a58d6f96dbb2715a
---> The cherrypicked commit sha is - 380d6c3317bb2c6a46ab10ec6644456a35aabac4
Commit message - Cleaned up cabal file to make 'cabal check' pass.
---> The original commit sha is - b7ee5f4410aaae892d366693a58d6f96dbb2715a
Commit message - Merge pull request #67 from michaelsanford/master

Added cabal setup instructions for Mac OS X to README
---> The files with partial_cherrypicks are:-
Setup.hs
-----------------------------------------------------------------

Partial Cherry-pick diff pair 5 is -> 
{ 95ebe1cd075adfc35ca959b36477868cdf5a805d -> 91fc4a046cb0c196ccc4d46e089ce2f01fd082c6 } is a cherrypick
{ 8c00850134e10cab953828e881b2044715b68564 -> d540a98d332c131550c8c7f7d4d180f2f00b3248 }
Partial Cherry-pick commits SHA are -> 
91fc4a046cb0c196ccc4d46e089ce2f01fd082c6 - cherrypick - d540a98d332c131550c8c7f7d4d180f2f00b3248
---> The cherrypicked commit sha is - 91fc4a046cb0c196ccc4d46e089ce2f01fd082c6
Commit message - Added a shellcheck(1) man page

The manual is mainly a copy/paste from the current documentation. It is
builded with pandoc, and written in markdown.

closes #50
---> The original commit sha is - d540a98d332c131550c8c7f7d4d180f2f00b3248
Commit message - Merge branch 'man_page' of https://github.com/Dridi/shellcheck into manpage
---> The files with partial_cherrypicks are:-
.gitignore
Makefile
shellcheck.1.md
-----------------------------------------------------------------

Partial Cherry-pick diff pair 6 is -> 
{ de1fa6156056c1671cda707bf24f1caee9e1d67c -> bb49cf8e650c208347d2996780174ecfcd3048f4 } is a cherrypick
{ c229d3929a4614e79bc611bf7acf58161c041bdb -> 5828abe324cfcc96f5a1142a69e99d01b8c04842 }
Partial Cherry-pick commits SHA are -> 
bb49cf8e650c208347d2996780174ecfcd3048f4 - cherrypick - 5828abe324cfcc96f5a1142a69e99d01b8c04842
---> The cherrypicked commit sha is - bb49cf8e650c208347d2996780174ecfcd3048f4
Commit message - Parse the contents of unquoted here documents
---> The original commit sha is - 5828abe324cfcc96f5a1142a69e99d01b8c04842
Commit message - Merge pull request #7 from carenas/master

Include jsoncheck in 'make clean' target and update required ubuntu package list.
---> The files with partial_cherrypicks are:-
ShellCheck/AST.hs
ShellCheck/Parser.hs
-----------------------------------------------------------------

