# of merges = 30
Merge commit 1 is -> 
{ 5828abe324cfcc96f5a1142a69e99d01b8c04842 is a merge commit
---> Commit message - Merge pull request #7 from carenas/master

Include jsoncheck in 'make clean' target and update required ubuntu package list.
-----------------------------------------------------------------

Merge commit 2 is -> 
{ 24580609b8db1000f87b8961199eb0cf018abe69 is a merge commit
---> Commit message - Merge branch 'master' of https://github.com/carenas/shellcheck into carenas-master
-----------------------------------------------------------------

Merge commit 3 is -> 
{ d99aaaf8dc404bd02e3d593f57652bbac5b8cf36 is a merge commit
---> Commit message - Merge branch 'master' of github.com:koalaman/shellcheck
-----------------------------------------------------------------

Merge commit 4 is -> 
{ 794a5523d1b81316ca5f1259ac6a230a785cda97 is a merge commit
---> Commit message - Merge pull request #12 from mcandre/master

README: clarify build step
-----------------------------------------------------------------

Merge commit 5 is -> 
{ a0a58d432adb654e4a660617d135421d81778796 is a merge commit
---> Commit message - Merge branch 'master' of github.com:koalaman/shellcheck
-----------------------------------------------------------------

Merge commit 6 is -> 
{ 020850dbbb72f96f4ff4c0100fec867ae03c564c is a merge commit
---> Commit message - Merge pull request #16 from carenas/master

gitignore and makefile for building with cabal and make
-----------------------------------------------------------------

Merge commit 7 is -> 
{ b75fe02aac5afba14214e6645081ea149464d682 is a merge commit
---> Commit message - Merge branch 'master' of github.com:koalaman/shellcheck
-----------------------------------------------------------------

Merge commit 8 is -> 
{ 1988cba1479bec4363e24e1b1f0cfca7a694f5cc is a merge commit
---> Commit message - Merge pull request #33 from daniellawrence/master

updated debian/ubuntu required packages
-----------------------------------------------------------------

Merge commit 9 is -> 
{ d540a98d332c131550c8c7f7d4d180f2f00b3248 is a merge commit
---> Commit message - Merge branch 'man_page' of https://github.com/Dridi/shellcheck into manpage
-----------------------------------------------------------------

Merge commit 10 is -> 
{ b936f287632c87f18a92189e4a4ee8d89fe2ecf9 is a merge commit
---> Commit message - Merge branch 'manpage'
-----------------------------------------------------------------

Merge commit 11 is -> 
{ ba080e7e345115a4a2f6e51f9bd5d5cca8dc272f is a merge commit
---> Commit message - Merge pull request #61 from cheecheeo/master

expanded cabal file
-----------------------------------------------------------------

Merge commit 12 is -> 
{ b7ee5f4410aaae892d366693a58d6f96dbb2715a is a merge commit
---> Commit message - Merge pull request #67 from michaelsanford/master

Added cabal setup instructions for Mac OS X to README
-----------------------------------------------------------------

Merge commit 13 is -> 
{ 5b58da72498fc524437ff9a4118beafa0ae39ffd is a merge commit
---> Commit message - Merge pull request #75 from michaelsanford/master

Added MacPorts cabal install information to README
-----------------------------------------------------------------

Merge commit 14 is -> 
{ 0ec62390d57480a449afb7d450054a28de63fc8a is a merge commit
---> Commit message - Merge branch 'master' of github.com:koalaman/shellcheck
-----------------------------------------------------------------

Merge commit 15 is -> 
{ 00d9ef12e7d4f37a34eba98076e2589ab1dc73f8 is a merge commit
---> Commit message - Merge pull request #105 from Dridi/dynamic_link

Dynamic linking to libShellCheck
-----------------------------------------------------------------

Merge commit 16 is -> 
{ 1b806f6c9f9f116913d54b80aab53b7ef3c15938 is a merge commit
---> Commit message - Merge branch 'master' of github.com:koalaman/shellcheck
-----------------------------------------------------------------

Merge commit 17 is -> 
{ def4551991476d14d9d2e49f4142391e9e61fe87 is a merge commit
---> Commit message - Merge pull request #117 from mcandre/master

readme: markdown for link rendering
-----------------------------------------------------------------

Merge commit 18 is -> 
{ 503cac3bb363e66998dc985df5a4e210360fc5ce is a merge commit
---> Commit message - Merge branch 'master' of github.com:koalaman/shellcheck
-----------------------------------------------------------------

Merge commit 19 is -> 
{ a00a6fb53bbb28f578444ba2e3d7d847252a1598 is a merge commit
---> Commit message - Merge pull request #125 from inthecloud247/master

Instructions for adding ShellCheck to PATH
-----------------------------------------------------------------

Merge commit 20 is -> 
{ 8bd4365cdb77c408bb7e44cc3892ba1b93307bb8 is a merge commit
---> Commit message - Merge pull request #122 from guywithnose/master

Add cabal update to install instructions
-----------------------------------------------------------------

Merge commit 21 is -> 
{ 6699109ab816ea551ffaf04a52cb7da6b57052b1 is a merge commit
---> Commit message - Merge pull request #139 from MichaelPereira/patch-1

Add pandoc to needed dependencies
-----------------------------------------------------------------

Merge commit 22 is -> 
{ 5f568dd207ffb4d963d04fb809b9947dabe7e101 is a merge commit
---> Commit message - Merge branch 'master' of github.com:koalaman/shellcheck
-----------------------------------------------------------------

Merge commit 23 is -> 
{ 726a4e58486e83903dbd2eca0e82951db0234449 is a merge commit
---> Commit message - Merge branch 'cabal-version' of https://github.com/rodrigosetti/shellcheck into rodrigosetti-cabal-version

Conflicts:
	ShellCheck/Analytics.hs
	ShellCheck/Data.hs
-----------------------------------------------------------------

Merge commit 24 is -> 
{ 2364fd58b658fd1030a3ada610903543abe6c59b is a merge commit
---> Commit message - Merge pull request #166 from rodrigosetti/better-gitignore

Using a more complete Haskell .gitignore
-----------------------------------------------------------------

Merge commit 25 is -> 
{ 52d4efc951d751ba9bdb4f31f4dd63e251b63899 is a merge commit
---> Commit message - Merge pull request #168 from rodrigosetti/hlint

Collection of HLint fixes
-----------------------------------------------------------------

Merge commit 26 is -> 
{ 61531cbb10f8dc9119327c293d7e1b1c7ebf5545 is a merge commit
---> Commit message - Merge pull request #169 from Dridi/hackage

Add extra source files in the source tarball
-----------------------------------------------------------------

Merge commit 27 is -> 
{ d9c622ae33512794d5dddf267617e1fa916a692e is a merge commit
---> Commit message - Merge pull request #172 from jbnicolai/master

Adds homebrew installation steps to README.
-----------------------------------------------------------------

Merge commit 28 is -> 
{ 669fdf8e5e641b76095238a22cc695434a3b56e5 is a merge commit
---> Commit message - Merge pull request #226 from aycanirican/patch-1

Update License in ShellCheck.cabal
-----------------------------------------------------------------

Merge commit 29 is -> 
{ 9e8a11e57cc8923e3edb6cf28875f84914ae0985 is a merge commit
---> Commit message - Merge branch 'master' of github.com:koalaman/shellcheck
-----------------------------------------------------------------

Merge commit 30 is -> 
{ 93140e31a0b3f95ed71cf490d7ce584c49062236 is a merge commit
---> Commit message - Merge pull request #253 from vlajos/typofixes-vlajos-20141104

typo fixes - https://github.com/vlajos/misspell_fixer
-----------------------------------------------------------------

