# of reverts = 33
Revert diff pair 1 is -> 
{ f8726a9f2cafa1b3848e8294f7150b65108171b4 -> 33fa201dcb5c185a998b4c4a8ccafdb77115c18d } is a revert
{ 33fa201dcb5c185a998b4c4a8ccafdb77115c18d -> fd1b797949b5de043a5f42fae54032cb1a431a7d }
Revert commits SHA are -> 
33fa201dcb5c185a998b4c4a8ccafdb77115c18d - revert - fd1b797949b5de043a5f42fae54032cb1a431a7d
---> The reverted commit sha is - 33fa201dcb5c185a998b4c4a8ccafdb77115c18d
Commit message - Resolved merge conflict.
---> The original commit sha is - fd1b797949b5de043a5f42fae54032cb1a431a7d
Commit message - Accidentally commited changes VS made to the vcxproj files.
Revert "Resolved merge conflict."

This reverts commit 33fa201dcb5c185a998b4c4a8ccafdb77115c18d.
-----------------------------------------------------------------

Revert diff pair 2 is -> 
{ 67105bb93377ca01fbd778b46eecf26dbc4d7853 -> a61546008a22cb1fe11ba71b7b0584f6cd1bbcbd } is a revert
{ a61546008a22cb1fe11ba71b7b0584f6cd1bbcbd -> 236162c1756ab22b90cc30150ca177e897026315 }
Revert commits SHA are -> 
a61546008a22cb1fe11ba71b7b0584f6cd1bbcbd - revert - 236162c1756ab22b90cc30150ca177e897026315
---> The reverted commit sha is - a61546008a22cb1fe11ba71b7b0584f6cd1bbcbd
Commit message - Re-add a finalize call I should not have removed, and fix a type mismatch.
---> The original commit sha is - 236162c1756ab22b90cc30150ca177e897026315
Commit message - Merge remote-tracking branch 'sam/hashdb_sqlite' into hashdb_sqlite
-----------------------------------------------------------------

Revert diff pair 3 is -> 
{ ac4baac127076d01869f07812abd8eff145d5712 -> 4961e5dd492fa9740c8d64cc993da188a8e31be9 } is a revert
{ 4961e5dd492fa9740c8d64cc993da188a8e31be9 -> e5856d874f39ac33a0c245e7d29dd024a679a03d }
Revert commits SHA are -> 
4961e5dd492fa9740c8d64cc993da188a8e31be9 - revert - e5856d874f39ac33a0c245e7d29dd024a679a03d
---> The reverted commit sha is - 4961e5dd492fa9740c8d64cc993da188a8e31be9
Commit message - Removed superfluous change
---> The original commit sha is - e5856d874f39ac33a0c245e7d29dd024a679a03d
Commit message - Removed superfluous change
-----------------------------------------------------------------

Revert diff pair 4 is -> 
{ baed8a9d9909e75d09323bc45d7826be50a82842 -> ac4baac127076d01869f07812abd8eff145d5712 } is a revert
{ ac4baac127076d01869f07812abd8eff145d5712 -> 4961e5dd492fa9740c8d64cc993da188a8e31be9 }
Revert commits SHA are -> 
ac4baac127076d01869f07812abd8eff145d5712 - revert - 4961e5dd492fa9740c8d64cc993da188a8e31be9
---> The reverted commit sha is - ac4baac127076d01869f07812abd8eff145d5712
Commit message - Fixed commit amend
---> The original commit sha is - 4961e5dd492fa9740c8d64cc993da188a8e31be9
Commit message - Removed superfluous change
-----------------------------------------------------------------

Revert diff pair 5 is -> 
{ 7416e12381a9e5b6b73ec1ce42f9f26ef4f1dff6 -> 856372591a5056abaca13d9c3c0a7ba82e6ab318 } is a revert
{ 856372591a5056abaca13d9c3c0a7ba82e6ab318 -> a11b7225996565fd623912382a5d0e7822aa4ab1 }
Revert commits SHA are -> 
856372591a5056abaca13d9c3c0a7ba82e6ab318 - revert - a11b7225996565fd623912382a5d0e7822aa4ab1
---> The reverted commit sha is - 856372591a5056abaca13d9c3c0a7ba82e6ab318
Commit message - Added new Artifacts & Attributes for Contacts, CallLogs, Messages and Calendar Entries.
---> The original commit sha is - a11b7225996565fd623912382a5d0e7822aa4ab1
Commit message - Merge pull request #198 from jessek/srch_strings_error_msgs

Adds newlines to some error messages
-----------------------------------------------------------------

Revert diff pair 6 is -> 
{ 0ea08e4ba176f7a8304bc6848a7fb3be9eab88f9 -> 5055cbf72cb4e449b33f47a2699f19b114ba659d } is a revert
{ 5f4035e81bd0cfdc8505c35b57cc97b8f6c5d0b5 -> 2236e2e9938dabe8e348a47904a11878776fa12d }
Revert commits SHA are -> 
5055cbf72cb4e449b33f47a2699f19b114ba659d - revert - 2236e2e9938dabe8e348a47904a11878776fa12d
---> The reverted commit sha is - 5055cbf72cb4e449b33f47a2699f19b114ba659d
Commit message - Merge branch 'file-carving' of https://github.com/tmciver-basis/sleuthkit into file-carving
---> The original commit sha is - 2236e2e9938dabe8e348a47904a11878776fa12d
Commit message - Revert "Handle the case in getRootDirectory() when root dir has additional meta . and .. entries."

This reverts commit 701dc1279e0b9f49b70ede70063efe949fc19dde.
-----------------------------------------------------------------

Revert diff pair 7 is -> 
{ 249e9396497dba1473d7c0bf55e360eb7a2f6b9e -> 3ff7809b5dd8b50df6d2f5d22d819536f5e2026c } is a revert
{ 3ff7809b5dd8b50df6d2f5d22d819536f5e2026c -> 5f4035e81bd0cfdc8505c35b57cc97b8f6c5d0b5 }
Revert commits SHA are -> 
3ff7809b5dd8b50df6d2f5d22d819536f5e2026c - revert - 5f4035e81bd0cfdc8505c35b57cc97b8f6c5d0b5
---> The reverted commit sha is - 3ff7809b5dd8b50df6d2f5d22d819536f5e2026c
Commit message - Merge branch 'master' of https://github.com/sleuthkit/sleuthkit
---> The original commit sha is - 5f4035e81bd0cfdc8505c35b57cc97b8f6c5d0b5
Commit message - Merge branch 'file-carving'
-----------------------------------------------------------------

Revert diff pair 8 is -> 
{ 94fe16d2588e5dad8cf482872b1c73c01009330e -> 5c4e9580989b71bba05475a2017956b89e307e0b } is a revert
{ 4df2363a37cc5d9e0a49f185f012021627dd6f77 -> f1f1ae1cdec06aa0029a9842fb5916171cb2df14 }
Revert commits SHA are -> 
5c4e9580989b71bba05475a2017956b89e307e0b - revert - f1f1ae1cdec06aa0029a9842fb5916171cb2df14
---> The reverted commit sha is - 5c4e9580989b71bba05475a2017956b89e307e0b
Commit message - Merge http://www.github.com/sleuthkit/sleuthkit
---> The original commit sha is - f1f1ae1cdec06aa0029a9842fb5916171cb2df14
Commit message - merge changes
-----------------------------------------------------------------

Revert diff pair 9 is -> 
{ 1ce4d37d9eb9e3d33016ca49c7842dcad875edf8 -> e15d42bdf6194b7e2c33a39e4b86cc54ec26664d } is a revert
{ 4df2363a37cc5d9e0a49f185f012021627dd6f77 -> f1f1ae1cdec06aa0029a9842fb5916171cb2df14 }
Revert commits SHA are -> 
e15d42bdf6194b7e2c33a39e4b86cc54ec26664d - revert - f1f1ae1cdec06aa0029a9842fb5916171cb2df14
---> The reverted commit sha is - e15d42bdf6194b7e2c33a39e4b86cc54ec26664d
Commit message - Merge http://www.github.com/sleuthkit/sleuthkit
---> The original commit sha is - f1f1ae1cdec06aa0029a9842fb5916171cb2df14
Commit message - merge changes
-----------------------------------------------------------------

Revert diff pair 10 is -> 
{ 465989b86a3387f586a73a7674f27c237f2d3425 -> 4df2363a37cc5d9e0a49f185f012021627dd6f77 } is a revert
{ 4df2363a37cc5d9e0a49f185f012021627dd6f77 -> f1f1ae1cdec06aa0029a9842fb5916171cb2df14 }
Revert commits SHA are -> 
4df2363a37cc5d9e0a49f185f012021627dd6f77 - revert - f1f1ae1cdec06aa0029a9842fb5916171cb2df14
---> The reverted commit sha is - 4df2363a37cc5d9e0a49f185f012021627dd6f77
Commit message - Merge
---> The original commit sha is - f1f1ae1cdec06aa0029a9842fb5916171cb2df14
Commit message - merge changes
-----------------------------------------------------------------

Revert diff pair 11 is -> 
{ 6d95925c366d9820ae5cb7c52b6c95601df1d63d -> 3daf96fe26260207b3c8e42af09ac737ac222172 } is a revert
{ 465989b86a3387f586a73a7674f27c237f2d3425 -> 4df2363a37cc5d9e0a49f185f012021627dd6f77 }
Revert commits SHA are -> 
3daf96fe26260207b3c8e42af09ac737ac222172 - revert - 4df2363a37cc5d9e0a49f185f012021627dd6f77
---> The reverted commit sha is - 3daf96fe26260207b3c8e42af09ac737ac222172
Commit message - Updating to latest version of submodules.
---> The original commit sha is - 4df2363a37cc5d9e0a49f185f012021627dd6f77
Commit message - Merge
-----------------------------------------------------------------

Revert diff pair 12 is -> 
{ 0144b54b7456957a957f431db0f12fb33c89e1e3 -> aa6e1eaa3ce857b0627ccf93e03c7650d5fcda29 } is a revert
{ 465989b86a3387f586a73a7674f27c237f2d3425 -> 4df2363a37cc5d9e0a49f185f012021627dd6f77 }
Revert commits SHA are -> 
aa6e1eaa3ce857b0627ccf93e03c7650d5fcda29 - revert - 4df2363a37cc5d9e0a49f185f012021627dd6f77
---> The reverted commit sha is - aa6e1eaa3ce857b0627ccf93e03c7650d5fcda29
Commit message - Updated submodules
---> The original commit sha is - 4df2363a37cc5d9e0a49f185f012021627dd6f77
Commit message - Merge
-----------------------------------------------------------------

Revert diff pair 13 is -> 
{ 94fe16d2588e5dad8cf482872b1c73c01009330e -> 5c4e9580989b71bba05475a2017956b89e307e0b } is a revert
{ 0144b54b7456957a957f431db0f12fb33c89e1e3 -> aa6e1eaa3ce857b0627ccf93e03c7650d5fcda29 }
Revert commits SHA are -> 
5c4e9580989b71bba05475a2017956b89e307e0b - revert - aa6e1eaa3ce857b0627ccf93e03c7650d5fcda29
---> The reverted commit sha is - 5c4e9580989b71bba05475a2017956b89e307e0b
Commit message - Merge http://www.github.com/sleuthkit/sleuthkit
---> The original commit sha is - aa6e1eaa3ce857b0627ccf93e03c7650d5fcda29
Commit message - Updated submodules
-----------------------------------------------------------------

Revert diff pair 14 is -> 
{ 1ce4d37d9eb9e3d33016ca49c7842dcad875edf8 -> e15d42bdf6194b7e2c33a39e4b86cc54ec26664d } is a revert
{ 0144b54b7456957a957f431db0f12fb33c89e1e3 -> aa6e1eaa3ce857b0627ccf93e03c7650d5fcda29 }
Revert commits SHA are -> 
e15d42bdf6194b7e2c33a39e4b86cc54ec26664d - revert - aa6e1eaa3ce857b0627ccf93e03c7650d5fcda29
---> The reverted commit sha is - e15d42bdf6194b7e2c33a39e4b86cc54ec26664d
Commit message - Merge http://www.github.com/sleuthkit/sleuthkit
---> The original commit sha is - aa6e1eaa3ce857b0627ccf93e03c7650d5fcda29
Commit message - Updated submodules
-----------------------------------------------------------------

Revert diff pair 15 is -> 
{ 6d95925c366d9820ae5cb7c52b6c95601df1d63d -> 3daf96fe26260207b3c8e42af09ac737ac222172 } is a revert
{ 1ce4d37d9eb9e3d33016ca49c7842dcad875edf8 -> e15d42bdf6194b7e2c33a39e4b86cc54ec26664d }
Revert commits SHA are -> 
3daf96fe26260207b3c8e42af09ac737ac222172 - revert - e15d42bdf6194b7e2c33a39e4b86cc54ec26664d
---> The reverted commit sha is - 3daf96fe26260207b3c8e42af09ac737ac222172
Commit message - Updating to latest version of submodules.
---> The original commit sha is - e15d42bdf6194b7e2c33a39e4b86cc54ec26664d
Commit message - Merge http://www.github.com/sleuthkit/sleuthkit
-----------------------------------------------------------------

Revert diff pair 16 is -> 
{ 6d95925c366d9820ae5cb7c52b6c95601df1d63d -> 3daf96fe26260207b3c8e42af09ac737ac222172 } is a revert
{ 94fe16d2588e5dad8cf482872b1c73c01009330e -> 5c4e9580989b71bba05475a2017956b89e307e0b }
Revert commits SHA are -> 
3daf96fe26260207b3c8e42af09ac737ac222172 - revert - 5c4e9580989b71bba05475a2017956b89e307e0b
---> The reverted commit sha is - 3daf96fe26260207b3c8e42af09ac737ac222172
Commit message - Updating to latest version of submodules.
---> The original commit sha is - 5c4e9580989b71bba05475a2017956b89e307e0b
Commit message - Merge http://www.github.com/sleuthkit/sleuthkit
-----------------------------------------------------------------

Revert diff pair 17 is -> 
{ 8e888a931633dbc8da485672238c4323edcb7cba -> c993a22599b7b85f3002a15154cda46e35ac5cf2 } is a revert
{ c993a22599b7b85f3002a15154cda46e35ac5cf2 -> edebbe04277b25699d32ad034e8c3a1edb5fe08c }
Revert commits SHA are -> 
c993a22599b7b85f3002a15154cda46e35ac5cf2 - revert - edebbe04277b25699d32ad034e8c3a1edb5fe08c
---> The reverted commit sha is - c993a22599b7b85f3002a15154cda46e35ac5cf2
Commit message - jni datamodel use prepared statement to set hash
---> The original commit sha is - edebbe04277b25699d32ad034e8c3a1edb5fe08c
Commit message - Merge pull request #141 from tmciver-basis/master

Changes discussed in stand-up on 12/19/2012.
-----------------------------------------------------------------

Revert diff pair 18 is -> 
{ 0f1b6f1c76bf8b47f6c2d06f437f35f1cdd23927 -> a55231d9bb97e84a626f47e6163b0c8c6bbd5bb6 } is a revert
{ 9179376ef42ffd4948a29e01fcfd05186a360953 -> 2717613db0ee96479e0a6846733fe95378ef2881 }
Revert commits SHA are -> 
a55231d9bb97e84a626f47e6163b0c8c6bbd5bb6 - revert - 2717613db0ee96479e0a6846733fe95378ef2881
---> The reverted commit sha is - a55231d9bb97e84a626f47e6163b0c8c6bbd5bb6
Commit message - Merge https://github.com/sleuthkit/sleuthkit
---> The original commit sha is - 2717613db0ee96479e0a6846733fe95378ef2881
Commit message - Merge branch 'master' of https://github.com/sleuthkit/sleuthkit
-----------------------------------------------------------------

Revert diff pair 19 is -> 
{ 2c505c647b0320e82fdeceb03c759df8a3711b3f -> ea48b78425890eb42c794d1a4999c4e14ef96442 } is a revert
{ ea48b78425890eb42c794d1a4999c4e14ef96442 -> 8b829384423fe25b96f1d25d98303a4cf0b3bba1 }
Revert commits SHA are -> 
ea48b78425890eb42c794d1a4999c4e14ef96442 - revert - 8b829384423fe25b96f1d25d98303a4cf0b3bba1
---> The reverted commit sha is - ea48b78425890eb42c794d1a4999c4e14ef96442
Commit message - Merge https://github.com/sleuthkit/sleuthkit
---> The original commit sha is - 8b829384423fe25b96f1d25d98303a4cf0b3bba1
Commit message - Merge pull request #114 from adam-m/master

fix concurrency issues in case db read
-----------------------------------------------------------------

Revert diff pair 20 is -> 
{ af2f654e95c50abf5ed611ea5d9e255eff072fed -> 2c505c647b0320e82fdeceb03c759df8a3711b3f } is a revert
{ 2c505c647b0320e82fdeceb03c759df8a3711b3f -> ea48b78425890eb42c794d1a4999c4e14ef96442 }
Revert commits SHA are -> 
2c505c647b0320e82fdeceb03c759df8a3711b3f - revert - ea48b78425890eb42c794d1a4999c4e14ef96442
---> The reverted commit sha is - 2c505c647b0320e82fdeceb03c759df8a3711b3f
Commit message - revert to exclusive db locks for now, was causing concurrency issues with multiple readers
---> The original commit sha is - ea48b78425890eb42c794d1a4999c4e14ef96442
Commit message - Merge https://github.com/sleuthkit/sleuthkit
-----------------------------------------------------------------

Revert diff pair 21 is -> 
{ c102feb0410350d7a88568a81495ee44400fc737 -> 2ab869d680befaa769b57ea18571869cb51df78c } is a revert
{ 8b5163d7f8fc9504cf4a0f1d1527ae653955faa3 -> e2fd22d7e701e88de5b3bb977cc5a5486cda1056 }
Revert commits SHA are -> 
2ab869d680befaa769b57ea18571869cb51df78c - revert - e2fd22d7e701e88de5b3bb977cc5a5486cda1056
---> The reverted commit sha is - 2ab869d680befaa769b57ea18571869cb51df78c
Commit message - remove notion of readlocks completely
---> The original commit sha is - e2fd22d7e701e88de5b3bb977cc5a5486cda1056
Commit message - Revert "remove notion of readlocks completely"

This reverts commit 2ab869d680befaa769b57ea18571869cb51df78c.
-----------------------------------------------------------------

Revert diff pair 22 is -> 
{ 5e5b61025db787616fc2299fca3b8f72b5645f45 -> 414cacc15f0c4a7e5de2f7af209e2e559e406ccf } is a revert
{ 414cacc15f0c4a7e5de2f7af209e2e559e406ccf -> b3dbf2108eb38b2b6032ba23e5705d67ab71931f }
Revert commits SHA are -> 
414cacc15f0c4a7e5de2f7af209e2e559e406ccf - revert - b3dbf2108eb38b2b6032ba23e5705d67ab71931f
---> The reverted commit sha is - 414cacc15f0c4a7e5de2f7af209e2e559e406ccf
Commit message - Remove duplicate items.  Sort the case statement.  Use lowercase hex numbers.
---> The original commit sha is - b3dbf2108eb38b2b6032ba23e5705d67ab71931f
Commit message - Merge https://github.com/sleuthkit/sleuthkit
-----------------------------------------------------------------

Revert diff pair 23 is -> 
{ f71cd66a5ab6c2f1e6837025f2039d21dc5721d5 -> 4bb3fe077ec5d90a0c7cd12d014c93cf6173b78a } is a revert
{ 54b28dc6fc13f4b00c4cea97d616fa626838aeff -> 3f96a04e0c90538780bf5d931c3c77528647079f }
Revert commits SHA are -> 
4bb3fe077ec5d90a0c7cd12d014c93cf6173b78a - revert - 3f96a04e0c90538780bf5d931c3c77528647079f
---> The reverted commit sha is - 4bb3fe077ec5d90a0c7cd12d014c93cf6173b78a
Commit message - Synch submodule commits.
---> The original commit sha is - 3f96a04e0c90538780bf5d931c3c77528647079f
Commit message - update to regripper module
-----------------------------------------------------------------

Revert diff pair 24 is -> 
{ 343a2aa34bf37b86a6bb58a80fd5f8ec6d442914 -> 0b4cd3d8e5c93030245cd11666ab85beec6bc9bd } is a revert
{ 0b4cd3d8e5c93030245cd11666ab85beec6bc9bd -> f66a96b981fca35822c7832ffec01f321a8d3a2f }
Revert commits SHA are -> 
0b4cd3d8e5c93030245cd11666ab85beec6bc9bd - revert - f66a96b981fca35822c7832ffec01f321a8d3a2f
---> The reverted commit sha is - 0b4cd3d8e5c93030245cd11666ab85beec6bc9bd
Commit message - Name change from process to add, move temp walk data out of tskAutoDb, add some handy constructors
---> The original commit sha is - f66a96b981fca35822c7832ffec01f321a8d3a2f
Commit message - Merge branch 'master' of git://github.com/sleuthkit/sleuthkit
-----------------------------------------------------------------

Revert diff pair 25 is -> 
{ 9345b7915364e9da9ee18f69f950ddbc43b9b6da -> 95552361d2154d6162366924b871f82f87e5e80e } is a revert
{ 95552361d2154d6162366924b871f82f87e5e80e -> 408a2cecc4ac714a37c6fbdbc1aadd9e23c8a126 }
Revert commits SHA are -> 
95552361d2154d6162366924b871f82f87e5e80e - revert - 408a2cecc4ac714a37c6fbdbc1aadd9e23c8a126
---> The reverted commit sha is - 95552361d2154d6162366924b871f82f87e5e80e
Commit message - Merge branch 'master' of git://github.com/sleuthkit/sleuthkit
---> The original commit sha is - 408a2cecc4ac714a37c6fbdbc1aadd9e23c8a126
Commit message - Merge github.com:adam-m/sleuthkit
-----------------------------------------------------------------

Revert diff pair 26 is -> 
{ 9d7a8898ba587d1722fb212feab05832a3eef7cc -> 7b3e745911990ac492d131cbf091e7823591879a } is a revert
{ 7b3e745911990ac492d131cbf091e7823591879a -> 707766fb505eb20bc891105f4c6f807a56f3a33b }
Revert commits SHA are -> 
7b3e745911990ac492d131cbf091e7823591879a - revert - 707766fb505eb20bc891105f4c6f807a56f3a33b
---> The reverted commit sha is - 7b3e745911990ac492d131cbf091e7823591879a
Commit message - Merge branch 'master' of git://github.com/sleuthkit/sleuthkit

Conflicts:
	tsk3/auto/auto_db.cpp
---> The original commit sha is - 707766fb505eb20bc891105f4c6f807a56f3a33b
Commit message - Merge git://github.com/adam-m/sleuthkit
-----------------------------------------------------------------

Revert diff pair 27 is -> 
{ 6d4234b2a0c8b814c0b4d507c6c965dccdfbed5c -> 968356af9fc909eb415fa9265ff34d6434d131cd } is a revert
{ 059f39a67818c76ab49655251b778c1b6ba131a6 -> 06947692abe6608442305b26e05dbf15007b3b37 }
Revert commits SHA are -> 
968356af9fc909eb415fa9265ff34d6434d131cd - revert - 06947692abe6608442305b26e05dbf15007b3b37
---> The reverted commit sha is - 968356af9fc909eb415fa9265ff34d6434d131cd
Commit message - Modified TskPipeline class to prohibit copying of TskPipeline objects
---> The original commit sha is - 06947692abe6608442305b26e05dbf15007b3b37
Commit message - Updated submodule versions
-----------------------------------------------------------------

Revert diff pair 28 is -> 
{ 1931e42521d1c974338fdbca2bdc5106a36b42ab -> 729bee605198e5bf49830cb8c7ff2193df2a5236 } is a revert
{ 729bee605198e5bf49830cb8c7ff2193df2a5236 -> ccd35d29ce764b1ce61f70f4687ee1695c1afb06 }
Revert commits SHA are -> 
729bee605198e5bf49830cb8c7ff2193df2a5236 - revert - ccd35d29ce764b1ce61f70f4687ee1695c1afb06
---> The reverted commit sha is - 729bee605198e5bf49830cb8c7ff2193df2a5236
Commit message - Renamed pipeline validation files for consistency with naming convention used to name tsk_analyzeimg
---> The original commit sha is - ccd35d29ce764b1ce61f70f4687ee1695c1afb06
Commit message - Merge pull request #59 from adam-m/master

SleuthkitCase JNI: escaped attributes strings were never unescaped when getting back from blackboard
-----------------------------------------------------------------

Revert diff pair 29 is -> 
{ 4f74df52fbc87b584af6240d199b1dd3d88aa225 -> 01e1719f9d1a74f8b30ad266009f863719c9f622 } is a revert
{ 01e1719f9d1a74f8b30ad266009f863719c9f622 -> 8043880d55184ef73a131a13e80451c86dfb6f81 }
Revert commits SHA are -> 
01e1719f9d1a74f8b30ad266009f863719c9f622 - revert - 8043880d55184ef73a131a13e80451c86dfb6f81
---> The reverted commit sha is - 01e1719f9d1a74f8b30ad266009f863719c9f622
Commit message - MAY-287. TskFile::extension() should return empty string when the filename does not have an extension.
MAY-288. TskFileTsk::read for IMGDB_FILES_TYPE_UNUSED may not read trailing bytes in fence post situation.
---> The original commit sha is - 8043880d55184ef73a131a13e80451c86dfb6f81
Commit message - Merge branch 'master' of git://github.com/sleuthkit/sleuthkit
-----------------------------------------------------------------

Revert diff pair 30 is -> 
{ f35cf9ea54e4462eb0d2baa754ad29d2b8e7a144 -> e4ad178afc889a1b88206b6911935b671ca316bb } is a revert
{ e4ad178afc889a1b88206b6911935b671ca316bb -> 4f74df52fbc87b584af6240d199b1dd3d88aa225 }
Revert commits SHA are -> 
e4ad178afc889a1b88206b6911935b671ca316bb - revert - 4f74df52fbc87b584af6240d199b1dd3d88aa225
---> The reverted commit sha is - e4ad178afc889a1b88206b6911935b671ca316bb
Commit message - Merge branch 'master' of git://github.com/sleuthkit/sleuthkit
---> The original commit sha is - 4f74df52fbc87b584af6240d199b1dd3d88aa225
Commit message - Merge branch 'master' of git://github.com/sleuthkit/sleuthkit
-----------------------------------------------------------------

Revert diff pair 31 is -> 
{ 551626dd8fdd034c13d7acf3368c97fd0cebbcfc -> f35cf9ea54e4462eb0d2baa754ad29d2b8e7a144 } is a revert
{ f35cf9ea54e4462eb0d2baa754ad29d2b8e7a144 -> e4ad178afc889a1b88206b6911935b671ca316bb }
Revert commits SHA are -> 
f35cf9ea54e4462eb0d2baa754ad29d2b8e7a144 - revert - e4ad178afc889a1b88206b6911935b671ca316bb
---> The reverted commit sha is - f35cf9ea54e4462eb0d2baa754ad29d2b8e7a144
Commit message - Merge remote-tracking branch 'upstream/master'
---> The original commit sha is - e4ad178afc889a1b88206b6911935b671ca316bb
Commit message - Merge branch 'master' of git://github.com/sleuthkit/sleuthkit
-----------------------------------------------------------------

Revert diff pair 32 is -> 
{ d6c87c495653c805743ad3b1aa2de01207752254 -> 9577ebf3d08db2fdf0ec5c508428b434abdab5a3 } is a revert
{ 9577ebf3d08db2fdf0ec5c508428b434abdab5a3 -> 03f9b9e32ff981beba44a0fddfb0619074c179e1 }
Revert commits SHA are -> 
9577ebf3d08db2fdf0ec5c508428b434abdab5a3 - revert - 03f9b9e32ff981beba44a0fddfb0619074c179e1
---> The reverted commit sha is - 9577ebf3d08db2fdf0ec5c508428b434abdab5a3
Commit message - Merge branch 'master' of git://github.com/sleuthkit/sleuthkit
---> The original commit sha is - 03f9b9e32ff981beba44a0fddfb0619074c179e1
Commit message - Merge pull request #29 from adam-m/master

added basic synchronization, closing result sets, writing bb attributes in bulk
-----------------------------------------------------------------

Revert diff pair 33 is -> 
{ 5fbc9a1b3bbb67f419f4d1a72f0bae95c977af94 -> 23cb11fd95ad0802cbbb63ad03e639f867610900 } is a revert
{ 23cb11fd95ad0802cbbb63ad03e639f867610900 -> a5a273ccfe6e2f5c8b8204eefd87a7c49d207823 }
Revert commits SHA are -> 
23cb11fd95ad0802cbbb63ad03e639f867610900 - revert - a5a273ccfe6e2f5c8b8204eefd87a7c49d207823
---> The reverted commit sha is - 23cb11fd95ad0802cbbb63ad03e639f867610900
Commit message - Updated INSTALL.txt file to add --prefix option
---> The original commit sha is - a5a273ccfe6e2f5c8b8204eefd87a7c49d207823
Commit message - Undid previous --prefix instructions
-----------------------------------------------------------------

