# of cherry-picks = 133
Cherry-pick diff pair 1 is -> 
{ 0ec11013287a8e70759bdca420f58a6de2a517e4 -> 307d935702689f3ec74314d007f3ae920e5e3f16 } is a cherrypick
{ 34770049535c75d2e79fdbeda9211f12b4b139cb -> 295ceba7e6845d961e041e3bfb827d8c649ba841 }
Cherrypick commits SHA are -> 
307d935702689f3ec74314d007f3ae920e5e3f16 - cherrypick - 295ceba7e6845d961e041e3bfb827d8c649ba841
---> The cherrypicked commit sha is - 307d935702689f3ec74314d007f3ae920e5e3f16
Commit message - Sleuthkit updates for PhotoRec handling
---> The original commit sha is - 295ceba7e6845d961e041e3bfb827d8c649ba841
Commit message - changed treeset to slightly more generic sortedset
-----------------------------------------------------------------

Cherry-pick diff pair 2 is -> 
{ 8b28c182392a2c94fa167c6df0418caee3b07372 -> 36929dcae124120c0f09348a93cbad6d15a55a9e } is a cherrypick
{ f85c0b1e854e3704cb16c35777c8a580908a6c46 -> 943072b476e09ecbdb9dcc11acb809523602deba }
Cherrypick commits SHA are -> 
36929dcae124120c0f09348a93cbad6d15a55a9e - cherrypick - 943072b476e09ecbdb9dcc11acb809523602deba
---> The cherrypicked commit sha is - 36929dcae124120c0f09348a93cbad6d15a55a9e
Commit message - Updated README about libraries
---> The original commit sha is - 943072b476e09ecbdb9dcc11acb809523602deba
Commit message - Merge remote-tracking branch 'origin/develop' into develop
-----------------------------------------------------------------

Cherry-pick diff pair 3 is -> 
{ 23aad71c14d7dffe298879cefcef4773e1b6a8a6 -> 0b2aa214ed4b24d61a5bdd4026001bfb46f6e4bc } is a cherrypick
{ cd1bb24fb0b2be912c33dba4dbfa2081b0694736 -> cf9938209d15a41c7bc084298c1b9a13c65f7fe9 }
Cherrypick commits SHA are -> 
0b2aa214ed4b24d61a5bdd4026001bfb46f6e4bc - cherrypick - cf9938209d15a41c7bc084298c1b9a13c65f7fe9
---> The cherrypicked commit sha is - 0b2aa214ed4b24d61a5bdd4026001bfb46f6e4bc
Commit message - Merge remote-tracking branch 'upstream/develop' into case_db_conn_per_thread
---> The original commit sha is - cf9938209d15a41c7bc084298c1b9a13c65f7fe9
Commit message - Merge branch 'case_db_conn_per_thread' into develop
-----------------------------------------------------------------

Cherry-pick diff pair 4 is -> 
{ a39000bd71da51b4257759946054e535edcca7c8 -> 378378791d2629158688392e1dec0d278a2aa6cb } is a cherrypick
{ 1a89ef2930c7a91d7e4e0e3b8d8fe22e6a479874 -> 2116730c3e93ce21123eb12ab74bb938e7a30318 }
Cherrypick commits SHA are -> 
378378791d2629158688392e1dec0d278a2aa6cb - cherrypick - 2116730c3e93ce21123eb12ab74bb938e7a30318
---> The cherrypicked commit sha is - 378378791d2629158688392e1dec0d278a2aa6cb
Commit message - Fix management of hash db indexes
---> The original commit sha is - 2116730c3e93ce21123eb12ab74bb938e7a30318
Commit message - Merge pull request #350 from rcordovano/hash_db_index_line_length

Fix management of hash db indexes
-----------------------------------------------------------------

Cherry-pick diff pair 5 is -> 
{ d08694aedfd5c2a1c38bcc508ecd853269f01d4f -> 6dc7a922cbad958d1b2847c24f8d7e59fba97a84 } is a cherrypick
{ ba2aa1cb9567b3f6cbb46f12e98751ec69f43674 -> 07ced037cae4fc2c476891d99044ad63b65569f6 }
Cherrypick commits SHA are -> 
6dc7a922cbad958d1b2847c24f8d7e59fba97a84 - cherrypick - 07ced037cae4fc2c476891d99044ad63b65569f6
---> The cherrypicked commit sha is - 6dc7a922cbad958d1b2847c24f8d7e59fba97a84
Commit message - Merge pull request #348 from aapo/master

mactime: Support for time in dates
---> The original commit sha is - 07ced037cae4fc2c476891d99044ad63b65569f6
Commit message - Merge branch 'develop' of github.com:sleuthkit/sleuthkit into develop
-----------------------------------------------------------------

Cherry-pick diff pair 6 is -> 
{ 73738579cf3a88a937e196569e5269152cf51af4 -> b89008bd517d6a914d4b4e542722ba86358505c3 } is a cherrypick
{ dcad92d14a248b0aeca0f099e6acf8991f1d273e -> a2d621f8a63ad3bb10287bf16d9d387ad447e6f8 }
Cherrypick commits SHA are -> 
b89008bd517d6a914d4b4e542722ba86358505c3 - cherrypick - a2d621f8a63ad3bb10287bf16d9d387ad447e6f8
---> The cherrypicked commit sha is - b89008bd517d6a914d4b4e542722ba86358505c3
Commit message - Merge remote-tracking branch 'upstream/develop' into reports_table
---> The original commit sha is - a2d621f8a63ad3bb10287bf16d9d387ad447e6f8
Commit message - Merge branch 'develop' of github.com:sleuthkit/sleuthkit into develop
-----------------------------------------------------------------

Cherry-pick diff pair 7 is -> 
{ 7dce6091dfe203181fbcbc56255ec8f9279efa3b -> 251d0e286ade8cb68bc340a2173dd778b94e161c } is a cherrypick
{ 5d3b55c9406edf8941cf91ac7e779eec98518efc -> 8e4492bcb35208f8cb1daee3a111345df15c5953 }
Cherrypick commits SHA are -> 
251d0e286ade8cb68bc340a2173dd778b94e161c - cherrypick - 8e4492bcb35208f8cb1daee3a111345df15c5953
---> The cherrypicked commit sha is - 251d0e286ade8cb68bc340a2173dd778b94e161c
Commit message - Merge remote-tracking branch 'upstream/develop' into sample
---> The original commit sha is - 8e4492bcb35208f8cb1daee3a111345df15c5953
Commit message - Merge branch 'sample' of git://github.com/alexjacks92/sleuthkit into alexjacks92-sample
-----------------------------------------------------------------

Cherry-pick diff pair 8 is -> 
{ dc2341c36f6eb18a1fb8e6ea3ca31d8a9e6d20fa -> 45d005bf1de3fc43cc43a8b31b476a19bcbf76c7 } is a cherrypick
{ 11126f938ed2f3dad3453b160aad04dbed2d23da -> d1534464f013821e534ac0fddde786761efc04e9 }
Cherrypick commits SHA are -> 
45d005bf1de3fc43cc43a8b31b476a19bcbf76c7 - cherrypick - d1534464f013821e534ac0fddde786761efc04e9
---> The cherrypicked commit sha is - 45d005bf1de3fc43cc43a8b31b476a19bcbf76c7
Commit message - First pass at sample program.
---> The original commit sha is - d1534464f013821e534ac0fddde786761efc04e9
Commit message - Merge remote-tracking branch 'upstream/develop' into sample
-----------------------------------------------------------------

Cherry-pick diff pair 9 is -> 
{ c70a6096efb1e81f300838368bb0ca08b6d18c04 -> 83d518e68490e98801ed5d47e5f15faaeda9d876 } is a cherrypick
{ ba4d1bd1e80fe5668d7f1169a311ccf42e6107a5 -> ce011b01366bdd12be7f2dad285c7fcfc3314b35 }
Cherrypick commits SHA are -> 
83d518e68490e98801ed5d47e5f15faaeda9d876 - cherrypick - ce011b01366bdd12be7f2dad285c7fcfc3314b35
---> The cherrypicked commit sha is - 83d518e68490e98801ed5d47e5f15faaeda9d876
Commit message - removed files that should not have been added by last merge
---> The original commit sha is - ce011b01366bdd12be7f2dad285c7fcfc3314b35
Commit message - Merge branch 'develop' of github.com:sleuthkit/sleuthkit into develop
-----------------------------------------------------------------

Cherry-pick diff pair 10 is -> 
{ e2fb7062483a308549015d353c6ce8a3df9786db -> 008021f73623e016d1c9c15e5535a7db6b4c4c35 } is a cherrypick
{ 1d37fa501db37636f3b5666d4b06315a8a3316bc -> 0c10e25a9b36cfe144ad102fa84d0dd6ea67436a }
Cherrypick commits SHA are -> 
008021f73623e016d1c9c15e5535a7db6b4c4c35 - cherrypick - 0c10e25a9b36cfe144ad102fa84d0dd6ea67436a
---> The cherrypicked commit sha is - 008021f73623e016d1c9c15e5535a7db6b4c4c35
Commit message - Fix for Jira AUT-1176.
---> The original commit sha is - 0c10e25a9b36cfe144ad102fa84d0dd6ea67436a
Commit message - Merge pull request #325 from alexjacks92/develop

Fix for Jira AUT-1176.
-----------------------------------------------------------------

Cherry-pick diff pair 11 is -> 
{ dd977f437a7eb5ff3876deee808b748e423919fd -> 71811af6a1d6fe10945ec16131990c0f1fcc98eb } is a cherrypick
{ 1d37fa501db37636f3b5666d4b06315a8a3316bc -> 0c10e25a9b36cfe144ad102fa84d0dd6ea67436a }
Cherrypick commits SHA are -> 
71811af6a1d6fe10945ec16131990c0f1fcc98eb - cherrypick - 0c10e25a9b36cfe144ad102fa84d0dd6ea67436a
---> The cherrypicked commit sha is - 71811af6a1d6fe10945ec16131990c0f1fcc98eb
Commit message - Merge remote-tracking branch 'upstream/develop' into sample
---> The original commit sha is - 0c10e25a9b36cfe144ad102fa84d0dd6ea67436a
Commit message - Merge pull request #325 from alexjacks92/develop

Fix for Jira AUT-1176.
-----------------------------------------------------------------

Cherry-pick diff pair 12 is -> 
{ e2fb7062483a308549015d353c6ce8a3df9786db -> 008021f73623e016d1c9c15e5535a7db6b4c4c35 } is a cherrypick
{ dd977f437a7eb5ff3876deee808b748e423919fd -> 71811af6a1d6fe10945ec16131990c0f1fcc98eb }
Cherrypick commits SHA are -> 
008021f73623e016d1c9c15e5535a7db6b4c4c35 - cherrypick - 71811af6a1d6fe10945ec16131990c0f1fcc98eb
---> The cherrypicked commit sha is - 008021f73623e016d1c9c15e5535a7db6b4c4c35
Commit message - Fix for Jira AUT-1176.
---> The original commit sha is - 71811af6a1d6fe10945ec16131990c0f1fcc98eb
Commit message - Merge remote-tracking branch 'upstream/develop' into sample
-----------------------------------------------------------------

Cherry-pick diff pair 13 is -> 
{ 4e32e432f87e45d5cce2706d7f20fe8c43155f6f -> cbe42ae1ad8f77a3bad2d70f9959d4c8626fca6c } is a cherrypick
{ 1b1a6c06f30bb03a041d2bfab0b8f6c80477a8ce -> de6fe30f7d408cf84531634c0ca8a06aab51ae0b }
Cherrypick commits SHA are -> 
cbe42ae1ad8f77a3bad2d70f9959d4c8626fca6c - cherrypick - de6fe30f7d408cf84531634c0ca8a06aab51ae0b
---> The cherrypicked commit sha is - cbe42ae1ad8f77a3bad2d70f9959d4c8626fca6c
Commit message - add implementation of Comparable interface to TagName to facilitate sorting.
---> The original commit sha is - de6fe30f7d408cf84531634c0ca8a06aab51ae0b
Commit message - Merge pull request #312 from millmanorama/develop

add implementation of Comparable interface to TagName to facilitate sorting.
-----------------------------------------------------------------

Cherry-pick diff pair 14 is -> 
{ 23bc99f5f949ca3db6a2d9bd4a2a9eab43193454 -> 93bcbaa9b6e6bb7104f7f95214d96d9a664820b4 } is a cherrypick
{ 8c65d1fcc156d6e869d786dcb6b3a81169a5f005 -> ec9b3c4a37d1f9ee2f00407dabba35b9573906f3 }
Cherrypick commits SHA are -> 
93bcbaa9b6e6bb7104f7f95214d96d9a664820b4 - cherrypick - ec9b3c4a37d1f9ee2f00407dabba35b9573906f3
---> The cherrypicked commit sha is - 93bcbaa9b6e6bb7104f7f95214d96d9a664820b4
Commit message - Update SleuthkitCase.java
---> The original commit sha is - ec9b3c4a37d1f9ee2f00407dabba35b9573906f3
Commit message - Merge branch 'image' of https://github.com/shahit2/sleuthkit into image
-----------------------------------------------------------------

Cherry-pick diff pair 15 is -> 
{ 7b9e5bdca9f4296add7ddd30c3ff79e9724792c7 -> 910df4521a25fa0f77e7541ee14217a4403135b5 } is a cherrypick
{ a383cb19b2b3899f97f192bd7e320f19be44e03c -> a27024aa209cb77cba67582a1adf31705485d1ee }
Cherrypick commits SHA are -> 
910df4521a25fa0f77e7541ee14217a4403135b5 - cherrypick - a27024aa209cb77cba67582a1adf31705485d1ee
---> The cherrypicked commit sha is - 910df4521a25fa0f77e7541ee14217a4403135b5
Commit message - New version files for 4.1.3
---> The original commit sha is - a27024aa209cb77cba67582a1adf31705485d1ee
Commit message - Merge branch 'master' of github.com:sleuthkit/sleuthkit
-----------------------------------------------------------------

Cherry-pick diff pair 16 is -> 
{ 61f8947b82d98146f0a9bdfadf2790b8219a54b0 -> 1d1a2ca674ab02f8fad31cdeaa506fbf4b08d4f7 } is a cherrypick
{ c82c0b34766fc95810886b6ad2e40559cc581b69 -> 44b5529a52ab986c2f30c774efd8491f6483017d }
Cherrypick commits SHA are -> 
1d1a2ca674ab02f8fad31cdeaa506fbf4b08d4f7 - cherrypick - 44b5529a52ab986c2f30c774efd8491f6483017d
---> The cherrypicked commit sha is - 1d1a2ca674ab02f8fad31cdeaa506fbf4b08d4f7
Commit message - Fixed a typo in an attribute name.
---> The original commit sha is - 44b5529a52ab986c2f30c774efd8491f6483017d
Commit message - Merge branch 'develop' of github.com:sleuthkit/sleuthkit into develop
-----------------------------------------------------------------

Cherry-pick diff pair 17 is -> 
{ 966d2ae8e9d135da8296780069afb1b3490dfc01 -> ff40137033fb8f84a725397f577e7dc189a20e69 } is a cherrypick
{ 9ee1a235c4c48a6de25c353a60f1ced7c9d95649 -> 169d5364430ee68ae66e51e851b9ff50ec94ec39 }
Cherrypick commits SHA are -> 
ff40137033fb8f84a725397f577e7dc189a20e69 - cherrypick - 169d5364430ee68ae66e51e851b9ff50ec94ec39
---> The cherrypicked commit sha is - ff40137033fb8f84a725397f577e7dc189a20e69
Commit message - Merge pull request #261 from jawallace/new_lib_loading

New lib loading
---> The original commit sha is - 169d5364430ee68ae66e51e851b9ff50ec94ec39
Commit message - Merge branch 'master' of github.com:sleuthkit/sleuthkit
-----------------------------------------------------------------

Cherry-pick diff pair 18 is -> 
{ 546c548e794c6e0a1d12b16ea2897b70d03ddb7e -> 9c1d18815d8d65801ef765b82e5ee5b340650e0f } is a cherrypick
{ 69e56725d0ea3b64b15a6b598cbb4004f02b79be -> e7889adc139337ed789b1666fd1b1a6fb7b855f3 }
Cherrypick commits SHA are -> 
9c1d18815d8d65801ef765b82e5ee5b340650e0f - cherrypick - e7889adc139337ed789b1666fd1b1a6fb7b855f3
---> The cherrypicked commit sha is - 9c1d18815d8d65801ef765b82e5ee5b340650e0f
Commit message - Merge remote-tracking branch 'sam/hashdb_comments' into hashdb_comments
---> The original commit sha is - e7889adc139337ed789b1666fd1b1a6fb7b855f3
Commit message - Merge remote-tracking branch 'sam/hashdb_comments' into hashdb_comments
-----------------------------------------------------------------

Cherry-pick diff pair 19 is -> 
{ 064c796bc6c49554cc6f50cd8f044d3a2aaed8c2 -> 70b8f7d84e6bab36910e90260efbec95ddbcb166 } is a cherrypick
{ 37af5f3036934bf564b9d5580e00d368d947ac91 -> bbb5709ffdff3a7837c1ad9fd2436354cc37c010 }
Cherrypick commits SHA are -> 
70b8f7d84e6bab36910e90260efbec95ddbcb166 - cherrypick - bbb5709ffdff3a7837c1ad9fd2436354cc37c010
---> The cherrypicked commit sha is - 70b8f7d84e6bab36910e90260efbec95ddbcb166
Commit message - Merge branch 'tags_and_hashes', remote-tracking branch 'sam/hashdb_sqlite' into tags_and_hashes
---> The original commit sha is - bbb5709ffdff3a7837c1ad9fd2436354cc37c010
Commit message - Merge remote-tracking branch 'sam/hashdb_sqlite' into tags_and_hashes
-----------------------------------------------------------------

Cherry-pick diff pair 20 is -> 
{ a28a3aac6a34ff2799114923d09d0bb594eb438c -> 370817309b628a50dbb7dea9ebe4edfdfef39d0b } is a cherrypick
{ 37af5f3036934bf564b9d5580e00d368d947ac91 -> bbb5709ffdff3a7837c1ad9fd2436354cc37c010 }
Cherrypick commits SHA are -> 
370817309b628a50dbb7dea9ebe4edfdfef39d0b - cherrypick - bbb5709ffdff3a7837c1ad9fd2436354cc37c010
---> The cherrypicked commit sha is - 370817309b628a50dbb7dea9ebe4edfdfef39d0b
Commit message - Merge branch 'tags_and_hashes', remote-tracking branch 'sam/hashdb_sqlite' into tags_and_hashes
---> The original commit sha is - bbb5709ffdff3a7837c1ad9fd2436354cc37c010
Commit message - Merge remote-tracking branch 'sam/hashdb_sqlite' into tags_and_hashes
-----------------------------------------------------------------

Cherry-pick diff pair 21 is -> 
{ ddc9be4e0375123d8babbd532b7db5451202af29 -> ae255769215a61271966a61cbc0fe03216e40df0 } is a cherrypick
{ 37af5f3036934bf564b9d5580e00d368d947ac91 -> bbb5709ffdff3a7837c1ad9fd2436354cc37c010 }
Cherrypick commits SHA are -> 
ae255769215a61271966a61cbc0fe03216e40df0 - cherrypick - bbb5709ffdff3a7837c1ad9fd2436354cc37c010
---> The cherrypicked commit sha is - ae255769215a61271966a61cbc0fe03216e40df0
Commit message - Merge branch 'tags_and_hashes', remote-tracking branch 'sam/hashdb_sqlite' into tags_and_hashes
---> The original commit sha is - bbb5709ffdff3a7837c1ad9fd2436354cc37c010
Commit message - Merge remote-tracking branch 'sam/hashdb_sqlite' into tags_and_hashes
-----------------------------------------------------------------

Cherry-pick diff pair 22 is -> 
{ 1bd1cc3c055e2ef8820d03bacf68d655124797fd -> c289adf3397a64266db3c951a30c4f8b89b6644e } is a cherrypick
{ 37af5f3036934bf564b9d5580e00d368d947ac91 -> bbb5709ffdff3a7837c1ad9fd2436354cc37c010 }
Cherrypick commits SHA are -> 
c289adf3397a64266db3c951a30c4f8b89b6644e - cherrypick - bbb5709ffdff3a7837c1ad9fd2436354cc37c010
---> The cherrypicked commit sha is - c289adf3397a64266db3c951a30c4f8b89b6644e
Commit message - Merge remote-tracking branch 'sam/hashdb_sqlite' into tags_and_hashes
---> The original commit sha is - bbb5709ffdff3a7837c1ad9fd2436354cc37c010
Commit message - Merge remote-tracking branch 'sam/hashdb_sqlite' into tags_and_hashes
-----------------------------------------------------------------

Cherry-pick diff pair 23 is -> 
{ 8719513989bd1d15702e5849e670ee1190bd3524 -> 203526403293c6d3e8c29d5ae2eb12c82a0b78ce } is a cherrypick
{ 37af5f3036934bf564b9d5580e00d368d947ac91 -> bbb5709ffdff3a7837c1ad9fd2436354cc37c010 }
Cherrypick commits SHA are -> 
203526403293c6d3e8c29d5ae2eb12c82a0b78ce - cherrypick - bbb5709ffdff3a7837c1ad9fd2436354cc37c010
---> The cherrypicked commit sha is - 203526403293c6d3e8c29d5ae2eb12c82a0b78ce
Commit message - Merge remote-tracking branch 'sam/hashdb_sqlite' into tags_and_hashes
---> The original commit sha is - bbb5709ffdff3a7837c1ad9fd2436354cc37c010
Commit message - Merge remote-tracking branch 'sam/hashdb_sqlite' into tags_and_hashes
-----------------------------------------------------------------

Cherry-pick diff pair 24 is -> 
{ 14fa734abdcbde09aee05fa2d2503269c2184e0f -> bbaaf7acef96a284eb88b054a1a81f348181fc0a } is a cherrypick
{ 37af5f3036934bf564b9d5580e00d368d947ac91 -> bbb5709ffdff3a7837c1ad9fd2436354cc37c010 }
Cherrypick commits SHA are -> 
bbaaf7acef96a284eb88b054a1a81f348181fc0a - cherrypick - bbb5709ffdff3a7837c1ad9fd2436354cc37c010
---> The cherrypicked commit sha is - bbaaf7acef96a284eb88b054a1a81f348181fc0a
Commit message - Merge remote-tracking branch 'sam/hashdb_sqlite' into tags_and_hashes
---> The original commit sha is - bbb5709ffdff3a7837c1ad9fd2436354cc37c010
Commit message - Merge remote-tracking branch 'sam/hashdb_sqlite' into tags_and_hashes
-----------------------------------------------------------------

Cherry-pick diff pair 25 is -> 
{ 064c796bc6c49554cc6f50cd8f044d3a2aaed8c2 -> 70b8f7d84e6bab36910e90260efbec95ddbcb166 } is a cherrypick
{ 14fa734abdcbde09aee05fa2d2503269c2184e0f -> bbaaf7acef96a284eb88b054a1a81f348181fc0a }
Cherrypick commits SHA are -> 
70b8f7d84e6bab36910e90260efbec95ddbcb166 - cherrypick - bbaaf7acef96a284eb88b054a1a81f348181fc0a
---> The cherrypicked commit sha is - 70b8f7d84e6bab36910e90260efbec95ddbcb166
Commit message - Merge branch 'tags_and_hashes', remote-tracking branch 'sam/hashdb_sqlite' into tags_and_hashes
---> The original commit sha is - bbaaf7acef96a284eb88b054a1a81f348181fc0a
Commit message - Merge remote-tracking branch 'sam/hashdb_sqlite' into tags_and_hashes
-----------------------------------------------------------------

Cherry-pick diff pair 26 is -> 
{ a28a3aac6a34ff2799114923d09d0bb594eb438c -> 370817309b628a50dbb7dea9ebe4edfdfef39d0b } is a cherrypick
{ 14fa734abdcbde09aee05fa2d2503269c2184e0f -> bbaaf7acef96a284eb88b054a1a81f348181fc0a }
Cherrypick commits SHA are -> 
370817309b628a50dbb7dea9ebe4edfdfef39d0b - cherrypick - bbaaf7acef96a284eb88b054a1a81f348181fc0a
---> The cherrypicked commit sha is - 370817309b628a50dbb7dea9ebe4edfdfef39d0b
Commit message - Merge branch 'tags_and_hashes', remote-tracking branch 'sam/hashdb_sqlite' into tags_and_hashes
---> The original commit sha is - bbaaf7acef96a284eb88b054a1a81f348181fc0a
Commit message - Merge remote-tracking branch 'sam/hashdb_sqlite' into tags_and_hashes
-----------------------------------------------------------------

Cherry-pick diff pair 27 is -> 
{ ddc9be4e0375123d8babbd532b7db5451202af29 -> ae255769215a61271966a61cbc0fe03216e40df0 } is a cherrypick
{ 14fa734abdcbde09aee05fa2d2503269c2184e0f -> bbaaf7acef96a284eb88b054a1a81f348181fc0a }
Cherrypick commits SHA are -> 
ae255769215a61271966a61cbc0fe03216e40df0 - cherrypick - bbaaf7acef96a284eb88b054a1a81f348181fc0a
---> The cherrypicked commit sha is - ae255769215a61271966a61cbc0fe03216e40df0
Commit message - Merge branch 'tags_and_hashes', remote-tracking branch 'sam/hashdb_sqlite' into tags_and_hashes
---> The original commit sha is - bbaaf7acef96a284eb88b054a1a81f348181fc0a
Commit message - Merge remote-tracking branch 'sam/hashdb_sqlite' into tags_and_hashes
-----------------------------------------------------------------

Cherry-pick diff pair 28 is -> 
{ 1bd1cc3c055e2ef8820d03bacf68d655124797fd -> c289adf3397a64266db3c951a30c4f8b89b6644e } is a cherrypick
{ 14fa734abdcbde09aee05fa2d2503269c2184e0f -> bbaaf7acef96a284eb88b054a1a81f348181fc0a }
Cherrypick commits SHA are -> 
c289adf3397a64266db3c951a30c4f8b89b6644e - cherrypick - bbaaf7acef96a284eb88b054a1a81f348181fc0a
---> The cherrypicked commit sha is - c289adf3397a64266db3c951a30c4f8b89b6644e
Commit message - Merge remote-tracking branch 'sam/hashdb_sqlite' into tags_and_hashes
---> The original commit sha is - bbaaf7acef96a284eb88b054a1a81f348181fc0a
Commit message - Merge remote-tracking branch 'sam/hashdb_sqlite' into tags_and_hashes
-----------------------------------------------------------------

Cherry-pick diff pair 29 is -> 
{ 8719513989bd1d15702e5849e670ee1190bd3524 -> 203526403293c6d3e8c29d5ae2eb12c82a0b78ce } is a cherrypick
{ 14fa734abdcbde09aee05fa2d2503269c2184e0f -> bbaaf7acef96a284eb88b054a1a81f348181fc0a }
Cherrypick commits SHA are -> 
203526403293c6d3e8c29d5ae2eb12c82a0b78ce - cherrypick - bbaaf7acef96a284eb88b054a1a81f348181fc0a
---> The cherrypicked commit sha is - 203526403293c6d3e8c29d5ae2eb12c82a0b78ce
Commit message - Merge remote-tracking branch 'sam/hashdb_sqlite' into tags_and_hashes
---> The original commit sha is - bbaaf7acef96a284eb88b054a1a81f348181fc0a
Commit message - Merge remote-tracking branch 'sam/hashdb_sqlite' into tags_and_hashes
-----------------------------------------------------------------

Cherry-pick diff pair 30 is -> 
{ 064c796bc6c49554cc6f50cd8f044d3a2aaed8c2 -> 70b8f7d84e6bab36910e90260efbec95ddbcb166 } is a cherrypick
{ 8719513989bd1d15702e5849e670ee1190bd3524 -> 203526403293c6d3e8c29d5ae2eb12c82a0b78ce }
Cherrypick commits SHA are -> 
70b8f7d84e6bab36910e90260efbec95ddbcb166 - cherrypick - 203526403293c6d3e8c29d5ae2eb12c82a0b78ce
---> The cherrypicked commit sha is - 70b8f7d84e6bab36910e90260efbec95ddbcb166
Commit message - Merge branch 'tags_and_hashes', remote-tracking branch 'sam/hashdb_sqlite' into tags_and_hashes
---> The original commit sha is - 203526403293c6d3e8c29d5ae2eb12c82a0b78ce
Commit message - Merge remote-tracking branch 'sam/hashdb_sqlite' into tags_and_hashes
-----------------------------------------------------------------

Cherry-pick diff pair 31 is -> 
{ a28a3aac6a34ff2799114923d09d0bb594eb438c -> 370817309b628a50dbb7dea9ebe4edfdfef39d0b } is a cherrypick
{ 8719513989bd1d15702e5849e670ee1190bd3524 -> 203526403293c6d3e8c29d5ae2eb12c82a0b78ce }
Cherrypick commits SHA are -> 
370817309b628a50dbb7dea9ebe4edfdfef39d0b - cherrypick - 203526403293c6d3e8c29d5ae2eb12c82a0b78ce
---> The cherrypicked commit sha is - 370817309b628a50dbb7dea9ebe4edfdfef39d0b
Commit message - Merge branch 'tags_and_hashes', remote-tracking branch 'sam/hashdb_sqlite' into tags_and_hashes
---> The original commit sha is - 203526403293c6d3e8c29d5ae2eb12c82a0b78ce
Commit message - Merge remote-tracking branch 'sam/hashdb_sqlite' into tags_and_hashes
-----------------------------------------------------------------

Cherry-pick diff pair 32 is -> 
{ ddc9be4e0375123d8babbd532b7db5451202af29 -> ae255769215a61271966a61cbc0fe03216e40df0 } is a cherrypick
{ 8719513989bd1d15702e5849e670ee1190bd3524 -> 203526403293c6d3e8c29d5ae2eb12c82a0b78ce }
Cherrypick commits SHA are -> 
ae255769215a61271966a61cbc0fe03216e40df0 - cherrypick - 203526403293c6d3e8c29d5ae2eb12c82a0b78ce
---> The cherrypicked commit sha is - ae255769215a61271966a61cbc0fe03216e40df0
Commit message - Merge branch 'tags_and_hashes', remote-tracking branch 'sam/hashdb_sqlite' into tags_and_hashes
---> The original commit sha is - 203526403293c6d3e8c29d5ae2eb12c82a0b78ce
Commit message - Merge remote-tracking branch 'sam/hashdb_sqlite' into tags_and_hashes
-----------------------------------------------------------------

Cherry-pick diff pair 33 is -> 
{ 1bd1cc3c055e2ef8820d03bacf68d655124797fd -> c289adf3397a64266db3c951a30c4f8b89b6644e } is a cherrypick
{ 8719513989bd1d15702e5849e670ee1190bd3524 -> 203526403293c6d3e8c29d5ae2eb12c82a0b78ce }
Cherrypick commits SHA are -> 
c289adf3397a64266db3c951a30c4f8b89b6644e - cherrypick - 203526403293c6d3e8c29d5ae2eb12c82a0b78ce
---> The cherrypicked commit sha is - c289adf3397a64266db3c951a30c4f8b89b6644e
Commit message - Merge remote-tracking branch 'sam/hashdb_sqlite' into tags_and_hashes
---> The original commit sha is - 203526403293c6d3e8c29d5ae2eb12c82a0b78ce
Commit message - Merge remote-tracking branch 'sam/hashdb_sqlite' into tags_and_hashes
-----------------------------------------------------------------

Cherry-pick diff pair 34 is -> 
{ 064c796bc6c49554cc6f50cd8f044d3a2aaed8c2 -> 70b8f7d84e6bab36910e90260efbec95ddbcb166 } is a cherrypick
{ 1bd1cc3c055e2ef8820d03bacf68d655124797fd -> c289adf3397a64266db3c951a30c4f8b89b6644e }
Cherrypick commits SHA are -> 
70b8f7d84e6bab36910e90260efbec95ddbcb166 - cherrypick - c289adf3397a64266db3c951a30c4f8b89b6644e
---> The cherrypicked commit sha is - 70b8f7d84e6bab36910e90260efbec95ddbcb166
Commit message - Merge branch 'tags_and_hashes', remote-tracking branch 'sam/hashdb_sqlite' into tags_and_hashes
---> The original commit sha is - c289adf3397a64266db3c951a30c4f8b89b6644e
Commit message - Merge remote-tracking branch 'sam/hashdb_sqlite' into tags_and_hashes
-----------------------------------------------------------------

Cherry-pick diff pair 35 is -> 
{ a28a3aac6a34ff2799114923d09d0bb594eb438c -> 370817309b628a50dbb7dea9ebe4edfdfef39d0b } is a cherrypick
{ 1bd1cc3c055e2ef8820d03bacf68d655124797fd -> c289adf3397a64266db3c951a30c4f8b89b6644e }
Cherrypick commits SHA are -> 
370817309b628a50dbb7dea9ebe4edfdfef39d0b - cherrypick - c289adf3397a64266db3c951a30c4f8b89b6644e
---> The cherrypicked commit sha is - 370817309b628a50dbb7dea9ebe4edfdfef39d0b
Commit message - Merge branch 'tags_and_hashes', remote-tracking branch 'sam/hashdb_sqlite' into tags_and_hashes
---> The original commit sha is - c289adf3397a64266db3c951a30c4f8b89b6644e
Commit message - Merge remote-tracking branch 'sam/hashdb_sqlite' into tags_and_hashes
-----------------------------------------------------------------

Cherry-pick diff pair 36 is -> 
{ ddc9be4e0375123d8babbd532b7db5451202af29 -> ae255769215a61271966a61cbc0fe03216e40df0 } is a cherrypick
{ 1bd1cc3c055e2ef8820d03bacf68d655124797fd -> c289adf3397a64266db3c951a30c4f8b89b6644e }
Cherrypick commits SHA are -> 
ae255769215a61271966a61cbc0fe03216e40df0 - cherrypick - c289adf3397a64266db3c951a30c4f8b89b6644e
---> The cherrypicked commit sha is - ae255769215a61271966a61cbc0fe03216e40df0
Commit message - Merge branch 'tags_and_hashes', remote-tracking branch 'sam/hashdb_sqlite' into tags_and_hashes
---> The original commit sha is - c289adf3397a64266db3c951a30c4f8b89b6644e
Commit message - Merge remote-tracking branch 'sam/hashdb_sqlite' into tags_and_hashes
-----------------------------------------------------------------

Cherry-pick diff pair 37 is -> 
{ 064c796bc6c49554cc6f50cd8f044d3a2aaed8c2 -> 70b8f7d84e6bab36910e90260efbec95ddbcb166 } is a cherrypick
{ ddc9be4e0375123d8babbd532b7db5451202af29 -> ae255769215a61271966a61cbc0fe03216e40df0 }
Cherrypick commits SHA are -> 
70b8f7d84e6bab36910e90260efbec95ddbcb166 - cherrypick - ae255769215a61271966a61cbc0fe03216e40df0
---> The cherrypicked commit sha is - 70b8f7d84e6bab36910e90260efbec95ddbcb166
Commit message - Merge branch 'tags_and_hashes', remote-tracking branch 'sam/hashdb_sqlite' into tags_and_hashes
---> The original commit sha is - ae255769215a61271966a61cbc0fe03216e40df0
Commit message - Merge branch 'tags_and_hashes', remote-tracking branch 'sam/hashdb_sqlite' into tags_and_hashes
-----------------------------------------------------------------

Cherry-pick diff pair 38 is -> 
{ a28a3aac6a34ff2799114923d09d0bb594eb438c -> 370817309b628a50dbb7dea9ebe4edfdfef39d0b } is a cherrypick
{ ddc9be4e0375123d8babbd532b7db5451202af29 -> ae255769215a61271966a61cbc0fe03216e40df0 }
Cherrypick commits SHA are -> 
370817309b628a50dbb7dea9ebe4edfdfef39d0b - cherrypick - ae255769215a61271966a61cbc0fe03216e40df0
---> The cherrypicked commit sha is - 370817309b628a50dbb7dea9ebe4edfdfef39d0b
Commit message - Merge branch 'tags_and_hashes', remote-tracking branch 'sam/hashdb_sqlite' into tags_and_hashes
---> The original commit sha is - ae255769215a61271966a61cbc0fe03216e40df0
Commit message - Merge branch 'tags_and_hashes', remote-tracking branch 'sam/hashdb_sqlite' into tags_and_hashes
-----------------------------------------------------------------

Cherry-pick diff pair 39 is -> 
{ 064c796bc6c49554cc6f50cd8f044d3a2aaed8c2 -> 70b8f7d84e6bab36910e90260efbec95ddbcb166 } is a cherrypick
{ a28a3aac6a34ff2799114923d09d0bb594eb438c -> 370817309b628a50dbb7dea9ebe4edfdfef39d0b }
Cherrypick commits SHA are -> 
70b8f7d84e6bab36910e90260efbec95ddbcb166 - cherrypick - 370817309b628a50dbb7dea9ebe4edfdfef39d0b
---> The cherrypicked commit sha is - 70b8f7d84e6bab36910e90260efbec95ddbcb166
Commit message - Merge branch 'tags_and_hashes', remote-tracking branch 'sam/hashdb_sqlite' into tags_and_hashes
---> The original commit sha is - 370817309b628a50dbb7dea9ebe4edfdfef39d0b
Commit message - Merge branch 'tags_and_hashes', remote-tracking branch 'sam/hashdb_sqlite' into tags_and_hashes
-----------------------------------------------------------------

Cherry-pick diff pair 40 is -> 
{ baed8a9d9909e75d09323bc45d7826be50a82842 -> ac4baac127076d01869f07812abd8eff145d5712 } is a cherrypick
{ 4961e5dd492fa9740c8d64cc993da188a8e31be9 -> e5856d874f39ac33a0c245e7d29dd024a679a03d }
Cherrypick commits SHA are -> 
ac4baac127076d01869f07812abd8eff145d5712 - cherrypick - e5856d874f39ac33a0c245e7d29dd024a679a03d
---> The cherrypicked commit sha is - ac4baac127076d01869f07812abd8eff145d5712
Commit message - Fixed commit amend
---> The original commit sha is - e5856d874f39ac33a0c245e7d29dd024a679a03d
Commit message - Removed superfluous change
-----------------------------------------------------------------

Cherry-pick diff pair 41 is -> 
{ c6872b2ed875fb29a28a8f50ff46f014e6048228 -> 0586105f83239d9cb616549ce7359410f77784b5 } is a cherrypick
{ 2c811baab18b6cca804590f9261d766269daf7ff -> d1a04827b0c2b9bdc1a411a43a4c24f1b77cb47b }
Cherrypick commits SHA are -> 
0586105f83239d9cb616549ce7359410f77784b5 - cherrypick - d1a04827b0c2b9bdc1a411a43a4c24f1b77cb47b
---> The cherrypicked commit sha is - 0586105f83239d9cb616549ce7359410f77784b5
Commit message - Refine checks for resource.h

The addition of getrusage in 369a530 had a dependency not evident when
testing in OS X.

This change wraps getrusage with a test for the header that @ant1
caught.  @bcarrier suggested using that symbol, and with the way it
pops up in Hashdeep, it looks worth using.
---> The original commit sha is - d1a04827b0c2b9bdc1a411a43a4c24f1b77cb47b
Commit message - Merge pull request #226 from ajnelson/archive/wrap_rusage_deps_v1

Refine checks for resource.h
-----------------------------------------------------------------

Cherry-pick diff pair 42 is -> 
{ 2ef9632c2c68907b13ac80c05201dc7302cc55a8 -> 81f2157aea222d16c466a16136985945fa378d59 } is a cherrypick
{ 44d704d9b8878ec29857d83f133485850b79751c -> 6979ca348ed77a8a597736e5f01b2a4888fa0fe0 }
Cherrypick commits SHA are -> 
81f2157aea222d16c466a16136985945fa378d59 - cherrypick - 6979ca348ed77a8a597736e5f01b2a4888fa0fe0
---> The cherrypicked commit sha is - 81f2157aea222d16c466a16136985945fa378d59
Commit message - New version files for 4.1.1
---> The original commit sha is - 6979ca348ed77a8a597736e5f01b2a4888fa0fe0
Commit message - Merge branch 'master' of github.com:sleuthkit/sleuthkit
-----------------------------------------------------------------

Cherry-pick diff pair 43 is -> 
{ 0948b6b875da88c9cf6a26e43dc1e035fd04ed12 -> 44adb7ae8ae84deda6dd087e91f1bbcab57cc0c0 } is a cherrypick
{ 4a8d5ca10be732d50b4814b9f637d20d2d9eb319 -> 72fdb46edd64ef2415cad2604d005385d5bf69ba }
Cherrypick commits SHA are -> 
44adb7ae8ae84deda6dd087e91f1bbcab57cc0c0 - cherrypick - 72fdb46edd64ef2415cad2604d005385d5bf69ba
---> The cherrypicked commit sha is - 44adb7ae8ae84deda6dd087e91f1bbcab57cc0c0
Commit message - Fixed why tsk_gettimes was not compilling 64-bit
---> The original commit sha is - 72fdb46edd64ef2415cad2604d005385d5bf69ba
Commit message - Merge pull request #220 from jawallace/master

Added dist-debug target to create datamodel jar from debug libs.
-----------------------------------------------------------------

Cherry-pick diff pair 44 is -> 
{ bfaaafac929716a838feee9b18142ccc010585fb -> 0d48c904469cb8dd00f452bab8b95ae6e603eb49 } is a cherrypick
{ 7b9e605dd184c68fcd113fe3fb606e45a0686ee0 -> 58a55f9af1863a66335a6df83190a3d74c31ccd2 }
Cherrypick commits SHA are -> 
0d48c904469cb8dd00f452bab8b95ae6e603eb49 - cherrypick - 58a55f9af1863a66335a6df83190a3d74c31ccd2
---> The cherrypicked commit sha is - 0d48c904469cb8dd00f452bab8b95ae6e603eb49
Commit message - Move xmlns declarations to root element

The XML namespace declarations in Fiwalk have been at the wrong point
in the XML tree.  Being where they were, only one or two elements would
get any namespace assigned to them.

Applying this patch, the output of Fiwalk is now valid DFXML according
to the (draft) XML Schema at:
<https://github.com/dfxml-working-group/dfxml_schema/blob/v1.1.0rfc0/dfxml.xsd>

After some discussion with the DFXML Working Group, it will be
appropriate to bump the /dfxml/@version attribute to "1.1.0" to indicate
support of an official DFXML Schema version; however, the current
schema version is a Request for Comments.  Input on the schema is
welcome.

Signed-off-by: Alex Nelson <a.nelson@prometheuscomputing.com>
---> The original commit sha is - 58a55f9af1863a66335a6df83190a3d74c31ccd2
Commit message - Merge pull request #212 from ajnelson/adjust_fiwalk_dfxml

Move xmlns declarations to root element
-----------------------------------------------------------------

Cherry-pick diff pair 45 is -> 
{ 30269d570bed981949475653b832e1ad1965635b -> 96f76fec90e5f50d18fb16de7bb49f6e4cf6613f } is a cherrypick
{ 760c2a1e7f0d396af179843b0687724e70cd862c -> 90c4e25f2fb7eb858734b91f6a479902fdc6a20f }
Cherrypick commits SHA are -> 
96f76fec90e5f50d18fb16de7bb49f6e4cf6613f - cherrypick - 90c4e25f2fb7eb858734b91f6a479902fdc6a20f
---> The cherrypicked commit sha is - 96f76fec90e5f50d18fb16de7bb49f6e4cf6613f
Commit message - Synching the artifact display names with those on the Java side.
---> The original commit sha is - 90c4e25f2fb7eb858734b91f6a479902fdc6a20f
Commit message - Synching the artifact display names with those on the Java side.
-----------------------------------------------------------------

Cherry-pick diff pair 46 is -> 
{ fa9a146cd486703128f5d26789d603bca0c2891b -> 5b50d61be6f74dc2a021c11bbe363676bd114921 } is a cherrypick
{ c615a4ccedcf37938bbd4b43bb73330441789801 -> 760c2a1e7f0d396af179843b0687724e70cd862c }
Cherrypick commits SHA are -> 
5b50d61be6f74dc2a021c11bbe363676bd114921 - cherrypick - 760c2a1e7f0d396af179843b0687724e70cd862c
---> The cherrypicked commit sha is - 5b50d61be6f74dc2a021c11bbe363676bd114921
Commit message - Added new artifacts/attributes for Autopsy/MPF integration.
---> The original commit sha is - 760c2a1e7f0d396af179843b0687724e70cd862c
Commit message - Added new artifacts/attributes
-----------------------------------------------------------------

Cherry-pick diff pair 47 is -> 
{ 3480575f63331bcf1665d53dd3d714839e5a1b86 -> fa9a146cd486703128f5d26789d603bca0c2891b } is a cherrypick
{ b6c2746452c6f423ff13b84d4134a46601b6a02c -> c615a4ccedcf37938bbd4b43bb73330441789801 }
Cherrypick commits SHA are -> 
fa9a146cd486703128f5d26789d603bca0c2891b - cherrypick - c615a4ccedcf37938bbd4b43bb73330441789801
---> The cherrypicked commit sha is - fa9a146cd486703128f5d26789d603bca0c2891b
Commit message - Fixed a comment on attribute name
---> The original commit sha is - c615a4ccedcf37938bbd4b43bb73330441789801
Commit message - Fixed a comment on attribute name
-----------------------------------------------------------------

Cherry-pick diff pair 48 is -> 
{ 41126d7839cc1bfe747c1e2d3ad13c7498bd1622 -> 9ba440235df4a6e17d3c635575c3b662498b34d1 } is a cherrypick
{ fc135d404707045fcc25f196634541e20a481025 -> 53234549d9403e3116f238e0b3dd0e57e44ac053 }
Cherrypick commits SHA are -> 
9ba440235df4a6e17d3c635575c3b662498b34d1 - cherrypick - 53234549d9403e3116f238e0b3dd0e57e44ac053
---> The cherrypicked commit sha is - 9ba440235df4a6e17d3c635575c3b662498b34d1
Commit message - Free fs_attr when it can't be added to list.  Reported by Mike Giancola
---> The original commit sha is - 53234549d9403e3116f238e0b3dd0e57e44ac053
Commit message - Merge branch 'master' of github.com:sleuthkit/sleuthkit
-----------------------------------------------------------------

Cherry-pick diff pair 49 is -> 
{ ada3c590df3930868c7455eec1fe258e9325abfd -> d68d0b05740ae989fc34c1e65027baa50fe42a20 } is a cherrypick
{ 1903f382d830285a5e2c85a55a7a9c0b59d56c62 -> 85a0bb139d6d25fbfba6c4d42e34e016f72d03d9 }
Cherrypick commits SHA are -> 
d68d0b05740ae989fc34c1e65027baa50fe42a20 - cherrypick - 85a0bb139d6d25fbfba6c4d42e34e016f72d03d9
---> The cherrypicked commit sha is - d68d0b05740ae989fc34c1e65027baa50fe42a20
Commit message - updated release-win to work with runtime folder
---> The original commit sha is - 85a0bb139d6d25fbfba6c4d42e34e016f72d03d9
Commit message - Merge branch 'sleuthkit-4.1-staging' of github.com:sleuthkit/sleuthkit into sleuthkit-4.1-staging
-----------------------------------------------------------------

Cherry-pick diff pair 50 is -> 
{ 97399d00159d4b2f86f0a0cb8d6eb05c175ce2bb -> 7ea244b0fe001d53406171beae4b7c6156271a00 } is a cherrypick
{ 664e25111b10bd486606e9ed56c7aa9305d026f6 -> 4096d47d916245d2d64522f73b095988d3afd68e }
Cherrypick commits SHA are -> 
7ea244b0fe001d53406171beae4b7c6156271a00 - cherrypick - 4096d47d916245d2d64522f73b095988d3afd68e
---> The cherrypicked commit sha is - 7ea244b0fe001d53406171beae4b7c6156271a00
Commit message - Merge pull request #190 from ajnelson/ensure_img_data_in_vs_open

vs_open: Ensure img_info is non-null
---> The original commit sha is - 4096d47d916245d2d64522f73b095988d3afd68e
Commit message - Merge branch 'master' of https://github.com/sleuthkit/sleuthkit
-----------------------------------------------------------------

Cherry-pick diff pair 51 is -> 
{ f99c0c77f4f64b2c27730928d41e1937bdbd6b2d -> 3d2daa4870a8ab526b47ff68701ed6cdf37608f4 } is a cherrypick
{ af5782f922197a9d7ca625b6a85cf6c0958204b8 -> 02baaaedf9534ee3be8bc89d87b38df8934a8feb }
Cherrypick commits SHA are -> 
3d2daa4870a8ab526b47ff68701ed6cdf37608f4 - cherrypick - 02baaaedf9534ee3be8bc89d87b38df8934a8feb
---> The cherrypicked commit sha is - 3d2daa4870a8ab526b47ff68701ed6cdf37608f4
Commit message - Updated .gitignore for new framework directory structure.
---> The original commit sha is - 02baaaedf9534ee3be8bc89d87b38df8934a8feb
Commit message - Updated .gitignore for new framework directory structure.
-----------------------------------------------------------------

Cherry-pick diff pair 52 is -> 
{ bffd49389b50c7c1ce4a9be4f3e5294baf65efc9 -> a7467443be1366d4f47a27e0d457846291e527a4 } is a cherrypick
{ 54bd8891a34c9c5f50b853565a8395a5000106dc -> 1b2a0b3e4753c289c6f432278c3365feefbff897 }
Cherrypick commits SHA are -> 
a7467443be1366d4f47a27e0d457846291e527a4 - cherrypick - 1b2a0b3e4753c289c6f432278c3365feefbff897
---> The cherrypicked commit sha is - a7467443be1366d4f47a27e0d457846291e527a4
Commit message - Update to latest module versions.
---> The original commit sha is - 1b2a0b3e4753c289c6f432278c3365feefbff897
Commit message - Update to latest module versions.
-----------------------------------------------------------------

Cherry-pick diff pair 53 is -> 
{ ea271e364cc32f7ed05c9106f3f421066eed0ba5 -> bffd49389b50c7c1ce4a9be4f3e5294baf65efc9 } is a cherrypick
{ 7b46a4a83627f72105e970f0bab2dbbb8a249161 -> 54bd8891a34c9c5f50b853565a8395a5000106dc }
Cherrypick commits SHA are -> 
bffd49389b50c7c1ce4a9be4f3e5294baf65efc9 - cherrypick - 54bd8891a34c9c5f50b853565a8395a5000106dc
---> The cherrypicked commit sha is - bffd49389b50c7c1ce4a9be4f3e5294baf65efc9
Commit message - Made condition argument to TskImgDB::getFileCount const
---> The original commit sha is - 54bd8891a34c9c5f50b853565a8395a5000106dc
Commit message - Made condition argument to TskImgDB::getFileCount const
-----------------------------------------------------------------

Cherry-pick diff pair 54 is -> 
{ 948e25ab77dd6790be8fa1bd21d90b9c81c1fd00 -> 1c8721282f8f221a5a6cdc5533fc8efbfd4deb89 } is a cherrypick
{ 325611dac52bf04e2a7c2cc07fb5046c1c016c01 -> 58162bd3db42e13d62296244356f568c07734beb }
Cherrypick commits SHA are -> 
1c8721282f8f221a5a6cdc5533fc8efbfd4deb89 - cherrypick - 58162bd3db42e13d62296244356f568c07734beb
---> The cherrypicked commit sha is - 1c8721282f8f221a5a6cdc5533fc8efbfd4deb89
Commit message - Updated to latest 4.1-linux-build versions of modules.
---> The original commit sha is - 58162bd3db42e13d62296244356f568c07734beb
Commit message - Updated to latest 4.1-linux-build versions of modules.
-----------------------------------------------------------------

Cherry-pick diff pair 55 is -> 
{ 4557c153060ff7e177e5e13b2d172fae26eb34d3 -> 948e25ab77dd6790be8fa1bd21d90b9c81c1fd00 } is a cherrypick
{ f10e6f530f0ed86d5b7edbec3abf8c2567668074 -> 325611dac52bf04e2a7c2cc07fb5046c1c016c01 }
Cherrypick commits SHA are -> 
948e25ab77dd6790be8fa1bd21d90b9c81c1fd00 - cherrypick - 325611dac52bf04e2a7c2cc07fb5046c1c016c01
---> The cherrypicked commit sha is - 948e25ab77dd6790be8fa1bd21d90b9c81c1fd00
Commit message - Changed AM_CONFIG_HEADERS to AC_CONFIG_HEADERS
---> The original commit sha is - 325611dac52bf04e2a7c2cc07fb5046c1c016c01
Commit message - Changed AM_CONFIG_HEADERS to AC_CONFIG_HEADERS
-----------------------------------------------------------------

Cherry-pick diff pair 56 is -> 
{ 047c079140a5ba5789b612cdf88bc07756b27eb9 -> 4557c153060ff7e177e5e13b2d172fae26eb34d3 } is a cherrypick
{ 728dd55274f5bb350d33d2b419f397ed91c86751 -> f10e6f530f0ed86d5b7edbec3abf8c2567668074 }
Cherrypick commits SHA are -> 
4557c153060ff7e177e5e13b2d172fae26eb34d3 - cherrypick - f10e6f530f0ed86d5b7edbec3abf8c2567668074
---> The cherrypicked commit sha is - 4557c153060ff7e177e5e13b2d172fae26eb34d3
Commit message - Removed old TskModules folder
---> The original commit sha is - f10e6f530f0ed86d5b7edbec3abf8c2567668074
Commit message - Removed old TskModules folder
-----------------------------------------------------------------

Cherry-pick diff pair 57 is -> 
{ 6d95925c366d9820ae5cb7c52b6c95601df1d63d -> 3daf96fe26260207b3c8e42af09ac737ac222172 } is a cherrypick
{ 4df2363a37cc5d9e0a49f185f012021627dd6f77 -> f1f1ae1cdec06aa0029a9842fb5916171cb2df14 }
Cherrypick commits SHA are -> 
3daf96fe26260207b3c8e42af09ac737ac222172 - cherrypick - f1f1ae1cdec06aa0029a9842fb5916171cb2df14
---> The cherrypicked commit sha is - 3daf96fe26260207b3c8e42af09ac737ac222172
Commit message - Updating to latest version of submodules.
---> The original commit sha is - f1f1ae1cdec06aa0029a9842fb5916171cb2df14
Commit message - merge changes
-----------------------------------------------------------------

Cherry-pick diff pair 58 is -> 
{ 0144b54b7456957a957f431db0f12fb33c89e1e3 -> aa6e1eaa3ce857b0627ccf93e03c7650d5fcda29 } is a cherrypick
{ 4df2363a37cc5d9e0a49f185f012021627dd6f77 -> f1f1ae1cdec06aa0029a9842fb5916171cb2df14 }
Cherrypick commits SHA are -> 
aa6e1eaa3ce857b0627ccf93e03c7650d5fcda29 - cherrypick - f1f1ae1cdec06aa0029a9842fb5916171cb2df14
---> The cherrypicked commit sha is - aa6e1eaa3ce857b0627ccf93e03c7650d5fcda29
Commit message - Updated submodules
---> The original commit sha is - f1f1ae1cdec06aa0029a9842fb5916171cb2df14
Commit message - merge changes
-----------------------------------------------------------------

Cherry-pick diff pair 59 is -> 
{ 94fe16d2588e5dad8cf482872b1c73c01009330e -> 5c4e9580989b71bba05475a2017956b89e307e0b } is a cherrypick
{ 465989b86a3387f586a73a7674f27c237f2d3425 -> 4df2363a37cc5d9e0a49f185f012021627dd6f77 }
Cherrypick commits SHA are -> 
5c4e9580989b71bba05475a2017956b89e307e0b - cherrypick - 4df2363a37cc5d9e0a49f185f012021627dd6f77
---> The cherrypicked commit sha is - 5c4e9580989b71bba05475a2017956b89e307e0b
Commit message - Merge http://www.github.com/sleuthkit/sleuthkit
---> The original commit sha is - 4df2363a37cc5d9e0a49f185f012021627dd6f77
Commit message - Merge
-----------------------------------------------------------------

Cherry-pick diff pair 60 is -> 
{ 1ce4d37d9eb9e3d33016ca49c7842dcad875edf8 -> e15d42bdf6194b7e2c33a39e4b86cc54ec26664d } is a cherrypick
{ 465989b86a3387f586a73a7674f27c237f2d3425 -> 4df2363a37cc5d9e0a49f185f012021627dd6f77 }
Cherrypick commits SHA are -> 
e15d42bdf6194b7e2c33a39e4b86cc54ec26664d - cherrypick - 4df2363a37cc5d9e0a49f185f012021627dd6f77
---> The cherrypicked commit sha is - e15d42bdf6194b7e2c33a39e4b86cc54ec26664d
Commit message - Merge http://www.github.com/sleuthkit/sleuthkit
---> The original commit sha is - 4df2363a37cc5d9e0a49f185f012021627dd6f77
Commit message - Merge
-----------------------------------------------------------------

Cherry-pick diff pair 61 is -> 
{ 6d95925c366d9820ae5cb7c52b6c95601df1d63d -> 3daf96fe26260207b3c8e42af09ac737ac222172 } is a cherrypick
{ 0144b54b7456957a957f431db0f12fb33c89e1e3 -> aa6e1eaa3ce857b0627ccf93e03c7650d5fcda29 }
Cherrypick commits SHA are -> 
3daf96fe26260207b3c8e42af09ac737ac222172 - cherrypick - aa6e1eaa3ce857b0627ccf93e03c7650d5fcda29
---> The cherrypicked commit sha is - 3daf96fe26260207b3c8e42af09ac737ac222172
Commit message - Updating to latest version of submodules.
---> The original commit sha is - aa6e1eaa3ce857b0627ccf93e03c7650d5fcda29
Commit message - Updated submodules
-----------------------------------------------------------------

Cherry-pick diff pair 62 is -> 
{ 94fe16d2588e5dad8cf482872b1c73c01009330e -> 5c4e9580989b71bba05475a2017956b89e307e0b } is a cherrypick
{ 1ce4d37d9eb9e3d33016ca49c7842dcad875edf8 -> e15d42bdf6194b7e2c33a39e4b86cc54ec26664d }
Cherrypick commits SHA are -> 
5c4e9580989b71bba05475a2017956b89e307e0b - cherrypick - e15d42bdf6194b7e2c33a39e4b86cc54ec26664d
---> The cherrypicked commit sha is - 5c4e9580989b71bba05475a2017956b89e307e0b
Commit message - Merge http://www.github.com/sleuthkit/sleuthkit
---> The original commit sha is - e15d42bdf6194b7e2c33a39e4b86cc54ec26664d
Commit message - Merge http://www.github.com/sleuthkit/sleuthkit
-----------------------------------------------------------------

Cherry-pick diff pair 63 is -> 
{ 093eb50b26d7e36610f1576f5caac070ec181435 -> 70c91081c7bfbe6f72e8878280f897daf4d0d01b } is a cherrypick
{ 1580e51bb4837c08e4853275066167f157b3fb6f -> c1c04026c2dffe38e33bbd7fef54203852b58197 }
Cherrypick commits SHA are -> 
70c91081c7bfbe6f72e8878280f897daf4d0d01b - cherrypick - c1c04026c2dffe38e33bbd7fef54203852b58197
---> The cherrypicked commit sha is - 70c91081c7bfbe6f72e8878280f897daf4d0d01b
Commit message - Removed NBJDK references from Project.xml
---> The original commit sha is - c1c04026c2dffe38e33bbd7fef54203852b58197
Commit message - Merge branch 'master' of github.com:sleuthkit/sleuthkit
-----------------------------------------------------------------

Cherry-pick diff pair 64 is -> 
{ 82beb7ad965683580e2c858226ca4013d684ec34 -> 134fe9ecf665f0f5155806b103ca728d925e244f } is a cherrypick
{ 9aec7315d28ec3aa84e6b272b2d9d4e105d1df85 -> 9b776576aa6a1fbf328e82fd7cb6b428179de016 }
Cherrypick commits SHA are -> 
134fe9ecf665f0f5155806b103ca728d925e244f - cherrypick - 9b776576aa6a1fbf328e82fd7cb6b428179de016
---> The cherrypicked commit sha is - 134fe9ecf665f0f5155806b103ca728d925e244f
Commit message - New version files for 4.0.2
---> The original commit sha is - 9b776576aa6a1fbf328e82fd7cb6b428179de016
Commit message - Merge branch 'master' of github.com:sleuthkit/sleuthkit
-----------------------------------------------------------------

Cherry-pick diff pair 65 is -> 
{ 90715f29227fcd0052f9b7a8463e4e4279543a04 -> 473d90456de096277f161aa5e1455f0f3448c4e6 } is a cherrypick
{ 360d5ba88f8144c2510db40a576de570cc3a2e93 -> 7abafcbe9707adec8dcd5dcead1fad26d1acf723 }
Cherrypick commits SHA are -> 
473d90456de096277f161aa5e1455f0f3448c4e6 - cherrypick - 7abafcbe9707adec8dcd5dcead1fad26d1acf723
---> The cherrypicked commit sha is - 473d90456de096277f161aa5e1455f0f3448c4e6
Commit message - Merge pull request #155 from jonstewart/master

Allow fiwalk to output byte runs/extents to dfxml without reading file contents
---> The original commit sha is - 7abafcbe9707adec8dcd5dcead1fad26d1acf723
Commit message - Merge branch 'master' of github.com:sleuthkit/sleuthkit
-----------------------------------------------------------------

Cherry-pick diff pair 66 is -> 
{ 5c6eb0e881bd75334d801e78b8752269b57b22be -> 112d896d19b5a0164bb18a92b756ba5b919b932e } is a cherrypick
{ 698d4fde889838298f7569f6ef38e35911526d57 -> 4220a72e807f50eaea269b92cfaa8ee19858cee2 }
Cherrypick commits SHA are -> 
112d896d19b5a0164bb18a92b756ba5b919b932e - cherrypick - 4220a72e807f50eaea269b92cfaa8ee19858cee2
---> The cherrypicked commit sha is - 112d896d19b5a0164bb18a92b756ba5b919b932e
Commit message - use prepared statement to get file by id to speed up these commonly used queries
---> The original commit sha is - 4220a72e807f50eaea269b92cfaa8ee19858cee2
Commit message - Merge pull request #145 from adam-m/master

jni datamodel use prepared statement 
-----------------------------------------------------------------

Cherry-pick diff pair 67 is -> 
{ e9fa2005839b100d598ec44919cba63021e2cd18 -> 71417a7eb94fc5dfffdbbd2ff869ae1b0ae36e7f } is a cherrypick
{ 266a5aeff12225432604d0ed3cbc217ac7b6e91c -> 87475b4b0cd17d15fc31d302db731dfa0180a2fb }
Cherrypick commits SHA are -> 
71417a7eb94fc5dfffdbbd2ff869ae1b0ae36e7f - cherrypick - 87475b4b0cd17d15fc31d302db731dfa0180a2fb
---> The cherrypicked commit sha is - 71417a7eb94fc5dfffdbbd2ff869ae1b0ae36e7f
Commit message - Add datamodel method to get all artifacts based on a filter
---> The original commit sha is - 87475b4b0cd17d15fc31d302db731dfa0180a2fb
Commit message - Merge pull request #134 from Devin148/master

Method to get Blackboard Artifacts
-----------------------------------------------------------------

Cherry-pick diff pair 68 is -> 
{ 7f04fdf75a76becab08a362dc4f4df237205da65 -> 9bec40b03deab6f7da547b14cd8c3f243231eed3 } is a cherrypick
{ 3b180b710e03bb7352f9ee865f42f08dec08f072 -> 36145f38067b126e7b844e0d1a618c34a30d2b67 }
Cherrypick commits SHA are -> 
9bec40b03deab6f7da547b14cd8c3f243231eed3 - cherrypick - 36145f38067b126e7b844e0d1a618c34a30d2b67
---> The cherrypicked commit sha is - 9bec40b03deab6f7da547b14cd8c3f243231eed3
Commit message - Merge branch 'master' of https://github.com/sleuthkit/sleuthkit
---> The original commit sha is - 36145f38067b126e7b844e0d1a618c34a30d2b67
Commit message - Merge branch 'master' of git://github.com/sleuthkit/sleuthkit
-----------------------------------------------------------------

Cherry-pick diff pair 69 is -> 
{ 3585d09b4f84dcb0df941c39e0d6d2a01c00f3c4 -> 4f5f836a84f30aeac6e88d155ca0e801d7e3c01a } is a cherrypick
{ 6d3bf701a07c38bb4118bed0855d1f34f5726166 -> 38651dd719717ad5a756f13863882f6455f39a0a }
Cherrypick commits SHA are -> 
4f5f836a84f30aeac6e88d155ca0e801d7e3c01a - cherrypick - 38651dd719717ad5a756f13863882f6455f39a0a
---> The cherrypicked commit sha is - 4f5f836a84f30aeac6e88d155ca0e801d7e3c01a
Commit message - New version files for 4.0.1
---> The original commit sha is - 38651dd719717ad5a756f13863882f6455f39a0a
Commit message - Merge branch 'master' of github.com:sleuthkit/sleuthkit
-----------------------------------------------------------------

Cherry-pick diff pair 70 is -> 
{ 191c10af3e46f79a8ab50722f71795fb206babf2 -> 6e6e12a303ad9a183de07f9da177ae92639d3797 } is a cherrypick
{ 1047db2d1c8831bd4b801b3b767fd3e27c8d89fc -> 44dc80d20e1b4df44ebf04c8438464d12b765947 }
Cherrypick commits SHA are -> 
6e6e12a303ad9a183de07f9da177ae92639d3797 - cherrypick - 44dc80d20e1b4df44ebf04c8438464d12b765947
---> The cherrypicked commit sha is - 6e6e12a303ad9a183de07f9da177ae92639d3797
Commit message - Changed implementation of max unused sector file limit in TskImgDBSqlite.cpp
---> The original commit sha is - 44dc80d20e1b4df44ebf04c8438464d12b765947
Commit message - Merge branch 'master' of github.com:basis-technology-corp/sleuthkit
-----------------------------------------------------------------

Cherry-pick diff pair 71 is -> 
{ af2f654e95c50abf5ed611ea5d9e255eff072fed -> 2c505c647b0320e82fdeceb03c759df8a3711b3f } is a cherrypick
{ ea48b78425890eb42c794d1a4999c4e14ef96442 -> 8b829384423fe25b96f1d25d98303a4cf0b3bba1 }
Cherrypick commits SHA are -> 
2c505c647b0320e82fdeceb03c759df8a3711b3f - cherrypick - 8b829384423fe25b96f1d25d98303a4cf0b3bba1
---> The cherrypicked commit sha is - 2c505c647b0320e82fdeceb03c759df8a3711b3f
Commit message - revert to exclusive db locks for now, was causing concurrency issues with multiple readers
---> The original commit sha is - 8b829384423fe25b96f1d25d98303a4cf0b3bba1
Commit message - Merge pull request #114 from adam-m/master

fix concurrency issues in case db read
-----------------------------------------------------------------

Cherry-pick diff pair 72 is -> 
{ c7e21dad3fb699a1c186317e4c7b987bd90411f6 -> 9e3228398907d22bd239aa8e5897f2e0628af08a } is a cherrypick
{ c3c06d7942783e0bccdaa62d405c4edebd4045f0 -> 81482deb9ed2921f44e1e1cca9635516a1befa45 }
Cherrypick commits SHA are -> 
9e3228398907d22bd239aa8e5897f2e0628af08a - cherrypick - 81482deb9ed2921f44e1e1cca9635516a1befa45
---> The cherrypicked commit sha is - 9e3228398907d22bd239aa8e5897f2e0628af08a
Commit message - - add API to get count of artifacts per content quickly
- add logger variable to SleuthkitCase
---> The original commit sha is - 81482deb9ed2921f44e1e1cca9635516a1befa45
Commit message - Merge pull request #113 from adam-m/master

add API to get count of artifacts for content quickly
-----------------------------------------------------------------

Cherry-pick diff pair 73 is -> 
{ e0db88d6e50277b8d01287c6fca3ec2f53a72cd1 -> 50b2006e83a32e9e22c46b22c4faee0b27d7e3c6 } is a cherrypick
{ db502d934f1764599a84c797bc8674b2bcd0203e -> 9d402be1b740b7fe5ad3f730df175d94d0c4b487 }
Cherrypick commits SHA are -> 
50b2006e83a32e9e22c46b22c4faee0b27d7e3c6 - cherrypick - 9d402be1b740b7fe5ad3f730df175d94d0c4b487
---> The cherrypicked commit sha is - 50b2006e83a32e9e22c46b22c4faee0b27d7e3c6
Commit message - Upgrading to newer version of auto*
---> The original commit sha is - 9d402be1b740b7fe5ad3f730df175d94d0c4b487
Commit message - Merge branch 'master' of github.com:sleuthkit/sleuthkit
-----------------------------------------------------------------

Cherry-pick diff pair 74 is -> 
{ 0ccc0d6fdb1417885a16e30835c099d412e8587e -> 02bb095e5f92ca0b3ff6c70f1fe03e9cf8f2f496 } is a cherrypick
{ 98bb5b88eccbd5590681f792fa09725d4353ebfc -> bd6761e2fe39277d02085e881b57675952dd1d30 }
Cherrypick commits SHA are -> 
02bb095e5f92ca0b3ff6c70f1fe03e9cf8f2f496 - cherrypick - bd6761e2fe39277d02085e881b57675952dd1d30
---> The cherrypicked commit sha is - 02bb095e5f92ca0b3ff6c70f1fe03e9cf8f2f496
Commit message - Assorted docs updates
---> The original commit sha is - bd6761e2fe39277d02085e881b57675952dd1d30
Commit message - Merge branch 'master' of github.com:basis-technology-corp/sleuthkit
-----------------------------------------------------------------

Cherry-pick diff pair 75 is -> 
{ 657f95c8996ca855fa63bbe291254502f420ee3a -> f016ed38ca659021bded0cf9b125c90b586545a6 } is a cherrypick
{ 3989f598f6a289d362ae22574aee07dee2ab62b2 -> f3500436b360bc775970ca2b3f489c3522cd1423 }
Cherrypick commits SHA are -> 
f016ed38ca659021bded0cf9b125c90b586545a6 - cherrypick - f3500436b360bc775970ca2b3f489c3522cd1423
---> The cherrypicked commit sha is - f016ed38ca659021bded0cf9b125c90b586545a6
Commit message - New version files for 4.0.0b9
---> The original commit sha is - f3500436b360bc775970ca2b3f489c3522cd1423
Commit message - Merge branch 'master' of github.com:sleuthkit/sleuthkit
-----------------------------------------------------------------

Cherry-pick diff pair 76 is -> 
{ 0bffd982f6377f20977778635987d6a7d359d259 -> a7ac85d4021e753d6c49b2710e9efe1b0f8026d0 } is a cherrypick
{ 85fb806882d85ac60e95ed8f2ce2a20696622648 -> df045b91d568ca48b5e0a47b45f7b7750d00d88b }
Cherrypick commits SHA are -> 
a7ac85d4021e753d6c49b2710e9efe1b0f8026d0 - cherrypick - df045b91d568ca48b5e0a47b45f7b7750d00d88b
---> The cherrypicked commit sha is - a7ac85d4021e753d6c49b2710e9efe1b0f8026d0
Commit message - Added Makefile to build TSK framework and dependencies.
---> The original commit sha is - df045b91d568ca48b5e0a47b45f7b7750d00d88b
Commit message - Merge branch 'master' of github.com:basis-technology-corp/sleuthkit
-----------------------------------------------------------------

Cherry-pick diff pair 77 is -> 
{ 683a0bf2fd8ce87f86586beb93f351eaf9d95ff2 -> c4ba8c1c982939c9f49bbeabcfe4692691abadb7 } is a cherrypick
{ 3391b0ecc3ce68f7bed1cae9418743897afe4250 -> 640d7b86e35801e51d8c57ad22bc7887186ddbf5 }
Cherrypick commits SHA are -> 
c4ba8c1c982939c9f49bbeabcfe4692691abadb7 - cherrypick - 640d7b86e35801e51d8c57ad22bc7887186ddbf5
---> The cherrypicked commit sha is - c4ba8c1c982939c9f49bbeabcfe4692691abadb7
Commit message - Merge branch 'master' of github.com:basis-technology-corp/sleuthkit
---> The original commit sha is - 640d7b86e35801e51d8c57ad22bc7887186ddbf5
Commit message - Merge branch 'master' of github.com:basis-technology-corp/sleuthkit
-----------------------------------------------------------------

Cherry-pick diff pair 78 is -> 
{ 327e65b44719d15117506f00838e4057bd97e384 -> 249163dc63a6bf614a81751c2ea77d36085756a6 } is a cherrypick
{ 5a356d04870301d218ba0c0d2eac2b948b7ef7fd -> 0bffd982f6377f20977778635987d6a7d359d259 }
Cherrypick commits SHA are -> 
249163dc63a6bf614a81751c2ea77d36085756a6 - cherrypick - 0bffd982f6377f20977778635987d6a7d359d259
---> The cherrypicked commit sha is - 249163dc63a6bf614a81751c2ea77d36085756a6
Commit message - Commit of merge of pull request for entropy module
---> The original commit sha is - 0bffd982f6377f20977778635987d6a7d359d259
Commit message - Synching commit hashes
-----------------------------------------------------------------

Cherry-pick diff pair 79 is -> 
{ 4b52a25b438d5a4d371df98b6a1a0ab6e6ea6a3e -> 9eb6edd512db337b263de09ceba671e06bbb9c05 } is a cherrypick
{ 6115ebd747e42d66da6c4833f17c74ed64418ed1 -> 474b9edc7db434f8dbbce07849c99d1bf376cf12 }
Cherrypick commits SHA are -> 
9eb6edd512db337b263de09ceba671e06bbb9c05 - cherrypick - 474b9edc7db434f8dbbce07849c99d1bf376cf12
---> The cherrypicked commit sha is - 9eb6edd512db337b263de09ceba671e06bbb9c05
Commit message - Added TskVersionInfo class and functions to check compiler and framework version information to TskModuleDev.h
---> The original commit sha is - 474b9edc7db434f8dbbce07849c99d1bf376cf12
Commit message - Merge branch 'master' of github.com:basis-technology-corp/sleuthkit
-----------------------------------------------------------------

Cherry-pick diff pair 80 is -> 
{ 9a4fc7f12e725cdd6121f2ab2e23283954f9c44c -> 29228614b9ad59252e781183c48d34a0ea24f239 } is a cherrypick
{ 521296ab0e2e106ce9f7c67afc775eaedee109f1 -> 5b9b5ed94e44b6baf3fe053cb5d03e60ac3ec77a }
Cherrypick commits SHA are -> 
29228614b9ad59252e781183c48d34a0ea24f239 - cherrypick - 5b9b5ed94e44b6baf3fe053cb5d03e60ac3ec77a
---> The cherrypicked commit sha is - 29228614b9ad59252e781183c48d34a0ea24f239
Commit message - Merge remote-tracking branch 'upstream/master'
---> The original commit sha is - 5b9b5ed94e44b6baf3fe053cb5d03e60ac3ec77a
Commit message - Merge branch 'master' of github.com:basis-technology-corp/sleuthkit
-----------------------------------------------------------------

Cherry-pick diff pair 81 is -> 
{ bec74071d0db90df709c55b5dbb99ad517082702 -> def39cc8a471d018b80c5a3dfbc13cd0f7cf2d43 } is a cherrypick
{ 521296ab0e2e106ce9f7c67afc775eaedee109f1 -> 5b9b5ed94e44b6baf3fe053cb5d03e60ac3ec77a }
Cherrypick commits SHA are -> 
def39cc8a471d018b80c5a3dfbc13cd0f7cf2d43 - cherrypick - 5b9b5ed94e44b6baf3fe053cb5d03e60ac3ec77a
---> The cherrypicked commit sha is - def39cc8a471d018b80c5a3dfbc13cd0f7cf2d43
Commit message - Merge branch 'master' of github.com:basis-technology-corp/sleuthkit
---> The original commit sha is - 5b9b5ed94e44b6baf3fe053cb5d03e60ac3ec77a
Commit message - Merge branch 'master' of github.com:basis-technology-corp/sleuthkit
-----------------------------------------------------------------

Cherry-pick diff pair 82 is -> 
{ 9a4fc7f12e725cdd6121f2ab2e23283954f9c44c -> 29228614b9ad59252e781183c48d34a0ea24f239 } is a cherrypick
{ bec74071d0db90df709c55b5dbb99ad517082702 -> def39cc8a471d018b80c5a3dfbc13cd0f7cf2d43 }
Cherrypick commits SHA are -> 
29228614b9ad59252e781183c48d34a0ea24f239 - cherrypick - def39cc8a471d018b80c5a3dfbc13cd0f7cf2d43
---> The cherrypicked commit sha is - 29228614b9ad59252e781183c48d34a0ea24f239
Commit message - Merge remote-tracking branch 'upstream/master'
---> The original commit sha is - def39cc8a471d018b80c5a3dfbc13cd0f7cf2d43
Commit message - Merge branch 'master' of github.com:basis-technology-corp/sleuthkit
-----------------------------------------------------------------

Cherry-pick diff pair 83 is -> 
{ 054dcf416a89fbe85266636424b6007c6b5c5ad9 -> 7c49b70d4d40592cbc2fc04e96d7ccb7de731b63 } is a cherrypick
{ 888743892daa0816ee3ac22c20d1f267db00a577 -> efcaa1bbf8d0d71da7bb3389829e36530435a8e8 }
Cherrypick commits SHA are -> 
7c49b70d4d40592cbc2fc04e96d7ccb7de731b63 - cherrypick - efcaa1bbf8d0d71da7bb3389829e36530435a8e8
---> The cherrypicked commit sha is - 7c49b70d4d40592cbc2fc04e96d7ccb7de731b63
Commit message - Merge branch 'master' of https://github.com/sleuthkit/sleuthkit
---> The original commit sha is - efcaa1bbf8d0d71da7bb3389829e36530435a8e8
Commit message - Merge branch 'master' of https://github.com/sleuthkit/sleuthkit
-----------------------------------------------------------------

Cherry-pick diff pair 84 is -> 
{ c9a04e08cfd1e8dfecd035a54c3414bd8ef12de1 -> fa20b3e594addb88950995f5bdd8bdef72c0d15a } is a cherrypick
{ 1159031898886396f8b103f62e747e8c361061f8 -> 0d1665a5041f9f073d363f86a3e3f6814db1f109 }
Cherrypick commits SHA are -> 
fa20b3e594addb88950995f5bdd8bdef72c0d15a - cherrypick - 0d1665a5041f9f073d363f86a3e3f6814db1f109
---> The cherrypicked commit sha is - fa20b3e594addb88950995f5bdd8bdef72c0d15a
Commit message - Merge branch 'master' of https://github.com/sleuthkit/sleuthkit
---> The original commit sha is - 0d1665a5041f9f073d363f86a3e3f6814db1f109
Commit message - Merge branch 'master' of github.com:sleuthkit/sleuthkit
-----------------------------------------------------------------

Cherry-pick diff pair 85 is -> 
{ cd252f1182a48a829c95f4358c64e88b104041c2 -> fd3ebce4077067b2de86b88f04309cff897c31c2 } is a cherrypick
{ c004b45e696fb51979ddec95f6d0edd269af934d -> 502af2dd5f668474143a8f56c9e85299ca63fe2e }
Cherrypick commits SHA are -> 
fd3ebce4077067b2de86b88f04309cff897c31c2 - cherrypick - 502af2dd5f668474143a8f56c9e85299ca63fe2e
---> The cherrypicked commit sha is - fd3ebce4077067b2de86b88f04309cff897c31c2
Commit message - Carving parameters now set exclusively as sys props
---> The original commit sha is - 502af2dd5f668474143a8f56c9e85299ca63fe2e
Commit message - Merge branch 'master' of github.com:basis-technology-corp/sleuthkit
-----------------------------------------------------------------

Cherry-pick diff pair 86 is -> 
{ 1158ae422080cb25f4937331432250be5ed32141 -> ef1471cb33b78779eda9d49a954fa31f5f4ea853 } is a cherrypick
{ ad15823882c7cacc020759956ed88f92c0338667 -> a8dafcbd56a697234b348b5faca2e2e189bd5218 }
Cherrypick commits SHA are -> 
ef1471cb33b78779eda9d49a954fa31f5f4ea853 - cherrypick - a8dafcbd56a697234b348b5faca2e2e189bd5218
---> The cherrypicked commit sha is - ef1471cb33b78779eda9d49a954fa31f5f4ea853
Commit message - Add new artifact type: TSK_WEB_SEARCH_QUERY
---> The original commit sha is - a8dafcbd56a697234b348b5faca2e2e189bd5218
Commit message - Merge branch 'master' of https://github.com/Devin148/sleuthkit
-----------------------------------------------------------------

Cherry-pick diff pair 87 is -> 
{ 63e52fc91c1ad49f3ceea10c511f81a3b3c44cf3 -> 9e0c44d046f22e7116787e1e6d1fb48f3ff107a2 } is a cherrypick
{ 30defe735e0e193c03e588d9112d134d007a0796 -> 790dc772a3d251aeb3c723c9c8e7d1110260a3bc }
Cherrypick commits SHA are -> 
9e0c44d046f22e7116787e1e6d1fb48f3ff107a2 - cherrypick - 790dc772a3d251aeb3c723c9c8e7d1110260a3bc
---> The cherrypicked commit sha is - 9e0c44d046f22e7116787e1e6d1fb48f3ff107a2
Commit message - Merge remote-tracking branch 'rjoyce/master'
---> The original commit sha is - 790dc772a3d251aeb3c723c9c8e7d1110260a3bc
Commit message - Merge branch 'master' of git://github.com/sleuthkit/sleuthkit
-----------------------------------------------------------------

Cherry-pick diff pair 88 is -> 
{ bb7c1d73b99b1832cad53e9d248ed9c7d3a81380 -> ecff04d1f368d980d17a6b3bfd9c5cc6436fe11e } is a cherrypick
{ 01b56800c41f13907f7abbce0d064ce847ab81e1 -> 60c939532655970c2033344ee9d727476aef4fa5 }
Cherrypick commits SHA are -> 
ecff04d1f368d980d17a6b3bfd9c5cc6436fe11e - cherrypick - 60c939532655970c2033344ee9d727476aef4fa5
---> The cherrypicked commit sha is - ecff04d1f368d980d17a6b3bfd9c5cc6436fe11e
Commit message - Merge git://github.com/sleuthkit/sleuthkit
---> The original commit sha is - 60c939532655970c2033344ee9d727476aef4fa5
Commit message - Merge git://github.com/sleuthkit/sleuthkit
-----------------------------------------------------------------

Cherry-pick diff pair 89 is -> 
{ 2668184b032ef2068da1a5fc26bfe7fc9419f9cb -> 797d2b69ff5463d77d6b0c1e6d27180fca96c0b4 } is a cherrypick
{ 01b56800c41f13907f7abbce0d064ce847ab81e1 -> 60c939532655970c2033344ee9d727476aef4fa5 }
Cherrypick commits SHA are -> 
797d2b69ff5463d77d6b0c1e6d27180fca96c0b4 - cherrypick - 60c939532655970c2033344ee9d727476aef4fa5
---> The cherrypicked commit sha is - 797d2b69ff5463d77d6b0c1e6d27180fca96c0b4
Commit message - Merge git://github.com/sleuthkit/sleuthkit
---> The original commit sha is - 60c939532655970c2033344ee9d727476aef4fa5
Commit message - Merge git://github.com/sleuthkit/sleuthkit
-----------------------------------------------------------------

Cherry-pick diff pair 90 is -> 
{ 624d89a92bf422a4c91271ea12151aded3add145 -> 0daf2262a2ca4bc09f72a4b29e28f97e295e3b8c } is a cherrypick
{ 01b56800c41f13907f7abbce0d064ce847ab81e1 -> 60c939532655970c2033344ee9d727476aef4fa5 }
Cherrypick commits SHA are -> 
0daf2262a2ca4bc09f72a4b29e28f97e295e3b8c - cherrypick - 60c939532655970c2033344ee9d727476aef4fa5
---> The cherrypicked commit sha is - 0daf2262a2ca4bc09f72a4b29e28f97e295e3b8c
Commit message - Merge git://github.com/sleuthkit/sleuthkit
---> The original commit sha is - 60c939532655970c2033344ee9d727476aef4fa5
Commit message - Merge git://github.com/sleuthkit/sleuthkit
-----------------------------------------------------------------

Cherry-pick diff pair 91 is -> 
{ bb7c1d73b99b1832cad53e9d248ed9c7d3a81380 -> ecff04d1f368d980d17a6b3bfd9c5cc6436fe11e } is a cherrypick
{ 624d89a92bf422a4c91271ea12151aded3add145 -> 0daf2262a2ca4bc09f72a4b29e28f97e295e3b8c }
Cherrypick commits SHA are -> 
ecff04d1f368d980d17a6b3bfd9c5cc6436fe11e - cherrypick - 0daf2262a2ca4bc09f72a4b29e28f97e295e3b8c
---> The cherrypicked commit sha is - ecff04d1f368d980d17a6b3bfd9c5cc6436fe11e
Commit message - Merge git://github.com/sleuthkit/sleuthkit
---> The original commit sha is - 0daf2262a2ca4bc09f72a4b29e28f97e295e3b8c
Commit message - Merge git://github.com/sleuthkit/sleuthkit
-----------------------------------------------------------------

Cherry-pick diff pair 92 is -> 
{ 2668184b032ef2068da1a5fc26bfe7fc9419f9cb -> 797d2b69ff5463d77d6b0c1e6d27180fca96c0b4 } is a cherrypick
{ 624d89a92bf422a4c91271ea12151aded3add145 -> 0daf2262a2ca4bc09f72a4b29e28f97e295e3b8c }
Cherrypick commits SHA are -> 
797d2b69ff5463d77d6b0c1e6d27180fca96c0b4 - cherrypick - 0daf2262a2ca4bc09f72a4b29e28f97e295e3b8c
---> The cherrypicked commit sha is - 797d2b69ff5463d77d6b0c1e6d27180fca96c0b4
Commit message - Merge git://github.com/sleuthkit/sleuthkit
---> The original commit sha is - 0daf2262a2ca4bc09f72a4b29e28f97e295e3b8c
Commit message - Merge git://github.com/sleuthkit/sleuthkit
-----------------------------------------------------------------

Cherry-pick diff pair 93 is -> 
{ bb7c1d73b99b1832cad53e9d248ed9c7d3a81380 -> ecff04d1f368d980d17a6b3bfd9c5cc6436fe11e } is a cherrypick
{ 2668184b032ef2068da1a5fc26bfe7fc9419f9cb -> 797d2b69ff5463d77d6b0c1e6d27180fca96c0b4 }
Cherrypick commits SHA are -> 
ecff04d1f368d980d17a6b3bfd9c5cc6436fe11e - cherrypick - 797d2b69ff5463d77d6b0c1e6d27180fca96c0b4
---> The cherrypicked commit sha is - ecff04d1f368d980d17a6b3bfd9c5cc6436fe11e
Commit message - Merge git://github.com/sleuthkit/sleuthkit
---> The original commit sha is - 797d2b69ff5463d77d6b0c1e6d27180fca96c0b4
Commit message - Merge git://github.com/sleuthkit/sleuthkit
-----------------------------------------------------------------

Cherry-pick diff pair 94 is -> 
{ ec93a32ae517bf251e8df37f86b90a7fab211fd5 -> e148b003463ddacdf4dff25dfec7d00c1aa9c449 } is a cherrypick
{ 001ec46d31e9828ce5fee42cb83da708a79c34e2 -> 97ae49572850925921e17bd3635fbd97a58ccc2e }
Cherrypick commits SHA are -> 
e148b003463ddacdf4dff25dfec7d00c1aa9c449 - cherrypick - 97ae49572850925921e17bd3635fbd97a58ccc2e
---> The cherrypicked commit sha is - e148b003463ddacdf4dff25dfec7d00c1aa9c449
Commit message - java bindings fix typoed artifact type
---> The original commit sha is - 97ae49572850925921e17bd3635fbd97a58ccc2e
Commit message - Merge remote-tracking branch 'upstream/master'
-----------------------------------------------------------------

Cherry-pick diff pair 95 is -> 
{ 319676e11dfccf5e9c37f25c1c5042f6fa0013ae -> ff6d0a47d901ad61c73873a6e3c86afb914df14c } is a cherrypick
{ 12ae2ac04ef7724e66d38ee4b8ec7bcdb3c4972f -> cb840eb42c416058595a88d14d3bc1703461df72 }
Cherrypick commits SHA are -> 
ff6d0a47d901ad61c73873a6e3c86afb914df14c - cherrypick - cb840eb42c416058595a88d14d3bc1703461df72
---> The cherrypicked commit sha is - ff6d0a47d901ad61c73873a6e3c86afb914df14c
Commit message - Added filetype module
---> The original commit sha is - cb840eb42c416058595a88d14d3bc1703461df72
Commit message - Merge remote-tracking branch 'upstream/master'
-----------------------------------------------------------------

Cherry-pick diff pair 96 is -> 
{ ebd044649ead0d86f1a66faa6574a81e2b960dae -> e0e1913b1ae369544807fc6a5a220c7c8d23d5b2 } is a cherrypick
{ c6055083718f420d833b6bb2a94b6b585c20957e -> cfd19e7100ebe70bdf6a26d7ed9bbd0d50d3a77a }
Cherrypick commits SHA are -> 
e0e1913b1ae369544807fc6a5a220c7c8d23d5b2 - cherrypick - cfd19e7100ebe70bdf6a26d7ed9bbd0d50d3a77a
---> The cherrypicked commit sha is - e0e1913b1ae369544807fc6a5a220c7c8d23d5b2
Commit message - Merge branch 'master' of github.com:basis-technology-corp/sleuthkit
---> The original commit sha is - cfd19e7100ebe70bdf6a26d7ed9bbd0d50d3a77a
Commit message - Merge branch 'master' of github.com:basis-technology-corp/sleuthkit
-----------------------------------------------------------------

Cherry-pick diff pair 97 is -> 
{ 413b184736c0228cd7c8421c6ec8c3f1f1630bb3 -> 1b67ca25fd2c372333e050367a48c1eab1a2430a } is a cherrypick
{ 9853b5985e06e3a08bb51e492dc7dafd5e048a41 -> f71cd66a5ab6c2f1e6837025f2039d21dc5721d5 }
Cherrypick commits SHA are -> 
1b67ca25fd2c372333e050367a48c1eab1a2430a - cherrypick - f71cd66a5ab6c2f1e6837025f2039d21dc5721d5
---> The cherrypicked commit sha is - 1b67ca25fd2c372333e050367a48c1eab1a2430a
Commit message - Synch submodule commits.
---> The original commit sha is - f71cd66a5ab6c2f1e6837025f2039d21dc5721d5
Commit message - Added missing declarations and fixed comments.
-----------------------------------------------------------------

Cherry-pick diff pair 98 is -> 
{ 51d3cc822fdd3ee46ccaa6784174e745f65a3735 -> 9345b7915364e9da9ee18f69f950ddbc43b9b6da } is a cherrypick
{ f39a6817e6d2bd9715ecfb314d7743b08abfb93b -> 1a32c19cb3ffe580d6af39ede2ddca09832cc806 }
Cherrypick commits SHA are -> 
9345b7915364e9da9ee18f69f950ddbc43b9b6da - cherrypick - 1a32c19cb3ffe580d6af39ede2ddca09832cc806
---> The cherrypicked commit sha is - 9345b7915364e9da9ee18f69f950ddbc43b9b6da
Commit message - Merge https://github.com/sleuthkit/sleuthkit
---> The original commit sha is - 1a32c19cb3ffe580d6af39ede2ddca09832cc806
Commit message - Merge branch 'master' of git://github.com/sleuthkit/sleuthkit
-----------------------------------------------------------------

Cherry-pick diff pair 99 is -> 
{ 707766fb505eb20bc891105f4c6f807a56f3a33b -> dd42307d0d1278a285d5adf3db7af1b4db6efa30 } is a cherrypick
{ 11607bfe50bcbadc8181e6b656b9ff11d15698b3 -> d8bd30d9a61ef278f83aa55ebe51cf5e9c8a1890 }
Cherrypick commits SHA are -> 
dd42307d0d1278a285d5adf3db7af1b4db6efa30 - cherrypick - d8bd30d9a61ef278f83aa55ebe51cf5e9c8a1890
---> The cherrypicked commit sha is - dd42307d0d1278a285d5adf3db7af1b4db6efa30
Commit message - tsk_auto_db: register more errors while processing unalloc space
---> The original commit sha is - d8bd30d9a61ef278f83aa55ebe51cf5e9c8a1890
Commit message - Merge github.com:adam-m/sleuthkit
-----------------------------------------------------------------

Cherry-pick diff pair 100 is -> 
{ 0e8bdcf3fce9a544455bbc7ff56109e2bd76f9f2 -> 24ce199607f62394a35b84180602d67856d89777 } is a cherrypick
{ e33c8f2d3a6eaf01b5b1508c374f2133bdca6c81 -> 28abc80ace5401e2d8a7f60a1abcb1c0af7d5d13 }
Cherrypick commits SHA are -> 
24ce199607f62394a35b84180602d67856d89777 - cherrypick - 28abc80ace5401e2d8a7f60a1abcb1c0af7d5d13
---> The cherrypicked commit sha is - 24ce199607f62394a35b84180602d67856d89777
Commit message - Update comments and error msgs.
---> The original commit sha is - 28abc80ace5401e2d8a7f60a1abcb1c0af7d5d13
Commit message - Merge github.com:adam-m/sleuthkit
-----------------------------------------------------------------

Cherry-pick diff pair 101 is -> 
{ 3562caf99e38c9492593bd4dde21ebf1f9ccca75 -> 979ff4e9d155e8b84871cb46109cc9d7173c5f74 } is a cherrypick
{ 8fd8246824bfbc8789efbd363f7da9f95257b506 -> e2ebe4969117cd211621953f4abd1fb77f5891bb }
Cherrypick commits SHA are -> 
979ff4e9d155e8b84871cb46109cc9d7173c5f74 - cherrypick - e2ebe4969117cd211621953f4abd1fb77f5891bb
---> The cherrypicked commit sha is - 979ff4e9d155e8b84871cb46109cc9d7173c5f74
Commit message - Merge branch 'master' of git://github.com/sleuthkit/sleuthkit
---> The original commit sha is - e2ebe4969117cd211621953f4abd1fb77f5891bb
Commit message - Merge branch 'master' of git://github.com/sleuthkit/sleuthkit
-----------------------------------------------------------------

Cherry-pick diff pair 102 is -> 
{ 10df4c7455c4458bf9ec34b073f68a6e077e23db -> c66814f00941ce48dd42081c178d15c32113b035 } is a cherrypick
{ bae4bb4bd3f2a50c9b81adaff040e3aec5b9f5da -> 24feed3125bc66c82d9edffa7e9940a57240c59c }
Cherrypick commits SHA are -> 
c66814f00941ce48dd42081c178d15c32113b035 - cherrypick - 24feed3125bc66c82d9edffa7e9940a57240c59c
---> The cherrypicked commit sha is - c66814f00941ce48dd42081c178d15c32113b035
Commit message - Merge branch 'master' of git://github.com/sleuthkit/sleuthkit
---> The original commit sha is - 24feed3125bc66c82d9edffa7e9940a57240c59c
Commit message - Merge github.com:adam-m/sleuthkit
-----------------------------------------------------------------

Cherry-pick diff pair 103 is -> 
{ a7815271de3f86473f5ec0963c5783531c5097d4 -> 7a01311bd903bba9cab1e0d6ebd1546e9541b6c7 } is a cherrypick
{ 73e84ed811fa8cb9201c5d149a94cbf0cb5dbfe3 -> 0bfe2f0e7119bfecc792c5ac4fc1cd12e75fc474 }
Cherrypick commits SHA are -> 
7a01311bd903bba9cab1e0d6ebd1546e9541b6c7 - cherrypick - 0bfe2f0e7119bfecc792c5ac4fc1cd12e75fc474
---> The cherrypicked commit sha is - 7a01311bd903bba9cab1e0d6ebd1546e9541b6c7
Commit message - Merge github.com:adam-m/sleuthkit
---> The original commit sha is - 0bfe2f0e7119bfecc792c5ac4fc1cd12e75fc474
Commit message - Merge github.com:adam-m/sleuthkit
-----------------------------------------------------------------

Cherry-pick diff pair 104 is -> 
{ 6c7189c83ced0822a51cdf2adcfaf59a145fbffc -> f8b61ccfd435aa6db7cfba02cd51249dafbb672b } is a cherrypick
{ 73e84ed811fa8cb9201c5d149a94cbf0cb5dbfe3 -> 0bfe2f0e7119bfecc792c5ac4fc1cd12e75fc474 }
Cherrypick commits SHA are -> 
f8b61ccfd435aa6db7cfba02cd51249dafbb672b - cherrypick - 0bfe2f0e7119bfecc792c5ac4fc1cd12e75fc474
---> The cherrypicked commit sha is - f8b61ccfd435aa6db7cfba02cd51249dafbb672b
Commit message - Merge github.com:adam-m/sleuthkit
---> The original commit sha is - 0bfe2f0e7119bfecc792c5ac4fc1cd12e75fc474
Commit message - Merge github.com:adam-m/sleuthkit
-----------------------------------------------------------------

Cherry-pick diff pair 105 is -> 
{ a7815271de3f86473f5ec0963c5783531c5097d4 -> 7a01311bd903bba9cab1e0d6ebd1546e9541b6c7 } is a cherrypick
{ 6c7189c83ced0822a51cdf2adcfaf59a145fbffc -> f8b61ccfd435aa6db7cfba02cd51249dafbb672b }
Cherrypick commits SHA are -> 
7a01311bd903bba9cab1e0d6ebd1546e9541b6c7 - cherrypick - f8b61ccfd435aa6db7cfba02cd51249dafbb672b
---> The cherrypicked commit sha is - 7a01311bd903bba9cab1e0d6ebd1546e9541b6c7
Commit message - Merge github.com:adam-m/sleuthkit
---> The original commit sha is - f8b61ccfd435aa6db7cfba02cd51249dafbb672b
Commit message - Merge github.com:adam-m/sleuthkit
-----------------------------------------------------------------

Cherry-pick diff pair 106 is -> 
{ 2e50393787de38ccde52040b80e15c44d53a2466 -> 4d40f00f76d25cb0866363ab432f51f48b93a5ba } is a cherrypick
{ 9e0ae4ee3e6f2c1430883f1220774e007f8db95b -> a98d2f0b959fa60f69e4d7744c9262ccf0edc7a0 }
Cherrypick commits SHA are -> 
4d40f00f76d25cb0866363ab432f51f48b93a5ba - cherrypick - a98d2f0b959fa60f69e4d7744c9262ccf0edc7a0
---> The cherrypicked commit sha is - 4d40f00f76d25cb0866363ab432f51f48b93a5ba
Commit message - Added dependencies between modules and libtskframework.
---> The original commit sha is - a98d2f0b959fa60f69e4d7744c9262ccf0edc7a0
Commit message - Merge branch 'master' of github.com:basis-technology-corp/sleuthkit
-----------------------------------------------------------------

Cherry-pick diff pair 107 is -> 
{ c19cfb96bec45306d2bcd78d27b91ce5d5c9cd2b -> 5ffe337cec989bd194e0b40fcbe3b6000ad56781 } is a cherrypick
{ f902f28c399f360d9b50f60f6cc533defa6d4f0a -> 9ed5ca84bcbb7724091913baa60c9f1a2a8bf0cc }
Cherrypick commits SHA are -> 
5ffe337cec989bd194e0b40fcbe3b6000ad56781 - cherrypick - 9ed5ca84bcbb7724091913baa60c9f1a2a8bf0cc
---> The cherrypicked commit sha is - 5ffe337cec989bd194e0b40fcbe3b6000ad56781
Commit message - Merge branch 'master' of git://github.com/sleuthkit/sleuthkit

Conflicts:
	tsk3/auto/tsk_db_sqlite.h
---> The original commit sha is - 9ed5ca84bcbb7724091913baa60c9f1a2a8bf0cc
Commit message - Merge https://github.com/sleuthkit/sleuthkit
-----------------------------------------------------------------

Cherry-pick diff pair 108 is -> 
{ 9d06cfd11f45a6febeb12ff339a223184e846f53 -> 6624b07ad007949c07d8a45205c6ed33822076f7 } is a cherrypick
{ f974cd388caa3711b614b09b8c794e5920203d73 -> b78d9045368b957f00e1353a8ab3d32b72d8787f }
Cherrypick commits SHA are -> 
6624b07ad007949c07d8a45205c6ed33822076f7 - cherrypick - b78d9045368b957f00e1353a8ab3d32b72d8787f
---> The cherrypicked commit sha is - 6624b07ad007949c07d8a45205c6ed33822076f7
Commit message - Completed updates to sample pipeline config files, adjusting paths and referring to README file for TskHashLookupModule.
---> The original commit sha is - b78d9045368b957f00e1353a8ab3d32b72d8787f
Commit message - Merge branch 'master' of github.com:basis-technology-corp/sleuthkit
-----------------------------------------------------------------

Cherry-pick diff pair 109 is -> 
{ ef8a723b8ee0a4e7e5f91322e21bbd4fe42cf400 -> 6a27540612a93bc711e0c4b2e8d897de870eed29 } is a cherrypick
{ a9314a7dda2c6ed659d40cda0d0a8c5e77544b22 -> 79f72420f7c9eaaa689ed912e500b674457fbd18 }
Cherrypick commits SHA are -> 
6a27540612a93bc711e0c4b2e8d897de870eed29 - cherrypick - 79f72420f7c9eaaa689ed912e500b674457fbd18
---> The cherrypicked commit sha is - 6a27540612a93bc711e0c4b2e8d897de870eed29
Commit message - Merge remote-tracking branch 'upstream/master'
---> The original commit sha is - 79f72420f7c9eaaa689ed912e500b674457fbd18
Commit message - Merge branch 'master' of github.com:sleuthkit/sleuthkit
-----------------------------------------------------------------

Cherry-pick diff pair 110 is -> 
{ b925be1fe791e7ed6ed53b6b9f3e82cbad1d1504 -> f7c0d0775efe8129a88701042b6436c9695dcf68 } is a cherrypick
{ a9314a7dda2c6ed659d40cda0d0a8c5e77544b22 -> 79f72420f7c9eaaa689ed912e500b674457fbd18 }
Cherrypick commits SHA are -> 
f7c0d0775efe8129a88701042b6436c9695dcf68 - cherrypick - 79f72420f7c9eaaa689ed912e500b674457fbd18
---> The cherrypicked commit sha is - f7c0d0775efe8129a88701042b6436c9695dcf68
Commit message - Merge remote-tracking branch 'upstream/master'
---> The original commit sha is - 79f72420f7c9eaaa689ed912e500b674457fbd18
Commit message - Merge branch 'master' of github.com:sleuthkit/sleuthkit
-----------------------------------------------------------------

Cherry-pick diff pair 111 is -> 
{ ef8a723b8ee0a4e7e5f91322e21bbd4fe42cf400 -> 6a27540612a93bc711e0c4b2e8d897de870eed29 } is a cherrypick
{ b925be1fe791e7ed6ed53b6b9f3e82cbad1d1504 -> f7c0d0775efe8129a88701042b6436c9695dcf68 }
Cherrypick commits SHA are -> 
6a27540612a93bc711e0c4b2e8d897de870eed29 - cherrypick - f7c0d0775efe8129a88701042b6436c9695dcf68
---> The cherrypicked commit sha is - 6a27540612a93bc711e0c4b2e8d897de870eed29
Commit message - Merge remote-tracking branch 'upstream/master'
---> The original commit sha is - f7c0d0775efe8129a88701042b6436c9695dcf68
Commit message - Merge remote-tracking branch 'upstream/master'
-----------------------------------------------------------------

Cherry-pick diff pair 112 is -> 
{ 3799ff7e42ab7232407621049ca84d4f57886cc8 -> efc981df83f4d03df471377bd150dcda11a8abbb } is a cherrypick
{ 598b9565b16d00a322f6dac874fc31b152a26263 -> 55dcca7deaeae7779825d3903b4832a4b7522c0a }
Cherrypick commits SHA are -> 
efc981df83f4d03df471377bd150dcda11a8abbb - cherrypick - 55dcca7deaeae7779825d3903b4832a4b7522c0a
---> The cherrypicked commit sha is - efc981df83f4d03df471377bd150dcda11a8abbb
Commit message - Merge branch 'master' of git://github.com/sleuthkit/sleuthkit
---> The original commit sha is - 55dcca7deaeae7779825d3903b4832a4b7522c0a
Commit message - Merge branch 'master' of git://github.com/sleuthkit/sleuthkit
-----------------------------------------------------------------

Cherry-pick diff pair 113 is -> 
{ 58204fe8e87ca1992d8698c0d86ef362610811cf -> 9c9c24205962d6d34838a93bd85d8af6846ceae0 } is a cherrypick
{ 146cd937e04dfaa29d044169b8532da2d7d69abf -> cf882b42ee9845009f59247ea44288334e444170 }
Cherrypick commits SHA are -> 
9c9c24205962d6d34838a93bd85d8af6846ceae0 - cherrypick - cf882b42ee9845009f59247ea44288334e444170
---> The cherrypicked commit sha is - 9c9c24205962d6d34838a93bd85d8af6846ceae0
Commit message - Fixed compiler error in framework
---> The original commit sha is - cf882b42ee9845009f59247ea44288334e444170
Commit message - Merge branch 'master' of github.com:sleuthkit/sleuthkit
-----------------------------------------------------------------

Cherry-pick diff pair 114 is -> 
{ fd61db303337dc46857378585851234d7b88dfb0 -> 08f165f99f711d0c158698a364441399eb66a49f } is a cherrypick
{ 146cd937e04dfaa29d044169b8532da2d7d69abf -> cf882b42ee9845009f59247ea44288334e444170 }
Cherrypick commits SHA are -> 
08f165f99f711d0c158698a364441399eb66a49f - cherrypick - cf882b42ee9845009f59247ea44288334e444170
---> The cherrypicked commit sha is - 08f165f99f711d0c158698a364441399eb66a49f
Commit message - Merge branch 'master' of git://github.com/sleuthkit/sleuthkit
---> The original commit sha is - cf882b42ee9845009f59247ea44288334e444170
Commit message - Merge branch 'master' of github.com:sleuthkit/sleuthkit
-----------------------------------------------------------------

Cherry-pick diff pair 115 is -> 
{ 93752a719f6c1ac740ec9d7542e82853be2ddc3d -> 51f205d84cbea18c6369fbb4479e97ef19f26c7b } is a cherrypick
{ 8a573d20fc4410c62ca6bb44c839df45ff8d29d7 -> 4c330c415b3b75318eecad521c636bbeb77d7c40 }
Cherrypick commits SHA are -> 
51f205d84cbea18c6369fbb4479e97ef19f26c7b - cherrypick - 4c330c415b3b75318eecad521c636bbeb77d7c40
---> The cherrypicked commit sha is - 51f205d84cbea18c6369fbb4479e97ef19f26c7b
Commit message - Added new getFileRecords API
---> The original commit sha is - 4c330c415b3b75318eecad521c636bbeb77d7c40
Commit message - MAY-360. Breakup 7zip archive when uncompress file size > 10 GB or file count > 1 million, which ever comes first. The zip files have the following naming conventions: carved_files_1.zip, carved_files_2.zip etc.
-----------------------------------------------------------------

Cherry-pick diff pair 116 is -> 
{ 58204fe8e87ca1992d8698c0d86ef362610811cf -> 9c9c24205962d6d34838a93bd85d8af6846ceae0 } is a cherrypick
{ fd61db303337dc46857378585851234d7b88dfb0 -> 08f165f99f711d0c158698a364441399eb66a49f }
Cherrypick commits SHA are -> 
9c9c24205962d6d34838a93bd85d8af6846ceae0 - cherrypick - 08f165f99f711d0c158698a364441399eb66a49f
---> The cherrypicked commit sha is - 9c9c24205962d6d34838a93bd85d8af6846ceae0
Commit message - Fixed compiler error in framework
---> The original commit sha is - 08f165f99f711d0c158698a364441399eb66a49f
Commit message - Merge branch 'master' of git://github.com/sleuthkit/sleuthkit
-----------------------------------------------------------------

Cherry-pick diff pair 117 is -> 
{ 702d5edc9188d43f68f5755e812414469c003b30 -> 71f2a3caa27d9abfd5764ebc4447b59330f72638 } is a cherrypick
{ 7e5569d2121a104919e00e1e192624cb1d14b3ed -> f60ec2da6d4786ae578c93ace95be3ece28e3b5a }
Cherrypick commits SHA are -> 
71f2a3caa27d9abfd5764ebc4447b59330f72638 - cherrypick - f60ec2da6d4786ae578c93ace95be3ece28e3b5a
---> The cherrypicked commit sha is - 71f2a3caa27d9abfd5764ebc4447b59330f72638
Commit message - Merge pull request #48 from adam-m/master

Java bindings stream reader fix when read() returns 0
---> The original commit sha is - f60ec2da6d4786ae578c93ace95be3ece28e3b5a
Commit message - Merge pull request #49 from adam-m/master

Create an index for fast bb attribute query
-----------------------------------------------------------------

Cherry-pick diff pair 118 is -> 
{ 551626dd8fdd034c13d7acf3368c97fd0cebbcfc -> f35cf9ea54e4462eb0d2baa754ad29d2b8e7a144 } is a cherrypick
{ e4ad178afc889a1b88206b6911935b671ca316bb -> 4f74df52fbc87b584af6240d199b1dd3d88aa225 }
Cherrypick commits SHA are -> 
f35cf9ea54e4462eb0d2baa754ad29d2b8e7a144 - cherrypick - 4f74df52fbc87b584af6240d199b1dd3d88aa225
---> The cherrypicked commit sha is - f35cf9ea54e4462eb0d2baa754ad29d2b8e7a144
Commit message - Merge remote-tracking branch 'upstream/master'
---> The original commit sha is - 4f74df52fbc87b584af6240d199b1dd3d88aa225
Commit message - Merge branch 'master' of git://github.com/sleuthkit/sleuthkit
-----------------------------------------------------------------

Cherry-pick diff pair 119 is -> 
{ 62c6746c5a569d2f7ef3034c682c03e1e6ae65fc -> 1f42fde8c55683aba2027a11af225a492626c1d2 } is a cherrypick
{ 4d896da1a4348204e7cfdffad377b4e94193cf32 -> 37e396877862fbac9adc7433d3a629e5a290dc64 }
Cherrypick commits SHA are -> 
1f42fde8c55683aba2027a11af225a492626c1d2 - cherrypick - 37e396877862fbac9adc7433d3a629e5a290dc64
---> The cherrypicked commit sha is - 1f42fde8c55683aba2027a11af225a492626c1d2
Commit message - Win32 updates for new libewf versions -- Java works only with new libewf
---> The original commit sha is - 37e396877862fbac9adc7433d3a629e5a290dc64
Commit message - Merge branch 'master' of git://github.com/sleuthkit/sleuthkit
-----------------------------------------------------------------

Cherry-pick diff pair 120 is -> 
{ 5b9dabbd5faf4d450f8c14deb9167bf3f452c3e5 -> 07a3fa467b1f06bcf05ee97c71a1041bccd4f7ff } is a cherrypick
{ 7dcf7863b449f6058952489b0367cf0c1fbd0964 -> 62c6746c5a569d2f7ef3034c682c03e1e6ae65fc }
Cherrypick commits SHA are -> 
07a3fa467b1f06bcf05ee97c71a1041bccd4f7ff - cherrypick - 62c6746c5a569d2f7ef3034c682c03e1e6ae65fc
---> The cherrypicked commit sha is - 07a3fa467b1f06bcf05ee97c71a1041bccd4f7ff
Commit message - TSK-405: Support EnCase Hashsets
---> The original commit sha is - 62c6746c5a569d2f7ef3034c682c03e1e6ae65fc
Commit message - Merge branch 'master' of github.com:sleuthkit/sleuthkit
-----------------------------------------------------------------

Cherry-pick diff pair 121 is -> 
{ c1836adbb114ee72b68c69e71ad04cc5758ab250 -> ce851680f5131ce1bf860a2cf4cde255408559e8 } is a cherrypick
{ 25101fe1b5afd98805f9d00bd94cedc537da2094 -> 5b9dabbd5faf4d450f8c14deb9167bf3f452c3e5 }
Cherrypick commits SHA are -> 
ce851680f5131ce1bf860a2cf4cde255408559e8 - cherrypick - 5b9dabbd5faf4d450f8c14deb9167bf3f452c3e5
---> The cherrypicked commit sha is - ce851680f5131ce1bf860a2cf4cde255408559e8
Commit message - Merge pull request #44 from adam-m/master

java bindings: Cache image handle and reuse 
---> The original commit sha is - 5b9dabbd5faf4d450f8c14deb9167bf3f452c3e5
Commit message - Merge pull request #45 from adam-m/master

java bindings: Cache image handle and reuse: synchronize
-----------------------------------------------------------------

Cherry-pick diff pair 122 is -> 
{ 5a1785f382dc23b48e7dc2614872ba4a12d8c11e -> d8d3913be5ba8f6b950200880b2295f695e34962 } is a cherrypick
{ ecbc3a21a99f2212d841df477fce8318e4249bdb -> 0e634ef453efd47ff1accd96d2d2c60f04cc5738 }
Cherrypick commits SHA are -> 
d8d3913be5ba8f6b950200880b2295f695e34962 - cherrypick - 0e634ef453efd47ff1accd96d2d2c60f04cc5738
---> The cherrypicked commit sha is - d8d3913be5ba8f6b950200880b2295f695e34962
Commit message - Merge branch 'master' of github.com:sleuthkit/sleuthkit
---> The original commit sha is - 0e634ef453efd47ff1accd96d2d2c60f04cc5738
Commit message - Merge branch 'master' of github.com:sleuthkit/sleuthkit
-----------------------------------------------------------------

Cherry-pick diff pair 123 is -> 
{ 99d79bd7ef145669ed6451d88262ae67de05f7fa -> 0495474be7396b9eedc982e81856b875cd845b43 } is a cherrypick
{ ecbc3a21a99f2212d841df477fce8318e4249bdb -> 0e634ef453efd47ff1accd96d2d2c60f04cc5738 }
Cherrypick commits SHA are -> 
0495474be7396b9eedc982e81856b875cd845b43 - cherrypick - 0e634ef453efd47ff1accd96d2d2c60f04cc5738
---> The cherrypicked commit sha is - 0495474be7396b9eedc982e81856b875cd845b43
Commit message - Merge branch 'master' of github.com:sleuthkit/sleuthkit
---> The original commit sha is - 0e634ef453efd47ff1accd96d2d2c60f04cc5738
Commit message - Merge branch 'master' of github.com:sleuthkit/sleuthkit
-----------------------------------------------------------------

Cherry-pick diff pair 124 is -> 
{ 5a1785f382dc23b48e7dc2614872ba4a12d8c11e -> d8d3913be5ba8f6b950200880b2295f695e34962 } is a cherrypick
{ 99d79bd7ef145669ed6451d88262ae67de05f7fa -> 0495474be7396b9eedc982e81856b875cd845b43 }
Cherrypick commits SHA are -> 
d8d3913be5ba8f6b950200880b2295f695e34962 - cherrypick - 0495474be7396b9eedc982e81856b875cd845b43
---> The cherrypicked commit sha is - d8d3913be5ba8f6b950200880b2295f695e34962
Commit message - Merge branch 'master' of github.com:sleuthkit/sleuthkit
---> The original commit sha is - 0495474be7396b9eedc982e81856b875cd845b43
Commit message - Merge branch 'master' of github.com:sleuthkit/sleuthkit
-----------------------------------------------------------------

Cherry-pick diff pair 125 is -> 
{ f98f73b67c1849a664d240a4a665539e16947165 -> e514131d8ddc3dd3e6751b28491fcb35a3da7f5a } is a cherrypick
{ 9a1ab0cfe444c9b33a5ea56a8a9e0434e6164bb3 -> 88ce92ebb71143f987473795207676a8745e1102 }
Cherrypick commits SHA are -> 
e514131d8ddc3dd3e6751b28491fcb35a3da7f5a - cherrypick - 88ce92ebb71143f987473795207676a8745e1102
---> The cherrypicked commit sha is - e514131d8ddc3dd3e6751b28491fcb35a3da7f5a
Commit message - updated docs with win32 library change
---> The original commit sha is - 88ce92ebb71143f987473795207676a8745e1102
Commit message - updated docs with win32 library change
-----------------------------------------------------------------

Cherry-pick diff pair 126 is -> 
{ 183b897be295abeff52c6bcfbc660f102227ae5e -> 14afee700d3dca5ec7d737753476644709fb21dd } is a cherrypick
{ 38d05cae23b6d49691c403189aac9f0bf4997a81 -> f98f73b67c1849a664d240a4a665539e16947165 }
Cherrypick commits SHA are -> 
14afee700d3dca5ec7d737753476644709fb21dd - cherrypick - f98f73b67c1849a664d240a4a665539e16947165
---> The cherrypicked commit sha is - 14afee700d3dca5ec7d737753476644709fb21dd
Commit message - Don't add meta entry until we verify sig
---> The original commit sha is - f98f73b67c1849a664d240a4a665539e16947165
Commit message - Merge branch 'master' of github.com:sleuthkit/sleuthkit
-----------------------------------------------------------------

Cherry-pick diff pair 127 is -> 
{ 5101cf412767a6cac101b5b95dc194459d5b74ce -> c4dd04b7fa87f8ed7ab3b8c5a5b0f1e502fe63c8 } is a cherrypick
{ aa18e03d1279d560acdfc84a82d7454e948fe82e -> 3a445c702b296976f48d01902fb783b70a286d00 }
Cherrypick commits SHA are -> 
c4dd04b7fa87f8ed7ab3b8c5a5b0f1e502fe63c8 - cherrypick - 3a445c702b296976f48d01902fb783b70a286d00
---> The cherrypicked commit sha is - c4dd04b7fa87f8ed7ab3b8c5a5b0f1e502fe63c8
Commit message - moved release scripts to a new directory in branch
---> The original commit sha is - 3a445c702b296976f48d01902fb783b70a286d00
Commit message - Merge branch 'master' of github.com:sleuthkit/sleuthkit
-----------------------------------------------------------------

Cherry-pick diff pair 128 is -> 
{ cebf09484d774b5b784789980a046aa84027e02b -> 74192507f428ed7cb71f432e6686e4133122c297 } is a cherrypick
{ aa18e03d1279d560acdfc84a82d7454e948fe82e -> 3a445c702b296976f48d01902fb783b70a286d00 }
Cherrypick commits SHA are -> 
74192507f428ed7cb71f432e6686e4133122c297 - cherrypick - 3a445c702b296976f48d01902fb783b70a286d00
---> The cherrypicked commit sha is - 74192507f428ed7cb71f432e6686e4133122c297
Commit message - Merge branch 'master' of github.com:sleuthkit/sleuthkit
---> The original commit sha is - 3a445c702b296976f48d01902fb783b70a286d00
Commit message - Merge branch 'master' of github.com:sleuthkit/sleuthkit
-----------------------------------------------------------------

Cherry-pick diff pair 129 is -> 
{ 4b2dc033e5cda059e75de395f2464c3898c2ce83 -> a9284084e2e479a94566834988f029452c4e9e24 } is a cherrypick
{ aa18e03d1279d560acdfc84a82d7454e948fe82e -> 3a445c702b296976f48d01902fb783b70a286d00 }
Cherrypick commits SHA are -> 
a9284084e2e479a94566834988f029452c4e9e24 - cherrypick - 3a445c702b296976f48d01902fb783b70a286d00
---> The cherrypicked commit sha is - a9284084e2e479a94566834988f029452c4e9e24
Commit message - Merge branch 'master' of github.com:sleuthkit/sleuthkit
---> The original commit sha is - 3a445c702b296976f48d01902fb783b70a286d00
Commit message - Merge branch 'master' of github.com:sleuthkit/sleuthkit
-----------------------------------------------------------------

Cherry-pick diff pair 130 is -> 
{ 5101cf412767a6cac101b5b95dc194459d5b74ce -> c4dd04b7fa87f8ed7ab3b8c5a5b0f1e502fe63c8 } is a cherrypick
{ 4b2dc033e5cda059e75de395f2464c3898c2ce83 -> a9284084e2e479a94566834988f029452c4e9e24 }
Cherrypick commits SHA are -> 
c4dd04b7fa87f8ed7ab3b8c5a5b0f1e502fe63c8 - cherrypick - a9284084e2e479a94566834988f029452c4e9e24
---> The cherrypicked commit sha is - c4dd04b7fa87f8ed7ab3b8c5a5b0f1e502fe63c8
Commit message - moved release scripts to a new directory in branch
---> The original commit sha is - a9284084e2e479a94566834988f029452c4e9e24
Commit message - Merge branch 'master' of github.com:sleuthkit/sleuthkit
-----------------------------------------------------------------

Cherry-pick diff pair 131 is -> 
{ cebf09484d774b5b784789980a046aa84027e02b -> 74192507f428ed7cb71f432e6686e4133122c297 } is a cherrypick
{ 4b2dc033e5cda059e75de395f2464c3898c2ce83 -> a9284084e2e479a94566834988f029452c4e9e24 }
Cherrypick commits SHA are -> 
74192507f428ed7cb71f432e6686e4133122c297 - cherrypick - a9284084e2e479a94566834988f029452c4e9e24
---> The cherrypicked commit sha is - 74192507f428ed7cb71f432e6686e4133122c297
Commit message - Merge branch 'master' of github.com:sleuthkit/sleuthkit
---> The original commit sha is - a9284084e2e479a94566834988f029452c4e9e24
Commit message - Merge branch 'master' of github.com:sleuthkit/sleuthkit
-----------------------------------------------------------------

Cherry-pick diff pair 132 is -> 
{ 5101cf412767a6cac101b5b95dc194459d5b74ce -> c4dd04b7fa87f8ed7ab3b8c5a5b0f1e502fe63c8 } is a cherrypick
{ cebf09484d774b5b784789980a046aa84027e02b -> 74192507f428ed7cb71f432e6686e4133122c297 }
Cherrypick commits SHA are -> 
c4dd04b7fa87f8ed7ab3b8c5a5b0f1e502fe63c8 - cherrypick - 74192507f428ed7cb71f432e6686e4133122c297
---> The cherrypicked commit sha is - c4dd04b7fa87f8ed7ab3b8c5a5b0f1e502fe63c8
Commit message - moved release scripts to a new directory in branch
---> The original commit sha is - 74192507f428ed7cb71f432e6686e4133122c297
Commit message - Merge branch 'master' of github.com:sleuthkit/sleuthkit
-----------------------------------------------------------------

Cherry-pick diff pair 133 is -> 
{ bfe1253dba2c898f746a44ec1d4dc9758e4b9020 -> e426348950e50fc458cf51d0a5108420353b3636 } is a cherrypick
{ 951c21578079e4d13fb339014a69502a89e32831 -> e6bf511e015f6b3cc6a9eab3183a32f003816f91 }
Cherrypick commits SHA are -> 
e426348950e50fc458cf51d0a5108420353b3636 - cherrypick - e6bf511e015f6b3cc6a9eab3183a32f003816f91
---> The cherrypicked commit sha is - e426348950e50fc458cf51d0a5108420353b3636
Commit message - fixed debug statement
---> The original commit sha is - e6bf511e015f6b3cc6a9eab3183a32f003816f91
Commit message - fixed printf typo in error message
-----------------------------------------------------------------

