# of reverts = 10
Revert diff pair 1 is -> 
{ 99710ac6b7ffee6576b00f2afdd0441e8bfbaeb7 -> e0aa22a0a4b52dd125864de97c7615d3c3bdedf9 } is a revert
{ e0aa22a0a4b52dd125864de97c7615d3c3bdedf9 -> 1ef022af7dc893f826ef2e45511afe5608a5e8d8 }
Revert commits SHA are -> 
e0aa22a0a4b52dd125864de97c7615d3c3bdedf9 - revert - 1ef022af7dc893f826ef2e45511afe5608a5e8d8
---> The reverted commit sha is - e0aa22a0a4b52dd125864de97c7615d3c3bdedf9
Commit message - allow redirect to be a function
---> The original commit sha is - 1ef022af7dc893f826ef2e45511afe5608a5e8d8
Commit message - Merge pull request #484 from spine/ctrlEvents

Ctrl events
-----------------------------------------------------------------

Revert diff pair 2 is -> 
{ 846a0ecf76858c0d6240ed7e8f05d3bd3a1e5891 -> fa79b025b094f3c1c5d063b90c5c9a3e3eb5008d } is a revert
{ fa79b025b094f3c1c5d063b90c5c9a3e3eb5008d -> 18474f1c379302cecd224e4fafb923eece41f7e6 }
Revert commits SHA are -> 
fa79b025b094f3c1c5d063b90c5c9a3e3eb5008d - revert - 18474f1c379302cecd224e4fafb923eece41f7e6
---> The reverted commit sha is - fa79b025b094f3c1c5d063b90c5c9a3e3eb5008d
Commit message - Reuse Event.listenTo/listenToOnce/stopListening in Module class
---> The original commit sha is - 18474f1c379302cecd224e4fafb923eece41f7e6
Commit message - Merge pull request #477 from SpeCT/fix-controller-replace

Controller::replace should accept jQuery object or DOM Element
-----------------------------------------------------------------

Revert diff pair 3 is -> 
{ 8f7dd29bacbd9e6ac561aac61fe1a3eaef797665 -> a385c23de67e5a7a8b718d5148c40e2f9a321ec2 } is a revert
{ a385c23de67e5a7a8b718d5148c40e2f9a321ec2 -> e59306ce17afafc1ad81ed7d3f3d21ecf02a9baa }
Revert commits SHA are -> 
a385c23de67e5a7a8b718d5148c40e2f9a321ec2 - revert - e59306ce17afafc1ad81ed7d3f3d21ecf02a9baa
---> The reverted commit sha is - a385c23de67e5a7a8b718d5148c40e2f9a321ec2
Commit message - Delete not necessary `if` on controllers release
---> The original commit sha is - e59306ce17afafc1ad81ed7d3f3d21ecf02a9baa
Commit message - Merge pull request #452 from yaakaito/fix/event-fixes-for-model

Fix model instance Events wrapper
-----------------------------------------------------------------

Revert diff pair 4 is -> 
{ 3e90bf73c773ed92be77866753be337c2af51f28 -> d691e7f3cbaba68fa551f346e8042f3a9ffa9901 } is a revert
{ d691e7f3cbaba68fa551f346e8042f3a9ffa9901 -> 4f8b247eb04c491432644969019c8ca566bf28fd }
Revert commits SHA are -> 
d691e7f3cbaba68fa551f346e8042f3a9ffa9901 - revert - 4f8b247eb04c491432644969019c8ca566bf28fd
---> The reverted commit sha is - d691e7f3cbaba68fa551f346e8042f3a9ffa9901
Commit message - Revert "More descriptive 'unknown record' errors"

This reverts commit 3e90bf73c773ed92be77866753be337c2af51f28.
---> The original commit sha is - 4f8b247eb04c491432644969019c8ca566bf28fd
Commit message - Merge pull request #383 from adambiggs/descriptive-record-errors

More descriptive "unknown record" errors
-----------------------------------------------------------------

Revert diff pair 5 is -> 
{ df65f1550825dc2a15126a073bf72b139f09eff4 -> 3e90bf73c773ed92be77866753be337c2af51f28 } is a revert
{ 3e90bf73c773ed92be77866753be337c2af51f28 -> d691e7f3cbaba68fa551f346e8042f3a9ffa9901 }
Revert commits SHA are -> 
3e90bf73c773ed92be77866753be337c2af51f28 - revert - d691e7f3cbaba68fa551f346e8042f3a9ffa9901
---> The reverted commit sha is - 3e90bf73c773ed92be77866753be337c2af51f28
Commit message - More descriptive 'unknown record' errors
---> The original commit sha is - d691e7f3cbaba68fa551f346e8042f3a9ffa9901
Commit message - Revert "More descriptive 'unknown record' errors"

This reverts commit 3e90bf73c773ed92be77866753be337c2af51f28.
-----------------------------------------------------------------

Revert diff pair 6 is -> 
{ 457c763dd6606f0f1e2cc206bc685bac25c262cc -> 260c022298072aba6bb578022149673987ec8b32 } is a revert
{ ba80bc8d3f4bba584706ea87ffeb80732f8c3f5b -> df65f1550825dc2a15126a073bf72b139f09eff4 }
Revert commits SHA are -> 
260c022298072aba6bb578022149673987ec8b32 - revert - df65f1550825dc2a15126a073bf72b139f09eff4
---> The reverted commit sha is - 260c022298072aba6bb578022149673987ec8b32
Commit message - Improve error log message when a model record isn't found
---> The original commit sha is - df65f1550825dc2a15126a073bf72b139f09eff4
Commit message - Revert "Merge pull request #396 from jeremyhaile/improve_find_errors"

This reverts commit 4a60e04c7da4571d4cdef586c82d5fa6872d8aac, reversing
changes made to 457c763dd6606f0f1e2cc206bc685bac25c262cc.
-----------------------------------------------------------------

Revert diff pair 7 is -> 
{ 5be065196136db11019b0fc8b67a72e5226ba7f1 -> af1ea1ad1d9c238cc2ff8a4bfd7c593910c24a24 } is a revert
{ af1ea1ad1d9c238cc2ff8a4bfd7c593910c24a24 -> ae2d0b5d69833e6e11db3d70aed6f0b349c905c2 }
Revert commits SHA are -> 
af1ea1ad1d9c238cc2ff8a4bfd7c593910c24a24 - revert - ae2d0b5d69833e6e11db3d70aed6f0b349c905c2
---> The reverted commit sha is - af1ea1ad1d9c238cc2ff8a4bfd7c593910c24a24
Commit message - Wrong title
---> The original commit sha is - ae2d0b5d69833e6e11db3d70aed6f0b349c905c2
Commit message - Merge pull request #337 from abernier/patch-15

[✓] Phantom runner now logs Jasmine's results.
-----------------------------------------------------------------

Revert diff pair 8 is -> 
{ 6717a95bbfb028093b76c961bf5c48e09b2bc3d5 -> 8c560f6496373ff2cec46d5663b48ec62478e7f3 } is a revert
{ 43195d43c374482454c4b4702e5fa69276d728a7 -> 0befd716260a1cfa8a70a50324cec83b315b84b3 }
Revert commits SHA are -> 
8c560f6496373ff2cec46d5663b48ec62478e7f3 - revert - 0befd716260a1cfa8a70a50324cec83b315b84b3
---> The reverted commit sha is - 8c560f6496373ff2cec46d5663b48ec62478e7f3
Commit message - Dirty plugin for SpineJS. So the model object can bind the event
"change:#{field} to trigger event when the field value is changed.

By default it's off and if need this feature, the model should
extend Spine.Model.Dirty
---> The original commit sha is - 0befd716260a1cfa8a70a50324cec83b315b84b3
Commit message - Revert "Merge pull request #301 from sishen/dirty_plugin"

This reverts commit 43195d43c374482454c4b4702e5fa69276d728a7, reversing
changes made to ef55f075a2387bf496a21248b32b9e82fe5b8f92.
-----------------------------------------------------------------

Revert diff pair 9 is -> 
{ ef55f075a2387bf496a21248b32b9e82fe5b8f92 -> 43195d43c374482454c4b4702e5fa69276d728a7 } is a revert
{ 43195d43c374482454c4b4702e5fa69276d728a7 -> 0befd716260a1cfa8a70a50324cec83b315b84b3 }
Revert commits SHA are -> 
43195d43c374482454c4b4702e5fa69276d728a7 - revert - 0befd716260a1cfa8a70a50324cec83b315b84b3
---> The reverted commit sha is - 43195d43c374482454c4b4702e5fa69276d728a7
Commit message - Merge pull request #301 from sishen/dirty_plugin

Dirty plugin for SpineJS. 
---> The original commit sha is - 0befd716260a1cfa8a70a50324cec83b315b84b3
Commit message - Revert "Merge pull request #301 from sishen/dirty_plugin"

This reverts commit 43195d43c374482454c4b4702e5fa69276d728a7, reversing
changes made to ef55f075a2387bf496a21248b32b9e82fe5b8f92.
-----------------------------------------------------------------

Revert diff pair 10 is -> 
{ 481d6d04443ddce49e530e098b6c9d1715feb51b -> 9269cec9ae33cd5cafba373e8e322d003b8e54e2 } is a revert
{ e0a6555ddc5077ae0c8ae142d66b4e0552bf470e -> e1d191db51ce6e581d3291d65c40f092f0285231 }
Revert commits SHA are -> 
9269cec9ae33cd5cafba373e8e322d003b8e54e2 - revert - e1d191db51ce6e581d3291d65c40f092f0285231
---> The reverted commit sha is - 9269cec9ae33cd5cafba373e8e322d003b8e54e2
Commit message - fix encoding issue
---> The original commit sha is - e1d191db51ce6e581d3291d65c40f092f0285231
Commit message - fix charset
-----------------------------------------------------------------

