# of merges = 163
Merge commit 1 is -> 
{ bc7a65cefc6bfaf15f97551e88c0c1e296d13c37 is a merge commit
---> Commit message - Merge pull request #16 from jaysalvat/master

Parameters to Model.fetch() ajax requests
-----------------------------------------------------------------

Merge commit 2 is -> 
{ e6bb0f5ed3acd566f7b8ba844711eaf29f2e5fd9 is a merge commit
---> Commit message - Merge pull request #26 from csaunders/rest_callback_patch

Fetch with params fix and allow setting expected prefix in response
-----------------------------------------------------------------

Merge commit 3 is -> 
{ 2c06bede79803ac49fa3649bbecbadf17b8519f6 is a merge commit
---> Commit message - Merge pull request #29 from csaunders/rest_callback_patch

Rest callback patch
-----------------------------------------------------------------

Merge commit 4 is -> 
{ ce04688c76e97b6a4ef4d58b3d64d713da962d36 is a merge commit
---> Commit message - Merge pull request #30 from lyleunderwood/patch-1

update test to reflect change in commit a8a4fb2c
-----------------------------------------------------------------

Merge commit 5 is -> 
{ f4b204b62a82264bcddcd07c9178c62b8928cbcf is a merge commit
---> Commit message - Merge branch 'master' of github.com:maccman/spine into gh-pages
-----------------------------------------------------------------

Merge commit 6 is -> 
{ b8e388d58189c38fb197237ff57f33c0cd79c764 is a merge commit
---> Commit message - Merge pull request #33 from KevBurnsJr/minor-typo

Fixing minor typo in docs.
-----------------------------------------------------------------

Merge commit 7 is -> 
{ 2d853407df2865d508690413905632caef78147a is a merge commit
---> Commit message - Merge pull request #35 from KevBurnsJr/change-log-line-breaks

Change log line breaks
-----------------------------------------------------------------

Merge commit 8 is -> 
{ 9e5076805a7cffe4dd85f1d7a5b0930fd1893ae7 is a merge commit
---> Commit message - Merge pull request #34 from KevBurnsJr/no-deactive-class

Removing lies from doc comments
-----------------------------------------------------------------

Merge commit 9 is -> 
{ c8cb6d6dd716771b47c100cc5ef283e669b35184 is a merge commit
---> Commit message - Merge branch 'master' of github.com:maccman/spine
-----------------------------------------------------------------

Merge commit 10 is -> 
{ 8a3b79abf8a20c19735ee91fd2274e0b1d9a6cc5 is a merge commit
---> Commit message - Merge branch 'gh-pages' of github.com:maccman/spine into gh-pages
-----------------------------------------------------------------

Merge commit 11 is -> 
{ b093c4fb737bf6dfec0fba7e7c6b3dae763559e3 is a merge commit
---> Commit message - Merge branch 'gh-pages'
-----------------------------------------------------------------

Merge commit 12 is -> 
{ fbf27d5753f7edb4bf0798dc5d745b0051564e1f is a merge commit
---> Commit message - Merge branch 'master' into gh-pages
-----------------------------------------------------------------

Merge commit 13 is -> 
{ 9f025023ce78842cda963c94ba1a229f0257a72b is a merge commit
---> Commit message - Merge pull request #50 from lorensr/patch-1

Edited bind example to show that multiple arguments can be passed.
-----------------------------------------------------------------

Merge commit 14 is -> 
{ 38fc35c28f4998b05b9298a32b098de7c97a3d24 is a merge commit
---> Commit message - Merge branch 'master' of github.com:maccman/spine
-----------------------------------------------------------------

Merge commit 15 is -> 
{ 7288cef4d26bfb0afa2134bfc20a41a95caf3a2d is a merge commit
---> Commit message - Merge pull request #60 from secoif/cs

Cs branch Updated spine lib to export on module.exports and bug in exports detection
-----------------------------------------------------------------

Merge commit 16 is -> 
{ 85da60e5eff3dbc689379426726ba89c93a50208 is a merge commit
---> Commit message - Merge branch 'cs' of git://github.com/maccman/spine into cs
-----------------------------------------------------------------

Merge commit 17 is -> 
{ 6b5816cfef97332a9bec4df20b1cf83d39c333fd is a merge commit
---> Commit message - Merge pull request #64 from robholland/cs

Fix a typo and a missing argument.
-----------------------------------------------------------------

Merge commit 18 is -> 
{ 7fbbf6ddb6609e8170082b44e59002b641698353 is a merge commit
---> Commit message - Merge pull request #67 from robholland/ajax_fixes

Ajax fixes
-----------------------------------------------------------------

Merge commit 19 is -> 
{ 44dd65f8261cca95868c1a8a122807491801fa94 is a merge commit
---> Commit message - Merge pull request #68 from robholland/cs

Fix ajax buglet
-----------------------------------------------------------------

Merge commit 20 is -> 
{ fe514ee5cba53e8ebb816c06cdc0e37bd22bcf34 is a merge commit
---> Commit message - Merge branch 'cs' of github.com:maccman/spine into cs
-----------------------------------------------------------------

Merge commit 21 is -> 
{ ffcafc828ab3a9c02b8e2080de3775cb2aae1d97 is a merge commit
---> Commit message - Merge pull request #70 from robholland/cs_controller_destroy

Controller destroy function + trigger
-----------------------------------------------------------------

Merge commit 22 is -> 
{ 9cb1dfc5252cd6a3653f4c2373544b8045c0f18f is a merge commit
---> Commit message - Merge pull request #75 from robholland/ajax_fix

Ajax fix
-----------------------------------------------------------------

Merge commit 23 is -> 
{ af64ba8f20353b86295fbf786587d684b0392fa6 is a merge commit
---> Commit message - Merge pull request #84 from chetan51/cs

Added dataType (json) to Ajax Base class to fix issues with Rails
-----------------------------------------------------------------

Merge commit 24 is -> 
{ 256b08110b63917f9c7c92390f5de0c1b21ee75b is a merge commit
---> Commit message - Merge pull request #86 from rodriguezartav/master

Spine.Ajax does not handle Ajax.error
-----------------------------------------------------------------

Merge commit 25 is -> 
{ 15de721549cc55528a76e9236f135ccdb61d4c4a is a merge commit
---> Commit message - Merge branch 'cs'
-----------------------------------------------------------------

Merge commit 26 is -> 
{ f281296053ca0d413bf4ddde9fbccbe6918b7a75 is a merge commit
---> Commit message - Merge pull request #90 from rodriguezartav/master

Fix errorResponse() trigger in Ajax Collection Class for ajaxError
-----------------------------------------------------------------

Merge commit 27 is -> 
{ d68f681b621014ce75b25f3d70e2d8707b6dd099 is a merge commit
---> Commit message - Merge branch 'master' of github.com:maccman/spine
-----------------------------------------------------------------

Merge commit 28 is -> 
{ 448a6c498677b62a9eb0d6c6b355aec7039b6d7a is a merge commit
---> Commit message - Merge pull request #94 from nathanpalmer/hotfix-init-alternate

Added an alternate version of handling init directly in module
-----------------------------------------------------------------

Merge commit 29 is -> 
{ 686b0e6da0e083913cb0595f3722e5ff602ed753 is a merge commit
---> Commit message - Merge pull request #104 from shiftb/master

Add item parameter to forItem in tmpl.coffee
-----------------------------------------------------------------

Merge commit 30 is -> 
{ 71515a561e769e96db6d27f2bc6e5f396c9dcd44 is a merge commit
---> Commit message - Merge branch 'master' of github.com:maccman/spine
-----------------------------------------------------------------

Merge commit 31 is -> 
{ 83989ae76e3f7f187fa8012f310edc93b41ff8d2 is a merge commit
---> Commit message - Merge pull request #107 from faisdotal/patch-1

Edited site/site.md via GitHub
-----------------------------------------------------------------

Merge commit 32 is -> 
{ e092456819c17d3eb5632e9e6a2f1ed789847b6d is a merge commit
---> Commit message - Merge branch 'master' of github.com:maccman/spine
-----------------------------------------------------------------

Merge commit 33 is -> 
{ ff9eb91ba53a8dd3ab47a4b94531a52385e0123a is a merge commit
---> Commit message - Merge pull request #110 from jtharris/master

Pass params in Collection.fetch
-----------------------------------------------------------------

Merge commit 34 is -> 
{ 62969b864a684f7f4f22b3af9a2810656fdb0efd is a merge commit
---> Commit message - Merge branch 'master' of github.com:maccman/spine
-----------------------------------------------------------------

Merge commit 35 is -> 
{ 13ef9a8c19a468c765b77854db104690d4396a39 is a merge commit
---> Commit message - Merge pull request #112 from kossnocorp/correct_default_event_splitter_reg_exp

Set correct default eventSplitter
-----------------------------------------------------------------

Merge commit 36 is -> 
{ ae713b6f1768e8eb9d5cc00e914ffe349cf9f85c is a merge commit
---> Commit message - Merge pull request #116 from scottburton11/refresh-fix

Fix @refresh() when it's called with something other than an array
-----------------------------------------------------------------

Merge commit 37 is -> 
{ 1406f4c6973a97cea53d7498576ae2a0ebd5d6c3 is a merge commit
---> Commit message - Merge branch 'master' of github.com:maccman/spine
-----------------------------------------------------------------

Merge commit 38 is -> 
{ c146c8243d7955cf2ee298763279b86ca2674ab5 is a merge commit
---> Commit message - Merge pull request #131 from fuzzygroove/master

Select tab when a controller becomes active
-----------------------------------------------------------------

Merge commit 39 is -> 
{ 68d2d8ea1b5762d701ca50d09c6fc69e63faafa1 is a merge commit
---> Commit message - Merge pull request #132 from amaierhofer/master

Fixed some jslint warnings
-----------------------------------------------------------------

Merge commit 40 is -> 
{ 82057e3a73583340254f10afa0e5de67868cfae3 is a merge commit
---> Commit message - Merge branch 'master' of github.com:maccman/spine
-----------------------------------------------------------------

Merge commit 41 is -> 
{ 326a5fd25089d879c13011bda96fdfb832fd1d97 is a merge commit
---> Commit message - Merge pull request #143 from hecticjeff/ajax-defaults

Expose Ajax.defaults properly
-----------------------------------------------------------------

Merge commit 42 is -> 
{ e29aea7b68e89e0e20ae6419936ee68306cc05cc is a merge commit
---> Commit message - Merge branch 'master' of github.com:maccman/spine
-----------------------------------------------------------------

Merge commit 43 is -> 
{ bdf5f935d92f302fea8863a88180fd07e3829d40 is a merge commit
---> Commit message - Merge pull request #151 from nrw/master

Better CommonJS Module Support
-----------------------------------------------------------------

Merge commit 44 is -> 
{ 1f0a030415bd8931dbf53f41874a3ccd241089d8 is a merge commit
---> Commit message - Merge pull request #158 from mitchlloyd/master

Pass options from the @destroy class method to the destroy instance method.
-----------------------------------------------------------------

Merge commit 45 is -> 
{ 1e2fe5b4c6481d28efb1d64039478a5b0886e3ce is a merge commit
---> Commit message - Merge branch 'master' of github.com:maccman/spine
-----------------------------------------------------------------

Merge commit 46 is -> 
{ 6511db28200e365cce536b18be725e872121fd54 is a merge commit
---> Commit message - Merge branch 'master' of git://github.com/maccman/spine

Conflicts:
	lib/relation.js
-----------------------------------------------------------------

Merge commit 47 is -> 
{ 01dd8b0823a4579f9162ba666914e921c7f97e2b is a merge commit
---> Commit message - Merge pull request #162 from abernier/master

Little modification on relation.coffee in order to pass records along when refreshing a (hasMany) relation
-----------------------------------------------------------------

Merge commit 48 is -> 
{ 648bdbd1e8e34bf55a2b765c064f7037aef8e597 is a merge commit
---> Commit message - Merge pull request #161 from ewoutkleinsmann/master

I made some fixes to route.coffee. I'd love to see them back in the master branch.
-----------------------------------------------------------------

Merge commit 49 is -> 
{ e760c8726f2423172a42b73bbdd5913efd1b669d is a merge commit
---> Commit message - Merge pull request #167 from noTxt/master

fix for regex.exec bug in IE
-----------------------------------------------------------------

Merge commit 50 is -> 
{ 700559889e86ce2abc7f5416344b0004cc11d1c2 is a merge commit
---> Commit message - Merge branch 'master' of github.com:maccman/spine
-----------------------------------------------------------------

Merge commit 51 is -> 
{ 0a9b734ffb56da24bcdcd4f6ffed953d822ceb7f is a merge commit
---> Commit message - Merge pull request #182 from abernier/master

Little issue with $.fn.item and the returning value when item is not a record
-----------------------------------------------------------------

Merge commit 52 is -> 
{ d7496e25cc8809a9cb21a36e303707ef5f3add71 is a merge commit
---> Commit message - Merge pull request #184 from jimrhoskins/master

Add existence check to window when defining $
-----------------------------------------------------------------

Merge commit 53 is -> 
{ 124ff578b113024fc55d96adee1422dd356657e9 is a merge commit
---> Commit message - Merge branch 'master' of github.com:maccman/spine
-----------------------------------------------------------------

Merge commit 54 is -> 
{ d50c5a8a4e4b8e7f79c950b5a6bc97bda0934c53 is a merge commit
---> Commit message - Merge pull request #191 from abernier/master

Adding ```options = {}`` paramater to Spine.Model.Ajax.fetch
-----------------------------------------------------------------

Merge commit 55 is -> 
{ e1da9d5bf05fa3f57b25027b7f14fecf1838bc9e is a merge commit
---> Commit message - Merge pull request #200 from joefiorini/attrs

Sets attrs specified in controller on @el
-----------------------------------------------------------------

Merge commit 56 is -> 
{ 27df250395400139c9e465718d9e50d074073e2c is a merge commit
---> Commit message - Merge pull request #216 from vojto/master

Making delegateEvents state-independent
-----------------------------------------------------------------

Merge commit 57 is -> 
{ d856e9c1a50a2cdb1bc9dfd7505f2bfdfc333187 is a merge commit
---> Commit message - Merge pull request #229 from mitchlloyd/patch-1

Allow one to cleanly override the cid for custom IDs (similar to previous commit allowing override of guid()).
-----------------------------------------------------------------

Merge commit 58 is -> 
{ c7ff9bcd4c1e51a2e54df7ce007e9d532aeb24cc is a merge commit
---> Commit message - Merge pull request #234 from abernier/patch-4

Passing `options` argument as well for Model::updateAttribute
-----------------------------------------------------------------

Merge commit 59 is -> 
{ 9678d7ebb3debc5f272a11b7a51ef69c93a781fd is a merge commit
---> Commit message - Merge pull request #236 from abernier/ajax-spec

Adding more specs for ajax suite.
-----------------------------------------------------------------

Merge commit 60 is -> 
{ 370b9d1af48c04fe1b7088a85c0bec416c1faab4 is a merge commit
---> Commit message - Merge pull request #246 from abernier/patch-6

Make sure the passed records are clones when refreshing a Collection.
-----------------------------------------------------------------

Merge commit 61 is -> 
{ 956f192037fefa57a280b910477f7f4d6d3e792f is a merge commit
---> Commit message - Merge pull request #247 from joelvh/patch-1

fixed findAllByAttribute(name, value) to make sure it filters results by association
-----------------------------------------------------------------

Merge commit 62 is -> 
{ f19551f63b556ada595da86e21c0fb581fbdf612 is a merge commit
---> Commit message - Merge pull request #251 from gsamokovarov/master

Refactoring of Module::proxy and makeArray
-----------------------------------------------------------------

Merge commit 63 is -> 
{ 15947fbf0f42bf30a778c7524a1a44f7007934d8 is a merge commit
---> Commit message - Merge branch 'master' of github.com:maccman/spine
-----------------------------------------------------------------

Merge commit 64 is -> 
{ 2c73922bbd8d467021b27d17f28af733cf7e241a is a merge commit
---> Commit message - Merge pull request #274 from sjoerdmulder/patch-1

Fix for issue #264
-----------------------------------------------------------------

Merge commit 65 is -> 
{ 700a7341d9a48611b2d9da7ca191b56afc40918b is a merge commit
---> Commit message - Merge pull request #240 from jeremyhaile/try-catch-ajax-disable

Try/catch around Ajax.disable callback
-----------------------------------------------------------------

Merge commit 66 is -> 
{ 5e0ff36ee36588602f7f9c68ab583a9e5f817867 is a merge commit
---> Commit message - Merge pull request #298 from snichme/master

Make functions defined in events: {} to be called in correct context
-----------------------------------------------------------------

Merge commit 67 is -> 
{ 589c8edbf6e45de06bc016cc21f4efcf72dddd9e is a merge commit
---> Commit message - Merge pull request #309 from nvh/unique_ids

cIDs are not always uniquely generated
-----------------------------------------------------------------

Merge commit 68 is -> 
{ ef55f075a2387bf496a21248b32b9e82fe5b8f92 is a merge commit
---> Commit message - Merge pull request #310 from nvh/unique_ids

resetIdCounter fix
-----------------------------------------------------------------

Merge commit 69 is -> 
{ 43195d43c374482454c4b4702e5fa69276d728a7 is a merge commit
---> Commit message - Merge pull request #301 from sishen/dirty_plugin

Dirty plugin for SpineJS. 
-----------------------------------------------------------------

Merge commit 70 is -> 
{ 0e63bbaa7840ea605f38b41040b8e7c7a9618d33 is a merge commit
---> Commit message - Merge pull request #317 from paulyoung/named-globs

Fixes #225: Added access to named glob in route.
-----------------------------------------------------------------

Merge commit 71 is -> 
{ 55fc6e11a3e5f6ce2e20986ca0b01ad881450e2e is a merge commit
---> Commit message - Merge pull request #329 from abernier/patch-11

`Route.unbind()` is irrelevant if `shim: true`
-----------------------------------------------------------------

Merge commit 72 is -> 
{ bac0e1af199b96db0a41eceabdb124767e6d1151 is a merge commit
---> Commit message - Merge pull request #332 from abernier/patch-13

Consolidating Spine.Route tests suite.
-----------------------------------------------------------------

Merge commit 73 is -> 
{ 1b14bea7ae451d2e2c69684f63327b12543ef9c1 is a merge commit
---> Commit message - Merge pull request #333 from abernier/phantomjs-travis

Continuous integration #2 — jasmine + phantomjs
-----------------------------------------------------------------

Merge commit 74 is -> 
{ a2392d2adddc216379631634d7efbf218a8f685a is a merge commit
---> Commit message - Merge pull request #334 from abernier/patch-14

phantom does not exit with the correct status code.
-----------------------------------------------------------------

Merge commit 75 is -> 
{ ae2d0b5d69833e6e11db3d70aed6f0b349c905c2 is a merge commit
---> Commit message - Merge pull request #337 from abernier/patch-15

[✓] Phantom runner now logs Jasmine's results.
-----------------------------------------------------------------

Merge commit 76 is -> 
{ 586c1f951bcd208a4b0dde72d8181b831ea94482 is a merge commit
---> Commit message - Merge pull request #338 from abernier/patch-16

Wrong Manager suite title
-----------------------------------------------------------------

Merge commit 77 is -> 
{ f8bc4575e04aeba372a671fccbfa846e9619f23b is a merge commit
---> Commit message - Merge pull request #339 from abernier/patch-17

Fixing indentation + add some styles.
-----------------------------------------------------------------

Merge commit 78 is -> 
{ 3c67d54c9d501df0e30f5c5ecc6b51aa5211a48b is a merge commit
---> Commit message - Merge pull request #340 from abernier/patch-18

Upgrading from jasmine 1.0.2 to 1.2.0
-----------------------------------------------------------------

Merge commit 79 is -> 
{ cd271d9e582a4d1812b7267adfbb801cfc3dae1b is a merge commit
---> Commit message - Merge pull request #328 from metaskills/ajax-promise-queue

Update Spine.Ajax's Queue To Return Promise Objects.
-----------------------------------------------------------------

Merge commit 80 is -> 
{ f5ddb702fdd5b85157f5af8c746514365419c60a is a merge commit
---> Commit message - Merge branch 'master' of github.com:maccman/spine
-----------------------------------------------------------------

Merge commit 81 is -> 
{ 74862a7e036d0bf0c3a9313dfd56d7ab4c92d3cf is a merge commit
---> Commit message - Merge pull request #362 from rodrigorm/queue-jquery-1.8.0

Correct a issue using jQuery 1.8.0 queue
-----------------------------------------------------------------

Merge commit 82 is -> 
{ 72c8b40a67e6ed9eacaf1283d449274b178f808e is a merge commit
---> Commit message - Merge branch 'master' into clone-attributes-fix
-----------------------------------------------------------------

Merge commit 83 is -> 
{ 457c763dd6606f0f1e2cc206bc685bac25c262cc is a merge commit
---> Commit message - Merge pull request #385 from eigenein/fix-coffeelint

Fix spine.coffee to pass CoffeeLint class name rule
-----------------------------------------------------------------

Merge commit 84 is -> 
{ 4a60e04c7da4571d4cdef586c82d5fa6872d8aac is a merge commit
---> Commit message - Merge pull request #396 from jeremyhaile/improve_find_errors

Improve error log message when a model record isn't found
-----------------------------------------------------------------

Merge commit 85 is -> 
{ 16a176cef1b0c3ff9771877bf65e8026b4b5d936 is a merge commit
---> Commit message - Merge pull request #376 from mbleigh/ajax-delete-recreation

Records are re-created on DELETE that returns non-empty response.
-----------------------------------------------------------------

Merge commit 86 is -> 
{ ba80bc8d3f4bba584706ea87ffeb80732f8c3f5b is a merge commit
---> Commit message - Merge branch 'master' of github.com:spine/spine
-----------------------------------------------------------------

Merge commit 87 is -> 
{ 4f8b247eb04c491432644969019c8ca566bf28fd is a merge commit
---> Commit message - Merge pull request #383 from adambiggs/descriptive-record-errors

More descriptive "unknown record" errors
-----------------------------------------------------------------

Merge commit 88 is -> 
{ 28a0fe672eed6c58694403f6ed433ea5094fed7f is a merge commit
---> Commit message - Merge pull request #351 from adambiggs/clone-attributes-fix

Fix for #219
-----------------------------------------------------------------

Merge commit 89 is -> 
{ 8904207f6e3822c602867c3eea9cffc4501ff11b is a merge commit
---> Commit message - Merge pull request #355 from pyykkis/test-case-for-219

Test case for #219.
-----------------------------------------------------------------

Merge commit 90 is -> 
{ 9f7401612ab43e89b919bc4b154ae38e3967f421 is a merge commit
---> Commit message - Merge pull request #403 from martydill/master

Expose the classes in relation.coffee so that they can be extended
-----------------------------------------------------------------

Merge commit 91 is -> 
{ d05729233ffe7720326f3427ac7e0471a6b70ae7 is a merge commit
---> Commit message - Merge branch 'master' of github.com:spine/spine
-----------------------------------------------------------------

Merge commit 92 is -> 
{ 68f3ff646137181dab562795c3d13f935665df5a is a merge commit
---> Commit message - Merge pull request #402 from sishen/multiple_unbinding

Can unbind to multiple events at once. For example,
-----------------------------------------------------------------

Merge commit 93 is -> 
{ 17be212c72e26238fc02cb47c3bd48b8cf6a44ba is a merge commit
---> Commit message - Merge pull request #409 from suprMax/master

on/off aliases for Events
-----------------------------------------------------------------

Merge commit 94 is -> 
{ f359731ee730077b8affdde1e4fa81d03d4c4594 is a merge commit
---> Commit message - Merge branch 'master' into testUpdates
-----------------------------------------------------------------

Merge commit 95 is -> 
{ 20628f2987a9c76832bd43aff5c0817c1d8f32a0 is a merge commit
---> Commit message - Merge branch 'master' into testUpdates
-----------------------------------------------------------------

Merge commit 96 is -> 
{ be486e3be3b5fb867177db58befd41e8f07cbec8 is a merge commit
---> Commit message - Merge pull request #366 from adambiggs/navigate-replacestate-option

Option to use history.replaceState() in Spine.Route.navigate()
-----------------------------------------------------------------

Merge commit 97 is -> 
{ 583879479fcc823f5c96ac7efdf0fdf6550e9c3f is a merge commit
---> Commit message - Merge branch 'testUpdates'
-----------------------------------------------------------------

Merge commit 98 is -> 
{ bf781e25210fd0765e1d426e771ed3d6070ea8c7 is a merge commit
---> Commit message - Merge pull request #411 from sishen/destroy_all_with_options

destroyAll can accept options to pass to destroy
-----------------------------------------------------------------

Merge commit 99 is -> 
{ 3149076ecc94dc2e8676b922d221aa4a17d32353 is a merge commit
---> Commit message - Merge pull request #413 from adambiggs/protect-manager-methods

Prevent overwriting existing methods in Spine.Stack constructor (Fixes #386)
-----------------------------------------------------------------

Merge commit 100 is -> 
{ 60529b6df4d6449ad2f632103b7e1813fc3f5485 is a merge commit
---> Commit message - Merge branch 'unbinder' of github.com:spine/spine into unbinder
-----------------------------------------------------------------

Merge commit 101 is -> 
{ 7b42a4d5d926a0a15c4e8f59cac409089098a3ab is a merge commit
---> Commit message - Merge pull request #416 from adambiggs/collection-create-options

Allow options to be passed into Collection.create()
-----------------------------------------------------------------

Merge commit 102 is -> 
{ 84defa2c838e55a273ce8efd52de5a2d536d4284 is a merge commit
---> Commit message - Merge branch 'master' of github.com:spine/spine
-----------------------------------------------------------------

Merge commit 103 is -> 
{ 957dc6f0db7a023fbe284d9d07dff1e68dda8b03 is a merge commit
---> Commit message - Merge branch 'master' of github.com:spine/spine
-----------------------------------------------------------------

Merge commit 104 is -> 
{ e99ad89b559aee1cf7880827e02a219093dbd101 is a merge commit
---> Commit message - Merge branch 'master' into listenEvents
-----------------------------------------------------------------

Merge commit 105 is -> 
{ 44ea787b6d8644a775d9de2e9f640828314ddb4f is a merge commit
---> Commit message - Merge branch 'unbinder' into listenEvents
-----------------------------------------------------------------

Merge commit 106 is -> 
{ ef177dbd7ef3311d1b089e835d1df3d13c6c7a07 is a merge commit
---> Commit message - Merge pull request #426 from dnalot/patch-1

Finishes #409
-----------------------------------------------------------------

Merge commit 107 is -> 
{ a042a3f9fa7cc5c230ab672c9b34f36cd0d03945 is a merge commit
---> Commit message - Merge pull request #428 from dnalot/patch-2

Fix #427
-----------------------------------------------------------------

Merge commit 108 is -> 
{ f1e1e06c1a7e6ff5235993d54ec23d49508126d4 is a merge commit
---> Commit message - Merge pull request #435 from adambiggs/assign-record-ids-first

Always assign record IDs before other attributes in Spine.Model::load()
-----------------------------------------------------------------

Merge commit 109 is -> 
{ 56a70ece0aed479bb9ffdab857082580d339dcaa is a merge commit
---> Commit message - Merge pull request #432 from adambiggs/failing-test-for-428

Added a failing assertion for #428
-----------------------------------------------------------------

Merge commit 110 is -> 
{ 78eee045acf3ab5f2bb42c96d47feae40610f936 is a merge commit
---> Commit message - Merge pull request #430 from umate/controller-inheritance-improvements

Added "elements" and "events" attributes inheritance
-----------------------------------------------------------------

Merge commit 111 is -> 
{ 390939e51b83841dc417e5d552f9cd5da8e07bae is a merge commit
---> Commit message - Merge pull request #438 from umate/controller-inheritance-fix

Fixed multilevel inheritance for controller elements and events
-----------------------------------------------------------------

Merge commit 112 is -> 
{ a4bb8c38559beae255a7ac65ab74c84de1aa4bdb is a merge commit
---> Commit message - Merge pull request #440 from adambiggs/relation-load-bug

Found a bug when passing record clones into Spine.Model::load()
-----------------------------------------------------------------

Merge commit 113 is -> 
{ 0c11e5860f6bf746fa0ecd07eb29168fb3be5d8f is a merge commit
---> Commit message - Merge pull request #441 from adambiggs/add-remove-relations

Collection::add() and Collection::remove() methods
-----------------------------------------------------------------

Merge commit 114 is -> 
{ 83a37d83852a06560664fcb889449bebdc936d23 is a merge commit
---> Commit message - Merge pull request #445 from adambiggs/controller-release-tweak

Pass controller instance into 'release' callback
-----------------------------------------------------------------

Merge commit 115 is -> 
{ cc187a627549b121ed61e2a7f181d8e4b28b0e4d is a merge commit
---> Commit message - Merge pull request #448 from yaakaito/fix/stop-listening-for-once

[resubmit] When listenToOnce, Event can stopToListening 
-----------------------------------------------------------------

Merge commit 116 is -> 
{ 2bdb285c4ecc6f2d48d58ebecc8fb8d1055a0e7b is a merge commit
---> Commit message - Merge pull request #449 from adambiggs/test-for-226

Closes #266
-----------------------------------------------------------------

Merge commit 117 is -> 
{ 093b6b1b97f379bd5a4221222efb5b526e6a144f is a merge commit
---> Commit message - manually resolve conflicts on merge from dev
-----------------------------------------------------------------

Merge commit 118 is -> 
{ e59306ce17afafc1ad81ed7d3f3d21ecf02a9baa is a merge commit
---> Commit message - Merge pull request #452 from yaakaito/fix/event-fixes-for-model

Fix model instance Events wrapper
-----------------------------------------------------------------

Merge commit 119 is -> 
{ 0a2e9438ac464aafa487c7934d9bcbfe2235c69b is a merge commit
---> Commit message - Merge pull request #453 from yaakaito/fix/simply-controller-release

Delete not necessary if on controllers release
-----------------------------------------------------------------

Merge commit 120 is -> 
{ 791cc18e2443a8f032b0d3c30f066bfd96bf67ec is a merge commit
---> Commit message - Merge branch 'dev'
-----------------------------------------------------------------

Merge commit 121 is -> 
{ 4c6ce075a834ea82f413f01f9305e6092719f478 is a merge commit
---> Commit message - Merge branch 'SpeCT-master' into dev
-----------------------------------------------------------------

Merge commit 122 is -> 
{ 8e23d1bc14449ec469939ef1de6c94714c670b55 is a merge commit
---> Commit message - Merge pull request #459 from spine/fix-for-458

Resolve duplicate records in `Model.refresh()`
-----------------------------------------------------------------

Merge commit 123 is -> 
{ bd1e44590a99abc85831d32d82fe48224b4009ac is a merge commit
---> Commit message - Merge branch '461_scope_with_multiple_create' of git://github.com/sishen/spine into sishen-461_scope_with_multiple_create

Conflicts:
	test/specs/ajax.js

Closes #461
Closes #463
-----------------------------------------------------------------

Merge commit 124 is -> 
{ fc94c26c0386661add821d8b127dca9f72e4b94a is a merge commit
---> Commit message - Merge pull request #468 from jonstorer/js-from-form-checkboxes

fromForm sets true/false for boolean checkboxes & sets arrays for checkboxes for sets
-----------------------------------------------------------------

Merge commit 125 is -> 
{ b4c6856d8109ce65c1402dba199b5f7593167610 is a merge commit
---> Commit message - Merge pull request #470 from vkill/feature/model_refresh_trigger_support_options_argument

model.refresh trigger add options argument
-----------------------------------------------------------------

Merge commit 126 is -> 
{ de4b74fd4d764d1a72b15e292506cabf53c6a52f is a merge commit
---> Commit message - Merge pull request #471 from maca/manager_activation_order

Could Spine Manager deactivate non current controllers prior to activating current one?
-----------------------------------------------------------------

Merge commit 127 is -> 
{ bbc08b049622f9eb0496140e2fd7f190880b8ae2 is a merge commit
---> Commit message - Merge pull request #473 from jackjennings/patchable

expose ajax classes as globals for patching
-----------------------------------------------------------------

Merge commit 128 is -> 
{ 18474f1c379302cecd224e4fafb923eece41f7e6 is a merge commit
---> Commit message - Merge pull request #477 from SpeCT/fix-controller-replace

Controller::replace should accept jQuery object or DOM Element
-----------------------------------------------------------------

Merge commit 129 is -> 
{ 2aba644c5c39fb222f35009f0d963c3bd98e7605 is a merge commit
---> Commit message - Merge pull request #478 from SpeCT/reuse-listenTo

Final Controller::stopListening() should not cancel out other binders on the model instance
-----------------------------------------------------------------

Merge commit 130 is -> 
{ 3652632da95d05adc61131aea278debba75215fd is a merge commit
---> Commit message - Merge pull request #467 from adambiggs/ajax-url-options

Set ajax URLs in method options
-----------------------------------------------------------------

Merge commit 131 is -> 
{ fcdf60484637c519f364e0af54f8b4b8f2e40deb is a merge commit
---> Commit message - empty commit
-----------------------------------------------------------------

Merge commit 132 is -> 
{ d24b089f82bc8e142db05f1efe92024eff8f8a73 is a merge commit
---> Commit message - Merge pull request #483 from spine/chrome_order_fix_part_3

Chrome order fix part 3
-----------------------------------------------------------------

Merge commit 133 is -> 
{ 4f90709ebc950a5d64d9b70376c79c681700a8c2 is a merge commit
---> Commit message - Merge pull request #482 from jcarlson/redirect

Add support for redirecting unmatched routes
-----------------------------------------------------------------

Merge commit 134 is -> 
{ 1ef022af7dc893f826ef2e45511afe5608a5e8d8 is a merge commit
---> Commit message - Merge pull request #484 from spine/ctrlEvents

Ctrl events
-----------------------------------------------------------------

Merge commit 135 is -> 
{ 412bb79ad86c799832310ec77b52eb65b5049694 is a merge commit
---> Commit message - Merge pull request #485 from spine/redirFn

allow redirect to be a function
-----------------------------------------------------------------

Merge commit 136 is -> 
{ e2516d2f0afbcd8cafc291fa847430df1e9e07ec is a merge commit
---> Commit message - Merge pull request #488 from cweezy/dev

In ajax queue, set the record id in ajax request's url and data at last possible moment.
-----------------------------------------------------------------

Merge commit 137 is -> 
{ f104167c8ff8f309ac7e6246ee607bb173d7b6b9 is a merge commit
---> Commit message - Bring attributes branch up to speed with dev
-----------------------------------------------------------------

Merge commit 138 is -> 
{ 1417aead8a98a5fdbffee5eb513aba65fd0478d2 is a merge commit
---> Commit message - Merge pull request #486 from jcarlson/attributes

Better support for read-only attributes sent back by the server
-----------------------------------------------------------------

Merge commit 139 is -> 
{ c6bea8fdb6d259fd74df443a8e9e0d2491b50a08 is a merge commit
---> Commit message - Merge pull request #498 from navitmccaffery/changeid_deleting_cids

Don't delete reference to cID when changing ID of a new record
-----------------------------------------------------------------

Merge commit 140 is -> 
{ be018abd11d69ba03aede96544edb72c1b4493ca is a merge commit
---> Commit message - resolve hanging merge head
-----------------------------------------------------------------

Merge commit 141 is -> 
{ 2ad98e5d2aa154508c5ed47a07b426dcd23f9e05 is a merge commit
---> Commit message - Merge pull request #499 from spine/ajaxGetFix

Ajax get fix
-----------------------------------------------------------------

Merge commit 142 is -> 
{ de0559f7082b1c2368663a9ce5296f01788038b3 is a merge commit
---> Commit message - Merge pull request #500 from spine/slice

add slice, improve last and first
-----------------------------------------------------------------

Merge commit 143 is -> 
{ f2028731bad44b0c87ee7e347a78fbf6ca21a228 is a merge commit
---> Commit message - Merge pull request #501 from jschliffer/remove_indexOf

replaces use of indexOf with more idomatic CoffeeScript
-----------------------------------------------------------------

Merge commit 144 is -> 
{ 84c716ed2e688625aed4b8cd1bd29e076b152ac5 is a merge commit
---> Commit message - Merge pull request #508 from jiahut/dev

[new] add the route before api
-----------------------------------------------------------------

Merge commit 145 is -> 
{ b67407e8a221a0191ecbb175390c9931c1422730 is a merge commit
---> Commit message - Merge pull request #510 from jackjennings/fix_scopes4

Allow url and scope to be functions on model class and instance (Fixes #472)
-----------------------------------------------------------------

Merge commit 146 is -> 
{ a76ee8a1264e16410c76edca21d6b75edb500808 is a merge commit
---> Commit message - Merge pull request #451 from adambiggs/client-side-uuids

Option to use client-side generated UUIDs
-----------------------------------------------------------------

Merge commit 147 is -> 
{ d10cd6ba664948a85f6c33ca899ee6e6969319ff is a merge commit
---> Commit message - Merge pull request #517 from weakish/patch-1

typo: remove accidental space in `or=` in spine.coffee
-----------------------------------------------------------------

Merge commit 148 is -> 
{ 62c0de19f75e29c1751668f218791fa4eb872962 is a merge commit
---> Commit message - Merge pull request #519 from spine/findOrElse

change find() to not throw error and accept optional fallback function
-----------------------------------------------------------------

Merge commit 149 is -> 
{ 34f887a54f614f361bb718148d877369e69cbde4 is a merge commit
---> Commit message - Merge pull request #520 from navitmccaffery/stoplistening_callback

Unbind single callback with stopListening()
-----------------------------------------------------------------

Merge commit 150 is -> 
{ 5d5dbe7e5b6aebbc928f8f56491348550db6163e is a merge commit
---> Commit message - Merge pull request #525 from spine/find-relation-patch

Collection::find() should not throw errors for missing records
-----------------------------------------------------------------

Merge commit 151 is -> 
{ 0775212b70a1d214af6aa9d539e4c32fcd36543a is a merge commit
---> Commit message - Merge pull request #524 from spine/parallelAjax

not all ajax should be fully serialized. allow setting. default 'GET' to...
-----------------------------------------------------------------

Merge commit 152 is -> 
{ 3c23cda86a43381f3f5cacf7d68ebc31b53c9066 is a merge commit
---> Commit message - Merge pull request #526 from spine/bindings

Bindings
-----------------------------------------------------------------

Merge commit 153 is -> 
{ e78f9466d4ea6eea13bdb4f15f00ed17a154f915 is a merge commit
---> Commit message - Merge pull request #513 from spine/router-refactor

Attempt #2: Support multiple Spine.Route instances
-----------------------------------------------------------------

Merge commit 154 is -> 
{ 997a97ce4fe5c76cd1895f8bdd907fec29024884 is a merge commit
---> Commit message - Merge pull request #529 from spine/model-refresh-bug

Fix for #527
-----------------------------------------------------------------

Merge commit 155 is -> 
{ b52d4b1a1b6545bac0e12d16c90b02e807d063e0 is a merge commit
---> Commit message - Merge pull request #536 from jamiter/dev

Code cleanup
-----------------------------------------------------------------

Merge commit 156 is -> 
{ 74e0466fecb5532d90c205126631a6f13c389f1b is a merge commit
---> Commit message - Merge branch 'dev' of github.com:spine/spine into route-navigate-trigger-false
-----------------------------------------------------------------

Merge commit 157 is -> 
{ e930ced1b55c4e50ed869b6ff9949e35577dc045 is a merge commit
---> Commit message - Merge pull request #537 from jamiter/dev

Clean up: Removed an unnecessary use of !!
-----------------------------------------------------------------

Merge commit 158 is -> 
{ 48abe4cbef8c7996d56e04237d6bcfaaf4289041 is a merge commit
---> Commit message - Merge pull request #535 from richard-flosi/route-navigate-trigger-false

Fixed TypeError when trigger is false which results in routes being undefined
-----------------------------------------------------------------

Merge commit 159 is -> 
{ 4f8c1ab7e178ac5bc8fc8347b59ddf8500604067 is a merge commit
---> Commit message - Merge pull request #533 from navitmccaffery/require_scope

Use runtime value of require() in relations
-----------------------------------------------------------------

Merge commit 160 is -> 
{ 140addd43c0763c652c1df02379ebfc986246027 is a merge commit
---> Commit message - Merge pull request #538 from richard-flosi/Model-findAll

Adding Model.findAll(id, notFound) 
-----------------------------------------------------------------

Merge commit 161 is -> 
{ 659c3d4eedc82acf4b93e930134162bbaf4dbd03 is a merge commit
---> Commit message - Merge pull request #549 from arrmatyi/ie9-tests-fix

ie9-tests-fix > Fix tests on IE9.
-----------------------------------------------------------------

Merge commit 162 is -> 
{ aca001b1c6546f95e7c9e8167ad7f5639c6d5dfa is a merge commit
---> Commit message - Merge pull request #551 from navitmccaffery/fix_route_unbind

Fix Route.unbind() when trying to unlisten to an event
-----------------------------------------------------------------

Merge commit 163 is -> 
{ 9307a6607c108de20e0761ab4e8806651bd58f39 is a merge commit
---> Commit message - Merge pull request #561 from gitter-badger/gitter-badge

Add a Gitter chat badge to README.md
-----------------------------------------------------------------

