# of merges = 30
Merge commit 1 is -> 
{ a2133cebd74b6e6af8f6f5e0add463ca0312268b is a merge commit
---> Commit message - Merge branch 'master' of github.com:klange/osdev
-----------------------------------------------------------------

Merge commit 2 is -> 
{ 24ff0b84f2bd729bbfbbf23f3c3b0de5a985dd8a is a merge commit
---> Commit message - Merge branch 'master' of github.com:klange/osdev
-----------------------------------------------------------------

Merge commit 3 is -> 
{ c509ece1de225c7e7ecb3f016fa97c193b2615f0 is a merge commit
---> Commit message - Merge branch 'master' of github.com:klange/osdev
-----------------------------------------------------------------

Merge commit 4 is -> 
{ 65087e8a4e8b12acdbaf89810e52926d66af83bd is a merge commit
---> Commit message - Merge branch 'master' of github.com:klange/osdev
-----------------------------------------------------------------

Merge commit 5 is -> 
{ c2af881b89318d205a765d60247b118ba792c39e is a merge commit
---> Commit message - Merge branch 'master' of github.com:klange/osdev
-----------------------------------------------------------------

Merge commit 6 is -> 
{ cbb739e14ba5e64e068d3a7c75a8d7f91d6b06e7 is a merge commit
---> Commit message - [fix merge conflict]
-----------------------------------------------------------------

Merge commit 7 is -> 
{ a09be369ea692095c86a98fb259f595542e7c5a3 is a merge commit
---> Commit message - Merge branch 'master' of git://github.com/klange/osdev
-----------------------------------------------------------------

Merge commit 8 is -> 
{ 180342822a13f43a201a76e83b284e8bdab46c05 is a merge commit
---> Commit message - Merge branch 'master' of github.com:klange/osdev
-----------------------------------------------------------------

Merge commit 9 is -> 
{ ec391b013e3208330cac860d17fe4e7ee89453ab is a merge commit
---> Commit message - Fix merge conflict
-----------------------------------------------------------------

Merge commit 10 is -> 
{ e61f6d04c890ea96f3dd6114c4cfe37b838537f9 is a merge commit
---> Commit message - Merge branch 'compositor'
-----------------------------------------------------------------

Merge commit 11 is -> 
{ 71fd14d6f7595530ddd0f6f2011ebece2fa09b8f is a merge commit
---> Commit message - shm_obtain takes a (size_t *), altering it according to the size of the
block it returned.

Conflicts:
	userspace/compositor.c
-----------------------------------------------------------------

Merge commit 12 is -> 
{ b8e966ac24b56467254ef7dbbc40651a2e0f56d3 is a merge commit
---> Commit message - Merge branch 'master' of github.com:klange/osdev
-----------------------------------------------------------------

Merge commit 13 is -> 
{ 2da22312a566483c263b38d48b8fe7d989d0c567 is a merge commit
---> Commit message - Merge branch 'master' of github.com:klange/osdev
-----------------------------------------------------------------

Merge commit 14 is -> 
{ 2c3cb1578e2b31c2fc3ceeb30669a77315d1f3b6 is a merge commit
---> Commit message - Merge branch 'master' of github.com:klange/osdev
-----------------------------------------------------------------

Merge commit 15 is -> 
{ 2bd3ad40071217a61f46ac621448d021ed2f6fbc is a merge commit
---> Commit message - Merge branch 'master' of github.com:klange/osdev
-----------------------------------------------------------------

Merge commit 16 is -> 
{ b2c3d4da0e7620459996dae64c0e8f96a9cde40c is a merge commit
---> Commit message - Unsubmodule compositor
-----------------------------------------------------------------

Merge commit 17 is -> 
{ f0bc073bfe4d5cf12426f3dca55cdc64e4f763da is a merge commit
---> Commit message - Unsubmodule image generator
-----------------------------------------------------------------

Merge commit 18 is -> 
{ 5c71a406ab5c278d25cf98c2b45b400f73b87ec0 is a merge commit
---> Commit message - Merge pull request #28 from stevej/patch-1

Update README.me to include link to Skelix OS tutorial
-----------------------------------------------------------------

Merge commit 19 is -> 
{ a125d2dbb9260370d2e9f712bd17b067ca97afb5 is a merge commit
---> Commit message - Merge branch 'strawberry-dev' of github.com:klange/osdev into strawberry-dev
-----------------------------------------------------------------

Merge commit 20 is -> 
{ 4d9d9b6df7cdda8798154e43326f167111b3e9d0 is a merge commit
---> Commit message - Merge pull request #31 from martica/safe-cp

Let's not overwrite directories
-----------------------------------------------------------------

Merge commit 21 is -> 
{ 355d4b4dbe7f1ac913fd28bd2b37cdc7550d73c3 is a merge commit
---> Commit message - Merge pull request #35 from srjek/zlib1.2.8

Upgrade zlib from 1.2.7 to 1.2.8, or provide an alt url
-----------------------------------------------------------------

Merge commit 22 is -> 
{ 48fe17ff19201059a7373feee77e5d0e23962890 is a merge commit
---> Commit message - Merge branch 'strawberry-dev' of github.com:klange/toaruos into strawberry-dev
-----------------------------------------------------------------

Merge commit 23 is -> 
{ ff8bfef01f0efa63764df128d7e97184a79cf695 is a merge commit
---> Commit message - Merge pull request #39 from fluxer/strawberry-dev

Correct newlib autotools files for new automake
-----------------------------------------------------------------

Merge commit 24 is -> 
{ ecf124ece47fceb659d2246e78c037ab4ab2a645 is a merge commit
---> Commit message - Merge branch 'strawberry-dev' of github.com:klange/toaruos into strawberry-dev
-----------------------------------------------------------------

Merge commit 25 is -> 
{ 479bec38e79e08c42c1acd837e97e90aa8d2edf2 is a merge commit
---> Commit message - Merge pull request #45 from lioncash/module-size

Fix incorrect module size in kmain.
-----------------------------------------------------------------

Merge commit 26 is -> 
{ 18251f66c185a0d8c9ed8cff5dabe754e7b426c9 is a merge commit
---> Commit message - Merge pull request #46 from lioncash/leak

Fix a memory leak within vfs.c in kopen.
-----------------------------------------------------------------

Merge commit 27 is -> 
{ ad303097d35eac8afb4e80901c9517551098d621 is a merge commit
---> Commit message - Merge pull request #47 from lioncash/dat-overflow-doe

Fix a sprintf size typo which would overwrite the error buffer in bim's open_file func
-----------------------------------------------------------------

Merge commit 28 is -> 
{ ba0422ea8226fe0d9c041148169c18828bb093a8 is a merge commit
---> Commit message - Merge pull request #48 from lioncash/leaks

Fix some potential memory leaks within graphics.c
-----------------------------------------------------------------

Merge commit 29 is -> 
{ 9cf5cafd28ca0faf140e18afbe15f4e18a664459 is a merge commit
---> Commit message - Merge pull request #49 from lioncash/forgot-one

Forgot one other leak case
-----------------------------------------------------------------

Merge commit 30 is -> 
{ 3e03dffc4bb77b32fabe377c2e764059299a503e is a merge commit
---> Commit message - merge
-----------------------------------------------------------------

