# of reverts = 3
Revert diff pair 1 is -> 
{ 6629eed64a531c80d55b704470f2902da2fbcbc7 -> 98736f23d44a79949e66a0aa8ff9d6d2a4a3e16a } is a revert
{ f3b484eeb8f2f859f3a7f28814907dcb0487b4cf -> 743d202cdd60ef40a48b0fbf70036747a3961762 }
Revert commits SHA are -> 
98736f23d44a79949e66a0aa8ff9d6d2a4a3e16a - revert - 743d202cdd60ef40a48b0fbf70036747a3961762
---> The reverted commit sha is - 98736f23d44a79949e66a0aa8ff9d6d2a4a3e16a
Commit message - please stop sending me pull requests
---> The original commit sha is - 743d202cdd60ef40a48b0fbf70036747a3961762
Commit message - Remove the CONTRIBUTING doc file
-----------------------------------------------------------------

Revert diff pair 2 is -> 
{ c47e1998028cfee5a354a86c61c5658b306c8219 -> 0af41a28c10641f6591abe37aa34543425492027 } is a revert
{ 0af41a28c10641f6591abe37aa34543425492027 -> e61f6d04c890ea96f3dd6114c4cfe37b838537f9 }
Revert commits SHA are -> 
0af41a28c10641f6591abe37aa34543425492027 - revert - e61f6d04c890ea96f3dd6114c4cfe37b838537f9
---> The reverted commit sha is - 0af41a28c10641f6591abe37aa34543425492027
Commit message - Working on window server
---> The original commit sha is - e61f6d04c890ea96f3dd6114c4cfe37b838537f9
Commit message - Merge branch 'compositor'
-----------------------------------------------------------------

Revert diff pair 3 is -> 
{ 93f0dbb983a4ad2320fba615fe06bf8d5e1fc944 -> c23080c46c6ccd2d0a98d2b5cd98888f6e817464 } is a revert
{ c23080c46c6ccd2d0a98d2b5cd98888f6e817464 -> ebd3efb47b8a6b7aaba8693c28d13bac1d293c76 }
Revert commits SHA are -> 
c23080c46c6ccd2d0a98d2b5cd98888f6e817464 - revert - ebd3efb47b8a6b7aaba8693c28d13bac1d293c76
---> The reverted commit sha is - c23080c46c6ccd2d0a98d2b5cd98888f6e817464
Commit message - [boot] A third stage? Really?
---> The original commit sha is - ebd3efb47b8a6b7aaba8693c28d13bac1d293c76
Commit message - Revert "[boot] A third stage? Really?"

This reverts commit c23080c46c6ccd2d0a98d2b5cd98888f6e817464.
-----------------------------------------------------------------

