# of cherry-picks = 15
Cherry-pick diff pair 1 is -> 
{ ad1074184c61446f47e8c94ca2bd10dc82c32335 -> 85a84291b6f93703c52ccdb081f02e72ffa5cad2 } is a cherrypick
{ 2d313df844cef2f69fe20443e3c776f0e530ac8e -> 9cf5cafd28ca0faf140e18afbe15f4e18a664459 }
Cherrypick commits SHA are -> 
85a84291b6f93703c52ccdb081f02e72ffa5cad2 - cherrypick - 9cf5cafd28ca0faf140e18afbe15f4e18a664459
---> The cherrypicked commit sha is - 85a84291b6f93703c52ccdb081f02e72ffa5cad2
Commit message - Fix some potential memory leaks within graphics.c
---> The original commit sha is - 9cf5cafd28ca0faf140e18afbe15f4e18a664459
Commit message - Merge pull request #49 from lioncash/forgot-one

Forgot one other leak case
-----------------------------------------------------------------

Cherry-pick diff pair 2 is -> 
{ bed75675083b0363976a843aa10433072a1cd76e -> 5a422a58c7e9fc00ecf6da58bd876eef1a1ff99c } is a cherrypick
{ 2d7b15b231094c0ceb8ed317a3fcf322b76db062 -> edd086b4aa3551fcb702bb43de10fb6ee387732c }
Cherrypick commits SHA are -> 
5a422a58c7e9fc00ecf6da58bd876eef1a1ff99c - cherrypick - edd086b4aa3551fcb702bb43de10fb6ee387732c
---> The cherrypicked commit sha is - 5a422a58c7e9fc00ecf6da58bd876eef1a1ff99c
Commit message - Bump version number
---> The original commit sha is - edd086b4aa3551fcb702bb43de10fb6ee387732c
Commit message - Bump version to 0.7.2
-----------------------------------------------------------------

Cherry-pick diff pair 3 is -> 
{ d45b8be8158842f016a4ee3087e547245fdabaae -> 915ebc1daca3da11a91576e01b0a28b275196e4d } is a cherrypick
{ 1f235bb3e788ef9d91fe481b737026b249be1f9d -> f9db32ec997412e9622ec7bc65a60161cf250952 }
Cherrypick commits SHA are -> 
915ebc1daca3da11a91576e01b0a28b275196e4d - cherrypick - f9db32ec997412e9622ec7bc65a60161cf250952
---> The cherrypicked commit sha is - 915ebc1daca3da11a91576e01b0a28b275196e4d
Commit message - Increment version to 0.2.1
---> The original commit sha is - f9db32ec997412e9622ec7bc65a60161cf250952
Commit message - Bump version
-----------------------------------------------------------------

Cherry-pick diff pair 4 is -> 
{ cd929b1ceb15c960770397ea58cb991ab4371a09 -> a1099c1566ef1cd2fc00d0fffc5dab93fc2f3eff } is a cherrypick
{ 1f235bb3e788ef9d91fe481b737026b249be1f9d -> f9db32ec997412e9622ec7bc65a60161cf250952 }
Cherrypick commits SHA are -> 
a1099c1566ef1cd2fc00d0fffc5dab93fc2f3eff - cherrypick - f9db32ec997412e9622ec7bc65a60161cf250952
---> The cherrypicked commit sha is - a1099c1566ef1cd2fc00d0fffc5dab93fc2f3eff
Commit message - Bump kernel version
---> The original commit sha is - f9db32ec997412e9622ec7bc65a60161cf250952
Commit message - Bump version
-----------------------------------------------------------------

Cherry-pick diff pair 5 is -> 
{ edccf2927b07f332d3e7a89245b2d90786b0a3f7 -> 892ae803d3a1dcf8b3640d41468aaa17bc2e7f1e } is a cherrypick
{ 8f3b31466fbe6e1fec0e7dedd2396c70504a2eb2 -> 355d4b4dbe7f1ac913fd28bd2b37cdc7550d73c3 }
Cherrypick commits SHA are -> 
892ae803d3a1dcf8b3640d41468aaa17bc2e7f1e - cherrypick - 355d4b4dbe7f1ac913fd28bd2b37cdc7550d73c3
---> The cherrypicked commit sha is - 892ae803d3a1dcf8b3640d41468aaa17bc2e7f1e
Commit message - Upgrade zlib from 1.2.7 to 1.2.8
---> The original commit sha is - 355d4b4dbe7f1ac913fd28bd2b37cdc7550d73c3
Commit message - Merge pull request #35 from srjek/zlib1.2.8

Upgrade zlib from 1.2.7 to 1.2.8, or provide an alt url
-----------------------------------------------------------------

Cherry-pick diff pair 6 is -> 
{ afac5cd95597df2d7b91d3a3c5f0276935a186eb -> ea8feba10940686eebffc722c7e80031207a3456 } is a cherrypick
{ a55a652e0e4ce6008bc6ff6082205639418e79dc -> a125d2dbb9260370d2e9f712bd17b067ca97afb5 }
Cherrypick commits SHA are -> 
ea8feba10940686eebffc722c7e80031207a3456 - cherrypick - a125d2dbb9260370d2e9f712bd17b067ca97afb5
---> The cherrypicked commit sha is - ea8feba10940686eebffc722c7e80031207a3456
Commit message - Updated TODO
---> The original commit sha is - a125d2dbb9260370d2e9f712bd17b067ca97afb5
Commit message - Merge branch 'strawberry-dev' of github.com:klange/osdev into strawberry-dev
-----------------------------------------------------------------

Cherry-pick diff pair 7 is -> 
{ d45b8be8158842f016a4ee3087e547245fdabaae -> 915ebc1daca3da11a91576e01b0a28b275196e4d } is a cherrypick
{ cd929b1ceb15c960770397ea58cb991ab4371a09 -> a1099c1566ef1cd2fc00d0fffc5dab93fc2f3eff }
Cherrypick commits SHA are -> 
915ebc1daca3da11a91576e01b0a28b275196e4d - cherrypick - a1099c1566ef1cd2fc00d0fffc5dab93fc2f3eff
---> The cherrypicked commit sha is - 915ebc1daca3da11a91576e01b0a28b275196e4d
Commit message - Increment version to 0.2.1
---> The original commit sha is - a1099c1566ef1cd2fc00d0fffc5dab93fc2f3eff
Commit message - Bump kernel version
-----------------------------------------------------------------

Cherry-pick diff pair 8 is -> 
{ 9928a2b4cf7b5ab8489e657e4c4b92805435dc0e -> 0270f608e06a38fc3ef835b1b2718c491accc860 } is a cherrypick
{ bba242dd6214862479be57fd78fe72551d02b653 -> 2bd3ad40071217a61f46ac621448d021ed2f6fbc }
Cherrypick commits SHA are -> 
0270f608e06a38fc3ef835b1b2718c491accc860 - cherrypick - 2bd3ad40071217a61f46ac621448d021ed2f6fbc
---> The cherrypicked commit sha is - 0270f608e06a38fc3ef835b1b2718c491accc860
Commit message - Update README.md
---> The original commit sha is - 2bd3ad40071217a61f46ac621448d021ed2f6fbc
Commit message - Merge branch 'master' of github.com:klange/osdev
-----------------------------------------------------------------

Cherry-pick diff pair 9 is -> 
{ 6dc90b1ac25b2cffb4985fd4d62130d010427358 -> 71fd14d6f7595530ddd0f6f2011ebece2fa09b8f } is a cherrypick
{ 16b71c532fa07243f321688bd28f07e30031f8ae -> 5de319b816ee299d7b95030977c2c471f1f7e139 }
Cherrypick commits SHA are -> 
71fd14d6f7595530ddd0f6f2011ebece2fa09b8f - cherrypick - 5de319b816ee299d7b95030977c2c471f1f7e139
---> The cherrypicked commit sha is - 71fd14d6f7595530ddd0f6f2011ebece2fa09b8f
Commit message - shm_obtain takes a (size_t *), altering it according to the size of the
block it returned.

Conflicts:
	userspace/compositor.c
---> The original commit sha is - 5de319b816ee299d7b95030977c2c471f1f7e139
Commit message - Work on Shmem fonts

Still need to pass sizes around to shm_* functions as a pointer rather
than the actual size so we can retreive sizes; additionally, *p = 0
should mean "we don't want to create this buffer, we only want to
access it if it exists".
-----------------------------------------------------------------

Cherry-pick diff pair 10 is -> 
{ aa73f6fc6eccdc5cd0bad1d55e95680ad981de1d -> 27d0deed5bae65c85c1dd87bc7a3dc6927a4539b } is a cherrypick
{ 79fcaf51365c06cfab72f73acadd318d34322524 -> 180342822a13f43a201a76e83b284e8bdab46c05 }
Cherrypick commits SHA are -> 
27d0deed5bae65c85c1dd87bc7a3dc6927a4539b - cherrypick - 180342822a13f43a201a76e83b284e8bdab46c05
---> The cherrypicked commit sha is - 27d0deed5bae65c85c1dd87bc7a3dc6927a4539b
Commit message - [shm] fork() and execve() don't wreak havoc on shm
---> The original commit sha is - 180342822a13f43a201a76e83b284e8bdab46c05
Commit message - Merge branch 'master' of github.com:klange/osdev
-----------------------------------------------------------------

Cherry-pick diff pair 11 is -> 
{ ed31c2cbea05e966e50e0a035c7acb8d59572c59 -> ee1ade379f3e047c0d781a77b0b29d949bdf3749 } is a cherrypick
{ 0b6cc503af1039c803e47207de8b10d7c22876c5 -> c2af881b89318d205a765d60247b118ba792c39e }
Cherrypick commits SHA are -> 
ee1ade379f3e047c0d781a77b0b29d949bdf3749 - cherrypick - c2af881b89318d205a765d60247b118ba792c39e
---> The cherrypicked commit sha is - ee1ade379f3e047c0d781a77b0b29d949bdf3749
Commit message - [cat] handle load failure without seg faulting
---> The original commit sha is - c2af881b89318d205a765d60247b118ba792c39e
Commit message - Merge branch 'master' of github.com:klange/osdev
-----------------------------------------------------------------

Cherry-pick diff pair 12 is -> 
{ 855eecbb413a6900948aa2e3d58aaa2bb2d02f3b -> a75801f4d200c69c8d3a54e229164123dc974f23 } is a cherrypick
{ 41ae8f1d85985961e29d7373558af846f22921dc -> c509ece1de225c7e7ecb3f016fa97c193b2615f0 }
Cherrypick commits SHA are -> 
a75801f4d200c69c8d3a54e229164123dc974f23 - cherrypick - c509ece1de225c7e7ecb3f016fa97c193b2615f0
---> The cherrypicked commit sha is - a75801f4d200c69c8d3a54e229164123dc974f23
Commit message - readelf -> fix warnings
---> The original commit sha is - c509ece1de225c7e7ecb3f016fa97c193b2615f0
Commit message - Merge branch 'master' of github.com:klange/osdev
-----------------------------------------------------------------

Cherry-pick diff pair 13 is -> 
{ 88b93880a69ceef4734ba24f8ca32d98c0bd82bd -> c633c731dd2cd3a8a6da060d2c659d19ecd48c8c } is a cherrypick
{ 8efe64dc2eede6e25df259b1cd9fc55e0c33f37d -> 16050f2da875c5200db7746acdc4e6c3455bf74e }
Cherrypick commits SHA are -> 
c633c731dd2cd3a8a6da060d2c659d19ecd48c8c - cherrypick - 16050f2da875c5200db7746acdc4e6c3455bf74e
---> The cherrypicked commit sha is - c633c731dd2cd3a8a6da060d2c659d19ecd48c8c
Commit message - [vga_font] More characters
---> The original commit sha is - 16050f2da875c5200db7746acdc4e6c3455bf74e
Commit message - [vga_font] Useful font is useful.
-----------------------------------------------------------------

Cherry-pick diff pair 14 is -> 
{ 4d2005bad608535805a007aa3852e7b8df331b78 -> a2bea1ab484abf18bada475b3d3aca80ef3807f8 } is a cherrypick
{ 58dc0bb92265f93da30736f009aaedd1aec88bfe -> 24ff0b84f2bd729bbfbbf23f3c3b0de5a985dd8a }
Cherrypick commits SHA are -> 
a2bea1ab484abf18bada475b3d3aca80ef3807f8 - cherrypick - 24ff0b84f2bd729bbfbbf23f3c3b0de5a985dd8a
---> The cherrypicked commit sha is - a2bea1ab484abf18bada475b3d3aca80ef3807f8
Commit message - [debg] Remove debug text from various places
---> The original commit sha is - 24ff0b84f2bd729bbfbbf23f3c3b0de5a985dd8a
Commit message - Merge branch 'master' of github.com:klange/osdev
-----------------------------------------------------------------

Cherry-pick diff pair 15 is -> 
{ ed01e7119afca6ece80b390c2fdd94c15a4f4b0e -> cdff01b50221c13635f565605332830f626ed11b } is a cherrypick
{ d30eaea337ffde1800d04cf23470f87513f1ab46 -> a2133cebd74b6e6af8f6f5e0add463ca0312268b }
Cherrypick commits SHA are -> 
cdff01b50221c13635f565605332830f626ed11b - cherrypick - a2133cebd74b6e6af8f6f5e0add463ca0312268b
---> The cherrypicked commit sha is - cdff01b50221c13635f565605332830f626ed11b
Commit message - [docs] Update README with testing instructions.
---> The original commit sha is - a2133cebd74b6e6af8f6f5e0add463ca0312268b
Commit message - Merge branch 'master' of github.com:klange/osdev
-----------------------------------------------------------------

