# of cherry-picks = 55
Cherry-pick diff pair 1 is -> 
{ 18d4f472bf303efde4a8de289b5f1df1e1efcc3a -> 31e6b9716f6d3307ad599f2f8b0dd83d74d98bd6 } is a cherrypick
{ 063c5499e356bf3e7c339c68aa7f6d07a559d0d2 -> f9b0e0ef3252849d9cd2b2ead49159e4283287cf }
Cherrypick commits SHA are -> 
31e6b9716f6d3307ad599f2f8b0dd83d74d98bd6 - cherrypick - f9b0e0ef3252849d9cd2b2ead49159e4283287cf
---> The cherrypicked commit sha is - 31e6b9716f6d3307ad599f2f8b0dd83d74d98bd6
Commit message - Update todomvc-common of vanillajs example
---> The original commit sha is - f9b0e0ef3252849d9cd2b2ead49159e4283287cf
Commit message - Merge pull request #1046 from kt3k/feature/update-todomvc-common-vanillajs

Update todomvc-common of vanillajs example
-----------------------------------------------------------------

Cherry-pick diff pair 2 is -> 
{ 8e7d29854030cd6731d23d7c4c63f7a66758f9fa -> a0f59a930f0d954d01cdd663db4e4f7a337fd910 } is a cherrypick
{ 73e31c45f8bd3f41b3dd0fac456fc3275cfb2dfc -> 1a49e45babdd02a796abba527ae2402104272d5f }
Cherrypick commits SHA are -> 
a0f59a930f0d954d01cdd663db4e4f7a337fd910 - cherrypick - 1a49e45babdd02a796abba527ae2402104272d5f
---> The cherrypicked commit sha is - a0f59a930f0d954d01cdd663db4e4f7a337fd910
Commit message - Adds test for focus when app is initially loaded

This adds an additional test case that ensures the todo input field is focussed when the app initially loads.

Thia relates to the test failures in issue #1034
---> The original commit sha is - 1a49e45babdd02a796abba527ae2402104272d5f
Commit message - Merge pull request #1037 from HenrikJoreteg/master

ampersandjs: add multi-tab sync via storage events
-----------------------------------------------------------------

Cherry-pick diff pair 3 is -> 
{ 1af6b47bcae2a178113abc6233f731d2a55d30dd -> ecba84256fb71977dcbf0d21831fd1fbd505bd56 } is a cherrypick
{ 284d7de9731bf4d218f4974e3acaaa13896c9326 -> 3b4d470c213dfdfb56aa37ca4d2517e6f1d6c99b }
Cherrypick commits SHA are -> 
ecba84256fb71977dcbf0d21831fd1fbd505bd56 - cherrypick - 3b4d470c213dfdfb56aa37ca4d2517e6f1d6c99b
---> The cherrypicked commit sha is - ecba84256fb71977dcbf0d21831fd1fbd505bd56
Commit message - Update Duel app
---> The original commit sha is - 3b4d470c213dfdfb56aa37ca4d2517e6f1d6c99b
Commit message - Merge pull request #1032 from tastejs/duel-update

Update Duel app
-----------------------------------------------------------------

Cherry-pick diff pair 4 is -> 
{ 935aed054725ecb26c4862fa7d0fa309b79d3140 -> eb6d776deb8e06d2e33c23a43806a54436472a84 } is a cherrypick
{ ae057e10667a9a8e1e0f8a8f9bf62994c34be889 -> 40dc71b56ed7539160b3bb4b43700ae4d7194203 }
Cherrypick commits SHA are -> 
eb6d776deb8e06d2e33c23a43806a54436472a84 - cherrypick - 40dc71b56ed7539160b3bb4b43700ae4d7194203
---> The cherrypicked commit sha is - eb6d776deb8e06d2e33c23a43806a54436472a84
Commit message - Updated knownIssues to reflect the current state

Modified the logic for clearing a todo item to use delete and backspace. This is required because the spec does not dictate the initial cursor position when a todo item enters into edit mode.
---> The original commit sha is - 40dc71b56ed7539160b3bb4b43700ae4d7194203
Commit message - Merge pull request #1000 from ColinEberhardt/master

Updates based on a full run of the browser tests
-----------------------------------------------------------------

Cherry-pick diff pair 5 is -> 
{ 9a925fa6c5f8569d792cbe5df50cf899d75bc8ae -> da052bf19ee29731c654bca7942e93f62c5ddee4 } is a cherrypick
{ a4579c6080362776fc480247a8645c7fd1318bf7 -> 34115552ee5d4993bfe40d3a34c25c3316d17117 }
Cherrypick commits SHA are -> 
da052bf19ee29731c654bca7942e93f62c5ddee4 - cherrypick - 34115552ee5d4993bfe40d3a34c25c3316d17117
---> The cherrypicked commit sha is - da052bf19ee29731c654bca7942e93f62c5ddee4
Commit message - React: Add Twitter hashtag learning resource
---> The original commit sha is - 34115552ee5d4993bfe40d3a34c25c3316d17117
Commit message - learn.json: add Polymer on StackOverflow
-----------------------------------------------------------------

Cherry-pick diff pair 6 is -> 
{ 405dbf0f428b9c210f5ce4799fd1e479cae8dfcc -> 8a0b5f68f66dec9925927a0c61f5acd34e175f9e } is a cherrypick
{ a4579c6080362776fc480247a8645c7fd1318bf7 -> 34115552ee5d4993bfe40d3a34c25c3316d17117 }
Cherrypick commits SHA are -> 
8a0b5f68f66dec9925927a0c61f5acd34e175f9e - cherrypick - 34115552ee5d4993bfe40d3a34c25c3316d17117
---> The cherrypicked commit sha is - 8a0b5f68f66dec9925927a0c61f5acd34e175f9e
Commit message - learn: Add link to React flux example
---> The original commit sha is - 34115552ee5d4993bfe40d3a34c25c3316d17117
Commit message - learn.json: add Polymer on StackOverflow
-----------------------------------------------------------------

Cherry-pick diff pair 7 is -> 
{ 9017b22b65ccb6776ccfa3468a6506d5ce7b8039 -> 5eb4dbbb3a8124b9dc09072c1fa416512a433f24 } is a cherrypick
{ 40d5189af74c2b28399869839d88a1ac7c3c33f3 -> 8253bfd456411cbb593f040c43de43f14f839bb9 }
Cherrypick commits SHA are -> 
5eb4dbbb3a8124b9dc09072c1fa416512a433f24 - cherrypick - 8253bfd456411cbb593f040c43de43f14f839bb9
---> The cherrypicked commit sha is - 5eb4dbbb3a8124b9dc09072c1fa416512a433f24
Commit message - #817 Batman - trim title
---> The original commit sha is - 8253bfd456411cbb593f040c43de43f14f839bb9
Commit message - Merge pull request #917 from dprotti/issue817

Fix for #817 batman sample does not trim text input
-----------------------------------------------------------------

Cherry-pick diff pair 8 is -> 
{ 9a925fa6c5f8569d792cbe5df50cf899d75bc8ae -> da052bf19ee29731c654bca7942e93f62c5ddee4 } is a cherrypick
{ 405dbf0f428b9c210f5ce4799fd1e479cae8dfcc -> 8a0b5f68f66dec9925927a0c61f5acd34e175f9e }
Cherrypick commits SHA are -> 
da052bf19ee29731c654bca7942e93f62c5ddee4 - cherrypick - 8a0b5f68f66dec9925927a0c61f5acd34e175f9e
---> The cherrypicked commit sha is - da052bf19ee29731c654bca7942e93f62c5ddee4
Commit message - React: Add Twitter hashtag learning resource
---> The original commit sha is - 8a0b5f68f66dec9925927a0c61f5acd34e175f9e
Commit message - learn: Add link to React flux example
-----------------------------------------------------------------

Cherry-pick diff pair 9 is -> 
{ e8f8532b2f86baa7b29d3f6e2e8298a1cadd488e -> 72a52bafe2ada4ef8d9519e59efd91889e7d62bd } is a cherrypick
{ 24107c507ed6bfa79def1a45f773b56fcd528d3f -> 6e92f6763ae7e417f4e57e74d7682f8e04458744 }
Cherrypick commits SHA are -> 
72a52bafe2ada4ef8d9519e59efd91889e7d62bd - cherrypick - 6e92f6763ae7e417f4e57e74d7682f8e04458744
---> The cherrypicked commit sha is - 72a52bafe2ada4ef8d9519e59efd91889e7d62bd
Commit message - gwt - model objects agnostic of presenters
---> The original commit sha is - 6e92f6763ae7e417f4e57e74d7682f8e04458744
Commit message - Merge pull request #885 from yyx990803/vue

remove overlooked unecessary binding from Vue implementation
-----------------------------------------------------------------

Cherry-pick diff pair 10 is -> 
{ 40d9d467b9fbe9db2fb3ec01cb5377f90611dab3 -> 6ee3ed46c502be008a391aca0d77193e51815919 } is a cherrypick
{ 24107c507ed6bfa79def1a45f773b56fcd528d3f -> 6e92f6763ae7e417f4e57e74d7682f8e04458744 }
Cherrypick commits SHA are -> 
6ee3ed46c502be008a391aca0d77193e51815919 - cherrypick - 6e92f6763ae7e417f4e57e74d7682f8e04458744
---> The cherrypicked commit sha is - 6ee3ed46c502be008a391aca0d77193e51815919
Commit message - Merge pull request #884 from yyx990803/vue

update Vue implementation to use 0.10.0
---> The original commit sha is - 6e92f6763ae7e417f4e57e74d7682f8e04458744
Commit message - Merge pull request #885 from yyx990803/vue

remove overlooked unecessary binding from Vue implementation
-----------------------------------------------------------------

Cherry-pick diff pair 11 is -> 
{ e8f8532b2f86baa7b29d3f6e2e8298a1cadd488e -> 72a52bafe2ada4ef8d9519e59efd91889e7d62bd } is a cherrypick
{ 40d9d467b9fbe9db2fb3ec01cb5377f90611dab3 -> 6ee3ed46c502be008a391aca0d77193e51815919 }
Cherrypick commits SHA are -> 
72a52bafe2ada4ef8d9519e59efd91889e7d62bd - cherrypick - 6ee3ed46c502be008a391aca0d77193e51815919
---> The cherrypicked commit sha is - 72a52bafe2ada4ef8d9519e59efd91889e7d62bd
Commit message - gwt - model objects agnostic of presenters
---> The original commit sha is - 6ee3ed46c502be008a391aca0d77193e51815919
Commit message - Merge pull request #884 from yyx990803/vue

update Vue implementation to use 0.10.0
-----------------------------------------------------------------

Cherry-pick diff pair 12 is -> 
{ 1aa649af33b3e338aa1b738999ec224ec93f37f1 -> 4ca60efddd7dc07f21eca7d6f388fb5e98798eec } is a cherrypick
{ d119ece02dc1c4466bfb8720a5c2f247d193da6c -> 2d4611422387eca20bf5937f897f2bba31ff3d24 }
Cherrypick commits SHA are -> 
4ca60efddd7dc07f21eca7d6f388fb5e98798eec - cherrypick - 2d4611422387eca20bf5937f897f2bba31ff3d24
---> The cherrypicked commit sha is - 4ca60efddd7dc07f21eca7d6f388fb5e98798eec
Commit message - Typo fix + updates to uniform comments
---> The original commit sha is - 2d4611422387eca20bf5937f897f2bba31ff3d24
Commit message - Merge pull request #876 from dprotti/privateroutingclasses

GWT - routing classes moved from public into ToDoRouting inner classes
-----------------------------------------------------------------

Cherry-pick diff pair 13 is -> 
{ a0b2178c204c68c5f797eaf73a6a81d4bce245cd -> 534e6832230b31afc3630f330e2bc15518241d44 } is a cherrypick
{ 27a39afda243fcf639e50b88a5280b510ee2ed46 -> 15be3631245424dae9f6723a8992ca4078890d32 }
Cherrypick commits SHA are -> 
534e6832230b31afc3630f330e2bc15518241d44 - cherrypick - 15be3631245424dae9f6723a8992ca4078890d32
---> The cherrypicked commit sha is - 534e6832230b31afc3630f330e2bc15518241d44
Commit message - Fix outstanding issues

> Add new items to end of list
> Escape key abandons todo edit
---> The original commit sha is - 15be3631245424dae9f6723a8992ca4078890d32
Commit message - Merge pull request #873 from cliffhall/gh-pages

Fix outstanding issues with PureMVC implementation
-----------------------------------------------------------------

Cherry-pick diff pair 14 is -> 
{ 193752e8e166583a6a9ec475b0851198061fdac2 -> 38abc5ffc4efeb9a13c1aa7161ec45e43887b18f } is a cherrypick
{ 5d060c01bc14d0e58cdd83bb76fc5a6a050534c3 -> 418c930a840574468043d17821fb090e06504a8c }
Cherrypick commits SHA are -> 
38abc5ffc4efeb9a13c1aa7161ec45e43887b18f - cherrypick - 418c930a840574468043d17821fb090e06504a8c
---> The cherrypicked commit sha is - 38abc5ffc4efeb9a13c1aa7161ec45e43887b18f
Commit message - Prevent global leakage of 'use strict' directive
---> The original commit sha is - 418c930a840574468043d17821fb090e06504a8c
Commit message - Merge pull request #848 from Munter/thorax-strict

Thorax: Prevent global leakage of 'use strict' directive
-----------------------------------------------------------------

Cherry-pick diff pair 15 is -> 
{ 24a0df0ee49e811aeafde056da0540dc829ab202 -> 3355fd7d4cb75651af58958134421d587f207391 } is a cherrypick
{ 74d167145d4cbe0e3efd6afcb4fe720b6de2d61f -> 9ec9a52460f8011b6cf23565522b784db6d41031 }
Cherrypick commits SHA are -> 
3355fd7d4cb75651af58958134421d587f207391 - cherrypick - 9ec9a52460f8011b6cf23565522b784db6d41031
---> The cherrypicked commit sha is - 3355fd7d4cb75651af58958134421d587f207391
Commit message - Rewrite jQuery app and add routing

fixes #309
---> The original commit sha is - 9ec9a52460f8011b6cf23565522b784db6d41031
Commit message - Merge pull request #813 from tastejs/improve-jquery-app

Rewrite jQuery app and add routing and abort on escape
-----------------------------------------------------------------

Cherry-pick diff pair 16 is -> 
{ bb75117fa8e8ee938560a1adb33d510fddb93afc -> ea23c8c4b4a5fd9da73cee7d53212b78f2a89d83 } is a cherrypick
{ 820e70178cb71edc9cf6bf7b8ac019a076c76eb6 -> 6a1d5df5097228d66f63b4ea5cdaaafae97031cf }
Cherrypick commits SHA are -> 
ea23c8c4b4a5fd9da73cee7d53212b78f2a89d83 - cherrypick - 6a1d5df5097228d66f63b4ea5cdaaafae97031cf
---> The cherrypicked commit sha is - ea23c8c4b4a5fd9da73cee7d53212b78f2a89d83
Commit message - fixing column alignment.
---> The original commit sha is - 6a1d5df5097228d66f63b4ea5cdaaafae97031cf
Commit message - Merge pull request #806 from stephenplusplus/gh-pages

fixing column alignment.
-----------------------------------------------------------------

Cherry-pick diff pair 17 is -> 
{ d7be11ee76094b8da4122eea2a799d3e6cc514eb -> 4a4016ff6fd066a2fa73b0f3c82036d6a022fa74 } is a cherrypick
{ bacfede577ad13df7791bbcee906eccc4debbe90 -> e36fff7854d23bb5df72c11e5d5ce151c6ab47c1 }
Cherrypick commits SHA are -> 
4a4016ff6fd066a2fa73b0f3c82036d6a022fa74 - cherrypick - e36fff7854d23bb5df72c11e5d5ce151c6ab47c1
---> The cherrypicked commit sha is - 4a4016ff6fd066a2fa73b0f3c82036d6a022fa74
Commit message - Update browser-tests JS style
---> The original commit sha is - e36fff7854d23bb5df72c11e5d5ce151c6ab47c1
Commit message - Merge pull request #801 from passy/browser-tests-style

Update browser-tests JS style
-----------------------------------------------------------------

Cherry-pick diff pair 18 is -> 
{ 8f35291d20ffaa4b2c96201d65d247eb4fdfa816 -> 862559ca478d2ed2145c9a19519251075d00d55a } is a cherrypick
{ 4d66f8baeee4b9f19e5944f945cce2a5ce0d2d0e -> bacfede577ad13df7791bbcee906eccc4debbe90 }
Cherrypick commits SHA are -> 
862559ca478d2ed2145c9a19519251075d00d55a - cherrypick - bacfede577ad13df7791bbcee906eccc4debbe90
---> The cherrypicked commit sha is - 862559ca478d2ed2145c9a19519251075d00d55a
Commit message - Fix browser-tests/README indentation
---> The original commit sha is - bacfede577ad13df7791bbcee906eccc4debbe90
Commit message - Merge pull request #802 from ColinEberhardt/adding-colin-to-the-team

Adding Colin Eberhardt to the team
-----------------------------------------------------------------

Cherry-pick diff pair 19 is -> 
{ 2808841a570e6363121868fdef049946bb13b5d8 -> 0589bceffd466cb359c140a1e0bd0ed9efaecb54 } is a cherrypick
{ 9a267f0a545c4100b641d786497089c27ca5de18 -> c5c1a78d1208d579512f10b648590a8a40b5477d }
Cherrypick commits SHA are -> 
0589bceffd466cb359c140a1e0bd0ed9efaecb54 - cherrypick - c5c1a78d1208d579512f10b648590a8a40b5477d
---> The cherrypicked commit sha is - 0589bceffd466cb359c140a1e0bd0ed9efaecb54
Commit message - Added YUI library to the repo
---> The original commit sha is - c5c1a78d1208d579512f10b648590a8a40b5477d
Commit message - Merge pull request #794 from ColinEberhardt/yui-add-library

Added YUI library to the repo
-----------------------------------------------------------------

Cherry-pick diff pair 20 is -> 
{ 3547a879591a257751ea8cadf6c6999a31660505 -> 91ddd323a54e0a06cefd9a7713aede4271e81c01 } is a cherrypick
{ 033dda76c1c819f97db87e64a478f2031e874d1d -> 78dfde48ad74860f8a24dfc3a11c1e794e8d0ad3 }
Cherrypick commits SHA are -> 
91ddd323a54e0a06cefd9a7713aede4271e81c01 - cherrypick - 78dfde48ad74860f8a24dfc3a11c1e794e8d0ad3
---> The cherrypicked commit sha is - 91ddd323a54e0a06cefd9a7713aede4271e81c01
Commit message - AngularDart: Upgrade to 0.9.4
---> The original commit sha is - 78dfde48ad74860f8a24dfc3a11c1e794e8d0ad3
Commit message - Merge pull request #779 from NeilvB/parens-fix

Fix parens to bind controller to receive callback correctly
-----------------------------------------------------------------

Cherry-pick diff pair 21 is -> 
{ 51172b18020eefd035faa81895d7df3d5aebe228 -> 723b0059f63bcec3755bfa3150ba7397392708d3 } is a cherrypick
{ 47353c4aabaf6613fa5d73af26b55c577646381d -> 1239e6a6e019211f7a880eabbb3088cb4fbbe748 }
Cherrypick commits SHA are -> 
723b0059f63bcec3755bfa3150ba7397392708d3 - cherrypick - 1239e6a6e019211f7a880eabbb3088cb4fbbe748
---> The cherrypicked commit sha is - 723b0059f63bcec3755bfa3150ba7397392708d3
Commit message - AngularJS: Utilize ngRoute for filters

Supersedes #733

Inline-templating love contributed by @stephenplusplus <3
---> The original commit sha is - 1239e6a6e019211f7a880eabbb3088cb4fbbe748
Commit message - Merge pull request #751 from passy/angular-routing

AngularJS: Utilize ngRoute for filters
-----------------------------------------------------------------

Cherry-pick diff pair 22 is -> 
{ 02b43564803db1083f37138d0852ce3f204bb597 -> b0d725da15b2dd9d5d52e1e7240d79492f7f6a11 } is a cherrypick
{ 958622a94a651c5eaaabb3cf2075092517190683 -> d1d06d2d806b7823b6427fb9344b3224500cf20d }
Cherrypick commits SHA are -> 
b0d725da15b2dd9d5d52e1e7240d79492f7f6a11 - cherrypick - d1d06d2d806b7823b6427fb9344b3224500cf20d
---> The cherrypicked commit sha is - b0d725da15b2dd9d5d52e1e7240d79492f7f6a11
Commit message - use the sap.ui.Device API instead of jQuery plugin
---> The original commit sha is - d1d06d2d806b7823b6427fb9344b3224500cf20d
Commit message - Merge pull request #753 from arleytriana/patch-1

use the sap.ui.Device API instead of jQuery plugin
-----------------------------------------------------------------

Cherry-pick diff pair 23 is -> 
{ d2e1c9d87c1d789fe1872a61d5354ce22a168391 -> 3ff62d287e46053b4b552ec8c43bdf169eba3c71 } is a cherrypick
{ bf2698d5bc4dd3b1591843f94824d68f1b7aebd1 -> 02b43564803db1083f37138d0852ce3f204bb597 }
Cherrypick commits SHA are -> 
3ff62d287e46053b4b552ec8c43bdf169eba3c71 - cherrypick - 02b43564803db1083f37138d0852ce3f204bb597
---> The cherrypicked commit sha is - 3ff62d287e46053b4b552ec8c43bdf169eba3c71
Commit message - Backbone: Add revert on escape
---> The original commit sha is - 02b43564803db1083f37138d0852ce3f204bb597
Commit message - Merge pull request #746 from passy/bb-revert-amaze

Backbone: Add revert on escape
-----------------------------------------------------------------

Cherry-pick diff pair 24 is -> 
{ a8ebd5573dc3859f731c203230a147257cf5c4b1 -> a6c7707cea2070522e2fd58c3bf2cc2e43e605f7 } is a cherrypick
{ 780847af73832e4f48304e0c38ce8e39da21e2c0 -> 11f1ca5657531f65fbb1225561d067286d679198 }
Cherrypick commits SHA are -> 
a6c7707cea2070522e2fd58c3bf2cc2e43e605f7 - cherrypick - 11f1ca5657531f65fbb1225561d067286d679198
---> The cherrypicked commit sha is - a6c7707cea2070522e2fd58c3bf2cc2e43e605f7
Commit message - Add canJS 2.0 to changelog
---> The original commit sha is - 11f1ca5657531f65fbb1225561d067286d679198
Commit message - Merge pull request #736 from bitovi/canjs-amd-2.0

CanJS 2.0 + RequireJS dependency example.
-----------------------------------------------------------------

Cherry-pick diff pair 25 is -> 
{ 43032485de60ec87c5b6b19b65da6e48bae6b28f -> 619fa8005ba4f33a21f6f3695b32d58d1ca703a7 } is a cherrypick
{ 443a527cc47702410bf1f1decb4000dad03472c1 -> 97325d176ed1829d3c4f8dc42b719dd9d1f8f231 }
Cherrypick commits SHA are -> 
619fa8005ba4f33a21f6f3695b32d58d1ca703a7 - cherrypick - 97325d176ed1829d3c4f8dc42b719dd9d1f8f231
---> The cherrypicked commit sha is - 619fa8005ba4f33a21f6f3695b32d58d1ca703a7
Commit message - angularjs: swapped out todo-blur for ng-blur
---> The original commit sha is - 97325d176ed1829d3c4f8dc42b719dd9d1f8f231
Commit message - Merge pull request #725 from callmehiphop/gh-pages

angularjs: swapped out todo-blur for ng-blur
-----------------------------------------------------------------

Cherry-pick diff pair 26 is -> 
{ 2191e0291427abb0610ce2f168a3bdbde3088ac8 -> 55b1bc7c77193d72f51afd89faeca1c217ac6dde } is a cherrypick
{ 6a02061c03ea06c6fe646a1d107f39632b8b12ff -> bcd7682dd2ed55b3345d244e5852c2dc31f75419 }
Cherrypick commits SHA are -> 
55b1bc7c77193d72f51afd89faeca1c217ac6dde - cherrypick - bcd7682dd2ed55b3345d244e5852c2dc31f75419
---> The cherrypicked commit sha is - 55b1bc7c77193d72f51afd89faeca1c217ac6dde
Commit message - Ember input value trimming and text selection removal
---> The original commit sha is - bcd7682dd2ed55b3345d244e5852c2dc31f75419
Commit message - Merge pull request #706 from kamilogorek/ember-trimming

Ember input value trimming and text selection removal
-----------------------------------------------------------------

Cherry-pick diff pair 27 is -> 
{ 4617087fa521ff809f5c0633264f392598a99e7e -> c46ab08caa7e2739fb8555e147b325a3c3c6e3bc } is a cherrypick
{ a2ed9e6a984d436bcfa33afcf905ca4beac9325b -> 21e4c47ddaf960e9e571f05d2445f7e19be4d959 }
Cherrypick commits SHA are -> 
c46ab08caa7e2739fb8555e147b325a3c3c6e3bc - cherrypick - 21e4c47ddaf960e9e571f05d2445f7e19be4d959
---> The cherrypicked commit sha is - c46ab08caa7e2739fb8555e147b325a3c3c6e3bc
Commit message - remove 'order' attribute from comment

don't mention 'order' as a default attribute since the attribute no longer exists
---> The original commit sha is - 21e4c47ddaf960e9e571f05d2445f7e19be4d959
Commit message - Merge pull request #673 from bpmason1/patch-1

remove 'order' attribute from comment
-----------------------------------------------------------------

Cherry-pick diff pair 28 is -> 
{ 71f080ce147789a3aae690ec0136008c80958b1d -> 59b976d685c82391c270be07eb46388c6c338610 } is a cherrypick
{ c2e719de69a21aaab1931c726a63fb386fba4e92 -> c75c09501d0ef8aa8106de3341ef3d31426edd8d }
Cherrypick commits SHA are -> 
59b976d685c82391c270be07eb46388c6c338610 - cherrypick - c75c09501d0ef8aa8106de3341ef3d31426edd8d
---> The cherrypicked commit sha is - 59b976d685c82391c270be07eb46388c6c338610
Commit message - todo display right padding fix

a long todo item might step on the X sign. `padding-right` of 60 fixes this symmetrically (X sign width 40px, right offset 10).
---> The original commit sha is - c75c09501d0ef8aa8106de3341ef3d31426edd8d
Commit message - Merge pull request #656 from chenglou/todo-padding

todo display right padding fix
-----------------------------------------------------------------

Cherry-pick diff pair 29 is -> 
{ 45a312d8e0b7c66dd6263c81bf5513d4c0c802a1 -> be8416523cd792d4fe8dce89b4ebc092c18c17b3 } is a cherrypick
{ fd3f4d0b43e5ccbb16a528dc222935f500a51a62 -> 3f696d48693d10ae6819564a4190fc701fd6578a }
Cherrypick commits SHA are -> 
be8416523cd792d4fe8dce89b4ebc092c18c17b3 - cherrypick - 3f696d48693d10ae6819564a4190fc701fd6578a
---> The cherrypicked commit sha is - be8416523cd792d4fe8dce89b4ebc092c18c17b3
Commit message - removes un-used (and un-needed) shim for backbone.localStorage
---> The original commit sha is - 3f696d48693d10ae6819564a4190fc701fd6578a
Commit message - Merge pull request #599 from joyvuu-dave/backbone_marionette_require

removes un-used (and un-needed) shim for backbone.localStorage
-----------------------------------------------------------------

Cherry-pick diff pair 30 is -> 
{ 8c48866bbb8c031d554d60a23b3956e053671b0d -> f7db32379c8363a67bf9075c693f9de505bdd6ee } is a cherrypick
{ edde2237ba158f948e7ce8a5af7849d6086e3835 -> 2efa903770932915d8e4b9b8c59ea36ed69a14a2 }
Cherrypick commits SHA are -> 
f7db32379c8363a67bf9075c693f9de505bdd6ee - cherrypick - 2efa903770932915d8e4b9b8c59ea36ed69a14a2
---> The cherrypicked commit sha is - f7db32379c8363a67bf9075c693f9de505bdd6ee
Commit message - Chrome Frame is no more
---> The original commit sha is - 2efa903770932915d8e4b9b8c59ea36ed69a14a2
Commit message - Merge pull request #649 from passy/backbone-trimming

Backbone: trim edits
-----------------------------------------------------------------

Cherry-pick diff pair 31 is -> 
{ 6f094c7e0e5211549900cf89411fe84f556e383c -> 4fccfbf25b8141a9e15da3d5be31ddda3536f62b } is a cherrypick
{ ae3b53c9da9aa7a128b6e2e32ee4816f656b627e -> 92328d5045f786b850e8e8ae5bb5aa821d5e2ea3 }
Cherrypick commits SHA are -> 
4fccfbf25b8141a9e15da3d5be31ddda3536f62b - cherrypick - 92328d5045f786b850e8e8ae5bb5aa821d5e2ea3
---> The cherrypicked commit sha is - 4fccfbf25b8141a9e15da3d5be31ddda3536f62b
Commit message - Bumped versions
Fixed issue #642
Couple of minor bug fixes
---> The original commit sha is - 92328d5045f786b850e8e8ae5bb5aa821d5e2ea3
Commit message - Merge pull request #644 from BorisKozo/bugfixes

Marionette - Changes for issue #642 
-----------------------------------------------------------------

Cherry-pick diff pair 32 is -> 
{ ba9a2fc931aa39564161c014c2f5bc3af803ae4d -> 4869d71a2836444ca1daa973a42e5db13548b126 } is a cherrypick
{ 9a2ad388f2d30dbd3dd3825b2d5433cbc3377dcc -> e149f24fe517ad6358ed2437cf7d8f1babfd955c }
Cherrypick commits SHA are -> 
4869d71a2836444ca1daa973a42e5db13548b126 - cherrypick - e149f24fe517ad6358ed2437cf7d8f1babfd955c
---> The cherrypicked commit sha is - 4869d71a2836444ca1daa973a42e5db13548b126
Commit message - angularjs: add escape behavior
---> The original commit sha is - e149f24fe517ad6358ed2437cf7d8f1babfd955c
Commit message - Merge pull request #627 from passy/angular-esc

angularjs: add escape behavior
-----------------------------------------------------------------

Cherry-pick diff pair 33 is -> 
{ 895907666b3cc722afd5139c39396252f1ee9c88 -> 39781cc5c5d4836c4dad565705e75ce8767be459 } is a cherrypick
{ 5dd89f809877c2b96bd778c8370d3c0b5fcd5bfb -> db9cb67d6374f56e4071fa7f90598871a7794b6f }
Cherrypick commits SHA are -> 
39781cc5c5d4836c4dad565705e75ce8767be459 - cherrypick - db9cb67d6374f56e4071fa7f90598871a7794b6f
---> The cherrypicked commit sha is - 39781cc5c5d4836c4dad565705e75ce8767be459
Commit message - Updated AngularJS links in the readme.md
---> The original commit sha is - db9cb67d6374f56e4071fa7f90598871a7794b6f
Commit message - Merge pull request #607 from acanby/fix_angularjs_readme

Updated AngularJS links in the readme.md
-----------------------------------------------------------------

Cherry-pick diff pair 34 is -> 
{ dfea129b47a982c86c4fc526889eb88bc54ddc32 -> d88a62a34b6329fc47dd506e74864940445f8fb6 } is a cherrypick
{ c5ffea436a06a19be9982dfe3ea57fc6f19794a4 -> 9972d21e67a16f89cd44b55beb3137d14f9ad093 }
Cherrypick commits SHA are -> 
d88a62a34b6329fc47dd506e74864940445f8fb6 - cherrypick - 9972d21e67a16f89cd44b55beb3137d14f9ad093
---> The cherrypicked commit sha is - d88a62a34b6329fc47dd506e74864940445f8fb6
Commit message - Add CNAME for domain
---> The original commit sha is - 9972d21e67a16f89cd44b55beb3137d14f9ad093
Commit message - Unbreak todomvc.com hosting
-----------------------------------------------------------------

Cherry-pick diff pair 35 is -> 
{ 1eaa7ac0d229449f666e292f6396b04cfb41262a -> 989e9499e93e592b8c6a27376fd92dddbaf308e0 } is a cherrypick
{ 03ce0611779cb9ce900baa2baaffd14c8a3116b2 -> 0578cc164ddc28fa25453745318cacf9d7a5e35c }
Cherrypick commits SHA are -> 
989e9499e93e592b8c6a27376fd92dddbaf308e0 - cherrypick - 0578cc164ddc28fa25453745318cacf9d7a5e35c
---> The cherrypicked commit sha is - 989e9499e93e592b8c6a27376fd92dddbaf308e0
Commit message - serenade readme updated with easier compile instructions.
---> The original commit sha is - 0578cc164ddc28fa25453745318cacf9d7a5e35c
Commit message - Merge pull request #536 from stephenplusplus/batman

batman updated to use bower. about time, batman.
-----------------------------------------------------------------

Cherry-pick diff pair 36 is -> 
{ e32070557a1b7ad1cd5a3b8a62d3988021d379f4 -> 60edd6b87f27c60a21efb9fa6d0df6c5f60d5c53 } is a cherrypick
{ 5f8a59554f0f19bcee5f60063767f73bb6b2c140 -> d26fd95004538a0a33dcd2252f4b6783f2595af0 }
Cherrypick commits SHA are -> 
60edd6b87f27c60a21efb9fa6d0df6c5f60d5c53 - cherrypick - d26fd95004538a0a33dcd2252f4b6783f2595af0
---> The cherrypicked commit sha is - 60edd6b87f27c60a21efb9fa6d0df6c5f60d5c53
Commit message - Upgrading Flight to stable status.
---> The original commit sha is - d26fd95004538a0a33dcd2252f4b6783f2595af0
Commit message - Remove `labs` class from Maria app
-----------------------------------------------------------------

Cherry-pick diff pair 37 is -> 
{ 1afd8183a2d256272a3e9f7696cfa16e1dc2fbe2 -> cb626b16744c549c51b4e979919699bb3673a948 } is a cherrypick
{ 815d9da51935b0d73f872ba61d8d7257e8faf235 -> 44dc7cd08dad0a4d1dd0c147cbd8d5498a63ebbd }
Cherrypick commits SHA are -> 
cb626b16744c549c51b4e979919699bb3673a948 - cherrypick - 44dc7cd08dad0a4d1dd0c147cbd8d5498a63ebbd
---> The cherrypicked commit sha is - cb626b16744c549c51b4e979919699bb3673a948
Commit message - Remove TodoView, which isn't even used.
---> The original commit sha is - 44dc7cd08dad0a4d1dd0c147cbd8d5498a63ebbd
Commit message - Merge pull request #489 from trek/emberjs-what-is-this-view-i-dont-even

Remove TodoView, which isn't even used.
-----------------------------------------------------------------

Cherry-pick diff pair 38 is -> 
{ dcd98b741092b7a9daafda54e04bb1621cc3e640 -> afeb2e5234ced0cfa269cf28b3e87d8e0c73c91d } is a cherrypick
{ a8ebcfb8e44729d1fbd4482a69d90fba6612830b -> bb6c9830d6d314b9ca9b24a7d2ebcb07d4328862 }
Cherrypick commits SHA are -> 
afeb2e5234ced0cfa269cf28b3e87d8e0c73c91d - cherrypick - bb6c9830d6d314b9ca9b24a7d2ebcb07d4328862
---> The cherrypicked commit sha is - afeb2e5234ced0cfa269cf28b3e87d8e0c73c91d
Commit message - Added Flight to changelog
---> The original commit sha is - bb6c9830d6d314b9ca9b24a7d2ebcb07d4328862
Commit message - Merge pull request #465 from passy/1.2-changelog

Continuously update the ChangeLog
-----------------------------------------------------------------

Cherry-pick diff pair 39 is -> 
{ f9552feb95385e64a811318459fe512bf69c89fd -> b0e2c15a3829a458f50e853a95a5ffc7341108e6 } is a cherrypick
{ 0ee6deb89176d020bb21668959b93e369db210ed -> 1d4e417c567dc2ca2ebb236da3cdaaaf17fa1cf5 }
Cherrypick commits SHA are -> 
b0e2c15a3829a458f50e853a95a5ffc7341108e6 - cherrypick - 1d4e417c567dc2ca2ebb236da3cdaaaf17fa1cf5
---> The cherrypicked commit sha is - b0e2c15a3829a458f50e853a95a5ffc7341108e6
Commit message - Olives: Escape todo title in list rendering (#397)
---> The original commit sha is - 1d4e417c567dc2ca2ebb236da3cdaaaf17fa1cf5
Commit message - Merge pull request #409 from jnicklas/serenade-js

Added Serenade.js example
-----------------------------------------------------------------

Cherry-pick diff pair 40 is -> 
{ 410a831f4677559b92f71d514bd5c0042e519307 -> 255cb2d902779beb322ac92d089b245c2acf1093 } is a cherrypick
{ 864194dac2e95919958ae3a0d31ad4854fec3b12 -> 8632a28c3fda0796688d1387b5267e8fed05a36b }
Cherrypick commits SHA are -> 
255cb2d902779beb322ac92d089b245c2acf1093 - cherrypick - 8632a28c3fda0796688d1387b5267e8fed05a36b
---> The cherrypicked commit sha is - 255cb2d902779beb322ac92d089b245c2acf1093
Commit message - Merge pull request #361 from pavelsavara/angularjs_typescript

Adding Angularjs + typescript
---> The original commit sha is - 8632a28c3fda0796688d1387b5267e8fed05a36b
Commit message - Merge pull request #406 from eastridge/gh-pages

Update Thorax to latest version
-----------------------------------------------------------------

Cherry-pick diff pair 41 is -> 
{ 8552baf43c2dc509088d7585bb61ea1f45365be8 -> 70d7715413df4e8f71fdade3dcff7f101f4884f8 } is a cherrypick
{ 5a122e660c591f92dcf236998749ae7212d9aeee -> e6854934c2dfb93d69afa64fd589e21b1a643e14 }
Cherrypick commits SHA are -> 
70d7715413df4e8f71fdade3dcff7f101f4884f8 - cherrypick - e6854934c2dfb93d69afa64fd589e21b1a643e14
---> The cherrypicked commit sha is - 70d7715413df4e8f71fdade3dcff7f101f4884f8
Commit message - Fixed <b> vs <strong> inconsistency in Spine app

As reported by @petermichaux in #350.
---> The original commit sha is - e6854934c2dfb93d69afa64fd589e21b1a643e14
Commit message - Merge pull request #358 from passy/patch-1

Fixed <b> vs <strong> inconsistency in Spine app
-----------------------------------------------------------------

Cherry-pick diff pair 42 is -> 
{ 0e2547b5ba5d6d49d7fda14cd1e6636f6919d25a -> 0ae768281a9e8f15440bd89c3b3c0e02a383eabb } is a cherrypick
{ e0e0ef4ca80df9722780637f73a3fcf58414222e -> ddb3234ce6869aa021bc08a51b89ea5c3fca3066 }
Cherrypick commits SHA are -> 
0ae768281a9e8f15440bd89c3b3c0e02a383eabb - cherrypick - ddb3234ce6869aa021bc08a51b89ea5c3fca3066
---> The cherrypicked commit sha is - 0ae768281a9e8f15440bd89c3b3c0e02a383eabb
Commit message - Merge pull request #282 from beastridge/gh-pages

Thorax
---> The original commit sha is - ddb3234ce6869aa021bc08a51b89ea5c3fca3066
Commit message - Merge pull request #285 from beastridge/gh-pages

Thorax bug fix
-----------------------------------------------------------------

Cherry-pick diff pair 43 is -> 
{ 31af9f7800e95b144009c8b82f8c67ce5872c3ac -> ee5374511b6f03fece7d0f8e118da807e0229590 } is a cherrypick
{ 8ad561849125fee100bdb92a3497410f09dd9b99 -> 2bebace224b223710c37cadfe1734a58c7f3b82f }
Cherrypick commits SHA are -> 
ee5374511b6f03fece7d0f8e118da807e0229590 - cherrypick - 2bebace224b223710c37cadfe1734a58c7f3b82f
---> The cherrypicked commit sha is - ee5374511b6f03fece7d0f8e118da807e0229590
Commit message - Removed test files from dojo18 branch.
---> The original commit sha is - 2bebace224b223710c37cadfe1734a58c7f3b82f
Commit message - Merge branch 'dojo18-tests' into dojo18
-----------------------------------------------------------------

Cherry-pick diff pair 44 is -> 
{ b6e14c1736a3e03b3ce711cacbd2f782977b180b -> 00780aa7e8ecc74296d0ce3bd135c67eb50b997f } is a cherrypick
{ 8ad561849125fee100bdb92a3497410f09dd9b99 -> 2bebace224b223710c37cadfe1734a58c7f3b82f }
Cherrypick commits SHA are -> 
00780aa7e8ecc74296d0ce3bd135c67eb50b997f - cherrypick - 2bebace224b223710c37cadfe1734a58c7f3b82f
---> The cherrypicked commit sha is - 00780aa7e8ecc74296d0ce3bd135c67eb50b997f
Commit message - Merge remote-tracking branch 'work5/dojo18-tests' into dojo18
---> The original commit sha is - 2bebace224b223710c37cadfe1734a58c7f3b82f
Commit message - Merge branch 'dojo18-tests' into dojo18
-----------------------------------------------------------------

Cherry-pick diff pair 45 is -> 
{ 31af9f7800e95b144009c8b82f8c67ce5872c3ac -> ee5374511b6f03fece7d0f8e118da807e0229590 } is a cherrypick
{ b6e14c1736a3e03b3ce711cacbd2f782977b180b -> 00780aa7e8ecc74296d0ce3bd135c67eb50b997f }
Cherrypick commits SHA are -> 
ee5374511b6f03fece7d0f8e118da807e0229590 - cherrypick - 00780aa7e8ecc74296d0ce3bd135c67eb50b997f
---> The cherrypicked commit sha is - ee5374511b6f03fece7d0f8e118da807e0229590
Commit message - Removed test files from dojo18 branch.
---> The original commit sha is - 00780aa7e8ecc74296d0ce3bd135c67eb50b997f
Commit message - Merge remote-tracking branch 'work5/dojo18-tests' into dojo18
-----------------------------------------------------------------

Cherry-pick diff pair 46 is -> 
{ 9447769aa2843221d69fee5b2dfc2e5254357152 -> 254fa67a3eab3be3aa697fe3c9ed7a64061efb12 } is a cherrypick
{ 5400ccb9ed229c6c964a29d296f7c1bf00828cb0 -> 7bc6c83dfef480d45a9c1edf735b54b34f6bc3b6 }
Cherrypick commits SHA are -> 
254fa67a3eab3be3aa697fe3c9ed7a64061efb12 - cherrypick - 7bc6c83dfef480d45a9c1edf735b54b34f6bc3b6
---> The cherrypicked commit sha is - 254fa67a3eab3be3aa697fe3c9ed7a64061efb12
Commit message - refactor for code style, spaces creep in, fix issue with active filter, change completed to boolean, editing enter fires blur, see pull/235#issuecomment-7264416
---> The original commit sha is - 7bc6c83dfef480d45a9c1edf735b54b34f6bc3b6
Commit message - Merge pull request #241 from ralphholzmann/can-each-fix

Fixes CanJS Demos, removes Zepto.
-----------------------------------------------------------------

Cherry-pick diff pair 47 is -> 
{ 1fd7f70b63aed2f988c27152c66129ee66145c74 -> 1cd1560780f6e53cbc1fe6e4f8d002dd08313bc2 } is a cherrypick
{ 0644c97ed28d4228e31116ce82954f72e3270e34 -> 98d5b389e158c89fb975fd1dad2af247e757449a }
Cherrypick commits SHA are -> 
1cd1560780f6e53cbc1fe6e4f8d002dd08313bc2 - cherrypick - 98d5b389e158c89fb975fd1dad2af247e757449a
---> The cherrypicked commit sha is - 1cd1560780f6e53cbc1fe6e4f8d002dd08313bc2
Commit message - Revert removal of a needed relative in the template css
---> The original commit sha is - 98d5b389e158c89fb975fd1dad2af247e757449a
Commit message - Fix clear completed button being unclickable
-----------------------------------------------------------------

Cherry-pick diff pair 48 is -> 
{ 99282a820b6220f70d72235425ef2271c7a16078 -> 6d40fc20e3f6d92ddf7ea1d7aa3cafabe71876dc } is a cherrypick
{ 66a67121c6caf78096c0764f74ce2a8422a5d4cc -> b5adebe03b62b59802589b3a5c174169138da4e9 }
Cherrypick commits SHA are -> 
6d40fc20e3f6d92ddf7ea1d7aa3cafabe71876dc - cherrypick - b5adebe03b62b59802589b3a5c174169138da4e9
---> The cherrypicked commit sha is - 6d40fc20e3f6d92ddf7ea1d7aa3cafabe71876dc
Commit message - use built maria.js file and organize files according to framework's recommended best practices
---> The original commit sha is - b5adebe03b62b59802589b3a5c174169138da4e9
Commit message - Merge pull request #187 from petermichaux/master

use built maria.js file and organize files according to framework's recommended best practices
-----------------------------------------------------------------

Cherry-pick diff pair 49 is -> 
{ 5a63f69376c44eccc1592f284d3b33affebd3b1e -> 8657561825540581746ac28e38bfe368217c7358 } is a cherrypick
{ 1b653228ad18988101bd40271b9dc5311949ec9d -> 341bbfeb692d15b26b10f481a30ce39e16b9f29f }
Cherrypick commits SHA are -> 
8657561825540581746ac28e38bfe368217c7358 - cherrypick - 341bbfeb692d15b26b10f481a30ce39e16b9f29f
---> The cherrypicked commit sha is - 8657561825540581746ac28e38bfe368217c7358
Commit message - upgrade backbone, underscore, requireJs to latest version
---> The original commit sha is - 341bbfeb692d15b26b10f481a30ce39e16b9f29f
Commit message - Merge pull request #148 from atomsfat/backbone_require_upgrade

upgrade backbone, underscore, requireJs to latest version for dependency-examples/backbone_require
-----------------------------------------------------------------

Cherry-pick diff pair 50 is -> 
{ 53546eabe567d20122492d47fd4a1ad9f3004647 -> 3340a435f684097bd076b620b8c92c4c399d6cf6 } is a cherrypick
{ d9d42bed6ba4e40c97ddc8e1e2a1f5b595490069 -> e3b4bebd72ad0d1bc9fbf8729abea9822f7299a4 }
Cherrypick commits SHA are -> 
3340a435f684097bd076b620b8c92c4c399d6cf6 - cherrypick - e3b4bebd72ad0d1bc9fbf8729abea9822f7299a4
---> The cherrypicked commit sha is - 3340a435f684097bd076b620b8c92c4c399d6cf6
Commit message - Remove gitignore

It only contains one rule, which should be in your global gitignore anyway
---> The original commit sha is - e3b4bebd72ad0d1bc9fbf8729abea9822f7299a4
Commit message - Remove .gitignore
-----------------------------------------------------------------

Cherry-pick diff pair 51 is -> 
{ cab2a2c27615ff8046cc12ed164fbb7511e54748 -> ae21b8e645b3f2d358caec02418041665194e009 } is a cherrypick
{ c75b86ec23810f55df09677481c29e4bf17daf97 -> 45b8f759c8d4f0f3632f171f169f4b3d94b4efda }
Cherrypick commits SHA are -> 
ae21b8e645b3f2d358caec02418041665194e009 - cherrypick - 45b8f759c8d4f0f3632f171f169f4b3d94b4efda
---> The cherrypicked commit sha is - ae21b8e645b3f2d358caec02418041665194e009
Commit message - Move the css to the assets folder
---> The original commit sha is - 45b8f759c8d4f0f3632f171f169f4b3d94b4efda
Commit message - Merge pull request #100 from addyosmani/ss/shared-css

Move the css to the assets folder
-----------------------------------------------------------------

Cherry-pick diff pair 52 is -> 
{ fb21001a06675a67c3d176e8fef725bd1045da67 -> 95624f6ef161d2cc018b8eeb2d2e49ce81bb68fe } is a cherrypick
{ d3047151d0817889e272f5d1bab5515b4fff9f3c -> 7a773a09caf7e3cdbdca623aec164478ce0dfa28 }
Cherrypick commits SHA are -> 
95624f6ef161d2cc018b8eeb2d2e49ce81bb68fe - cherrypick - 7a773a09caf7e3cdbdca623aec164478ce0dfa28
---> The cherrypicked commit sha is - 95624f6ef161d2cc018b8eeb2d2e49ce81bb68fe
Commit message - Ensuring that all apps that use localStorage use a unique name.
---> The original commit sha is - 7a773a09caf7e3cdbdca623aec164478ce0dfa28
Commit message - Merge pull request #41 from boushley/separateStorage

Separate storage fix
-----------------------------------------------------------------

Cherry-pick diff pair 53 is -> 
{ 9ca024d4353a238142277e419cbb1d5b1e6f2e08 -> d9f25d7cd709658bd639c858f2e160041912cb4a } is a cherrypick
{ aab1021971a15002bad0a040cca722616295f100 -> 28deda76d4f838520ee254180955b2c5834b5b05 }
Cherrypick commits SHA are -> 
d9f25d7cd709658bd639c858f2e160041912cb4a - cherrypick - 28deda76d4f838520ee254180955b2c5834b5b05
---> The cherrypicked commit sha is - d9f25d7cd709658bd639c858f2e160041912cb4a
Commit message - Merge pull request #38 from boushley/master

Prevent backbone.js example from unnecessarily polluting the global namespace.
---> The original commit sha is - 28deda76d4f838520ee254180955b2c5834b5b05
Commit message - Merge branch 'master' of https://github.com/addyosmani/todomvc
-----------------------------------------------------------------

Cherry-pick diff pair 54 is -> 
{ ca967eae4082356152d2edf9459096efb742958d -> 60185e13e0674a76c6452ee7a8d6eeff5a651dd2 } is a cherrypick
{ 7074c5459d5399fe8475ccf115522885364a99cd -> 74e496822c646734946c578e8a9d65baf34544bf }
Cherrypick commits SHA are -> 
60185e13e0674a76c6452ee7a8d6eeff5a651dd2 - cherrypick - 74e496822c646734946c578e8a9d65baf34544bf
---> The cherrypicked commit sha is - 60185e13e0674a76c6452ee7a8d6eeff5a651dd2
Commit message - minor update regarding next release
---> The original commit sha is - 74e496822c646734946c578e8a9d65baf34544bf
Commit message - Merge branch 'master' of https://github.com/addyosmani/todomvc
-----------------------------------------------------------------

Cherry-pick diff pair 55 is -> 
{ 06a3d4a65db376b917c5bfd38989c60f6ee0fd6f -> 779978a9c0db80280e1fbfa789c6e559349fef49 } is a cherrypick
{ e004d789c83ef923a7a984bac21c66cc5271b815 -> ec43e6c667fe98a74cd1c2d62224fc0930d3181f }
Cherrypick commits SHA are -> 
779978a9c0db80280e1fbfa789c6e559349fef49 - cherrypick - ec43e6c667fe98a74cd1c2d62224fc0930d3181f
---> The cherrypicked commit sha is - 779978a9c0db80280e1fbfa789c6e559349fef49
Commit message - updating submodule paths
---> The original commit sha is - ec43e6c667fe98a74cd1c2d62224fc0930d3181f
Commit message - removing cached depends
-----------------------------------------------------------------

