# of reverts = 15
Revert diff pair 1 is -> 
{ 82bd36a7acc340aa8b22fac1aaa680621e20ce4c -> 33ad1e648b47ee7edf79be2dfeb3054427d8c561 } is a revert
{ 33ad1e648b47ee7edf79be2dfeb3054427d8c561 -> 5df2fd43cbf1189129cf3af2a71addd01aea638f }
Revert commits SHA are -> 
33ad1e648b47ee7edf79be2dfeb3054427d8c561 - revert - 5df2fd43cbf1189129cf3af2a71addd01aea638f
---> The reverted commit sha is - 33ad1e648b47ee7edf79be2dfeb3054427d8c561
Commit message - removes ununsed footer#info
---> The original commit sha is - 5df2fd43cbf1189129cf3af2a71addd01aea638f
Commit message - Merge pull request #966 from cirocosta/react-comments

React comments - limit to 80 columns
-----------------------------------------------------------------

Revert diff pair 2 is -> 
{ e238042285540d60c09e7575b65d96518ba5445a -> 90bab7f3a70159328d79ff85920b346a848c12a9 } is a revert
{ a2e354c6d5c5d2a9a9e2619c2a9b4d1d12d28a5a -> 01ccb1285169c41182bb395f05ccfa759e2f32ad }
Revert commits SHA are -> 
90bab7f3a70159328d79ff85920b346a848c12a9 - revert - 01ccb1285169c41182bb395f05ccfa759e2f32ad
---> The reverted commit sha is - 90bab7f3a70159328d79ff85920b346a848c12a9
Commit message - Create .bowerrc
---> The original commit sha is - 01ccb1285169c41182bb395f05ccfa759e2f32ad
Commit message - Unneeded
-----------------------------------------------------------------

Revert diff pair 3 is -> 
{ 68a2c2fb2ba492d01d474e07cecb50fa50a0d8e3 -> 2528e217e5ae02a85d34058d0fb01ed7ffbb9452 } is a revert
{ 2528e217e5ae02a85d34058d0fb01ed7ffbb9452 -> 27bdc595520871a98fbe128afed469fda71f95f9 }
Revert commits SHA are -> 
2528e217e5ae02a85d34058d0fb01ed7ffbb9452 - revert - 27bdc595520871a98fbe128afed469fda71f95f9
---> The reverted commit sha is - 2528e217e5ae02a85d34058d0fb01ed7ffbb9452
Commit message - reduce redundant filter & without syntax
---> The original commit sha is - 27bdc595520871a98fbe128afed469fda71f95f9
Commit message - Merge pull request #937 from pgilad/patch-3

reduce redundant filter & without syntax
-----------------------------------------------------------------

Revert diff pair 4 is -> 
{ c81b9d1afc3946eb8319677185ccd8002b2d04d1 -> 1655470b180449b03c1ee41d3cdb0eb1258efdcf } is a revert
{ 1655470b180449b03c1ee41d3cdb0eb1258efdcf -> 782fdad47226d47997e05bbdf3a252279c776f31 }
Revert commits SHA are -> 
1655470b180449b03c1ee41d3cdb0eb1258efdcf - revert - 782fdad47226d47997e05bbdf3a252279c776f31
---> The reverted commit sha is - 1655470b180449b03c1ee41d3cdb0eb1258efdcf
Commit message - Cache $todoList and improve readability
---> The original commit sha is - 782fdad47226d47997e05bbdf3a252279c776f31
Commit message - Merge pull request #934 from pgilad/patch-1

reduce redundant filter & without syntax
-----------------------------------------------------------------

Revert diff pair 5 is -> 
{ 9a1651dc7d5f321d221172e006b1d5f8ed325762 -> 600abbac0d4f971e99ab8af0316848ef8a941194 } is a revert
{ 600abbac0d4f971e99ab8af0316848ef8a941194 -> 40d5189af74c2b28399869839d88a1ac7c3c33f3 }
Revert commits SHA are -> 
600abbac0d4f971e99ab8af0316848ef8a941194 - revert - 40d5189af74c2b28399869839d88a1ac7c3c33f3
---> The reverted commit sha is - 600abbac0d4f971e99ab8af0316848ef8a941194
Commit message - Typescript-backbone: fixes for #824
---> The original commit sha is - 40d5189af74c2b28399869839d88a1ac7c3c33f3
Commit message - Merge pull request #918 from dprotti/typescriptbackbone817

Typescript-backbone: trim text input
-----------------------------------------------------------------

Revert diff pair 6 is -> 
{ 640b30483cab4f8bfd72db22d739968743818777 -> fcb8994e1b180c94814847a2e246c6425d04038a } is a revert
{ fcb8994e1b180c94814847a2e246c6425d04038a -> 60b5db0ba5031d41e86311dc88584bd3ab124244 }
Revert commits SHA are -> 
fcb8994e1b180c94814847a2e246c6425d04038a - revert - 60b5db0ba5031d41e86311dc88584bd3ab124244
---> The reverted commit sha is - fcb8994e1b180c94814847a2e246c6425d04038a
Commit message - fix typo
---> The original commit sha is - 60b5db0ba5031d41e86311dc88584bd3ab124244
Commit message - Merge pull request #497 from abyx/patch-2

Angular Perf: fix typo
-----------------------------------------------------------------

Revert diff pair 7 is -> 
{ 6e984e0df9f105ae4a6869b33e811e1196916caf -> 57b68e538f44dd96ae27491b8e1e30573168b7cf } is a revert
{ 57b68e538f44dd96ae27491b8e1e30573168b7cf -> 56ad6832469b267947cd49b8c3107a1da27f6603 }
Revert commits SHA are -> 
57b68e538f44dd96ae27491b8e1e30573168b7cf - revert - 56ad6832469b267947cd49b8c3107a1da27f6603
---> The reverted commit sha is - 57b68e538f44dd96ae27491b8e1e30573168b7cf
Commit message - Fix resource paths for canjs

See #360
---> The original commit sha is - 56ad6832469b267947cd49b8c3107a1da27f6603
Commit message - Merge pull request #362 from clarle/gh-pages

Fixing footer issues in YUI TodoMVC
-----------------------------------------------------------------

Revert diff pair 8 is -> 
{ 53546eabe567d20122492d47fd4a1ad9f3004647 -> 3340a435f684097bd076b620b8c92c4c399d6cf6 } is a revert
{ eda954f4e0eabd6c15c54361c1b1ea90a3ef7635 -> f35a0a8db9aab1c94615433a86edc8cb7b393616 }
Revert commits SHA are -> 
3340a435f684097bd076b620b8c92c4c399d6cf6 - revert - f35a0a8db9aab1c94615433a86edc8cb7b393616
---> The reverted commit sha is - 3340a435f684097bd076b620b8c92c4c399d6cf6
Commit message - Remove gitignore

It only contains one rule, which should be in your global gitignore anyway
---> The original commit sha is - f35a0a8db9aab1c94615433a86edc8cb7b393616
Commit message - Reluctantly add .gitignore for .DS_Store

Because no one seems to have it in their global gitignore...
-----------------------------------------------------------------

Revert diff pair 9 is -> 
{ d9d42bed6ba4e40c97ddc8e1e2a1f5b595490069 -> e3b4bebd72ad0d1bc9fbf8729abea9822f7299a4 } is a revert
{ eda954f4e0eabd6c15c54361c1b1ea90a3ef7635 -> f35a0a8db9aab1c94615433a86edc8cb7b393616 }
Revert commits SHA are -> 
e3b4bebd72ad0d1bc9fbf8729abea9822f7299a4 - revert - f35a0a8db9aab1c94615433a86edc8cb7b393616
---> The reverted commit sha is - e3b4bebd72ad0d1bc9fbf8729abea9822f7299a4
Commit message - Remove .gitignore
---> The original commit sha is - f35a0a8db9aab1c94615433a86edc8cb7b393616
Commit message - Reluctantly add .gitignore for .DS_Store

Because no one seems to have it in their global gitignore...
-----------------------------------------------------------------

Revert diff pair 10 is -> 
{ 254fa67a3eab3be3aa697fe3c9ed7a64061efb12 -> 84b4a7b62b624aff8dbf776fd3b1e1cf5501ae6d } is a revert
{ 84b4a7b62b624aff8dbf776fd3b1e1cf5501ae6d -> 479ac519647c2fcfcb33328c7f51495e03c18597 }
Revert commits SHA are -> 
84b4a7b62b624aff8dbf776fd3b1e1cf5501ae6d - revert - 479ac519647c2fcfcb33328c7f51495e03c18597
---> The reverted commit sha is - 84b4a7b62b624aff8dbf776fd3b1e1cf5501ae6d
Commit message - Updated can.each param order in each example.
---> The original commit sha is - 479ac519647c2fcfcb33328c7f51495e03c18597
Commit message - Merge pull request #239 from DimitarChristoff/epitome-fix

refactor for code style, spaces creep in, fix issue with active filter, ...
-----------------------------------------------------------------

Revert diff pair 11 is -> 
{ aae4616f33c9a175f0d727acf789438256a08029 -> d947e48b141cd4ad961c40dcff8fb4b7d6bb371c } is a revert
{ d947e48b141cd4ad961c40dcff8fb4b7d6bb371c -> de4b70b9ea84e6237962d07692a36c8f66cb05f7 }
Revert commits SHA are -> 
d947e48b141cd4ad961c40dcff8fb4b7d6bb371c - revert - de4b70b9ea84e6237962d07692a36c8f66cb05f7
---> The reverted commit sha is - d947e48b141cd4ad961c40dcff8fb4b7d6bb371c
Commit message - Merge pull request #111 from sholden/patch-1

Removed rogue terror-comma from the premises.
---> The original commit sha is - de4b70b9ea84e6237962d07692a36c8f66cb05f7
Commit message - fixed bug in clearCompletedItems
-----------------------------------------------------------------

Revert diff pair 12 is -> 
{ 95624f6ef161d2cc018b8eeb2d2e49ce81bb68fe -> d3047151d0817889e272f5d1bab5515b4fff9f3c } is a revert
{ d3047151d0817889e272f5d1bab5515b4fff9f3c -> 7a773a09caf7e3cdbdca623aec164478ce0dfa28 }
Revert commits SHA are -> 
d3047151d0817889e272f5d1bab5515b4fff9f3c - revert - 7a773a09caf7e3cdbdca623aec164478ce0dfa28
---> The reverted commit sha is - d3047151d0817889e272f5d1bab5515b4fff9f3c
Commit message - Merge pull request #39 from boushley/master

Remove tight coupling between model and view.
---> The original commit sha is - 7a773a09caf7e3cdbdca623aec164478ce0dfa28
Commit message - Merge pull request #41 from boushley/separateStorage

Separate storage fix
-----------------------------------------------------------------

Revert diff pair 13 is -> 
{ fb21001a06675a67c3d176e8fef725bd1045da67 -> 95624f6ef161d2cc018b8eeb2d2e49ce81bb68fe } is a revert
{ 95624f6ef161d2cc018b8eeb2d2e49ce81bb68fe -> d3047151d0817889e272f5d1bab5515b4fff9f3c }
Revert commits SHA are -> 
95624f6ef161d2cc018b8eeb2d2e49ce81bb68fe - revert - d3047151d0817889e272f5d1bab5515b4fff9f3c
---> The reverted commit sha is - 95624f6ef161d2cc018b8eeb2d2e49ce81bb68fe
Commit message - Ensuring that all apps that use localStorage use a unique name.
---> The original commit sha is - d3047151d0817889e272f5d1bab5515b4fff9f3c
Commit message - Merge pull request #39 from boushley/master

Remove tight coupling between model and view.
-----------------------------------------------------------------

Revert diff pair 14 is -> 
{ 779978a9c0db80280e1fbfa789c6e559349fef49 -> e004d789c83ef923a7a984bac21c66cc5271b815 } is a revert
{ e004d789c83ef923a7a984bac21c66cc5271b815 -> ec43e6c667fe98a74cd1c2d62224fc0930d3181f }
Revert commits SHA are -> 
e004d789c83ef923a7a984bac21c66cc5271b815 - revert - ec43e6c667fe98a74cd1c2d62224fc0930d3181f
---> The reverted commit sha is - e004d789c83ef923a7a984bac21c66cc5271b815
Commit message - adding tood examples for jmvc, backbone, spine including my changes to these
---> The original commit sha is - ec43e6c667fe98a74cd1c2d62224fc0930d3181f
Commit message - removing cached depends
-----------------------------------------------------------------

Revert diff pair 15 is -> 
{ 06a3d4a65db376b917c5bfd38989c60f6ee0fd6f -> 779978a9c0db80280e1fbfa789c6e559349fef49 } is a revert
{ 779978a9c0db80280e1fbfa789c6e559349fef49 -> e004d789c83ef923a7a984bac21c66cc5271b815 }
Revert commits SHA are -> 
779978a9c0db80280e1fbfa789c6e559349fef49 - revert - e004d789c83ef923a7a984bac21c66cc5271b815
---> The reverted commit sha is - 779978a9c0db80280e1fbfa789c6e559349fef49
Commit message - updating submodule paths
---> The original commit sha is - e004d789c83ef923a7a984bac21c66cc5271b815
Commit message - adding tood examples for jmvc, backbone, spine including my changes to these
-----------------------------------------------------------------

