# of merges = 15
Merge commit 1 is -> 
{ dc91930da9b863c7f8c4fd325331378d41edf32a is a merge commit
---> Commit message - Merge branch 'master' of github.com:coolwanglu/vim.js
-----------------------------------------------------------------

Merge commit 2 is -> 
{ 6840a9a05f62f3e5dcdab0f7d8f8b27d2fa5a8e4 is a merge commit
---> Commit message - Merge branch 'master' of github.com:coolwanglu/vim.js
-----------------------------------------------------------------

Merge commit 3 is -> 
{ f62c9ba0fb2d99f77bca56504023b8d279c94952 is a merge commit
---> Commit message - Merge branch 'master' of github.com:coolwanglu/vim.js
-----------------------------------------------------------------

Merge commit 4 is -> 
{ c6e046e998f7d7e078f0bb4d9dbe77cc6e114a33 is a merge commit
---> Commit message - Merge branch 'master' of github.com:coolwanglu/vim.js
-----------------------------------------------------------------

Merge commit 5 is -> 
{ 089844de2ee8f484e0d6b76ab819aebc3e5f605e is a merge commit
---> Commit message - wip
-----------------------------------------------------------------

Merge commit 6 is -> 
{ 748bd78c3b3d24b918a65cbc6d728cec2965f59d is a merge commit
---> Commit message - Merge branch 'master' of github.com:coolwanglu/vim.js
-----------------------------------------------------------------

Merge commit 7 is -> 
{ 684841f9123087b081819fc6524a295a990a0053 is a merge commit
---> Commit message - Merge branch 'master' of github.com:coolwanglu/vim.js
-----------------------------------------------------------------

Merge commit 8 is -> 
{ bd2d5e1625676e971db8ab67e1fb4c3f7cf8c861 is a merge commit
---> Commit message - ..
-----------------------------------------------------------------

Merge commit 9 is -> 
{ 94f68d17c00838b509e98a91d1cb677dd1aebe54 is a merge commit
---> Commit message - Merge branch 'master' of github.com:coolwanglu/vim.js
-----------------------------------------------------------------

Merge commit 10 is -> 
{ 9c1b2331c583622e5f25e3ea7efcd405a3ce410c is a merge commit
---> Commit message - Merge branch 'master' of github.com:coolwanglu/vim.js
-----------------------------------------------------------------

Merge commit 11 is -> 
{ b4b27e2dacb8bc9502c0fac0a01dcadf771fdf21 is a merge commit
---> Commit message - Merge branch 'master' of github.com:coolwanglu/vim.js
-----------------------------------------------------------------

Merge commit 12 is -> 
{ 1940573ebd9b513e8ac3bb68e1b56da421e9285f is a merge commit
---> Commit message - Merge branch 'master' of github.com:coolwanglu/vim.js
-----------------------------------------------------------------

Merge commit 13 is -> 
{ 50209743f5aa54ed028b952f4e440bdc4f51615b is a merge commit
---> Commit message - Merge branch 'master' of github.com:coolwanglu/vim.js
-----------------------------------------------------------------

Merge commit 14 is -> 
{ b5c8d76bff63f4e43b6043b0e1e0c93fb13527e7 is a merge commit
---> Commit message - Merge branch 'master' of github.com:coolwanglu/vim.js
-----------------------------------------------------------------

Merge commit 15 is -> 
{ 1ebaf1e761a4a4b30414fc4911f5a68a779acddb is a merge commit
---> Commit message - Merge branch 'master' of github.com:coolwanglu/vim.js
-----------------------------------------------------------------

