# of cherry-picks = 2
Cherry-pick diff pair 1 is -> 
{ 9ffb0cd1f256380bd54d2a09020110139e097dd6 -> 7963659107c9cee13ca441d8d0d01bf5d29f0be8 } is a cherrypick
{ f3bad7440782f4e4a2aff37e3f2be47d13be197c -> 1940573ebd9b513e8ac3bb68e1b56da421e9285f }
Cherrypick commits SHA are -> 
7963659107c9cee13ca441d8d0d01bf5d29f0be8 - cherrypick - 1940573ebd9b513e8ac3bb68e1b56da421e9285f
---> The cherrypicked commit sha is - 7963659107c9cee13ca441d8d0d01bf5d29f0be8
Commit message - use scp
---> The original commit sha is - 1940573ebd9b513e8ac3bb68e1b56da421e9285f
Commit message - Merge branch 'master' of github.com:coolwanglu/vim.js
-----------------------------------------------------------------

Cherry-pick diff pair 2 is -> 
{ ced8d56a412d098dcf27fe83b592b0c28eb66817 -> d963391aeaa681ab3b1797d611360ecdd07925da } is a cherrypick
{ beb0e4ff1fb425fea69ec73769858938223ed7f9 -> 748bd78c3b3d24b918a65cbc6d728cec2965f59d }
Cherrypick commits SHA are -> 
d963391aeaa681ab3b1797d611360ecdd07925da - cherrypick - 748bd78c3b3d24b918a65cbc6d728cec2965f59d
---> The cherrypicked commit sha is - d963391aeaa681ab3b1797d611360ecdd07925da
Commit message - ..
---> The original commit sha is - 748bd78c3b3d24b918a65cbc6d728cec2965f59d
Commit message - Merge branch 'master' of github.com:coolwanglu/vim.js
-----------------------------------------------------------------

