# of merges = 186
Merge commit 1 is -> 
{ 43964ee0e2098f671a074f834a125b57a2e75227 is a merge commit
---> Commit message - Merge pull request #1 from nightwing/master

Add node webfs
-----------------------------------------------------------------

Merge commit 2 is -> 
{ 23239c2477ed0319370a17782dd50146c28362af is a merge commit
---> Commit message - Merge branch 'master' of github.com:zefhemel/zed
-----------------------------------------------------------------

Merge commit 3 is -> 
{ a07ff5ed51612830929cafb2a0e1d3333f77d58c is a merge commit
---> Commit message - Merge pull request #5 from creationix/f2acc51c8d123342b03379944417d9c6a22cc32e

Fix hard-coded indent-width settings
-----------------------------------------------------------------

Merge commit 4 is -> 
{ dc95f01076a14ab041ac7b9ef0681a8d2c497d51 is a merge commit
---> Commit message - Merge remote-tracking branch 'remotes/origin/master'

Conflicts:
	app/js/editor.js
-----------------------------------------------------------------

Merge commit 5 is -> 
{ ca12347894ec41ac26a061d7d7dc16840527024b is a merge commit
---> Commit message - Merge pull request #4 from nightwing/master

Autodetect indentation
-----------------------------------------------------------------

Merge commit 6 is -> 
{ ef51c41db6857c00eae88a2995c63a2ebb300b2c is a merge commit
---> Commit message - Merge branch 'master' of github.com:zefhemel/zed
-----------------------------------------------------------------

Merge commit 7 is -> 
{ 9d5a70d68157a0d5feb0566b92bc2408c142612d is a merge commit
---> Commit message - Merge pull request #8 from ptone/patch-1

Typo in manifest
-----------------------------------------------------------------

Merge commit 8 is -> 
{ 68d6fb8f08df5f423dffdb47f715ca69f24e6b80 is a merge commit
---> Commit message - Merge pull request #11 from creationix/master

Add some more modes.
-----------------------------------------------------------------

Merge commit 9 is -> 
{ 5f4b8224bb44febf22ea5657fc587122b947195f is a merge commit
---> Commit message - Merge pull request #12 from creationix/master

Add lua support
-----------------------------------------------------------------

Merge commit 10 is -> 
{ 0df53e5a9fd22c8cb595ff6f638e3e0e535ba866 is a merge commit
---> Commit message - Merge branch 'master' of github.com:zedapp/zed
-----------------------------------------------------------------

Merge commit 11 is -> 
{ 826df1b6a77f353abbaa48361bb42c24a51210ef is a merge commit
---> Commit message - Merge branch 'master' into scrollbars
-----------------------------------------------------------------

Merge commit 12 is -> 
{ 16c040d6ac0cfe6fc527979b75e862d2ab2bbcb1 is a merge commit
---> Commit message - Merge remote-tracking branch 'creationix/master'
-----------------------------------------------------------------

Merge commit 13 is -> 
{ 6e876c773e002287e4e8e29fd5ab338026deb544 is a merge commit
---> Commit message - Merge pull request #36 from creationix/master

Add less mode
-----------------------------------------------------------------

Merge commit 14 is -> 
{ 8408a4224d9ec590e241bd206e4ad3b8986f8972 is a merge commit
---> Commit message - Merge branch 'master' of github.com:zedapp/zed
-----------------------------------------------------------------

Merge commit 15 is -> 
{ 36308f6f3fdb96d6a1ca62fcb1c6ff41ab8c2091 is a merge commit
---> Commit message - Merge pull request #37 from creationix/master

Add Jack mode
-----------------------------------------------------------------

Merge commit 16 is -> 
{ d6705214be829f72bdd1668f56f542bb5bd367a9 is a merge commit
---> Commit message - Merge pull request #38 from creationix/master

Add .jk extension to Jack mode
-----------------------------------------------------------------

Merge commit 17 is -> 
{ 0112c0018f82af9ca297b14bfdc69285cf32b2d8 is a merge commit
---> Commit message - Merge branch 'master' of github.com:zedapp/zed
-----------------------------------------------------------------

Merge commit 18 is -> 
{ 6445de4d7b87d612fca427a3b1641a8ffa53b071 is a merge commit
---> Commit message - Merge pull request #44 from lalyos/master

install-local-mac.sh made more readable
-----------------------------------------------------------------

Merge commit 19 is -> 
{ 10f46cc68342bff51e165f402a8c804a1d26a768 is a merge commit
---> Commit message - Merge branch 'master' of github.com:zedapp/zed
-----------------------------------------------------------------

Merge commit 20 is -> 
{ 297186ce13a78ff16662cd96521e4c1ba32a0b44 is a merge commit
---> Commit message - Merge pull request #54 from TheKiteEatingTree/master

Dim Inactive Editors Preference
-----------------------------------------------------------------

Merge commit 21 is -> 
{ 0b987fd251534ebf928d907268d71d8b47e16de9 is a merge commit
---> Commit message - Merge branch 'master' of github.com:zedapp/zed
-----------------------------------------------------------------

Merge commit 22 is -> 
{ 635e4fac49d3994dfa9ef8f2c86cab57f25854df is a merge commit
---> Commit message - Merge pull request #59 from zedapp/remove-local

Fixes #45 by removing the local mode entirely, cleaning up some stuff.
-----------------------------------------------------------------

Merge commit 23 is -> 
{ de181379866a48d3d6ebcb48d06be94cd866a30e is a merge commit
---> Commit message - Merge branch 'master' of github.com:zedapp/zed
-----------------------------------------------------------------

Merge commit 24 is -> 
{ e981ee61a347fb1e09f5ea65984bf0028fd8c00f is a merge commit
---> Commit message - Merge pull request #60 from jieter/patch-1

Fix key binding for editor command.
-----------------------------------------------------------------

Merge commit 25 is -> 
{ 8b0812ca9f4bbe8ab9a0a58b50db5e29c7d6aa86 is a merge commit
---> Commit message - Merge branch 'master' of github.com:zedapp/zed
-----------------------------------------------------------------

Merge commit 26 is -> 
{ 2ea253173c11598e39fbf8c1c697ee9ec75365e8 is a merge commit
---> Commit message - Merge pull request #68 from TheKiteEatingTree/master

Modified beautify for js, css, and html to use current tab/spaces settings
-----------------------------------------------------------------

Merge commit 27 is -> 
{ 67d938764af20459d1efa46c70451e6bf733105a is a merge commit
---> Commit message - Merge remote-tracking branch 'TheKiteEathingTree/master' into events-to-handlers
-----------------------------------------------------------------

Merge commit 28 is -> 
{ c8293680f9d45af278890f0e46bc328dc994dc91 is a merge commit
---> Commit message - Merge pull request #70 from TheKiteEatingTree/master

Fix for file tree closing immediately after opening
-----------------------------------------------------------------

Merge commit 29 is -> 
{ 3bfb1285c716aa84b221182aaee5db0f1b031fec is a merge commit
---> Commit message - Merge branch 'events-to-handlers'
-----------------------------------------------------------------

Merge commit 30 is -> 
{ 28b859c9ad67334cf3222d0218d2ac40e7564bde is a merge commit
---> Commit message - Merge branch 'master' into spell
-----------------------------------------------------------------

Merge commit 31 is -> 
{ 750f210e310b9f42ae3c85b0a7c0dde8bc27d317 is a merge commit
---> Commit message - Merge remote-tracking branch 'upstream/master' into zpm
-----------------------------------------------------------------

Merge commit 32 is -> 
{ d0debd8e7ffb5afe4af0866d0c6b953fc29bb977 is a merge commit
---> Commit message - Merge remote-tracking branch 'upstream/master' into zpm
-----------------------------------------------------------------

Merge commit 33 is -> 
{ 3c6fded01b612b8c6157e0f7c71b9f82b0bb7600 is a merge commit
---> Commit message - Merge pull request #91 from dsrw/rhtml

RHTML mode
-----------------------------------------------------------------

Merge commit 34 is -> 
{ e3bf5b2917044f0255050dea3bb09c3e16d51fb4 is a merge commit
---> Commit message - Merge branch 'master' of github.com:zedapp/zed
-----------------------------------------------------------------

Merge commit 35 is -> 
{ 41742c80df55c2a83223d2c4193af8c0581d0b10 is a merge commit
---> Commit message - Merge pull request #93 from dsrw/rhtml

Reindexed. Fixed RHTML mode config
-----------------------------------------------------------------

Merge commit 36 is -> 
{ 83114aec90a899e4068b7ae0858f2670ada0d4d4 is a merge commit
---> Commit message - Merge pull request #94 from bartaz/jshint-globals

Added globals support to JSHint check.
-----------------------------------------------------------------

Merge commit 37 is -> 
{ 14510572936f8b462952f292af3895176f0f4b22 is a merge commit
---> Commit message - Merge remote-tracking branch 'upstream/master' into zpm
-----------------------------------------------------------------

Merge commit 38 is -> 
{ 236be013c6e123d7cef8a358bc7ff34a850d9892 is a merge commit
---> Commit message - Merge remote-tracking branch 'refs/remotes/TheKiteEathingTree/zpm' into zpm
-----------------------------------------------------------------

Merge commit 39 is -> 
{ 83e290a356dcafd4549271f3580d305c9c6b6eb7 is a merge commit
---> Commit message - Merge branch 'master' into zpm

Conflicts:
	app/config/api/zed/config_fs.js
	app/config/api/zed/http.js
	app/config/api/zed/project.js
	app/js/sandbox.js
-----------------------------------------------------------------

Merge commit 40 is -> 
{ 17bf8079b8b272f4909b53e0a80a0701dea51080 is a merge commit
---> Commit message - Merge pull request #103 from dsrw/sass

Sass support
-----------------------------------------------------------------

Merge commit 41 is -> 
{ 356d8cd5d0193f47f3bc3459093ac633ecb24b52 is a merge commit
---> Commit message - Merge pull request #104 from TheKiteEatingTree/underline

quick fix for incorrectly underlined identifiers when using tabs
-----------------------------------------------------------------

Merge commit 42 is -> 
{ 5098d240f52630eecf3dd955acab623cdc9af625 is a merge commit
---> Commit message - Merge branch 'master' into zpm
-----------------------------------------------------------------

Merge commit 43 is -> 
{ de9983e6a5eb170ae5b1e285122491797298afa2 is a merge commit
---> Commit message - merged in zedapp/zed master
-----------------------------------------------------------------

Merge commit 44 is -> 
{ 214106d86d54c9f07fe24fa59c3a14dfb18f4e30 is a merge commit
---> Commit message - Merge branch 'zpm' of git://github.com/zedapp/zed into zedapp-zpm
-----------------------------------------------------------------

Merge commit 45 is -> 
{ 00efdfb39de7b19eb56083c17f16b484b6bbda44 is a merge commit
---> Commit message - Merge pull request #107 from robru/master

Add some basic snippets for Python.
-----------------------------------------------------------------

Merge commit 46 is -> 
{ 2b494e399a3c1954388bad885e116e052582060d is a merge commit
---> Commit message - Merge branch 'master' into zpm
-----------------------------------------------------------------

Merge commit 47 is -> 
{ 0dbe1900cbbfd87c03c1ff5634579429af48bd96 is a merge commit
---> Commit message - Merge pull request #90 from TheKiteEatingTree/zpm

Zed Package Manager
-----------------------------------------------------------------

Merge commit 48 is -> 
{ 63e001e2d805d9bcc898c21c1fc34210ed4b6bbb is a merge commit
---> Commit message - Merge branch 'zpm'
-----------------------------------------------------------------

Merge commit 49 is -> 
{ ce3c72fba0cacdf04800ca0e62428dc9974ecb3a is a merge commit
---> Commit message - Merge pull request #108 from robru/sort_selection

Add a selected line sorter to the sandbox.
-----------------------------------------------------------------

Merge commit 50 is -> 
{ 323f285d95150cd6473bcec19d76013c0f820906 is a merge commit
---> Commit message - Merge branch 'master' of github.com:zedapp/zed
-----------------------------------------------------------------

Merge commit 51 is -> 
{ 049d11728cc04ab7a0c3e566a41c895eb7600361 is a merge commit
---> Commit message - Merge pull request #117 from robru/cleanup_sort_selection

Clean up sort_selection.js
-----------------------------------------------------------------

Merge commit 52 is -> 
{ 50b8022f6a5636a62076510175cf7b148816b362 is a merge commit
---> Commit message - Merge pull request #112 from robru/patch-1

Better default keybinding for Remove Word Right
-----------------------------------------------------------------

Merge commit 53 is -> 
{ 0c39ca08b8ee2f9f0df2ffe9add97be76134d4b7 is a merge commit
---> Commit message - Merge pull request #118 from robru/patch-2

Add a toggle for trimEmptyLines preference.
-----------------------------------------------------------------

Merge commit 54 is -> 
{ 9c592ed4e90d88fddf13bc175d825f30ea07b458 is a merge commit
---> Commit message - Merge branch 'master' of github.com:zedapp/zed
-----------------------------------------------------------------

Merge commit 55 is -> 
{ d05471f3bab368cd04ff275cc0111fec8f4667af is a merge commit
---> Commit message - Merge branch 'master' into new-ui
-----------------------------------------------------------------

Merge commit 56 is -> 
{ 756cc419f0fd290a53caa7f72b36e8c3c876c862 is a merge commit
---> Commit message - Merge branch 'master' into trim_whitespace
-----------------------------------------------------------------

Merge commit 57 is -> 
{ 0e1a506fecef9d052477486dfb1796a735a4869e is a merge commit
---> Commit message - Merge pull request #120 from robru/patch-3

Fix Makefile filenames.
-----------------------------------------------------------------

Merge commit 58 is -> 
{ 8aa860857b07f9ce1acf2e20507edfe008e6eeed is a merge commit
---> Commit message - Merge branch 'master' into new-ui
-----------------------------------------------------------------

Merge commit 59 is -> 
{ 5fa6dfc6cb42e2b2d83e2f4d53d557a8b14eae5c is a merge commit
---> Commit message - Merge branch 'master' into trim_whitespace
-----------------------------------------------------------------

Merge commit 60 is -> 
{ 4454b71c32e20683d6b44491fdd9c1166764b894 is a merge commit
---> Commit message - Merge pull request #124 from robru/patch-4

Extremely common window-closing shortcut.
-----------------------------------------------------------------

Merge commit 61 is -> 
{ c70d47baf9b65d35083102d29d709575c47d543a is a merge commit
---> Commit message - Merge pull request #126 from robru/cursor_index

Implement getCursorIndex and setCursorIndex for the sandbox.
-----------------------------------------------------------------

Merge commit 62 is -> 
{ f7eca9fac695f478fd8b597d8220666bd66c1b84 is a merge commit
---> Commit message - Merge pull request #116 from robru/trim_whitespace

Add "Trim Whitespace" to the sandbox.
-----------------------------------------------------------------

Merge commit 63 is -> 
{ a92e80f83178c9c7dc86d77d831390f1c193001a is a merge commit
---> Commit message - Merge branch 'master' into new-ui + refactor CSS class names.

Conflicts:
	app/js/contextbar.js
-----------------------------------------------------------------

Merge commit 64 is -> 
{ 97167ee7070faf07bfefc537939f71fb5db4ab7c is a merge commit
---> Commit message - Merge branch 'master' into insert_at_cursor
-----------------------------------------------------------------

Merge commit 65 is -> 
{ ebec9d946c1e386015b735db1cc7d4dfe3438ed8 is a merge commit
---> Commit message - Merge pull request #119 from robru/insert_at_cursor

Implement session.insertAtCursor for the sandbox.
-----------------------------------------------------------------

Merge commit 66 is -> 
{ ec2552f077a47e261500e6ed099e3e151966ab71 is a merge commit
---> Commit message - Merge remote-tracking branch 'origin/master' into new-ui
-----------------------------------------------------------------

Merge commit 67 is -> 
{ 7adec34690165f27e4c64644a7693fea30245f02 is a merge commit
---> Commit message - Merge pull request #134 from robru/fullscreen_shortcut_2

More windowing commands.
-----------------------------------------------------------------

Merge commit 68 is -> 
{ a9f713f90f1f661f017a5e3779d67499abf36ba6 is a merge commit
---> Commit message - Merge pull request #133 from robru/makefile

I seriously love Makefiles.
-----------------------------------------------------------------

Merge commit 69 is -> 
{ ca298f3167bd08ce47edcfd481fd2a5620594849 is a merge commit
---> Commit message - Merge pull request #137 from TheKiteEatingTree/new-ui

Set up a user.css file to allow easy theme customization
-----------------------------------------------------------------

Merge commit 70 is -> 
{ 26cd67049bbc8cbd3ce91af0f06c2cab4201b1c9 is a merge commit
---> Commit message - Merge pull request #135 from robru/simplify_stripper

Unify the strippers.
-----------------------------------------------------------------

Merge commit 71 is -> 
{ c093bca4f6f243c9142932e0c705a5836e5aa064 is a merge commit
---> Commit message - Merge pull request #129 from robru/sandbox_togglers

Push all the preference togglers into the sandbox.
-----------------------------------------------------------------

Merge commit 72 is -> 
{ 9dfc7fa862e87cc9a89b5cd0f458c06afbc808e7 is a merge commit
---> Commit message - Merge pull request #138 from robru/global_auto_revert

Global auto revert mode, fixes #125
-----------------------------------------------------------------

Merge commit 73 is -> 
{ 8fe11de1d969ba5614680589645c469490b1f331 is a merge commit
---> Commit message - Merge branch 'new-ui' of github.com:zedapp/zed into new-ui
-----------------------------------------------------------------

Merge commit 74 is -> 
{ 44486f4197f885dd4482e292f9fbc79ae7500d5a is a merge commit
---> Commit message - Merge branch 'master' into new-ui + added default /user.css

Conflicts:
	app/js/contextbar.js
-----------------------------------------------------------------

Merge commit 75 is -> 
{ 31e2fcf5fb05b9b59205351d1d57217674ccbcb4 is a merge commit
---> Commit message - Merge pull request #127 from zedapp/new-ui

New tile bar design (and removal of editbar)
-----------------------------------------------------------------

Merge commit 76 is -> 
{ f8c6c3cbfafa3d04969aca78703056515f990c44 is a merge commit
---> Commit message - Merge pull request #140 from robru/sandbox_config_int

Allow Sandbox to control integer preferences.
-----------------------------------------------------------------

Merge commit 77 is -> 
{ 70400b9a7c4c0dfdedd779f058c8d4a669b29953 is a merge commit
---> Commit message - Merge pull request #146 from robru/patch-5

Minor simplification.
-----------------------------------------------------------------

Merge commit 78 is -> 
{ 98c1fe5cc4ee656b5f1bbdb681330c2b914b94db is a merge commit
---> Commit message - Merge pull request #143 from robru/fix_whitespace_stripping_issues

Fix the whitespace stripper with new sandbox APIs. Fixes #142
-----------------------------------------------------------------

Merge commit 79 is -> 
{ ee455aae7015f8366c012fb344119c882ca07d15 is a merge commit
---> Commit message - Merge pull request #145 from robru/make_path_optional

Default to the active session when none specified.
-----------------------------------------------------------------

Merge commit 80 is -> 
{ 8b1662194f01cb6da7daaa81080bca47becef5e3 is a merge commit
---> Commit message - Merge branch 'master' into factor-out-packages

Conflicts:
	app/js/complete.js
-----------------------------------------------------------------

Merge commit 81 is -> 
{ 69cfc727eb13812e21c84aff6f145ed911dc1040 is a merge commit
---> Commit message - Merge branch 'master' of github.com:zedapp/zed
-----------------------------------------------------------------

Merge commit 82 is -> 
{ 95c150140b965aac46afb61f00762d4186fee406 is a merge commit
---> Commit message - Merge branch 'master' into factor-out-packages
-----------------------------------------------------------------

Merge commit 83 is -> 
{ acbc89e20383bbe6fcbcdf61b00a0f367e7f0809 is a merge commit
---> Commit message - Merge branch 'master' into expanded_extension_info
-----------------------------------------------------------------

Merge commit 84 is -> 
{ 7a1a330e4c777774d684c776fad17f1672435953 is a merge commit
---> Commit message - Merge pull request #147 from robru/expanded_extension_info

Pre-emptively pass more info to the sandbox modules.
-----------------------------------------------------------------

Merge commit 85 is -> 
{ cdfcdc600e64d8a38f51e5f20bc041eef310c68f is a merge commit
---> Commit message - Merge pull request #153 from robru/cleanup_cursor_index

Reduce code duplication by calling inputables from session.js
-----------------------------------------------------------------

Merge commit 86 is -> 
{ 8ef67abf644f9d7ee739fcce0bb38345f81ab34f is a merge commit
---> Commit message - Merge branch 'master' of github.com:zedapp/zed
-----------------------------------------------------------------

Merge commit 87 is -> 
{ 7d120820e53c7551cc4c9909b0ae8ed43db44f68 is a merge commit
---> Commit message - Merge branch 'master' into factor-out-packages

Conflicts:
	app/config/default/mode/javascript.json
	app/config/default/mode/javascript/beautify.js
	app/config/default/mode/javascript/check.js
	app/config/default/mode/javascript/ctags.js
	app/config/default/mode/json.json
	app/config/default/mode/json/check.js
-----------------------------------------------------------------

Merge commit 88 is -> 
{ fde9bc2d9864231d0292522c5c8ec6f4f0b1488a is a merge commit
---> Commit message - Merge pull request #148 from zedapp/factor-out-packages

Factor out a few packages
-----------------------------------------------------------------

Merge commit 89 is -> 
{ 5e830f2176efcf1b80744047ee018ee2fd0e7052 is a merge commit
---> Commit message - Merge pull request #154 from TheKiteEatingTree/liveReloadTheme

Live reload theme CSS
-----------------------------------------------------------------

Merge commit 90 is -> 
{ 6564c4ca47438d9b6c67cb9765268ef5a797739e is a merge commit
---> Commit message - Merge pull request #158 from TheKiteEatingTree/autoIndent

Added option to auto indent on paste
-----------------------------------------------------------------

Merge commit 91 is -> 
{ 1fd6a3a8eb79918972de07ae5d6c4a6da445fb19 is a merge commit
---> Commit message - Merge pull request #160 from TheKiteEatingTree/autoIndent

autoIndentOnPaste when first line has leading whitespace
-----------------------------------------------------------------

Merge commit 92 is -> 
{ 1e6d8cad216f25d6aeb05ec7b63ed9d4e3bf0d53 is a merge commit
---> Commit message - Merge pull request #161 from zedapp/promises

Refactor all sandbox code to use promises
-----------------------------------------------------------------

Merge commit 93 is -> 
{ c90988867522d5fe5e6348f04f7244ee059786a5 is a merge commit
---> Commit message - Merge pull request #162 from TheKiteEatingTree/findCaseInsensitive

Added command to do a case insensitive find
-----------------------------------------------------------------

Merge commit 94 is -> 
{ 7996cd3a94a11c87dcd7d2dc248ff13e373eccf0 is a merge commit
---> Commit message - Merge pull request #163 from TheKiteEatingTree/autoIndentFix

Fixed auto indent on paste when pasting over a selection
-----------------------------------------------------------------

Merge commit 95 is -> 
{ 26ff3630de55de929e54ec1baa879669cac50a1e is a merge commit
---> Commit message - Merge branch 'master' of github.com:zedapp/zed
-----------------------------------------------------------------

Merge commit 96 is -> 
{ de1d75358d7bc7e7c039820233c2be9a748f4f18 is a merge commit
---> Commit message - Merge remote-tracking branch 'origin/master' into architect

Conflicts:
	app/config/all
	app/js/editor.js
-----------------------------------------------------------------

Merge commit 97 is -> 
{ cea186c2457e9e462b5c5816acab7cc796c543f3 is a merge commit
---> Commit message - Merge pull request #166 from zedapp/architect

Work in progress: architect refactoring
-----------------------------------------------------------------

Merge commit 98 is -> 
{ bd218c12af7d2e7d2368f7844b74aef7fe598401 is a merge commit
---> Commit message - Merge pull request #167 from TheKiteEatingTree/getText

Fix for session.getText api
-----------------------------------------------------------------

Merge commit 99 is -> 
{ 29de47da1c3ffe84814b709c5fc15e28bda68cd0 is a merge commit
---> Commit message - Merge pull request #179 from wpapper/master

Fixed the error message for an outdated Zed server
-----------------------------------------------------------------

Merge commit 100 is -> 
{ 93a826b2ef41e2ec3589674276eb4b19b9aa8637 is a merge commit
---> Commit message - Merge remote-tracking branch 'origin/master' into standalone
-----------------------------------------------------------------

Merge commit 101 is -> 
{ d20fe118acda4fedece88b7bc439bf61cf5b4f5b is a merge commit
---> Commit message - Merge pull request #188 from kingosticks/master

Docs: Example "zed" mode config should be under a "zed" key
-----------------------------------------------------------------

Merge commit 102 is -> 
{ 493619bde4c98bc018e5e503030322c96b6b1d50 is a merge commit
---> Commit message - Merge upstream master.
-----------------------------------------------------------------

Merge commit 103 is -> 
{ 5546b1099dcf6fb75fd41f06db021bcaab337030 is a merge commit
---> Commit message - Merge branch 'master' of github.com:zedapp/zed
-----------------------------------------------------------------

Merge commit 104 is -> 
{ c148836350212597de6b4a1b7493a7cc90fca962 is a merge commit
---> Commit message - Merge pull request #197 from wpapper/master

Include "scss" as an extension for Sass
-----------------------------------------------------------------

Merge commit 105 is -> 
{ d371a95e9dff15232209c64e78b6fec14ab9582e is a merge commit
---> Commit message - Merge pull request #198 from netzwerg/master

Support Scala syntax highlighting
-----------------------------------------------------------------

Merge commit 106 is -> 
{ 4ae06150c314a4481cf0134c034335c1d3ccfd82 is a merge commit
---> Commit message - Merge pull request #168 from robru/extension-mode-performance

Performance enhancements for getModeForSession.
-----------------------------------------------------------------

Merge commit 107 is -> 
{ 737b17da42bd98aae85bc9d5c9f24b3e4e434aa5 is a merge commit
---> Commit message - Merge pull request #195 from robru/fix-newline-appendage

Allow sandbox plugins to call commands. Closes #186.
-----------------------------------------------------------------

Merge commit 108 is -> 
{ 1fe43887f2b5e22473f241a308971928afe1258b is a merge commit
---> Commit message - Merge pull request #200 from robru/describe-commands

Describe commands
-----------------------------------------------------------------

Merge commit 109 is -> 
{ e549135a748ade8e04f56f54492d03f92462c02a is a merge commit
---> Commit message - Merge pull request #203 from ismail-s/patch-1

Fix spelling mistake
-----------------------------------------------------------------

Merge commit 110 is -> 
{ 5a3aa287d2391964ede17da1aa11ebc6c13a0e9a is a merge commit
---> Commit message - Merge branch 'master' into describe-commands
-----------------------------------------------------------------

Merge commit 111 is -> 
{ 85160e7d77725b70080f688996cc76b49eeb4cc6 is a merge commit
---> Commit message - Merge pull request #213 from robru/document-statistics

Implement a basic document statistics tabulator. (Fixes #211)
-----------------------------------------------------------------

Merge commit 112 is -> 
{ 3ef912de90096a6b20cd69b893c7ca1bff6ae286 is a merge commit
---> Commit message - Merge pull request #210 from wpapper/master

Added SCSS as a separate mode
-----------------------------------------------------------------

Merge commit 113 is -> 
{ 8db9f8fd648d5e883612d623bdc1c62af24e908f is a merge commit
---> Commit message - Merge pull request #212 from TheKiteEatingTree/indentFix

Bug Fix for autoIndentOnPaste
-----------------------------------------------------------------

Merge commit 114 is -> 
{ 8309c6d3552e5364662e8c004849b3b68ea8ca8e is a merge commit
---> Commit message - Rebase on upstream master.
-----------------------------------------------------------------

Merge commit 115 is -> 
{ aa12eeb5ab8467cc0cce0c4b68d42c2444cb34f7 is a merge commit
---> Commit message - Merge pull request #220 from robru/fix-newline-appendage-again

Only move cursor left if cursor is on last line. Fixes #186.
-----------------------------------------------------------------

Merge commit 116 is -> 
{ 72581826ab420a994a358746049cbd3d93eb4b03 is a merge commit
---> Commit message - Merge pull request #207 from robru/describe-commands

Inline documentation for Zed commands.
-----------------------------------------------------------------

Merge commit 117 is -> 
{ 8b48b8e5691e0a31e4229679c474cde591f17d75 is a merge commit
---> Commit message - Merge branch 'master' of github.com:zedapp/zed
-----------------------------------------------------------------

Merge commit 118 is -> 
{ 13c53f7097c1c37424d665413c2318ae1faa30b2 is a merge commit
---> Commit message - Merge pull request #226 from themalkolm/patch-2

Don't split string just for counting "\n"
-----------------------------------------------------------------

Merge commit 119 is -> 
{ e5b88e768907f659a402ff6b630d3ef1368ed5ce is a merge commit
---> Commit message - Merge pull request #222 from robru/command-reference-fold-helpers

Add fold and unfold buttons at the top of the command reference.
-----------------------------------------------------------------

Merge commit 120 is -> 
{ a400c0360b781b5ae3153d8f9309d5d2a967df65 is a merge commit
---> Commit message - Merge pull request #223 from robru/sandbox-goto-commands

Add a basic goto extension in the sandbox.
-----------------------------------------------------------------

Merge commit 121 is -> 
{ 9cac63b5ef8464cce0d1ea4b207a392cb7662186 is a merge commit
---> Commit message - Merge pull request #221 from robru/heading-theme-tweak

Change heading display in zed dark theme.
-----------------------------------------------------------------

Merge commit 122 is -> 
{ 20b5b3fe9a5a1c7de2ea9a111e558d44305945b2 is a merge commit
---> Commit message - Merge branch 'master' of github.com:zedapp/zed
-----------------------------------------------------------------

Merge commit 123 is -> 
{ bb2a063b40f3944cc11199c711f17960dbe73208 is a merge commit
---> Commit message - Merge pull request #237 from mrolla/add_nw_reload_command

Added reload command.
-----------------------------------------------------------------

Merge commit 124 is -> 
{ 3e895e22ee2892cedc837a7b3e396f6ae4169125 is a merge commit
---> Commit message - Merge pull request #239 from robru/patch-6

Make F5 key reload filelist.
-----------------------------------------------------------------

Merge commit 125 is -> 
{ 39f7addd81ffd83d43964c9bbfcd39002928092b is a merge commit
---> Commit message - Merge pull request #245 from iElectric/copy_file

Add File:Copy command
-----------------------------------------------------------------

Merge commit 126 is -> 
{ 79c6d7dcd9efcd5bae00346ee8c952d92f805c02 is a merge commit
---> Commit message - Merge pull request #251 from tfwright/config-path

App name fix
-----------------------------------------------------------------

Merge commit 127 is -> 
{ 9fe07c777468ce243356cc3468f0870e3241a9d0 is a merge commit
---> Commit message - Merge pull request #249 from gholtsla/master

Adding default support for .scss files using SCSS ACE mode
-----------------------------------------------------------------

Merge commit 128 is -> 
{ 082288fffdd14bcefb734114dc3f6d5c62b99027 is a merge commit
---> Commit message - Merge pull request #247 from robru/patch-7

Add missing doc string for new File:Copy command.
-----------------------------------------------------------------

Merge commit 129 is -> 
{ 18b73dc387d1152dd2f0bbe5d741dfd4f6103ef7 is a merge commit
---> Commit message - Merge pull request #255 from conradz/csslint-options

Add option to turn off specific CSSLint rules
-----------------------------------------------------------------

Merge commit 130 is -> 
{ 510eeeca2fafb753fbb402c232b0a803c0673a1e is a merge commit
---> Commit message - Merge pull request #1 from zedapp/master

Updating to the latest master
-----------------------------------------------------------------

Merge commit 131 is -> 
{ 3bb3eb970c65c9b25113773600f61821b1380764 is a merge commit
---> Commit message - Merge pull request #263 from robru/patch-8

High performance line counting for Zed.
-----------------------------------------------------------------

Merge commit 132 is -> 
{ c6d66d4198230d10cf8e4903fb010802f685c352 is a merge commit
---> Commit message - Merge pull request #262 from maninalift/gittip-badge

add gittip badge
-----------------------------------------------------------------

Merge commit 133 is -> 
{ fc2fd1ab79502090a038721b3384f57490abdfd8 is a merge commit
---> Commit message - Merge pull request #259 from gholtsla/master

Added ctag indexing support for Python
-----------------------------------------------------------------

Merge commit 134 is -> 
{ c8734331904b122b33af91e7b6421ed654676b97 is a merge commit
---> Commit message - Merge pull request #264 from nightwing/master

Add support for setting ace keybinding
-----------------------------------------------------------------

Merge commit 135 is -> 
{ 1e145aa43a60961a1034134bcfc95133d3a8453d is a merge commit
---> Commit message - Merge pull request #270 from robru/patch-9

Add newline when saving user prefs.
-----------------------------------------------------------------

Merge commit 136 is -> 
{ 424ec0502443d5764c2d61c7984f69168a8d2a54 is a merge commit
---> Commit message - Merge pull request #279 from jonhoo/patch-1

Trim and center SVG
-----------------------------------------------------------------

Merge commit 137 is -> 
{ 1ad52cf877a5791bf14d8023c06b92e196a2d6fe is a merge commit
---> Commit message - Merge pull request #280 from gholtsla/master

Styling Markdown (and other) previews with Twitter's Bootstrap
-----------------------------------------------------------------

Merge commit 138 is -> 
{ d90142dd7b4a742247df20a9e66797b1c641cffd is a merge commit
---> Commit message - Merge pull request #282 from robru/show-fold-widgets

Command to toggle Fold Widgets.
-----------------------------------------------------------------

Merge commit 139 is -> 
{ 9527d05b539d641287dfa3ba17adf103800bde7a is a merge commit
---> Commit message - Merge pull request #281 from robru/patch-10

Download nw before trying to build it.
-----------------------------------------------------------------

Merge commit 140 is -> 
{ 0f1b174cb0f5a433451315c491b10a091de9356e is a merge commit
---> Commit message - Merge pull request #291 from maninalift/gitignore-nw-app

add nw/app.nw to gitignore
-----------------------------------------------------------------

Merge commit 141 is -> 
{ 8ced166460885f5af3ca17a0045fe18069916953 is a merge commit
---> Commit message - Merge pull request #288 from maninalift/livescript-mode

add livescript mode - take 2
-----------------------------------------------------------------

Merge commit 142 is -> 
{ b526d9066e4f0638bfb5cd5b6ddce00fd414b4a0 is a merge commit
---> Commit message - Merge pull request #252 from eltuerto/master

Fixes #176
-----------------------------------------------------------------

Merge commit 143 is -> 
{ 50fca64bfdcf3420ed7c0c2888154c477a343fd1 is a merge commit
---> Commit message - Merge pull request #297 from calebmpeterson/master

default language mode for Groovy
-----------------------------------------------------------------

Merge commit 144 is -> 
{ 8b77c4bd62d4dae8efc7deaa62037c5d3cad1c8d is a merge commit
---> Commit message - Merge pull request #301 from conradz/jsx-mode

Add JSX mode definition
-----------------------------------------------------------------

Merge commit 145 is -> 
{ 38d169b8dfac58c0629336a4c41304aa73827ef0 is a merge commit
---> Commit message - Merge pull request #300 from surma-dump/feature/trim-url

Trim whitespace from remote URLs
-----------------------------------------------------------------

Merge commit 146 is -> 
{ d883c92c4cd38efc358a8f080a61f250fa408a36 is a merge commit
---> Commit message - Merge pull request #296 from zedapp/new-auto-save

New implementation of auto save
-----------------------------------------------------------------

Merge commit 147 is -> 
{ 45ed01460eb92b90da855d5a31769cc671dc1d33 is a merge commit
---> Commit message - Merge pull request #305 from TheKiteEatingTree/scrollPastEnd

Added Option to allow scrolling past the end of a file
-----------------------------------------------------------------

Merge commit 148 is -> 
{ dde24a7ad8ac129dc8655e89ccb973f86a3abb7e is a merge commit
---> Commit message - Merge pull request #306 from robru/easier-theming

Define the top edge of the editor area in a theme-friendly way.
-----------------------------------------------------------------

Merge commit 149 is -> 
{ 67d2a62a730b4335f2eeb7ff4b0a6d82037c30e0 is a merge commit
---> Commit message - Merge pull request #307 from zedapp/analytics

Added Google Analytics integration
-----------------------------------------------------------------

Merge commit 150 is -> 
{ 0085bbe812bc055c6fee5b7a5efd4d456ae0f11b is a merge commit
---> Commit message - Merge pull request #308 from benatkin/patch-1

use dashes to separate keys in multi-key combination
-----------------------------------------------------------------

Merge commit 151 is -> 
{ 287e38e8b159118da4f9d4f596d86540a1a7c2fb is a merge commit
---> Commit message - Merge pull request #320 from conradz/zpm-urls

Fix ZPM urls to use githubusercontent.com and remove trailing slash
-----------------------------------------------------------------

Merge commit 152 is -> 
{ 619f94cc3fef780373559e9d727c54dfdc8b516f is a merge commit
---> Commit message - Merge pull request #312 from robru/periodically-update-ace

Automatically re-fetch app/ace when it is more than one month old.
-----------------------------------------------------------------

Merge commit 153 is -> 
{ 6ead948641b1391a26511997e13a1056e32a77fb is a merge commit
---> Commit message - Merge pull request #327 from timothyrenner/master

Added syntax highlighting for Matlab.
-----------------------------------------------------------------

Merge commit 154 is -> 
{ 58cfb8aef2edf48edaa036fdc95fec94e50e757a is a merge commit
---> Commit message - Merge branch 'master' of github.com:zedapp/zed
-----------------------------------------------------------------

Merge commit 155 is -> 
{ 7cfd0885ef90503eba0b319b3350451d665eb7aa is a merge commit
---> Commit message - Merge pull request #332 from thebishopgame/master

Enable additional multiple cursor features
-----------------------------------------------------------------

Merge commit 156 is -> 
{ ad6574fb6bedc83e496d421d11ed64dd22e2318c is a merge commit
---> Commit message - Merge pull request #338 from rainabba/patch-1

Update search_replace.md verbage to clarify some of find/replace for users not familiar with Ace shortcuts
-----------------------------------------------------------------

Merge commit 157 is -> 
{ 0b1e6e78cc6a58d7c3baab700bf80fc075369c80 is a merge commit
---> Commit message - Merge pull request #335 from nightwing/master

Fix emacs mode
-----------------------------------------------------------------

Merge commit 158 is -> 
{ f3dc8bfaed71d79d9582883c6752ce5d41f8cb3c is a merge commit
---> Commit message - Merge pull request #348 from robru/patch-11

Don't strip whitespace in Markdown. Fixes #347
-----------------------------------------------------------------

Merge commit 159 is -> 
{ 2b6015bb50196a97a4aeb4e0f60524739ed457d0 is a merge commit
---> Commit message - Merge pull request #353 from dylanmei/mac_fullscreen_keys

Fullscreen key combo on a mac is Command+Ctrl+F
-----------------------------------------------------------------

Merge commit 160 is -> 
{ 1f69c086917654cd2a60e116ffc931bd87685119 is a merge commit
---> Commit message - Merge pull request #354 from chenxsan/master

add syntax highlighting for handlebars
-----------------------------------------------------------------

Merge commit 161 is -> 
{ 4691b91eba9c5acb143a4035ecea68c60e100186 is a merge commit
---> Commit message - Merge pull request #363 from akoenig/api-http-post

Sandbox: HTTP POST extension
-----------------------------------------------------------------

Merge commit 162 is -> 
{ 989db8bcedf0e101b0f4d6c5f81ee5b47f7a245e is a merge commit
---> Commit message - Merge pull request #364 from akoenig/api-post-bugfix

Fixed promise definition.
-----------------------------------------------------------------

Merge commit 163 is -> 
{ 0bd3b1116afb0df4904e63fef12c8dcd809bb17e is a merge commit
---> Commit message - Merge pull request #365 from akoenig/api-post-bugfix

Removed dupe.
-----------------------------------------------------------------

Merge commit 164 is -> 
{ 44212a730cf4bf7d7fe229a52353750157ddc149 is a merge commit
---> Commit message - Merge pull request #366 from akoenig/webworker-rejection-fix

Webworker rejection fix
-----------------------------------------------------------------

Merge commit 165 is -> 
{ 5641f0fc5df4e87b24925760a2846a005031d24f is a merge commit
---> Commit message - Merge pull request #367 from akoenig/api-http-verbs

Extended the HTTP API for performing PUT and DELETE requests.
-----------------------------------------------------------------

Merge commit 166 is -> 
{ 47298b89589a51cea70af8675e0ff97efb258702 is a merge commit
---> Commit message - Merge pull request #368 from akoenig/api-alignment

Updated ZPM to match the new API definition in the HTTP API layer.
-----------------------------------------------------------------

Merge commit 167 is -> 
{ 55eda6f3b43993a2cd4cff68eb93063cf3904845 is a merge commit
---> Commit message - Merge pull request #380 from akoenig/http-data-type-fix

Fixed `dataType` in HTTP GET API.
-----------------------------------------------------------------

Merge commit 168 is -> 
{ 09d608f023a6f2c3f15b29f513c79aefe735019f is a merge commit
---> Commit message - Merge pull request #381 from akoenig/http-header-conversion

Conversion of the HTTP response headers
-----------------------------------------------------------------

Merge commit 169 is -> 
{ 5e164101f671a68c252d349b0e15cfcbb00ee938 is a merge commit
---> Commit message - Merge pull request #383 from akoenig/api-open-preview

API: Open a preview pane from within a package.
-----------------------------------------------------------------

Merge commit 170 is -> 
{ 7043aac22d671ff42429a875bfac6cfda91baad4 is a merge commit
---> Commit message - Merge pull request #394 from TheKiteEatingTree/rename

Rename file fixes
-----------------------------------------------------------------

Merge commit 171 is -> 
{ f197c3c1c94bbe2bb8cb648c7ec2fb58ab19baa1 is a merge commit
---> Commit message - Merge pull request #406 from madmann91/patch-1

Create glsl.json
-----------------------------------------------------------------

Merge commit 172 is -> 
{ c041009efd896e9474f3c2f08e9283460716fac8 is a merge commit
---> Commit message - Merge pull request #404 from lalomartins/stylus-mode

added/enabled Stylus mode
-----------------------------------------------------------------

Merge commit 173 is -> 
{ a281090f15981417b5e8e7af85068f5e512cffc1 is a merge commit
---> Commit message - Merge pull request #407 from farnoy/master

[fs/local] read directory entries until depleted
-----------------------------------------------------------------

Merge commit 174 is -> 
{ 6c6f334f5702310658fd5be6ba395d5c09f56d63 is a merge commit
---> Commit message - Merge pull request #409 from farnoy/base16-default

add base16-default theme
-----------------------------------------------------------------

Merge commit 175 is -> 
{ c340ca2b4aa13868415bf2f56f1f426c9fab8819 is a merge commit
---> Commit message - Merge branch 'promise' of github.com:zedapp/zed into promise
-----------------------------------------------------------------

Merge commit 176 is -> 
{ 7c0d93a693f4f6cc608a63e95f6ac3c84d298f48 is a merge commit
---> Commit message - Merge pull request #410 from lalomartins/gherkin-mode

Gherkin (Cucumber feature definition) mode
-----------------------------------------------------------------

Merge commit 177 is -> 
{ 0a79ac1e2ccec747cdba640b7d4a11bea920311c is a merge commit
---> Commit message - Merge pull request #421 from cessen/master

Improved C++ symbol indexing support.
-----------------------------------------------------------------

Merge commit 178 is -> 
{ 3f14ef5b74fe6db3c0981641fe7147d3daa78079 is a merge commit
---> Commit message - Merge pull request #426 from 11684/master

Fixed typo in config/default/keys.json
-----------------------------------------------------------------

Merge commit 179 is -> 
{ f79c8655649434da95c02ce62dd80b138a0e69ee is a merge commit
---> Commit message - Merge branch 'github'
-----------------------------------------------------------------

Merge commit 180 is -> 
{ fce58c503d2aba3248fddeb7a98aa253d70dd5dc is a merge commit
---> Commit message - Merge pull request #430 from knitatoms/patch-1

Exclude git and DS_Store when not in project root
-----------------------------------------------------------------

Merge commit 181 is -> 
{ e7ee713fcb97d6ff16c168d0e7f6079c334d17cc is a merge commit
---> Commit message - Merge pull request #438 from TheKiteEatingTree/scrollbars

Toggle Native Scroll Bars
-----------------------------------------------------------------

Merge commit 182 is -> 
{ d73322ef38fcfde99e77adc99c690eb63209bc45 is a merge commit
---> Commit message - Merge pull request #444 from zedapp/unified

Unified UI and other tweaks
-----------------------------------------------------------------

Merge commit 183 is -> 
{ 2ff006a07fe9c3c3428b374feb136978103cc9ea is a merge commit
---> Commit message - Merge pull request #452 from lalomartins/all-ace-modules

All ace modules
-----------------------------------------------------------------

Merge commit 184 is -> 
{ db37925bc9805c77a4efff71c6535c903eddbff8 is a merge commit
---> Commit message - Merge pull request #454 from lalomartins/makefile-fix-maybe

Explicitly make node_modules depend on package.json
-----------------------------------------------------------------

Merge commit 185 is -> 
{ 2c978a8a41fe5c1a56a05f9e688bfc2a7eecb1d5 is a merge commit
---> Commit message - Merge pull request #456 from nightwing/master

Fix mouse ux  issues
-----------------------------------------------------------------

Merge commit 186 is -> 
{ 6b672bfc5a323168dadf94fb1b04beb96a3e391a is a merge commit
---> Commit message - Merge pull request #459 from TheKiteEatingTree/restoreWindow

hack to get restoring window size and position to work in linux
-----------------------------------------------------------------

