# of reverts = 11
Revert diff pair 1 is -> 
{ c208ffc698a1887aafef74db11e772ac693ed279 -> 7db127d4eaba650f325dd8895031f78db81fb956 } is a revert
{ 352fc23930b0dac7962c2f011ae98565dcefc74f -> deb78875a5e61f3f3d0f6284def22b2bc4052329 }
Revert commits SHA are -> 
7db127d4eaba650f325dd8895031f78db81fb956 - revert - deb78875a5e61f3f3d0f6284def22b2bc4052329
---> The reverted commit sha is - 7db127d4eaba650f325dd8895031f78db81fb956
Commit message - Promote github projects
---> The original commit sha is - deb78875a5e61f3f3d0f6284def22b2bc4052329
Commit message - Promote github projects
-----------------------------------------------------------------

Revert diff pair 2 is -> 
{ 7e84ffc4a281a36f0734a3edbd349e475842deb7 -> f7461a3948045d196da3c189787c77e0fc2eb7c5 } is a revert
{ f7461a3948045d196da3c189787c77e0fc2eb7c5 -> 22180f5dcedff2253eb9a1bcbe52d6060cafda2e }
Revert commits SHA are -> 
f7461a3948045d196da3c189787c77e0fc2eb7c5 - revert - 22180f5dcedff2253eb9a1bcbe52d6060cafda2e
---> The reverted commit sha is - f7461a3948045d196da3c189787c77e0fc2eb7c5
Commit message - Fixes beautification of selection.
---> The original commit sha is - 22180f5dcedff2253eb9a1bcbe52d6060cafda2e
Commit message - Perl more concise than python for date logic.
-----------------------------------------------------------------

Revert diff pair 3 is -> 
{ e0f7262be32b5e452cee1c6bfa39c01dbe78d451 -> 03466c6710efbf3645ca310f5e805663e4c2dc0d } is a revert
{ 03466c6710efbf3645ca310f5e805663e4c2dc0d -> 79c6d7dcd9efcd5bae00346ee8c952d92f805c02 }
Revert commits SHA are -> 
03466c6710efbf3645ca310f5e805663e4c2dc0d - revert - 79c6d7dcd9efcd5bae00346ee8c952d92f805c02
---> The reverted commit sha is - 03466c6710efbf3645ca310f5e805663e4c2dc0d
Commit message - Fixes #176
---> The original commit sha is - 79c6d7dcd9efcd5bae00346ee8c952d92f805c02
Commit message - Merge pull request #251 from tfwright/config-path

App name fix
-----------------------------------------------------------------

Revert diff pair 4 is -> 
{ 72581826ab420a994a358746049cbd3d93eb4b03 -> 46221016573471a5cf904dc5c11addaaad367998 } is a revert
{ 210c0e4607d36f70bfd8d4c8f1e6150ea0cee42d -> 62d64bd093b4d2c28a143ba5e62f99cbd7775925 }
Revert commits SHA are -> 
46221016573471a5cf904dc5c11addaaad367998 - revert - 62d64bd093b4d2c28a143ba5e62f99cbd7775925
---> The reverted commit sha is - 46221016573471a5cf904dc5c11addaaad367998
Commit message - Change heading display in zed dark theme.
---> The original commit sha is - 62d64bd093b4d2c28a143ba5e62f99cbd7775925
Commit message - Revert "Change heading display in zed dark theme."

This reverts commit 46221016573471a5cf904dc5c11addaaad367998.
-----------------------------------------------------------------

Revert diff pair 5 is -> 
{ a400c0360b781b5ae3153d8f9309d5d2a967df65 -> 9cac63b5ef8464cce0d1ea4b207a392cb7662186 } is a revert
{ 210c0e4607d36f70bfd8d4c8f1e6150ea0cee42d -> 62d64bd093b4d2c28a143ba5e62f99cbd7775925 }
Revert commits SHA are -> 
9cac63b5ef8464cce0d1ea4b207a392cb7662186 - revert - 62d64bd093b4d2c28a143ba5e62f99cbd7775925
---> The reverted commit sha is - 9cac63b5ef8464cce0d1ea4b207a392cb7662186
Commit message - Merge pull request #221 from robru/heading-theme-tweak

Change heading display in zed dark theme.
---> The original commit sha is - 62d64bd093b4d2c28a143ba5e62f99cbd7775925
Commit message - Revert "Change heading display in zed dark theme."

This reverts commit 46221016573471a5cf904dc5c11addaaad367998.
-----------------------------------------------------------------

Revert diff pair 6 is -> 
{ 356f50b32bd7c565839720bc3ac7fe2ebdfa141f -> 13c53f7097c1c37424d665413c2318ae1faa30b2 } is a revert
{ 20ff99ff6b4ce33c6cef452abe3e1088d6953051 -> 8ea5631945d526385f338eea461b2a344a013871 }
Revert commits SHA are -> 
13c53f7097c1c37424d665413c2318ae1faa30b2 - revert - 8ea5631945d526385f338eea461b2a344a013871
---> The reverted commit sha is - 13c53f7097c1c37424d665413c2318ae1faa30b2
Commit message - Merge pull request #226 from themalkolm/patch-2

Don't split string just for counting "\n"
---> The original commit sha is - 8ea5631945d526385f338eea461b2a344a013871
Commit message - Revert "Don't split string just for counting "\n""

This reverts commit e50a29281e679a3906de0fc37d2b213b75d040ee.
-----------------------------------------------------------------

Revert diff pair 7 is -> 
{ b995825d2db97b4258d64b03e56547417c31f834 -> b4ca903e99feb565d0880463f50ffe81322f7ef3 } is a revert
{ b4ca903e99feb565d0880463f50ffe81322f7ef3 -> 70400b9a7c4c0dfdedd779f058c8d4a669b29953 }
Revert commits SHA are -> 
b4ca903e99feb565d0880463f50ffe81322f7ef3 - revert - 70400b9a7c4c0dfdedd779f058c8d4a669b29953
---> The reverted commit sha is - b4ca903e99feb565d0880463f50ffe81322f7ef3
Commit message - Pre-emptively pass more info to the sandbox modules.
---> The original commit sha is - 70400b9a7c4c0dfdedd779f058c8d4a669b29953
Commit message - Merge pull request #146 from robru/patch-5

Minor simplification.
-----------------------------------------------------------------

Revert diff pair 8 is -> 
{ 2b494e399a3c1954388bad885e116e052582060d -> 0dbe1900cbbfd87c03c1ff5634579429af48bd96 } is a revert
{ 0dbe1900cbbfd87c03c1ff5634579429af48bd96 -> 63e001e2d805d9bcc898c21c1fc34210ed4b6bbb }
Revert commits SHA are -> 
0dbe1900cbbfd87c03c1ff5634579429af48bd96 - revert - 63e001e2d805d9bcc898c21c1fc34210ed4b6bbb
---> The reverted commit sha is - 0dbe1900cbbfd87c03c1ff5634579429af48bd96
Commit message - Merge pull request #90 from TheKiteEatingTree/zpm

Zed Package Manager
---> The original commit sha is - 63e001e2d805d9bcc898c21c1fc34210ed4b6bbb
Commit message - Merge branch 'zpm'
-----------------------------------------------------------------

Revert diff pair 9 is -> 
{ 0f01195940c9baccbcf3fb651368bb103b2a8449 -> cceed6f29de6e5dae790beb360cd6468f25ccc80 } is a revert
{ cceed6f29de6e5dae790beb360cd6468f25ccc80 -> f3aa1b3c964821fed00b50dafd79e67462d4df0d }
Revert commits SHA are -> 
cceed6f29de6e5dae790beb360cd6468f25ccc80 - revert - f3aa1b3c964821fed00b50dafd79e67462d4df0d
---> The reverted commit sha is - cceed6f29de6e5dae790beb360cd6468f25ccc80
Commit message - Replace underscore.js with lo-dash.js
---> The original commit sha is - f3aa1b3c964821fed00b50dafd79e67462d4df0d
Commit message - Revert "Replace underscore.js with lo-dash.js"

This reverts commit cceed6f29de6e5dae790beb360cd6468f25ccc80.
-----------------------------------------------------------------

Revert diff pair 10 is -> 
{ f91dd6632c806650a76909744f9a4a6cd5902d9a -> 0457f23be2df64337ebcc1ad5c7bd08cb218d14e } is a revert
{ 0457f23be2df64337ebcc1ad5c7bd08cb218d14e -> 6bfc216240e023a6c17a2a7536b726cdbe21ed4d }
Revert commits SHA are -> 
0457f23be2df64337ebcc1ad5c7bd08cb218d14e - revert - 6bfc216240e023a6c17a2a7536b726cdbe21ed4d
---> The reverted commit sha is - 0457f23be2df64337ebcc1ad5c7bd08cb218d14e
Commit message - Revert "node-webkit refactor."

This reverts commit f91dd6632c806650a76909744f9a4a6cd5902d9a.
---> The original commit sha is - 6bfc216240e023a6c17a2a7536b726cdbe21ed4d
Commit message - Revert "Revert "node-webkit refactor.""

This reverts commit 0457f23be2df64337ebcc1ad5c7bd08cb218d14e.
-----------------------------------------------------------------

Revert diff pair 11 is -> 
{ 12e12cbab980713977509346e226999a0ff4c6f2 -> f91dd6632c806650a76909744f9a4a6cd5902d9a } is a revert
{ f91dd6632c806650a76909744f9a4a6cd5902d9a -> 0457f23be2df64337ebcc1ad5c7bd08cb218d14e }
Revert commits SHA are -> 
f91dd6632c806650a76909744f9a4a6cd5902d9a - revert - 0457f23be2df64337ebcc1ad5c7bd08cb218d14e
---> The reverted commit sha is - f91dd6632c806650a76909744f9a4a6cd5902d9a
Commit message - node-webkit refactor.
---> The original commit sha is - 0457f23be2df64337ebcc1ad5c7bd08cb218d14e
Commit message - Revert "node-webkit refactor."

This reverts commit f91dd6632c806650a76909744f9a4a6cd5902d9a.
-----------------------------------------------------------------

