# of cherry-picks = 39
Cherry-pick diff pair 1 is -> 
{ 2c978a8a41fe5c1a56a05f9e688bfc2a7eecb1d5 -> 8c73e2b533dde87412ca8cf1f72ebefc2b594305 } is a cherrypick
{ 1fd6339586300c0db476976f9477525977ef120b -> 6b672bfc5a323168dadf94fb1b04beb96a3e391a }
Cherrypick commits SHA are -> 
8c73e2b533dde87412ca8cf1f72ebefc2b594305 - cherrypick - 6b672bfc5a323168dadf94fb1b04beb96a3e391a
---> The cherrypicked commit sha is - 8c73e2b533dde87412ca8cf1f72ebefc2b594305
Commit message - hack to get restoring window size and position to work in linux
---> The original commit sha is - 6b672bfc5a323168dadf94fb1b04beb96a3e391a
Commit message - Merge pull request #459 from TheKiteEatingTree/restoreWindow

hack to get restoring window size and position to work in linux
-----------------------------------------------------------------

Cherry-pick diff pair 2 is -> 
{ c208ffc698a1887aafef74db11e772ac693ed279 -> 7db127d4eaba650f325dd8895031f78db81fb956 } is a cherrypick
{ 352fc23930b0dac7962c2f011ae98565dcefc74f -> deb78875a5e61f3f3d0f6284def22b2bc4052329 }
Cherrypick commits SHA are -> 
7db127d4eaba650f325dd8895031f78db81fb956 - cherrypick - deb78875a5e61f3f3d0f6284def22b2bc4052329
---> The cherrypicked commit sha is - 7db127d4eaba650f325dd8895031f78db81fb956
Commit message - Promote github projects
---> The original commit sha is - deb78875a5e61f3f3d0f6284def22b2bc4052329
Commit message - Promote github projects
-----------------------------------------------------------------

Cherry-pick diff pair 3 is -> 
{ 0bd047fd24753cd53519963ef4cd5e06933de485 -> cbd507595033690cf4c4f8395d9dfcce323a1775 } is a cherrypick
{ 31bcdcdde6be9bfc24897bb207350d69ec4216e6 -> b52f8fc5324aa2fd09086b0c3f8120c209f343f9 }
Cherrypick commits SHA are -> 
cbd507595033690cf4c4f8395d9dfcce323a1775 - cherrypick - b52f8fc5324aa2fd09086b0c3f8120c209f343f9
---> The cherrypicked commit sha is - cbd507595033690cf4c4f8395d9dfcce323a1775
Commit message - Moved the zedrem user key into the token store so it's not visible in
your user preferences.
Important:
* The "zedrem"/* preferences will now be ignored (you can remove it)
* A new user key will be generated, retrieve it with the
  "Configuration:Zedrem:Get User Key" command
* To change the zedrem server to connect to, override the "zedremServer"
  preference.
---> The original commit sha is - b52f8fc5324aa2fd09086b0c3f8120c209f343f9
Commit message - Moved the zedrem user key into the token store so it's not visible in
your user preferences.
Important:
* The "zedrem"/* preferences will now be ignored (you can remove it)
* A new user key will be generated, retrieve it with the
  "Configuration:Zedrem:Get User Key" command
* To change the zedrem server to connect to, override the "zedremServer"
  preference.
-----------------------------------------------------------------

Cherry-pick diff pair 4 is -> 
{ 3589a118879ffa280a9ee66663ffc8cc04d9623e -> 77ca2541251e25e75981590c13eb3dbe5b13e177 } is a cherrypick
{ bb2aa179d0db0fb08cf2e2186a97df450a14aa93 -> 1079402bb36afb5340fab99c6c1f9eab08359829 }
Cherrypick commits SHA are -> 
77ca2541251e25e75981590c13eb3dbe5b13e177 - cherrypick - 1079402bb36afb5340fab99c6c1f9eab08359829
---> The cherrypicked commit sha is - 77ca2541251e25e75981590c13eb3dbe5b13e177
Commit message - Exposed web server functionality via sandbox API and node-webkit support
(via express).
---> The original commit sha is - 1079402bb36afb5340fab99c6c1f9eab08359829
Commit message - Exposed web server functionality via sandbox API and node-webkit support
(via express).
-----------------------------------------------------------------

Cherry-pick diff pair 5 is -> 
{ 61aade9e90092189e3f7579a97bf4c9f8d456e0a -> 8bafe3426094c1e16780113ffe8afbd3ad501acd } is a cherrypick
{ 90d6f699ca9d20b1eafdffc6329ea67471789c0b -> 3f14ef5b74fe6db3c0981641fe7147d3daa78079 }
Cherrypick commits SHA are -> 
8bafe3426094c1e16780113ffe8afbd3ad501acd - cherrypick - 3f14ef5b74fe6db3c0981641fe7147d3daa78079
---> The cherrypicked commit sha is - 8bafe3426094c1e16780113ffe8afbd3ad501acd
Commit message - Improved C++ symbol indexing support.

It's still not perfect, but it handles most code quite well.
---> The original commit sha is - 3f14ef5b74fe6db3c0981641fe7147d3daa78079
Commit message - Merge pull request #426 from 11684/master

Fixed typo in config/default/keys.json
-----------------------------------------------------------------

Cherry-pick diff pair 6 is -> 
{ 172ce01b04e234906f04c1a0c61dd3481ad2d2f3 -> 14b1226b892948dffed4a733130eb0e25fc23a48 } is a cherrypick
{ 85c8a26642b5b0162ad5733103bddcb45d493488 -> d2d7f91d489d91faa9567a97346b49374b03a2ed }
Cherrypick commits SHA are -> 
14b1226b892948dffed4a733130eb0e25fc23a48 - cherrypick - d2d7f91d489d91faa9567a97346b49374b03a2ed
---> The cherrypicked commit sha is - 14b1226b892948dffed4a733130eb0e25fc23a48
Commit message - Bugfixes in promise rewrite. Everything seems to work now.
---> The original commit sha is - d2d7f91d489d91faa9567a97346b49374b03a2ed
Commit message - Bugfixes in promise rewrite. Everything seems to work now.
-----------------------------------------------------------------

Cherry-pick diff pair 7 is -> 
{ 9426db867e7cfd88a7609d89c763594dc8fefcbf -> 172ce01b04e234906f04c1a0c61dd3481ad2d2f3 } is a cherrypick
{ e743bdc5de27b1c0539a9124cd309ae8daf6a07b -> 85c8a26642b5b0162ad5733103bddcb45d493488 }
Cherrypick commits SHA are -> 
172ce01b04e234906f04c1a0c61dd3481ad2d2f3 - cherrypick - 85c8a26642b5b0162ad5733103bddcb45d493488
---> The cherrypicked commit sha is - 172ce01b04e234906f04c1a0c61dd3481ad2d2f3
Commit message - Version bump rename
---> The original commit sha is - 85c8a26642b5b0162ad5733103bddcb45d493488
Commit message - Version bump rename
-----------------------------------------------------------------

Cherry-pick diff pair 8 is -> 
{ f15eec902060c06c40794cb860659f2e4dbf854a -> 127255e89efad6c05cbe2d6bc0d93f5bf8dc9706 } is a cherrypick
{ a0de08f1ca53688c1dffd59009327831cc27ee38 -> 20160c8c73b45ee1a13c0c071307c9282a925a8b }
Cherrypick commits SHA are -> 
127255e89efad6c05cbe2d6bc0d93f5bf8dc9706 - cherrypick - 20160c8c73b45ee1a13c0c071307c9282a925a8b
---> The cherrypicked commit sha is - 127255e89efad6c05cbe2d6bc0d93f5bf8dc9706
Commit message - Hypothetically all code rewritten to use promises (100% untested).
---> The original commit sha is - 20160c8c73b45ee1a13c0c071307c9282a925a8b
Commit message - Hypothetically all code rewritten to use promises (100% untested).
-----------------------------------------------------------------

Cherry-pick diff pair 9 is -> 
{ 566d4c08844add6d150812d928fb6ae87c6bb198 -> edaab1d82120bd1a9436a920b3a33fbf42b17018 } is a cherrypick
{ f197c3c1c94bbe2bb8cb648c7ec2fb58ab19baa1 -> c041009efd896e9474f3c2f08e9283460716fac8 }
Cherrypick commits SHA are -> 
edaab1d82120bd1a9436a920b3a33fbf42b17018 - cherrypick - c041009efd896e9474f3c2f08e9283460716fac8
---> The cherrypicked commit sha is - edaab1d82120bd1a9436a920b3a33fbf42b17018
Commit message - added/enabled Stylus mode
---> The original commit sha is - c041009efd896e9474f3c2f08e9283460716fac8
Commit message - Merge pull request #404 from lalomartins/stylus-mode

added/enabled Stylus mode
-----------------------------------------------------------------

Cherry-pick diff pair 10 is -> 
{ 81858ccc3166072aa1c1e9b5edead47def74e532 -> a6e49a01dd32e62ea391b8c40819e98055cd3f90 } is a cherrypick
{ 09d608f023a6f2c3f15b29f513c79aefe735019f -> 5e164101f671a68c252d349b0e15cfcbb00ee938 }
Cherrypick commits SHA are -> 
a6e49a01dd32e62ea391b8c40819e98055cd3f90 - cherrypick - 5e164101f671a68c252d349b0e15cfcbb00ee938
---> The cherrypicked commit sha is - a6e49a01dd32e62ea391b8c40819e98055cd3f90
Commit message - Extended the API so that it is possible to open the preview pane from within a package (#362).
---> The original commit sha is - 5e164101f671a68c252d349b0e15cfcbb00ee938
Commit message - Merge pull request #383 from akoenig/api-open-preview

API: Open a preview pane from within a package.
-----------------------------------------------------------------

Cherry-pick diff pair 11 is -> 
{ 4684dba713ba2baebe8db9cfc04631ca0595cfa7 -> c1148bd49da1d3856ed279e360c1e274865b27c6 } is a cherrypick
{ 55eda6f3b43993a2cd4cff68eb93063cf3904845 -> 09d608f023a6f2c3f15b29f513c79aefe735019f }
Cherrypick commits SHA are -> 
c1148bd49da1d3856ed279e360c1e274865b27c6 - cherrypick - 09d608f023a6f2c3f15b29f513c79aefe735019f
---> The cherrypicked commit sha is - c1148bd49da1d3856ed279e360c1e274865b27c6
Commit message - - DRY-ed the internal structure a little bit.
- Implemented a function which converts the HTTP response headers
  (string) to an object.
---> The original commit sha is - 09d608f023a6f2c3f15b29f513c79aefe735019f
Commit message - Merge pull request #381 from akoenig/http-header-conversion

Conversion of the HTTP response headers
-----------------------------------------------------------------

Cherry-pick diff pair 12 is -> 
{ 42a10ec81cc41e59a2fcef78d8b02d240430dbcb -> 44212a730cf4bf7d7fe229a52353750157ddc149 } is a cherrypick
{ 01870508d5795aefb64bc12d3297831e10bc5895 -> 5641f0fc5df4e87b24925760a2846a005031d24f }
Cherrypick commits SHA are -> 
44212a730cf4bf7d7fe229a52353750157ddc149 - cherrypick - 5641f0fc5df4e87b24925760a2846a005031d24f
---> The cherrypicked commit sha is - 44212a730cf4bf7d7fe229a52353750157ddc149
Commit message - Merge pull request #366 from akoenig/webworker-rejection-fix

Webworker rejection fix
---> The original commit sha is - 5641f0fc5df4e87b24925760a2846a005031d24f
Commit message - Merge pull request #367 from akoenig/api-http-verbs

Extended the HTTP API for performing PUT and DELETE requests.
-----------------------------------------------------------------

Cherry-pick diff pair 13 is -> 
{ 2b6015bb50196a97a4aeb4e0f60524739ed457d0 -> 0348968cf9622d234b8307dfd115ffd55fbfa825 } is a cherrypick
{ 5273e9032e86b5d0263b01a6311290c42d494525 -> 1f69c086917654cd2a60e116ffc931bd87685119 }
Cherrypick commits SHA are -> 
0348968cf9622d234b8307dfd115ffd55fbfa825 - cherrypick - 1f69c086917654cd2a60e116ffc931bd87685119
---> The cherrypicked commit sha is - 0348968cf9622d234b8307dfd115ffd55fbfa825
Commit message - add syntax highlighting for handlebars
---> The original commit sha is - 1f69c086917654cd2a60e116ffc931bd87685119
Commit message - Merge pull request #354 from chenxsan/master

add syntax highlighting for handlebars
-----------------------------------------------------------------

Cherry-pick diff pair 14 is -> 
{ ad6574fb6bedc83e496d421d11ed64dd22e2318c -> 6965bf7e9726e28baa23e6a636c7e02ef20dbc15 } is a cherrypick
{ 0b1e6e78cc6a58d7c3baab700bf80fc075369c80 -> f3dc8bfaed71d79d9582883c6752ce5d41f8cb3c }
Cherrypick commits SHA are -> 
6965bf7e9726e28baa23e6a636c7e02ef20dbc15 - cherrypick - f3dc8bfaed71d79d9582883c6752ce5d41f8cb3c
---> The cherrypicked commit sha is - 6965bf7e9726e28baa23e6a636c7e02ef20dbc15
Commit message - Don't strip whitespace in Markdown. Fixes #347

Because a double space at EOL indicates a hard line break.
---> The original commit sha is - f3dc8bfaed71d79d9582883c6752ce5d41f8cb3c
Commit message - Merge pull request #348 from robru/patch-11

Don't strip whitespace in Markdown. Fixes #347
-----------------------------------------------------------------

Cherry-pick diff pair 15 is -> 
{ 20826c0715d9fef168e2e3b0a356bbf9f2597654 -> e6d0e9ae7a278716bd201dbed3b11cf2f3629879 } is a cherrypick
{ a37224a538f5a10c824f22245b4c2ae22bc36048 -> 7cfd0885ef90503eba0b319b3350451d665eb7aa }
Cherrypick commits SHA are -> 
e6d0e9ae7a278716bd201dbed3b11cf2f3629879 - cherrypick - 7cfd0885ef90503eba0b319b3350451d665eb7aa
---> The cherrypicked commit sha is - e6d0e9ae7a278716bd201dbed3b11cf2f3629879
Commit message - Enable additional multiple cursor features

Add in “Add Above/Below Skip Current” and “Align Cursors” functionality
from ACE. Assign default key-cuts to the former.
---> The original commit sha is - 7cfd0885ef90503eba0b319b3350451d665eb7aa
Commit message - Merge pull request #332 from thebishopgame/master

Enable additional multiple cursor features
-----------------------------------------------------------------

Cherry-pick diff pair 16 is -> 
{ 6d8f46d8f10146be23f799db3aef6cd12d92e3f5 -> 7e84ffc4a281a36f0734a3edbd349e475842deb7 } is a cherrypick
{ 287e38e8b159118da4f9d4f596d86540a1a7c2fb -> 619f94cc3fef780373559e9d727c54dfdc8b516f }
Cherrypick commits SHA are -> 
7e84ffc4a281a36f0734a3edbd349e475842deb7 - cherrypick - 619f94cc3fef780373559e9d727c54dfdc8b516f
---> The cherrypicked commit sha is - 7e84ffc4a281a36f0734a3edbd349e475842deb7
Commit message - Automatically re-fetch app/ace when it is more than one month old.
---> The original commit sha is - 619f94cc3fef780373559e9d727c54dfdc8b516f
Commit message - Merge pull request #312 from robru/periodically-update-ace

Automatically re-fetch app/ace when it is more than one month old.
-----------------------------------------------------------------

Cherry-pick diff pair 17 is -> 
{ f275a19ba8c2ed3ffdf56eef485bf0665bb8930b -> 0cbc249a77bdff7130cdca60302a01c5a548f00e } is a cherrypick
{ d875bf0526a6af5c6cc950c900185c03a441a783 -> 0085bbe812bc055c6fee5b7a5efd4d456ae0f11b }
Cherrypick commits SHA are -> 
0cbc249a77bdff7130cdca60302a01c5a548f00e - cherrypick - 0085bbe812bc055c6fee5b7a5efd4d456ae0f11b
---> The cherrypicked commit sha is - 0cbc249a77bdff7130cdca60302a01c5a548f00e
Commit message - use dashes to separate keys in multi-key combination
---> The original commit sha is - 0085bbe812bc055c6fee5b7a5efd4d456ae0f11b
Commit message - Merge pull request #308 from benatkin/patch-1

use dashes to separate keys in multi-key combination
-----------------------------------------------------------------

Cherry-pick diff pair 18 is -> 
{ 76bad953e0d58db55eb44596713b3627f726de4d -> 5b04c324b34ca7934bc937dc5d1c9de7d887f6b5 } is a cherrypick
{ 8b77c4bd62d4dae8efc7deaa62037c5d3cad1c8d -> 38d169b8dfac58c0629336a4c41304aa73827ef0 }
Cherrypick commits SHA are -> 
5b04c324b34ca7934bc937dc5d1c9de7d887f6b5 - cherrypick - 38d169b8dfac58c0629336a4c41304aa73827ef0
---> The cherrypicked commit sha is - 5b04c324b34ca7934bc937dc5d1c9de7d887f6b5
Commit message - Trim whitespace from remote URLs
---> The original commit sha is - 38d169b8dfac58c0629336a4c41304aa73827ef0
Commit message - Merge pull request #300 from surma-dump/feature/trim-url

Trim whitespace from remote URLs
-----------------------------------------------------------------

Cherry-pick diff pair 19 is -> 
{ 9527d05b539d641287dfa3ba17adf103800bde7a -> 79d77818f099293add7a90968f390b8955589817 } is a cherrypick
{ 0f1b174cb0f5a433451315c491b10a091de9356e -> 8ced166460885f5af3ca17a0045fe18069916953 }
Cherrypick commits SHA are -> 
79d77818f099293add7a90968f390b8955589817 - cherrypick - 8ced166460885f5af3ca17a0045fe18069916953
---> The cherrypicked commit sha is - 79d77818f099293add7a90968f390b8955589817
Commit message - add livescript mode
---> The original commit sha is - 8ced166460885f5af3ca17a0045fe18069916953
Commit message - Merge pull request #288 from maninalift/livescript-mode

add livescript mode - take 2
-----------------------------------------------------------------

Cherry-pick diff pair 20 is -> 
{ 424ec0502443d5764c2d61c7984f69168a8d2a54 -> 1ad52cf877a5791bf14d8023c06b92e196a2d6fe } is a cherrypick
{ 394c428c60a734b9f4feba469010181738472406 -> d90142dd7b4a742247df20a9e66797b1c641cffd }
Cherrypick commits SHA are -> 
1ad52cf877a5791bf14d8023c06b92e196a2d6fe - cherrypick - d90142dd7b4a742247df20a9e66797b1c641cffd
---> The cherrypicked commit sha is - 1ad52cf877a5791bf14d8023c06b92e196a2d6fe
Commit message - Merge pull request #280 from gholtsla/master

Styling Markdown (and other) previews with Twitter's Bootstrap
---> The original commit sha is - d90142dd7b4a742247df20a9e66797b1c641cffd
Commit message - Merge pull request #282 from robru/show-fold-widgets

Command to toggle Fold Widgets.
-----------------------------------------------------------------

Cherry-pick diff pair 21 is -> 
{ fc2fd1ab79502090a038721b3384f57490abdfd8 -> 37379fcc9d15e987a482ae09a0ef498b6b9cb301 } is a cherrypick
{ 5ba60a97481c9f1599024cbbdc1a93b210045a69 -> c8734331904b122b33af91e7b6421ed654676b97 }
Cherrypick commits SHA are -> 
37379fcc9d15e987a482ae09a0ef498b6b9cb301 - cherrypick - c8734331904b122b33af91e7b6421ed654676b97
---> The cherrypicked commit sha is - 37379fcc9d15e987a482ae09a0ef498b6b9cb301
Commit message - add support for setting ace keybinding
---> The original commit sha is - c8734331904b122b33af91e7b6421ed654676b97
Commit message - Merge pull request #264 from nightwing/master

Add support for setting ace keybinding
-----------------------------------------------------------------

Cherry-pick diff pair 22 is -> 
{ 510eeeca2fafb753fbb402c232b0a803c0673a1e -> 85f9fcd90e7bf39aa490a192692a9d88dd433c4a } is a cherrypick
{ c6d66d4198230d10cf8e4903fb010802f685c352 -> fc2fd1ab79502090a038721b3384f57490abdfd8 }
Cherrypick commits SHA are -> 
85f9fcd90e7bf39aa490a192692a9d88dd433c4a - cherrypick - fc2fd1ab79502090a038721b3384f57490abdfd8
---> The cherrypicked commit sha is - 85f9fcd90e7bf39aa490a192692a9d88dd433c4a
Commit message - Added ctag support for python
---> The original commit sha is - fc2fd1ab79502090a038721b3384f57490abdfd8
Commit message - Merge pull request #259 from gholtsla/master

Added ctag indexing support for Python
-----------------------------------------------------------------

Cherry-pick diff pair 23 is -> 
{ beb4f704593b64809a88dd0d0480da6adc9369d8 -> 387d951c1a745e8e3c7179d80cff36500d34493c } is a cherrypick
{ 9fe07c777468ce243356cc3468f0870e3241a9d0 -> 082288fffdd14bcefb734114dc3f6d5c62b99027 }
Cherrypick commits SHA are -> 
387d951c1a745e8e3c7179d80cff36500d34493c - cherrypick - 082288fffdd14bcefb734114dc3f6d5c62b99027
---> The cherrypicked commit sha is - 387d951c1a745e8e3c7179d80cff36500d34493c
Commit message - Add missing doc string for new File:Copy command.
---> The original commit sha is - 082288fffdd14bcefb734114dc3f6d5c62b99027
Commit message - Merge pull request #247 from robru/patch-7

Add missing doc string for new File:Copy command.
-----------------------------------------------------------------

Cherry-pick diff pair 24 is -> 
{ 72581826ab420a994a358746049cbd3d93eb4b03 -> 46221016573471a5cf904dc5c11addaaad367998 } is a cherrypick
{ a400c0360b781b5ae3153d8f9309d5d2a967df65 -> 9cac63b5ef8464cce0d1ea4b207a392cb7662186 }
Cherrypick commits SHA are -> 
46221016573471a5cf904dc5c11addaaad367998 - cherrypick - 9cac63b5ef8464cce0d1ea4b207a392cb7662186
---> The cherrypicked commit sha is - 46221016573471a5cf904dc5c11addaaad367998
Commit message - Change heading display in zed dark theme.
---> The original commit sha is - 9cac63b5ef8464cce0d1ea4b207a392cb7662186
Commit message - Merge pull request #221 from robru/heading-theme-tweak

Change heading display in zed dark theme.
-----------------------------------------------------------------

Cherry-pick diff pair 25 is -> 
{ 542e8621282ede5cc3b868da8b61cbff517eaf07 -> 6cb0545d6c5a3bb8c9a48958b8e117eb9dc1a318 } is a cherrypick
{ 16105b77ffb2d2d57293fc6d5fe117dfc61a44cd -> 5546b1099dcf6fb75fd41f06db021bcaab337030 }
Cherrypick commits SHA are -> 
6cb0545d6c5a3bb8c9a48958b8e117eb9dc1a318 - cherrypick - 5546b1099dcf6fb75fd41f06db021bcaab337030
---> The cherrypicked commit sha is - 6cb0545d6c5a3bb8c9a48958b8e117eb9dc1a318
Commit message - A parent mode is required for each new mode
---> The original commit sha is - 5546b1099dcf6fb75fd41f06db021bcaab337030
Commit message - Merge branch 'master' of github.com:zedapp/zed
-----------------------------------------------------------------

Cherry-pick diff pair 26 is -> 
{ c90988867522d5fe5e6348f04f7244ee059786a5 -> 7996cd3a94a11c87dcd7d2dc248ff13e373eccf0 } is a cherrypick
{ bcc81c4db1cc4e769f1fade11b17adb672cd2fda -> 26ff3630de55de929e54ec1baa879669cac50a1e }
Cherrypick commits SHA are -> 
7996cd3a94a11c87dcd7d2dc248ff13e373eccf0 - cherrypick - 26ff3630de55de929e54ec1baa879669cac50a1e
---> The cherrypicked commit sha is - 7996cd3a94a11c87dcd7d2dc248ff13e373eccf0
Commit message - Merge pull request #163 from TheKiteEatingTree/autoIndentFix

Fixed auto indent on paste when pasting over a selection
---> The original commit sha is - 26ff3630de55de929e54ec1baa879669cac50a1e
Commit message - Merge branch 'master' of github.com:zedapp/zed
-----------------------------------------------------------------

Cherry-pick diff pair 27 is -> 
{ dae3de9acd54732080fd74df66323a77b9e55cb3 -> 2d4a4dd4491e5f8ef2f4e9a4f9bc63b808b682d5 } is a cherrypick
{ 007b6e7d5540f3f2792046c31690a88e67803df8 -> f8c6c3cbfafa3d04969aca78703056515f990c44 }
Cherrypick commits SHA are -> 
2d4a4dd4491e5f8ef2f4e9a4f9bc63b808b682d5 - cherrypick - f8c6c3cbfafa3d04969aca78703056515f990c44
---> The cherrypicked commit sha is - 2d4a4dd4491e5f8ef2f4e9a4f9bc63b808b682d5
Commit message - Tweaked continuous completion (#114) slightly by selecting the first completion
by default.
---> The original commit sha is - f8c6c3cbfafa3d04969aca78703056515f990c44
Commit message - Merge pull request #140 from robru/sandbox_config_int

Allow Sandbox to control integer preferences.
-----------------------------------------------------------------

Cherry-pick diff pair 28 is -> 
{ 7b24163cd22d8eab70ff85f3be1ba4636c941eb6 -> 93b9e09622de40c246a8b819e0c80ae62b929926 } is a cherrypick
{ 637bbc346ddfe3bb5d96fed0d62eaa1872dc6895 -> 2b494e399a3c1954388bad885e116e052582060d }
Cherrypick commits SHA are -> 
93b9e09622de40c246a8b819e0c80ae62b929926 - cherrypick - 2b494e399a3c1954388bad885e116e052582060d
---> The cherrypicked commit sha is - 93b9e09622de40c246a8b819e0c80ae62b929926
Commit message - Add some basic snippets for Python.
---> The original commit sha is - 2b494e399a3c1954388bad885e116e052582060d
Commit message - Merge branch 'master' into zpm
-----------------------------------------------------------------

Cherry-pick diff pair 29 is -> 
{ ae10b80a1399a0e17f689bbab9e47937ce27e7e3 -> 8110b30f10f2342f3113dcfb102329b5796ef485 } is a cherrypick
{ a05070cc544657e595214f7d7687746c57a57a9b -> 473e3d4e97e8e4c41ce1706d0cbe025987cf7a49 }
Cherrypick commits SHA are -> 
8110b30f10f2342f3113dcfb102329b5796ef485 - cherrypick - 473e3d4e97e8e4c41ce1706d0cbe025987cf7a49
---> The cherrypicked commit sha is - 8110b30f10f2342f3113dcfb102329b5796ef485
Commit message - Fix key binding for editor command.
---> The original commit sha is - 473e3d4e97e8e4c41ce1706d0cbe025987cf7a49
Commit message - Fix key binding for editor command.
-----------------------------------------------------------------

Cherry-pick diff pair 30 is -> 
{ 4a94652c71f47ed2a31057ef5a8604c78c1689d8 -> e981ee61a347fb1e09f5ea65984bf0028fd8c00f } is a cherrypick
{ a05070cc544657e595214f7d7687746c57a57a9b -> 473e3d4e97e8e4c41ce1706d0cbe025987cf7a49 }
Cherrypick commits SHA are -> 
e981ee61a347fb1e09f5ea65984bf0028fd8c00f - cherrypick - 473e3d4e97e8e4c41ce1706d0cbe025987cf7a49
---> The cherrypicked commit sha is - e981ee61a347fb1e09f5ea65984bf0028fd8c00f
Commit message - Merge pull request #60 from jieter/patch-1

Fix key binding for editor command.
---> The original commit sha is - 473e3d4e97e8e4c41ce1706d0cbe025987cf7a49
Commit message - Fix key binding for editor command.
-----------------------------------------------------------------

Cherry-pick diff pair 31 is -> 
{ ae10b80a1399a0e17f689bbab9e47937ce27e7e3 -> 8110b30f10f2342f3113dcfb102329b5796ef485 } is a cherrypick
{ 4a94652c71f47ed2a31057ef5a8604c78c1689d8 -> e981ee61a347fb1e09f5ea65984bf0028fd8c00f }
Cherrypick commits SHA are -> 
8110b30f10f2342f3113dcfb102329b5796ef485 - cherrypick - e981ee61a347fb1e09f5ea65984bf0028fd8c00f
---> The cherrypicked commit sha is - 8110b30f10f2342f3113dcfb102329b5796ef485
Commit message - Fix key binding for editor command.
---> The original commit sha is - e981ee61a347fb1e09f5ea65984bf0028fd8c00f
Commit message - Merge pull request #60 from jieter/patch-1

Fix key binding for editor command.
-----------------------------------------------------------------

Cherry-pick diff pair 32 is -> 
{ fa55c3c5c8bdb486ef1648aef85b391a4f20d73c -> 023a14bdac15a7557bf4cf9a8998578c82695d73 } is a cherrypick
{ 963debf5a14075740ed281287c490a55bcd179d8 -> 0b987fd251534ebf928d907268d71d8b47e16de9 }
Cherrypick commits SHA are -> 
023a14bdac15a7557bf4cf9a8998578c82695d73 - cherrypick - 0b987fd251534ebf928d907268d71d8b47e16de9
---> The cherrypicked commit sha is - 023a14bdac15a7557bf4cf9a8998578c82695d73
Commit message - Update configuration.md

Added `complete` event.
---> The original commit sha is - 0b987fd251534ebf928d907268d71d8b47e16de9
Commit message - Merge branch 'master' of github.com:zedapp/zed
-----------------------------------------------------------------

Cherry-pick diff pair 33 is -> 
{ 6e876c773e002287e4e8e29fd5ab338026deb544 -> b6ea9b66b69b30075c9c66bad6ff873f95610dae } is a cherrypick
{ e058201c56a306a5e179d0f1cdbef0f68d9fb0a3 -> 0112c0018f82af9ca297b14bfdc69285cf32b2d8 }
Cherrypick commits SHA are -> 
b6ea9b66b69b30075c9c66bad6ff873f95610dae - cherrypick - 0112c0018f82af9ca297b14bfdc69285cf32b2d8
---> The cherrypicked commit sha is - b6ea9b66b69b30075c9c66bad6ff873f95610dae
Commit message - Add Jack mode
---> The original commit sha is - 0112c0018f82af9ca297b14bfdc69285cf32b2d8
Commit message - Merge branch 'master' of github.com:zedapp/zed
-----------------------------------------------------------------

Cherry-pick diff pair 34 is -> 
{ 72fe69a9fc806406088e23078f9b1299154f5d7c -> 36308f6f3fdb96d6a1ca62fcb1c6ff41ab8c2091 } is a cherrypick
{ e058201c56a306a5e179d0f1cdbef0f68d9fb0a3 -> 0112c0018f82af9ca297b14bfdc69285cf32b2d8 }
Cherrypick commits SHA are -> 
36308f6f3fdb96d6a1ca62fcb1c6ff41ab8c2091 - cherrypick - 0112c0018f82af9ca297b14bfdc69285cf32b2d8
---> The cherrypicked commit sha is - 36308f6f3fdb96d6a1ca62fcb1c6ff41ab8c2091
Commit message - Merge pull request #37 from creationix/master

Add Jack mode
---> The original commit sha is - 0112c0018f82af9ca297b14bfdc69285cf32b2d8
Commit message - Merge branch 'master' of github.com:zedapp/zed
-----------------------------------------------------------------

Cherry-pick diff pair 35 is -> 
{ 6e876c773e002287e4e8e29fd5ab338026deb544 -> b6ea9b66b69b30075c9c66bad6ff873f95610dae } is a cherrypick
{ 72fe69a9fc806406088e23078f9b1299154f5d7c -> 36308f6f3fdb96d6a1ca62fcb1c6ff41ab8c2091 }
Cherrypick commits SHA are -> 
b6ea9b66b69b30075c9c66bad6ff873f95610dae - cherrypick - 36308f6f3fdb96d6a1ca62fcb1c6ff41ab8c2091
---> The cherrypicked commit sha is - b6ea9b66b69b30075c9c66bad6ff873f95610dae
Commit message - Add Jack mode
---> The original commit sha is - 36308f6f3fdb96d6a1ca62fcb1c6ff41ab8c2091
Commit message - Merge pull request #37 from creationix/master

Add Jack mode
-----------------------------------------------------------------

Cherry-pick diff pair 36 is -> 
{ 774d023eabce900000f590a9e0d48a7c943ad16e -> 611480adc6b4c5c72d061496463dffde3545a72b } is a cherrypick
{ 6fcd8f9dbe4017dc4e184ef6af7576958ce48a79 -> 8408a4224d9ec590e241bd206e4ad3b8986f8972 }
Cherrypick commits SHA are -> 
611480adc6b4c5c72d061496463dffde3545a72b - cherrypick - 8408a4224d9ec590e241bd206e4ad3b8986f8972
---> The cherrypicked commit sha is - 611480adc6b4c5c72d061496463dffde3545a72b
Commit message - Add less mode
---> The original commit sha is - 8408a4224d9ec590e241bd206e4ad3b8986f8972
Commit message - Merge branch 'master' of github.com:zedapp/zed
-----------------------------------------------------------------

Cherry-pick diff pair 37 is -> 
{ 0da52ad82bf6e8d90237f43bc461a33457dbf336 -> ad5a361a751be06d4502145535b530fffe109452 } is a cherrypick
{ 713790f4dbff0492abf780fd8508c1462f010ee6 -> 5f4b8224bb44febf22ea5657fc587122b947195f }
Cherrypick commits SHA are -> 
ad5a361a751be06d4502145535b530fffe109452 - cherrypick - 5f4b8224bb44febf22ea5657fc587122b947195f
---> The cherrypicked commit sha is - ad5a361a751be06d4502145535b530fffe109452
Commit message - New default server
---> The original commit sha is - 5f4b8224bb44febf22ea5657fc587122b947195f
Commit message - Merge pull request #12 from creationix/master

Add lua support
-----------------------------------------------------------------

Cherry-pick diff pair 38 is -> 
{ 23239c2477ed0319370a17782dd50146c28362af -> 03867b2cb5639fadb61c322a429c434552db4918 } is a cherrypick
{ ca12347894ec41ac26a061d7d7dc16840527024b -> ef51c41db6857c00eae88a2995c63a2ebb300b2c }
Cherrypick commits SHA are -> 
03867b2cb5639fadb61c322a429c434552db4918 - cherrypick - ef51c41db6857c00eae88a2995c63a2ebb300b2c
---> The cherrypicked commit sha is - 03867b2cb5639fadb61c322a429c434552db4918
Commit message - Made complete compatible with new ACE build, please rerun
download_dependencies.sh
---> The original commit sha is - ef51c41db6857c00eae88a2995c63a2ebb300b2c
Commit message - Merge branch 'master' of github.com:zefhemel/zed
-----------------------------------------------------------------

Cherry-pick diff pair 39 is -> 
{ 12e12cbab980713977509346e226999a0ff4c6f2 -> f91dd6632c806650a76909744f9a4a6cd5902d9a } is a cherrypick
{ 0457f23be2df64337ebcc1ad5c7bd08cb218d14e -> 6bfc216240e023a6c17a2a7536b726cdbe21ed4d }
Cherrypick commits SHA are -> 
f91dd6632c806650a76909744f9a4a6cd5902d9a - cherrypick - 6bfc216240e023a6c17a2a7536b726cdbe21ed4d
---> The cherrypicked commit sha is - f91dd6632c806650a76909744f9a4a6cd5902d9a
Commit message - node-webkit refactor.
---> The original commit sha is - 6bfc216240e023a6c17a2a7536b726cdbe21ed4d
Commit message - Revert "Revert "node-webkit refactor.""

This reverts commit 0457f23be2df64337ebcc1ad5c7bd08cb218d14e.
-----------------------------------------------------------------

